sysbench 1.0.17 (using bundled LuaJIT 2.1.0-beta2)

Running the test with following options:
Number of threads: 1
Initializing random number generator from current time


Extra file open flags: (none)
64 files, 128MiB each
8GiB total file size
Block size 32KiB
Number of IO requests: 0
Read/Write ratio for combined random IO test: 1.50
Calling fsync() after each write operation.
Using synchronous I/O mode
Doing random read test
Initializing worker threads...

Threads started!


File operations:
    reads/s:                      236750.27
    writes/s:                     0.00
    fsyncs/s:                     0.00

Throughput:
    read, MiB/s:                  7398.45
    written, MiB/s:               0.00

General statistics:
    total time:                          240.0001s
    total number of events:              56820427

Latency (ms):
         min:                                    0.00
         avg:                                    0.00
         max:                                    0.10
         95th percentile:                        0.00
         sum:                               227781.59

Threads fairness:
    events (avg/stddev):           56820427.0000/0.00
    execution time (avg/stddev):   227.7816/0.00

sysbench 1.0.17 (using bundled LuaJIT 2.1.0-beta2)

Running the test with following options:
Number of threads: 4
Initializing random number generator from current time


Extra file open flags: (none)
64 files, 128MiB each
8GiB total file size
Block size 32KiB
Number of IO requests: 0
Read/Write ratio for combined random IO test: 1.50
Calling fsync() after each write operation.
Using synchronous I/O mode
Doing random read test
Initializing worker threads...

Threads started!


File operations:
    reads/s:                      645018.72
    writes/s:                     0.00
    fsyncs/s:                     0.00

Throughput:
    read, MiB/s:                  20156.84
    written, MiB/s:               0.00

General statistics:
    total time:                          240.0001s
    total number of events:              154805652

Latency (ms):
         min:                                    0.00
         avg:                                    0.01
         max:                                    0.37
         95th percentile:                        0.01
         sum:                               845603.53

Threads fairness:
    events (avg/stddev):           38701413.0000/408038.32
    execution time (avg/stddev):   211.4009/1.51

sysbench 1.0.17 (using bundled LuaJIT 2.1.0-beta2)

Running the test with following options:
Number of threads: 8
Initializing random number generator from current time


Extra file open flags: (none)
64 files, 128MiB each
8GiB total file size
Block size 32KiB
Number of IO requests: 0
Read/Write ratio for combined random IO test: 1.50
Calling fsync() after each write operation.
Using synchronous I/O mode
Doing random read test
Initializing worker threads...

Threads started!


File operations:
    reads/s:                      830383.06
    writes/s:                     0.00
    fsyncs/s:                     0.00

Throughput:
    read, MiB/s:                  25949.47
    written, MiB/s:               0.00

General statistics:
    total time:                          240.0001s
    total number of events:              199293438

Latency (ms):
         min:                                    0.00
         avg:                                    0.01
         max:                                   11.83
         95th percentile:                        0.01
         sum:                              1750794.17

Threads fairness:
    events (avg/stddev):           24911679.7500/135681.62
    execution time (avg/stddev):   218.8493/0.36

sysbench 1.0.17 (using bundled LuaJIT 2.1.0-beta2)

Running the test with following options:
Number of threads: 16
Initializing random number generator from current time


Extra file open flags: (none)
64 files, 128MiB each
8GiB total file size
Block size 32KiB
Number of IO requests: 0
Read/Write ratio for combined random IO test: 1.50
Calling fsync() after each write operation.
Using synchronous I/O mode
Doing random read test
Initializing worker threads...

Threads started!


File operations:
    reads/s:                      804335.80
    writes/s:                     0.00
    fsyncs/s:                     0.00

Throughput:
    read, MiB/s:                  25135.49
    written, MiB/s:               0.00

General statistics:
    total time:                          240.0001s
    total number of events:              193041997

Latency (ms):
         min:                                    0.00
         avg:                                    0.01
         max:                                    4.66
         95th percentile:                        0.03
         sum:                              2738831.63

Threads fairness:
    events (avg/stddev):           12065124.8125/78481.77
    execution time (avg/stddev):   171.1770/0.57

sysbench 1.0.17 (using bundled LuaJIT 2.1.0-beta2)

Running the test with following options:
Number of threads: 32
Initializing random number generator from current time


Extra file open flags: (none)
64 files, 128MiB each
8GiB total file size
Block size 32KiB
Number of IO requests: 0
Read/Write ratio for combined random IO test: 1.50
Calling fsync() after each write operation.
Using synchronous I/O mode
Doing random read test
Initializing worker threads...

Threads started!


File operations:
    reads/s:                      777343.84
    writes/s:                     0.00
    fsyncs/s:                     0.00

Throughput:
    read, MiB/s:                  24291.99
    written, MiB/s:               0.00

General statistics:
    total time:                          240.0002s
    total number of events:              186563983

Latency (ms):
         min:                                    0.00
         avg:                                    0.03
         max:                                   12.94
         95th percentile:                        0.10
         sum:                              4732569.43

Threads fairness:
    events (avg/stddev):           5830124.4688/18759.90
    execution time (avg/stddev):   147.8928/0.46

sysbench 1.0.17 (using bundled LuaJIT 2.1.0-beta2)

Running the test with following options:
Number of threads: 64
Initializing random number generator from current time


Extra file open flags: (none)
64 files, 128MiB each
8GiB total file size
Block size 32KiB
Number of IO requests: 0
Read/Write ratio for combined random IO test: 1.50
Calling fsync() after each write operation.
Using synchronous I/O mode
Doing random read test
Initializing worker threads...

Threads started!


File operations:
    reads/s:                      759010.71
    writes/s:                     0.00
    fsyncs/s:                     0.00

Throughput:
    read, MiB/s:                  23719.08
    written, MiB/s:               0.00

General statistics:
    total time:                          240.0002s
    total number of events:              182164058

Latency (ms):
         min:                                    0.00
         avg:                                    0.05
         max:                                   14.25
         95th percentile:                        0.27
         sum:                              8810035.68

Threads fairness:
    events (avg/stddev):           2846313.4062/12231.74
    execution time (avg/stddev):   137.6568/0.30

