sysbench 1.0.17 (using bundled LuaJIT 2.1.0-beta2)

Running the test with following options:
Number of threads: 1
Initializing random number generator from current time


Extra file open flags: (none)
64 files, 128MiB each
8GiB total file size
Block size 32KiB
Number of IO requests: 0
Read/Write ratio for combined random IO test: 1.50
Calling fsync() after each write operation.
Using synchronous I/O mode
Doing random write test
Initializing worker threads...

Threads started!


File operations:
    reads/s:                      0.00
    writes/s:                     576.60
    fsyncs/s:                     576.60

Throughput:
    read, MiB/s:                  0.00
    written, MiB/s:               18.02

General statistics:
    total time:                          240.0006s
    total number of events:              138384

Latency (ms):
         min:                                    0.53
         avg:                                    1.73
         max:                                  178.83
         95th percentile:                        1.96
         sum:                               239899.75

Threads fairness:
    events (avg/stddev):           138384.0000/0.00
    execution time (avg/stddev):   239.8997/0.00

sysbench 1.0.17 (using bundled LuaJIT 2.1.0-beta2)

Running the test with following options:
Number of threads: 4
Initializing random number generator from current time


Extra file open flags: (none)
64 files, 128MiB each
8GiB total file size
Block size 32KiB
Number of IO requests: 0
Read/Write ratio for combined random IO test: 1.50
Calling fsync() after each write operation.
Using synchronous I/O mode
Doing random write test
Initializing worker threads...

Threads started!


File operations:
    reads/s:                      0.00
    writes/s:                     2194.09
    fsyncs/s:                     2194.09

Throughput:
    read, MiB/s:                  0.00
    written, MiB/s:               68.57

General statistics:
    total time:                          240.0002s
    total number of events:              526585

Latency (ms):
         min:                                    0.53
         avg:                                    1.82
         max:                                  163.33
         95th percentile:                        2.30
         sum:                               959525.54

Threads fairness:
    events (avg/stddev):           131646.2500/22.53
    execution time (avg/stddev):   239.8814/0.00

sysbench 1.0.17 (using bundled LuaJIT 2.1.0-beta2)

Running the test with following options:
Number of threads: 8
Initializing random number generator from current time


Extra file open flags: (none)
64 files, 128MiB each
8GiB total file size
Block size 32KiB
Number of IO requests: 0
Read/Write ratio for combined random IO test: 1.50
Calling fsync() after each write operation.
Using synchronous I/O mode
Doing random write test
Initializing worker threads...

Threads started!


File operations:
    reads/s:                      0.00
    writes/s:                     4147.96
    fsyncs/s:                     4147.96

Throughput:
    read, MiB/s:                  0.00
    written, MiB/s:               129.62

General statistics:
    total time:                          240.0003s
    total number of events:              995519

Latency (ms):
         min:                                    0.53
         avg:                                    1.93
         max:                                  129.32
         95th percentile:                        2.61
         sum:                              1918485.63

Threads fairness:
    events (avg/stddev):           124439.8750/103.42
    execution time (avg/stddev):   239.8107/0.00

sysbench 1.0.17 (using bundled LuaJIT 2.1.0-beta2)

Running the test with following options:
Number of threads: 16
Initializing random number generator from current time


Extra file open flags: (none)
64 files, 128MiB each
8GiB total file size
Block size 32KiB
Number of IO requests: 0
Read/Write ratio for combined random IO test: 1.50
Calling fsync() after each write operation.
Using synchronous I/O mode
Doing random write test
Initializing worker threads...

Threads started!


File operations:
    reads/s:                      0.00
    writes/s:                     7341.51
    fsyncs/s:                     7341.51

Throughput:
    read, MiB/s:                  0.00
    written, MiB/s:               229.42

General statistics:
    total time:                          240.0024s
    total number of events:              1761992

Latency (ms):
         min:                                    0.53
         avg:                                    2.18
         max:                                  150.01
         95th percentile:                        3.02
         sum:                              3835004.68

Threads fairness:
    events (avg/stddev):           110124.5000/77.75
    execution time (avg/stddev):   239.6878/0.00

sysbench 1.0.17 (using bundled LuaJIT 2.1.0-beta2)

Running the test with following options:
Number of threads: 32
Initializing random number generator from current time


Extra file open flags: (none)
64 files, 128MiB each
8GiB total file size
Block size 32KiB
Number of IO requests: 0
Read/Write ratio for combined random IO test: 1.50
Calling fsync() after each write operation.
Using synchronous I/O mode
Doing random write test
Initializing worker threads...

Threads started!


File operations:
    reads/s:                      0.00
    writes/s:                     7851.07
    fsyncs/s:                     7851.07

Throughput:
    read, MiB/s:                  0.00
    written, MiB/s:               245.35

General statistics:
    total time:                          240.0037s
    total number of events:              1884299

Latency (ms):
         min:                                    0.54
         avg:                                    4.07
         max:                                  148.18
         95th percentile:                        5.00
         sum:                              7672702.37

Threads fairness:
    events (avg/stddev):           58884.3438/47.73
    execution time (avg/stddev):   239.7719/0.00

sysbench 1.0.17 (using bundled LuaJIT 2.1.0-beta2)

Running the test with following options:
Number of threads: 64
Initializing random number generator from current time


Extra file open flags: (none)
64 files, 128MiB each
8GiB total file size
Block size 32KiB
Number of IO requests: 0
Read/Write ratio for combined random IO test: 1.50
Calling fsync() after each write operation.
Using synchronous I/O mode
Doing random write test
Initializing worker threads...

Threads started!


File operations:
    reads/s:                      0.00
    writes/s:                     7940.05
    fsyncs/s:                     7940.05

Throughput:
    read, MiB/s:                  0.00
    written, MiB/s:               248.13

General statistics:
    total time:                          240.0039s
    total number of events:              1905655

Latency (ms):
         min:                                    0.58
         avg:                                    8.06
         max:                                  153.03
         95th percentile:                        9.73
         sum:                             15351706.97

Threads fairness:
    events (avg/stddev):           29775.8594/24.32
    execution time (avg/stddev):   239.8704/0.00

