------------------------------------------------------------
Client connecting to 10.12.45.97, TCP port 5001
TCP window size:  325 KByte (default)
------------------------------------------------------------
[  3] local 10.12.35.199 port 51152 connected with 10.12.45.97 port 5001
[ ID] Interval       Transfer     Bandwidth
[  3]  0.0- 1.0 sec  1.12 GBytes  9.63 Gbits/sec
[  3]  1.0- 2.0 sec  1.12 GBytes  9.60 Gbits/sec
[  3]  2.0- 3.0 sec   838 MBytes  7.03 Gbits/sec
[  3]  3.0- 4.0 sec   360 MBytes  3.02 Gbits/sec
[  3]  4.0- 5.0 sec   774 MBytes  6.50 Gbits/sec
[  3]  5.0- 6.0 sec  1.11 GBytes  9.57 Gbits/sec
[  3]  6.0- 7.0 sec  1.12 GBytes  9.61 Gbits/sec
[  3]  7.0- 8.0 sec   696 MBytes  5.84 Gbits/sec
[  3]  8.0- 9.0 sec   544 MBytes  4.57 Gbits/sec
[  3]  9.0-10.0 sec  1.01 GBytes  8.71 Gbits/sec
[  3] 10.0-11.0 sec  1.10 GBytes  9.45 Gbits/sec
[  3] 11.0-12.0 sec  1.02 GBytes  8.75 Gbits/sec
[  3] 12.0-13.0 sec   651 MBytes  5.46 Gbits/sec
[  3] 13.0-14.0 sec   544 MBytes  4.56 Gbits/sec
[  3] 14.0-15.0 sec   585 MBytes  4.91 Gbits/sec
[  3] 15.0-16.0 sec   891 MBytes  7.47 Gbits/sec
[  3] 16.0-17.0 sec   683 MBytes  5.73 Gbits/sec
[  3] 17.0-18.0 sec   783 MBytes  6.57 Gbits/sec
[  3] 18.0-19.0 sec   715 MBytes  6.00 Gbits/sec
[  3] 19.0-20.0 sec  1.11 GBytes  9.49 Gbits/sec
[  3] 20.0-21.0 sec  1.04 GBytes  8.89 Gbits/sec
[  3] 21.0-22.0 sec   783 MBytes  6.57 Gbits/sec
[  3] 22.0-23.0 sec   648 MBytes  5.43 Gbits/sec
[  3] 23.0-24.0 sec   540 MBytes  4.53 Gbits/sec
[  3] 24.0-25.0 sec   530 MBytes  4.45 Gbits/sec
[  3] 25.0-26.0 sec   558 MBytes  4.68 Gbits/sec
[  3] 26.0-27.0 sec   884 MBytes  7.41 Gbits/sec
[  3] 27.0-28.0 sec   586 MBytes  4.91 Gbits/sec
[  3] 28.0-29.0 sec  1.10 GBytes  9.45 Gbits/sec
[  3] 29.0-30.0 sec  1.01 GBytes  8.69 Gbits/sec
[  3] 30.0-31.0 sec   956 MBytes  8.02 Gbits/sec
[  3] 31.0-32.0 sec   968 MBytes  8.12 Gbits/sec
[  3] 32.0-33.0 sec   476 MBytes  3.99 Gbits/sec
[  3] 33.0-34.0 sec   892 MBytes  7.48 Gbits/sec
[  3] 34.0-35.0 sec   769 MBytes  6.45 Gbits/sec
[  3] 35.0-36.0 sec   928 MBytes  7.79 Gbits/sec
[  3] 36.0-37.0 sec   979 MBytes  8.21 Gbits/sec
[  3] 37.0-38.0 sec   522 MBytes  4.38 Gbits/sec
[  3] 38.0-39.0 sec   635 MBytes  5.33 Gbits/sec
[  3] 39.0-40.0 sec   692 MBytes  5.80 Gbits/sec
[  3] 40.0-41.0 sec   471 MBytes  3.95 Gbits/sec
[  3] 41.0-42.0 sec   551 MBytes  4.63 Gbits/sec
[  3] 42.0-43.0 sec   857 MBytes  7.19 Gbits/sec
[  3] 43.0-44.0 sec   563 MBytes  4.72 Gbits/sec
[  3] 44.0-45.0 sec   569 MBytes  4.77 Gbits/sec
[  3] 45.0-46.0 sec   637 MBytes  5.35 Gbits/sec
[  3] 46.0-47.0 sec   876 MBytes  7.35 Gbits/sec
[  3] 47.0-48.0 sec   582 MBytes  4.88 Gbits/sec
[  3] 48.0-49.0 sec   454 MBytes  3.81 Gbits/sec
[  3] 49.0-50.0 sec   668 MBytes  5.60 Gbits/sec
[  3] 50.0-51.0 sec   690 MBytes  5.78 Gbits/sec
[  3] 51.0-52.0 sec   538 MBytes  4.51 Gbits/sec
[  3] 52.0-53.0 sec   474 MBytes  3.98 Gbits/sec
[  3] 53.0-54.0 sec   419 MBytes  3.51 Gbits/sec
[  3] 54.0-55.0 sec   711 MBytes  5.96 Gbits/sec
[  3] 55.0-56.0 sec   687 MBytes  5.76 Gbits/sec
[  3] 56.0-57.0 sec   673 MBytes  5.64 Gbits/sec
[  3] 57.0-58.0 sec  1008 MBytes  8.46 Gbits/sec
[  3] 58.0-59.0 sec   474 MBytes  3.98 Gbits/sec
[  3] 59.0-60.0 sec   410 MBytes  3.44 Gbits/sec
[  3]  0.0-60.0 sec  43.8 GBytes  6.27 Gbits/sec
