sysbench 1.0.17 (using bundled LuaJIT 2.1.0-beta2)

Running the test with following options:
Number of threads: 1
Initializing random number generator from current time


Extra file open flags: (none)
64 files, 128MiB each
8GiB total file size
Block size 32KiB
Number of IO requests: 0
Read/Write ratio for combined random IO test: 1.50
Calling fsync() after each write operation.
Using synchronous I/O mode
Doing random read test
Initializing worker threads...

Threads started!


File operations:
    reads/s:                      167735.80
    writes/s:                     0.00
    fsyncs/s:                     0.00

Throughput:
    read, MiB/s:                  5241.74
    written, MiB/s:               0.00

General statistics:
    total time:                          240.0001s
    total number of events:              40256919

Latency (ms):
         min:                                    0.00
         avg:                                    0.01
         max:                                    0.65
         95th percentile:                        0.01
         sum:                               228274.82

Threads fairness:
    events (avg/stddev):           40256919.0000/0.00
    execution time (avg/stddev):   228.2748/0.00

sysbench 1.0.17 (using bundled LuaJIT 2.1.0-beta2)

Running the test with following options:
Number of threads: 4
Initializing random number generator from current time


Extra file open flags: (none)
64 files, 128MiB each
8GiB total file size
Block size 32KiB
Number of IO requests: 0
Read/Write ratio for combined random IO test: 1.50
Calling fsync() after each write operation.
Using synchronous I/O mode
Doing random read test
Initializing worker threads...

Threads started!


File operations:
    reads/s:                      597113.15
    writes/s:                     0.00
    fsyncs/s:                     0.00

Throughput:
    read, MiB/s:                  18659.79
    written, MiB/s:               0.00

General statistics:
    total time:                          240.0001s
    total number of events:              143308374

Latency (ms):
         min:                                    0.00
         avg:                                    0.01
         max:                                    2.92
         95th percentile:                        0.01
         sum:                               881961.25

Threads fairness:
    events (avg/stddev):           35827093.5000/53134.95
    execution time (avg/stddev):   220.4903/0.17

sysbench 1.0.17 (using bundled LuaJIT 2.1.0-beta2)

Running the test with following options:
Number of threads: 8
Initializing random number generator from current time


Extra file open flags: (none)
64 files, 128MiB each
8GiB total file size
Block size 32KiB
Number of IO requests: 0
Read/Write ratio for combined random IO test: 1.50
Calling fsync() after each write operation.
Using synchronous I/O mode
Doing random read test
Initializing worker threads...

Threads started!


File operations:
    reads/s:                      992950.13
    writes/s:                     0.00
    fsyncs/s:                     0.00

Throughput:
    read, MiB/s:                  31029.69
    written, MiB/s:               0.00

General statistics:
    total time:                          240.0002s
    total number of events:              238310131

Latency (ms):
         min:                                    0.00
         avg:                                    0.01
         max:                                    1.40
         95th percentile:                        0.01
         sum:                              1645273.00

Threads fairness:
    events (avg/stddev):           29788766.3750/86797.37
    execution time (avg/stddev):   205.6591/0.08

sysbench 1.0.17 (using bundled LuaJIT 2.1.0-beta2)

Running the test with following options:
Number of threads: 16
Initializing random number generator from current time


Extra file open flags: (none)
64 files, 128MiB each
8GiB total file size
Block size 32KiB
Number of IO requests: 0
Read/Write ratio for combined random IO test: 1.50
Calling fsync() after each write operation.
Using synchronous I/O mode
Doing random read test
Initializing worker threads...

Threads started!


File operations:
    reads/s:                      1016896.81
    writes/s:                     0.00
    fsyncs/s:                     0.00

Throughput:
    read, MiB/s:                  31778.03
    written, MiB/s:               0.00

General statistics:
    total time:                          240.0002s
    total number of events:              244057400

Latency (ms):
         min:                                    0.00
         avg:                                    0.01
         max:                                   21.56
         95th percentile:                        0.02
         sum:                              2841481.10

Threads fairness:
    events (avg/stddev):           15253587.5000/36445.28
    execution time (avg/stddev):   177.5926/0.21

sysbench 1.0.17 (using bundled LuaJIT 2.1.0-beta2)

Running the test with following options:
Number of threads: 32
Initializing random number generator from current time


Extra file open flags: (none)
64 files, 128MiB each
8GiB total file size
Block size 32KiB
Number of IO requests: 0
Read/Write ratio for combined random IO test: 1.50
Calling fsync() after each write operation.
Using synchronous I/O mode
Doing random read test
Initializing worker threads...

Threads started!


File operations:
    reads/s:                      1010285.65
    writes/s:                     0.00
    fsyncs/s:                     0.00

Throughput:
    read, MiB/s:                  31571.43
    written, MiB/s:               0.00

General statistics:
    total time:                          240.0004s
    total number of events:              242470846

Latency (ms):
         min:                                    0.00
         avg:                                    0.02
         max:                                   26.60
         95th percentile:                        0.08
         sum:                              4823033.71

Threads fairness:
    events (avg/stddev):           7577213.9375/8799.86
    execution time (avg/stddev):   150.7198/0.08

sysbench 1.0.17 (using bundled LuaJIT 2.1.0-beta2)

Running the test with following options:
Number of threads: 64
Initializing random number generator from current time


Extra file open flags: (none)
64 files, 128MiB each
8GiB total file size
Block size 32KiB
Number of IO requests: 0
Read/Write ratio for combined random IO test: 1.50
Calling fsync() after each write operation.
Using synchronous I/O mode
Doing random read test
Initializing worker threads...

Threads started!


File operations:
    reads/s:                      1009893.61
    writes/s:                     0.00
    fsyncs/s:                     0.00

Throughput:
    read, MiB/s:                  31559.18
    written, MiB/s:               0.00

General statistics:
    total time:                          240.0006s
    total number of events:              242376974

Latency (ms):
         min:                                    0.00
         avg:                                    0.04
         max:                                   27.17
         95th percentile:                        0.21
         sum:                              8824682.43

Threads fairness:
    events (avg/stddev):           3787140.2188/4604.90
    execution time (avg/stddev):   137.8857/0.16

