sysbench 1.0.17 (using bundled LuaJIT 2.1.0-beta2)

Running the test with following options:
Number of threads: 1
Initializing random number generator from current time


Extra file open flags: (none)
64 files, 128MiB each
8GiB total file size
Block size 32KiB
Number of IO requests: 0
Read/Write ratio for combined random IO test: 1.50
Calling fsync() after each write operation.
Using synchronous I/O mode
Doing random write test
Initializing worker threads...

Threads started!


File operations:
    reads/s:                      0.00
    writes/s:                     3274.68
    fsyncs/s:                     3274.68

Throughput:
    read, MiB/s:                  0.00
    written, MiB/s:               102.33

General statistics:
    total time:                          240.0004s
    total number of events:              785930

Latency (ms):
         min:                                    0.10
         avg:                                    0.30
         max:                                   16.29
         95th percentile:                        0.42
         sum:                               239465.82

Threads fairness:
    events (avg/stddev):           785930.0000/0.00
    execution time (avg/stddev):   239.4658/0.00

sysbench 1.0.17 (using bundled LuaJIT 2.1.0-beta2)

Running the test with following options:
Number of threads: 4
Initializing random number generator from current time


Extra file open flags: (none)
64 files, 128MiB each
8GiB total file size
Block size 32KiB
Number of IO requests: 0
Read/Write ratio for combined random IO test: 1.50
Calling fsync() after each write operation.
Using synchronous I/O mode
Doing random write test
Initializing worker threads...

Threads started!


File operations:
    reads/s:                      0.00
    writes/s:                     10899.05
    fsyncs/s:                     10899.05

Throughput:
    read, MiB/s:                  0.00
    written, MiB/s:               340.60

General statistics:
    total time:                          240.0009s
    total number of events:              2615798

Latency (ms):
         min:                                    0.10
         avg:                                    0.37
         max:                                  239.09
         95th percentile:                        0.70
         sum:                               958147.08

Threads fairness:
    events (avg/stddev):           653949.5000/1556.44
    execution time (avg/stddev):   239.5368/0.00

sysbench 1.0.17 (using bundled LuaJIT 2.1.0-beta2)

Running the test with following options:
Number of threads: 8
Initializing random number generator from current time


Extra file open flags: (none)
64 files, 128MiB each
8GiB total file size
Block size 32KiB
Number of IO requests: 0
Read/Write ratio for combined random IO test: 1.50
Calling fsync() after each write operation.
Using synchronous I/O mode
Doing random write test
Initializing worker threads...

Threads started!


File operations:
    reads/s:                      0.00
    writes/s:                     11330.73
    fsyncs/s:                     11330.73

Throughput:
    read, MiB/s:                  0.00
    written, MiB/s:               354.09

General statistics:
    total time:                          240.0006s
    total number of events:              2719401

Latency (ms):
         min:                                    0.10
         avg:                                    0.71
         max:                                  274.55
         95th percentile:                        1.12
         sum:                              1917687.74

Threads fairness:
    events (avg/stddev):           339925.1250/929.18
    execution time (avg/stddev):   239.7110/0.00

sysbench 1.0.17 (using bundled LuaJIT 2.1.0-beta2)

Running the test with following options:
Number of threads: 16
Initializing random number generator from current time


Extra file open flags: (none)
64 files, 128MiB each
8GiB total file size
Block size 32KiB
Number of IO requests: 0
Read/Write ratio for combined random IO test: 1.50
Calling fsync() after each write operation.
Using synchronous I/O mode
Doing random write test
Initializing worker threads...

Threads started!


File operations:
    reads/s:                      0.00
    writes/s:                     11533.77
    fsyncs/s:                     11533.77

Throughput:
    read, MiB/s:                  0.00
    written, MiB/s:               360.43

General statistics:
    total time:                          240.0019s
    total number of events:              2768145

Latency (ms):
         min:                                    0.10
         avg:                                    1.39
         max:                                  647.05
         95th percentile:                        3.49
         sum:                              3835784.14

Threads fairness:
    events (avg/stddev):           173009.0625/188.14
    execution time (avg/stddev):   239.7365/0.00

sysbench 1.0.17 (using bundled LuaJIT 2.1.0-beta2)

Running the test with following options:
Number of threads: 32
Initializing random number generator from current time


Extra file open flags: (none)
64 files, 128MiB each
8GiB total file size
Block size 32KiB
Number of IO requests: 0
Read/Write ratio for combined random IO test: 1.50
Calling fsync() after each write operation.
Using synchronous I/O mode
Doing random write test
Initializing worker threads...

Threads started!


File operations:
    reads/s:                      0.00
    writes/s:                     12011.25
    fsyncs/s:                     12011.25

Throughput:
    read, MiB/s:                  0.00
    written, MiB/s:               375.35

General statistics:
    total time:                          240.0048s
    total number of events:              2882779

Latency (ms):
         min:                                    0.11
         avg:                                    2.66
         max:                                   91.15
         95th percentile:                        7.30
         sum:                              7673639.36

Threads fairness:
    events (avg/stddev):           90086.8438/196.70
    execution time (avg/stddev):   239.8012/0.00

sysbench 1.0.17 (using bundled LuaJIT 2.1.0-beta2)

Running the test with following options:
Number of threads: 64
Initializing random number generator from current time


Extra file open flags: (none)
64 files, 128MiB each
8GiB total file size
Block size 32KiB
Number of IO requests: 0
Read/Write ratio for combined random IO test: 1.50
Calling fsync() after each write operation.
Using synchronous I/O mode
Doing random write test
Initializing worker threads...

Threads started!


File operations:
    reads/s:                      0.00
    writes/s:                     12129.43
    fsyncs/s:                     12129.43

Throughput:
    read, MiB/s:                  0.00
    written, MiB/s:               379.04

General statistics:
    total time:                          240.0127s
    total number of events:              2911237

Latency (ms):
         min:                                    0.11
         avg:                                    5.27
         max:                                  657.26
         95th percentile:                       13.22
         sum:                             15350770.47

Threads fairness:
    events (avg/stddev):           45488.0781/113.86
    execution time (avg/stddev):   239.8558/0.00

