sysbench 1.0.17 (using bundled LuaJIT 2.1.0-beta2)

Running the test with following options:
Number of threads: 1
Initializing random number generator from current time


Extra file open flags: (none)
64 files, 128MiB each
8GiB total file size
Block size 32KiB
Number of IO requests: 0
Read/Write ratio for combined random IO test: 1.50
Calling fsync() after each write operation.
Using synchronous I/O mode
Doing random read test
Initializing worker threads...

Threads started!


File operations:
    reads/s:                      893833.47
    writes/s:                     0.00
    fsyncs/s:                     0.00

Throughput:
    read, MiB/s:                  27932.30
    written, MiB/s:               0.00

General statistics:
    total time:                          240.0002s
    total number of events:              214522044

Latency (ms):
         min:                                    0.00
         avg:                                    0.01
         max:                                   38.19
         95th percentile:                        0.02
         sum:                              3068019.57

Threads fairness:
    events (avg/stddev):           13407627.7500/30344.50
    execution time (avg/stddev):   191.7512/0.12

sysbench 1.0.17 (using bundled LuaJIT 2.1.0-beta2)

Running the test with following options:
Number of threads: 32
Initializing random number generator from current time


Extra file open flags: (none)
64 files, 128MiB each
8GiB total file size
Block size 32KiB
Number of IO requests: 0
Read/Write ratio for combined random IO test: 1.50
Calling fsync() after each write operation.
Using synchronous I/O mode
Doing random read test
Initializing worker threads...

Threads started!


File operations:
    reads/s:                      135760.40
    writes/s:                     0.00
    fsyncs/s:                     0.00

Throughput:
    read, MiB/s:                  4242.51
    written, MiB/s:               0.00

General statistics:
    total time:                          240.0001s
    total number of events:              32582811

Latency (ms):
         min:                                    0.00
         avg:                                    0.01
         max:                                   11.47
         95th percentile:                        0.01
         sum:                               228619.57

Threads fairness:
    events (avg/stddev):           32582811.0000/0.00
    execution time (avg/stddev):   228.6196/0.00

sysbench 1.0.17 (using bundled LuaJIT 2.1.0-beta2)

Running the test with following options:
Number of threads: 4
Initializing random number generator from current time


Extra file open flags: (none)
64 files, 128MiB each
8GiB total file size
Block size 32KiB
Number of IO requests: 0
Read/Write ratio for combined random IO test: 1.50
Calling fsync() after each write operation.
Using synchronous I/O mode
Doing random read test
Initializing worker threads...

Threads started!


File operations:
    reads/s:                      1099598.96
    writes/s:                     0.00
    fsyncs/s:                     0.00

Throughput:
    read, MiB/s:                  34362.47
    written, MiB/s:               0.00

General statistics:
    total time:                          240.0003s
    total number of events:              263906238

Latency (ms):
         min:                                    0.00
         avg:                                    0.02
         max:                                   42.14
         95th percentile:                        0.05
         sum:                              5004956.88

Threads fairness:
    events (avg/stddev):           8247069.9375/23377.05
    execution time (avg/stddev):   156.4049/0.18

sysbench 1.0.17 (using bundled LuaJIT 2.1.0-beta2)

Running the test with following options:
Number of threads: 64
Initializing random number generator from current time


Extra file open flags: (none)
64 files, 128MiB each
8GiB total file size
Block size 32KiB
Number of IO requests: 0
Read/Write ratio for combined random IO test: 1.50
Calling fsync() after each write operation.
Using synchronous I/O mode
Doing random read test
Initializing worker threads...

Threads started!


File operations:
    reads/s:                      245739.69
    writes/s:                     0.00
    fsyncs/s:                     0.00

Throughput:
    read, MiB/s:                  7679.37
    written, MiB/s:               0.00

General statistics:
    total time:                          240.0005s
    total number of events:              58978119

Latency (ms):
         min:                                    0.00
         avg:                                    0.02
         max:                                   72.03
         95th percentile:                        0.01
         sum:                               906211.06

Threads fairness:
    events (avg/stddev):           14744529.7500/80162.91
    execution time (avg/stddev):   226.5528/0.14

sysbench 1.0.17 (using bundled LuaJIT 2.1.0-beta2)

Running the test with following options:
Number of threads: 8
Initializing random number generator from current time


Extra file open flags: (none)
64 files, 128MiB each
8GiB total file size
Block size 32KiB
Number of IO requests: 0
Read/Write ratio for combined random IO test: 1.50
Calling fsync() after each write operation.
Using synchronous I/O mode
Doing random read test
Initializing worker threads...

Threads started!


File operations:
    reads/s:                      1122883.57
    writes/s:                     0.00
    fsyncs/s:                     0.00

Throughput:
    read, MiB/s:                  35090.11
    written, MiB/s:               0.00

General statistics:
    total time:                          240.0006s
    total number of events:              269494909

Latency (ms):
         min:                                    0.00
         avg:                                    0.03
         max:                                   89.58
         95th percentile:                        0.09
         sum:                              9140158.43

Threads fairness:
    events (avg/stddev):           4210857.9531/11028.09
    execution time (avg/stddev):   142.8150/0.27


File operations:
    reads/s:                      525014.88
    writes/s:                     0.00
    fsyncs/s:                     0.00

Throughput:
    read, MiB/s:                  16406.71
    written, MiB/s:               0.00

General statistics:
    total time:                          240.0080s
    total number of events:              126008889

Latency (ms):
         min:                                    0.00
         avg:                                    0.01
         max:                                   71.35
         95th percentile:                        0.01
         sum:                              1687382.42

Threads fairness:
    events (avg/stddev):           15751111.1250/99292.06
    execution time (avg/stddev):   210.9228/0.67

sysbench 1.0.17 (using bundled LuaJIT 2.1.0-beta2)

Running the test with following options:
Number of threads: 16
Initializing random number generator from current time


Extra file open flags: (none)
64 files, 128MiB each
8GiB total file size
Block size 32KiB
Number of IO requests: 0
Read/Write ratio for combined random IO test: 1.50
Calling fsync() after each write operation.
Using synchronous I/O mode
Doing random read test
Initializing worker threads...

Threads started!


File operations:
    reads/s:                      1055285.74
    writes/s:                     0.00
    fsyncs/s:                     0.00

Throughput:
    read, MiB/s:                  32977.68
    written, MiB/s:               0.00

General statistics:
    total time:                          240.0001s
    total number of events:              253271113

Latency (ms):
         min:                                    0.00
         avg:                                    0.01
         max:                                   22.77
         95th percentile:                        0.02
         sum:                              2962798.89

Threads fairness:
    events (avg/stddev):           15829444.5625/30670.56
    execution time (avg/stddev):   185.1749/0.19

sysbench 1.0.17 (using bundled LuaJIT 2.1.0-beta2)

Running the test with following options:
Number of threads: 32
Initializing random number generator from current time


Extra file open flags: (none)
64 files, 128MiB each
8GiB total file size
Block size 32KiB
Number of IO requests: 0
Read/Write ratio for combined random IO test: 1.50
Calling fsync() after each write operation.
Using synchronous I/O mode
Doing random read test
Initializing worker threads...

Threads started!


File operations:
    reads/s:                      1073117.67
    writes/s:                     0.00
    fsyncs/s:                     0.00

Throughput:
    read, MiB/s:                  33534.93
    written, MiB/s:               0.00

General statistics:
    total time:                          240.0003s
    total number of events:              257550703

Latency (ms):
         min:                                    0.00
         avg:                                    0.02
         max:                                  138.59
         95th percentile:                        0.07
         sum:                              5042780.36

Threads fairness:
    events (avg/stddev):           8048459.4688/12297.26
    execution time (avg/stddev):   157.5869/0.16

sysbench 1.0.17 (using bundled LuaJIT 2.1.0-beta2)

Running the test with following options:
Number of threads: 64
Initializing random number generator from current time


Extra file open flags: (none)
64 files, 128MiB each
8GiB total file size
Block size 32KiB
Number of IO requests: 0
Read/Write ratio for combined random IO test: 1.50
Calling fsync() after each write operation.
Using synchronous I/O mode
Doing random read test
Initializing worker threads...

Threads started!


File operations:
    reads/s:                      1092601.80
    writes/s:                     0.00
    fsyncs/s:                     0.00

Throughput:
    read, MiB/s:                  34143.81
    written, MiB/s:               0.00

General statistics:
    total time:                          240.0005s
    total number of events:              262227168

Latency (ms):
         min:                                    0.00
         avg:                                    0.04
         max:                                  106.51
         95th percentile:                        0.17
         sum:                              9400724.07

Threads fairness:
    events (avg/stddev):           4097299.5000/9688.51
    execution time (avg/stddev):   146.8863/0.22

