sysbench 1.0.17 (using bundled LuaJIT 2.1.0-beta2)

Running the test with following options:
Number of threads: 1
Initializing random number generator from current time


Extra file open flags: (none)
64 files, 128MiB each
8GiB total file size
Block size 32KiB
Number of IO requests: 0
Read/Write ratio for combined random IO test: 1.50
Calling fsync() after each write operation.
Using synchronous I/O mode
Doing random write test
Initializing worker threads...

Threads started!


File operations:
    reads/s:                      0.00
    writes/s:                     1793.05
    fsyncs/s:                     1793.05

Throughput:
    read, MiB/s:                  0.00
    written, MiB/s:               56.03

General statistics:
    total time:                          240.0006s
    total number of events:              430337

Latency (ms):
         min:                                    0.11
         avg:                                    0.56
         max:                                  139.81
         95th percentile:                        1.08
         sum:                               239390.25

Threads fairness:
    events (avg/stddev):           430337.0000/0.00
    execution time (avg/stddev):   239.3903/0.00

sysbench 1.0.17 (using bundled LuaJIT 2.1.0-beta2)

Running the test with following options:
Number of threads: 4
Initializing random number generator from current time


Extra file open flags: (none)
64 files, 128MiB each
8GiB total file size
Block size 32KiB
Number of IO requests: 0
Read/Write ratio for combined random IO test: 1.50
Calling fsync() after each write operation.
Using synchronous I/O mode
Doing random write test
Initializing worker threads...

Threads started!


File operations:
    reads/s:                      0.00
    writes/s:                     5615.51
    fsyncs/s:                     5615.51

Throughput:
    read, MiB/s:                  0.00
    written, MiB/s:               175.48

General statistics:
    total time:                          240.0017s
    total number of events:              1347744

Latency (ms):
         min:                                    0.09
         avg:                                    0.71
         max:                                   81.04
         95th percentile:                        1.52
         sum:                               958357.02

Threads fairness:
    events (avg/stddev):           336936.0000/228.81
    execution time (avg/stddev):   239.5893/0.01

sysbench 1.0.17 (using bundled LuaJIT 2.1.0-beta2)

Running the test with following options:
Number of threads: 8
Initializing random number generator from current time


Extra file open flags: (none)
64 files, 128MiB each
8GiB total file size
Block size 32KiB
Number of IO requests: 0
Read/Write ratio for combined random IO test: 1.50
Calling fsync() after each write operation.
Using synchronous I/O mode
Doing random write test
Initializing worker threads...

Threads started!

