sysbench 1.0.17 (using bundled LuaJIT 2.1.0-beta2)

Running the test with following options:
Number of threads: 1
Initializing random number generator from current time


Extra file open flags: (none)
64 files, 128MiB each
8GiB total file size
Block size 32KiB
Number of IO requests: 0
Read/Write ratio for combined random IO test: 1.50
Calling fsync() after each write operation.
Using synchronous I/O mode
Doing random read test
Initializing worker threads...

Threads started!


File operations:
    reads/s:                      235500.47
    writes/s:                     0.00
    fsyncs/s:                     0.00

Throughput:
    read, MiB/s:                  7359.39
    written, MiB/s:               0.00

General statistics:
    total time:                          240.0001s
    total number of events:              56520510

Latency (ms):
         min:                                    0.00
         avg:                                    0.00
         max:                                    0.11
         95th percentile:                        0.00
         sum:                               227890.06

Threads fairness:
    events (avg/stddev):           56520510.0000/0.00
    execution time (avg/stddev):   227.8901/0.00

sysbench 1.0.17 (using bundled LuaJIT 2.1.0-beta2)

Running the test with following options:
Number of threads: 4
Initializing random number generator from current time


Extra file open flags: (none)
64 files, 128MiB each
8GiB total file size
Block size 32KiB
Number of IO requests: 0
Read/Write ratio for combined random IO test: 1.50
Calling fsync() after each write operation.
Using synchronous I/O mode
Doing random read test
Initializing worker threads...

Threads started!


File operations:
    reads/s:                      621886.32
    writes/s:                     0.00
    fsyncs/s:                     0.00

Throughput:
    read, MiB/s:                  19433.95
    written, MiB/s:               0.00

General statistics:
    total time:                          240.0001s
    total number of events:              149253872

Latency (ms):
         min:                                    0.00
         avg:                                    0.01
         max:                                    0.31
         95th percentile:                        0.01
         sum:                               858961.17

Threads fairness:
    events (avg/stddev):           37313468.0000/363321.61
    execution time (avg/stddev):   214.7403/0.33

sysbench 1.0.17 (using bundled LuaJIT 2.1.0-beta2)

Running the test with following options:
Number of threads: 8
Initializing random number generator from current time


Extra file open flags: (none)
64 files, 128MiB each
8GiB total file size
Block size 32KiB
Number of IO requests: 0
Read/Write ratio for combined random IO test: 1.50
Calling fsync() after each write operation.
Using synchronous I/O mode
Doing random read test
Initializing worker threads...

Threads started!


File operations:
    reads/s:                      829605.70
    writes/s:                     0.00
    fsyncs/s:                     0.00

Throughput:
    read, MiB/s:                  25925.18
    written, MiB/s:               0.00

General statistics:
    total time:                          240.0001s
    total number of events:              199106823

Latency (ms):
         min:                                    0.00
         avg:                                    0.01
         max:                                   14.70
         95th percentile:                        0.01
         sum:                              1749620.74

Threads fairness:
    events (avg/stddev):           24888352.8750/108029.79
    execution time (avg/stddev):   218.7026/0.39

sysbench 1.0.17 (using bundled LuaJIT 2.1.0-beta2)

Running the test with following options:
Number of threads: 16
Initializing random number generator from current time


Extra file open flags: (none)
64 files, 128MiB each
8GiB total file size
Block size 32KiB
Number of IO requests: 0
Read/Write ratio for combined random IO test: 1.50
Calling fsync() after each write operation.
Using synchronous I/O mode
Doing random read test
Initializing worker threads...

Threads started!


File operations:
    reads/s:                      802457.14
    writes/s:                     0.00
    fsyncs/s:                     0.00

Throughput:
    read, MiB/s:                  25076.79
    written, MiB/s:               0.00

General statistics:
    total time:                          240.0001s
    total number of events:              192591100

Latency (ms):
         min:                                    0.00
         avg:                                    0.01
         max:                                    8.63
         95th percentile:                        0.03
         sum:                              2732302.54

Threads fairness:
    events (avg/stddev):           12036943.7500/67585.52
    execution time (avg/stddev):   170.7689/0.49

sysbench 1.0.17 (using bundled LuaJIT 2.1.0-beta2)

Running the test with following options:
Number of threads: 32
Initializing random number generator from current time


Extra file open flags: (none)
64 files, 128MiB each
8GiB total file size
Block size 32KiB
Number of IO requests: 0
Read/Write ratio for combined random IO test: 1.50
Calling fsync() after each write operation.
Using synchronous I/O mode
Doing random read test
Initializing worker threads...

Threads started!


File operations:
    reads/s:                      772158.51
    writes/s:                     0.00
    fsyncs/s:                     0.00

Throughput:
    read, MiB/s:                  24129.95
    written, MiB/s:               0.00

General statistics:
    total time:                          240.0002s
    total number of events:              185319443

Latency (ms):
         min:                                    0.00
         avg:                                    0.03
         max:                                    8.10
         95th percentile:                        0.10
         sum:                              4724833.82

Threads fairness:
    events (avg/stddev):           5791232.5938/15449.27
    execution time (avg/stddev):   147.6511/0.44

sysbench 1.0.17 (using bundled LuaJIT 2.1.0-beta2)

Running the test with following options:
Number of threads: 64
Initializing random number generator from current time


Extra file open flags: (none)
64 files, 128MiB each
8GiB total file size
Block size 32KiB
Number of IO requests: 0
Read/Write ratio for combined random IO test: 1.50
Calling fsync() after each write operation.
Using synchronous I/O mode
Doing random read test
Initializing worker threads...

Threads started!


File operations:
    reads/s:                      776543.68
    writes/s:                     0.00
    fsyncs/s:                     0.00

Throughput:
    read, MiB/s:                  24266.99
    written, MiB/s:               0.00

General statistics:
    total time:                          240.0003s
    total number of events:              186371995

Latency (ms):
         min:                                    0.00
         avg:                                    0.05
         max:                                   15.00
         95th percentile:                        0.27
         sum:                              8876572.44

Threads fairness:
    events (avg/stddev):           2912062.4219/11512.17
    execution time (avg/stddev):   138.6964/0.30

