sysbench 1.0.17 (using bundled LuaJIT 2.1.0-beta2)

Running the test with following options:
Number of threads: 1
Initializing random number generator from current time


Extra file open flags: (none)
64 files, 128MiB each
8GiB total file size
Block size 32KiB
Number of IO requests: 0
Read/Write ratio for combined random IO test: 1.50
Calling fsync() after each write operation.
Using synchronous I/O mode
Doing random write test
Initializing worker threads...

Threads started!


File operations:
    reads/s:                      0.00
    writes/s:                     6150.17
    fsyncs/s:                     6150.17

Throughput:
    read, MiB/s:                  0.00
    written, MiB/s:               192.19

General statistics:
    total time:                          240.0001s
    total number of events:              1476052

Latency (ms):
         min:                                    0.06
         avg:                                    0.16
         max:                                    5.16
         95th percentile:                        0.20
         sum:                               239321.92

Threads fairness:
    events (avg/stddev):           1476052.0000/0.00
    execution time (avg/stddev):   239.3219/0.00

sysbench 1.0.17 (using bundled LuaJIT 2.1.0-beta2)

Running the test with following options:
Number of threads: 4
Initializing random number generator from current time


Extra file open flags: (none)
64 files, 128MiB each
8GiB total file size
Block size 32KiB
Number of IO requests: 0
Read/Write ratio for combined random IO test: 1.50
Calling fsync() after each write operation.
Using synchronous I/O mode
Doing random write test
Initializing worker threads...

Threads started!


File operations:
    reads/s:                      0.00
    writes/s:                     14333.50
    fsyncs/s:                     14333.50

Throughput:
    read, MiB/s:                  0.00
    written, MiB/s:               447.92

General statistics:
    total time:                          240.0004s
    total number of events:              3440070

Latency (ms):
         min:                                    0.06
         avg:                                    0.28
         max:                                    3.23
         95th percentile:                        0.56
         sum:                               957701.43

Threads fairness:
    events (avg/stddev):           860017.5000/621.64
    execution time (avg/stddev):   239.4254/0.00

sysbench 1.0.17 (using bundled LuaJIT 2.1.0-beta2)

Running the test with following options:
Number of threads: 8
Initializing random number generator from current time


Extra file open flags: (none)
64 files, 128MiB each
8GiB total file size
Block size 32KiB
Number of IO requests: 0
Read/Write ratio for combined random IO test: 1.50
Calling fsync() after each write operation.
Using synchronous I/O mode
Doing random write test
Initializing worker threads...

Threads started!


File operations:
    reads/s:                      0.00
    writes/s:                     14640.89
    fsyncs/s:                     14640.89

Throughput:
    read, MiB/s:                  0.00
    written, MiB/s:               457.53

General statistics:
    total time:                          240.0007s
    total number of events:              3513849

Latency (ms):
         min:                                    0.06
         avg:                                    0.55
         max:                                    5.33
         95th percentile:                        1.06
         sum:                              1917163.92

Threads fairness:
    events (avg/stddev):           439231.1250/332.00
    execution time (avg/stddev):   239.6455/0.00

sysbench 1.0.17 (using bundled LuaJIT 2.1.0-beta2)

Running the test with following options:
Number of threads: 16
Initializing random number generator from current time


Extra file open flags: (none)
64 files, 128MiB each
8GiB total file size
Block size 32KiB
Number of IO requests: 0
Read/Write ratio for combined random IO test: 1.50
Calling fsync() after each write operation.
Using synchronous I/O mode
Doing random write test
Initializing worker threads...

Threads started!


File operations:
    reads/s:                      0.00
    writes/s:                     15005.02
    fsyncs/s:                     15005.02

Throughput:
    read, MiB/s:                  0.00
    written, MiB/s:               468.91

General statistics:
    total time:                          240.0007s
    total number of events:              3601240

Latency (ms):
         min:                                    0.06
         avg:                                    1.06
         max:                                    5.98
         95th percentile:                        2.03
         sum:                              3835183.62

Threads fairness:
    events (avg/stddev):           225077.5000/206.31
    execution time (avg/stddev):   239.6990/0.00

sysbench 1.0.17 (using bundled LuaJIT 2.1.0-beta2)

Running the test with following options:
Number of threads: 32
Initializing random number generator from current time


Extra file open flags: (none)
64 files, 128MiB each
8GiB total file size
Block size 32KiB
Number of IO requests: 0
Read/Write ratio for combined random IO test: 1.50
Calling fsync() after each write operation.
Using synchronous I/O mode
Doing random write test
Initializing worker threads...

Threads started!


File operations:
    reads/s:                      0.00
    writes/s:                     15361.06
    fsyncs/s:                     15361.06

Throughput:
    read, MiB/s:                  0.00
    written, MiB/s:               480.03

General statistics:
    total time:                          240.0032s
    total number of events:              3686728

Latency (ms):
         min:                                    0.06
         avg:                                    2.08
         max:                                   13.09
         95th percentile:                        3.82
         sum:                              7672424.52

Threads fairness:
    events (avg/stddev):           115210.2500/181.36
    execution time (avg/stddev):   239.7633/0.00

sysbench 1.0.17 (using bundled LuaJIT 2.1.0-beta2)

Running the test with following options:
Number of threads: 64
Initializing random number generator from current time


Extra file open flags: (none)
64 files, 128MiB each
8GiB total file size
Block size 32KiB
Number of IO requests: 0
Read/Write ratio for combined random IO test: 1.50
Calling fsync() after each write operation.
Using synchronous I/O mode
Doing random write test
Initializing worker threads...

Threads started!


File operations:
    reads/s:                      0.00
    writes/s:                     15655.19
    fsyncs/s:                     15655.19

Throughput:
    read, MiB/s:                  0.00
    written, MiB/s:               489.22

General statistics:
    total time:                          240.0017s
    total number of events:              3757296

Latency (ms):
         min:                                    0.06
         avg:                                    4.08
         max:                                   22.68
         95th percentile:                        7.17
         sum:                             15345675.77

Threads fairness:
    events (avg/stddev):           58707.7500/89.99
    execution time (avg/stddev):   239.7762/0.00

