sysbench 1.0.17 (using bundled LuaJIT 2.1.0-beta2)

Running the test with following options:
Number of threads: 1
Initializing random number generator from current time


Extra file open flags: (none)
64 files, 128MiB each
8GiB total file size
Block size 32KiB
Number of IO requests: 0
Read/Write ratio for combined random IO test: 1.50
Calling fsync() after each write operation.
Using synchronous I/O mode
Doing random read test
Initializing worker threads...

Threads started!


File operations:
    reads/s:                      207544.84
    writes/s:                     0.00
    fsyncs/s:                     0.00

Throughput:
    read, MiB/s:                  6485.78
    written, MiB/s:               0.00

General statistics:
    total time:                          240.0001s
    total number of events:              49811067

Latency (ms):
         min:                                    0.00
         avg:                                    0.00
         max:                                    0.03
         95th percentile:                        0.01
         sum:                               228526.17

Threads fairness:
    events (avg/stddev):           49811067.0000/0.00
    execution time (avg/stddev):   228.5262/0.00

sysbench 1.0.17 (using bundled LuaJIT 2.1.0-beta2)

Running the test with following options:
Number of threads: 4
Initializing random number generator from current time


Extra file open flags: (none)
64 files, 128MiB each
8GiB total file size
Block size 32KiB
Number of IO requests: 0
Read/Write ratio for combined random IO test: 1.50
Calling fsync() after each write operation.
Using synchronous I/O mode
Doing random read test
Initializing worker threads...

Threads started!


File operations:
    reads/s:                      680264.53
    writes/s:                     0.00
    fsyncs/s:                     0.00

Throughput:
    read, MiB/s:                  21258.27
    written, MiB/s:               0.00

General statistics:
    total time:                          240.0001s
    total number of events:              163264512

Latency (ms):
         min:                                    0.00
         avg:                                    0.01
         max:                                    0.21
         95th percentile:                        0.01
         sum:                               865717.91

Threads fairness:
    events (avg/stddev):           40816128.0000/530280.49
    execution time (avg/stddev):   216.4295/0.30

sysbench 1.0.17 (using bundled LuaJIT 2.1.0-beta2)

Running the test with following options:
Number of threads: 8
Initializing random number generator from current time


Extra file open flags: (none)
64 files, 128MiB each
8GiB total file size
Block size 32KiB
Number of IO requests: 0
Read/Write ratio for combined random IO test: 1.50
Calling fsync() after each write operation.
Using synchronous I/O mode
Doing random read test
Initializing worker threads...

Threads started!


File operations:
    reads/s:                      1034437.33
    writes/s:                     0.00
    fsyncs/s:                     0.00

Throughput:
    read, MiB/s:                  32326.17
    written, MiB/s:               0.00

General statistics:
    total time:                          240.0001s
    total number of events:              248266493

Latency (ms):
         min:                                    0.00
         avg:                                    0.01
         max:                                    0.22
         95th percentile:                        0.01
         sum:                              1586584.02

Threads fairness:
    events (avg/stddev):           31033311.6250/743033.68
    execution time (avg/stddev):   198.3230/1.54

sysbench 1.0.17 (using bundled LuaJIT 2.1.0-beta2)

Running the test with following options:
Number of threads: 16
Initializing random number generator from current time


Extra file open flags: (none)
64 files, 128MiB each
8GiB total file size
Block size 32KiB
Number of IO requests: 0
Read/Write ratio for combined random IO test: 1.50
Calling fsync() after each write operation.
Using synchronous I/O mode
Doing random read test
Initializing worker threads...

Threads started!


File operations:
    reads/s:                      928112.27
    writes/s:                     0.00
    fsyncs/s:                     0.00

Throughput:
    read, MiB/s:                  29003.51
    written, MiB/s:               0.00

General statistics:
    total time:                          240.0001s
    total number of events:              222748386

Latency (ms):
         min:                                    0.00
         avg:                                    0.01
         max:                                    1.12
         95th percentile:                        0.03
         sum:                              2597445.70

Threads fairness:
    events (avg/stddev):           13921774.1250/23152.81
    execution time (avg/stddev):   162.3404/0.18

sysbench 1.0.17 (using bundled LuaJIT 2.1.0-beta2)

Running the test with following options:
Number of threads: 32
Initializing random number generator from current time


Extra file open flags: (none)
64 files, 128MiB each
8GiB total file size
Block size 32KiB
Number of IO requests: 0
Read/Write ratio for combined random IO test: 1.50
Calling fsync() after each write operation.
Using synchronous I/O mode
Doing random read test
Initializing worker threads...

Threads started!


File operations:
    reads/s:                      989833.68
    writes/s:                     0.00
    fsyncs/s:                     0.00

Throughput:
    read, MiB/s:                  30932.30
    written, MiB/s:               0.00

General statistics:
    total time:                          240.0001s
    total number of events:              237561688

Latency (ms):
         min:                                    0.00
         avg:                                    0.02
         max:                                    3.77
         95th percentile:                        0.08
         sum:                              4620179.45

Threads fairness:
    events (avg/stddev):           7423802.7500/7794.75
    execution time (avg/stddev):   144.3806/0.12

sysbench 1.0.17 (using bundled LuaJIT 2.1.0-beta2)

Running the test with following options:
Number of threads: 64
Initializing random number generator from current time


Extra file open flags: (none)
64 files, 128MiB each
8GiB total file size
Block size 32KiB
Number of IO requests: 0
Read/Write ratio for combined random IO test: 1.50
Calling fsync() after each write operation.
Using synchronous I/O mode
Doing random read test
Initializing worker threads...

Threads started!


File operations:
    reads/s:                      973348.35
    writes/s:                     0.00
    fsyncs/s:                     0.00

Throughput:
    read, MiB/s:                  30417.14
    written, MiB/s:               0.00

General statistics:
    total time:                          240.0002s
    total number of events:              233605190

Latency (ms):
         min:                                    0.00
         avg:                                    0.04
         max:                                   41.50
         95th percentile:                        0.21
         sum:                              8634676.54

Threads fairness:
    events (avg/stddev):           3650081.0938/12295.10
    execution time (avg/stddev):   134.9168/0.15

