sysbench 1.0.17 (using bundled LuaJIT 2.1.0-beta2)

Running the test with following options:
Number of threads: 1
Initializing random number generator from current time


Extra file open flags: (none)
64 files, 128MiB each
8GiB total file size
Block size 32KiB
Number of IO requests: 0
Read/Write ratio for combined random IO test: 1.50
Calling fsync() after each write operation.
Using synchronous I/O mode
Doing random write test
Initializing worker threads...

Threads started!


File operations:
    reads/s:                      0.00
    writes/s:                     8152.09
    fsyncs/s:                     8152.09

Throughput:
    read, MiB/s:                  0.00
    written, MiB/s:               254.75

General statistics:
    total time:                          240.0001s
    total number of events:              1956514

Latency (ms):
         min:                                    0.05
         avg:                                    0.12
         max:                                    1.29
         95th percentile:                        0.16
         sum:                               239394.30

Threads fairness:
    events (avg/stddev):           1956514.0000/0.00
    execution time (avg/stddev):   239.3943/0.00

sysbench 1.0.17 (using bundled LuaJIT 2.1.0-beta2)

Running the test with following options:
Number of threads: 4
Initializing random number generator from current time


Extra file open flags: (none)
64 files, 128MiB each
8GiB total file size
Block size 32KiB
Number of IO requests: 0
Read/Write ratio for combined random IO test: 1.50
Calling fsync() after each write operation.
Using synchronous I/O mode
Doing random write test
Initializing worker threads...

Threads started!


File operations:
    reads/s:                      0.00
    writes/s:                     9311.59
    fsyncs/s:                     9311.59

Throughput:
    read, MiB/s:                  0.00
    written, MiB/s:               290.99

General statistics:
    total time:                          240.0002s
    total number of events:              2234796

Latency (ms):
         min:                                    0.05
         avg:                                    0.43
         max:                                    1.50
         95th percentile:                        0.65
         sum:                               958784.27

Threads fairness:
    events (avg/stddev):           558699.0000/370.42
    execution time (avg/stddev):   239.6961/0.00

sysbench 1.0.17 (using bundled LuaJIT 2.1.0-beta2)

Running the test with following options:
Number of threads: 8
Initializing random number generator from current time


Extra file open flags: (none)
64 files, 128MiB each
8GiB total file size
Block size 32KiB
Number of IO requests: 0
Read/Write ratio for combined random IO test: 1.50
Calling fsync() after each write operation.
Using synchronous I/O mode
Doing random write test
Initializing worker threads...

Threads started!


File operations:
    reads/s:                      0.00
    writes/s:                     9649.36
    fsyncs/s:                     9649.36

Throughput:
    read, MiB/s:                  0.00
    written, MiB/s:               301.54

General statistics:
    total time:                          240.0008s
    total number of events:              2315869

Latency (ms):
         min:                                    0.05
         avg:                                    0.83
         max:                                    3.05
         95th percentile:                        1.25
         sum:                              1917476.16

Threads fairness:
    events (avg/stddev):           289483.6250/111.31
    execution time (avg/stddev):   239.6845/0.00

sysbench 1.0.17 (using bundled LuaJIT 2.1.0-beta2)

Running the test with following options:
Number of threads: 16
Initializing random number generator from current time


Extra file open flags: (none)
64 files, 128MiB each
8GiB total file size
Block size 32KiB
Number of IO requests: 0
Read/Write ratio for combined random IO test: 1.50
Calling fsync() after each write operation.
Using synchronous I/O mode
Doing random write test
Initializing worker threads...

Threads started!


File operations:
    reads/s:                      0.00
    writes/s:                     9951.68
    fsyncs/s:                     9951.68

Throughput:
    read, MiB/s:                  0.00
    written, MiB/s:               310.99

General statistics:
    total time:                          240.0010s
    total number of events:              2388429

Latency (ms):
         min:                                    0.05
         avg:                                    1.61
         max:                                    3.96
         95th percentile:                        2.30
         sum:                              3836103.59

Threads fairness:
    events (avg/stddev):           149276.8125/150.40
    execution time (avg/stddev):   239.7565/0.00

sysbench 1.0.17 (using bundled LuaJIT 2.1.0-beta2)

Running the test with following options:
Number of threads: 32
Initializing random number generator from current time


Extra file open flags: (none)
64 files, 128MiB each
8GiB total file size
Block size 32KiB
Number of IO requests: 0
Read/Write ratio for combined random IO test: 1.50
Calling fsync() after each write operation.
Using synchronous I/O mode
Doing random write test
Initializing worker threads...

Threads started!


File operations:
    reads/s:                      0.00
    writes/s:                     10209.71
    fsyncs/s:                     10209.71

Throughput:
    read, MiB/s:                  0.00
    written, MiB/s:               319.05

General statistics:
    total time:                          240.0011s
    total number of events:              2450356

Latency (ms):
         min:                                    0.05
         avg:                                    3.13
         max:                                    7.23
         95th percentile:                        4.25
         sum:                              7674045.55

Threads fairness:
    events (avg/stddev):           76573.6250/75.03
    execution time (avg/stddev):   239.8139/0.00

sysbench 1.0.17 (using bundled LuaJIT 2.1.0-beta2)

Running the test with following options:
Number of threads: 64
Initializing random number generator from current time


Extra file open flags: (none)
64 files, 128MiB each
8GiB total file size
Block size 32KiB
Number of IO requests: 0
Read/Write ratio for combined random IO test: 1.50
Calling fsync() after each write operation.
Using synchronous I/O mode
Doing random write test
Initializing worker threads...

Threads started!


File operations:
    reads/s:                      0.00
    writes/s:                     10397.14
    fsyncs/s:                     10397.14

Throughput:
    read, MiB/s:                  0.00
    written, MiB/s:               324.91

General statistics:
    total time:                          240.0023s
    total number of events:              2495350

Latency (ms):
         min:                                    0.05
         avg:                                    6.15
         max:                                   15.48
         95th percentile:                        7.30
         sum:                             15350218.92

Threads fairness:
    events (avg/stddev):           38989.8438/27.79
    execution time (avg/stddev):   239.8472/0.00

