sysbench 1.0.17 (using bundled LuaJIT 2.1.0-beta2)

Running the test with following options:
Number of threads: 1
Initializing random number generator from current time


Extra file open flags: (none)
64 files, 128MiB each
8GiB total file size
Block size 32KiB
Number of IO requests: 0
Read/Write ratio for combined random IO test: 1.50
Calling fsync() after each write operation.
Using synchronous I/O mode
Doing random read test
Initializing worker threads...

Threads started!


File operations:
    reads/s:                      216328.08
    writes/s:                     0.00
    fsyncs/s:                     0.00

Throughput:
    read, MiB/s:                  6760.25
    written, MiB/s:               0.00

General statistics:
    total time:                          240.0001s
    total number of events:              51919096

Latency (ms):
         min:                                    0.00
         avg:                                    0.00
         max:                                    1.81
         95th percentile:                        0.01
         sum:                               228778.84

Threads fairness:
    events (avg/stddev):           51919096.0000/0.00
    execution time (avg/stddev):   228.7788/0.00

sysbench 1.0.17 (using bundled LuaJIT 2.1.0-beta2)

Running the test with following options:
Number of threads: 4
Initializing random number generator from current time


Extra file open flags: (none)
64 files, 128MiB each
8GiB total file size
Block size 32KiB
Number of IO requests: 0
Read/Write ratio for combined random IO test: 1.50
Calling fsync() after each write operation.
Using synchronous I/O mode
Doing random read test
Initializing worker threads...

Threads started!


File operations:
    reads/s:                      729322.00
    writes/s:                     0.00
    fsyncs/s:                     0.00

Throughput:
    read, MiB/s:                  22791.31
    written, MiB/s:               0.00

General statistics:
    total time:                          240.0001s
    total number of events:              175038469

Latency (ms):
         min:                                    0.00
         avg:                                    0.00
         max:                                    1.56
         95th percentile:                        0.01
         sum:                               873549.92

Threads fairness:
    events (avg/stddev):           43759617.2500/68219.41
    execution time (avg/stddev):   218.3875/0.09

sysbench 1.0.17 (using bundled LuaJIT 2.1.0-beta2)

Running the test with following options:
Number of threads: 8
Initializing random number generator from current time


Extra file open flags: (none)
64 files, 128MiB each
8GiB total file size
Block size 32KiB
Number of IO requests: 0
Read/Write ratio for combined random IO test: 1.50
Calling fsync() after each write operation.
Using synchronous I/O mode
Doing random read test
Initializing worker threads...

Threads started!


File operations:
    reads/s:                      1132017.48
    writes/s:                     0.00
    fsyncs/s:                     0.00

Throughput:
    read, MiB/s:                  35375.55
    written, MiB/s:               0.00

General statistics:
    total time:                          240.0002s
    total number of events:              271686821

Latency (ms):
         min:                                    0.00
         avg:                                    0.01
         max:                                    3.05
         95th percentile:                        0.01
         sum:                              1596756.67

Threads fairness:
    events (avg/stddev):           33960852.6250/53505.42
    execution time (avg/stddev):   199.5946/0.15

sysbench 1.0.17 (using bundled LuaJIT 2.1.0-beta2)

Running the test with following options:
Number of threads: 16
Initializing random number generator from current time


Extra file open flags: (none)
64 files, 128MiB each
8GiB total file size
Block size 32KiB
Number of IO requests: 0
Read/Write ratio for combined random IO test: 1.50
Calling fsync() after each write operation.
Using synchronous I/O mode
Doing random read test
Initializing worker threads...

Threads started!


File operations:
    reads/s:                      1128025.61
    writes/s:                     0.00
    fsyncs/s:                     0.00

Throughput:
    read, MiB/s:                  35250.80
    written, MiB/s:               0.00

General statistics:
    total time:                          240.0003s
    total number of events:              270728138

Latency (ms):
         min:                                    0.00
         avg:                                    0.01
         max:                                   22.71
         95th percentile:                        0.02
         sum:                              2690876.31

Threads fairness:
    events (avg/stddev):           16920508.6250/40197.46
    execution time (avg/stddev):   168.1798/0.18

sysbench 1.0.17 (using bundled LuaJIT 2.1.0-beta2)

Running the test with following options:
Number of threads: 32
Initializing random number generator from current time


Extra file open flags: (none)
64 files, 128MiB each
8GiB total file size
Block size 32KiB
Number of IO requests: 0
Read/Write ratio for combined random IO test: 1.50
Calling fsync() after each write operation.
Using synchronous I/O mode
Doing random read test
Initializing worker threads...

Threads started!


File operations:
    reads/s:                      1091454.79
    writes/s:                     0.00
    fsyncs/s:                     0.00

Throughput:
    read, MiB/s:                  34107.96
    written, MiB/s:               0.00

General statistics:
    total time:                          240.0005s
    total number of events:              261951460

Latency (ms):
         min:                                    0.00
         avg:                                    0.02
         max:                                   26.14
         95th percentile:                        0.07
         sum:                              4649301.52

Threads fairness:
    events (avg/stddev):           8185983.1250/30446.18
    execution time (avg/stddev):   145.2907/0.12

sysbench 1.0.17 (using bundled LuaJIT 2.1.0-beta2)

Running the test with following options:
Number of threads: 64
Initializing random number generator from current time


Extra file open flags: (none)
64 files, 128MiB each
8GiB total file size
Block size 32KiB
Number of IO requests: 0
Read/Write ratio for combined random IO test: 1.50
Calling fsync() after each write operation.
Using synchronous I/O mode
Doing random read test
Initializing worker threads...

Threads started!


File operations:
    reads/s:                      1099137.53
    writes/s:                     0.00
    fsyncs/s:                     0.00

Throughput:
    read, MiB/s:                  34348.05
    written, MiB/s:               0.00

General statistics:
    total time:                          240.0007s
    total number of events:              263795347

Latency (ms):
         min:                                    0.00
         avg:                                    0.03
         max:                                   25.51
         95th percentile:                        0.19
         sum:                              8684279.56

Threads fairness:
    events (avg/stddev):           4121802.2969/5179.15
    execution time (avg/stddev):   135.6919/0.12

