sysbench 1.0.17 (using bundled LuaJIT 2.1.0-beta2)

64 files, 131072Kb each, 8192Mb total
Creating files for the test...
Extra file open flags: (none)
Reusing existing file test_file.0
Reusing existing file test_file.1
Reusing existing file test_file.2
Reusing existing file test_file.3
Reusing existing file test_file.4
Reusing existing file test_file.5
Reusing existing file test_file.6
Reusing existing file test_file.7
Reusing existing file test_file.8
Reusing existing file test_file.9
Reusing existing file test_file.10
Reusing existing file test_file.11
Reusing existing file test_file.12
Reusing existing file test_file.13
Reusing existing file test_file.14
Reusing existing file test_file.15
Reusing existing file test_file.16
Reusing existing file test_file.17
Reusing existing file test_file.18
Reusing existing file test_file.19
Reusing existing file test_file.20
Reusing existing file test_file.21
Reusing existing file test_file.22
Reusing existing file test_file.23
Reusing existing file test_file.24
Reusing existing file test_file.25
Reusing existing file test_file.26
Reusing existing file test_file.27
Reusing existing file test_file.28
Reusing existing file test_file.29
Reusing existing file test_file.30
Reusing existing file test_file.31
Reusing existing file test_file.32
Reusing existing file test_file.33
Reusing existing file test_file.34
Reusing existing file test_file.35
Reusing existing file test_file.36
Reusing existing file test_file.37
Reusing existing file test_file.38
Reusing existing file test_file.39
Reusing existing file test_file.40
Reusing existing file test_file.41
Reusing existing file test_file.42
Reusing existing file test_file.43
Reusing existing file test_file.44
Reusing existing file test_file.45
Reusing existing file test_file.46
Reusing existing file test_file.47
Reusing existing file test_file.48
Reusing existing file test_file.49
Reusing existing file test_file.50
Reusing existing file test_file.51
Reusing existing file test_file.52
Reusing existing file test_file.53
Reusing existing file test_file.54
Reusing existing file test_file.55
Reusing existing file test_file.56
Reusing existing file test_file.57
Reusing existing file test_file.58
Reusing existing file test_file.59
Reusing existing file test_file.60
Reusing existing file test_file.61
Reusing existing file test_file.62
Reusing existing file test_file.63
No bytes written.
