sysbench 1.0.17 (using bundled LuaJIT 2.1.0-beta2)

Running the test with following options:
Number of threads: 1
Initializing random number generator from current time


Extra file open flags: (none)
64 files, 128MiB each
8GiB total file size
Block size 32KiB
Number of IO requests: 0
Read/Write ratio for combined random IO test: 1.50
Calling fsync() after each write operation.
Using synchronous I/O mode
Doing random read test
Initializing worker threads...

Threads started!


File operations:
    reads/s:                      158707.12
    writes/s:                     0.00
    fsyncs/s:                     0.00

Throughput:
    read, MiB/s:                  4959.60
    written, MiB/s:               0.00

General statistics:
    total time:                          240.0002s
    total number of events:              38090081

Latency (ms):
         min:                                    0.00
         avg:                                    0.01
         max:                                    0.50
         95th percentile:                        0.01
         sum:                               229115.50

Threads fairness:
    events (avg/stddev):           38090081.0000/0.00
    execution time (avg/stddev):   229.1155/0.00

sysbench 1.0.17 (using bundled LuaJIT 2.1.0-beta2)

Running the test with following options:
Number of threads: 4
Initializing random number generator from current time


Extra file open flags: (none)
64 files, 128MiB each
8GiB total file size
Block size 32KiB
Number of IO requests: 0
Read/Write ratio for combined random IO test: 1.50
Calling fsync() after each write operation.
Using synchronous I/O mode
Doing random read test
Initializing worker threads...

Threads started!


File operations:
    reads/s:                      365850.40
    writes/s:                     0.00
    fsyncs/s:                     0.00

Throughput:
    read, MiB/s:                  11432.82
    written, MiB/s:               0.00

General statistics:
    total time:                          240.0001s
    total number of events:              87804993

Latency (ms):
         min:                                    0.00
         avg:                                    0.01
         max:                                   18.27
         95th percentile:                        0.02
         sum:                               902576.37

Threads fairness:
    events (avg/stddev):           21951248.2500/81034.21
    execution time (avg/stddev):   225.6441/0.38

sysbench 1.0.17 (using bundled LuaJIT 2.1.0-beta2)

Running the test with following options:
Number of threads: 8
Initializing random number generator from current time


Extra file open flags: (none)
64 files, 128MiB each
8GiB total file size
Block size 32KiB
Number of IO requests: 0
Read/Write ratio for combined random IO test: 1.50
Calling fsync() after each write operation.
Using synchronous I/O mode
Doing random read test
Initializing worker threads...

Threads started!


File operations:
    reads/s:                      380740.19
    writes/s:                     0.00
    fsyncs/s:                     0.00

Throughput:
    read, MiB/s:                  11898.13
    written, MiB/s:               0.00

General statistics:
    total time:                          240.0002s
    total number of events:              91378436

Latency (ms):
         min:                                    0.00
         avg:                                    0.02
         max:                                   37.04
         95th percentile:                        0.02
         sum:                              1663991.71

Threads fairness:
    events (avg/stddev):           11422304.5000/54619.68
    execution time (avg/stddev):   207.9990/1.02

sysbench 1.0.17 (using bundled LuaJIT 2.1.0-beta2)

Running the test with following options:
Number of threads: 16
Initializing random number generator from current time


Extra file open flags: (none)
64 files, 128MiB each
8GiB total file size
Block size 32KiB
Number of IO requests: 0
Read/Write ratio for combined random IO test: 1.50
Calling fsync() after each write operation.
Using synchronous I/O mode
Doing random read test
Initializing worker threads...

Threads started!


File operations:
    reads/s:                      384475.79
    writes/s:                     0.00
    fsyncs/s:                     0.00

Throughput:
    read, MiB/s:                  12014.87
    written, MiB/s:               0.00

General statistics:
    total time:                          240.0003s
    total number of events:              92274930

Latency (ms):
         min:                                    0.00
         avg:                                    0.04
         max:                                   61.67
         95th percentile:                        0.02
         sum:                              3315545.61

Threads fairness:
    events (avg/stddev):           5767183.1250/19358.28
    execution time (avg/stddev):   207.2216/0.87

sysbench 1.0.17 (using bundled LuaJIT 2.1.0-beta2)

Running the test with following options:
Number of threads: 32
Initializing random number generator from current time


Extra file open flags: (none)
64 files, 128MiB each
8GiB total file size
Block size 32KiB
Number of IO requests: 0
Read/Write ratio for combined random IO test: 1.50
Calling fsync() after each write operation.
Using synchronous I/O mode
Doing random read test
Initializing worker threads...

Threads started!


File operations:
    reads/s:                      383601.65
    writes/s:                     0.00
    fsyncs/s:                     0.00

Throughput:
    read, MiB/s:                  11987.55
    written, MiB/s:               0.00

General statistics:
    total time:                          240.0007s
    total number of events:              92065278

Latency (ms):
         min:                                    0.00
         avg:                                    0.07
         max:                                  108.57
         95th percentile:                        0.02
         sum:                              6695501.53

Threads fairness:
    events (avg/stddev):           2877039.9375/9975.73
    execution time (avg/stddev):   209.2344/1.20

sysbench 1.0.17 (using bundled LuaJIT 2.1.0-beta2)

Running the test with following options:
Number of threads: 64
Initializing random number generator from current time


Extra file open flags: (none)
64 files, 128MiB each
8GiB total file size
Block size 32KiB
Number of IO requests: 0
Read/Write ratio for combined random IO test: 1.50
Calling fsync() after each write operation.
Using synchronous I/O mode
Doing random read test
Initializing worker threads...

Threads started!


File operations:
    reads/s:                      383817.24
    writes/s:                     0.00
    fsyncs/s:                     0.00

Throughput:
    read, MiB/s:                  11994.29
    written, MiB/s:               0.00

General statistics:
    total time:                          240.0012s
    total number of events:              92117322

Latency (ms):
         min:                                    0.00
         avg:                                    0.14
         max:                                  208.36
         95th percentile:                        0.02
         sum:                             13330862.98

Threads fairness:
    events (avg/stddev):           1439333.1562/5617.60
    execution time (avg/stddev):   208.2947/1.25

