sysbench 1.0.17 (using bundled LuaJIT 2.1.0-beta2)

Running the test with following options:
Number of threads: 1
Initializing random number generator from current time


Extra file open flags: (none)
64 files, 128MiB each
8GiB total file size
Block size 32KiB
Number of IO requests: 0
Read/Write ratio for combined random IO test: 1.50
Calling fsync() after each write operation.
Using synchronous I/O mode
Doing random write test
Initializing worker threads...

Threads started!


File operations:
    reads/s:                      0.00
    writes/s:                     560.75
    fsyncs/s:                     560.75

Throughput:
    read, MiB/s:                  0.00
    written, MiB/s:               17.52

General statistics:
    total time:                          240.0005s
    total number of events:              134582

Latency (ms):
         min:                                    0.55
         avg:                                    1.78
         max:                                  380.84
         95th percentile:                        2.86
         sum:                               239835.19

Threads fairness:
    events (avg/stddev):           134582.0000/0.00
    execution time (avg/stddev):   239.8352/0.00

sysbench 1.0.17 (using bundled LuaJIT 2.1.0-beta2)

Running the test with following options:
Number of threads: 4
Initializing random number generator from current time


Extra file open flags: (none)
64 files, 128MiB each
8GiB total file size
Block size 32KiB
Number of IO requests: 0
Read/Write ratio for combined random IO test: 1.50
Calling fsync() after each write operation.
Using synchronous I/O mode
Doing random write test
Initializing worker threads...

Threads started!


File operations:
    reads/s:                      0.00
    writes/s:                     781.70
    fsyncs/s:                     781.70

Throughput:
    read, MiB/s:                  0.00
    written, MiB/s:               24.43

General statistics:
    total time:                          240.0037s
    total number of events:              187613

Latency (ms):
         min:                                    0.59
         avg:                                    5.12
         max:                                  155.60
         95th percentile:                        6.21
         sum:                               959713.46

Threads fairness:
    events (avg/stddev):           46903.2500/7.79
    execution time (avg/stddev):   239.9284/0.00

sysbench 1.0.17 (using bundled LuaJIT 2.1.0-beta2)

Running the test with following options:
Number of threads: 8
Initializing random number generator from current time


Extra file open flags: (none)
64 files, 128MiB each
8GiB total file size
Block size 32KiB
Number of IO requests: 0
Read/Write ratio for combined random IO test: 1.50
Calling fsync() after each write operation.
Using synchronous I/O mode
Doing random write test
Initializing worker threads...

Threads started!


File operations:
    reads/s:                      0.00
    writes/s:                     726.93
    fsyncs/s:                     726.93

Throughput:
    read, MiB/s:                  0.00
    written, MiB/s:               22.72

General statistics:
    total time:                          240.0073s
    total number of events:              174471

Latency (ms):
         min:                                    0.62
         avg:                                   11.00
         max:                                  248.52
         95th percentile:                       12.08
         sum:                              1919826.40

Threads fairness:
    events (avg/stddev):           21808.8750/6.07
    execution time (avg/stddev):   239.9783/0.00

sysbench 1.0.17 (using bundled LuaJIT 2.1.0-beta2)

Running the test with following options:
Number of threads: 16
Initializing random number generator from current time


Extra file open flags: (none)
64 files, 128MiB each
8GiB total file size
Block size 32KiB
Number of IO requests: 0
Read/Write ratio for combined random IO test: 1.50
Calling fsync() after each write operation.
Using synchronous I/O mode
Doing random write test
Initializing worker threads...

Threads started!


File operations:
    reads/s:                      0.00
    writes/s:                     758.05
    fsyncs/s:                     758.05

Throughput:
    read, MiB/s:                  0.00
    written, MiB/s:               23.69

General statistics:
    total time:                          240.0087s
    total number of events:              181940

Latency (ms):
         min:                                    0.61
         avg:                                   21.11
         max:                                  536.07
         95th percentile:                       22.28
         sum:                              3839937.73

Threads fairness:
    events (avg/stddev):           11371.2500/6.38
    execution time (avg/stddev):   239.9961/0.00

sysbench 1.0.17 (using bundled LuaJIT 2.1.0-beta2)

Running the test with following options:
Number of threads: 32
Initializing random number generator from current time


Extra file open flags: (none)
64 files, 128MiB each
8GiB total file size
Block size 32KiB
Number of IO requests: 0
Read/Write ratio for combined random IO test: 1.50
Calling fsync() after each write operation.
Using synchronous I/O mode
Doing random write test
Initializing worker threads...

Threads started!


File operations:
    reads/s:                      0.00
    writes/s:                     772.45
    fsyncs/s:                     772.45

Throughput:
    read, MiB/s:                  0.00
    written, MiB/s:               24.14

General statistics:
    total time:                          240.0090s
    total number of events:              185396

Latency (ms):
         min:                                    0.60
         avg:                                   41.43
         max:                                  242.10
         95th percentile:                       49.21
         sum:                              7680045.36

Threads fairness:
    events (avg/stddev):           5793.6250/2.90
    execution time (avg/stddev):   240.0014/0.00

sysbench 1.0.17 (using bundled LuaJIT 2.1.0-beta2)

Running the test with following options:
Number of threads: 64
Initializing random number generator from current time


Extra file open flags: (none)
64 files, 128MiB each
8GiB total file size
Block size 32KiB
Number of IO requests: 0
Read/Write ratio for combined random IO test: 1.50
Calling fsync() after each write operation.
Using synchronous I/O mode
Doing random write test
Initializing worker threads...

Threads started!


File operations:
    reads/s:                      0.00
    writes/s:                     779.34
    fsyncs/s:                     779.34

Throughput:
    read, MiB/s:                  0.00
    written, MiB/s:               24.35

General statistics:
    total time:                          240.0757s
    total number of events:              187102

Latency (ms):
         min:                                    1.73
         avg:                                   82.12
         max:                                  176.43
         95th percentile:                      102.97
         sum:                             15364580.71

Threads fairness:
    events (avg/stddev):           2923.4688/4.14
    execution time (avg/stddev):   240.0716/0.00

