sysbench 1.0.17 (using bundled LuaJIT 2.1.0-beta2)

Running the test with following options:
Number of threads: 1
Initializing random number generator from current time


Extra file open flags: (none)
64 files, 128MiB each
8GiB total file size
Block size 32KiB
Number of IO requests: 0
Read/Write ratio for combined random IO test: 1.50
Calling fsync() after each write operation.
Using synchronous I/O mode
Doing random read test
Initializing worker threads...

Threads started!


File operations:
    reads/s:                      165827.76
    writes/s:                     0.00
    fsyncs/s:                     0.00

Throughput:
    read, MiB/s:                  5182.12
    written, MiB/s:               0.00

General statistics:
    total time:                          240.0001s
    total number of events:              39798983

Latency (ms):
         min:                                    0.00
         avg:                                    0.01
         max:                                    0.67
         95th percentile:                        0.01
         sum:                               229155.78

Threads fairness:
    events (avg/stddev):           39798983.0000/0.00
    execution time (avg/stddev):   229.1558/0.00

sysbench 1.0.17 (using bundled LuaJIT 2.1.0-beta2)

Running the test with following options:
Number of threads: 4
Initializing random number generator from current time


Extra file open flags: (none)
64 files, 128MiB each
8GiB total file size
Block size 32KiB
Number of IO requests: 0
Read/Write ratio for combined random IO test: 1.50
Calling fsync() after each write operation.
Using synchronous I/O mode
Doing random read test
Initializing worker threads...

Threads started!


File operations:
    reads/s:                      590294.68
    writes/s:                     0.00
    fsyncs/s:                     0.00

Throughput:
    read, MiB/s:                  18446.71
    written, MiB/s:               0.00

General statistics:
    total time:                          240.0001s
    total number of events:              141671923

Latency (ms):
         min:                                    0.00
         avg:                                    0.01
         max:                                    5.38
         95th percentile:                        0.01
         sum:                               882000.38

Threads fairness:
    events (avg/stddev):           35417980.7500/40793.62
    execution time (avg/stddev):   220.5001/0.11

sysbench 1.0.17 (using bundled LuaJIT 2.1.0-beta2)

Running the test with following options:
Number of threads: 8
Initializing random number generator from current time


Extra file open flags: (none)
64 files, 128MiB each
8GiB total file size
Block size 32KiB
Number of IO requests: 0
Read/Write ratio for combined random IO test: 1.50
Calling fsync() after each write operation.
Using synchronous I/O mode
Doing random read test
Initializing worker threads...

Threads started!


File operations:
    reads/s:                      971924.33
    writes/s:                     0.00
    fsyncs/s:                     0.00

Throughput:
    read, MiB/s:                  30372.64
    written, MiB/s:               0.00

General statistics:
    total time:                          240.0002s
    total number of events:              233263878

Latency (ms):
         min:                                    0.00
         avg:                                    0.01
         max:                                    1.55
         95th percentile:                        0.01
         sum:                              1641847.57

Threads fairness:
    events (avg/stddev):           29157984.7500/71523.20
    execution time (avg/stddev):   205.2309/0.06

sysbench 1.0.17 (using bundled LuaJIT 2.1.0-beta2)

Running the test with following options:
Number of threads: 16
Initializing random number generator from current time


Extra file open flags: (none)
64 files, 128MiB each
8GiB total file size
Block size 32KiB
Number of IO requests: 0
Read/Write ratio for combined random IO test: 1.50
Calling fsync() after each write operation.
Using synchronous I/O mode
Doing random read test
Initializing worker threads...

Threads started!


File operations:
    reads/s:                      1031035.36
    writes/s:                     0.00
    fsyncs/s:                     0.00

Throughput:
    read, MiB/s:                  32219.85
    written, MiB/s:               0.00

General statistics:
    total time:                          240.0002s
    total number of events:              247450526

Latency (ms):
         min:                                    0.00
         avg:                                    0.01
         max:                                   21.65
         95th percentile:                        0.02
         sum:                              2825068.35

Threads fairness:
    events (avg/stddev):           15465657.8750/28693.50
    execution time (avg/stddev):   176.5668/0.16

sysbench 1.0.17 (using bundled LuaJIT 2.1.0-beta2)

Running the test with following options:
Number of threads: 32
Initializing random number generator from current time


Extra file open flags: (none)
64 files, 128MiB each
8GiB total file size
Block size 32KiB
Number of IO requests: 0
Read/Write ratio for combined random IO test: 1.50
Calling fsync() after each write operation.
Using synchronous I/O mode
Doing random read test
Initializing worker threads...

Threads started!


File operations:
    reads/s:                      1029867.13
    writes/s:                     0.00
    fsyncs/s:                     0.00

Throughput:
    read, MiB/s:                  32183.35
    written, MiB/s:               0.00

General statistics:
    total time:                          240.0004s
    total number of events:              247170465

Latency (ms):
         min:                                    0.00
         avg:                                    0.02
         max:                                   24.44
         95th percentile:                        0.08
         sum:                              4835466.79

Threads fairness:
    events (avg/stddev):           7724077.0312/12043.84
    execution time (avg/stddev):   151.1083/0.11

sysbench 1.0.17 (using bundled LuaJIT 2.1.0-beta2)

Running the test with following options:
Number of threads: 64
Initializing random number generator from current time


Extra file open flags: (none)
64 files, 128MiB each
8GiB total file size
Block size 32KiB
Number of IO requests: 0
Read/Write ratio for combined random IO test: 1.50
Calling fsync() after each write operation.
Using synchronous I/O mode
Doing random read test
Initializing worker threads...

Threads started!


File operations:
    reads/s:                      954858.49
    writes/s:                     0.00
    fsyncs/s:                     0.00

Throughput:
    read, MiB/s:                  29839.33
    written, MiB/s:               0.00

General statistics:
    total time:                          240.0006s
    total number of events:              229168491

Latency (ms):
         min:                                    0.00
         avg:                                    0.04
         max:                                   23.51
         95th percentile:                        0.22
         sum:                              8793614.89

Threads fairness:
    events (avg/stddev):           3580757.6719/4975.16
    execution time (avg/stddev):   137.4002/0.14

