sysbench 1.0.17 (using bundled LuaJIT 2.1.0-beta2)

Running the test with following options:
Number of threads: 1
Initializing random number generator from current time


Extra file open flags: (none)
64 files, 128MiB each
8GiB total file size
Block size 32KiB
Number of IO requests: 0
Read/Write ratio for combined random IO test: 1.50
Calling fsync() after each write operation.
Using synchronous I/O mode
Doing random write test
Initializing worker threads...

Threads started!


File operations:
    reads/s:                      0.00
    writes/s:                     3295.45
    fsyncs/s:                     3295.45

Throughput:
    read, MiB/s:                  0.00
    written, MiB/s:               102.98

General statistics:
    total time:                          240.0002s
    total number of events:              790914

Latency (ms):
         min:                                    0.10
         avg:                                    0.30
         max:                                   19.59
         95th percentile:                        0.44
         sum:                               239501.38

Threads fairness:
    events (avg/stddev):           790914.0000/0.00
    execution time (avg/stddev):   239.5014/0.00

sysbench 1.0.17 (using bundled LuaJIT 2.1.0-beta2)

Running the test with following options:
Number of threads: 4
Initializing random number generator from current time


Extra file open flags: (none)
64 files, 128MiB each
8GiB total file size
Block size 32KiB
Number of IO requests: 0
Read/Write ratio for combined random IO test: 1.50
Calling fsync() after each write operation.
Using synchronous I/O mode
Doing random write test
Initializing worker threads...

Threads started!


File operations:
    reads/s:                      0.00
    writes/s:                     10812.26
    fsyncs/s:                     10812.26

Throughput:
    read, MiB/s:                  0.00
    written, MiB/s:               337.88

General statistics:
    total time:                          240.0003s
    total number of events:              2594964

Latency (ms):
         min:                                    0.10
         avg:                                    0.37
         max:                                   25.36
         95th percentile:                        0.70
         sum:                               957799.52

Threads fairness:
    events (avg/stddev):           648741.0000/1642.38
    execution time (avg/stddev):   239.4499/0.00

sysbench 1.0.17 (using bundled LuaJIT 2.1.0-beta2)

Running the test with following options:
Number of threads: 8
Initializing random number generator from current time


Extra file open flags: (none)
64 files, 128MiB each
8GiB total file size
Block size 32KiB
Number of IO requests: 0
Read/Write ratio for combined random IO test: 1.50
Calling fsync() after each write operation.
Using synchronous I/O mode
Doing random write test
Initializing worker threads...

Threads started!


File operations:
    reads/s:                      0.00
    writes/s:                     11338.69
    fsyncs/s:                     11338.69

Throughput:
    read, MiB/s:                  0.00
    written, MiB/s:               354.33

General statistics:
    total time:                          240.0004s
    total number of events:              2721310

Latency (ms):
         min:                                    0.10
         avg:                                    0.70
         max:                                   23.23
         95th percentile:                        1.14
         sum:                              1917601.66

Threads fairness:
    events (avg/stddev):           340163.7500/763.59
    execution time (avg/stddev):   239.7002/0.00

sysbench 1.0.17 (using bundled LuaJIT 2.1.0-beta2)

Running the test with following options:
Number of threads: 16
Initializing random number generator from current time


Extra file open flags: (none)
64 files, 128MiB each
8GiB total file size
Block size 32KiB
Number of IO requests: 0
Read/Write ratio for combined random IO test: 1.50
Calling fsync() after each write operation.
Using synchronous I/O mode
Doing random write test
Initializing worker threads...

Threads started!


File operations:
    reads/s:                      0.00
    writes/s:                     11705.77
    fsyncs/s:                     11705.77

Throughput:
    read, MiB/s:                  0.00
    written, MiB/s:               365.81

General statistics:
    total time:                          240.0010s
    total number of events:              2809417

Latency (ms):
         min:                                    0.11
         avg:                                    1.37
         max:                                  686.97
         95th percentile:                        3.75
         sum:                              3836066.02

Threads fairness:
    events (avg/stddev):           175588.5625/280.80
    execution time (avg/stddev):   239.7541/0.00

sysbench 1.0.17 (using bundled LuaJIT 2.1.0-beta2)

Running the test with following options:
Number of threads: 32
Initializing random number generator from current time


Extra file open flags: (none)
64 files, 128MiB each
8GiB total file size
Block size 32KiB
Number of IO requests: 0
Read/Write ratio for combined random IO test: 1.50
Calling fsync() after each write operation.
Using synchronous I/O mode
Doing random write test
Initializing worker threads...

Threads started!


File operations:
    reads/s:                      0.00
    writes/s:                     12017.94
    fsyncs/s:                     12017.94

Throughput:
    read, MiB/s:                  0.00
    written, MiB/s:               375.56

General statistics:
    total time:                          240.0045s
    total number of events:              2884377

Latency (ms):
         min:                                    0.10
         avg:                                    2.66
         max:                                   22.77
         95th percentile:                        7.30
         sum:                              7673885.36

Threads fairness:
    events (avg/stddev):           90136.7812/225.80
    execution time (avg/stddev):   239.8089/0.00

sysbench 1.0.17 (using bundled LuaJIT 2.1.0-beta2)

Running the test with following options:
Number of threads: 64
Initializing random number generator from current time


Extra file open flags: (none)
64 files, 128MiB each
8GiB total file size
Block size 32KiB
Number of IO requests: 0
Read/Write ratio for combined random IO test: 1.50
Calling fsync() after each write operation.
Using synchronous I/O mode
Doing random write test
Initializing worker threads...

Threads started!


File operations:
    reads/s:                      0.00
    writes/s:                     12211.46
    fsyncs/s:                     12211.46

Throughput:
    read, MiB/s:                  0.00
    written, MiB/s:               381.61

General statistics:
    total time:                          240.0095s
    total number of events:              2930888

Latency (ms):
         min:                                    0.10
         avg:                                    5.24
         max:                                   39.47
         95th percentile:                       13.22
         sum:                             15351653.04

Threads fairness:
    events (avg/stddev):           45795.1250/102.64
    execution time (avg/stddev):   239.8696/0.00

