sysbench 1.0.17 (using bundled LuaJIT 2.1.0-beta2)

Running the test with following options:
Number of threads: 1
Initializing random number generator from current time


Extra file open flags: (none)
64 files, 128MiB each
8GiB total file size
Block size 32KiB
Number of IO requests: 0
Read/Write ratio for combined random IO test: 1.50
Calling fsync() after each write operation.
Using synchronous I/O mode
Doing random read test
Initializing worker threads...

Threads started!


File operations:
    reads/s:                      166285.06
    writes/s:                     0.00
    fsyncs/s:                     0.00

Throughput:
    read, MiB/s:                  5196.41
    written, MiB/s:               0.00

General statistics:
    total time:                          240.0001s
    total number of events:              39908741

Latency (ms):
         min:                                    0.00
         avg:                                    0.01
         max:                                    1.25
         95th percentile:                        0.01
         sum:                               228576.79

Threads fairness:
    events (avg/stddev):           39908741.0000/0.00
    execution time (avg/stddev):   228.5768/0.00

sysbench 1.0.17 (using bundled LuaJIT 2.1.0-beta2)

Running the test with following options:
Number of threads: 4
Initializing random number generator from current time


Extra file open flags: (none)
64 files, 128MiB each
8GiB total file size
Block size 32KiB
Number of IO requests: 0
Read/Write ratio for combined random IO test: 1.50
Calling fsync() after each write operation.
Using synchronous I/O mode
Doing random read test
Initializing worker threads...

Threads started!


File operations:
    reads/s:                      596456.11
    writes/s:                     0.00
    fsyncs/s:                     0.00

Throughput:
    read, MiB/s:                  18639.25
    written, MiB/s:               0.00

General statistics:
    total time:                          240.0002s
    total number of events:              143150693

Latency (ms):
         min:                                    0.00
         avg:                                    0.01
         max:                                    2.52
         95th percentile:                        0.01
         sum:                               880202.12

Threads fairness:
    events (avg/stddev):           35787673.2500/71094.14
    execution time (avg/stddev):   220.0505/0.12

sysbench 1.0.17 (using bundled LuaJIT 2.1.0-beta2)

Running the test with following options:
Number of threads: 8
Initializing random number generator from current time


Extra file open flags: (none)
64 files, 128MiB each
8GiB total file size
Block size 32KiB
Number of IO requests: 0
Read/Write ratio for combined random IO test: 1.50
Calling fsync() after each write operation.
Using synchronous I/O mode
Doing random read test
Initializing worker threads...

Threads started!


File operations:
    reads/s:                      978669.19
    writes/s:                     0.00
    fsyncs/s:                     0.00

Throughput:
    read, MiB/s:                  30583.41
    written, MiB/s:               0.00

General statistics:
    total time:                          240.0002s
    total number of events:              234882715

Latency (ms):
         min:                                    0.00
         avg:                                    0.01
         max:                                    4.50
         95th percentile:                        0.01
         sum:                              1633882.17

Threads fairness:
    events (avg/stddev):           29360339.3750/109544.10
    execution time (avg/stddev):   204.2353/0.95

sysbench 1.0.17 (using bundled LuaJIT 2.1.0-beta2)

Running the test with following options:
Number of threads: 16
Initializing random number generator from current time


Extra file open flags: (none)
64 files, 128MiB each
8GiB total file size
Block size 32KiB
Number of IO requests: 0
Read/Write ratio for combined random IO test: 1.50
Calling fsync() after each write operation.
Using synchronous I/O mode
Doing random read test
Initializing worker threads...

Threads started!


File operations:
    reads/s:                      1019184.38
    writes/s:                     0.00
    fsyncs/s:                     0.00

Throughput:
    read, MiB/s:                  31849.51
    written, MiB/s:               0.00

General statistics:
    total time:                          240.0002s
    total number of events:              244606396

Latency (ms):
         min:                                    0.00
         avg:                                    0.01
         max:                                   22.87
         95th percentile:                        0.02
         sum:                              2829692.16

Threads fairness:
    events (avg/stddev):           15287899.7500/30233.40
    execution time (avg/stddev):   176.8558/0.12

sysbench 1.0.17 (using bundled LuaJIT 2.1.0-beta2)

Running the test with following options:
Number of threads: 32
Initializing random number generator from current time


Extra file open flags: (none)
64 files, 128MiB each
8GiB total file size
Block size 32KiB
Number of IO requests: 0
Read/Write ratio for combined random IO test: 1.50
Calling fsync() after each write operation.
Using synchronous I/O mode
Doing random read test
Initializing worker threads...

Threads started!


File operations:
    reads/s:                      1008156.43
    writes/s:                     0.00
    fsyncs/s:                     0.00

Throughput:
    read, MiB/s:                  31504.89
    written, MiB/s:               0.00

General statistics:
    total time:                          240.0004s
    total number of events:              241959925

Latency (ms):
         min:                                    0.00
         avg:                                    0.02
         max:                                   23.39
         95th percentile:                        0.08
         sum:                              4797071.05

Threads fairness:
    events (avg/stddev):           7561247.6562/13879.59
    execution time (avg/stddev):   149.9085/0.21

sysbench 1.0.17 (using bundled LuaJIT 2.1.0-beta2)

Running the test with following options:
Number of threads: 64
Initializing random number generator from current time


Extra file open flags: (none)
64 files, 128MiB each
8GiB total file size
Block size 32KiB
Number of IO requests: 0
Read/Write ratio for combined random IO test: 1.50
Calling fsync() after each write operation.
Using synchronous I/O mode
Doing random read test
Initializing worker threads...

Threads started!


File operations:
    reads/s:                      1023685.92
    writes/s:                     0.00
    fsyncs/s:                     0.00

Throughput:
    read, MiB/s:                  31990.18
    written, MiB/s:               0.00

General statistics:
    total time:                          240.0007s
    total number of events:              245687160

Latency (ms):
         min:                                    0.00
         avg:                                    0.04
         max:                                   28.37
         95th percentile:                        0.21
         sum:                              8853764.00

Threads fairness:
    events (avg/stddev):           3838861.8750/5929.66
    execution time (avg/stddev):   138.3401/0.15

