sysbench 1.0.17 (using bundled LuaJIT 2.1.0-beta2)

Running the test with following options:
Number of threads: 1
Initializing random number generator from current time


Extra file open flags: (none)
64 files, 128MiB each
8GiB total file size
Block size 32KiB
Number of IO requests: 0
Read/Write ratio for combined random IO test: 1.50
Calling fsync() after each write operation.
Using synchronous I/O mode
Doing random write test
Initializing worker threads...

Threads started!


File operations:
    reads/s:                      0.00
    writes/s:                     3310.59
    fsyncs/s:                     3310.59

Throughput:
    read, MiB/s:                  0.00
    written, MiB/s:               103.46

General statistics:
    total time:                          240.0004s
    total number of events:              794550

Latency (ms):
         min:                                    0.10
         avg:                                    0.30
         max:                                   10.38
         95th percentile:                        0.41
         sum:                               239517.12

Threads fairness:
    events (avg/stddev):           794550.0000/0.00
    execution time (avg/stddev):   239.5171/0.00

sysbench 1.0.17 (using bundled LuaJIT 2.1.0-beta2)

Running the test with following options:
Number of threads: 4
Initializing random number generator from current time


Extra file open flags: (none)
64 files, 128MiB each
8GiB total file size
Block size 32KiB
Number of IO requests: 0
Read/Write ratio for combined random IO test: 1.50
Calling fsync() after each write operation.
Using synchronous I/O mode
Doing random write test
Initializing worker threads...

Threads started!


File operations:
    reads/s:                      0.00
    writes/s:                     10723.38
    fsyncs/s:                     10723.38

Throughput:
    read, MiB/s:                  0.00
    written, MiB/s:               335.11

General statistics:
    total time:                          240.0005s
    total number of events:              2573638

Latency (ms):
         min:                                    0.10
         avg:                                    0.37
         max:                                   10.73
         95th percentile:                        0.75
         sum:                               958175.00

Threads fairness:
    events (avg/stddev):           643409.5000/1038.58
    execution time (avg/stddev):   239.5438/0.00

sysbench 1.0.17 (using bundled LuaJIT 2.1.0-beta2)

Running the test with following options:
Number of threads: 8
Initializing random number generator from current time


Extra file open flags: (none)
64 files, 128MiB each
8GiB total file size
Block size 32KiB
Number of IO requests: 0
Read/Write ratio for combined random IO test: 1.50
Calling fsync() after each write operation.
Using synchronous I/O mode
Doing random write test
Initializing worker threads...

Threads started!


File operations:
    reads/s:                      0.00
    writes/s:                     11343.76
    fsyncs/s:                     11343.76

Throughput:
    read, MiB/s:                  0.00
    written, MiB/s:               354.49

General statistics:
    total time:                          240.0009s
    total number of events:              2722533

Latency (ms):
         min:                                    0.10
         avg:                                    0.70
         max:                                   15.17
         95th percentile:                        1.12
         sum:                              1917753.24

Threads fairness:
    events (avg/stddev):           340316.6250/1297.29
    execution time (avg/stddev):   239.7192/0.00

sysbench 1.0.17 (using bundled LuaJIT 2.1.0-beta2)

Running the test with following options:
Number of threads: 16
Initializing random number generator from current time


Extra file open flags: (none)
64 files, 128MiB each
8GiB total file size
Block size 32KiB
Number of IO requests: 0
Read/Write ratio for combined random IO test: 1.50
Calling fsync() after each write operation.
Using synchronous I/O mode
Doing random write test
Initializing worker threads...

Threads started!


File operations:
    reads/s:                      0.00
    writes/s:                     11741.87
    fsyncs/s:                     11741.87

Throughput:
    read, MiB/s:                  0.00
    written, MiB/s:               366.93

General statistics:
    total time:                          240.0005s
    total number of events:              2818074

Latency (ms):
         min:                                    0.11
         avg:                                    1.36
         max:                                   27.58
         95th percentile:                        3.75
         sum:                              3835887.28

Threads fairness:
    events (avg/stddev):           176129.6250/271.50
    execution time (avg/stddev):   239.7430/0.00

sysbench 1.0.17 (using bundled LuaJIT 2.1.0-beta2)

Running the test with following options:
Number of threads: 32
Initializing random number generator from current time


Extra file open flags: (none)
64 files, 128MiB each
8GiB total file size
Block size 32KiB
Number of IO requests: 0
Read/Write ratio for combined random IO test: 1.50
Calling fsync() after each write operation.
Using synchronous I/O mode
Doing random write test
Initializing worker threads...

Threads started!


File operations:
    reads/s:                      0.00
    writes/s:                     12014.84
    fsyncs/s:                     12014.84

Throughput:
    read, MiB/s:                  0.00
    written, MiB/s:               375.46

General statistics:
    total time:                          240.0057s
    total number of events:              2883650

Latency (ms):
         min:                                    0.11
         avg:                                    2.66
         max:                                   22.87
         95th percentile:                        7.30
         sum:                              7673828.22

Threads fairness:
    events (avg/stddev):           90114.0625/203.01
    execution time (avg/stddev):   239.8071/0.00

sysbench 1.0.17 (using bundled LuaJIT 2.1.0-beta2)

Running the test with following options:
Number of threads: 64
Initializing random number generator from current time


Extra file open flags: (none)
64 files, 128MiB each
8GiB total file size
Block size 32KiB
Number of IO requests: 0
Read/Write ratio for combined random IO test: 1.50
Calling fsync() after each write operation.
Using synchronous I/O mode
Doing random write test
Initializing worker threads...

Threads started!


File operations:
    reads/s:                      0.00
    writes/s:                     12207.15
    fsyncs/s:                     12207.15

Throughput:
    read, MiB/s:                  0.00
    written, MiB/s:               381.47

General statistics:
    total time:                          240.0035s
    total number of events:              2929779

Latency (ms):
         min:                                    0.11
         avg:                                    5.24
         max:                                   40.34
         95th percentile:                       13.22
         sum:                             15351422.73

Threads fairness:
    events (avg/stddev):           45777.7969/99.48
    execution time (avg/stddev):   239.8660/0.00

