sysbench 1.0.17 (using bundled LuaJIT 2.1.0-beta2)

Running the test with following options:
Number of threads: 1
Initializing random number generator from current time


Extra file open flags: (none)
64 files, 128MiB each
8GiB total file size
Block size 32KiB
Number of IO requests: 0
Read/Write ratio for combined random IO test: 1.50
Calling fsync() after each write operation.
Using synchronous I/O mode
Doing random read test
Initializing worker threads...

Threads started!


File operations:
    reads/s:                      194284.44
    writes/s:                     0.00
    fsyncs/s:                     0.00

Throughput:
    read, MiB/s:                  6071.39
    written, MiB/s:               0.00

General statistics:
    total time:                          240.0001s
    total number of events:              46628590

Latency (ms):
         min:                                    0.00
         avg:                                    0.00
         max:                                    0.15
         95th percentile:                        0.01
         sum:                               228068.68

Threads fairness:
    events (avg/stddev):           46628590.0000/0.00
    execution time (avg/stddev):   228.0687/0.00

sysbench 1.0.17 (using bundled LuaJIT 2.1.0-beta2)

Running the test with following options:
Number of threads: 4
Initializing random number generator from current time


Extra file open flags: (none)
64 files, 128MiB each
8GiB total file size
Block size 32KiB
Number of IO requests: 0
Read/Write ratio for combined random IO test: 1.50
Calling fsync() after each write operation.
Using synchronous I/O mode
Doing random read test
Initializing worker threads...

Threads started!


File operations:
    reads/s:                      644123.19
    writes/s:                     0.00
    fsyncs/s:                     0.00

Throughput:
    read, MiB/s:                  20128.85
    written, MiB/s:               0.00

General statistics:
    total time:                          240.0001s
    total number of events:              154590663

Latency (ms):
         min:                                    0.00
         avg:                                    0.01
         max:                                    4.49
         95th percentile:                        0.01
         sum:                               872583.79

Threads fairness:
    events (avg/stddev):           38647665.7500/295450.39
    execution time (avg/stddev):   218.1459/0.07

sysbench 1.0.17 (using bundled LuaJIT 2.1.0-beta2)

Running the test with following options:
Number of threads: 8
Initializing random number generator from current time


Extra file open flags: (none)
64 files, 128MiB each
8GiB total file size
Block size 32KiB
Number of IO requests: 0
Read/Write ratio for combined random IO test: 1.50
Calling fsync() after each write operation.
Using synchronous I/O mode
Doing random read test
Initializing worker threads...

Threads started!


File operations:
    reads/s:                      1041527.87
    writes/s:                     0.00
    fsyncs/s:                     0.00

Throughput:
    read, MiB/s:                  32547.75
    written, MiB/s:               0.00

General statistics:
    total time:                          240.0001s
    total number of events:              249968394

Latency (ms):
         min:                                    0.00
         avg:                                    0.01
         max:                                    6.83
         95th percentile:                        0.01
         sum:                              1639335.07

Threads fairness:
    events (avg/stddev):           31246049.2500/364580.37
    execution time (avg/stddev):   204.9169/0.15

sysbench 1.0.17 (using bundled LuaJIT 2.1.0-beta2)

Running the test with following options:
Number of threads: 16
Initializing random number generator from current time


Extra file open flags: (none)
64 files, 128MiB each
8GiB total file size
Block size 32KiB
Number of IO requests: 0
Read/Write ratio for combined random IO test: 1.50
Calling fsync() after each write operation.
Using synchronous I/O mode
Doing random read test
Initializing worker threads...

Threads started!


File operations:
    reads/s:                      1029501.45
    writes/s:                     0.00
    fsyncs/s:                     0.00

Throughput:
    read, MiB/s:                  32171.92
    written, MiB/s:               0.00

General statistics:
    total time:                          240.0001s
    total number of events:              247082053

Latency (ms):
         min:                                    0.00
         avg:                                    0.01
         max:                                    3.45
         95th percentile:                        0.02
         sum:                              2754864.16

Threads fairness:
    events (avg/stddev):           15442628.3125/32876.60
    execution time (avg/stddev):   172.1790/0.21

sysbench 1.0.17 (using bundled LuaJIT 2.1.0-beta2)

Running the test with following options:
Number of threads: 32
Initializing random number generator from current time


Extra file open flags: (none)
64 files, 128MiB each
8GiB total file size
Block size 32KiB
Number of IO requests: 0
Read/Write ratio for combined random IO test: 1.50
Calling fsync() after each write operation.
Using synchronous I/O mode
Doing random read test
Initializing worker threads...

Threads started!


File operations:
    reads/s:                      1046842.07
    writes/s:                     0.00
    fsyncs/s:                     0.00

Throughput:
    read, MiB/s:                  32713.81
    written, MiB/s:               0.00

General statistics:
    total time:                          240.0003s
    total number of events:              251243965

Latency (ms):
         min:                                    0.00
         avg:                                    0.02
         max:                                    8.08
         95th percentile:                        0.07
         sum:                              4785399.32

Threads fairness:
    events (avg/stddev):           7851373.9062/13767.46
    execution time (avg/stddev):   149.5437/0.19

sysbench 1.0.17 (using bundled LuaJIT 2.1.0-beta2)

Running the test with following options:
Number of threads: 64
Initializing random number generator from current time


Extra file open flags: (none)
64 files, 128MiB each
8GiB total file size
Block size 32KiB
Number of IO requests: 0
Read/Write ratio for combined random IO test: 1.50
Calling fsync() after each write operation.
Using synchronous I/O mode
Doing random read test
Initializing worker threads...

Threads started!


File operations:
    reads/s:                      1047840.22
    writes/s:                     0.00
    fsyncs/s:                     0.00

Throughput:
    read, MiB/s:                  32745.01
    written, MiB/s:               0.00

General statistics:
    total time:                          240.0004s
    total number of events:              251483661

Latency (ms):
         min:                                    0.00
         avg:                                    0.04
         max:                                   25.90
         95th percentile:                        0.19
         sum:                              8820846.29

Threads fairness:
    events (avg/stddev):           3929432.2031/9466.71
    execution time (avg/stddev):   137.8257/0.15

