sysbench 1.0.17 (using bundled LuaJIT 2.1.0-beta2)

Running the test with following options:
Number of threads: 1
Initializing random number generator from current time


Extra file open flags: (none)
64 files, 128MiB each
8GiB total file size
Block size 32KiB
Number of IO requests: 0
Read/Write ratio for combined random IO test: 1.50
Calling fsync() after each write operation.
Using synchronous I/O mode
Doing random read test
Initializing worker threads...

Threads started!


File operations:
    reads/s:                      192657.59
    writes/s:                     0.00
    fsyncs/s:                     0.00

Throughput:
    read, MiB/s:                  6020.55
    written, MiB/s:               0.00

General statistics:
    total time:                          240.0001s
    total number of events:              46238138

Latency (ms):
         min:                                    0.00
         avg:                                    0.00
         max:                                    0.20
         95th percentile:                        0.01
         sum:                               228177.43

Threads fairness:
    events (avg/stddev):           46238138.0000/0.00
    execution time (avg/stddev):   228.1774/0.00

sysbench 1.0.17 (using bundled LuaJIT 2.1.0-beta2)

Running the test with following options:
Number of threads: 4
Initializing random number generator from current time


Extra file open flags: (none)
64 files, 128MiB each
8GiB total file size
Block size 32KiB
Number of IO requests: 0
Read/Write ratio for combined random IO test: 1.50
Calling fsync() after each write operation.
Using synchronous I/O mode
Doing random read test
Initializing worker threads...

Threads started!


File operations:
    reads/s:                      655463.37
    writes/s:                     0.00
    fsyncs/s:                     0.00

Throughput:
    read, MiB/s:                  20483.23
    written, MiB/s:               0.00

General statistics:
    total time:                          240.0001s
    total number of events:              157312294

Latency (ms):
         min:                                    0.00
         avg:                                    0.01
         max:                                    0.69
         95th percentile:                        0.01
         sum:                               873715.79

Threads fairness:
    events (avg/stddev):           39328073.5000/632846.67
    execution time (avg/stddev):   218.4289/0.09

sysbench 1.0.17 (using bundled LuaJIT 2.1.0-beta2)

Running the test with following options:
Number of threads: 8
Initializing random number generator from current time


Extra file open flags: (none)
64 files, 128MiB each
8GiB total file size
Block size 32KiB
Number of IO requests: 0
Read/Write ratio for combined random IO test: 1.50
Calling fsync() after each write operation.
Using synchronous I/O mode
Doing random read test
Initializing worker threads...

Threads started!


File operations:
    reads/s:                      1046875.73
    writes/s:                     0.00
    fsyncs/s:                     0.00

Throughput:
    read, MiB/s:                  32714.87
    written, MiB/s:               0.00

General statistics:
    total time:                          240.0001s
    total number of events:              251251929

Latency (ms):
         min:                                    0.00
         avg:                                    0.01
         max:                                    6.41
         95th percentile:                        0.01
         sum:                              1632858.89

Threads fairness:
    events (avg/stddev):           31406491.1250/420871.89
    execution time (avg/stddev):   204.1074/0.13

sysbench 1.0.17 (using bundled LuaJIT 2.1.0-beta2)

Running the test with following options:
Number of threads: 16
Initializing random number generator from current time


Extra file open flags: (none)
64 files, 128MiB each
8GiB total file size
Block size 32KiB
Number of IO requests: 0
Read/Write ratio for combined random IO test: 1.50
Calling fsync() after each write operation.
Using synchronous I/O mode
Doing random read test
Initializing worker threads...

Threads started!


File operations:
    reads/s:                      1021686.59
    writes/s:                     0.00
    fsyncs/s:                     0.00

Throughput:
    read, MiB/s:                  31927.71
    written, MiB/s:               0.00

General statistics:
    total time:                          240.0002s
    total number of events:              245206510

Latency (ms):
         min:                                    0.00
         avg:                                    0.01
         max:                                    3.57
         95th percentile:                        0.02
         sum:                              2732818.91

Threads fairness:
    events (avg/stddev):           15325406.8750/19826.29
    execution time (avg/stddev):   170.8012/0.19

sysbench 1.0.17 (using bundled LuaJIT 2.1.0-beta2)

Running the test with following options:
Number of threads: 32
Initializing random number generator from current time


Extra file open flags: (none)
64 files, 128MiB each
8GiB total file size
Block size 32KiB
Number of IO requests: 0
Read/Write ratio for combined random IO test: 1.50
Calling fsync() after each write operation.
Using synchronous I/O mode
Doing random read test
Initializing worker threads...

Threads started!


File operations:
    reads/s:                      1024668.87
    writes/s:                     0.00
    fsyncs/s:                     0.00

Throughput:
    read, MiB/s:                  32020.90
    written, MiB/s:               0.00

General statistics:
    total time:                          240.0003s
    total number of events:              245922403

Latency (ms):
         min:                                    0.00
         avg:                                    0.02
         max:                                    8.08
         95th percentile:                        0.07
         sum:                              4792000.99

Threads fairness:
    events (avg/stddev):           7685075.0938/12030.70
    execution time (avg/stddev):   149.7500/0.15

sysbench 1.0.17 (using bundled LuaJIT 2.1.0-beta2)

Running the test with following options:
Number of threads: 64
Initializing random number generator from current time


Extra file open flags: (none)
64 files, 128MiB each
8GiB total file size
Block size 32KiB
Number of IO requests: 0
Read/Write ratio for combined random IO test: 1.50
Calling fsync() after each write operation.
Using synchronous I/O mode
Doing random read test
Initializing worker threads...

Threads started!


File operations:
    reads/s:                      1032030.15
    writes/s:                     0.00
    fsyncs/s:                     0.00

Throughput:
    read, MiB/s:                  32250.94
    written, MiB/s:               0.00

General statistics:
    total time:                          240.0004s
    total number of events:              247689228

Latency (ms):
         min:                                    0.00
         avg:                                    0.04
         max:                                   25.02
         95th percentile:                        0.19
         sum:                              8755989.35

Threads fairness:
    events (avg/stddev):           3870144.1875/8191.99
    execution time (avg/stddev):   136.8123/0.17

