sysbench 1.0.17 (using bundled LuaJIT 2.1.0-beta2)

Running the test with following options:
Number of threads: 1
Initializing random number generator from current time


Extra file open flags: (none)
64 files, 128MiB each
8GiB total file size
Block size 32KiB
Number of IO requests: 0
Read/Write ratio for combined random IO test: 1.50
Calling fsync() after each write operation.
Using synchronous I/O mode
Doing random write test
Initializing worker threads...

Threads started!


File operations:
    reads/s:                      0.00
    writes/s:                     3950.09
    fsyncs/s:                     3950.09

Throughput:
    read, MiB/s:                  0.00
    written, MiB/s:               123.44

General statistics:
    total time:                          240.0002s
    total number of events:              948028

Latency (ms):
         min:                                    0.08
         avg:                                    0.25
         max:                                   38.61
         95th percentile:                        0.32
         sum:                               239622.04

Threads fairness:
    events (avg/stddev):           948028.0000/0.00
    execution time (avg/stddev):   239.6220/0.00

sysbench 1.0.17 (using bundled LuaJIT 2.1.0-beta2)

Running the test with following options:
Number of threads: 4
Initializing random number generator from current time


Extra file open flags: (none)
64 files, 128MiB each
8GiB total file size
Block size 32KiB
Number of IO requests: 0
Read/Write ratio for combined random IO test: 1.50
Calling fsync() after each write operation.
Using synchronous I/O mode
Doing random write test
Initializing worker threads...

Threads started!


File operations:
    reads/s:                      0.00
    writes/s:                     7261.01
    fsyncs/s:                     7261.01

Throughput:
    read, MiB/s:                  0.00
    written, MiB/s:               226.91

General statistics:
    total time:                          240.0003s
    total number of events:              1742655

Latency (ms):
         min:                                    0.07
         avg:                                    0.55
         max:                                   39.75
         95th percentile:                        0.39
         sum:                               959101.23

Threads fairness:
    events (avg/stddev):           435663.7500/349.81
    execution time (avg/stddev):   239.7753/0.00

sysbench 1.0.17 (using bundled LuaJIT 2.1.0-beta2)

Running the test with following options:
Number of threads: 8
Initializing random number generator from current time


Extra file open flags: (none)
64 files, 128MiB each
8GiB total file size
Block size 32KiB
Number of IO requests: 0
Read/Write ratio for combined random IO test: 1.50
Calling fsync() after each write operation.
Using synchronous I/O mode
Doing random write test
Initializing worker threads...

Threads started!


File operations:
    reads/s:                      0.00
    writes/s:                     7642.85
    fsyncs/s:                     7642.85

Throughput:
    read, MiB/s:                  0.00
    written, MiB/s:               238.84

General statistics:
    total time:                          240.0383s
    total number of events:              1834586

Latency (ms):
         min:                                    0.07
         avg:                                    1.05
         max:                                   84.22
         95th percentile:                        0.48
         sum:                              1918968.14

Threads fairness:
    events (avg/stddev):           229323.2500/165.21
    execution time (avg/stddev):   239.8710/0.00

sysbench 1.0.17 (using bundled LuaJIT 2.1.0-beta2)

Running the test with following options:
Number of threads: 16
Initializing random number generator from current time


Extra file open flags: (none)
64 files, 128MiB each
8GiB total file size
Block size 32KiB
Number of IO requests: 0
Read/Write ratio for combined random IO test: 1.50
Calling fsync() after each write operation.
Using synchronous I/O mode
Doing random write test
Initializing worker threads...

Threads started!


File operations:
    reads/s:                      0.00
    writes/s:                     7885.02
    fsyncs/s:                     7885.02

Throughput:
    read, MiB/s:                  0.00
    written, MiB/s:               246.41

General statistics:
    total time:                          240.0004s
    total number of events:              1892418

Latency (ms):
         min:                                    0.08
         avg:                                    2.03
         max:                                   52.11
         95th percentile:                        0.77
         sum:                              3837740.83

Threads fairness:
    events (avg/stddev):           118276.1250/194.85
    execution time (avg/stddev):   239.8588/0.00

sysbench 1.0.17 (using bundled LuaJIT 2.1.0-beta2)

Running the test with following options:
Number of threads: 32
Initializing random number generator from current time


Extra file open flags: (none)
64 files, 128MiB each
8GiB total file size
Block size 32KiB
Number of IO requests: 0
Read/Write ratio for combined random IO test: 1.50
Calling fsync() after each write operation.
Using synchronous I/O mode
Doing random write test
Initializing worker threads...

Threads started!


File operations:
    reads/s:                      0.00
    writes/s:                     8005.49
    fsyncs/s:                     8005.49

Throughput:
    read, MiB/s:                  0.00
    written, MiB/s:               250.17

General statistics:
    total time:                          240.0328s
    total number of events:              1921591

Latency (ms):
         min:                                    0.08
         avg:                                    4.00
         max:                                   52.60
         95th percentile:                       44.17
         sum:                              7678451.17

Threads fairness:
    events (avg/stddev):           60049.7188/126.13
    execution time (avg/stddev):   239.9516/0.00

sysbench 1.0.17 (using bundled LuaJIT 2.1.0-beta2)

Running the test with following options:
Number of threads: 64
Initializing random number generator from current time


Extra file open flags: (none)
64 files, 128MiB each
8GiB total file size
Block size 32KiB
Number of IO requests: 0
Read/Write ratio for combined random IO test: 1.50
Calling fsync() after each write operation.
Using synchronous I/O mode
Doing random write test
Initializing worker threads...

Threads started!


File operations:
    reads/s:                      0.00
    writes/s:                     8060.49
    fsyncs/s:                     8060.49

Throughput:
    read, MiB/s:                  0.00
    written, MiB/s:               251.89

General statistics:
    total time:                          240.0406s
    total number of events:              1934854

Latency (ms):
         min:                                    0.08
         avg:                                    7.94
         max:                                   96.54
         95th percentile:                       45.79
         sum:                             15359100.64

Threads fairness:
    events (avg/stddev):           30232.0938/89.76
    execution time (avg/stddev):   239.9859/0.00

