sysbench 1.0.17 (using bundled LuaJIT 2.1.0-beta2)

Running the test with following options:
Number of threads: 1
Initializing random number generator from current time


Extra file open flags: (none)
64 files, 128MiB each
8GiB total file size
Block size 32KiB
Number of IO requests: 0
Read/Write ratio for combined random IO test: 1.50
Calling fsync() after each write operation.
Using synchronous I/O mode
Doing random read test
Initializing worker threads...

Threads started!


File operations:
    reads/s:                      163336.84
    writes/s:                     0.00
    fsyncs/s:                     0.00

Throughput:
    read, MiB/s:                  5104.28
    written, MiB/s:               0.00

General statistics:
    total time:                          240.0001s
    total number of events:              39201165

Latency (ms):
         min:                                    0.00
         avg:                                    0.01
         max:                                    0.65
         95th percentile:                        0.01
         sum:                               227914.95

Threads fairness:
    events (avg/stddev):           39201165.0000/0.00
    execution time (avg/stddev):   227.9150/0.00

sysbench 1.0.17 (using bundled LuaJIT 2.1.0-beta2)

Running the test with following options:
Number of threads: 4
Initializing random number generator from current time


Extra file open flags: (none)
64 files, 128MiB each
8GiB total file size
Block size 32KiB
Number of IO requests: 0
Read/Write ratio for combined random IO test: 1.50
Calling fsync() after each write operation.
Using synchronous I/O mode
Doing random read test
Initializing worker threads...

Threads started!


File operations:
    reads/s:                      583364.32
    writes/s:                     0.00
    fsyncs/s:                     0.00

Throughput:
    read, MiB/s:                  18230.14
    written, MiB/s:               0.00

General statistics:
    total time:                          240.0002s
    total number of events:              140008662

Latency (ms):
         min:                                    0.00
         avg:                                    0.01
         max:                                    2.05
         95th percentile:                        0.01
         sum:                               882351.36

Threads fairness:
    events (avg/stddev):           35002165.5000/159629.21
    execution time (avg/stddev):   220.5878/0.12

sysbench 1.0.17 (using bundled LuaJIT 2.1.0-beta2)

Running the test with following options:
Number of threads: 8
Initializing random number generator from current time


Extra file open flags: (none)
64 files, 128MiB each
8GiB total file size
Block size 32KiB
Number of IO requests: 0
Read/Write ratio for combined random IO test: 1.50
Calling fsync() after each write operation.
Using synchronous I/O mode
Doing random read test
Initializing worker threads...

Threads started!


File operations:
    reads/s:                      885438.24
    writes/s:                     0.00
    fsyncs/s:                     0.00

Throughput:
    read, MiB/s:                  27669.94
    written, MiB/s:               0.00

General statistics:
    total time:                          240.0002s
    total number of events:              212507135

Latency (ms):
         min:                                    0.00
         avg:                                    0.01
         max:                                    2.15
         95th percentile:                        0.01
         sum:                              1646392.12

Threads fairness:
    events (avg/stddev):           26563391.8750/72029.73
    execution time (avg/stddev):   205.7990/0.03

sysbench 1.0.17 (using bundled LuaJIT 2.1.0-beta2)

Running the test with following options:
Number of threads: 16
Initializing random number generator from current time


Extra file open flags: (none)
64 files, 128MiB each
8GiB total file size
Block size 32KiB
Number of IO requests: 0
Read/Write ratio for combined random IO test: 1.50
Calling fsync() after each write operation.
Using synchronous I/O mode
Doing random read test
Initializing worker threads...

Threads started!


File operations:
    reads/s:                      923789.16
    writes/s:                     0.00
    fsyncs/s:                     0.00

Throughput:
    read, MiB/s:                  28868.41
    written, MiB/s:               0.00

General statistics:
    total time:                          240.0002s
    total number of events:              221711536

Latency (ms):
         min:                                    0.00
         avg:                                    0.01
         max:                                   12.59
         95th percentile:                        0.03
         sum:                              2801539.43

Threads fairness:
    events (avg/stddev):           13856971.0000/23755.80
    execution time (avg/stddev):   175.0962/0.24

sysbench 1.0.17 (using bundled LuaJIT 2.1.0-beta2)

Running the test with following options:
Number of threads: 32
Initializing random number generator from current time


Extra file open flags: (none)
64 files, 128MiB each
8GiB total file size
Block size 32KiB
Number of IO requests: 0
Read/Write ratio for combined random IO test: 1.50
Calling fsync() after each write operation.
Using synchronous I/O mode
Doing random read test
Initializing worker threads...

Threads started!


File operations:
    reads/s:                      918625.45
    writes/s:                     0.00
    fsyncs/s:                     0.00

Throughput:
    read, MiB/s:                  28707.05
    written, MiB/s:               0.00

General statistics:
    total time:                          240.0004s
    total number of events:              220472265

Latency (ms):
         min:                                    0.00
         avg:                                    0.02
         max:                                   24.28
         95th percentile:                        0.08
         sum:                              4785281.06

Threads fairness:
    events (avg/stddev):           6889758.2812/9166.20
    execution time (avg/stddev):   149.5400/0.09

sysbench 1.0.17 (using bundled LuaJIT 2.1.0-beta2)

Running the test with following options:
Number of threads: 64
Initializing random number generator from current time


Extra file open flags: (none)
64 files, 128MiB each
8GiB total file size
Block size 32KiB
Number of IO requests: 0
Read/Write ratio for combined random IO test: 1.50
Calling fsync() after each write operation.
Using synchronous I/O mode
Doing random read test
Initializing worker threads...

Threads started!


File operations:
    reads/s:                      905339.28
    writes/s:                     0.00
    fsyncs/s:                     0.00

Throughput:
    read, MiB/s:                  28291.85
    written, MiB/s:               0.00

General statistics:
    total time:                          240.0007s
    total number of events:              217283891

Latency (ms):
         min:                                    0.00
         avg:                                    0.04
         max:                                   26.52
         95th percentile:                        0.23
         sum:                              8800968.76

Threads fairness:
    events (avg/stddev):           3395060.7969/6299.69
    execution time (avg/stddev):   137.5151/0.15

