sysbench 1.0.17 (using bundled LuaJIT 2.1.0-beta2)

Running the test with following options:
Number of threads: 1
Initializing random number generator from current time


Extra file open flags: (none)
64 files, 128MiB each
8GiB total file size
Block size 32KiB
Number of IO requests: 0
Read/Write ratio for combined random IO test: 1.50
Calling fsync() after each write operation.
Using synchronous I/O mode
Doing random write test
Initializing worker threads...

Threads started!


File operations:
    reads/s:                      0.00
    writes/s:                     3362.46
    fsyncs/s:                     3362.46

Throughput:
    read, MiB/s:                  0.00
    written, MiB/s:               105.08

General statistics:
    total time:                          240.0002s
    total number of events:              806997

Latency (ms):
         min:                                    0.09
         avg:                                    0.30
         max:                                   38.35
         95th percentile:                        0.42
         sum:                               239637.52

Threads fairness:
    events (avg/stddev):           806997.0000/0.00
    execution time (avg/stddev):   239.6375/0.00

sysbench 1.0.17 (using bundled LuaJIT 2.1.0-beta2)

Running the test with following options:
Number of threads: 4
Initializing random number generator from current time


Extra file open flags: (none)
64 files, 128MiB each
8GiB total file size
Block size 32KiB
Number of IO requests: 0
Read/Write ratio for combined random IO test: 1.50
Calling fsync() after each write operation.
Using synchronous I/O mode
Doing random write test
Initializing worker threads...

Threads started!


File operations:
    reads/s:                      0.00
    writes/s:                     10832.82
    fsyncs/s:                     10832.82

Throughput:
    read, MiB/s:                  0.00
    written, MiB/s:               338.53

General statistics:
    total time:                          240.0003s
    total number of events:              2599902

Latency (ms):
         min:                                    0.10
         avg:                                    0.37
         max:                                   10.47
         95th percentile:                        0.75
         sum:                               958297.58

Threads fairness:
    events (avg/stddev):           649975.5000/1021.47
    execution time (avg/stddev):   239.5744/0.00

sysbench 1.0.17 (using bundled LuaJIT 2.1.0-beta2)

Running the test with following options:
Number of threads: 8
Initializing random number generator from current time


Extra file open flags: (none)
64 files, 128MiB each
8GiB total file size
Block size 32KiB
Number of IO requests: 0
Read/Write ratio for combined random IO test: 1.50
Calling fsync() after each write operation.
Using synchronous I/O mode
Doing random write test
Initializing worker threads...

Threads started!


File operations:
    reads/s:                      0.00
    writes/s:                     11270.47
    fsyncs/s:                     11270.47

Throughput:
    read, MiB/s:                  0.00
    written, MiB/s:               352.20

General statistics:
    total time:                          240.0010s
    total number of events:              2704942

Latency (ms):
         min:                                    0.10
         avg:                                    0.71
         max:                                  321.32
         95th percentile:                        1.14
         sum:                              1917787.38

Threads fairness:
    events (avg/stddev):           338117.7500/772.71
    execution time (avg/stddev):   239.7234/0.00

sysbench 1.0.17 (using bundled LuaJIT 2.1.0-beta2)

Running the test with following options:
Number of threads: 16
Initializing random number generator from current time


Extra file open flags: (none)
64 files, 128MiB each
8GiB total file size
Block size 32KiB
Number of IO requests: 0
Read/Write ratio for combined random IO test: 1.50
Calling fsync() after each write operation.
Using synchronous I/O mode
Doing random write test
Initializing worker threads...

Threads started!


File operations:
    reads/s:                      0.00
    writes/s:                     11607.84
    fsyncs/s:                     11607.84

Throughput:
    read, MiB/s:                  0.00
    written, MiB/s:               362.74

General statistics:
    total time:                          240.0013s
    total number of events:              2785916

Latency (ms):
         min:                                    0.10
         avg:                                    1.38
         max:                                  716.23
         95th percentile:                        3.68
         sum:                              3835843.27

Threads fairness:
    events (avg/stddev):           174119.7500/272.39
    execution time (avg/stddev):   239.7402/0.00

sysbench 1.0.17 (using bundled LuaJIT 2.1.0-beta2)

Running the test with following options:
Number of threads: 32
Initializing random number generator from current time


Extra file open flags: (none)
64 files, 128MiB each
8GiB total file size
Block size 32KiB
Number of IO requests: 0
Read/Write ratio for combined random IO test: 1.50
Calling fsync() after each write operation.
Using synchronous I/O mode
Doing random write test
Initializing worker threads...

Threads started!


File operations:
    reads/s:                      0.00
    writes/s:                     12016.76
    fsyncs/s:                     12016.76

Throughput:
    read, MiB/s:                  0.00
    written, MiB/s:               375.52

General statistics:
    total time:                          240.0089s
    total number of events:              2884149

Latency (ms):
         min:                                    0.10
         avg:                                    2.66
         max:                                  166.09
         95th percentile:                        7.43
         sum:                              7673523.27

Threads fairness:
    events (avg/stddev):           90129.6562/183.73
    execution time (avg/stddev):   239.7976/0.00

sysbench 1.0.17 (using bundled LuaJIT 2.1.0-beta2)

Running the test with following options:
Number of threads: 64
Initializing random number generator from current time


Extra file open flags: (none)
64 files, 128MiB each
8GiB total file size
Block size 32KiB
Number of IO requests: 0
Read/Write ratio for combined random IO test: 1.50
Calling fsync() after each write operation.
Using synchronous I/O mode
Doing random write test
Initializing worker threads...

Threads started!


File operations:
    reads/s:                      0.00
    writes/s:                     12179.20
    fsyncs/s:                     12179.20

Throughput:
    read, MiB/s:                  0.00
    written, MiB/s:               380.60

General statistics:
    total time:                          240.0068s
    total number of events:              2923110

Latency (ms):
         min:                                    0.11
         avg:                                    5.25
         max:                                  316.97
         95th percentile:                       13.46
         sum:                             15349796.61

Threads fairness:
    events (avg/stddev):           45673.5938/131.76
    execution time (avg/stddev):   239.8406/0.00

