sysbench 1.0.17 (using bundled LuaJIT 2.1.0-beta2)

Running the test with following options:
Number of threads: 1
Initializing random number generator from current time


Extra file open flags: (none)
64 files, 128MiB each
8GiB total file size
Block size 32KiB
Number of IO requests: 0
Read/Write ratio for combined random IO test: 1.50
Calling fsync() after each write operation.
Using synchronous I/O mode
Doing random write test
Initializing worker threads...

Threads started!


File operations:
    reads/s:                      0.00
    writes/s:                     3656.06
    fsyncs/s:                     3656.06

Throughput:
    read, MiB/s:                  0.00
    written, MiB/s:               114.25

General statistics:
    total time:                          240.0003s
    total number of events:              877461

Latency (ms):
         min:                                    0.06
         avg:                                    0.27
         max:                                   16.15
         95th percentile:                        0.31
         sum:                               239284.72

Threads fairness:
    events (avg/stddev):           877461.0000/0.00
    execution time (avg/stddev):   239.2847/0.00

sysbench 1.0.17 (using bundled LuaJIT 2.1.0-beta2)

Running the test with following options:
Number of threads: 4
Initializing random number generator from current time


Extra file open flags: (none)
64 files, 128MiB each
8GiB total file size
Block size 32KiB
Number of IO requests: 0
Read/Write ratio for combined random IO test: 1.50
Calling fsync() after each write operation.
Using synchronous I/O mode
Doing random write test
Initializing worker threads...

Threads started!


File operations:
    reads/s:                      0.00
    writes/s:                     14923.48
    fsyncs/s:                     14923.48

Throughput:
    read, MiB/s:                  0.00
    written, MiB/s:               466.36

General statistics:
    total time:                          240.0003s
    total number of events:              3581664

Latency (ms):
         min:                                    0.04
         avg:                                    0.27
         max:                                   21.63
         95th percentile:                        0.42
         sum:                               957705.06

Threads fairness:
    events (avg/stddev):           895416.0000/955.39
    execution time (avg/stddev):   239.4263/0.01

sysbench 1.0.17 (using bundled LuaJIT 2.1.0-beta2)

Running the test with following options:
Number of threads: 8
Initializing random number generator from current time


Extra file open flags: (none)
64 files, 128MiB each
8GiB total file size
Block size 32KiB
Number of IO requests: 0
Read/Write ratio for combined random IO test: 1.50
Calling fsync() after each write operation.
Using synchronous I/O mode
Doing random write test
Initializing worker threads...

Threads started!


File operations:
    reads/s:                      0.00
    writes/s:                     30528.55
    fsyncs/s:                     30528.55

Throughput:
    read, MiB/s:                  0.00
    written, MiB/s:               954.02

General statistics:
    total time:                          240.0005s
    total number of events:              7326919

Latency (ms):
         min:                                    0.04
         avg:                                    0.26
         max:                                   26.60
         95th percentile:                        0.50
         sum:                              1912979.48

Threads fairness:
    events (avg/stddev):           915864.8750/854.04
    execution time (avg/stddev):   239.1224/0.02

sysbench 1.0.17 (using bundled LuaJIT 2.1.0-beta2)

Running the test with following options:
Number of threads: 16
Initializing random number generator from current time


Extra file open flags: (none)
64 files, 128MiB each
8GiB total file size
Block size 32KiB
Number of IO requests: 0
Read/Write ratio for combined random IO test: 1.50
Calling fsync() after each write operation.
Using synchronous I/O mode
Doing random write test
Initializing worker threads...

Threads started!


File operations:
    reads/s:                      0.00
    writes/s:                     53827.98
    fsyncs/s:                     53827.98

Throughput:
    read, MiB/s:                  0.00
    written, MiB/s:               1682.12

General statistics:
    total time:                          240.0035s
    total number of events:              12918992

Latency (ms):
         min:                                    0.04
         avg:                                    0.30
         max:                                   28.46
         95th percentile:                        0.69
         sum:                              3822883.76

Threads fairness:
    events (avg/stddev):           807437.0000/1360.38
    execution time (avg/stddev):   238.9302/0.02

sysbench 1.0.17 (using bundled LuaJIT 2.1.0-beta2)

Running the test with following options:
Number of threads: 32
Initializing random number generator from current time


Extra file open flags: (none)
64 files, 128MiB each
8GiB total file size
Block size 32KiB
Number of IO requests: 0
Read/Write ratio for combined random IO test: 1.50
Calling fsync() after each write operation.
Using synchronous I/O mode
Doing random write test
Initializing worker threads...

Threads started!


File operations:
    reads/s:                      0.00
    writes/s:                     72890.92
    fsyncs/s:                     72890.92

Throughput:
    read, MiB/s:                  0.00
    written, MiB/s:               2277.84

General statistics:
    total time:                          240.0006s
    total number of events:              17493983

Latency (ms):
         min:                                    0.04
         avg:                                    0.44
         max:                                   20.20
         95th percentile:                        1.03
         sum:                              7645617.49

Threads fairness:
    events (avg/stddev):           546686.9688/646.44
    execution time (avg/stddev):   238.9255/0.02

sysbench 1.0.17 (using bundled LuaJIT 2.1.0-beta2)

Running the test with following options:
Number of threads: 64
Initializing random number generator from current time


Extra file open flags: (none)
64 files, 128MiB each
8GiB total file size
Block size 32KiB
Number of IO requests: 0
Read/Write ratio for combined random IO test: 1.50
Calling fsync() after each write operation.
Using synchronous I/O mode
Doing random write test
Initializing worker threads...

Threads started!


File operations:
    reads/s:                      0.00
    writes/s:                     98836.35
    fsyncs/s:                     98836.35

Throughput:
    read, MiB/s:                  0.00
    written, MiB/s:               3088.64

General statistics:
    total time:                          240.0055s
    total number of events:              23721428

Latency (ms):
         min:                                    0.04
         avg:                                    0.65
         max:                                  195.13
         95th percentile:                        1.50
         sum:                             15313161.80

Threads fairness:
    events (avg/stddev):           370647.3125/468.87
    execution time (avg/stddev):   239.2682/0.01

