sysbench 1.0.17 (using bundled LuaJIT 2.1.0-beta2)

Running the test with following options:
Number of threads: 1
Initializing random number generator from current time


Extra file open flags: (none)
64 files, 128MiB each
8GiB total file size
Block size 32KiB
Number of IO requests: 0
Read/Write ratio for combined random IO test: 1.50
Calling fsync() after each write operation.
Using synchronous I/O mode
Doing random read test
Initializing worker threads...

Threads started!


File operations:
    reads/s:                      203737.27
    writes/s:                     0.00
    fsyncs/s:                     0.00

Throughput:
    read, MiB/s:                  6366.79
    written, MiB/s:               0.00

General statistics:
    total time:                          240.0001s
    total number of events:              48897256

Latency (ms):
         min:                                    0.00
         avg:                                    0.00
         max:                                    0.05
         95th percentile:                        0.01
         sum:                               228663.09

Threads fairness:
    events (avg/stddev):           48897256.0000/0.00
    execution time (avg/stddev):   228.6631/0.00

sysbench 1.0.17 (using bundled LuaJIT 2.1.0-beta2)

Running the test with following options:
Number of threads: 4
Initializing random number generator from current time


Extra file open flags: (none)
64 files, 128MiB each
8GiB total file size
Block size 32KiB
Number of IO requests: 0
Read/Write ratio for combined random IO test: 1.50
Calling fsync() after each write operation.
Using synchronous I/O mode
Doing random read test
Initializing worker threads...

Threads started!


File operations:
    reads/s:                      653406.91
    writes/s:                     0.00
    fsyncs/s:                     0.00

Throughput:
    read, MiB/s:                  20418.97
    written, MiB/s:               0.00

General statistics:
    total time:                          240.0001s
    total number of events:              156818649

Latency (ms):
         min:                                    0.00
         avg:                                    0.01
         max:                                    0.06
         95th percentile:                        0.01
         sum:                               865173.72

Threads fairness:
    events (avg/stddev):           39204662.2500/284815.79
    execution time (avg/stddev):   216.2934/0.32

sysbench 1.0.17 (using bundled LuaJIT 2.1.0-beta2)

Running the test with following options:
Number of threads: 8
Initializing random number generator from current time


Extra file open flags: (none)
64 files, 128MiB each
8GiB total file size
Block size 32KiB
Number of IO requests: 0
Read/Write ratio for combined random IO test: 1.50
Calling fsync() after each write operation.
Using synchronous I/O mode
Doing random read test
Initializing worker threads...

Threads started!


File operations:
    reads/s:                      1008473.73
    writes/s:                     0.00
    fsyncs/s:                     0.00

Throughput:
    read, MiB/s:                  31514.80
    written, MiB/s:               0.00

General statistics:
    total time:                          240.0001s
    total number of events:              242035264

Latency (ms):
         min:                                    0.00
         avg:                                    0.01
         max:                                    0.44
         95th percentile:                        0.01
         sum:                              1596544.74

Threads fairness:
    events (avg/stddev):           30254408.0000/575445.01
    execution time (avg/stddev):   199.5681/1.37

sysbench 1.0.17 (using bundled LuaJIT 2.1.0-beta2)

Running the test with following options:
Number of threads: 16
Initializing random number generator from current time


Extra file open flags: (none)
64 files, 128MiB each
8GiB total file size
Block size 32KiB
Number of IO requests: 0
Read/Write ratio for combined random IO test: 1.50
Calling fsync() after each write operation.
Using synchronous I/O mode
Doing random read test
Initializing worker threads...

Threads started!


File operations:
    reads/s:                      923480.01
    writes/s:                     0.00
    fsyncs/s:                     0.00

Throughput:
    read, MiB/s:                  28858.75
    written, MiB/s:               0.00

General statistics:
    total time:                          240.0001s
    total number of events:              221636625

Latency (ms):
         min:                                    0.00
         avg:                                    0.01
         max:                                    3.58
         95th percentile:                        0.03
         sum:                              2601970.22

Threads fairness:
    events (avg/stddev):           13852289.0625/22277.84
    execution time (avg/stddev):   162.6231/0.16

sysbench 1.0.17 (using bundled LuaJIT 2.1.0-beta2)

Running the test with following options:
Number of threads: 32
Initializing random number generator from current time


Extra file open flags: (none)
64 files, 128MiB each
8GiB total file size
Block size 32KiB
Number of IO requests: 0
Read/Write ratio for combined random IO test: 1.50
Calling fsync() after each write operation.
Using synchronous I/O mode
Doing random read test
Initializing worker threads...

Threads started!


File operations:
    reads/s:                      964090.63
    writes/s:                     0.00
    fsyncs/s:                     0.00

Throughput:
    read, MiB/s:                  30127.83
    written, MiB/s:               0.00

General statistics:
    total time:                          240.0001s
    total number of events:              231383315

Latency (ms):
         min:                                    0.00
         avg:                                    0.02
         max:                                   10.35
         95th percentile:                        0.08
         sum:                              4607463.15

Threads fairness:
    events (avg/stddev):           7230728.5938/7345.67
    execution time (avg/stddev):   143.9832/0.10

sysbench 1.0.17 (using bundled LuaJIT 2.1.0-beta2)

Running the test with following options:
Number of threads: 64
Initializing random number generator from current time


Extra file open flags: (none)
64 files, 128MiB each
8GiB total file size
Block size 32KiB
Number of IO requests: 0
Read/Write ratio for combined random IO test: 1.50
Calling fsync() after each write operation.
Using synchronous I/O mode
Doing random read test
Initializing worker threads...

Threads started!


File operations:
    reads/s:                      956762.57
    writes/s:                     0.00
    fsyncs/s:                     0.00

Throughput:
    read, MiB/s:                  29898.83
    written, MiB/s:               0.00

General statistics:
    total time:                          240.0002s
    total number of events:              229624661

Latency (ms):
         min:                                    0.00
         avg:                                    0.04
         max:                                   42.36
         95th percentile:                        0.21
         sum:                              8601338.30

Threads fairness:
    events (avg/stddev):           3587885.3281/8613.57
    execution time (avg/stddev):   134.3959/0.14

