sysbench 1.0.17 (using bundled LuaJIT 2.1.0-beta2)

Running the test with following options:
Number of threads: 1
Initializing random number generator from current time


Extra file open flags: (none)
64 files, 128MiB each
8GiB total file size
Block size 32KiB
Number of IO requests: 0
Read/Write ratio for combined random IO test: 1.50
Calling fsync() after each write operation.
Using synchronous I/O mode
Doing random read test
Initializing worker threads...

Threads started!


File operations:
    reads/s:                      158880.99
    writes/s:                     0.00
    fsyncs/s:                     0.00

Throughput:
    read, MiB/s:                  4965.03
    written, MiB/s:               0.00

General statistics:
    total time:                          240.0001s
    total number of events:              38131790

Latency (ms):
         min:                                    0.00
         avg:                                    0.01
         max:                                    5.34
         95th percentile:                        0.01
         sum:                               228797.87

Threads fairness:
    events (avg/stddev):           38131790.0000/0.00
    execution time (avg/stddev):   228.7979/0.00

sysbench 1.0.17 (using bundled LuaJIT 2.1.0-beta2)

Running the test with following options:
Number of threads: 4
Initializing random number generator from current time


Extra file open flags: (none)
64 files, 128MiB each
8GiB total file size
Block size 32KiB
Number of IO requests: 0
Read/Write ratio for combined random IO test: 1.50
Calling fsync() after each write operation.
Using synchronous I/O mode
Doing random read test
Initializing worker threads...

Threads started!


File operations:
    reads/s:                      381521.56
    writes/s:                     0.00
    fsyncs/s:                     0.00

Throughput:
    read, MiB/s:                  11922.55
    written, MiB/s:               0.00

General statistics:
    total time:                          240.0002s
    total number of events:              91566057

Latency (ms):
         min:                                    0.00
         avg:                                    0.01
         max:                                   17.17
         95th percentile:                        0.02
         sum:                               903588.05

Threads fairness:
    events (avg/stddev):           22891514.2500/52495.16
    execution time (avg/stddev):   225.8970/0.28

sysbench 1.0.17 (using bundled LuaJIT 2.1.0-beta2)

Running the test with following options:
Number of threads: 8
Initializing random number generator from current time


Extra file open flags: (none)
64 files, 128MiB each
8GiB total file size
Block size 32KiB
Number of IO requests: 0
Read/Write ratio for combined random IO test: 1.50
Calling fsync() after each write operation.
Using synchronous I/O mode
Doing random read test
Initializing worker threads...

Threads started!


File operations:
    reads/s:                      385263.00
    writes/s:                     0.00
    fsyncs/s:                     0.00

Throughput:
    read, MiB/s:                  12039.47
    written, MiB/s:               0.00

General statistics:
    total time:                          240.0002s
    total number of events:              92463909

Latency (ms):
         min:                                    0.00
         avg:                                    0.02
         max:                                   55.21
         95th percentile:                        0.01
         sum:                              1672357.95

Threads fairness:
    events (avg/stddev):           11557988.6250/34417.73
    execution time (avg/stddev):   209.0447/0.43

sysbench 1.0.17 (using bundled LuaJIT 2.1.0-beta2)

Running the test with following options:
Number of threads: 16
Initializing random number generator from current time


Extra file open flags: (none)
64 files, 128MiB each
8GiB total file size
Block size 32KiB
Number of IO requests: 0
Read/Write ratio for combined random IO test: 1.50
Calling fsync() after each write operation.
Using synchronous I/O mode
Doing random read test
Initializing worker threads...

Threads started!


File operations:
    reads/s:                      388538.02
    writes/s:                     0.00
    fsyncs/s:                     0.00

Throughput:
    read, MiB/s:                  12141.81
    written, MiB/s:               0.00

General statistics:
    total time:                          240.0004s
    total number of events:              93250023

Latency (ms):
         min:                                    0.00
         avg:                                    0.04
         max:                                   57.12
         95th percentile:                        0.01
         sum:                              3281874.80

Threads fairness:
    events (avg/stddev):           5828126.4375/17156.69
    execution time (avg/stddev):   205.1172/0.69

sysbench 1.0.17 (using bundled LuaJIT 2.1.0-beta2)

Running the test with following options:
Number of threads: 32
Initializing random number generator from current time


Extra file open flags: (none)
64 files, 128MiB each
8GiB total file size
Block size 32KiB
Number of IO requests: 0
Read/Write ratio for combined random IO test: 1.50
Calling fsync() after each write operation.
Using synchronous I/O mode
Doing random read test
Initializing worker threads...

Threads started!


File operations:
    reads/s:                      383210.36
    writes/s:                     0.00
    fsyncs/s:                     0.00

Throughput:
    read, MiB/s:                  11975.32
    written, MiB/s:               0.00

General statistics:
    total time:                          240.0006s
    total number of events:              91971427

Latency (ms):
         min:                                    0.00
         avg:                                    0.07
         max:                                  120.03
         95th percentile:                        0.01
         sum:                              6758963.63

Threads fairness:
    events (avg/stddev):           2874107.0938/13898.28
    execution time (avg/stddev):   211.2176/0.95

sysbench 1.0.17 (using bundled LuaJIT 2.1.0-beta2)

Running the test with following options:
Number of threads: 64
Initializing random number generator from current time


Extra file open flags: (none)
64 files, 128MiB each
8GiB total file size
Block size 32KiB
Number of IO requests: 0
Read/Write ratio for combined random IO test: 1.50
Calling fsync() after each write operation.
Using synchronous I/O mode
Doing random read test
Initializing worker threads...

Threads started!


File operations:
    reads/s:                      388999.64
    writes/s:                     0.00
    fsyncs/s:                     0.00

Throughput:
    read, MiB/s:                  12156.24
    written, MiB/s:               0.00

General statistics:
    total time:                          240.0013s
    total number of events:              93361160

Latency (ms):
         min:                                    0.00
         avg:                                    0.15
         max:                                  256.03
         95th percentile:                        0.01
         sum:                             13657482.50

Threads fairness:
    events (avg/stddev):           1458768.1250/5099.31
    execution time (avg/stddev):   213.3982/1.09

