sysbench 1.0.17 (using bundled LuaJIT 2.1.0-beta2)

Running the test with following options:
Number of threads: 1
Initializing random number generator from current time


Extra file open flags: (none)
64 files, 128MiB each
8GiB total file size
Block size 32KiB
Number of IO requests: 0
Read/Write ratio for combined random IO test: 1.50
Calling fsync() after each write operation.
Using synchronous I/O mode
Doing random read test
Initializing worker threads...

Threads started!


File operations:
    reads/s:                      214962.76
    writes/s:                     0.00
    fsyncs/s:                     0.00

Throughput:
    read, MiB/s:                  6717.59
    written, MiB/s:               0.00

General statistics:
    total time:                          240.0001s
    total number of events:              51591403

Latency (ms):
         min:                                    0.00
         avg:                                    0.00
         max:                                    0.54
         95th percentile:                        0.01
         sum:                               228836.01

Threads fairness:
    events (avg/stddev):           51591403.0000/0.00
    execution time (avg/stddev):   228.8360/0.00

sysbench 1.0.17 (using bundled LuaJIT 2.1.0-beta2)

Running the test with following options:
Number of threads: 4
Initializing random number generator from current time


Extra file open flags: (none)
64 files, 128MiB each
8GiB total file size
Block size 32KiB
Number of IO requests: 0
Read/Write ratio for combined random IO test: 1.50
Calling fsync() after each write operation.
Using synchronous I/O mode
Doing random read test
Initializing worker threads...

Threads started!


File operations:
    reads/s:                      726060.93
    writes/s:                     0.00
    fsyncs/s:                     0.00

Throughput:
    read, MiB/s:                  22689.40
    written, MiB/s:               0.00

General statistics:
    total time:                          240.0001s
    total number of events:              174255758

Latency (ms):
         min:                                    0.00
         avg:                                    0.01
         max:                                    0.92
         95th percentile:                        0.01
         sum:                               871884.15

Threads fairness:
    events (avg/stddev):           43563939.5000/17420.08
    execution time (avg/stddev):   217.9710/0.18

sysbench 1.0.17 (using bundled LuaJIT 2.1.0-beta2)

Running the test with following options:
Number of threads: 8
Initializing random number generator from current time


Extra file open flags: (none)
64 files, 128MiB each
8GiB total file size
Block size 32KiB
Number of IO requests: 0
Read/Write ratio for combined random IO test: 1.50
Calling fsync() after each write operation.
Using synchronous I/O mode
Doing random read test
Initializing worker threads...

Threads started!


File operations:
    reads/s:                      1122208.50
    writes/s:                     0.00
    fsyncs/s:                     0.00

Throughput:
    read, MiB/s:                  35069.02
    written, MiB/s:               0.00

General statistics:
    total time:                          240.0002s
    total number of events:              269331889

Latency (ms):
         min:                                    0.00
         avg:                                    0.01
         max:                                    2.39
         95th percentile:                        0.01
         sum:                              1594794.74

Threads fairness:
    events (avg/stddev):           33666486.1250/59912.23
    execution time (avg/stddev):   199.3493/0.10

sysbench 1.0.17 (using bundled LuaJIT 2.1.0-beta2)

Running the test with following options:
Number of threads: 16
Initializing random number generator from current time


Extra file open flags: (none)
64 files, 128MiB each
8GiB total file size
Block size 32KiB
Number of IO requests: 0
Read/Write ratio for combined random IO test: 1.50
Calling fsync() after each write operation.
Using synchronous I/O mode
Doing random read test
Initializing worker threads...

Threads started!


File operations:
    reads/s:                      1124187.34
    writes/s:                     0.00
    fsyncs/s:                     0.00

Throughput:
    read, MiB/s:                  35130.85
    written, MiB/s:               0.00

General statistics:
    total time:                          240.0002s
    total number of events:              269806882

Latency (ms):
         min:                                    0.00
         avg:                                    0.01
         max:                                   24.16
         95th percentile:                        0.02
         sum:                              2686470.97

Threads fairness:
    events (avg/stddev):           16862930.1250/31135.49
    execution time (avg/stddev):   167.9044/0.15

sysbench 1.0.17 (using bundled LuaJIT 2.1.0-beta2)

Running the test with following options:
Number of threads: 32
Initializing random number generator from current time


Extra file open flags: (none)
64 files, 128MiB each
8GiB total file size
Block size 32KiB
Number of IO requests: 0
Read/Write ratio for combined random IO test: 1.50
Calling fsync() after each write operation.
Using synchronous I/O mode
Doing random read test
Initializing worker threads...

Threads started!


File operations:
    reads/s:                      1115155.87
    writes/s:                     0.00
    fsyncs/s:                     0.00

Throughput:
    read, MiB/s:                  34848.62
    written, MiB/s:               0.00

General statistics:
    total time:                          240.0004s
    total number of events:              267639518

Latency (ms):
         min:                                    0.00
         avg:                                    0.02
         max:                                   13.09
         95th percentile:                        0.07
         sum:                              4653324.65

Threads fairness:
    events (avg/stddev):           8363734.9375/29002.38
    execution time (avg/stddev):   145.4164/0.12

sysbench 1.0.17 (using bundled LuaJIT 2.1.0-beta2)

Running the test with following options:
Number of threads: 64
Initializing random number generator from current time


Extra file open flags: (none)
64 files, 128MiB each
8GiB total file size
Block size 32KiB
Number of IO requests: 0
Read/Write ratio for combined random IO test: 1.50
Calling fsync() after each write operation.
Using synchronous I/O mode
Doing random read test
Initializing worker threads...

Threads started!


File operations:
    reads/s:                      1105287.59
    writes/s:                     0.00
    fsyncs/s:                     0.00

Throughput:
    read, MiB/s:                  34540.24
    written, MiB/s:               0.00

General statistics:
    total time:                          240.0006s
    total number of events:              265271427

Latency (ms):
         min:                                    0.00
         avg:                                    0.03
         max:                                   23.63
         95th percentile:                        0.19
         sum:                              8731878.61

Threads fairness:
    events (avg/stddev):           4144866.0469/5834.30
    execution time (avg/stddev):   136.4356/0.12

