sysbench 1.0.17 (using bundled LuaJIT 2.1.0-beta2)

Running the test with following options:
Number of threads: 1
Initializing random number generator from current time


Extra file open flags: (none)
64 files, 128MiB each
8GiB total file size
Block size 32KiB
Number of IO requests: 0
Read/Write ratio for combined random IO test: 1.50
Calling fsync() after each write operation.
Using synchronous I/O mode
Doing random read test
Initializing worker threads...

Threads started!


File operations:
    reads/s:                      170895.38
    writes/s:                     0.00
    fsyncs/s:                     0.00

Throughput:
    read, MiB/s:                  5340.48
    written, MiB/s:               0.00

General statistics:
    total time:                          240.0001s
    total number of events:              41015230

Latency (ms):
         min:                                    0.00
         avg:                                    0.01
         max:                                    0.89
         95th percentile:                        0.01
         sum:                               228234.58

Threads fairness:
    events (avg/stddev):           41015230.0000/0.00
    execution time (avg/stddev):   228.2346/0.00

sysbench 1.0.17 (using bundled LuaJIT 2.1.0-beta2)

Running the test with following options:
Number of threads: 4
Initializing random number generator from current time


Extra file open flags: (none)
64 files, 128MiB each
8GiB total file size
Block size 32KiB
Number of IO requests: 0
Read/Write ratio for combined random IO test: 1.50
Calling fsync() after each write operation.
Using synchronous I/O mode
Doing random read test
Initializing worker threads...

Threads started!


File operations:
    reads/s:                      604217.57
    writes/s:                     0.00
    fsyncs/s:                     0.00

Throughput:
    read, MiB/s:                  18881.80
    written, MiB/s:               0.00

General statistics:
    total time:                          240.0002s
    total number of events:              145013372

Latency (ms):
         min:                                    0.00
         avg:                                    0.01
         max:                                    1.99
         95th percentile:                        0.01
         sum:                               879514.80

Threads fairness:
    events (avg/stddev):           36253343.0000/50237.89
    execution time (avg/stddev):   219.8787/0.12

sysbench 1.0.17 (using bundled LuaJIT 2.1.0-beta2)

Running the test with following options:
Number of threads: 8
Initializing random number generator from current time


Extra file open flags: (none)
64 files, 128MiB each
8GiB total file size
Block size 32KiB
Number of IO requests: 0
Read/Write ratio for combined random IO test: 1.50
Calling fsync() after each write operation.
Using synchronous I/O mode
Doing random read test
Initializing worker threads...

Threads started!


File operations:
    reads/s:                      991935.72
    writes/s:                     0.00
    fsyncs/s:                     0.00

Throughput:
    read, MiB/s:                  30997.99
    written, MiB/s:               0.00

General statistics:
    total time:                          240.0003s
    total number of events:              238066798

Latency (ms):
         min:                                    0.00
         avg:                                    0.01
         max:                                    2.80
         95th percentile:                        0.01
         sum:                              1636344.20

Threads fairness:
    events (avg/stddev):           29758349.7500/40140.67
    execution time (avg/stddev):   204.5430/0.07

sysbench 1.0.17 (using bundled LuaJIT 2.1.0-beta2)

Running the test with following options:
Number of threads: 16
Initializing random number generator from current time


Extra file open flags: (none)
64 files, 128MiB each
8GiB total file size
Block size 32KiB
Number of IO requests: 0
Read/Write ratio for combined random IO test: 1.50
Calling fsync() after each write operation.
Using synchronous I/O mode
Doing random read test
Initializing worker threads...

Threads started!


File operations:
    reads/s:                      1028144.09
    writes/s:                     0.00
    fsyncs/s:                     0.00

Throughput:
    read, MiB/s:                  32129.50
    written, MiB/s:               0.00

General statistics:
    total time:                          240.0002s
    total number of events:              246756837

Latency (ms):
         min:                                    0.00
         avg:                                    0.01
         max:                                   25.80
         95th percentile:                        0.02
         sum:                              2812496.91

Threads fairness:
    events (avg/stddev):           15422302.3125/38371.54
    execution time (avg/stddev):   175.7811/0.16

sysbench 1.0.17 (using bundled LuaJIT 2.1.0-beta2)

Running the test with following options:
Number of threads: 32
Initializing random number generator from current time


Extra file open flags: (none)
64 files, 128MiB each
8GiB total file size
Block size 32KiB
Number of IO requests: 0
Read/Write ratio for combined random IO test: 1.50
Calling fsync() after each write operation.
Using synchronous I/O mode
Doing random read test
Initializing worker threads...

Threads started!


File operations:
    reads/s:                      1023236.23
    writes/s:                     0.00
    fsyncs/s:                     0.00

Throughput:
    read, MiB/s:                  31976.13
    written, MiB/s:               0.00

General statistics:
    total time:                          240.0004s
    total number of events:              245579002

Latency (ms):
         min:                                    0.00
         avg:                                    0.02
         max:                                   24.52
         95th percentile:                        0.08
         sum:                              4789472.16

Threads fairness:
    events (avg/stddev):           7674343.8125/8705.76
    execution time (avg/stddev):   149.6710/0.09

sysbench 1.0.17 (using bundled LuaJIT 2.1.0-beta2)

Running the test with following options:
Number of threads: 64
Initializing random number generator from current time


Extra file open flags: (none)
64 files, 128MiB each
8GiB total file size
Block size 32KiB
Number of IO requests: 0
Read/Write ratio for combined random IO test: 1.50
Calling fsync() after each write operation.
Using synchronous I/O mode
Doing random read test
Initializing worker threads...

Threads started!


File operations:
    reads/s:                      953236.55
    writes/s:                     0.00
    fsyncs/s:                     0.00

Throughput:
    read, MiB/s:                  29788.64
    written, MiB/s:               0.00

General statistics:
    total time:                          240.0007s
    total number of events:              228779234

Latency (ms):
         min:                                    0.00
         avg:                                    0.04
         max:                                   36.35
         95th percentile:                        0.22
         sum:                              8783615.96

Threads fairness:
    events (avg/stddev):           3574675.5312/4317.53
    execution time (avg/stddev):   137.2440/0.11

