sysbench 1.0.17 (using bundled LuaJIT 2.1.0-beta2)

Running the test with following options:
Number of threads: 1
Initializing random number generator from current time


Extra file open flags: (none)
64 files, 128MiB each
8GiB total file size
Block size 32KiB
Number of IO requests: 0
Read/Write ratio for combined random IO test: 1.50
Calling fsync() after each write operation.
Using synchronous I/O mode
Doing random read test
Initializing worker threads...

Threads started!


File operations:
    reads/s:                      194937.22
    writes/s:                     0.00
    fsyncs/s:                     0.00

Throughput:
    read, MiB/s:                  6091.79
    written, MiB/s:               0.00

General statistics:
    total time:                          240.0001s
    total number of events:              46785232

Latency (ms):
         min:                                    0.00
         avg:                                    0.00
         max:                                    0.06
         95th percentile:                        0.01
         sum:                               228684.98

Threads fairness:
    events (avg/stddev):           46785232.0000/0.00
    execution time (avg/stddev):   228.6850/0.00

sysbench 1.0.17 (using bundled LuaJIT 2.1.0-beta2)

Running the test with following options:
Number of threads: 4
Initializing random number generator from current time


Extra file open flags: (none)
64 files, 128MiB each
8GiB total file size
Block size 32KiB
Number of IO requests: 0
Read/Write ratio for combined random IO test: 1.50
Calling fsync() after each write operation.
Using synchronous I/O mode
Doing random read test
Initializing worker threads...

Threads started!


File operations:
    reads/s:                      630902.95
    writes/s:                     0.00
    fsyncs/s:                     0.00

Throughput:
    read, MiB/s:                  19715.72
    written, MiB/s:               0.00

General statistics:
    total time:                          240.0001s
    total number of events:              151417636

Latency (ms):
         min:                                    0.00
         avg:                                    0.01
         max:                                    0.14
         95th percentile:                        0.01
         sum:                               866385.87

Threads fairness:
    events (avg/stddev):           37854409.0000/677171.20
    execution time (avg/stddev):   216.5965/0.19

sysbench 1.0.17 (using bundled LuaJIT 2.1.0-beta2)

Running the test with following options:
Number of threads: 8
Initializing random number generator from current time


Extra file open flags: (none)
64 files, 128MiB each
8GiB total file size
Block size 32KiB
Number of IO requests: 0
Read/Write ratio for combined random IO test: 1.50
Calling fsync() after each write operation.
Using synchronous I/O mode
Doing random read test
Initializing worker threads...

Threads started!


File operations:
    reads/s:                      989962.35
    writes/s:                     0.00
    fsyncs/s:                     0.00

Throughput:
    read, MiB/s:                  30936.32
    written, MiB/s:               0.00

General statistics:
    total time:                          240.0001s
    total number of events:              237592559

Latency (ms):
         min:                                    0.00
         avg:                                    0.01
         max:                                    0.47
         95th percentile:                        0.01
         sum:                              1608260.10

Threads fairness:
    events (avg/stddev):           29699069.8750/371803.95
    execution time (avg/stddev):   201.0325/1.39

sysbench 1.0.17 (using bundled LuaJIT 2.1.0-beta2)

Running the test with following options:
Number of threads: 16
Initializing random number generator from current time


Extra file open flags: (none)
64 files, 128MiB each
8GiB total file size
Block size 32KiB
Number of IO requests: 0
Read/Write ratio for combined random IO test: 1.50
Calling fsync() after each write operation.
Using synchronous I/O mode
Doing random read test
Initializing worker threads...

Threads started!


File operations:
    reads/s:                      922655.61
    writes/s:                     0.00
    fsyncs/s:                     0.00

Throughput:
    read, MiB/s:                  28832.99
    written, MiB/s:               0.00

General statistics:
    total time:                          240.0001s
    total number of events:              221438814

Latency (ms):
         min:                                    0.00
         avg:                                    0.01
         max:                                    1.28
         95th percentile:                        0.03
         sum:                              2624997.53

Threads fairness:
    events (avg/stddev):           13839925.8750/22455.85
    execution time (avg/stddev):   164.0623/0.19

sysbench 1.0.17 (using bundled LuaJIT 2.1.0-beta2)

Running the test with following options:
Number of threads: 32
Initializing random number generator from current time


Extra file open flags: (none)
64 files, 128MiB each
8GiB total file size
Block size 32KiB
Number of IO requests: 0
Read/Write ratio for combined random IO test: 1.50
Calling fsync() after each write operation.
Using synchronous I/O mode
Doing random read test
Initializing worker threads...

Threads started!


File operations:
    reads/s:                      853435.81
    writes/s:                     0.00
    fsyncs/s:                     0.00

Throughput:
    read, MiB/s:                  26669.87
    written, MiB/s:               0.00

General statistics:
    total time:                          240.0001s
    total number of events:              204825930

Latency (ms):
         min:                                    0.00
         avg:                                    0.02
         max:                                    4.12
         95th percentile:                        0.09
         sum:                              4543293.60

Threads fairness:
    events (avg/stddev):           6400810.3125/5990.87
    execution time (avg/stddev):   141.9779/0.11

sysbench 1.0.17 (using bundled LuaJIT 2.1.0-beta2)

Running the test with following options:
Number of threads: 64
Initializing random number generator from current time


Extra file open flags: (none)
64 files, 128MiB each
8GiB total file size
Block size 32KiB
Number of IO requests: 0
Read/Write ratio for combined random IO test: 1.50
Calling fsync() after each write operation.
Using synchronous I/O mode
Doing random read test
Initializing worker threads...

Threads started!


File operations:
    reads/s:                      937905.55
    writes/s:                     0.00
    fsyncs/s:                     0.00

Throughput:
    read, MiB/s:                  29309.55
    written, MiB/s:               0.00

General statistics:
    total time:                          240.0002s
    total number of events:              225098972

Latency (ms):
         min:                                    0.00
         avg:                                    0.04
         max:                                   41.11
         95th percentile:                        0.22
         sum:                              8629849.61

Threads fairness:
    events (avg/stddev):           3517171.4375/10530.74
    execution time (avg/stddev):   134.8414/0.18

