sysbench 1.0.17 (using bundled LuaJIT 2.1.0-beta2)

Running the test with following options:
Number of threads: 1
Initializing random number generator from current time


Extra file open flags: (none)
64 files, 128MiB each
8GiB total file size
Block size 32KiB
Number of IO requests: 0
Read/Write ratio for combined random IO test: 1.50
Calling fsync() after each write operation.
Using synchronous I/O mode
Doing random read test
Initializing worker threads...

Threads started!


File operations:
    reads/s:                      167215.23
    writes/s:                     0.00
    fsyncs/s:                     0.00

Throughput:
    read, MiB/s:                  5225.48
    written, MiB/s:               0.00

General statistics:
    total time:                          240.0001s
    total number of events:              40132014

Latency (ms):
         min:                                    0.00
         avg:                                    0.01
         max:                                    0.06
         95th percentile:                        0.01
         sum:                               206825.47

Threads fairness:
    events (avg/stddev):           40132014.0000/0.00
    execution time (avg/stddev):   206.8255/0.00

sysbench 1.0.17 (using bundled LuaJIT 2.1.0-beta2)

Running the test with following options:
Number of threads: 4
Initializing random number generator from current time


Extra file open flags: (none)
64 files, 128MiB each
8GiB total file size
Block size 32KiB
Number of IO requests: 0
Read/Write ratio for combined random IO test: 1.50
Calling fsync() after each write operation.
Using synchronous I/O mode
Doing random read test
Initializing worker threads...

Threads started!


File operations:
    reads/s:                      574438.28
    writes/s:                     0.00
    fsyncs/s:                     0.00

Throughput:
    read, MiB/s:                  17951.20
    written, MiB/s:               0.00

General statistics:
    total time:                          240.0001s
    total number of events:              137866447

Latency (ms):
         min:                                    0.00
         avg:                                    0.01
         max:                                    0.17
         95th percentile:                        0.01
         sum:                               803216.22

Threads fairness:
    events (avg/stddev):           34466611.7500/59466.37
    execution time (avg/stddev):   200.8041/0.21

sysbench 1.0.17 (using bundled LuaJIT 2.1.0-beta2)

Running the test with following options:
Number of threads: 8
Initializing random number generator from current time


Extra file open flags: (none)
64 files, 128MiB each
8GiB total file size
Block size 32KiB
Number of IO requests: 0
Read/Write ratio for combined random IO test: 1.50
Calling fsync() after each write operation.
Using synchronous I/O mode
Doing random read test
Initializing worker threads...

Threads started!


File operations:
    reads/s:                      937695.04
    writes/s:                     0.00
    fsyncs/s:                     0.00

Throughput:
    read, MiB/s:                  29302.97
    written, MiB/s:               0.00

General statistics:
    total time:                          240.0001s
    total number of events:              225048819

Latency (ms):
         min:                                    0.00
         avg:                                    0.01
         max:                                    0.27
         95th percentile:                        0.01
         sum:                              1530572.98

Threads fairness:
    events (avg/stddev):           28131102.3750/191175.71
    execution time (avg/stddev):   191.3216/0.58

sysbench 1.0.17 (using bundled LuaJIT 2.1.0-beta2)

Running the test with following options:
Number of threads: 16
Initializing random number generator from current time


Extra file open flags: (none)
64 files, 128MiB each
8GiB total file size
Block size 32KiB
Number of IO requests: 0
Read/Write ratio for combined random IO test: 1.50
Calling fsync() after each write operation.
Using synchronous I/O mode
Doing random read test
Initializing worker threads...

Threads started!


File operations:
    reads/s:                      1026189.09
    writes/s:                     0.00
    fsyncs/s:                     0.00

Throughput:
    read, MiB/s:                  32068.41
    written, MiB/s:               0.00

General statistics:
    total time:                          240.0001s
    total number of events:              246287573

Latency (ms):
         min:                                    0.00
         avg:                                    0.01
         max:                                    7.36
         95th percentile:                        0.02
         sum:                              2869770.58

Threads fairness:
    events (avg/stddev):           15392973.3125/49953.62
    execution time (avg/stddev):   179.3607/0.36

sysbench 1.0.17 (using bundled LuaJIT 2.1.0-beta2)

Running the test with following options:
Number of threads: 32
Initializing random number generator from current time


Extra file open flags: (none)
64 files, 128MiB each
8GiB total file size
Block size 32KiB
Number of IO requests: 0
Read/Write ratio for combined random IO test: 1.50
Calling fsync() after each write operation.
Using synchronous I/O mode
Doing random read test
Initializing worker threads...

Threads started!


File operations:
    reads/s:                      1080416.92
    writes/s:                     0.00
    fsyncs/s:                     0.00

Throughput:
    read, MiB/s:                  33763.03
    written, MiB/s:               0.00

General statistics:
    total time:                          240.0001s
    total number of events:              259302449

Latency (ms):
         min:                                    0.00
         avg:                                    0.02
         max:                                    5.46
         95th percentile:                        0.05
         sum:                              4901469.49

Threads fairness:
    events (avg/stddev):           8103201.5312/15923.52
    execution time (avg/stddev):   153.1709/0.20

sysbench 1.0.17 (using bundled LuaJIT 2.1.0-beta2)

Running the test with following options:
Number of threads: 64
Initializing random number generator from current time


Extra file open flags: (none)
64 files, 128MiB each
8GiB total file size
Block size 32KiB
Number of IO requests: 0
Read/Write ratio for combined random IO test: 1.50
Calling fsync() after each write operation.
Using synchronous I/O mode
Doing random read test
Initializing worker threads...

Threads started!


File operations:
    reads/s:                      1070846.41
    writes/s:                     0.00
    fsyncs/s:                     0.00

Throughput:
    read, MiB/s:                  33463.95
    written, MiB/s:               0.00

General statistics:
    total time:                          240.0002s
    total number of events:              257005600

Latency (ms):
         min:                                    0.00
         avg:                                    0.03
         max:                                   38.68
         95th percentile:                        0.15
         sum:                              8857014.75

Threads fairness:
    events (avg/stddev):           4015712.5000/11098.30
    execution time (avg/stddev):   138.3909/0.23

