sysbench 1.0.17 (using bundled LuaJIT 2.1.0-beta2)

Running the test with following options:
Number of threads: 1
Initializing random number generator from current time


Extra file open flags: (none)
64 files, 128MiB each
8GiB total file size
Block size 32KiB
Number of IO requests: 0
Read/Write ratio for combined random IO test: 1.50
Calling fsync() after each write operation.
Using synchronous I/O mode
Doing random read test
Initializing worker threads...

Threads started!


File operations:
    reads/s:                      236496.67
    writes/s:                     0.00
    fsyncs/s:                     0.00

Throughput:
    read, MiB/s:                  7390.52
    written, MiB/s:               0.00

General statistics:
    total time:                          240.0001s
    total number of events:              56759563

Latency (ms):
         min:                                    0.00
         avg:                                    0.00
         max:                                    0.07
         95th percentile:                        0.00
         sum:                               227904.11

Threads fairness:
    events (avg/stddev):           56759563.0000/0.00
    execution time (avg/stddev):   227.9041/0.00

sysbench 1.0.17 (using bundled LuaJIT 2.1.0-beta2)

Running the test with following options:
Number of threads: 4
Initializing random number generator from current time


Extra file open flags: (none)
64 files, 128MiB each
8GiB total file size
Block size 32KiB
Number of IO requests: 0
Read/Write ratio for combined random IO test: 1.50
Calling fsync() after each write operation.
Using synchronous I/O mode
Doing random read test
Initializing worker threads...

Threads started!


File operations:
    reads/s:                      635304.98
    writes/s:                     0.00
    fsyncs/s:                     0.00

Throughput:
    read, MiB/s:                  19853.28
    written, MiB/s:               0.00

General statistics:
    total time:                          240.0001s
    total number of events:              152474350

Latency (ms):
         min:                                    0.00
         avg:                                    0.01
         max:                                    0.39
         95th percentile:                        0.01
         sum:                               843111.41

Threads fairness:
    events (avg/stddev):           38118587.5000/1287008.84
    execution time (avg/stddev):   210.7779/1.28

sysbench 1.0.17 (using bundled LuaJIT 2.1.0-beta2)

Running the test with following options:
Number of threads: 8
Initializing random number generator from current time


Extra file open flags: (none)
64 files, 128MiB each
8GiB total file size
Block size 32KiB
Number of IO requests: 0
Read/Write ratio for combined random IO test: 1.50
Calling fsync() after each write operation.
Using synchronous I/O mode
Doing random read test
Initializing worker threads...

Threads started!


File operations:
    reads/s:                      829460.31
    writes/s:                     0.00
    fsyncs/s:                     0.00

Throughput:
    read, MiB/s:                  25920.63
    written, MiB/s:               0.00

General statistics:
    total time:                          240.0001s
    total number of events:              199071938

Latency (ms):
         min:                                    0.00
         avg:                                    0.01
         max:                                   14.57
         95th percentile:                        0.01
         sum:                              1743727.22

Threads fairness:
    events (avg/stddev):           24883992.2500/107710.23
    execution time (avg/stddev):   217.9659/0.40

sysbench 1.0.17 (using bundled LuaJIT 2.1.0-beta2)

Running the test with following options:
Number of threads: 16
Initializing random number generator from current time


Extra file open flags: (none)
64 files, 128MiB each
8GiB total file size
Block size 32KiB
Number of IO requests: 0
Read/Write ratio for combined random IO test: 1.50
Calling fsync() after each write operation.
Using synchronous I/O mode
Doing random read test
Initializing worker threads...

Threads started!


File operations:
    reads/s:                      801145.56
    writes/s:                     0.00
    fsyncs/s:                     0.00

Throughput:
    read, MiB/s:                  25035.80
    written, MiB/s:               0.00

General statistics:
    total time:                          240.0001s
    total number of events:              192276354

Latency (ms):
         min:                                    0.00
         avg:                                    0.01
         max:                                    8.97
         95th percentile:                        0.03
         sum:                              2730346.95

Threads fairness:
    events (avg/stddev):           12017272.1250/65209.62
    execution time (avg/stddev):   170.6467/0.53

sysbench 1.0.17 (using bundled LuaJIT 2.1.0-beta2)

Running the test with following options:
Number of threads: 32
Initializing random number generator from current time


Extra file open flags: (none)
64 files, 128MiB each
8GiB total file size
Block size 32KiB
Number of IO requests: 0
Read/Write ratio for combined random IO test: 1.50
Calling fsync() after each write operation.
Using synchronous I/O mode
Doing random read test
Initializing worker threads...

Threads started!


File operations:
    reads/s:                      776143.53
    writes/s:                     0.00
    fsyncs/s:                     0.00

Throughput:
    read, MiB/s:                  24254.49
    written, MiB/s:               0.00

General statistics:
    total time:                          240.0002s
    total number of events:              186275874

Latency (ms):
         min:                                    0.00
         avg:                                    0.03
         max:                                    7.96
         95th percentile:                        0.10
         sum:                              4727469.98

Threads fairness:
    events (avg/stddev):           5821121.0625/17267.72
    execution time (avg/stddev):   147.7334/0.41

sysbench 1.0.17 (using bundled LuaJIT 2.1.0-beta2)

Running the test with following options:
Number of threads: 64
Initializing random number generator from current time


Extra file open flags: (none)
64 files, 128MiB each
8GiB total file size
Block size 32KiB
Number of IO requests: 0
Read/Write ratio for combined random IO test: 1.50
Calling fsync() after each write operation.
Using synchronous I/O mode
Doing random read test
Initializing worker threads...

Threads started!


File operations:
    reads/s:                      758095.30
    writes/s:                     0.00
    fsyncs/s:                     0.00

Throughput:
    read, MiB/s:                  23690.48
    written, MiB/s:               0.00

General statistics:
    total time:                          240.0003s
    total number of events:              181944329

Latency (ms):
         min:                                    0.00
         avg:                                    0.05
         max:                                   14.82
         95th percentile:                        0.27
         sum:                              8835340.82

Threads fairness:
    events (avg/stddev):           2842880.1406/12241.73
    execution time (avg/stddev):   138.0522/0.32

