sysbench 1.0.17 (using bundled LuaJIT 2.1.0-beta2)

Running the test with following options:
Number of threads: 1
Initializing random number generator from current time


Extra file open flags: (none)
64 files, 128MiB each
8GiB total file size
Block size 32KiB
Number of IO requests: 0
Read/Write ratio for combined random IO test: 1.50
Calling fsync() after each write operation.
Using synchronous I/O mode
Doing random write test
Initializing worker threads...

Threads started!


File operations:
    reads/s:                      0.00
    writes/s:                     6105.11
    fsyncs/s:                     6105.11

Throughput:
    read, MiB/s:                  0.00
    written, MiB/s:               190.78

General statistics:
    total time:                          240.0002s
    total number of events:              1465237

Latency (ms):
         min:                                    0.06
         avg:                                    0.16
         max:                                    5.41
         95th percentile:                        0.20
         sum:                               239363.01

Threads fairness:
    events (avg/stddev):           1465237.0000/0.00
    execution time (avg/stddev):   239.3630/0.00

sysbench 1.0.17 (using bundled LuaJIT 2.1.0-beta2)

Running the test with following options:
Number of threads: 4
Initializing random number generator from current time


Extra file open flags: (none)
64 files, 128MiB each
8GiB total file size
Block size 32KiB
Number of IO requests: 0
Read/Write ratio for combined random IO test: 1.50
Calling fsync() after each write operation.
Using synchronous I/O mode
Doing random write test
Initializing worker threads...

Threads started!


File operations:
    reads/s:                      0.00
    writes/s:                     14332.96
    fsyncs/s:                     14332.96

Throughput:
    read, MiB/s:                  0.00
    written, MiB/s:               447.90

General statistics:
    total time:                          240.0003s
    total number of events:              3439939

Latency (ms):
         min:                                    0.06
         avg:                                    0.28
         max:                                    3.77
         95th percentile:                        0.55
         sum:                               957864.48

Threads fairness:
    events (avg/stddev):           859984.7500/337.14
    execution time (avg/stddev):   239.4661/0.00

sysbench 1.0.17 (using bundled LuaJIT 2.1.0-beta2)

Running the test with following options:
Number of threads: 8
Initializing random number generator from current time


Extra file open flags: (none)
64 files, 128MiB each
8GiB total file size
Block size 32KiB
Number of IO requests: 0
Read/Write ratio for combined random IO test: 1.50
Calling fsync() after each write operation.
Using synchronous I/O mode
Doing random write test
Initializing worker threads...

Threads started!


File operations:
    reads/s:                      0.00
    writes/s:                     14639.17
    fsyncs/s:                     14639.17

Throughput:
    read, MiB/s:                  0.00
    written, MiB/s:               457.47

General statistics:
    total time:                          240.0003s
    total number of events:              3513432

Latency (ms):
         min:                                    0.06
         avg:                                    0.55
         max:                                    5.33
         95th percentile:                        1.06
         sum:                              1917281.21

Threads fairness:
    events (avg/stddev):           439179.0000/293.32
    execution time (avg/stddev):   239.6602/0.00

sysbench 1.0.17 (using bundled LuaJIT 2.1.0-beta2)

Running the test with following options:
Number of threads: 16
Initializing random number generator from current time


Extra file open flags: (none)
64 files, 128MiB each
8GiB total file size
Block size 32KiB
Number of IO requests: 0
Read/Write ratio for combined random IO test: 1.50
Calling fsync() after each write operation.
Using synchronous I/O mode
Doing random write test
Initializing worker threads...

Threads started!


File operations:
    reads/s:                      0.00
    writes/s:                     15005.27
    fsyncs/s:                     15005.27

Throughput:
    read, MiB/s:                  0.00
    written, MiB/s:               468.91

General statistics:
    total time:                          240.0006s
    total number of events:              3601300

Latency (ms):
         min:                                    0.06
         avg:                                    1.07
         max:                                    5.99
         95th percentile:                        2.03
         sum:                              3835950.21

Threads fairness:
    events (avg/stddev):           225081.2500/275.01
    execution time (avg/stddev):   239.7469/0.00

sysbench 1.0.17 (using bundled LuaJIT 2.1.0-beta2)

Running the test with following options:
Number of threads: 32
Initializing random number generator from current time


Extra file open flags: (none)
64 files, 128MiB each
8GiB total file size
Block size 32KiB
Number of IO requests: 0
Read/Write ratio for combined random IO test: 1.50
Calling fsync() after each write operation.
Using synchronous I/O mode
Doing random write test
Initializing worker threads...

Threads started!


File operations:
    reads/s:                      0.00
    writes/s:                     15365.65
    fsyncs/s:                     15365.65

Throughput:
    read, MiB/s:                  0.00
    written, MiB/s:               480.18

General statistics:
    total time:                          240.0003s
    total number of events:              3687784

Latency (ms):
         min:                                    0.06
         avg:                                    2.08
         max:                                   12.66
         95th percentile:                        3.82
         sum:                              7672029.54

Threads fairness:
    events (avg/stddev):           115243.2500/189.99
    execution time (avg/stddev):   239.7509/0.00

sysbench 1.0.17 (using bundled LuaJIT 2.1.0-beta2)

Running the test with following options:
Number of threads: 64
Initializing random number generator from current time


Extra file open flags: (none)
64 files, 128MiB each
8GiB total file size
Block size 32KiB
Number of IO requests: 0
Read/Write ratio for combined random IO test: 1.50
Calling fsync() after each write operation.
Using synchronous I/O mode
Doing random write test
Initializing worker threads...

Threads started!


File operations:
    reads/s:                      0.00
    writes/s:                     15645.54
    fsyncs/s:                     15645.54

Throughput:
    read, MiB/s:                  0.00
    written, MiB/s:               488.92

General statistics:
    total time:                          240.0027s
    total number of events:              3754996

Latency (ms):
         min:                                    0.07
         avg:                                    4.09
         max:                                   22.85
         95th percentile:                        7.17
         sum:                             15345370.81

Threads fairness:
    events (avg/stddev):           58671.8125/97.38
    execution time (avg/stddev):   239.7714/0.01

