sysbench 1.0.17 (using bundled LuaJIT 2.1.0-beta2)

Running the test with following options:
Number of threads: 1
Initializing random number generator from current time


Extra file open flags: (none)
64 files, 128MiB each
8GiB total file size
Block size 32KiB
Number of IO requests: 0
Read/Write ratio for combined random IO test: 1.50
Calling fsync() after each write operation.
Using synchronous I/O mode
Doing random read test
Initializing worker threads...

Threads started!


File operations:
    reads/s:                      165704.35
    writes/s:                     0.00
    fsyncs/s:                     0.00

Throughput:
    read, MiB/s:                  5178.26
    written, MiB/s:               0.00

General statistics:
    total time:                          240.0001s
    total number of events:              39769375

Latency (ms):
         min:                                    0.00
         avg:                                    0.01
         max:                                    0.61
         95th percentile:                        0.01
         sum:                               228050.97

Threads fairness:
    events (avg/stddev):           39769375.0000/0.00
    execution time (avg/stddev):   228.0510/0.00

sysbench 1.0.17 (using bundled LuaJIT 2.1.0-beta2)

Running the test with following options:
Number of threads: 4
Initializing random number generator from current time


Extra file open flags: (none)
64 files, 128MiB each
8GiB total file size
Block size 32KiB
Number of IO requests: 0
Read/Write ratio for combined random IO test: 1.50
Calling fsync() after each write operation.
Using synchronous I/O mode
Doing random read test
Initializing worker threads...

Threads started!


File operations:
    reads/s:                      605764.94
    writes/s:                     0.00
    fsyncs/s:                     0.00

Throughput:
    read, MiB/s:                  18930.15
    written, MiB/s:               0.00

General statistics:
    total time:                          240.0002s
    total number of events:              145384777

Latency (ms):
         min:                                    0.00
         avg:                                    0.01
         max:                                    0.63
         95th percentile:                        0.01
         sum:                               882197.36

Threads fairness:
    events (avg/stddev):           36346194.2500/39763.93
    execution time (avg/stddev):   220.5493/0.13

sysbench 1.0.17 (using bundled LuaJIT 2.1.0-beta2)

Running the test with following options:
Number of threads: 8
Initializing random number generator from current time


Extra file open flags: (none)
64 files, 128MiB each
8GiB total file size
Block size 32KiB
Number of IO requests: 0
Read/Write ratio for combined random IO test: 1.50
Calling fsync() after each write operation.
Using synchronous I/O mode
Doing random read test
Initializing worker threads...

Threads started!


File operations:
    reads/s:                      1007175.98
    writes/s:                     0.00
    fsyncs/s:                     0.00

Throughput:
    read, MiB/s:                  31474.25
    written, MiB/s:               0.00

General statistics:
    total time:                          240.0002s
    total number of events:              241724295

Latency (ms):
         min:                                    0.00
         avg:                                    0.01
         max:                                    0.69
         95th percentile:                        0.01
         sum:                              1644269.38

Threads fairness:
    events (avg/stddev):           30215536.8750/60468.32
    execution time (avg/stddev):   205.5337/0.06

sysbench 1.0.17 (using bundled LuaJIT 2.1.0-beta2)

Running the test with following options:
Number of threads: 16
Initializing random number generator from current time


Extra file open flags: (none)
64 files, 128MiB each
8GiB total file size
Block size 32KiB
Number of IO requests: 0
Read/Write ratio for combined random IO test: 1.50
Calling fsync() after each write operation.
Using synchronous I/O mode
Doing random read test
Initializing worker threads...

Threads started!


File operations:
    reads/s:                      1061841.12
    writes/s:                     0.00
    fsyncs/s:                     0.00

Throughput:
    read, MiB/s:                  33182.53
    written, MiB/s:               0.00

General statistics:
    total time:                          240.0002s
    total number of events:              254844045

Latency (ms):
         min:                                    0.00
         avg:                                    0.01
         max:                                   23.56
         95th percentile:                        0.02
         sum:                              2839764.54

Threads fairness:
    events (avg/stddev):           15927752.8125/23602.92
    execution time (avg/stddev):   177.4853/0.19

sysbench 1.0.17 (using bundled LuaJIT 2.1.0-beta2)

Running the test with following options:
Number of threads: 32
Initializing random number generator from current time


Extra file open flags: (none)
64 files, 128MiB each
8GiB total file size
Block size 32KiB
Number of IO requests: 0
Read/Write ratio for combined random IO test: 1.50
Calling fsync() after each write operation.
Using synchronous I/O mode
Doing random read test
Initializing worker threads...

Threads started!


File operations:
    reads/s:                      981273.22
    writes/s:                     0.00
    fsyncs/s:                     0.00

Throughput:
    read, MiB/s:                  30664.79
    written, MiB/s:               0.00

General statistics:
    total time:                          240.0004s
    total number of events:              235507759

Latency (ms):
         min:                                    0.00
         avg:                                    0.02
         max:                                   26.32
         95th percentile:                        0.08
         sum:                              4728991.33

Threads fairness:
    events (avg/stddev):           7359617.4688/7699.76
    execution time (avg/stddev):   147.7810/0.10

sysbench 1.0.17 (using bundled LuaJIT 2.1.0-beta2)

Running the test with following options:
Number of threads: 64
Initializing random number generator from current time


Extra file open flags: (none)
64 files, 128MiB each
8GiB total file size
Block size 32KiB
Number of IO requests: 0
Read/Write ratio for combined random IO test: 1.50
Calling fsync() after each write operation.
Using synchronous I/O mode
Doing random read test
Initializing worker threads...

Threads started!


File operations:
    reads/s:                      920046.98
    writes/s:                     0.00
    fsyncs/s:                     0.00

Throughput:
    read, MiB/s:                  28751.47
    written, MiB/s:               0.00

General statistics:
    total time:                          240.0007s
    total number of events:              220813614

Latency (ms):
         min:                                    0.00
         avg:                                    0.04
         max:                                   39.18
         95th percentile:                        0.23
         sum:                              8783740.37

Threads fairness:
    events (avg/stddev):           3450212.7188/4759.33
    execution time (avg/stddev):   137.2459/0.13

