sysbench 1.0.17 (using bundled LuaJIT 2.1.0-beta2)

Running the test with following options:
Number of threads: 1
Initializing random number generator from current time


Extra file open flags: (none)
64 files, 128MiB each
8GiB total file size
Block size 32KiB
Number of IO requests: 0
Read/Write ratio for combined random IO test: 1.50
Calling fsync() after each write operation.
Using synchronous I/O mode
Doing random write test
Initializing worker threads...

Threads started!


File operations:
    reads/s:                      0.00
    writes/s:                     3123.78
    fsyncs/s:                     3123.78

Throughput:
    read, MiB/s:                  0.00
    written, MiB/s:               97.62

General statistics:
    total time:                          240.0004s
    total number of events:              749714

Latency (ms):
         min:                                    0.10
         avg:                                    0.32
         max:                                   10.20
         95th percentile:                        0.46
         sum:                               239355.77

Threads fairness:
    events (avg/stddev):           749714.0000/0.00
    execution time (avg/stddev):   239.3558/0.00

sysbench 1.0.17 (using bundled LuaJIT 2.1.0-beta2)

Running the test with following options:
Number of threads: 4
Initializing random number generator from current time


Extra file open flags: (none)
64 files, 128MiB each
8GiB total file size
Block size 32KiB
Number of IO requests: 0
Read/Write ratio for combined random IO test: 1.50
Calling fsync() after each write operation.
Using synchronous I/O mode
Doing random write test
Initializing worker threads...

Threads started!


File operations:
    reads/s:                      0.00
    writes/s:                     10706.21
    fsyncs/s:                     10706.21

Throughput:
    read, MiB/s:                  0.00
    written, MiB/s:               334.57

General statistics:
    total time:                          240.0004s
    total number of events:              2569515

Latency (ms):
         min:                                    0.11
         avg:                                    0.37
         max:                                   13.29
         95th percentile:                        0.65
         sum:                               957596.21

Threads fairness:
    events (avg/stddev):           642378.7500/1422.36
    execution time (avg/stddev):   239.3991/0.00

sysbench 1.0.17 (using bundled LuaJIT 2.1.0-beta2)

Running the test with following options:
Number of threads: 8
Initializing random number generator from current time


Extra file open flags: (none)
64 files, 128MiB each
8GiB total file size
Block size 32KiB
Number of IO requests: 0
Read/Write ratio for combined random IO test: 1.50
Calling fsync() after each write operation.
Using synchronous I/O mode
Doing random write test
Initializing worker threads...

Threads started!


File operations:
    reads/s:                      0.00
    writes/s:                     11337.46
    fsyncs/s:                     11337.46

Throughput:
    read, MiB/s:                  0.00
    written, MiB/s:               354.30

General statistics:
    total time:                          240.0005s
    total number of events:              2721015

Latency (ms):
         min:                                    0.10
         avg:                                    0.70
         max:                                   15.34
         95th percentile:                        1.21
         sum:                              1917215.15

Threads fairness:
    events (avg/stddev):           340126.8750/1035.97
    execution time (avg/stddev):   239.6519/0.00

sysbench 1.0.17 (using bundled LuaJIT 2.1.0-beta2)

Running the test with following options:
Number of threads: 16
Initializing random number generator from current time


Extra file open flags: (none)
64 files, 128MiB each
8GiB total file size
Block size 32KiB
Number of IO requests: 0
Read/Write ratio for combined random IO test: 1.50
Calling fsync() after each write operation.
Using synchronous I/O mode
Doing random write test
Initializing worker threads...

Threads started!


File operations:
    reads/s:                      0.00
    writes/s:                     11724.31
    fsyncs/s:                     11724.31

Throughput:
    read, MiB/s:                  0.00
    written, MiB/s:               366.38

General statistics:
    total time:                          240.0021s
    total number of events:              2813879

Latency (ms):
         min:                                    0.10
         avg:                                    1.36
         max:                                  110.60
         95th percentile:                        3.75
         sum:                              3835923.10

Threads fairness:
    events (avg/stddev):           175867.4375/194.41
    execution time (avg/stddev):   239.7452/0.00

sysbench 1.0.17 (using bundled LuaJIT 2.1.0-beta2)

Running the test with following options:
Number of threads: 32
Initializing random number generator from current time


Extra file open flags: (none)
64 files, 128MiB each
8GiB total file size
Block size 32KiB
Number of IO requests: 0
Read/Write ratio for combined random IO test: 1.50
Calling fsync() after each write operation.
Using synchronous I/O mode
Doing random write test
Initializing worker threads...

Threads started!


File operations:
    reads/s:                      0.00
    writes/s:                     12020.44
    fsyncs/s:                     12020.44

Throughput:
    read, MiB/s:                  0.00
    written, MiB/s:               375.64

General statistics:
    total time:                          240.0053s
    total number of events:              2884987

Latency (ms):
         min:                                    0.10
         avg:                                    2.66
         max:                                   22.41
         95th percentile:                        7.30
         sum:                              7672622.87

Threads fairness:
    events (avg/stddev):           90155.8438/161.07
    execution time (avg/stddev):   239.7695/0.00

sysbench 1.0.17 (using bundled LuaJIT 2.1.0-beta2)

Running the test with following options:
Number of threads: 64
Initializing random number generator from current time


Extra file open flags: (none)
64 files, 128MiB each
8GiB total file size
Block size 32KiB
Number of IO requests: 0
Read/Write ratio for combined random IO test: 1.50
Calling fsync() after each write operation.
Using synchronous I/O mode
Doing random write test
Initializing worker threads...

Threads started!


File operations:
    reads/s:                      0.00
    writes/s:                     12211.87
    fsyncs/s:                     12211.87

Throughput:
    read, MiB/s:                  0.00
    written, MiB/s:               381.62

General statistics:
    total time:                          240.0085s
    total number of events:              2930973

Latency (ms):
         min:                                    0.11
         avg:                                    5.24
         max:                                   43.52
         95th percentile:                       13.22
         sum:                             15349112.94

Threads fairness:
    events (avg/stddev):           45796.4531/114.27
    execution time (avg/stddev):   239.8299/0.00

