sysbench 1.0.17 (using bundled LuaJIT 2.1.0-beta2)

Running the test with following options:
Number of threads: 1
Initializing random number generator from current time


Extra file open flags: (none)
64 files, 128MiB each
8GiB total file size
Block size 32KiB
Number of IO requests: 0
Read/Write ratio for combined random IO test: 1.50
Calling fsync() after each write operation.
Using synchronous I/O mode
Doing random read test
Initializing worker threads...

Threads started!


File operations:
    reads/s:                      169293.94
    writes/s:                     0.00
    fsyncs/s:                     0.00

Throughput:
    read, MiB/s:                  5290.44
    written, MiB/s:               0.00

General statistics:
    total time:                          240.0001s
    total number of events:              40630910

Latency (ms):
         min:                                    0.00
         avg:                                    0.01
         max:                                    9.20
         95th percentile:                        0.01
         sum:                               228722.80

Threads fairness:
    events (avg/stddev):           40630910.0000/0.00
    execution time (avg/stddev):   228.7228/0.00

sysbench 1.0.17 (using bundled LuaJIT 2.1.0-beta2)

Running the test with following options:
Number of threads: 4
Initializing random number generator from current time


Extra file open flags: (none)
64 files, 128MiB each
8GiB total file size
Block size 32KiB
Number of IO requests: 0
Read/Write ratio for combined random IO test: 1.50
Calling fsync() after each write operation.
Using synchronous I/O mode
Doing random read test
Initializing worker threads...

Threads started!


File operations:
    reads/s:                      578345.41
    writes/s:                     0.00
    fsyncs/s:                     0.00

Throughput:
    read, MiB/s:                  18073.29
    written, MiB/s:               0.00

General statistics:
    total time:                          240.0001s
    total number of events:              138804108

Latency (ms):
         min:                                    0.00
         avg:                                    0.01
         max:                                    9.11
         95th percentile:                        0.01
         sum:                               894377.06

Threads fairness:
    events (avg/stddev):           34701027.0000/249260.89
    execution time (avg/stddev):   223.5943/0.07

sysbench 1.0.17 (using bundled LuaJIT 2.1.0-beta2)

Running the test with following options:
Number of threads: 8
Initializing random number generator from current time


Extra file open flags: (none)
64 files, 128MiB each
8GiB total file size
Block size 32KiB
Number of IO requests: 0
Read/Write ratio for combined random IO test: 1.50
Calling fsync() after each write operation.
Using synchronous I/O mode
Doing random read test
Initializing worker threads...

Threads started!


File operations:
    reads/s:                      938975.46
    writes/s:                     0.00
    fsyncs/s:                     0.00

Throughput:
    read, MiB/s:                  29342.98
    written, MiB/s:               0.00

General statistics:
    total time:                          240.0002s
    total number of events:              225356426

Latency (ms):
         min:                                    0.00
         avg:                                    0.01
         max:                                   12.59
         95th percentile:                        0.01
         sum:                              1709010.53

Threads fairness:
    events (avg/stddev):           28169553.2500/102521.04
    execution time (avg/stddev):   213.6263/0.20

sysbench 1.0.17 (using bundled LuaJIT 2.1.0-beta2)

Running the test with following options:
Number of threads: 16
Initializing random number generator from current time


Extra file open flags: (none)
64 files, 128MiB each
8GiB total file size
Block size 32KiB
Number of IO requests: 0
Read/Write ratio for combined random IO test: 1.50
Calling fsync() after each write operation.
Using synchronous I/O mode
Doing random read test
Initializing worker threads...

Threads started!


File operations:
    reads/s:                      1124290.66
    writes/s:                     0.00
    fsyncs/s:                     0.00

Throughput:
    read, MiB/s:                  35134.08
    written, MiB/s:               0.00

General statistics:
    total time:                          240.0002s
    total number of events:              269832373

Latency (ms):
         min:                                    0.00
         avg:                                    0.01
         max:                                   13.49
         95th percentile:                        0.02
         sum:                              2909999.05

Threads fairness:
    events (avg/stddev):           16864523.3125/53598.29
    execution time (avg/stddev):   181.8749/0.26

sysbench 1.0.17 (using bundled LuaJIT 2.1.0-beta2)

Running the test with following options:
Number of threads: 32
Initializing random number generator from current time


Extra file open flags: (none)
64 files, 128MiB each
8GiB total file size
Block size 32KiB
Number of IO requests: 0
Read/Write ratio for combined random IO test: 1.50
Calling fsync() after each write operation.
Using synchronous I/O mode
Doing random read test
Initializing worker threads...

Threads started!


File operations:
    reads/s:                      1116056.60
    writes/s:                     0.00
    fsyncs/s:                     0.00

Throughput:
    read, MiB/s:                  34876.77
    written, MiB/s:               0.00

General statistics:
    total time:                          240.0003s
    total number of events:              267856148

Latency (ms):
         min:                                    0.00
         avg:                                    0.02
         max:                                   29.57
         95th percentile:                        0.06
         sum:                              4913718.95

Threads fairness:
    events (avg/stddev):           8370504.6250/17741.94
    execution time (avg/stddev):   153.5537/0.17

sysbench 1.0.17 (using bundled LuaJIT 2.1.0-beta2)

Running the test with following options:
Number of threads: 64
Initializing random number generator from current time


Extra file open flags: (none)
64 files, 128MiB each
8GiB total file size
Block size 32KiB
Number of IO requests: 0
Read/Write ratio for combined random IO test: 1.50
Calling fsync() after each write operation.
Using synchronous I/O mode
Doing random read test
Initializing worker threads...

Threads started!


File operations:
    reads/s:                      1127392.74
    writes/s:                     0.00
    fsyncs/s:                     0.00

Throughput:
    read, MiB/s:                  35231.02
    written, MiB/s:               0.00

General statistics:
    total time:                          240.0005s
    total number of events:              270577069

Latency (ms):
         min:                                    0.00
         avg:                                    0.03
         max:                                   67.00
         95th percentile:                        0.15
         sum:                              9055220.61

Threads fairness:
    events (avg/stddev):           4227766.7031/8509.90
    execution time (avg/stddev):   141.4878/0.24

