sysbench 1.0.17 (using bundled LuaJIT 2.1.0-beta2)

Running the test with following options:
Number of threads: 1
Initializing random number generator from current time


Extra file open flags: (none)
64 files, 128MiB each
8GiB total file size
Block size 32KiB
Number of IO requests: 0
Read/Write ratio for combined random IO test: 1.50
Calling fsync() after each write operation.
Using synchronous I/O mode
Doing random write test
Initializing worker threads...

Threads started!


File operations:
    reads/s:                      0.00
    writes/s:                     1884.51
    fsyncs/s:                     1884.51

Throughput:
    read, MiB/s:                  0.00
    written, MiB/s:               58.89

General statistics:
    total time:                          240.0004s
    total number of events:              452288

Latency (ms):
         min:                                    0.10
         avg:                                    0.53
         max:                                   25.05
         95th percentile:                        0.74
         sum:                               239417.41

Threads fairness:
    events (avg/stddev):           452288.0000/0.00
    execution time (avg/stddev):   239.4174/0.00

sysbench 1.0.17 (using bundled LuaJIT 2.1.0-beta2)

Running the test with following options:
Number of threads: 4
Initializing random number generator from current time


Extra file open flags: (none)
64 files, 128MiB each
8GiB total file size
Block size 32KiB
Number of IO requests: 0
Read/Write ratio for combined random IO test: 1.50
Calling fsync() after each write operation.
Using synchronous I/O mode
Doing random write test
Initializing worker threads...

Threads started!


File operations:
    reads/s:                      0.00
    writes/s:                     8604.10
    fsyncs/s:                     8604.10

Throughput:
    read, MiB/s:                  0.00
    written, MiB/s:               268.88

General statistics:
    total time:                          240.0005s
    total number of events:              2065008

Latency (ms):
         min:                                    0.09
         avg:                                    0.46
         max:                                  133.33
         95th percentile:                        0.72
         sum:                               957624.08

Threads fairness:
    events (avg/stddev):           516252.0000/163.37
    execution time (avg/stddev):   239.4060/0.00

sysbench 1.0.17 (using bundled LuaJIT 2.1.0-beta2)

Running the test with following options:
Number of threads: 8
Initializing random number generator from current time


Extra file open flags: (none)
64 files, 128MiB each
8GiB total file size
Block size 32KiB
Number of IO requests: 0
Read/Write ratio for combined random IO test: 1.50
Calling fsync() after each write operation.
Using synchronous I/O mode
Doing random write test
Initializing worker threads...

Threads started!


File operations:
    reads/s:                      0.00
    writes/s:                     14936.38
    fsyncs/s:                     14936.38

Throughput:
    read, MiB/s:                  0.00
    written, MiB/s:               466.76

General statistics:
    total time:                          240.0010s
    total number of events:              3584772

Latency (ms):
         min:                                    0.09
         avg:                                    0.53
         max:                                   34.44
         95th percentile:                        0.86
         sum:                              1914445.94

Threads fairness:
    events (avg/stddev):           448096.5000/278.39
    execution time (avg/stddev):   239.3057/0.01

sysbench 1.0.17 (using bundled LuaJIT 2.1.0-beta2)

Running the test with following options:
Number of threads: 16
Initializing random number generator from current time


Extra file open flags: (none)
64 files, 128MiB each
8GiB total file size
Block size 32KiB
Number of IO requests: 0
Read/Write ratio for combined random IO test: 1.50
Calling fsync() after each write operation.
Using synchronous I/O mode
Doing random write test
Initializing worker threads...

Threads started!


File operations:
    reads/s:                      0.00
    writes/s:                     15635.98
    fsyncs/s:                     15635.98

Throughput:
    read, MiB/s:                  0.00
    written, MiB/s:               488.62

General statistics:
    total time:                          240.0136s
    total number of events:              3752877

Latency (ms):
         min:                                    0.09
         avg:                                    1.02
         max:                                   37.28
         95th percentile:                        1.08
         sum:                              3833542.20

Threads fairness:
    events (avg/stddev):           234554.8125/339.32
    execution time (avg/stddev):   239.5964/0.01

sysbench 1.0.17 (using bundled LuaJIT 2.1.0-beta2)

Running the test with following options:
Number of threads: 32
Initializing random number generator from current time


Extra file open flags: (none)
64 files, 128MiB each
8GiB total file size
Block size 32KiB
Number of IO requests: 0
Read/Write ratio for combined random IO test: 1.50
Calling fsync() after each write operation.
Using synchronous I/O mode
Doing random write test
Initializing worker threads...

Threads started!


File operations:
    reads/s:                      0.00
    writes/s:                     15945.30
    fsyncs/s:                     15945.30

Throughput:
    read, MiB/s:                  0.00
    written, MiB/s:               498.29

General statistics:
    total time:                          240.0008s
    total number of events:              3826913

Latency (ms):
         min:                                    0.09
         avg:                                    2.00
         max:                                   41.66
         95th percentile:                        1.86
         sum:                              7670578.39

Threads fairness:
    events (avg/stddev):           119591.0312/227.65
    execution time (avg/stddev):   239.7056/0.01

sysbench 1.0.17 (using bundled LuaJIT 2.1.0-beta2)

Running the test with following options:
Number of threads: 64
Initializing random number generator from current time


Extra file open flags: (none)
64 files, 128MiB each
8GiB total file size
Block size 32KiB
Number of IO requests: 0
Read/Write ratio for combined random IO test: 1.50
Calling fsync() after each write operation.
Using synchronous I/O mode
Doing random write test
Initializing worker threads...

Threads started!


File operations:
    reads/s:                      0.00
    writes/s:                     16113.42
    fsyncs/s:                     16113.42

Throughput:
    read, MiB/s:                  0.00
    written, MiB/s:               503.54

General statistics:
    total time:                          240.0214s
    total number of events:              3867593

Latency (ms):
         min:                                    0.10
         avg:                                    3.97
         max:                                   47.76
         95th percentile:                       37.56
         sum:                             15352854.13

Threads fairness:
    events (avg/stddev):           60431.1406/136.43
    execution time (avg/stddev):   239.8883/0.01

