sysbench 1.0.17 (using bundled LuaJIT 2.1.0-beta2)

Running the test with following options:
Number of threads: 1
Initializing random number generator from current time


Extra file open flags: (none)
64 files, 128MiB each
8GiB total file size
Block size 32KiB
Number of IO requests: 0
Read/Write ratio for combined random IO test: 1.50
Calling fsync() after each write operation.
Using synchronous I/O mode
Doing random read test
Initializing worker threads...

Threads started!


File operations:
    reads/s:                      850339.54
    writes/s:                     0.00
    fsyncs/s:                     0.00

Throughput:
    read, MiB/s:                  26573.11
    written, MiB/s:               0.00

General statistics:
    total time:                          240.0006s
    total number of events:              204083689

Latency (ms):
         min:                                    0.00
         avg:                                    0.05
         max:                                   68.48
         95th percentile:                        0.13
         sum:                             10262483.69

Threads fairness:
    events (avg/stddev):           3188807.6406/18983.60
    execution time (avg/stddev):   160.3513/0.27


File operations:
    reads/s:                      131156.68
    writes/s:                     0.00
    fsyncs/s:                     0.00

Throughput:
    read, MiB/s:                  4098.65
    written, MiB/s:               0.00

General statistics:
    total time:                          240.0002s
    total number of events:              31477876

Latency (ms):
         min:                                    0.00
         avg:                                    0.01
         max:                                   37.88
         95th percentile:                        0.01
         sum:                               228708.53

Threads fairness:
    events (avg/stddev):           31477876.0000/0.00
    execution time (avg/stddev):   228.7085/0.00

sysbench 1.0.17 (using bundled LuaJIT 2.1.0-beta2)

Running the test with following options:
Number of threads: 4
Initializing random number generator from current time


Extra file open flags: (none)
64 files, 128MiB each
8GiB total file size
Block size 32KiB
Number of IO requests: 0
Read/Write ratio for combined random IO test: 1.50
Calling fsync() after each write operation.
Using synchronous I/O mode
Doing random read test
Initializing worker threads...

Threads started!


File operations:
    reads/s:                      514164.01
    writes/s:                     0.00
    fsyncs/s:                     0.00

Throughput:
    read, MiB/s:                  16067.63
    written, MiB/s:               0.00

General statistics:
    total time:                          240.0001s
    total number of events:              123400773

Latency (ms):
         min:                                    0.00
         avg:                                    0.01
         max:                                   27.42
         95th percentile:                        0.01
         sum:                               896677.58

Threads fairness:
    events (avg/stddev):           30850193.2500/118446.85
    execution time (avg/stddev):   224.1694/0.07

sysbench 1.0.17 (using bundled LuaJIT 2.1.0-beta2)

Running the test with following options:
Number of threads: 8
Initializing random number generator from current time


Extra file open flags: (none)
64 files, 128MiB each
8GiB total file size
Block size 32KiB
Number of IO requests: 0
Read/Write ratio for combined random IO test: 1.50
Calling fsync() after each write operation.
Using synchronous I/O mode
Doing random read test
Initializing worker threads...

Threads started!


File operations:
    reads/s:                      780440.14
    writes/s:                     0.00
    fsyncs/s:                     0.00

Throughput:
    read, MiB/s:                  24388.75
    written, MiB/s:               0.00

General statistics:
    total time:                          240.0001s
    total number of events:              187307317

Latency (ms):
         min:                                    0.00
         avg:                                    0.01
         max:                                   72.32
         95th percentile:                        0.02
         sum:                              1714278.84

Threads fairness:
    events (avg/stddev):           23413414.6250/171176.18
    execution time (avg/stddev):   214.2849/0.08

sysbench 1.0.17 (using bundled LuaJIT 2.1.0-beta2)

Running the test with following options:
Number of threads: 16
Initializing random number generator from current time


Extra file open flags: (none)
64 files, 128MiB each
8GiB total file size
Block size 32KiB
Number of IO requests: 0
Read/Write ratio for combined random IO test: 1.50
Calling fsync() after each write operation.
Using synchronous I/O mode
Doing random read test
Initializing worker threads...

Threads started!


File operations:
    reads/s:                      758938.64
    writes/s:                     0.00
    fsyncs/s:                     0.00

Throughput:
    read, MiB/s:                  23716.83
    written, MiB/s:               0.00

General statistics:
    total time:                          240.0002s
    total number of events:              182147102

Latency (ms):
         min:                                    0.00
         avg:                                    0.02
         max:                                   35.03
         95th percentile:                        0.03
         sum:                              3250906.20

Threads fairness:
    events (avg/stddev):           11384193.8750/35060.71
    execution time (avg/stddev):   203.1816/0.20

sysbench 1.0.17 (using bundled LuaJIT 2.1.0-beta2)

Running the test with following options:
Number of threads: 32
Initializing random number generator from current time


Extra file open flags: (none)
64 files, 128MiB each
8GiB total file size
Block size 32KiB
Number of IO requests: 0
Read/Write ratio for combined random IO test: 1.50
Calling fsync() after each write operation.
Using synchronous I/O mode
Doing random read test
Initializing worker threads...

Threads started!


File operations:
    reads/s:                      832102.62
    writes/s:                     0.00
    fsyncs/s:                     0.00

Throughput:
    read, MiB/s:                  26003.21
    written, MiB/s:               0.00

General statistics:
    total time:                          240.0003s
    total number of events:              199706613

Latency (ms):
         min:                                    0.00
         avg:                                    0.03
         max:                                   40.03
         95th percentile:                        0.05
         sum:                              5760781.75

Threads fairness:
    events (avg/stddev):           6240831.6562/39792.93
    execution time (avg/stddev):   180.0244/0.19

sysbench 1.0.17 (using bundled LuaJIT 2.1.0-beta2)

Running the test with following options:
Number of threads: 64
Initializing random number generator from current time


Extra file open flags: (none)
64 files, 128MiB each
8GiB total file size
Block size 32KiB
Number of IO requests: 0
Read/Write ratio for combined random IO test: 1.50
Calling fsync() after each write operation.
Using synchronous I/O mode
Doing random read test
Initializing worker threads...

Threads started!


File operations:
    reads/s:                      891974.17
    writes/s:                     0.00
    fsyncs/s:                     0.00

Throughput:
    read, MiB/s:                  27874.19
    written, MiB/s:               0.00

General statistics:
    total time:                          240.0006s
    total number of events:              214075952

Latency (ms):
         min:                                    0.00
         avg:                                    0.05
         max:                                   57.72
         95th percentile:                        0.10
         sum:                             10372328.45

Threads fairness:
    events (avg/stddev):           3344936.7500/14025.96
    execution time (avg/stddev):   162.0676/0.27

