sysbench 1.0.17 (using bundled LuaJIT 2.1.0-beta2)

Running the test with following options:
Number of threads: 1
Initializing random number generator from current time


Extra file open flags: (none)
64 files, 128MiB each
8GiB total file size
Block size 32KiB
Number of IO requests: 0
Read/Write ratio for combined random IO test: 1.50
Calling fsync() after each write operation.
Using synchronous I/O mode
Doing random write test
Initializing worker threads...

Threads started!


File operations:
    reads/s:                      0.00
    writes/s:                     1666.16
    fsyncs/s:                     1666.16

Throughput:
    read, MiB/s:                  0.00
    written, MiB/s:               52.07

General statistics:
    total time:                          240.0008s
    total number of events:              399884

Latency (ms):
         min:                                    0.10
         avg:                                    0.60
         max:                                   29.00
         95th percentile:                        0.89
         sum:                               239454.59

Threads fairness:
    events (avg/stddev):           399884.0000/0.00
    execution time (avg/stddev):   239.4546/0.00

sysbench 1.0.17 (using bundled LuaJIT 2.1.0-beta2)

Running the test with following options:
Number of threads: 4
Initializing random number generator from current time


Extra file open flags: (none)
64 files, 128MiB each
8GiB total file size
Block size 32KiB
Number of IO requests: 0
Read/Write ratio for combined random IO test: 1.50
Calling fsync() after each write operation.
Using synchronous I/O mode
Doing random write test
Initializing worker threads...

Threads started!


File operations:
    reads/s:                      0.00
    writes/s:                     6786.46
    fsyncs/s:                     6786.46

Throughput:
    read, MiB/s:                  0.00
    written, MiB/s:               212.08

General statistics:
    total time:                          240.0006s
    total number of events:              1628770

Latency (ms):
         min:                                    0.09
         avg:                                    0.59
         max:                                   73.01
         95th percentile:                        0.87
         sum:                               957792.81

Threads fairness:
    events (avg/stddev):           407192.5000/123.23
    execution time (avg/stddev):   239.4482/0.00

sysbench 1.0.17 (using bundled LuaJIT 2.1.0-beta2)

Running the test with following options:
Number of threads: 8
Initializing random number generator from current time


Extra file open flags: (none)
64 files, 128MiB each
8GiB total file size
Block size 32KiB
Number of IO requests: 0
Read/Write ratio for combined random IO test: 1.50
Calling fsync() after each write operation.
Using synchronous I/O mode
Doing random write test
Initializing worker threads...

Threads started!


File operations:
    reads/s:                      0.00
    writes/s:                     7307.76
    fsyncs/s:                     7307.76

Throughput:
    read, MiB/s:                  0.00
    written, MiB/s:               228.37

General statistics:
    total time:                          240.0116s
    total number of events:              1753963

Latency (ms):
         min:                                    0.09
         avg:                                    1.09
         max:                                   36.96
         95th percentile:                        1.27
         sum:                              1916742.31

Threads fairness:
    events (avg/stddev):           219245.3750/215.51
    execution time (avg/stddev):   239.5928/0.00

sysbench 1.0.17 (using bundled LuaJIT 2.1.0-beta2)

Running the test with following options:
Number of threads: 16
Initializing random number generator from current time


Extra file open flags: (none)
64 files, 128MiB each
8GiB total file size
Block size 32KiB
Number of IO requests: 0
Read/Write ratio for combined random IO test: 1.50
Calling fsync() after each write operation.
Using synchronous I/O mode
Doing random write test
Initializing worker threads...

Threads started!


File operations:
    reads/s:                      0.00
    writes/s:                     7609.12
    fsyncs/s:                     7609.12

Throughput:
    read, MiB/s:                  0.00
    written, MiB/s:               237.79

General statistics:
    total time:                          240.0011s
    total number of events:              1826216

Latency (ms):
         min:                                    0.10
         avg:                                    2.10
         max:                                   47.28
         95th percentile:                        4.10
         sum:                              3836080.05

Threads fairness:
    events (avg/stddev):           114138.5000/225.15
    execution time (avg/stddev):   239.7550/0.00

sysbench 1.0.17 (using bundled LuaJIT 2.1.0-beta2)

Running the test with following options:
Number of threads: 32
Initializing random number generator from current time


Extra file open flags: (none)
64 files, 128MiB each
8GiB total file size
Block size 32KiB
Number of IO requests: 0
Read/Write ratio for combined random IO test: 1.50
Calling fsync() after each write operation.
Using synchronous I/O mode
Doing random write test
Initializing worker threads...

Threads started!


File operations:
    reads/s:                      0.00
    writes/s:                     7804.48
    fsyncs/s:                     7804.48

Throughput:
    read, MiB/s:                  0.00
    written, MiB/s:               243.89

General statistics:
    total time:                          240.0173s
    total number of events:              1873227

Latency (ms):
         min:                                    0.11
         avg:                                    4.10
         max:                                   71.17
         95th percentile:                       29.72
         sum:                              7676100.09

Threads fairness:
    events (avg/stddev):           58538.3438/221.73
    execution time (avg/stddev):   239.8781/0.00

sysbench 1.0.17 (using bundled LuaJIT 2.1.0-beta2)

Running the test with following options:
Number of threads: 64
Initializing random number generator from current time


Extra file open flags: (none)
64 files, 128MiB each
8GiB total file size
Block size 32KiB
Number of IO requests: 0
Read/Write ratio for combined random IO test: 1.50
Calling fsync() after each write operation.
Using synchronous I/O mode
Doing random write test
Initializing worker threads...

Threads started!

