sysbench 1.0.17 (using bundled LuaJIT 2.1.0-beta2)

Running the test with following options:
Number of threads: 1
Initializing random number generator from current time


Extra file open flags: (none)
64 files, 128MiB each
8GiB total file size
Block size 32KiB
Number of IO requests: 0
Read/Write ratio for combined random IO test: 1.50
Calling fsync() after each write operation.
Using synchronous I/O mode
Doing random write test
Initializing worker threads...

Threads started!


File operations:
    reads/s:                      0.00
    writes/s:                     3322.38
    fsyncs/s:                     3322.38

Throughput:
    read, MiB/s:                  0.00
    written, MiB/s:               103.82

General statistics:
    total time:                          240.0002s
    total number of events:              797377

Latency (ms):
         min:                                    0.10
         avg:                                    0.30
         max:                                   31.08
         95th percentile:                        0.41
         sum:                               239613.09

Threads fairness:
    events (avg/stddev):           797377.0000/0.00
    execution time (avg/stddev):   239.6131/0.00

sysbench 1.0.17 (using bundled LuaJIT 2.1.0-beta2)

Running the test with following options:
Number of threads: 4
Initializing random number generator from current time


Extra file open flags: (none)
64 files, 128MiB each
8GiB total file size
Block size 32KiB
Number of IO requests: 0
Read/Write ratio for combined random IO test: 1.50
Calling fsync() after each write operation.
Using synchronous I/O mode
Doing random write test
Initializing worker threads...

Threads started!


File operations:
    reads/s:                      0.00
    writes/s:                     10471.60
    fsyncs/s:                     10471.60

Throughput:
    read, MiB/s:                  0.00
    written, MiB/s:               327.24

General statistics:
    total time:                          240.0004s
    total number of events:              2513205

Latency (ms):
         min:                                    0.10
         avg:                                    0.38
         max:                                   25.60
         95th percentile:                        0.86
         sum:                               958272.65

Threads fairness:
    events (avg/stddev):           628301.2500/965.32
    execution time (avg/stddev):   239.5682/0.00

sysbench 1.0.17 (using bundled LuaJIT 2.1.0-beta2)

Running the test with following options:
Number of threads: 8
Initializing random number generator from current time


Extra file open flags: (none)
64 files, 128MiB each
8GiB total file size
Block size 32KiB
Number of IO requests: 0
Read/Write ratio for combined random IO test: 1.50
Calling fsync() after each write operation.
Using synchronous I/O mode
Doing random write test
Initializing worker threads...

Threads started!


File operations:
    reads/s:                      0.00
    writes/s:                     11339.46
    fsyncs/s:                     11339.46

Throughput:
    read, MiB/s:                  0.00
    written, MiB/s:               354.36

General statistics:
    total time:                          240.0006s
    total number of events:              2721498

Latency (ms):
         min:                                    0.10
         avg:                                    0.70
         max:                                  108.61
         95th percentile:                        1.12
         sum:                              1917845.45

Threads fairness:
    events (avg/stddev):           340187.2500/742.56
    execution time (avg/stddev):   239.7307/0.00

sysbench 1.0.17 (using bundled LuaJIT 2.1.0-beta2)

Running the test with following options:
Number of threads: 16
Initializing random number generator from current time


Extra file open flags: (none)
64 files, 128MiB each
8GiB total file size
Block size 32KiB
Number of IO requests: 0
Read/Write ratio for combined random IO test: 1.50
Calling fsync() after each write operation.
Using synchronous I/O mode
Doing random write test
Initializing worker threads...

Threads started!


File operations:
    reads/s:                      0.00
    writes/s:                     11673.07
    fsyncs/s:                     11673.07

Throughput:
    read, MiB/s:                  0.00
    written, MiB/s:               364.78

General statistics:
    total time:                          240.0025s
    total number of events:              2801584

Latency (ms):
         min:                                    0.10
         avg:                                    1.37
         max:                                  382.19
         95th percentile:                        3.62
         sum:                              3836072.00

Threads fairness:
    events (avg/stddev):           175099.0000/265.37
    execution time (avg/stddev):   239.7545/0.00

sysbench 1.0.17 (using bundled LuaJIT 2.1.0-beta2)

Running the test with following options:
Number of threads: 32
Initializing random number generator from current time


Extra file open flags: (none)
64 files, 128MiB each
8GiB total file size
Block size 32KiB
Number of IO requests: 0
Read/Write ratio for combined random IO test: 1.50
Calling fsync() after each write operation.
Using synchronous I/O mode
Doing random write test
Initializing worker threads...

Threads started!


File operations:
    reads/s:                      0.00
    writes/s:                     11967.83
    fsyncs/s:                     11967.83

Throughput:
    read, MiB/s:                  0.00
    written, MiB/s:               373.99

General statistics:
    total time:                          240.0033s
    total number of events:              2872338

Latency (ms):
         min:                                    0.10
         avg:                                    2.67
         max:                                  212.86
         95th percentile:                        7.30
         sum:                              7673542.83

Threads fairness:
    events (avg/stddev):           89760.5625/196.42
    execution time (avg/stddev):   239.7982/0.00

sysbench 1.0.17 (using bundled LuaJIT 2.1.0-beta2)

Running the test with following options:
Number of threads: 64
Initializing random number generator from current time


Extra file open flags: (none)
64 files, 128MiB each
8GiB total file size
Block size 32KiB
Number of IO requests: 0
Read/Write ratio for combined random IO test: 1.50
Calling fsync() after each write operation.
Using synchronous I/O mode
Doing random write test
Initializing worker threads...

Threads started!


File operations:
    reads/s:                      0.00
    writes/s:                     12193.12
    fsyncs/s:                     12193.12

Throughput:
    read, MiB/s:                  0.00
    written, MiB/s:               381.04

General statistics:
    total time:                          240.0110s
    total number of events:              2926504

Latency (ms):
         min:                                    0.11
         avg:                                    5.25
         max:                                  151.13
         95th percentile:                       13.22
         sum:                             15351502.52

Threads fairness:
    events (avg/stddev):           45726.6250/115.33
    execution time (avg/stddev):   239.8672/0.00

