sysbench 1.0.17 (using bundled LuaJIT 2.1.0-beta2)

Running the test with following options:
Number of threads: 1
Initializing random number generator from current time


Extra file open flags: (none)
64 files, 128MiB each
8GiB total file size
Block size 32KiB
Number of IO requests: 0
Read/Write ratio for combined random IO test: 1.50
Calling fsync() after each write operation.
Using synchronous I/O mode
Doing random write test
Initializing worker threads...

Threads started!


File operations:
    reads/s:                      0.00
    writes/s:                     3389.14
    fsyncs/s:                     3389.14

Throughput:
    read, MiB/s:                  0.00
    written, MiB/s:               105.91

General statistics:
    total time:                          240.0002s
    total number of events:              813400

Latency (ms):
         min:                                    0.10
         avg:                                    0.29
         max:                                   74.11
         95th percentile:                        0.41
         sum:                               239637.59

Threads fairness:
    events (avg/stddev):           813400.0000/0.00
    execution time (avg/stddev):   239.6376/0.00

sysbench 1.0.17 (using bundled LuaJIT 2.1.0-beta2)

Running the test with following options:
Number of threads: 4
Initializing random number generator from current time


Extra file open flags: (none)
64 files, 128MiB each
8GiB total file size
Block size 32KiB
Number of IO requests: 0
Read/Write ratio for combined random IO test: 1.50
Calling fsync() after each write operation.
Using synchronous I/O mode
Doing random write test
Initializing worker threads...

Threads started!


File operations:
    reads/s:                      0.00
    writes/s:                     10459.83
    fsyncs/s:                     10459.83

Throughput:
    read, MiB/s:                  0.00
    written, MiB/s:               326.87

General statistics:
    total time:                          240.0005s
    total number of events:              2510380

Latency (ms):
         min:                                    0.10
         avg:                                    0.38
         max:                                   96.41
         95th percentile:                        0.81
         sum:                               958319.95

Threads fairness:
    events (avg/stddev):           627595.0000/1202.22
    execution time (avg/stddev):   239.5800/0.00

sysbench 1.0.17 (using bundled LuaJIT 2.1.0-beta2)

Running the test with following options:
Number of threads: 8
Initializing random number generator from current time


Extra file open flags: (none)
64 files, 128MiB each
8GiB total file size
Block size 32KiB
Number of IO requests: 0
Read/Write ratio for combined random IO test: 1.50
Calling fsync() after each write operation.
Using synchronous I/O mode
Doing random write test
Initializing worker threads...

Threads started!


File operations:
    reads/s:                      0.00
    writes/s:                     11164.63
    fsyncs/s:                     11164.63

Throughput:
    read, MiB/s:                  0.00
    written, MiB/s:               348.89

General statistics:
    total time:                          240.0005s
    total number of events:              2679536

Latency (ms):
         min:                                    0.10
         avg:                                    0.72
         max:                                   65.04
         95th percentile:                        1.16
         sum:                              1917943.70

Threads fairness:
    events (avg/stddev):           334942.0000/667.93
    execution time (avg/stddev):   239.7430/0.00

sysbench 1.0.17 (using bundled LuaJIT 2.1.0-beta2)

Running the test with following options:
Number of threads: 16
Initializing random number generator from current time


Extra file open flags: (none)
64 files, 128MiB each
8GiB total file size
Block size 32KiB
Number of IO requests: 0
Read/Write ratio for combined random IO test: 1.50
Calling fsync() after each write operation.
Using synchronous I/O mode
Doing random write test
Initializing worker threads...

Threads started!


File operations:
    reads/s:                      0.00
    writes/s:                     11726.21
    fsyncs/s:                     11726.21

Throughput:
    read, MiB/s:                  0.00
    written, MiB/s:               366.44

General statistics:
    total time:                          240.0014s
    total number of events:              2814326

Latency (ms):
         min:                                    0.10
         avg:                                    1.36
         max:                                   97.25
         95th percentile:                        3.62
         sum:                              3836054.51

Threads fairness:
    events (avg/stddev):           175895.3750/231.98
    execution time (avg/stddev):   239.7534/0.00

sysbench 1.0.17 (using bundled LuaJIT 2.1.0-beta2)

Running the test with following options:
Number of threads: 32
Initializing random number generator from current time


Extra file open flags: (none)
64 files, 128MiB each
8GiB total file size
Block size 32KiB
Number of IO requests: 0
Read/Write ratio for combined random IO test: 1.50
Calling fsync() after each write operation.
Using synchronous I/O mode
Doing random write test
Initializing worker threads...

Threads started!


File operations:
    reads/s:                      0.00
    writes/s:                     12016.48
    fsyncs/s:                     12016.48

Throughput:
    read, MiB/s:                  0.00
    written, MiB/s:               375.51

General statistics:
    total time:                          240.0064s
    total number of events:              2884052

Latency (ms):
         min:                                    0.10
         avg:                                    2.66
         max:                                   62.96
         95th percentile:                        7.30
         sum:                              7673695.72

Threads fairness:
    events (avg/stddev):           90126.6250/200.95
    execution time (avg/stddev):   239.8030/0.00

sysbench 1.0.17 (using bundled LuaJIT 2.1.0-beta2)

Running the test with following options:
Number of threads: 64
Initializing random number generator from current time


Extra file open flags: (none)
64 files, 128MiB each
8GiB total file size
Block size 32KiB
Number of IO requests: 0
Read/Write ratio for combined random IO test: 1.50
Calling fsync() after each write operation.
Using synchronous I/O mode
Doing random write test
Initializing worker threads...

Threads started!


File operations:
    reads/s:                      0.00
    writes/s:                     12210.88
    fsyncs/s:                     12210.88

Throughput:
    read, MiB/s:                  0.00
    written, MiB/s:               381.59

General statistics:
    total time:                          240.0076s
    total number of events:              2930723

Latency (ms):
         min:                                    0.10
         avg:                                    5.24
         max:                                   62.17
         95th percentile:                       13.46
         sum:                             15351555.72

Threads fairness:
    events (avg/stddev):           45792.5469/113.32
    execution time (avg/stddev):   239.8681/0.00

