sysbench 1.0.17 (using bundled LuaJIT 2.1.0-beta2)

Running the test with following options:
Number of threads: 1
Initializing random number generator from current time


Extra file open flags: (none)
64 files, 128MiB each
8GiB total file size
Block size 32KiB
Number of IO requests: 0
Read/Write ratio for combined random IO test: 1.50
Calling fsync() after each write operation.
Using synchronous I/O mode
Doing random read test
Initializing worker threads...

Threads started!


File operations:
    reads/s:                      156645.71
    writes/s:                     0.00
    fsyncs/s:                     0.00

Throughput:
    read, MiB/s:                  4895.18
    written, MiB/s:               0.00

General statistics:
    total time:                          240.0001s
    total number of events:              37595336

Latency (ms):
         min:                                    0.00
         avg:                                    0.01
         max:                                    8.26
         95th percentile:                        0.01
         sum:                               228769.28

Threads fairness:
    events (avg/stddev):           37595336.0000/0.00
    execution time (avg/stddev):   228.7693/0.00

sysbench 1.0.17 (using bundled LuaJIT 2.1.0-beta2)

Running the test with following options:
Number of threads: 4
Initializing random number generator from current time


Extra file open flags: (none)
64 files, 128MiB each
8GiB total file size
Block size 32KiB
Number of IO requests: 0
Read/Write ratio for combined random IO test: 1.50
Calling fsync() after each write operation.
Using synchronous I/O mode
Doing random read test
Initializing worker threads...

Threads started!


File operations:
    reads/s:                      551127.02
    writes/s:                     0.00
    fsyncs/s:                     0.00

Throughput:
    read, MiB/s:                  17222.72
    written, MiB/s:               0.00

General statistics:
    total time:                          240.0002s
    total number of events:              132271795

Latency (ms):
         min:                                    0.00
         avg:                                    0.01
         max:                                   13.06
         95th percentile:                        0.01
         sum:                               891931.32

Threads fairness:
    events (avg/stddev):           33067948.7500/79583.92
    execution time (avg/stddev):   222.9828/0.22

sysbench 1.0.17 (using bundled LuaJIT 2.1.0-beta2)

Running the test with following options:
Number of threads: 8
Initializing random number generator from current time


Extra file open flags: (none)
64 files, 128MiB each
8GiB total file size
Block size 32KiB
Number of IO requests: 0
Read/Write ratio for combined random IO test: 1.50
Calling fsync() after each write operation.
Using synchronous I/O mode
Doing random read test
Initializing worker threads...

Threads started!


File operations:
    reads/s:                      946343.56
    writes/s:                     0.00
    fsyncs/s:                     0.00

Throughput:
    read, MiB/s:                  29573.24
    written, MiB/s:               0.00

General statistics:
    total time:                          240.0003s
    total number of events:              227124771

Latency (ms):
         min:                                    0.00
         avg:                                    0.01
         max:                                   11.41
         95th percentile:                        0.01
         sum:                              1722051.83

Threads fairness:
    events (avg/stddev):           28390596.3750/118343.47
    execution time (avg/stddev):   215.2565/0.31

sysbench 1.0.17 (using bundled LuaJIT 2.1.0-beta2)

Running the test with following options:
Number of threads: 16
Initializing random number generator from current time


Extra file open flags: (none)
64 files, 128MiB each
8GiB total file size
Block size 32KiB
Number of IO requests: 0
Read/Write ratio for combined random IO test: 1.50
Calling fsync() after each write operation.
Using synchronous I/O mode
Doing random read test
Initializing worker threads...

Threads started!


File operations:
    reads/s:                      1122287.86
    writes/s:                     0.00
    fsyncs/s:                     0.00

Throughput:
    read, MiB/s:                  35071.50
    written, MiB/s:               0.00

General statistics:
    total time:                          240.0002s
    total number of events:              269351689

Latency (ms):
         min:                                    0.00
         avg:                                    0.01
         max:                                   15.53
         95th percentile:                        0.02
         sum:                              2914668.64

Threads fairness:
    events (avg/stddev):           16834480.5625/32730.29
    execution time (avg/stddev):   182.1668/0.25

sysbench 1.0.17 (using bundled LuaJIT 2.1.0-beta2)

Running the test with following options:
Number of threads: 32
Initializing random number generator from current time


Extra file open flags: (none)
64 files, 128MiB each
8GiB total file size
Block size 32KiB
Number of IO requests: 0
Read/Write ratio for combined random IO test: 1.50
Calling fsync() after each write operation.
Using synchronous I/O mode
Doing random read test
Initializing worker threads...

Threads started!


File operations:
    reads/s:                      1116318.76
    writes/s:                     0.00
    fsyncs/s:                     0.00

Throughput:
    read, MiB/s:                  34884.96
    written, MiB/s:               0.00

General statistics:
    total time:                          240.0002s
    total number of events:              267919042

Latency (ms):
         min:                                    0.00
         avg:                                    0.02
         max:                                   27.09
         95th percentile:                        0.06
         sum:                              4951400.67

Threads fairness:
    events (avg/stddev):           8372470.0625/16508.65
    execution time (avg/stddev):   154.7313/0.16

sysbench 1.0.17 (using bundled LuaJIT 2.1.0-beta2)

Running the test with following options:
Number of threads: 64
Initializing random number generator from current time


Extra file open flags: (none)
64 files, 128MiB each
8GiB total file size
Block size 32KiB
Number of IO requests: 0
Read/Write ratio for combined random IO test: 1.50
Calling fsync() after each write operation.
Using synchronous I/O mode
Doing random read test
Initializing worker threads...

Threads started!


File operations:
    reads/s:                      1124493.07
    writes/s:                     0.00
    fsyncs/s:                     0.00

Throughput:
    read, MiB/s:                  35140.41
    written, MiB/s:               0.00

General statistics:
    total time:                          240.0005s
    total number of events:              269881143

Latency (ms):
         min:                                    0.00
         avg:                                    0.03
         max:                                   67.78
         95th percentile:                        0.15
         sum:                              9033500.12

Threads fairness:
    events (avg/stddev):           4216892.8594/6697.57
    execution time (avg/stddev):   141.1484/0.23

