sysbench 1.0.17 (using bundled LuaJIT 2.1.0-beta2)

Running the test with following options:
Number of threads: 1
Initializing random number generator from current time


Extra file open flags: (none)
64 files, 128MiB each
8GiB total file size
Block size 32KiB
Number of IO requests: 0
Read/Write ratio for combined random IO test: 1.50
Calling fsync() after each write operation.
Using synchronous I/O mode
Doing random read test
Initializing worker threads...

Threads started!


File operations:
    reads/s:                      206752.61
    writes/s:                     0.00
    fsyncs/s:                     0.00

Throughput:
    read, MiB/s:                  6461.02
    written, MiB/s:               0.00

General statistics:
    total time:                          240.0001s
    total number of events:              49620955

Latency (ms):
         min:                                    0.00
         avg:                                    0.00
         max:                                    0.05
         95th percentile:                        0.01
         sum:                               227809.78

Threads fairness:
    events (avg/stddev):           49620955.0000/0.00
    execution time (avg/stddev):   227.8098/0.00

sysbench 1.0.17 (using bundled LuaJIT 2.1.0-beta2)

Running the test with following options:
Number of threads: 4
Initializing random number generator from current time


Extra file open flags: (none)
64 files, 128MiB each
8GiB total file size
Block size 32KiB
Number of IO requests: 0
Read/Write ratio for combined random IO test: 1.50
Calling fsync() after each write operation.
Using synchronous I/O mode
Doing random read test
Initializing worker threads...

Threads started!


File operations:
    reads/s:                      716059.80
    writes/s:                     0.00
    fsyncs/s:                     0.00

Throughput:
    read, MiB/s:                  22376.87
    written, MiB/s:               0.00

General statistics:
    total time:                          240.0000s
    total number of events:              171855523

Latency (ms):
         min:                                    0.00
         avg:                                    0.01
         max:                                    6.76
         95th percentile:                        0.01
         sum:                               872688.36

Threads fairness:
    events (avg/stddev):           42963880.7500/269615.31
    execution time (avg/stddev):   218.1721/0.22

sysbench 1.0.17 (using bundled LuaJIT 2.1.0-beta2)

Running the test with following options:
Number of threads: 8
Initializing random number generator from current time


Extra file open flags: (none)
64 files, 128MiB each
8GiB total file size
Block size 32KiB
Number of IO requests: 0
Read/Write ratio for combined random IO test: 1.50
Calling fsync() after each write operation.
Using synchronous I/O mode
Doing random read test
Initializing worker threads...

Threads started!


File operations:
    reads/s:                      1075261.57
    writes/s:                     0.00
    fsyncs/s:                     0.00

Throughput:
    read, MiB/s:                  33601.92
    written, MiB/s:               0.00

General statistics:
    total time:                          240.0001s
    total number of events:              258064788

Latency (ms):
         min:                                    0.00
         avg:                                    0.01
         max:                                    7.15
         95th percentile:                        0.01
         sum:                              1591053.11

Threads fairness:
    events (avg/stddev):           32258098.5000/1667540.80
    execution time (avg/stddev):   198.8816/1.36

sysbench 1.0.17 (using bundled LuaJIT 2.1.0-beta2)

Running the test with following options:
Number of threads: 16
Initializing random number generator from current time


Extra file open flags: (none)
64 files, 128MiB each
8GiB total file size
Block size 32KiB
Number of IO requests: 0
Read/Write ratio for combined random IO test: 1.50
Calling fsync() after each write operation.
Using synchronous I/O mode
Doing random read test
Initializing worker threads...

Threads started!


File operations:
    reads/s:                      1064432.95
    writes/s:                     0.00
    fsyncs/s:                     0.00

Throughput:
    read, MiB/s:                  33263.53
    written, MiB/s:               0.00

General statistics:
    total time:                          240.0001s
    total number of events:              255465913

Latency (ms):
         min:                                    0.00
         avg:                                    0.01
         max:                                    9.10
         95th percentile:                        0.02
         sum:                              2687977.65

Threads fairness:
    events (avg/stddev):           15966619.5625/46412.51
    execution time (avg/stddev):   167.9986/0.19

sysbench 1.0.17 (using bundled LuaJIT 2.1.0-beta2)

Running the test with following options:
Number of threads: 32
Initializing random number generator from current time


Extra file open flags: (none)
64 files, 128MiB each
8GiB total file size
Block size 32KiB
Number of IO requests: 0
Read/Write ratio for combined random IO test: 1.50
Calling fsync() after each write operation.
Using synchronous I/O mode
Doing random read test
Initializing worker threads...

Threads started!


File operations:
    reads/s:                      1079626.13
    writes/s:                     0.00
    fsyncs/s:                     0.00

Throughput:
    read, MiB/s:                  33738.32
    written, MiB/s:               0.00

General statistics:
    total time:                          240.0001s
    total number of events:              259112069

Latency (ms):
         min:                                    0.00
         avg:                                    0.02
         max:                                    9.21
         95th percentile:                        0.07
         sum:                              4668380.22

Threads fairness:
    events (avg/stddev):           8097252.1562/8080.17
    execution time (avg/stddev):   145.8869/0.11

sysbench 1.0.17 (using bundled LuaJIT 2.1.0-beta2)

Running the test with following options:
Number of threads: 64
Initializing random number generator from current time


Extra file open flags: (none)
64 files, 128MiB each
8GiB total file size
Block size 32KiB
Number of IO requests: 0
Read/Write ratio for combined random IO test: 1.50
Calling fsync() after each write operation.
Using synchronous I/O mode
Doing random read test
Initializing worker threads...

Threads started!


File operations:
    reads/s:                      1082591.71
    writes/s:                     0.00
    fsyncs/s:                     0.00

Throughput:
    read, MiB/s:                  33830.99
    written, MiB/s:               0.00

General statistics:
    total time:                          240.0002s
    total number of events:              259823860

Latency (ms):
         min:                                    0.00
         avg:                                    0.03
         max:                                   42.77
         95th percentile:                        0.19
         sum:                              8670558.76

Threads fairness:
    events (avg/stddev):           4059747.8125/26135.94
    execution time (avg/stddev):   135.4775/0.14

