sysbench 1.0.17 (using bundled LuaJIT 2.1.0-beta2)

Running the test with following options:
Number of threads: 1
Initializing random number generator from current time


Extra file open flags: (none)
64 files, 128MiB each
8GiB total file size
Block size 32KiB
Number of IO requests: 0
Read/Write ratio for combined random IO test: 1.50
Calling fsync() after each write operation.
Using synchronous I/O mode
Doing random write test
Initializing worker threads...

Threads started!


File operations:
    reads/s:                      0.00
    writes/s:                     3960.91
    fsyncs/s:                     3960.91

Throughput:
    read, MiB/s:                  0.00
    written, MiB/s:               123.78

General statistics:
    total time:                          240.0001s
    total number of events:              950625

Latency (ms):
         min:                                    0.09
         avg:                                    0.25
         max:                                    9.11
         95th percentile:                        0.34
         sum:                               239617.07

Threads fairness:
    events (avg/stddev):           950625.0000/0.00
    execution time (avg/stddev):   239.6171/0.00

sysbench 1.0.17 (using bundled LuaJIT 2.1.0-beta2)

Running the test with following options:
Number of threads: 4
Initializing random number generator from current time


Extra file open flags: (none)
64 files, 128MiB each
8GiB total file size
Block size 32KiB
Number of IO requests: 0
Read/Write ratio for combined random IO test: 1.50
Calling fsync() after each write operation.
Using synchronous I/O mode
Doing random write test
Initializing worker threads...

Threads started!


File operations:
    reads/s:                      0.00
    writes/s:                     10882.11
    fsyncs/s:                     10882.11

Throughput:
    read, MiB/s:                  0.00
    written, MiB/s:               340.07

General statistics:
    total time:                          240.0004s
    total number of events:              2611727

Latency (ms):
         min:                                    0.09
         avg:                                    0.37
         max:                                   10.54
         95th percentile:                        0.97
         sum:                               958438.62

Threads fairness:
    events (avg/stddev):           652931.7500/1067.32
    execution time (avg/stddev):   239.6097/0.00

sysbench 1.0.17 (using bundled LuaJIT 2.1.0-beta2)

Running the test with following options:
Number of threads: 8
Initializing random number generator from current time


Extra file open flags: (none)
64 files, 128MiB each
8GiB total file size
Block size 32KiB
Number of IO requests: 0
Read/Write ratio for combined random IO test: 1.50
Calling fsync() after each write operation.
Using synchronous I/O mode
Doing random write test
Initializing worker threads...

Threads started!


File operations:
    reads/s:                      0.00
    writes/s:                     11305.93
    fsyncs/s:                     11305.93

Throughput:
    read, MiB/s:                  0.00
    written, MiB/s:               353.31

General statistics:
    total time:                          240.0010s
    total number of events:              2713452

Latency (ms):
         min:                                    0.09
         avg:                                    0.71
         max:                                   10.91
         95th percentile:                        1.27
         sum:                              1917970.36

Threads fairness:
    events (avg/stddev):           339181.5000/651.09
    execution time (avg/stddev):   239.7463/0.00

sysbench 1.0.17 (using bundled LuaJIT 2.1.0-beta2)

Running the test with following options:
Number of threads: 16
Initializing random number generator from current time


Extra file open flags: (none)
64 files, 128MiB each
8GiB total file size
Block size 32KiB
Number of IO requests: 0
Read/Write ratio for combined random IO test: 1.50
Calling fsync() after each write operation.
Using synchronous I/O mode
Doing random write test
Initializing worker threads...

Threads started!


File operations:
    reads/s:                      0.00
    writes/s:                     11726.92
    fsyncs/s:                     11726.92

Throughput:
    read, MiB/s:                  0.00
    written, MiB/s:               366.47

General statistics:
    total time:                          240.0026s
    total number of events:              2814507

Latency (ms):
         min:                                    0.09
         avg:                                    1.36
         max:                                   12.87
         95th percentile:                        3.62
         sum:                              3836281.57

Threads fairness:
    events (avg/stddev):           175906.6875/240.12
    execution time (avg/stddev):   239.7676/0.00

sysbench 1.0.17 (using bundled LuaJIT 2.1.0-beta2)

Running the test with following options:
Number of threads: 32
Initializing random number generator from current time


Extra file open flags: (none)
64 files, 128MiB each
8GiB total file size
Block size 32KiB
Number of IO requests: 0
Read/Write ratio for combined random IO test: 1.50
Calling fsync() after each write operation.
Using synchronous I/O mode
Doing random write test
Initializing worker threads...

Threads started!


File operations:
    reads/s:                      0.00
    writes/s:                     12020.12
    fsyncs/s:                     12020.12

Throughput:
    read, MiB/s:                  0.00
    written, MiB/s:               375.63

General statistics:
    total time:                          240.0058s
    total number of events:              2884914

Latency (ms):
         min:                                    0.09
         avg:                                    2.66
         max:                                   23.24
         95th percentile:                        7.30
         sum:                              7674190.21

Threads fairness:
    events (avg/stddev):           90153.5625/177.82
    execution time (avg/stddev):   239.8184/0.00

sysbench 1.0.17 (using bundled LuaJIT 2.1.0-beta2)

Running the test with following options:
Number of threads: 64
Initializing random number generator from current time


Extra file open flags: (none)
64 files, 128MiB each
8GiB total file size
Block size 32KiB
Number of IO requests: 0
Read/Write ratio for combined random IO test: 1.50
Calling fsync() after each write operation.
Using synchronous I/O mode
Doing random write test
Initializing worker threads...

Threads started!


File operations:
    reads/s:                      0.00
    writes/s:                     12215.01
    fsyncs/s:                     12215.01

Throughput:
    read, MiB/s:                  0.00
    written, MiB/s:               381.72

General statistics:
    total time:                          240.0094s
    total number of events:              2931733

Latency (ms):
         min:                                    0.10
         avg:                                    5.24
         max:                                   41.33
         95th percentile:                       13.22
         sum:                             15351822.79

Threads fairness:
    events (avg/stddev):           45808.3281/106.52
    execution time (avg/stddev):   239.8722/0.00

