sysbench 1.0.17 (using bundled LuaJIT 2.1.0-beta2)

Running the test with following options:
Number of threads: 1
Initializing random number generator from current time


Extra file open flags: (none)
64 files, 128MiB each
8GiB total file size
Block size 32KiB
Number of IO requests: 0
Read/Write ratio for combined random IO test: 1.50
Calling fsync() after each write operation.
Using synchronous I/O mode
Doing random read test
Initializing worker threads...

Threads started!


File operations:
    reads/s:                      216819.25
    writes/s:                     0.00
    fsyncs/s:                     0.00

Throughput:
    read, MiB/s:                  6775.60
    written, MiB/s:               0.00

General statistics:
    total time:                          240.0001s
    total number of events:              52036956

Latency (ms):
         min:                                    0.00
         avg:                                    0.00
         max:                                    0.51
         95th percentile:                        0.01
         sum:                               228846.12

Threads fairness:
    events (avg/stddev):           52036956.0000/0.00
    execution time (avg/stddev):   228.8461/0.00

sysbench 1.0.17 (using bundled LuaJIT 2.1.0-beta2)

Running the test with following options:
Number of threads: 4
Initializing random number generator from current time


Extra file open flags: (none)
64 files, 128MiB each
8GiB total file size
Block size 32KiB
Number of IO requests: 0
Read/Write ratio for combined random IO test: 1.50
Calling fsync() after each write operation.
Using synchronous I/O mode
Doing random read test
Initializing worker threads...

Threads started!


File operations:
    reads/s:                      733499.75
    writes/s:                     0.00
    fsyncs/s:                     0.00

Throughput:
    read, MiB/s:                  22921.87
    written, MiB/s:               0.00

General statistics:
    total time:                          240.0001s
    total number of events:              176041183

Latency (ms):
         min:                                    0.00
         avg:                                    0.00
         max:                                    0.66
         95th percentile:                        0.01
         sum:                               872619.08

Threads fairness:
    events (avg/stddev):           44010295.7500/87230.78
    execution time (avg/stddev):   218.1548/0.14

sysbench 1.0.17 (using bundled LuaJIT 2.1.0-beta2)

Running the test with following options:
Number of threads: 8
Initializing random number generator from current time


Extra file open flags: (none)
64 files, 128MiB each
8GiB total file size
Block size 32KiB
Number of IO requests: 0
Read/Write ratio for combined random IO test: 1.50
Calling fsync() after each write operation.
Using synchronous I/O mode
Doing random read test
Initializing worker threads...

Threads started!


File operations:
    reads/s:                      777855.67
    writes/s:                     0.00
    fsyncs/s:                     0.00

Throughput:
    read, MiB/s:                  24307.99
    written, MiB/s:               0.00

General statistics:
    total time:                          240.0002s
    total number of events:              186686699

Latency (ms):
         min:                                    0.00
         avg:                                    0.01
         max:                                    3.33
         95th percentile:                        0.02
         sum:                              1486413.44

Threads fairness:
    events (avg/stddev):           23335837.3750/93887.22
    execution time (avg/stddev):   185.8017/0.68

sysbench 1.0.17 (using bundled LuaJIT 2.1.0-beta2)

Running the test with following options:
Number of threads: 16
Initializing random number generator from current time


Extra file open flags: (none)
64 files, 128MiB each
8GiB total file size
Block size 32KiB
Number of IO requests: 0
Read/Write ratio for combined random IO test: 1.50
Calling fsync() after each write operation.
Using synchronous I/O mode
Doing random read test
Initializing worker threads...

Threads started!


File operations:
    reads/s:                      1080381.17
    writes/s:                     0.00
    fsyncs/s:                     0.00

Throughput:
    read, MiB/s:                  33761.91
    written, MiB/s:               0.00

General statistics:
    total time:                          240.0002s
    total number of events:              259293358

Latency (ms):
         min:                                    0.00
         avg:                                    0.01
         max:                                   21.77
         95th percentile:                        0.02
         sum:                              2664323.01

Threads fairness:
    events (avg/stddev):           16205834.8750/50521.22
    execution time (avg/stddev):   166.5202/0.20

sysbench 1.0.17 (using bundled LuaJIT 2.1.0-beta2)

Running the test with following options:
Number of threads: 32
Initializing random number generator from current time


Extra file open flags: (none)
64 files, 128MiB each
8GiB total file size
Block size 32KiB
Number of IO requests: 0
Read/Write ratio for combined random IO test: 1.50
Calling fsync() after each write operation.
Using synchronous I/O mode
Doing random read test
Initializing worker threads...

Threads started!


File operations:
    reads/s:                      1121026.42
    writes/s:                     0.00
    fsyncs/s:                     0.00

Throughput:
    read, MiB/s:                  35032.08
    written, MiB/s:               0.00

General statistics:
    total time:                          240.0003s
    total number of events:              269048419

Latency (ms):
         min:                                    0.00
         avg:                                    0.02
         max:                                   26.61
         95th percentile:                        0.07
         sum:                              4646928.99

Threads fairness:
    events (avg/stddev):           8407763.0938/32503.32
    execution time (avg/stddev):   145.2165/0.10

sysbench 1.0.17 (using bundled LuaJIT 2.1.0-beta2)

Running the test with following options:
Number of threads: 64
Initializing random number generator from current time


Extra file open flags: (none)
64 files, 128MiB each
8GiB total file size
Block size 32KiB
Number of IO requests: 0
Read/Write ratio for combined random IO test: 1.50
Calling fsync() after each write operation.
Using synchronous I/O mode
Doing random read test
Initializing worker threads...

Threads started!


File operations:
    reads/s:                      1099229.13
    writes/s:                     0.00
    fsyncs/s:                     0.00

Throughput:
    read, MiB/s:                  34350.91
    written, MiB/s:               0.00

General statistics:
    total time:                          240.0006s
    total number of events:              263817272

Latency (ms):
         min:                                    0.00
         avg:                                    0.03
         max:                                   27.56
         95th percentile:                        0.19
         sum:                              8676418.48

Threads fairness:
    events (avg/stddev):           4122144.8750/5657.51
    execution time (avg/stddev):   135.5690/0.14

