sysbench 1.0.17 (using bundled LuaJIT 2.1.0-beta2)

Running the test with following options:
Number of threads: 1
Initializing random number generator from current time


Extra file open flags: (none)
64 files, 128MiB each
8GiB total file size
Block size 32KiB
Number of IO requests: 0
Read/Write ratio for combined random IO test: 1.50
Calling fsync() after each write operation.
Using synchronous I/O mode
Doing random write test
Initializing worker threads...

Threads started!


File operations:
    reads/s:                      0.00
    writes/s:                     4002.02
    fsyncs/s:                     4002.02

Throughput:
    read, MiB/s:                  0.00
    written, MiB/s:               125.06

General statistics:
    total time:                          240.0003s
    total number of events:              960491

Latency (ms):
         min:                                    0.09
         avg:                                    0.25
         max:                                   31.33
         95th percentile:                        0.34
         sum:                               239635.58

Threads fairness:
    events (avg/stddev):           960491.0000/0.00
    execution time (avg/stddev):   239.6356/0.00

sysbench 1.0.17 (using bundled LuaJIT 2.1.0-beta2)

Running the test with following options:
Number of threads: 4
Initializing random number generator from current time


Extra file open flags: (none)
64 files, 128MiB each
8GiB total file size
Block size 32KiB
Number of IO requests: 0
Read/Write ratio for combined random IO test: 1.50
Calling fsync() after each write operation.
Using synchronous I/O mode
Doing random write test
Initializing worker threads...

Threads started!


File operations:
    reads/s:                      0.00
    writes/s:                     10878.24
    fsyncs/s:                     10878.24

Throughput:
    read, MiB/s:                  0.00
    written, MiB/s:               339.94

General statistics:
    total time:                          240.0002s
    total number of events:              2610795

Latency (ms):
         min:                                    0.09
         avg:                                    0.37
         max:                                  138.35
         95th percentile:                        0.97
         sum:                               958550.61

Threads fairness:
    events (avg/stddev):           652698.7500/2067.48
    execution time (avg/stddev):   239.6377/0.00

sysbench 1.0.17 (using bundled LuaJIT 2.1.0-beta2)

Running the test with following options:
Number of threads: 8
Initializing random number generator from current time


Extra file open flags: (none)
64 files, 128MiB each
8GiB total file size
Block size 32KiB
Number of IO requests: 0
Read/Write ratio for combined random IO test: 1.50
Calling fsync() after each write operation.
Using synchronous I/O mode
Doing random write test
Initializing worker threads...

Threads started!


File operations:
    reads/s:                      0.00
    writes/s:                     11320.31
    fsyncs/s:                     11320.31

Throughput:
    read, MiB/s:                  0.00
    written, MiB/s:               353.76

General statistics:
    total time:                          240.0008s
    total number of events:              2716900

Latency (ms):
         min:                                    0.09
         avg:                                    0.71
         max:                                  208.94
         95th percentile:                        1.14
         sum:                              1918131.14

Threads fairness:
    events (avg/stddev):           339612.5000/708.29
    execution time (avg/stddev):   239.7664/0.00

sysbench 1.0.17 (using bundled LuaJIT 2.1.0-beta2)

Running the test with following options:
Number of threads: 16
Initializing random number generator from current time


Extra file open flags: (none)
64 files, 128MiB each
8GiB total file size
Block size 32KiB
Number of IO requests: 0
Read/Write ratio for combined random IO test: 1.50
Calling fsync() after each write operation.
Using synchronous I/O mode
Doing random write test
Initializing worker threads...

Threads started!


File operations:
    reads/s:                      0.00
    writes/s:                     11697.94
    fsyncs/s:                     11697.94

Throughput:
    read, MiB/s:                  0.00
    written, MiB/s:               365.56

General statistics:
    total time:                          240.0047s
    total number of events:              2807576

Latency (ms):
         min:                                    0.10
         avg:                                    1.37
         max:                                  320.23
         95th percentile:                        3.75
         sum:                              3836457.08

Threads fairness:
    events (avg/stddev):           175473.5000/316.01
    execution time (avg/stddev):   239.7786/0.00

sysbench 1.0.17 (using bundled LuaJIT 2.1.0-beta2)

Running the test with following options:
Number of threads: 32
Initializing random number generator from current time


Extra file open flags: (none)
64 files, 128MiB each
8GiB total file size
Block size 32KiB
Number of IO requests: 0
Read/Write ratio for combined random IO test: 1.50
Calling fsync() after each write operation.
Using synchronous I/O mode
Doing random write test
Initializing worker threads...

Threads started!


File operations:
    reads/s:                      0.00
    writes/s:                     11997.21
    fsyncs/s:                     11997.21

Throughput:
    read, MiB/s:                  0.00
    written, MiB/s:               374.91

General statistics:
    total time:                          240.0022s
    total number of events:              2879371

Latency (ms):
         min:                                    0.09
         avg:                                    2.67
         max:                                  181.60
         95th percentile:                        7.30
         sum:                              7674494.37

Threads fairness:
    events (avg/stddev):           89980.3438/210.57
    execution time (avg/stddev):   239.8279/0.00

sysbench 1.0.17 (using bundled LuaJIT 2.1.0-beta2)

Running the test with following options:
Number of threads: 64
Initializing random number generator from current time


Extra file open flags: (none)
64 files, 128MiB each
8GiB total file size
Block size 32KiB
Number of IO requests: 0
Read/Write ratio for combined random IO test: 1.50
Calling fsync() after each write operation.
Using synchronous I/O mode
Doing random write test
Initializing worker threads...

Threads started!


File operations:
    reads/s:                      0.00
    writes/s:                     12213.17
    fsyncs/s:                     12213.17

Throughput:
    read, MiB/s:                  0.00
    written, MiB/s:               381.66

General statistics:
    total time:                          240.0054s
    total number of events:              2931244

Latency (ms):
         min:                                    0.09
         avg:                                    5.24
         max:                                   75.90
         95th percentile:                       13.22
         sum:                             15352008.13

Threads fairness:
    events (avg/stddev):           45800.6875/104.55
    execution time (avg/stddev):   239.8751/0.00

