sysbench 1.0.17 (using bundled LuaJIT 2.1.0-beta2)

Running the test with following options:
Number of threads: 1
Initializing random number generator from current time


Extra file open flags: (none)
64 files, 128MiB each
8GiB total file size
Block size 32KiB
Number of IO requests: 0
Read/Write ratio for combined random IO test: 1.50
Calling fsync() after each write operation.
Using synchronous I/O mode
Doing random read test
Initializing worker threads...

Threads started!


File operations:
    reads/s:                      201919.95
    writes/s:                     0.00
    fsyncs/s:                     0.00

Throughput:
    read, MiB/s:                  6310.00
    written, MiB/s:               0.00

General statistics:
    total time:                          240.0001s
    total number of events:              48461120

Latency (ms):
         min:                                    0.00
         avg:                                    0.00
         max:                                    0.06
         95th percentile:                        0.01
         sum:                               227939.00

Threads fairness:
    events (avg/stddev):           48461120.0000/0.00
    execution time (avg/stddev):   227.9390/0.00

sysbench 1.0.17 (using bundled LuaJIT 2.1.0-beta2)

Running the test with following options:
Number of threads: 4
Initializing random number generator from current time


Extra file open flags: (none)
64 files, 128MiB each
8GiB total file size
Block size 32KiB
Number of IO requests: 0
Read/Write ratio for combined random IO test: 1.50
Calling fsync() after each write operation.
Using synchronous I/O mode
Doing random read test
Initializing worker threads...

Threads started!


File operations:
    reads/s:                      672280.37
    writes/s:                     0.00
    fsyncs/s:                     0.00

Throughput:
    read, MiB/s:                  21008.76
    written, MiB/s:               0.00

General statistics:
    total time:                          240.0001s
    total number of events:              161348392

Latency (ms):
         min:                                    0.00
         avg:                                    0.01
         max:                                    0.07
         95th percentile:                        0.01
         sum:                               873545.42

Threads fairness:
    events (avg/stddev):           40337098.0000/1407092.83
    execution time (avg/stddev):   218.3864/0.37

sysbench 1.0.17 (using bundled LuaJIT 2.1.0-beta2)

Running the test with following options:
Number of threads: 8
Initializing random number generator from current time


Extra file open flags: (none)
64 files, 128MiB each
8GiB total file size
Block size 32KiB
Number of IO requests: 0
Read/Write ratio for combined random IO test: 1.50
Calling fsync() after each write operation.
Using synchronous I/O mode
Doing random read test
Initializing worker threads...

Threads started!


File operations:
    reads/s:                      1048788.86
    writes/s:                     0.00
    fsyncs/s:                     0.00

Throughput:
    read, MiB/s:                  32774.65
    written, MiB/s:               0.00

General statistics:
    total time:                          240.0001s
    total number of events:              251711149

Latency (ms):
         min:                                    0.00
         avg:                                    0.01
         max:                                    0.33
         95th percentile:                        0.01
         sum:                              1633134.59

Threads fairness:
    events (avg/stddev):           31463893.6250/1329105.83
    execution time (avg/stddev):   204.1418/1.09

sysbench 1.0.17 (using bundled LuaJIT 2.1.0-beta2)

Running the test with following options:
Number of threads: 16
Initializing random number generator from current time


Extra file open flags: (none)
64 files, 128MiB each
8GiB total file size
Block size 32KiB
Number of IO requests: 0
Read/Write ratio for combined random IO test: 1.50
Calling fsync() after each write operation.
Using synchronous I/O mode
Doing random read test
Initializing worker threads...

Threads started!


File operations:
    reads/s:                      1083244.74
    writes/s:                     0.00
    fsyncs/s:                     0.00

Throughput:
    read, MiB/s:                  33851.40
    written, MiB/s:               0.00

General statistics:
    total time:                          240.0001s
    total number of events:              259980534

Latency (ms):
         min:                                    0.00
         avg:                                    0.01
         max:                                    3.98
         95th percentile:                        0.02
         sum:                              2743371.12

Threads fairness:
    events (avg/stddev):           16248783.3750/64338.86
    execution time (avg/stddev):   171.4607/0.32

sysbench 1.0.17 (using bundled LuaJIT 2.1.0-beta2)

Running the test with following options:
Number of threads: 32
Initializing random number generator from current time


Extra file open flags: (none)
64 files, 128MiB each
8GiB total file size
Block size 32KiB
Number of IO requests: 0
Read/Write ratio for combined random IO test: 1.50
Calling fsync() after each write operation.
Using synchronous I/O mode
Doing random read test
Initializing worker threads...

Threads started!


File operations:
    reads/s:                      1069075.78
    writes/s:                     0.00
    fsyncs/s:                     0.00

Throughput:
    read, MiB/s:                  33408.62
    written, MiB/s:               0.00

General statistics:
    total time:                          240.0001s
    total number of events:              256580002

Latency (ms):
         min:                                    0.00
         avg:                                    0.02
         max:                                    4.55
         95th percentile:                        0.07
         sum:                              4680222.20

Threads fairness:
    events (avg/stddev):           8018125.0625/9661.63
    execution time (avg/stddev):   146.2569/0.11

sysbench 1.0.17 (using bundled LuaJIT 2.1.0-beta2)

Running the test with following options:
Number of threads: 64
Initializing random number generator from current time


Extra file open flags: (none)
64 files, 128MiB each
8GiB total file size
Block size 32KiB
Number of IO requests: 0
Read/Write ratio for combined random IO test: 1.50
Calling fsync() after each write operation.
Using synchronous I/O mode
Doing random read test
Initializing worker threads...

Threads started!


File operations:
    reads/s:                      1060040.78
    writes/s:                     0.00
    fsyncs/s:                     0.00

Throughput:
    read, MiB/s:                  33126.27
    written, MiB/s:               0.00

General statistics:
    total time:                          240.0002s
    total number of events:              254411857

Latency (ms):
         min:                                    0.00
         avg:                                    0.03
         max:                                   42.67
         95th percentile:                        0.20
         sum:                              8676275.51

Threads fairness:
    events (avg/stddev):           3975185.2656/23550.22
    execution time (avg/stddev):   135.5668/0.16

