sysbench 1.0.17 (using bundled LuaJIT 2.1.0-beta2)

Running the test with following options:
Number of threads: 1
Initializing random number generator from current time


Extra file open flags: (none)
64 files, 128MiB each
8GiB total file size
Block size 32KiB
Number of IO requests: 0
Read/Write ratio for combined random IO test: 1.50
Calling fsync() after each write operation.
Using synchronous I/O mode
Doing random write test
Initializing worker threads...

Threads started!


File operations:
    reads/s:                      0.00
    writes/s:                     598.08
    fsyncs/s:                     598.08

Throughput:
    read, MiB/s:                  0.00
    written, MiB/s:               18.69

General statistics:
    total time:                          240.0009s
    total number of events:              143540

Latency (ms):
         min:                                    0.53
         avg:                                    1.67
         max:                                  147.03
         95th percentile:                        1.89
         sum:                               239946.04

Threads fairness:
    events (avg/stddev):           143540.0000/0.00
    execution time (avg/stddev):   239.9460/0.00

sysbench 1.0.17 (using bundled LuaJIT 2.1.0-beta2)

Running the test with following options:
Number of threads: 4
Initializing random number generator from current time


Extra file open flags: (none)
64 files, 128MiB each
8GiB total file size
Block size 32KiB
Number of IO requests: 0
Read/Write ratio for combined random IO test: 1.50
Calling fsync() after each write operation.
Using synchronous I/O mode
Doing random write test
Initializing worker threads...

Threads started!


File operations:
    reads/s:                      0.00
    writes/s:                     2309.85
    fsyncs/s:                     2309.85

Throughput:
    read, MiB/s:                  0.00
    written, MiB/s:               72.18

General statistics:
    total time:                          240.0012s
    total number of events:              554371

Latency (ms):
         min:                                    0.49
         avg:                                    1.73
         max:                                  201.76
         95th percentile:                        2.14
         sum:                               959525.87

Threads fairness:
    events (avg/stddev):           138592.7500/73.69
    execution time (avg/stddev):   239.8815/0.00

sysbench 1.0.17 (using bundled LuaJIT 2.1.0-beta2)

Running the test with following options:
Number of threads: 8
Initializing random number generator from current time


Extra file open flags: (none)
64 files, 128MiB each
8GiB total file size
Block size 32KiB
Number of IO requests: 0
Read/Write ratio for combined random IO test: 1.50
Calling fsync() after each write operation.
Using synchronous I/O mode
Doing random write test
Initializing worker threads...

Threads started!


File operations:
    reads/s:                      0.00
    writes/s:                     4457.30
    fsyncs/s:                     4457.30

Throughput:
    read, MiB/s:                  0.00
    written, MiB/s:               139.29

General statistics:
    total time:                          240.0013s
    total number of events:              1069763

Latency (ms):
         min:                                    0.51
         avg:                                    1.79
         max:                                  149.88
         95th percentile:                        2.43
         sum:                              1918237.07

Threads fairness:
    events (avg/stddev):           133720.3750/69.92
    execution time (avg/stddev):   239.7796/0.00

sysbench 1.0.17 (using bundled LuaJIT 2.1.0-beta2)

Running the test with following options:
Number of threads: 16
Initializing random number generator from current time


Extra file open flags: (none)
64 files, 128MiB each
8GiB total file size
Block size 32KiB
Number of IO requests: 0
Read/Write ratio for combined random IO test: 1.50
Calling fsync() after each write operation.
Using synchronous I/O mode
Doing random write test
Initializing worker threads...

Threads started!


File operations:
    reads/s:                      0.00
    writes/s:                     8130.12
    fsyncs/s:                     8130.12

Throughput:
    read, MiB/s:                  0.00
    written, MiB/s:               254.07

General statistics:
    total time:                          240.0007s
    total number of events:              1951246

Latency (ms):
         min:                                    0.51
         avg:                                    1.97
         max:                                  251.31
         95th percentile:                        2.81
         sum:                              3835835.98

Threads fairness:
    events (avg/stddev):           121952.8750/85.47
    execution time (avg/stddev):   239.7397/0.00

sysbench 1.0.17 (using bundled LuaJIT 2.1.0-beta2)

Running the test with following options:
Number of threads: 32
Initializing random number generator from current time


Extra file open flags: (none)
64 files, 128MiB each
8GiB total file size
Block size 32KiB
Number of IO requests: 0
Read/Write ratio for combined random IO test: 1.50
Calling fsync() after each write operation.
Using synchronous I/O mode
Doing random write test
Initializing worker threads...

Threads started!


File operations:
    reads/s:                      0.00
    writes/s:                     12922.12
    fsyncs/s:                     12922.12

Throughput:
    read, MiB/s:                  0.00
    written, MiB/s:               403.82

General statistics:
    total time:                          240.0024s
    total number of events:              3101358

Latency (ms):
         min:                                    0.48
         avg:                                    2.47
         max:                                  284.38
         95th percentile:                        3.43
         sum:                              7673144.82

Threads fairness:
    events (avg/stddev):           96917.4375/100.25
    execution time (avg/stddev):   239.7858/0.00

sysbench 1.0.17 (using bundled LuaJIT 2.1.0-beta2)

Running the test with following options:
Number of threads: 64
Initializing random number generator from current time


Extra file open flags: (none)
64 files, 128MiB each
8GiB total file size
Block size 32KiB
Number of IO requests: 0
Read/Write ratio for combined random IO test: 1.50
Calling fsync() after each write operation.
Using synchronous I/O mode
Doing random write test
Initializing worker threads...

Threads started!


File operations:
    reads/s:                      0.00
    writes/s:                     13114.44
    fsyncs/s:                     13114.44

Throughput:
    read, MiB/s:                  0.00
    written, MiB/s:               409.83

General statistics:
    total time:                          240.0019s
    total number of events:              3147508

Latency (ms):
         min:                                    0.54
         avg:                                    4.88
         max:                                  266.96
         95th percentile:                        6.32
         sum:                             15349821.42

Threads fairness:
    events (avg/stddev):           49179.8125/51.72
    execution time (avg/stddev):   239.8410/0.00

