sysbench 1.0.17 (using bundled LuaJIT 2.1.0-beta2)

Running the test with following options:
Number of threads: 1
Initializing random number generator from current time


Extra file open flags: (none)
64 files, 128MiB each
8GiB total file size
Block size 32KiB
Number of IO requests: 0
Read/Write ratio for combined random IO test: 1.50
Calling fsync() after each write operation.
Using synchronous I/O mode
Doing random read test
Initializing worker threads...

Threads started!


File operations:
    reads/s:                      162754.45
    writes/s:                     0.00
    fsyncs/s:                     0.00

Throughput:
    read, MiB/s:                  5086.08
    written, MiB/s:               0.00

General statistics:
    total time:                          240.0001s
    total number of events:              39061368

Latency (ms):
         min:                                    0.00
         avg:                                    0.01
         max:                                    9.57
         95th percentile:                        0.01
         sum:                               230936.54

Threads fairness:
    events (avg/stddev):           39061368.0000/0.00
    execution time (avg/stddev):   230.9365/0.00

sysbench 1.0.17 (using bundled LuaJIT 2.1.0-beta2)

Running the test with following options:
Number of threads: 4
Initializing random number generator from current time


Extra file open flags: (none)
64 files, 128MiB each
8GiB total file size
Block size 32KiB
Number of IO requests: 0
Read/Write ratio for combined random IO test: 1.50
Calling fsync() after each write operation.
Using synchronous I/O mode
Doing random read test
Initializing worker threads...

Threads started!


File operations:
    reads/s:                      578795.49
    writes/s:                     0.00
    fsyncs/s:                     0.00

Throughput:
    read, MiB/s:                  18087.36
    written, MiB/s:               0.00

General statistics:
    total time:                          240.0001s
    total number of events:              138912014

Latency (ms):
         min:                                    0.00
         avg:                                    0.01
         max:                                   14.44
         95th percentile:                        0.01
         sum:                               853021.72

Threads fairness:
    events (avg/stddev):           34728003.5000/2270459.33
    execution time (avg/stddev):   213.2554/2.43

sysbench 1.0.17 (using bundled LuaJIT 2.1.0-beta2)

Running the test with following options:
Number of threads: 8
Initializing random number generator from current time


Extra file open flags: (none)
64 files, 128MiB each
8GiB total file size
Block size 32KiB
Number of IO requests: 0
Read/Write ratio for combined random IO test: 1.50
Calling fsync() after each write operation.
Using synchronous I/O mode
Doing random read test
Initializing worker threads...

Threads started!


File operations:
    reads/s:                      858493.20
    writes/s:                     0.00
    fsyncs/s:                     0.00

Throughput:
    read, MiB/s:                  26827.91
    written, MiB/s:               0.00

General statistics:
    total time:                          240.0003s
    total number of events:              206040120

Latency (ms):
         min:                                    0.00
         avg:                                    0.01
         max:                                   16.11
         95th percentile:                        0.01
         sum:                              1573677.39

Threads fairness:
    events (avg/stddev):           25755015.0000/995227.62
    execution time (avg/stddev):   196.7097/2.82

sysbench 1.0.17 (using bundled LuaJIT 2.1.0-beta2)

Running the test with following options:
Number of threads: 16
Initializing random number generator from current time


Extra file open flags: (none)
64 files, 128MiB each
8GiB total file size
Block size 32KiB
Number of IO requests: 0
Read/Write ratio for combined random IO test: 1.50
Calling fsync() after each write operation.
Using synchronous I/O mode
Doing random read test
Initializing worker threads...

Threads started!


File operations:
    reads/s:                      850000.90
    writes/s:                     0.00
    fsyncs/s:                     0.00

Throughput:
    read, MiB/s:                  26562.53
    written, MiB/s:               0.00

General statistics:
    total time:                          240.0002s
    total number of events:              204001957

Latency (ms):
         min:                                    0.00
         avg:                                    0.01
         max:                                   17.62
         95th percentile:                        0.03
         sum:                              2593990.37

Threads fairness:
    events (avg/stddev):           12750122.3125/78128.65
    execution time (avg/stddev):   162.1244/0.75

sysbench 1.0.17 (using bundled LuaJIT 2.1.0-beta2)

Running the test with following options:
Number of threads: 32
Initializing random number generator from current time


Extra file open flags: (none)
64 files, 128MiB each
8GiB total file size
Block size 32KiB
Number of IO requests: 0
Read/Write ratio for combined random IO test: 1.50
Calling fsync() after each write operation.
Using synchronous I/O mode
Doing random read test
Initializing worker threads...

Threads started!


File operations:
    reads/s:                      848664.76
    writes/s:                     0.00
    fsyncs/s:                     0.00

Throughput:
    read, MiB/s:                  26520.77
    written, MiB/s:               0.00

General statistics:
    total time:                          240.0003s
    total number of events:              203681192

Latency (ms):
         min:                                    0.00
         avg:                                    0.02
         max:                                   24.63
         95th percentile:                        0.09
         sum:                              4612010.22

Threads fairness:
    events (avg/stddev):           6365037.2500/19120.58
    execution time (avg/stddev):   144.1253/0.35

sysbench 1.0.17 (using bundled LuaJIT 2.1.0-beta2)

Running the test with following options:
Number of threads: 64
Initializing random number generator from current time


Extra file open flags: (none)
64 files, 128MiB each
8GiB total file size
Block size 32KiB
Number of IO requests: 0
Read/Write ratio for combined random IO test: 1.50
Calling fsync() after each write operation.
Using synchronous I/O mode
Doing random read test
Initializing worker threads...

Threads started!


File operations:
    reads/s:                      870912.90
    writes/s:                     0.00
    fsyncs/s:                     0.00

Throughput:
    read, MiB/s:                  27216.03
    written, MiB/s:               0.00

General statistics:
    total time:                          240.0005s
    total number of events:              209020839

Latency (ms):
         min:                                    0.00
         avg:                                    0.04
         max:                                   59.09
         95th percentile:                        0.23
         sum:                              8694246.82

Threads fairness:
    events (avg/stddev):           3265950.6094/18832.89
    execution time (avg/stddev):   135.8476/0.28

