sysbench 1.0.17 (using bundled LuaJIT 2.1.0-beta2)

Running the test with following options:
Number of threads: 1
Initializing random number generator from current time


Extra file open flags: (none)
64 files, 128MiB each
8GiB total file size
Block size 32KiB
Number of IO requests: 0
Read/Write ratio for combined random IO test: 1.50
Calling fsync() after each write operation.
Using synchronous I/O mode
Doing random read test
Initializing worker threads...

Threads started!


File operations:
    reads/s:                      235330.36
    writes/s:                     0.00
    fsyncs/s:                     0.00

Throughput:
    read, MiB/s:                  7354.07
    written, MiB/s:               0.00

General statistics:
    total time:                          240.0001s
    total number of events:              56479646

Latency (ms):
         min:                                    0.00
         avg:                                    0.00
         max:                                    0.06
         95th percentile:                        0.00
         sum:                               227873.61

Threads fairness:
    events (avg/stddev):           56479646.0000/0.00
    execution time (avg/stddev):   227.8736/0.00

sysbench 1.0.17 (using bundled LuaJIT 2.1.0-beta2)

Running the test with following options:
Number of threads: 4
Initializing random number generator from current time


Extra file open flags: (none)
64 files, 128MiB each
8GiB total file size
Block size 32KiB
Number of IO requests: 0
Read/Write ratio for combined random IO test: 1.50
Calling fsync() after each write operation.
Using synchronous I/O mode
Doing random read test
Initializing worker threads...

Threads started!


File operations:
    reads/s:                      647825.74
    writes/s:                     0.00
    fsyncs/s:                     0.00

Throughput:
    read, MiB/s:                  20244.55
    written, MiB/s:               0.00

General statistics:
    total time:                          240.0001s
    total number of events:              155479286

Latency (ms):
         min:                                    0.00
         avg:                                    0.01
         max:                                    0.26
         95th percentile:                        0.01
         sum:                               849828.97

Threads fairness:
    events (avg/stddev):           38869821.5000/746304.44
    execution time (avg/stddev):   212.4572/0.78

sysbench 1.0.17 (using bundled LuaJIT 2.1.0-beta2)

Running the test with following options:
Number of threads: 8
Initializing random number generator from current time


Extra file open flags: (none)
64 files, 128MiB each
8GiB total file size
Block size 32KiB
Number of IO requests: 0
Read/Write ratio for combined random IO test: 1.50
Calling fsync() after each write operation.
Using synchronous I/O mode
Doing random read test
Initializing worker threads...

Threads started!


File operations:
    reads/s:                      829001.27
    writes/s:                     0.00
    fsyncs/s:                     0.00

Throughput:
    read, MiB/s:                  25906.29
    written, MiB/s:               0.00

General statistics:
    total time:                          240.0001s
    total number of events:              198961777

Latency (ms):
         min:                                    0.00
         avg:                                    0.01
         max:                                   13.90
         95th percentile:                        0.01
         sum:                              1755438.31

Threads fairness:
    events (avg/stddev):           24870222.1250/145833.16
    execution time (avg/stddev):   219.4298/0.47

sysbench 1.0.17 (using bundled LuaJIT 2.1.0-beta2)

Running the test with following options:
Number of threads: 16
Initializing random number generator from current time


Extra file open flags: (none)
64 files, 128MiB each
8GiB total file size
Block size 32KiB
Number of IO requests: 0
Read/Write ratio for combined random IO test: 1.50
Calling fsync() after each write operation.
Using synchronous I/O mode
Doing random read test
Initializing worker threads...

Threads started!


File operations:
    reads/s:                      802512.58
    writes/s:                     0.00
    fsyncs/s:                     0.00

Throughput:
    read, MiB/s:                  25078.52
    written, MiB/s:               0.00

General statistics:
    total time:                          240.0001s
    total number of events:              192604424

Latency (ms):
         min:                                    0.00
         avg:                                    0.01
         max:                                    3.86
         95th percentile:                        0.03
         sum:                              2730969.14

Threads fairness:
    events (avg/stddev):           12037776.5000/82767.13
    execution time (avg/stddev):   170.6856/0.53

sysbench 1.0.17 (using bundled LuaJIT 2.1.0-beta2)

Running the test with following options:
Number of threads: 32
Initializing random number generator from current time


Extra file open flags: (none)
64 files, 128MiB each
8GiB total file size
Block size 32KiB
Number of IO requests: 0
Read/Write ratio for combined random IO test: 1.50
Calling fsync() after each write operation.
Using synchronous I/O mode
Doing random read test
Initializing worker threads...

Threads started!


File operations:
    reads/s:                      774551.58
    writes/s:                     0.00
    fsyncs/s:                     0.00

Throughput:
    read, MiB/s:                  24204.74
    written, MiB/s:               0.00

General statistics:
    total time:                          240.0002s
    total number of events:              185893823

Latency (ms):
         min:                                    0.00
         avg:                                    0.03
         max:                                    6.18
         95th percentile:                        0.10
         sum:                              4723943.68

Threads fairness:
    events (avg/stddev):           5809181.9688/18303.48
    execution time (avg/stddev):   147.6232/0.44

sysbench 1.0.17 (using bundled LuaJIT 2.1.0-beta2)

Running the test with following options:
Number of threads: 64
Initializing random number generator from current time


Extra file open flags: (none)
64 files, 128MiB each
8GiB total file size
Block size 32KiB
Number of IO requests: 0
Read/Write ratio for combined random IO test: 1.50
Calling fsync() after each write operation.
Using synchronous I/O mode
Doing random read test
Initializing worker threads...

Threads started!


File operations:
    reads/s:                      776009.34
    writes/s:                     0.00
    fsyncs/s:                     0.00

Throughput:
    read, MiB/s:                  24250.29
    written, MiB/s:               0.00

General statistics:
    total time:                          240.0003s
    total number of events:              186243779

Latency (ms):
         min:                                    0.00
         avg:                                    0.05
         max:                                    9.82
         95th percentile:                        0.27
         sum:                              8874429.33

Threads fairness:
    events (avg/stddev):           2910059.0469/11691.07
    execution time (avg/stddev):   138.6630/0.26

