sysbench 1.0.17 (using bundled LuaJIT 2.1.0-beta2)

Running the test with following options:
Number of threads: 1
Initializing random number generator from current time


Extra file open flags: (none)
64 files, 128MiB each
8GiB total file size
Block size 32KiB
Number of IO requests: 0
Read/Write ratio for combined random IO test: 1.50
Calling fsync() after each write operation.
Using synchronous I/O mode
Doing random write test
Initializing worker threads...

Threads started!


File operations:
    reads/s:                      0.00
    writes/s:                     571.36
    fsyncs/s:                     571.36

Throughput:
    read, MiB/s:                  0.00
    written, MiB/s:               17.86

General statistics:
    total time:                          240.0009s
    total number of events:              137128

Latency (ms):
         min:                                    0.53
         avg:                                    1.75
         max:                                  262.44
         95th percentile:                        1.96
         sum:                               239900.17

Threads fairness:
    events (avg/stddev):           137128.0000/0.00
    execution time (avg/stddev):   239.9002/0.00

sysbench 1.0.17 (using bundled LuaJIT 2.1.0-beta2)

Running the test with following options:
Number of threads: 4
Initializing random number generator from current time


Extra file open flags: (none)
64 files, 128MiB each
8GiB total file size
Block size 32KiB
Number of IO requests: 0
Read/Write ratio for combined random IO test: 1.50
Calling fsync() after each write operation.
Using synchronous I/O mode
Doing random write test
Initializing worker threads...

Threads started!


File operations:
    reads/s:                      0.00
    writes/s:                     2189.47
    fsyncs/s:                     2189.47

Throughput:
    read, MiB/s:                  0.00
    written, MiB/s:               68.42

General statistics:
    total time:                          240.0015s
    total number of events:              525480

Latency (ms):
         min:                                    0.52
         avg:                                    1.83
         max:                                  199.48
         95th percentile:                        2.26
         sum:                               959549.27

Threads fairness:
    events (avg/stddev):           131370.0000/95.93
    execution time (avg/stddev):   239.8873/0.00

sysbench 1.0.17 (using bundled LuaJIT 2.1.0-beta2)

Running the test with following options:
Number of threads: 8
Initializing random number generator from current time


Extra file open flags: (none)
64 files, 128MiB each
8GiB total file size
Block size 32KiB
Number of IO requests: 0
Read/Write ratio for combined random IO test: 1.50
Calling fsync() after each write operation.
Using synchronous I/O mode
Doing random write test
Initializing worker threads...

Threads started!


File operations:
    reads/s:                      0.00
    writes/s:                     4091.65
    fsyncs/s:                     4091.65

Throughput:
    read, MiB/s:                  0.00
    written, MiB/s:               127.86

General statistics:
    total time:                          240.0016s
    total number of events:              982009

Latency (ms):
         min:                                    0.51
         avg:                                    1.95
         max:                                  209.72
         95th percentile:                        2.66
         sum:                              1918547.66

Threads fairness:
    events (avg/stddev):           122751.1250/83.50
    execution time (avg/stddev):   239.8185/0.00

sysbench 1.0.17 (using bundled LuaJIT 2.1.0-beta2)

Running the test with following options:
Number of threads: 16
Initializing random number generator from current time


Extra file open flags: (none)
64 files, 128MiB each
8GiB total file size
Block size 32KiB
Number of IO requests: 0
Read/Write ratio for combined random IO test: 1.50
Calling fsync() after each write operation.
Using synchronous I/O mode
Doing random write test
Initializing worker threads...

Threads started!


File operations:
    reads/s:                      0.00
    writes/s:                     7232.01
    fsyncs/s:                     7232.01

Throughput:
    read, MiB/s:                  0.00
    written, MiB/s:               226.00

General statistics:
    total time:                          240.0056s
    total number of events:              1735735

Latency (ms):
         min:                                    0.50
         avg:                                    2.21
         max:                                  149.28
         95th percentile:                        3.07
         sum:                              3835446.48

Threads fairness:
    events (avg/stddev):           108483.4375/106.38
    execution time (avg/stddev):   239.7154/0.00

sysbench 1.0.17 (using bundled LuaJIT 2.1.0-beta2)

Running the test with following options:
Number of threads: 32
Initializing random number generator from current time


Extra file open flags: (none)
64 files, 128MiB each
8GiB total file size
Block size 32KiB
Number of IO requests: 0
Read/Write ratio for combined random IO test: 1.50
Calling fsync() after each write operation.
Using synchronous I/O mode
Doing random write test
Initializing worker threads...

Threads started!


File operations:
    reads/s:                      0.00
    writes/s:                     7854.76
    fsyncs/s:                     7854.76

Throughput:
    read, MiB/s:                  0.00
    written, MiB/s:               245.46

General statistics:
    total time:                          240.0011s
    total number of events:              1885164

Latency (ms):
         min:                                    0.54
         avg:                                    4.07
         max:                                  154.82
         95th percentile:                        5.00
         sum:                              7672584.11

Threads fairness:
    events (avg/stddev):           58911.3750/54.52
    execution time (avg/stddev):   239.7683/0.00

sysbench 1.0.17 (using bundled LuaJIT 2.1.0-beta2)

Running the test with following options:
Number of threads: 64
Initializing random number generator from current time


Extra file open flags: (none)
64 files, 128MiB each
8GiB total file size
Block size 32KiB
Number of IO requests: 0
Read/Write ratio for combined random IO test: 1.50
Calling fsync() after each write operation.
Using synchronous I/O mode
Doing random write test
Initializing worker threads...

Threads started!


File operations:
    reads/s:                      0.00
    writes/s:                     7940.27
    fsyncs/s:                     7940.27

Throughput:
    read, MiB/s:                  0.00
    written, MiB/s:               248.13

General statistics:
    total time:                          240.0027s
    total number of events:              1905700

Latency (ms):
         min:                                    0.59
         avg:                                    8.06
         max:                                  256.72
         95th percentile:                        9.73
         sum:                             15351659.29

Threads fairness:
    events (avg/stddev):           29776.5625/23.59
    execution time (avg/stddev):   239.8697/0.00

