sysbench 1.0.17 (using bundled LuaJIT 2.1.0-beta2)

Running the test with following options:
Number of threads: 1
Initializing random number generator from current time


Extra file open flags: (none)
64 files, 128MiB each
8GiB total file size
Block size 32KiB
Number of IO requests: 0
Read/Write ratio for combined random IO test: 1.50
Calling fsync() after each write operation.
Using synchronous I/O mode
Doing random read test
Initializing worker threads...

Threads started!


File operations:
    reads/s:                      153105.18
    writes/s:                     0.00
    fsyncs/s:                     0.00

Throughput:
    read, MiB/s:                  4784.54
    written, MiB/s:               0.00

General statistics:
    total time:                          240.0001s
    total number of events:              36745598

Latency (ms):
         min:                                    0.00
         avg:                                    0.01
         max:                                    9.04
         95th percentile:                        0.01
         sum:                               229046.06

Threads fairness:
    events (avg/stddev):           36745598.0000/0.00
    execution time (avg/stddev):   229.0461/0.00

sysbench 1.0.17 (using bundled LuaJIT 2.1.0-beta2)

Running the test with following options:
Number of threads: 4
Initializing random number generator from current time


Extra file open flags: (none)
64 files, 128MiB each
8GiB total file size
Block size 32KiB
Number of IO requests: 0
Read/Write ratio for combined random IO test: 1.50
Calling fsync() after each write operation.
Using synchronous I/O mode
Doing random read test
Initializing worker threads...

Threads started!


File operations:
    reads/s:                      539719.70
    writes/s:                     0.00
    fsyncs/s:                     0.00

Throughput:
    read, MiB/s:                  16866.24
    written, MiB/s:               0.00

General statistics:
    total time:                          240.0003s
    total number of events:              129534268

Latency (ms):
         min:                                    0.00
         avg:                                    0.01
         max:                                   12.30
         95th percentile:                        0.01
         sum:                               895541.01

Threads fairness:
    events (avg/stddev):           32383567.0000/67011.34
    execution time (avg/stddev):   223.8853/0.18

sysbench 1.0.17 (using bundled LuaJIT 2.1.0-beta2)

Running the test with following options:
Number of threads: 8
Initializing random number generator from current time


Extra file open flags: (none)
64 files, 128MiB each
8GiB total file size
Block size 32KiB
Number of IO requests: 0
Read/Write ratio for combined random IO test: 1.50
Calling fsync() after each write operation.
Using synchronous I/O mode
Doing random read test
Initializing worker threads...

Threads started!


File operations:
    reads/s:                      908601.69
    writes/s:                     0.00
    fsyncs/s:                     0.00

Throughput:
    read, MiB/s:                  28393.80
    written, MiB/s:               0.00

General statistics:
    total time:                          240.0002s
    total number of events:              218066575

Latency (ms):
         min:                                    0.00
         avg:                                    0.01
         max:                                   13.63
         95th percentile:                        0.01
         sum:                              1702519.37

Threads fairness:
    events (avg/stddev):           27258321.8750/153819.42
    execution time (avg/stddev):   212.8149/0.21

sysbench 1.0.17 (using bundled LuaJIT 2.1.0-beta2)

Running the test with following options:
Number of threads: 16
Initializing random number generator from current time


Extra file open flags: (none)
64 files, 128MiB each
8GiB total file size
Block size 32KiB
Number of IO requests: 0
Read/Write ratio for combined random IO test: 1.50
Calling fsync() after each write operation.
Using synchronous I/O mode
Doing random read test
Initializing worker threads...

Threads started!


File operations:
    reads/s:                      1132839.27
    writes/s:                     0.00
    fsyncs/s:                     0.00

Throughput:
    read, MiB/s:                  35401.23
    written, MiB/s:               0.00

General statistics:
    total time:                          240.0002s
    total number of events:              271884097

Latency (ms):
         min:                                    0.00
         avg:                                    0.01
         max:                                   15.17
         95th percentile:                        0.02
         sum:                              2976157.18

Threads fairness:
    events (avg/stddev):           16992756.0625/33237.51
    execution time (avg/stddev):   186.0098/0.19

sysbench 1.0.17 (using bundled LuaJIT 2.1.0-beta2)

Running the test with following options:
Number of threads: 32
Initializing random number generator from current time


Extra file open flags: (none)
64 files, 128MiB each
8GiB total file size
Block size 32KiB
Number of IO requests: 0
Read/Write ratio for combined random IO test: 1.50
Calling fsync() after each write operation.
Using synchronous I/O mode
Doing random read test
Initializing worker threads...

Threads started!


File operations:
    reads/s:                      1146827.07
    writes/s:                     0.00
    fsyncs/s:                     0.00

Throughput:
    read, MiB/s:                  35838.35
    written, MiB/s:               0.00

General statistics:
    total time:                          240.0004s
    total number of events:              275241238

Latency (ms):
         min:                                    0.00
         avg:                                    0.02
         max:                                   45.50
         95th percentile:                        0.05
         sum:                              4994010.68

Threads fairness:
    events (avg/stddev):           8601288.6875/25208.37
    execution time (avg/stddev):   156.0628/0.18

sysbench 1.0.17 (using bundled LuaJIT 2.1.0-beta2)

Running the test with following options:
Number of threads: 64
Initializing random number generator from current time


Extra file open flags: (none)
64 files, 128MiB each
8GiB total file size
Block size 32KiB
Number of IO requests: 0
Read/Write ratio for combined random IO test: 1.50
Calling fsync() after each write operation.
Using synchronous I/O mode
Doing random read test
Initializing worker threads...

Threads started!


File operations:
    reads/s:                      1110820.09
    writes/s:                     0.00
    fsyncs/s:                     0.00

Throughput:
    read, MiB/s:                  34713.13
    written, MiB/s:               0.00

General statistics:
    total time:                          240.0004s
    total number of events:              266599664

Latency (ms):
         min:                                    0.00
         avg:                                    0.03
         max:                                   66.91
         95th percentile:                        0.13
         sum:                              9014330.72

Threads fairness:
    events (avg/stddev):           4165619.7500/7253.65
    execution time (avg/stddev):   140.8489/0.23

