------------------------------------------------------------
Client connecting to 10.2.0.8, TCP port 5001
TCP window size: 45.0 KByte (default)
------------------------------------------------------------
[  3] local 10.2.0.6 port 54304 connected with 10.2.0.8 port 5001
[ ID] Interval       Transfer     Bandwidth
[  3]  0.0- 1.0 sec  1.23 GBytes  10.5 Gbits/sec
[  3]  1.0- 2.0 sec  1.30 GBytes  11.2 Gbits/sec
[  3]  2.0- 3.0 sec  1.31 GBytes  11.2 Gbits/sec
[  3]  3.0- 4.0 sec  1.26 GBytes  10.8 Gbits/sec
[  3]  4.0- 5.0 sec  1.12 GBytes  9.65 Gbits/sec
[  3]  5.0- 6.0 sec  1.28 GBytes  11.0 Gbits/sec
[  3]  6.0- 7.0 sec  1.19 GBytes  10.3 Gbits/sec
[  3]  7.0- 8.0 sec  1.23 GBytes  10.6 Gbits/sec
[  3]  8.0- 9.0 sec  1.17 GBytes  10.1 Gbits/sec
[  3]  9.0-10.0 sec  1.27 GBytes  10.9 Gbits/sec
[  3] 10.0-11.0 sec  1.29 GBytes  11.1 Gbits/sec
[  3] 11.0-12.0 sec  1.30 GBytes  11.2 Gbits/sec
[  3] 12.0-13.0 sec  1.18 GBytes  10.2 Gbits/sec
[  3] 13.0-14.0 sec  1.21 GBytes  10.4 Gbits/sec
[  3] 14.0-15.0 sec  1.21 GBytes  10.4 Gbits/sec
[  3] 15.0-16.0 sec  1.30 GBytes  11.2 Gbits/sec
[  3] 16.0-17.0 sec  1.29 GBytes  11.1 Gbits/sec
[  3] 17.0-18.0 sec  1.29 GBytes  11.1 Gbits/sec
[  3] 18.0-19.0 sec  1.27 GBytes  10.9 Gbits/sec
[  3] 19.0-20.0 sec  1.22 GBytes  10.5 Gbits/sec
[  3] 20.0-21.0 sec  1.30 GBytes  11.2 Gbits/sec
[  3] 21.0-22.0 sec  1.26 GBytes  10.8 Gbits/sec
[  3] 22.0-23.0 sec  1.28 GBytes  11.0 Gbits/sec
[  3] 23.0-24.0 sec  1.24 GBytes  10.6 Gbits/sec
[  3] 24.0-25.0 sec  1.28 GBytes  11.0 Gbits/sec
[  3] 25.0-26.0 sec  1.10 GBytes  9.48 Gbits/sec
[  3] 26.0-27.0 sec  1.14 GBytes  9.78 Gbits/sec
[  3] 27.0-28.0 sec  1.26 GBytes  10.8 Gbits/sec
[  3] 28.0-29.0 sec  1.04 GBytes  8.98 Gbits/sec
[  3] 29.0-30.0 sec  1.14 GBytes  9.82 Gbits/sec
[  3] 30.0-31.0 sec  1.31 GBytes  11.3 Gbits/sec
[  3] 31.0-32.0 sec  1.31 GBytes  11.2 Gbits/sec
[  3] 32.0-33.0 sec  1.28 GBytes  11.0 Gbits/sec
[  3] 33.0-34.0 sec  1.13 GBytes  9.70 Gbits/sec
[  3] 34.0-35.0 sec  1.23 GBytes  10.6 Gbits/sec
[  3] 35.0-36.0 sec  1.21 GBytes  10.4 Gbits/sec
[  3] 36.0-37.0 sec  1.25 GBytes  10.7 Gbits/sec
[  3] 37.0-38.0 sec  1.24 GBytes  10.6 Gbits/sec
[  3] 38.0-39.0 sec  1.28 GBytes  11.0 Gbits/sec
[  3] 39.0-40.0 sec  1.27 GBytes  10.9 Gbits/sec
[  3] 40.0-41.0 sec  1.29 GBytes  11.1 Gbits/sec
[  3] 41.0-42.0 sec  1.27 GBytes  10.9 Gbits/sec
[  3] 42.0-43.0 sec  1.28 GBytes  11.0 Gbits/sec
[  3] 43.0-44.0 sec  1.13 GBytes  9.67 Gbits/sec
[  3] 44.0-45.0 sec  1.18 GBytes  10.1 Gbits/sec
[  3] 45.0-46.0 sec  1.20 GBytes  10.3 Gbits/sec
[  3] 46.0-47.0 sec  1.20 GBytes  10.3 Gbits/sec
[  3] 47.0-48.0 sec  1.14 GBytes  9.77 Gbits/sec
[  3] 48.0-49.0 sec  1.11 GBytes  9.55 Gbits/sec
[  3] 49.0-50.0 sec  1.12 GBytes  9.64 Gbits/sec
[  3] 50.0-51.0 sec  1.19 GBytes  10.2 Gbits/sec
[  3] 51.0-52.0 sec  1.08 GBytes  9.24 Gbits/sec
[  3] 52.0-53.0 sec  1.19 GBytes  10.3 Gbits/sec
[  3] 53.0-54.0 sec  1.31 GBytes  11.2 Gbits/sec
[  3] 54.0-55.0 sec  1.16 GBytes  9.93 Gbits/sec
[  3] 55.0-56.0 sec  1.22 GBytes  10.5 Gbits/sec
[  3] 56.0-57.0 sec  1.23 GBytes  10.5 Gbits/sec
[  3] 57.0-58.0 sec  1.20 GBytes  10.3 Gbits/sec
[  3] 58.0-59.0 sec  1.23 GBytes  10.6 Gbits/sec
[  3] 59.0-60.0 sec  1.23 GBytes  10.6 Gbits/sec
[  3]  0.0-60.0 sec  73.4 GBytes  10.5 Gbits/sec
