sysbench 1.0.17 (using bundled LuaJIT 2.1.0-beta2)

Running the test with following options:
Number of threads: 1
Initializing random number generator from current time


Extra file open flags: (none)
64 files, 128MiB each
8GiB total file size
Block size 32KiB
Number of IO requests: 0
Read/Write ratio for combined random IO test: 1.50
Calling fsync() after each write operation.
Using synchronous I/O mode
Doing random read test
Initializing worker threads...

Threads started!


File operations:
    reads/s:                      178887.75
    writes/s:                     0.00
    fsyncs/s:                     0.00

Throughput:
    read, MiB/s:                  5590.24
    written, MiB/s:               0.00

General statistics:
    total time:                          240.0002s
    total number of events:              42933381

Latency (ms):
         min:                                    0.00
         avg:                                    0.01
         max:                                    0.58
         95th percentile:                        0.01
         sum:                               228703.06

Threads fairness:
    events (avg/stddev):           42933381.0000/0.00
    execution time (avg/stddev):   228.7031/0.00

sysbench 1.0.17 (using bundled LuaJIT 2.1.0-beta2)

Running the test with following options:
Number of threads: 4
Initializing random number generator from current time


Extra file open flags: (none)
64 files, 128MiB each
8GiB total file size
Block size 32KiB
Number of IO requests: 0
Read/Write ratio for combined random IO test: 1.50
Calling fsync() after each write operation.
Using synchronous I/O mode
Doing random read test
Initializing worker threads...

Threads started!


File operations:
    reads/s:                      608508.50
    writes/s:                     0.00
    fsyncs/s:                     0.00

Throughput:
    read, MiB/s:                  19015.89
    written, MiB/s:               0.00

General statistics:
    total time:                          240.0002s
    total number of events:              146043176

Latency (ms):
         min:                                    0.00
         avg:                                    0.01
         max:                                    2.57
         95th percentile:                        0.01
         sum:                               882638.63

Threads fairness:
    events (avg/stddev):           36510794.0000/32070.83
    execution time (avg/stddev):   220.6597/0.11

sysbench 1.0.17 (using bundled LuaJIT 2.1.0-beta2)

Running the test with following options:
Number of threads: 8
Initializing random number generator from current time


Extra file open flags: (none)
64 files, 128MiB each
8GiB total file size
Block size 32KiB
Number of IO requests: 0
Read/Write ratio for combined random IO test: 1.50
Calling fsync() after each write operation.
Using synchronous I/O mode
Doing random read test
Initializing worker threads...

Threads started!


File operations:
    reads/s:                      1028197.70
    writes/s:                     0.00
    fsyncs/s:                     0.00

Throughput:
    read, MiB/s:                  32131.18
    written, MiB/s:               0.00

General statistics:
    total time:                          240.0001s
    total number of events:              246769323

Latency (ms):
         min:                                    0.00
         avg:                                    0.01
         max:                                    1.16
         95th percentile:                        0.01
         sum:                              1645075.08

Threads fairness:
    events (avg/stddev):           30846165.3750/77139.22
    execution time (avg/stddev):   205.6344/0.06

sysbench 1.0.17 (using bundled LuaJIT 2.1.0-beta2)

Running the test with following options:
Number of threads: 16
Initializing random number generator from current time


Extra file open flags: (none)
64 files, 128MiB each
8GiB total file size
Block size 32KiB
Number of IO requests: 0
Read/Write ratio for combined random IO test: 1.50
Calling fsync() after each write operation.
Using synchronous I/O mode
Doing random read test
Initializing worker threads...

Threads started!


File operations:
    reads/s:                      1081148.26
    writes/s:                     0.00
    fsyncs/s:                     0.00

Throughput:
    read, MiB/s:                  33785.88
    written, MiB/s:               0.00

General statistics:
    total time:                          240.0002s
    total number of events:              259477845

Latency (ms):
         min:                                    0.00
         avg:                                    0.01
         max:                                   25.62
         95th percentile:                        0.02
         sum:                              2836778.28

Threads fairness:
    events (avg/stddev):           16217365.3125/19890.39
    execution time (avg/stddev):   177.2986/0.12

sysbench 1.0.17 (using bundled LuaJIT 2.1.0-beta2)

Running the test with following options:
Number of threads: 32
Initializing random number generator from current time


Extra file open flags: (none)
64 files, 128MiB each
8GiB total file size
Block size 32KiB
Number of IO requests: 0
Read/Write ratio for combined random IO test: 1.50
Calling fsync() after each write operation.
Using synchronous I/O mode
Doing random read test
Initializing worker threads...

Threads started!


File operations:
    reads/s:                      1015526.01
    writes/s:                     0.00
    fsyncs/s:                     0.00

Throughput:
    read, MiB/s:                  31735.19
    written, MiB/s:               0.00

General statistics:
    total time:                          240.0004s
    total number of events:              243728623

Latency (ms):
         min:                                    0.00
         avg:                                    0.02
         max:                                   25.16
         95th percentile:                        0.08
         sum:                              4762692.23

Threads fairness:
    events (avg/stddev):           7616519.4688/9387.21
    execution time (avg/stddev):   148.8341/0.08

sysbench 1.0.17 (using bundled LuaJIT 2.1.0-beta2)

Running the test with following options:
Number of threads: 64
Initializing random number generator from current time


Extra file open flags: (none)
64 files, 128MiB each
8GiB total file size
Block size 32KiB
Number of IO requests: 0
Read/Write ratio for combined random IO test: 1.50
Calling fsync() after each write operation.
Using synchronous I/O mode
Doing random read test
Initializing worker threads...

Threads started!


File operations:
    reads/s:                      1035445.29
    writes/s:                     0.00
    fsyncs/s:                     0.00

Throughput:
    read, MiB/s:                  32357.67
    written, MiB/s:               0.00

General statistics:
    total time:                          240.0006s
    total number of events:              248509353

Latency (ms):
         min:                                    0.00
         avg:                                    0.04
         max:                                   83.50
         95th percentile:                        0.20
         sum:                              8860724.73

Threads fairness:
    events (avg/stddev):           3882958.6406/4775.85
    execution time (avg/stddev):   138.4488/0.13

