sysbench 1.0.17 (using bundled LuaJIT 2.1.0-beta2)

Running the test with following options:
Number of threads: 1
Initializing random number generator from current time


Extra file open flags: (none)
64 files, 128MiB each
8GiB total file size
Block size 32KiB
Number of IO requests: 0
Read/Write ratio for combined random IO test: 1.50
Calling fsync() after each write operation.
Using synchronous I/O mode
Doing random read test
Initializing worker threads...

Threads started!


File operations:
    reads/s:                      180978.49
    writes/s:                     0.00
    fsyncs/s:                     0.00

Throughput:
    read, MiB/s:                  5655.58
    written, MiB/s:               0.00

General statistics:
    total time:                          240.0001s
    total number of events:              43435180

Latency (ms):
         min:                                    0.00
         avg:                                    0.01
         max:                                    0.58
         95th percentile:                        0.01
         sum:                               228805.90

Threads fairness:
    events (avg/stddev):           43435180.0000/0.00
    execution time (avg/stddev):   228.8059/0.00

sysbench 1.0.17 (using bundled LuaJIT 2.1.0-beta2)

Running the test with following options:
Number of threads: 4
Initializing random number generator from current time


Extra file open flags: (none)
64 files, 128MiB each
8GiB total file size
Block size 32KiB
Number of IO requests: 0
Read/Write ratio for combined random IO test: 1.50
Calling fsync() after each write operation.
Using synchronous I/O mode
Doing random read test
Initializing worker threads...

Threads started!


File operations:
    reads/s:                      603084.70
    writes/s:                     0.00
    fsyncs/s:                     0.00

Throughput:
    read, MiB/s:                  18846.40
    written, MiB/s:               0.00

General statistics:
    total time:                          240.0002s
    total number of events:              144741561

Latency (ms):
         min:                                    0.00
         avg:                                    0.01
         max:                                    0.59
         95th percentile:                        0.01
         sum:                               882149.71

Threads fairness:
    events (avg/stddev):           36185390.2500/60656.14
    execution time (avg/stddev):   220.5374/0.15

sysbench 1.0.17 (using bundled LuaJIT 2.1.0-beta2)

Running the test with following options:
Number of threads: 8
Initializing random number generator from current time


Extra file open flags: (none)
64 files, 128MiB each
8GiB total file size
Block size 32KiB
Number of IO requests: 0
Read/Write ratio for combined random IO test: 1.50
Calling fsync() after each write operation.
Using synchronous I/O mode
Doing random read test
Initializing worker threads...

Threads started!


File operations:
    reads/s:                      1003279.66
    writes/s:                     0.00
    fsyncs/s:                     0.00

Throughput:
    read, MiB/s:                  31352.49
    written, MiB/s:               0.00

General statistics:
    total time:                          240.0001s
    total number of events:              240789132

Latency (ms):
         min:                                    0.00
         avg:                                    0.01
         max:                                    0.99
         95th percentile:                        0.01
         sum:                              1640607.95

Threads fairness:
    events (avg/stddev):           30098641.5000/88688.80
    execution time (avg/stddev):   205.0760/0.05

sysbench 1.0.17 (using bundled LuaJIT 2.1.0-beta2)

Running the test with following options:
Number of threads: 16
Initializing random number generator from current time


Extra file open flags: (none)
64 files, 128MiB each
8GiB total file size
Block size 32KiB
Number of IO requests: 0
Read/Write ratio for combined random IO test: 1.50
Calling fsync() after each write operation.
Using synchronous I/O mode
Doing random read test
Initializing worker threads...

Threads started!


File operations:
    reads/s:                      1040572.31
    writes/s:                     0.00
    fsyncs/s:                     0.00

Throughput:
    read, MiB/s:                  32517.88
    written, MiB/s:               0.00

General statistics:
    total time:                          240.0002s
    total number of events:              249739472

Latency (ms):
         min:                                    0.00
         avg:                                    0.01
         max:                                   19.71
         95th percentile:                        0.02
         sum:                              2810026.43

Threads fairness:
    events (avg/stddev):           15608717.0000/26342.02
    execution time (avg/stddev):   175.6267/0.12

sysbench 1.0.17 (using bundled LuaJIT 2.1.0-beta2)

Running the test with following options:
Number of threads: 32
Initializing random number generator from current time


Extra file open flags: (none)
64 files, 128MiB each
8GiB total file size
Block size 32KiB
Number of IO requests: 0
Read/Write ratio for combined random IO test: 1.50
Calling fsync() after each write operation.
Using synchronous I/O mode
Doing random read test
Initializing worker threads...

Threads started!


File operations:
    reads/s:                      1026465.69
    writes/s:                     0.00
    fsyncs/s:                     0.00

Throughput:
    read, MiB/s:                  32077.05
    written, MiB/s:               0.00

General statistics:
    total time:                          240.0003s
    total number of events:              246354059

Latency (ms):
         min:                                    0.00
         avg:                                    0.02
         max:                                   24.98
         95th percentile:                        0.08
         sum:                              4793212.00

Threads fairness:
    events (avg/stddev):           7698564.3438/11556.11
    execution time (avg/stddev):   149.7879/0.07

sysbench 1.0.17 (using bundled LuaJIT 2.1.0-beta2)

Running the test with following options:
Number of threads: 64
Initializing random number generator from current time


Extra file open flags: (none)
64 files, 128MiB each
8GiB total file size
Block size 32KiB
Number of IO requests: 0
Read/Write ratio for combined random IO test: 1.50
Calling fsync() after each write operation.
Using synchronous I/O mode
Doing random read test
Initializing worker threads...

Threads started!


File operations:
    reads/s:                      1018851.27
    writes/s:                     0.00
    fsyncs/s:                     0.00

Throughput:
    read, MiB/s:                  31839.10
    written, MiB/s:               0.00

General statistics:
    total time:                          240.0006s
    total number of events:              244526698

Latency (ms):
         min:                                    0.00
         avg:                                    0.04
         max:                                   28.46
         95th percentile:                        0.21
         sum:                              8877278.29

Threads fairness:
    events (avg/stddev):           3820729.6562/5580.93
    execution time (avg/stddev):   138.7075/0.14

