sysbench 1.0.17 (using bundled LuaJIT 2.1.0-beta2)

Running the test with following options:
Number of threads: 1
Initializing random number generator from current time


Extra file open flags: (none)
64 files, 128MiB each
8GiB total file size
Block size 32KiB
Number of IO requests: 0
Read/Write ratio for combined random IO test: 1.50
Calling fsync() after each write operation.
Using synchronous I/O mode
Doing random write test
Initializing worker threads...

Threads started!


File operations:
    reads/s:                      0.00
    writes/s:                     3133.21
    fsyncs/s:                     3133.21

Throughput:
    read, MiB/s:                  0.00
    written, MiB/s:               97.91

General statistics:
    total time:                          240.0002s
    total number of events:              751976

Latency (ms):
         min:                                    0.10
         avg:                                    0.32
         max:                                   26.38
         95th percentile:                        0.45
         sum:                               239659.72

Threads fairness:
    events (avg/stddev):           751976.0000/0.00
    execution time (avg/stddev):   239.6597/0.00

sysbench 1.0.17 (using bundled LuaJIT 2.1.0-beta2)

Running the test with following options:
Number of threads: 4
Initializing random number generator from current time


Extra file open flags: (none)
64 files, 128MiB each
8GiB total file size
Block size 32KiB
Number of IO requests: 0
Read/Write ratio for combined random IO test: 1.50
Calling fsync() after each write operation.
Using synchronous I/O mode
Doing random write test
Initializing worker threads...

Threads started!


File operations:
    reads/s:                      0.00
    writes/s:                     10563.45
    fsyncs/s:                     10563.45

Throughput:
    read, MiB/s:                  0.00
    written, MiB/s:               330.11

General statistics:
    total time:                          240.0007s
    total number of events:              2535251

Latency (ms):
         min:                                    0.10
         avg:                                    0.38
         max:                                   73.54
         95th percentile:                        0.78
         sum:                               958326.74

Threads fairness:
    events (avg/stddev):           633812.7500/875.82
    execution time (avg/stddev):   239.5817/0.00

sysbench 1.0.17 (using bundled LuaJIT 2.1.0-beta2)

Running the test with following options:
Number of threads: 8
Initializing random number generator from current time


Extra file open flags: (none)
64 files, 128MiB each
8GiB total file size
Block size 32KiB
Number of IO requests: 0
Read/Write ratio for combined random IO test: 1.50
Calling fsync() after each write operation.
Using synchronous I/O mode
Doing random write test
Initializing worker threads...

Threads started!


File operations:
    reads/s:                      0.00
    writes/s:                     11351.59
    fsyncs/s:                     11351.59

Throughput:
    read, MiB/s:                  0.00
    written, MiB/s:               354.74

General statistics:
    total time:                          240.0007s
    total number of events:              2724410

Latency (ms):
         min:                                    0.10
         avg:                                    0.70
         max:                                   49.76
         95th percentile:                        1.12
         sum:                              1917964.71

Threads fairness:
    events (avg/stddev):           340551.2500/387.89
    execution time (avg/stddev):   239.7456/0.00

sysbench 1.0.17 (using bundled LuaJIT 2.1.0-beta2)

Running the test with following options:
Number of threads: 16
Initializing random number generator from current time


Extra file open flags: (none)
64 files, 128MiB each
8GiB total file size
Block size 32KiB
Number of IO requests: 0
Read/Write ratio for combined random IO test: 1.50
Calling fsync() after each write operation.
Using synchronous I/O mode
Doing random write test
Initializing worker threads...

Threads started!


File operations:
    reads/s:                      0.00
    writes/s:                     11516.57
    fsyncs/s:                     11516.57

Throughput:
    read, MiB/s:                  0.00
    written, MiB/s:               359.89

General statistics:
    total time:                          240.0027s
    total number of events:              2764025

Latency (ms):
         min:                                    0.10
         avg:                                    1.39
         max:                                 4516.77
         95th percentile:                        3.62
         sum:                              3836168.27

Threads fairness:
    events (avg/stddev):           172751.5625/299.57
    execution time (avg/stddev):   239.7605/0.00

sysbench 1.0.17 (using bundled LuaJIT 2.1.0-beta2)

Running the test with following options:
Number of threads: 32
Initializing random number generator from current time


Extra file open flags: (none)
64 files, 128MiB each
8GiB total file size
Block size 32KiB
Number of IO requests: 0
Read/Write ratio for combined random IO test: 1.50
Calling fsync() after each write operation.
Using synchronous I/O mode
Doing random write test
Initializing worker threads...

Threads started!


File operations:
    reads/s:                      0.00
    writes/s:                     12008.39
    fsyncs/s:                     12008.39

Throughput:
    read, MiB/s:                  0.00
    written, MiB/s:               375.26

General statistics:
    total time:                          240.0064s
    total number of events:              2882108

Latency (ms):
         min:                                    0.10
         avg:                                    2.66
         max:                                  168.79
         95th percentile:                        7.30
         sum:                              7674104.13

Threads fairness:
    events (avg/stddev):           90065.8750/224.32
    execution time (avg/stddev):   239.8158/0.00

sysbench 1.0.17 (using bundled LuaJIT 2.1.0-beta2)

Running the test with following options:
Number of threads: 64
Initializing random number generator from current time


Extra file open flags: (none)
64 files, 128MiB each
8GiB total file size
Block size 32KiB
Number of IO requests: 0
Read/Write ratio for combined random IO test: 1.50
Calling fsync() after each write operation.
Using synchronous I/O mode
Doing random write test
Initializing worker threads...

Threads started!


File operations:
    reads/s:                      0.00
    writes/s:                     12204.93
    fsyncs/s:                     12204.93

Throughput:
    read, MiB/s:                  0.00
    written, MiB/s:               381.40

General statistics:
    total time:                          240.0044s
    total number of events:              2929255

Latency (ms):
         min:                                    0.10
         avg:                                    5.24
         max:                                  125.30
         95th percentile:                       13.46
         sum:                             15351650.96

Threads fairness:
    events (avg/stddev):           45769.6094/92.38
    execution time (avg/stddev):   239.8695/0.00

