sysbench 1.0.17 (using bundled LuaJIT 2.1.0-beta2)

Running the test with following options:
Number of threads: 1
Initializing random number generator from current time


Extra file open flags: (none)
64 files, 128MiB each
8GiB total file size
Block size 32KiB
Number of IO requests: 0
Read/Write ratio for combined random IO test: 1.50
Calling fsync() after each write operation.
Using synchronous I/O mode
Doing random read test
Initializing worker threads...

Threads started!


File operations:
    reads/s:                      164674.34
    writes/s:                     0.00
    fsyncs/s:                     0.00

Throughput:
    read, MiB/s:                  5146.07
    written, MiB/s:               0.00

General statistics:
    total time:                          240.0001s
    total number of events:              39522160

Latency (ms):
         min:                                    0.00
         avg:                                    0.01
         max:                                    1.18
         95th percentile:                        0.01
         sum:                               228020.97

Threads fairness:
    events (avg/stddev):           39522160.0000/0.00
    execution time (avg/stddev):   228.0210/0.00

sysbench 1.0.17 (using bundled LuaJIT 2.1.0-beta2)

Running the test with following options:
Number of threads: 4
Initializing random number generator from current time


Extra file open flags: (none)
64 files, 128MiB each
8GiB total file size
Block size 32KiB
Number of IO requests: 0
Read/Write ratio for combined random IO test: 1.50
Calling fsync() after each write operation.
Using synchronous I/O mode
Doing random read test
Initializing worker threads...

Threads started!


File operations:
    reads/s:                      598018.94
    writes/s:                     0.00
    fsyncs/s:                     0.00

Throughput:
    read, MiB/s:                  18688.09
    written, MiB/s:               0.00

General statistics:
    total time:                          240.0002s
    total number of events:              143525745

Latency (ms):
         min:                                    0.00
         avg:                                    0.01
         max:                                    1.12
         95th percentile:                        0.01
         sum:                               881926.47

Threads fairness:
    events (avg/stddev):           35881436.2500/53718.71
    execution time (avg/stddev):   220.4816/0.17

sysbench 1.0.17 (using bundled LuaJIT 2.1.0-beta2)

Running the test with following options:
Number of threads: 8
Initializing random number generator from current time


Extra file open flags: (none)
64 files, 128MiB each
8GiB total file size
Block size 32KiB
Number of IO requests: 0
Read/Write ratio for combined random IO test: 1.50
Calling fsync() after each write operation.
Using synchronous I/O mode
Doing random read test
Initializing worker threads...

Threads started!


File operations:
    reads/s:                      999440.69
    writes/s:                     0.00
    fsyncs/s:                     0.00

Throughput:
    read, MiB/s:                  31232.52
    written, MiB/s:               0.00

General statistics:
    total time:                          240.0002s
    total number of events:              239867809

Latency (ms):
         min:                                    0.00
         avg:                                    0.01
         max:                                    0.65
         95th percentile:                        0.01
         sum:                              1646892.29

Threads fairness:
    events (avg/stddev):           29983476.1250/86556.06
    execution time (avg/stddev):   205.8615/0.04

sysbench 1.0.17 (using bundled LuaJIT 2.1.0-beta2)

Running the test with following options:
Number of threads: 16
Initializing random number generator from current time


Extra file open flags: (none)
64 files, 128MiB each
8GiB total file size
Block size 32KiB
Number of IO requests: 0
Read/Write ratio for combined random IO test: 1.50
Calling fsync() after each write operation.
Using synchronous I/O mode
Doing random read test
Initializing worker threads...

Threads started!


File operations:
    reads/s:                      1028794.48
    writes/s:                     0.00
    fsyncs/s:                     0.00

Throughput:
    read, MiB/s:                  32149.83
    written, MiB/s:               0.00

General statistics:
    total time:                          240.0002s
    total number of events:              246912919

Latency (ms):
         min:                                    0.00
         avg:                                    0.01
         max:                                   26.04
         95th percentile:                        0.02
         sum:                              2818863.09

Threads fairness:
    events (avg/stddev):           15432057.4375/35055.87
    execution time (avg/stddev):   176.1789/0.24

sysbench 1.0.17 (using bundled LuaJIT 2.1.0-beta2)

Running the test with following options:
Number of threads: 32
Initializing random number generator from current time


Extra file open flags: (none)
64 files, 128MiB each
8GiB total file size
Block size 32KiB
Number of IO requests: 0
Read/Write ratio for combined random IO test: 1.50
Calling fsync() after each write operation.
Using synchronous I/O mode
Doing random read test
Initializing worker threads...

Threads started!


File operations:
    reads/s:                      855275.96
    writes/s:                     0.00
    fsyncs/s:                     0.00

Throughput:
    read, MiB/s:                  26727.37
    written, MiB/s:               0.00

General statistics:
    total time:                          240.0005s
    total number of events:              205268214

Latency (ms):
         min:                                    0.00
         avg:                                    0.02
         max:                                   25.30
         95th percentile:                        0.09
         sum:                              4677974.24

Threads fairness:
    events (avg/stddev):           6414631.6875/7766.62
    execution time (avg/stddev):   146.1867/0.10

sysbench 1.0.17 (using bundled LuaJIT 2.1.0-beta2)

Running the test with following options:
Number of threads: 64
Initializing random number generator from current time


Extra file open flags: (none)
64 files, 128MiB each
8GiB total file size
Block size 32KiB
Number of IO requests: 0
Read/Write ratio for combined random IO test: 1.50
Calling fsync() after each write operation.
Using synchronous I/O mode
Doing random read test
Initializing worker threads...

Threads started!


File operations:
    reads/s:                      1018408.76
    writes/s:                     0.00
    fsyncs/s:                     0.00

Throughput:
    read, MiB/s:                  31825.27
    written, MiB/s:               0.00

General statistics:
    total time:                          240.0006s
    total number of events:              244420688

Latency (ms):
         min:                                    0.00
         avg:                                    0.04
         max:                                   25.93
         95th percentile:                        0.21
         sum:                              8855772.81

Threads fairness:
    events (avg/stddev):           3819073.2500/4668.57
    execution time (avg/stddev):   138.3715/0.17

