sysbench 1.0.17 (using bundled LuaJIT 2.1.0-beta2)

Running the test with following options:
Number of threads: 1
Initializing random number generator from current time


Extra file open flags: (none)
64 files, 128MiB each
8GiB total file size
Block size 32KiB
Number of IO requests: 0
Read/Write ratio for combined random IO test: 1.50
Calling fsync() after each write operation.
Using synchronous I/O mode
Doing random write test
Initializing worker threads...

Threads started!


File operations:
    reads/s:                      0.00
    writes/s:                     3285.92
    fsyncs/s:                     3285.92

Throughput:
    read, MiB/s:                  0.00
    written, MiB/s:               102.68

General statistics:
    total time:                          240.0005s
    total number of events:              788627

Latency (ms):
         min:                                    0.10
         avg:                                    0.30
         max:                                   43.31
         95th percentile:                        0.40
         sum:                               239533.34

Threads fairness:
    events (avg/stddev):           788627.0000/0.00
    execution time (avg/stddev):   239.5333/0.00

sysbench 1.0.17 (using bundled LuaJIT 2.1.0-beta2)

Running the test with following options:
Number of threads: 4
Initializing random number generator from current time


Extra file open flags: (none)
64 files, 128MiB each
8GiB total file size
Block size 32KiB
Number of IO requests: 0
Read/Write ratio for combined random IO test: 1.50
Calling fsync() after each write operation.
Using synchronous I/O mode
Doing random write test
Initializing worker threads...

Threads started!


File operations:
    reads/s:                      0.00
    writes/s:                     10403.58
    fsyncs/s:                     10403.58

Throughput:
    read, MiB/s:                  0.00
    written, MiB/s:               325.11

General statistics:
    total time:                          240.0007s
    total number of events:              2496883

Latency (ms):
         min:                                    0.10
         avg:                                    0.38
         max:                                   57.26
         95th percentile:                        0.86
         sum:                               958178.85

Threads fairness:
    events (avg/stddev):           624220.7500/1677.45
    execution time (avg/stddev):   239.5447/0.00

sysbench 1.0.17 (using bundled LuaJIT 2.1.0-beta2)

Running the test with following options:
Number of threads: 8
Initializing random number generator from current time


Extra file open flags: (none)
64 files, 128MiB each
8GiB total file size
Block size 32KiB
Number of IO requests: 0
Read/Write ratio for combined random IO test: 1.50
Calling fsync() after each write operation.
Using synchronous I/O mode
Doing random write test
Initializing worker threads...

Threads started!


File operations:
    reads/s:                      0.00
    writes/s:                     10821.50
    fsyncs/s:                     10821.50

Throughput:
    read, MiB/s:                  0.00
    written, MiB/s:               338.17

General statistics:
    total time:                          240.0018s
    total number of events:              2597197

Latency (ms):
         min:                                    0.10
         avg:                                    0.74
         max:                                   59.86
         95th percentile:                        1.30
         sum:                              1917221.35

Threads fairness:
    events (avg/stddev):           324649.6250/365.51
    execution time (avg/stddev):   239.6527/0.00

sysbench 1.0.17 (using bundled LuaJIT 2.1.0-beta2)

Running the test with following options:
Number of threads: 16
Initializing random number generator from current time


Extra file open flags: (none)
64 files, 128MiB each
8GiB total file size
Block size 32KiB
Number of IO requests: 0
Read/Write ratio for combined random IO test: 1.50
Calling fsync() after each write operation.
Using synchronous I/O mode
Doing random write test
Initializing worker threads...

Threads started!


File operations:
    reads/s:                      0.00
    writes/s:                     11730.61
    fsyncs/s:                     11730.61

Throughput:
    read, MiB/s:                  0.00
    written, MiB/s:               366.58

General statistics:
    total time:                          240.0013s
    total number of events:              2815380

Latency (ms):
         min:                                    0.10
         avg:                                    1.36
         max:                                  224.98
         95th percentile:                        3.75
         sum:                              3835564.58

Threads fairness:
    events (avg/stddev):           175961.2500/310.99
    execution time (avg/stddev):   239.7228/0.00

sysbench 1.0.17 (using bundled LuaJIT 2.1.0-beta2)

Running the test with following options:
Number of threads: 32
Initializing random number generator from current time


Extra file open flags: (none)
64 files, 128MiB each
8GiB total file size
Block size 32KiB
Number of IO requests: 0
Read/Write ratio for combined random IO test: 1.50
Calling fsync() after each write operation.
Using synchronous I/O mode
Doing random write test
Initializing worker threads...

Threads started!


File operations:
    reads/s:                      0.00
    writes/s:                     12021.38
    fsyncs/s:                     12021.38

Throughput:
    read, MiB/s:                  0.00
    written, MiB/s:               375.67

General statistics:
    total time:                          240.0027s
    total number of events:              2885184

Latency (ms):
         min:                                    0.10
         avg:                                    2.66
         max:                                   35.28
         95th percentile:                        7.30
         sum:                              7672915.86

Threads fairness:
    events (avg/stddev):           90162.0000/184.00
    execution time (avg/stddev):   239.7786/0.00

sysbench 1.0.17 (using bundled LuaJIT 2.1.0-beta2)

Running the test with following options:
Number of threads: 64
Initializing random number generator from current time


Extra file open flags: (none)
64 files, 128MiB each
8GiB total file size
Block size 32KiB
Number of IO requests: 0
Read/Write ratio for combined random IO test: 1.50
Calling fsync() after each write operation.
Using synchronous I/O mode
Doing random write test
Initializing worker threads...

Threads started!


File operations:
    reads/s:                      0.00
    writes/s:                     12210.55
    fsyncs/s:                     12210.55

Throughput:
    read, MiB/s:                  0.00
    written, MiB/s:               381.58

General statistics:
    total time:                          240.0111s
    total number of events:              2930687

Latency (ms):
         min:                                    0.10
         avg:                                    5.24
         max:                                   41.01
         95th percentile:                       13.22
         sum:                             15350521.08

Threads fairness:
    events (avg/stddev):           45791.9844/99.44
    execution time (avg/stddev):   239.8519/0.00

