sysbench 1.0.17 (using bundled LuaJIT 2.1.0-beta2)

Running the test with following options:
Number of threads: 1
Initializing random number generator from current time


Extra file open flags: (none)
64 files, 128MiB each
8GiB total file size
Block size 32KiB
Number of IO requests: 0
Read/Write ratio for combined random IO test: 1.50
Calling fsync() after each write operation.
Using synchronous I/O mode
Doing random read test
Initializing worker threads...

Threads started!


File operations:
    reads/s:                      232146.11
    writes/s:                     0.00
    fsyncs/s:                     0.00

Throughput:
    read, MiB/s:                  7254.57
    written, MiB/s:               0.00

General statistics:
    total time:                          240.0003s
    total number of events:              55715530

Latency (ms):
         min:                                    0.00
         avg:                                    0.00
         max:                                    0.04
         95th percentile:                        0.00
         sum:                               228131.99

Threads fairness:
    events (avg/stddev):           55715530.0000/0.00
    execution time (avg/stddev):   228.1320/0.00

sysbench 1.0.17 (using bundled LuaJIT 2.1.0-beta2)

Running the test with following options:
Number of threads: 4
Initializing random number generator from current time


Extra file open flags: (none)
64 files, 128MiB each
8GiB total file size
Block size 32KiB
Number of IO requests: 0
Read/Write ratio for combined random IO test: 1.50
Calling fsync() after each write operation.
Using synchronous I/O mode
Doing random read test
Initializing worker threads...

Threads started!


File operations:
    reads/s:                      599427.90
    writes/s:                     0.00
    fsyncs/s:                     0.00

Throughput:
    read, MiB/s:                  18732.12
    written, MiB/s:               0.00

General statistics:
    total time:                          240.0001s
    total number of events:              143863798

Latency (ms):
         min:                                    0.00
         avg:                                    0.01
         max:                                    0.13
         95th percentile:                        0.01
         sum:                               861545.61

Threads fairness:
    events (avg/stddev):           35965949.5000/309415.54
    execution time (avg/stddev):   215.3864/0.22

sysbench 1.0.17 (using bundled LuaJIT 2.1.0-beta2)

Running the test with following options:
Number of threads: 8
Initializing random number generator from current time


Extra file open flags: (none)
64 files, 128MiB each
8GiB total file size
Block size 32KiB
Number of IO requests: 0
Read/Write ratio for combined random IO test: 1.50
Calling fsync() after each write operation.
Using synchronous I/O mode
Doing random read test
Initializing worker threads...

Threads started!


File operations:
    reads/s:                      759088.95
    writes/s:                     0.00
    fsyncs/s:                     0.00

Throughput:
    read, MiB/s:                  23721.53
    written, MiB/s:               0.00

General statistics:
    total time:                          240.0001s
    total number of events:              182182677

Latency (ms):
         min:                                    0.00
         avg:                                    0.01
         max:                                   13.64
         95th percentile:                        0.01
         sum:                              1757183.60

Threads fairness:
    events (avg/stddev):           22772834.6250/81390.37
    execution time (avg/stddev):   219.6480/0.45

sysbench 1.0.17 (using bundled LuaJIT 2.1.0-beta2)

Running the test with following options:
Number of threads: 16
Initializing random number generator from current time


Extra file open flags: (none)
64 files, 128MiB each
8GiB total file size
Block size 32KiB
Number of IO requests: 0
Read/Write ratio for combined random IO test: 1.50
Calling fsync() after each write operation.
Using synchronous I/O mode
Doing random read test
Initializing worker threads...

Threads started!


File operations:
    reads/s:                      740334.12
    writes/s:                     0.00
    fsyncs/s:                     0.00

Throughput:
    read, MiB/s:                  23135.44
    written, MiB/s:               0.00

General statistics:
    total time:                          240.0001s
    total number of events:              177681533

Latency (ms):
         min:                                    0.00
         avg:                                    0.02
         max:                                   11.24
         95th percentile:                        0.04
         sum:                              2761538.75

Threads fairness:
    events (avg/stddev):           11105095.8125/101135.12
    execution time (avg/stddev):   172.5962/0.66

sysbench 1.0.17 (using bundled LuaJIT 2.1.0-beta2)

Running the test with following options:
Number of threads: 32
Initializing random number generator from current time


Extra file open flags: (none)
64 files, 128MiB each
8GiB total file size
Block size 32KiB
Number of IO requests: 0
Read/Write ratio for combined random IO test: 1.50
Calling fsync() after each write operation.
Using synchronous I/O mode
Doing random read test
Initializing worker threads...

Threads started!


File operations:
    reads/s:                      715542.85
    writes/s:                     0.00
    fsyncs/s:                     0.00

Throughput:
    read, MiB/s:                  22360.71
    written, MiB/s:               0.00

General statistics:
    total time:                          240.0002s
    total number of events:              171731595

Latency (ms):
         min:                                    0.00
         avg:                                    0.03
         max:                                    7.81
         95th percentile:                        0.11
         sum:                              4768306.15

Threads fairness:
    events (avg/stddev):           5366612.3438/14346.82
    execution time (avg/stddev):   149.0096/0.48

sysbench 1.0.17 (using bundled LuaJIT 2.1.0-beta2)

Running the test with following options:
Number of threads: 64
Initializing random number generator from current time


Extra file open flags: (none)
64 files, 128MiB each
8GiB total file size
Block size 32KiB
Number of IO requests: 0
Read/Write ratio for combined random IO test: 1.50
Calling fsync() after each write operation.
Using synchronous I/O mode
Doing random read test
Initializing worker threads...

Threads started!


File operations:
    reads/s:                      719985.01
    writes/s:                     0.00
    fsyncs/s:                     0.00

Throughput:
    read, MiB/s:                  22499.53
    written, MiB/s:               0.00

General statistics:
    total time:                          240.0003s
    total number of events:              172797803

Latency (ms):
         min:                                    0.00
         avg:                                    0.05
         max:                                   19.00
         95th percentile:                        0.30
         sum:                              8952624.23

Threads fairness:
    events (avg/stddev):           2699965.6719/11864.49
    execution time (avg/stddev):   139.8848/0.29

