sysbench 1.0.17 (using bundled LuaJIT 2.1.0-beta2)

Running the test with following options:
Number of threads: 1
Initializing random number generator from current time


Extra file open flags: (none)
64 files, 128MiB each
8GiB total file size
Block size 32KiB
Number of IO requests: 0
Read/Write ratio for combined random IO test: 1.50
Calling fsync() after each write operation.
Using synchronous I/O mode
Doing random write test
Initializing worker threads...

Threads started!


File operations:
    reads/s:                      0.00
    writes/s:                     5178.03
    fsyncs/s:                     5178.03

Throughput:
    read, MiB/s:                  0.00
    written, MiB/s:               161.81

General statistics:
    total time:                          240.0002s
    total number of events:              1242738

Latency (ms):
         min:                                    0.07
         avg:                                    0.19
         max:                                    0.71
         95th percentile:                        0.23
         sum:                               239360.72

Threads fairness:
    events (avg/stddev):           1242738.0000/0.00
    execution time (avg/stddev):   239.3607/0.00

sysbench 1.0.17 (using bundled LuaJIT 2.1.0-beta2)

Running the test with following options:
Number of threads: 4
Initializing random number generator from current time


Extra file open flags: (none)
64 files, 128MiB each
8GiB total file size
Block size 32KiB
Number of IO requests: 0
Read/Write ratio for combined random IO test: 1.50
Calling fsync() after each write operation.
Using synchronous I/O mode
Doing random write test
Initializing worker threads...

Threads started!


File operations:
    reads/s:                      0.00
    writes/s:                     14358.24
    fsyncs/s:                     14358.24

Throughput:
    read, MiB/s:                  0.00
    written, MiB/s:               448.69

General statistics:
    total time:                          240.0002s
    total number of events:              3446005

Latency (ms):
         min:                                    0.07
         avg:                                    0.28
         max:                                    2.79
         95th percentile:                        0.54
         sum:                               957671.56

Threads fairness:
    events (avg/stddev):           861501.2500/232.12
    execution time (avg/stddev):   239.4179/0.00

sysbench 1.0.17 (using bundled LuaJIT 2.1.0-beta2)

Running the test with following options:
Number of threads: 8
Initializing random number generator from current time


Extra file open flags: (none)
64 files, 128MiB each
8GiB total file size
Block size 32KiB
Number of IO requests: 0
Read/Write ratio for combined random IO test: 1.50
Calling fsync() after each write operation.
Using synchronous I/O mode
Doing random write test
Initializing worker threads...

Threads started!


File operations:
    reads/s:                      0.00
    writes/s:                     14678.77
    fsyncs/s:                     14678.77

Throughput:
    read, MiB/s:                  0.00
    written, MiB/s:               458.71

General statistics:
    total time:                          240.0001s
    total number of events:              3522933

Latency (ms):
         min:                                    0.07
         avg:                                    0.54
         max:                                    2.78
         95th percentile:                        1.04
         sum:                              1917223.38

Threads fairness:
    events (avg/stddev):           440366.6250/311.63
    execution time (avg/stddev):   239.6529/0.00

sysbench 1.0.17 (using bundled LuaJIT 2.1.0-beta2)

Running the test with following options:
Number of threads: 16
Initializing random number generator from current time


Extra file open flags: (none)
64 files, 128MiB each
8GiB total file size
Block size 32KiB
Number of IO requests: 0
Read/Write ratio for combined random IO test: 1.50
Calling fsync() after each write operation.
Using synchronous I/O mode
Doing random write test
Initializing worker threads...

Threads started!


File operations:
    reads/s:                      0.00
    writes/s:                     15016.37
    fsyncs/s:                     15016.37

Throughput:
    read, MiB/s:                  0.00
    written, MiB/s:               469.26

General statistics:
    total time:                          240.0018s
    total number of events:              3603982

Latency (ms):
         min:                                    0.07
         avg:                                    1.06
         max:                                    5.77
         95th percentile:                        2.03
         sum:                              3836316.58

Threads fairness:
    events (avg/stddev):           225248.8750/173.13
    execution time (avg/stddev):   239.7698/0.00

sysbench 1.0.17 (using bundled LuaJIT 2.1.0-beta2)

Running the test with following options:
Number of threads: 32
Initializing random number generator from current time


Extra file open flags: (none)
64 files, 128MiB each
8GiB total file size
Block size 32KiB
Number of IO requests: 0
Read/Write ratio for combined random IO test: 1.50
Calling fsync() after each write operation.
Using synchronous I/O mode
Doing random write test
Initializing worker threads...

Threads started!


File operations:
    reads/s:                      0.00
    writes/s:                     15378.34
    fsyncs/s:                     15378.34

Throughput:
    read, MiB/s:                  0.00
    written, MiB/s:               480.57

General statistics:
    total time:                          240.0009s
    total number of events:              3690841

Latency (ms):
         min:                                    0.08
         avg:                                    2.08
         max:                                   12.65
         95th percentile:                        3.82
         sum:                              7672101.93

Threads fairness:
    events (avg/stddev):           115338.7812/152.39
    execution time (avg/stddev):   239.7532/0.00

sysbench 1.0.17 (using bundled LuaJIT 2.1.0-beta2)

Running the test with following options:
Number of threads: 64
Initializing random number generator from current time


Extra file open flags: (none)
64 files, 128MiB each
8GiB total file size
Block size 32KiB
Number of IO requests: 0
Read/Write ratio for combined random IO test: 1.50
Calling fsync() after each write operation.
Using synchronous I/O mode
Doing random write test
Initializing worker threads...

Threads started!


File operations:
    reads/s:                      0.00
    writes/s:                     15646.44
    fsyncs/s:                     15646.44

Throughput:
    read, MiB/s:                  0.00
    written, MiB/s:               488.95

General statistics:
    total time:                          240.0031s
    total number of events:              3755219

Latency (ms):
         min:                                    0.08
         avg:                                    4.09
         max:                                   23.15
         95th percentile:                        7.17
         sum:                             15344870.53

Threads fairness:
    events (avg/stddev):           58675.2969/79.25
    execution time (avg/stddev):   239.7636/0.00

