sysbench 1.0.17 (using bundled LuaJIT 2.1.0-beta2)

Running the test with following options:
Number of threads: 1
Initializing random number generator from current time


Extra file open flags: (none)
64 files, 128MiB each
8GiB total file size
Block size 32KiB
Number of IO requests: 0
Read/Write ratio for combined random IO test: 1.50
Calling fsync() after each write operation.
Using synchronous I/O mode
Doing random read test
Initializing worker threads...

Threads started!


File operations:
    reads/s:                      237104.93
    writes/s:                     0.00
    fsyncs/s:                     0.00

Throughput:
    read, MiB/s:                  7409.53
    written, MiB/s:               0.00

General statistics:
    total time:                          240.0003s
    total number of events:              56905633

Latency (ms):
         min:                                    0.00
         avg:                                    0.00
         max:                                    0.16
         95th percentile:                        0.00
         sum:                               228122.85

Threads fairness:
    events (avg/stddev):           56905633.0000/0.00
    execution time (avg/stddev):   228.1229/0.00

sysbench 1.0.17 (using bundled LuaJIT 2.1.0-beta2)

Running the test with following options:
Number of threads: 4
Initializing random number generator from current time


Extra file open flags: (none)
64 files, 128MiB each
8GiB total file size
Block size 32KiB
Number of IO requests: 0
Read/Write ratio for combined random IO test: 1.50
Calling fsync() after each write operation.
Using synchronous I/O mode
Doing random read test
Initializing worker threads...

Threads started!


File operations:
    reads/s:                      614919.15
    writes/s:                     0.00
    fsyncs/s:                     0.00

Throughput:
    read, MiB/s:                  19216.22
    written, MiB/s:               0.00

General statistics:
    total time:                          240.0001s
    total number of events:              147581714

Latency (ms):
         min:                                    0.00
         avg:                                    0.01
         max:                                    0.29
         95th percentile:                        0.01
         sum:                               842393.47

Threads fairness:
    events (avg/stddev):           36895428.5000/878718.76
    execution time (avg/stddev):   210.5984/3.33

sysbench 1.0.17 (using bundled LuaJIT 2.1.0-beta2)

Running the test with following options:
Number of threads: 8
Initializing random number generator from current time


Extra file open flags: (none)
64 files, 128MiB each
8GiB total file size
Block size 32KiB
Number of IO requests: 0
Read/Write ratio for combined random IO test: 1.50
Calling fsync() after each write operation.
Using synchronous I/O mode
Doing random read test
Initializing worker threads...

Threads started!


File operations:
    reads/s:                      758803.51
    writes/s:                     0.00
    fsyncs/s:                     0.00

Throughput:
    read, MiB/s:                  23712.61
    written, MiB/s:               0.00

General statistics:
    total time:                          240.0001s
    total number of events:              182114171

Latency (ms):
         min:                                    0.00
         avg:                                    0.01
         max:                                   14.92
         95th percentile:                        0.01
         sum:                              1747045.43

Threads fairness:
    events (avg/stddev):           22764271.3750/85701.87
    execution time (avg/stddev):   218.3807/0.43

sysbench 1.0.17 (using bundled LuaJIT 2.1.0-beta2)

Running the test with following options:
Number of threads: 16
Initializing random number generator from current time


Extra file open flags: (none)
64 files, 128MiB each
8GiB total file size
Block size 32KiB
Number of IO requests: 0
Read/Write ratio for combined random IO test: 1.50
Calling fsync() after each write operation.
Using synchronous I/O mode
Doing random read test
Initializing worker threads...

Threads started!


File operations:
    reads/s:                      733043.27
    writes/s:                     0.00
    fsyncs/s:                     0.00

Throughput:
    read, MiB/s:                  22907.60
    written, MiB/s:               0.00

General statistics:
    total time:                          240.0001s
    total number of events:              175931686

Latency (ms):
         min:                                    0.00
         avg:                                    0.02
         max:                                    3.95
         95th percentile:                        0.04
         sum:                              2753462.52

Threads fairness:
    events (avg/stddev):           10995730.3750/40553.82
    execution time (avg/stddev):   172.0914/0.58

sysbench 1.0.17 (using bundled LuaJIT 2.1.0-beta2)

Running the test with following options:
Number of threads: 32
Initializing random number generator from current time


Extra file open flags: (none)
64 files, 128MiB each
8GiB total file size
Block size 32KiB
Number of IO requests: 0
Read/Write ratio for combined random IO test: 1.50
Calling fsync() after each write operation.
Using synchronous I/O mode
Doing random read test
Initializing worker threads...

Threads started!


File operations:
    reads/s:                      712138.79
    writes/s:                     0.00
    fsyncs/s:                     0.00

Throughput:
    read, MiB/s:                  22254.34
    written, MiB/s:               0.00

General statistics:
    total time:                          240.0002s
    total number of events:              170914653

Latency (ms):
         min:                                    0.00
         avg:                                    0.03
         max:                                    9.06
         95th percentile:                        0.11
         sum:                              4756282.42

Threads fairness:
    events (avg/stddev):           5341082.9062/17246.96
    execution time (avg/stddev):   148.6338/0.47

sysbench 1.0.17 (using bundled LuaJIT 2.1.0-beta2)

Running the test with following options:
Number of threads: 64
Initializing random number generator from current time


Extra file open flags: (none)
64 files, 128MiB each
8GiB total file size
Block size 32KiB
Number of IO requests: 0
Read/Write ratio for combined random IO test: 1.50
Calling fsync() after each write operation.
Using synchronous I/O mode
Doing random read test
Initializing worker threads...

Threads started!


File operations:
    reads/s:                      724320.77
    writes/s:                     0.00
    fsyncs/s:                     0.00

Throughput:
    read, MiB/s:                  22635.02
    written, MiB/s:               0.00

General statistics:
    total time:                          240.0003s
    total number of events:              173838411

Latency (ms):
         min:                                    0.00
         avg:                                    0.05
         max:                                   28.34
         95th percentile:                        0.30
         sum:                              8979593.98

Threads fairness:
    events (avg/stddev):           2716225.1719/11382.59
    execution time (avg/stddev):   140.3062/0.35

