sysbench 1.0.17 (using bundled LuaJIT 2.1.0-beta2)

Running the test with following options:
Number of threads: 1
Initializing random number generator from current time


Extra file open flags: (none)
64 files, 128MiB each
8GiB total file size
Block size 32KiB
Number of IO requests: 0
Read/Write ratio for combined random IO test: 1.50
Calling fsync() after each write operation.
Using synchronous I/O mode
Doing random read test
Initializing worker threads...

Threads started!


File operations:
    reads/s:                      144696.17
    writes/s:                     0.00
    fsyncs/s:                     0.00

Throughput:
    read, MiB/s:                  4521.76
    written, MiB/s:               0.00

General statistics:
    total time:                          240.0003s
    total number of events:              34727571

Latency (ms):
         min:                                    0.00
         avg:                                    0.01
         max:                                    8.78
         95th percentile:                        0.01
         sum:                               229429.86

Threads fairness:
    events (avg/stddev):           34727571.0000/0.00
    execution time (avg/stddev):   229.4299/0.00

sysbench 1.0.17 (using bundled LuaJIT 2.1.0-beta2)

Running the test with following options:
Number of threads: 4
Initializing random number generator from current time


Extra file open flags: (none)
64 files, 128MiB each
8GiB total file size
Block size 32KiB
Number of IO requests: 0
Read/Write ratio for combined random IO test: 1.50
Calling fsync() after each write operation.
Using synchronous I/O mode
Doing random read test
Initializing worker threads...

Threads started!


File operations:
    reads/s:                      521447.51
    writes/s:                     0.00
    fsyncs/s:                     0.00

Throughput:
    read, MiB/s:                  16295.23
    written, MiB/s:               0.00

General statistics:
    total time:                          240.0001s
    total number of events:              125148632

Latency (ms):
         min:                                    0.00
         avg:                                    0.01
         max:                                   13.29
         95th percentile:                        0.01
         sum:                               897045.60

Threads fairness:
    events (avg/stddev):           31287158.0000/319513.10
    execution time (avg/stddev):   224.2614/0.32

sysbench 1.0.17 (using bundled LuaJIT 2.1.0-beta2)

Running the test with following options:
Number of threads: 8
Initializing random number generator from current time


Extra file open flags: (none)
64 files, 128MiB each
8GiB total file size
Block size 32KiB
Number of IO requests: 0
Read/Write ratio for combined random IO test: 1.50
Calling fsync() after each write operation.
Using synchronous I/O mode
Doing random read test
Initializing worker threads...

Threads started!


File operations:
    reads/s:                      880276.85
    writes/s:                     0.00
    fsyncs/s:                     0.00

Throughput:
    read, MiB/s:                  27508.65
    written, MiB/s:               0.00

General statistics:
    total time:                          240.0002s
    total number of events:              211268626

Latency (ms):
         min:                                    0.00
         avg:                                    0.01
         max:                                   17.11
         95th percentile:                        0.01
         sum:                              1703234.33

Threads fairness:
    events (avg/stddev):           26408578.2500/161908.01
    execution time (avg/stddev):   212.9043/0.36

sysbench 1.0.17 (using bundled LuaJIT 2.1.0-beta2)

Running the test with following options:
Number of threads: 16
Initializing random number generator from current time


Extra file open flags: (none)
64 files, 128MiB each
8GiB total file size
Block size 32KiB
Number of IO requests: 0
Read/Write ratio for combined random IO test: 1.50
Calling fsync() after each write operation.
Using synchronous I/O mode
Doing random read test
Initializing worker threads...

Threads started!


File operations:
    reads/s:                      907836.84
    writes/s:                     0.00
    fsyncs/s:                     0.00

Throughput:
    read, MiB/s:                  28369.90
    written, MiB/s:               0.00

General statistics:
    total time:                          240.0002s
    total number of events:              217883097

Latency (ms):
         min:                                    0.00
         avg:                                    0.01
         max:                                   17.12
         95th percentile:                        0.03
         sum:                              3080999.79

Threads fairness:
    events (avg/stddev):           13617693.5625/24996.97
    execution time (avg/stddev):   192.5625/0.17

sysbench 1.0.17 (using bundled LuaJIT 2.1.0-beta2)

Running the test with following options:
Number of threads: 32
Initializing random number generator from current time


Extra file open flags: (none)
64 files, 128MiB each
8GiB total file size
Block size 32KiB
Number of IO requests: 0
Read/Write ratio for combined random IO test: 1.50
Calling fsync() after each write operation.
Using synchronous I/O mode
Doing random read test
Initializing worker threads...

Threads started!


File operations:
    reads/s:                      925444.87
    writes/s:                     0.00
    fsyncs/s:                     0.00

Throughput:
    read, MiB/s:                  28920.15
    written, MiB/s:               0.00

General statistics:
    total time:                          240.0003s
    total number of events:              222109521

Latency (ms):
         min:                                    0.00
         avg:                                    0.02
         max:                                   30.24
         95th percentile:                        0.05
         sum:                              5084183.80

Threads fairness:
    events (avg/stddev):           6940922.5312/18403.24
    execution time (avg/stddev):   158.8807/0.16

sysbench 1.0.17 (using bundled LuaJIT 2.1.0-beta2)

Running the test with following options:
Number of threads: 64
Initializing random number generator from current time


Extra file open flags: (none)
64 files, 128MiB each
8GiB total file size
Block size 32KiB
Number of IO requests: 0
Read/Write ratio for combined random IO test: 1.50
Calling fsync() after each write operation.
Using synchronous I/O mode
Doing random read test
Initializing worker threads...

Threads started!


File operations:
    reads/s:                      919142.18
    writes/s:                     0.00
    fsyncs/s:                     0.00

Throughput:
    read, MiB/s:                  28723.19
    written, MiB/s:               0.00

General statistics:
    total time:                          240.0005s
    total number of events:              220596437

Latency (ms):
         min:                                    0.00
         avg:                                    0.04
         max:                                   52.52
         95th percentile:                        0.10
         sum:                              9040344.97

Threads fairness:
    events (avg/stddev):           3446819.3281/7654.47
    execution time (avg/stddev):   141.2554/0.23

