sysbench 1.0.17 (using bundled LuaJIT 2.1.0-beta2)

Running the test with following options:
Number of threads: 1
Initializing random number generator from current time


Extra file open flags: (none)
64 files, 128MiB each
8GiB total file size
Block size 32KiB
Number of IO requests: 0
Read/Write ratio for combined random IO test: 1.50
Calling fsync() after each write operation.
Using synchronous I/O mode
Doing random write test
Initializing worker threads...

Threads started!


File operations:
    reads/s:                      0.00
    writes/s:                     1760.81
    fsyncs/s:                     1760.81

Throughput:
    read, MiB/s:                  0.00
    written, MiB/s:               55.03

General statistics:
    total time:                          240.0002s
    total number of events:              422599

Latency (ms):
         min:                                    0.10
         avg:                                    0.57
         max:                                   52.48
         95th percentile:                        1.01
         sum:                               239445.83

Threads fairness:
    events (avg/stddev):           422599.0000/0.00
    execution time (avg/stddev):   239.4458/0.00

sysbench 1.0.17 (using bundled LuaJIT 2.1.0-beta2)

Running the test with following options:
Number of threads: 4
Initializing random number generator from current time


Extra file open flags: (none)
64 files, 128MiB each
8GiB total file size
Block size 32KiB
Number of IO requests: 0
Read/Write ratio for combined random IO test: 1.50
Calling fsync() after each write operation.
Using synchronous I/O mode
Doing random write test
Initializing worker threads...

Threads started!


File operations:
    reads/s:                      0.00
    writes/s:                     6963.52
    fsyncs/s:                     6963.52

Throughput:
    read, MiB/s:                  0.00
    written, MiB/s:               217.61

General statistics:
    total time:                          240.0004s
    total number of events:              1671262

Latency (ms):
         min:                                    0.09
         avg:                                    0.57
         max:                                  126.19
         95th percentile:                        0.90
         sum:                               957776.94

Threads fairness:
    events (avg/stddev):           417815.5000/228.43
    execution time (avg/stddev):   239.4442/0.01

sysbench 1.0.17 (using bundled LuaJIT 2.1.0-beta2)

Running the test with following options:
Number of threads: 8
Initializing random number generator from current time


Extra file open flags: (none)
64 files, 128MiB each
8GiB total file size
Block size 32KiB
Number of IO requests: 0
Read/Write ratio for combined random IO test: 1.50
Calling fsync() after each write operation.
Using synchronous I/O mode
Doing random write test
Initializing worker threads...

Threads started!


File operations:
    reads/s:                      0.00
    writes/s:                     7434.76
    fsyncs/s:                     7434.76

Throughput:
    read, MiB/s:                  0.00
    written, MiB/s:               232.34

General statistics:
    total time:                          240.0095s
    total number of events:              1784429

Latency (ms):
         min:                                    0.09
         avg:                                    1.07
         max:                                  161.44
         95th percentile:                        1.06
         sum:                              1916861.85

Threads fairness:
    events (avg/stddev):           223053.6250/194.91
    execution time (avg/stddev):   239.6077/0.00

sysbench 1.0.17 (using bundled LuaJIT 2.1.0-beta2)

Running the test with following options:
Number of threads: 16
Initializing random number generator from current time


Extra file open flags: (none)
64 files, 128MiB each
8GiB total file size
Block size 32KiB
Number of IO requests: 0
Read/Write ratio for combined random IO test: 1.50
Calling fsync() after each write operation.
Using synchronous I/O mode
Doing random write test
Initializing worker threads...

Threads started!


File operations:
    reads/s:                      0.00
    writes/s:                     7769.12
    fsyncs/s:                     7769.12

Throughput:
    read, MiB/s:                  0.00
    written, MiB/s:               242.78

General statistics:
    total time:                          240.0379s
    total number of events:              1864896

Latency (ms):
         min:                                    0.09
         avg:                                    2.06
         max:                                   46.24
         95th percentile:                        1.70
         sum:                              3835906.68

Threads fairness:
    events (avg/stddev):           116556.0000/271.90
    execution time (avg/stddev):   239.7442/0.01

sysbench 1.0.17 (using bundled LuaJIT 2.1.0-beta2)

Running the test with following options:
Number of threads: 32
Initializing random number generator from current time


Extra file open flags: (none)
64 files, 128MiB each
8GiB total file size
Block size 32KiB
Number of IO requests: 0
Read/Write ratio for combined random IO test: 1.50
Calling fsync() after each write operation.
Using synchronous I/O mode
Doing random write test
Initializing worker threads...

Threads started!


File operations:
    reads/s:                      0.00
    writes/s:                     7953.81
    fsyncs/s:                     7953.81

Throughput:
    read, MiB/s:                  0.00
    written, MiB/s:               248.56

General statistics:
    total time:                          240.0366s
    total number of events:              1909223

Latency (ms):
         min:                                    0.10
         avg:                                    4.02
         max:                                   69.38
         95th percentile:                       40.37
         sum:                              7676145.42

Threads fairness:
    events (avg/stddev):           59663.2188/158.93
    execution time (avg/stddev):   239.8795/0.00

sysbench 1.0.17 (using bundled LuaJIT 2.1.0-beta2)

Running the test with following options:
Number of threads: 64
Initializing random number generator from current time


Extra file open flags: (none)
64 files, 128MiB each
8GiB total file size
Block size 32KiB
Number of IO requests: 0
Read/Write ratio for combined random IO test: 1.50
Calling fsync() after each write operation.
Using synchronous I/O mode
Doing random write test
Initializing worker threads...

Threads started!


File operations:
    reads/s:                      0.00
    writes/s:                     8030.53
    fsyncs/s:                     8030.53

Throughput:
    read, MiB/s:                  0.00
    written, MiB/s:               250.95

General statistics:
    total time:                          240.0342s
    total number of events:              1927616

Latency (ms):
         min:                                    0.11
         avg:                                    7.97
         max:                                   94.40
         95th percentile:                       43.39
         sum:                             15356158.23

Threads fairness:
    events (avg/stddev):           30119.0000/84.62
    execution time (avg/stddev):   239.9400/0.00

