sysbench 1.0.17 (using bundled LuaJIT 2.1.0-beta2)

Running the test with following options:
Number of threads: 1
Initializing random number generator from current time


Extra file open flags: (none)
64 files, 128MiB each
8GiB total file size
Block size 32KiB
Number of IO requests: 0
Read/Write ratio for combined random IO test: 1.50
Calling fsync() after each write operation.
Using synchronous I/O mode
Doing random write test
Initializing worker threads...

Threads started!


File operations:
    reads/s:                      0.00
    writes/s:                     2877.59
    fsyncs/s:                     2877.59

Throughput:
    read, MiB/s:                  0.00
    written, MiB/s:               89.92

General statistics:
    total time:                          240.0004s
    total number of events:              690629

Latency (ms):
         min:                                    0.08
         avg:                                    0.35
         max:                                   91.12
         95th percentile:                        0.46
         sum:                               239178.41

Threads fairness:
    events (avg/stddev):           690629.0000/0.00
    execution time (avg/stddev):   239.1784/0.00

sysbench 1.0.17 (using bundled LuaJIT 2.1.0-beta2)

Running the test with following options:
Number of threads: 4
Initializing random number generator from current time


Extra file open flags: (none)
64 files, 128MiB each
8GiB total file size
Block size 32KiB
Number of IO requests: 0
Read/Write ratio for combined random IO test: 1.50
Calling fsync() after each write operation.
Using synchronous I/O mode
Doing random write test
Initializing worker threads...

Threads started!


File operations:
    reads/s:                      0.00
    writes/s:                     6808.62
    fsyncs/s:                     6808.62

Throughput:
    read, MiB/s:                  0.00
    written, MiB/s:               212.77

General statistics:
    total time:                          240.0004s
    total number of events:              1634083

Latency (ms):
         min:                                    0.07
         avg:                                    0.59
         max:                                   30.76
         95th percentile:                        1.06
         sum:                               958193.10

Threads fairness:
    events (avg/stddev):           408520.7500/102.86
    execution time (avg/stddev):   239.5483/0.00

sysbench 1.0.17 (using bundled LuaJIT 2.1.0-beta2)

Running the test with following options:
Number of threads: 8
Initializing random number generator from current time


Extra file open flags: (none)
64 files, 128MiB each
8GiB total file size
Block size 32KiB
Number of IO requests: 0
Read/Write ratio for combined random IO test: 1.50
Calling fsync() after each write operation.
Using synchronous I/O mode
Doing random write test
Initializing worker threads...

Threads started!

