sysbench 1.0.17 (using bundled LuaJIT 2.1.0-beta2)

Running the test with following options:
Number of threads: 1
Initializing random number generator from current time


Extra file open flags: (none)
64 files, 128MiB each
8GiB total file size
Block size 32KiB
Number of IO requests: 0
Read/Write ratio for combined random IO test: 1.50
Calling fsync() after each write operation.
Using synchronous I/O mode
Doing random read test
Initializing worker threads...

Threads started!


File operations:
    reads/s:                      201144.38
    writes/s:                     0.00
    fsyncs/s:                     0.00

Throughput:
    read, MiB/s:                  6285.76
    written, MiB/s:               0.00

General statistics:
    total time:                          240.0001s
    total number of events:              48274982

Latency (ms):
         min:                                    0.00
         avg:                                    0.00
         max:                                    0.06
         95th percentile:                        0.01
         sum:                               227964.95

Threads fairness:
    events (avg/stddev):           48274982.0000/0.00
    execution time (avg/stddev):   227.9649/0.00

sysbench 1.0.17 (using bundled LuaJIT 2.1.0-beta2)

Running the test with following options:
Number of threads: 4
Initializing random number generator from current time


Extra file open flags: (none)
64 files, 128MiB each
8GiB total file size
Block size 32KiB
Number of IO requests: 0
Read/Write ratio for combined random IO test: 1.50
Calling fsync() after each write operation.
Using synchronous I/O mode
Doing random read test
Initializing worker threads...

Threads started!


File operations:
    reads/s:                      698071.71
    writes/s:                     0.00
    fsyncs/s:                     0.00

Throughput:
    read, MiB/s:                  21814.74
    written, MiB/s:               0.00

General statistics:
    total time:                          240.0001s
    total number of events:              167538345

Latency (ms):
         min:                                    0.00
         avg:                                    0.01
         max:                                    0.07
         95th percentile:                        0.01
         sum:                               874282.58

Threads fairness:
    events (avg/stddev):           41884586.2500/575659.04
    execution time (avg/stddev):   218.5706/0.30

sysbench 1.0.17 (using bundled LuaJIT 2.1.0-beta2)

Running the test with following options:
Number of threads: 8
Initializing random number generator from current time


Extra file open flags: (none)
64 files, 128MiB each
8GiB total file size
Block size 32KiB
Number of IO requests: 0
Read/Write ratio for combined random IO test: 1.50
Calling fsync() after each write operation.
Using synchronous I/O mode
Doing random read test
Initializing worker threads...

Threads started!


File operations:
    reads/s:                      1082893.59
    writes/s:                     0.00
    fsyncs/s:                     0.00

Throughput:
    read, MiB/s:                  33840.42
    written, MiB/s:               0.00

General statistics:
    total time:                          240.0001s
    total number of events:              259896237

Latency (ms):
         min:                                    0.00
         avg:                                    0.01
         max:                                    0.23
         95th percentile:                        0.01
         sum:                              1615836.82

Threads fairness:
    events (avg/stddev):           32487029.6250/786513.41
    execution time (avg/stddev):   201.9796/1.37

sysbench 1.0.17 (using bundled LuaJIT 2.1.0-beta2)

Running the test with following options:
Number of threads: 16
Initializing random number generator from current time


Extra file open flags: (none)
64 files, 128MiB each
8GiB total file size
Block size 32KiB
Number of IO requests: 0
Read/Write ratio for combined random IO test: 1.50
Calling fsync() after each write operation.
Using synchronous I/O mode
Doing random read test
Initializing worker threads...

Threads started!


File operations:
    reads/s:                      1094999.57
    writes/s:                     0.00
    fsyncs/s:                     0.00

Throughput:
    read, MiB/s:                  34218.74
    written, MiB/s:               0.00

General statistics:
    total time:                          240.0001s
    total number of events:              262801614

Latency (ms):
         min:                                    0.00
         avg:                                    0.01
         max:                                    1.18
         95th percentile:                        0.02
         sum:                              2723887.51

Threads fairness:
    events (avg/stddev):           16425100.8750/54525.56
    execution time (avg/stddev):   170.2430/0.18

sysbench 1.0.17 (using bundled LuaJIT 2.1.0-beta2)

Running the test with following options:
Number of threads: 32
Initializing random number generator from current time


Extra file open flags: (none)
64 files, 128MiB each
8GiB total file size
Block size 32KiB
Number of IO requests: 0
Read/Write ratio for combined random IO test: 1.50
Calling fsync() after each write operation.
Using synchronous I/O mode
Doing random read test
Initializing worker threads...

Threads started!


File operations:
    reads/s:                      1090613.89
    writes/s:                     0.00
    fsyncs/s:                     0.00

Throughput:
    read, MiB/s:                  34081.68
    written, MiB/s:               0.00

General statistics:
    total time:                          240.0001s
    total number of events:              261749203

Latency (ms):
         min:                                    0.00
         avg:                                    0.02
         max:                                    3.99
         95th percentile:                        0.07
         sum:                              4673111.57

Threads fairness:
    events (avg/stddev):           8179662.5938/6509.00
    execution time (avg/stddev):   146.0347/0.09

sysbench 1.0.17 (using bundled LuaJIT 2.1.0-beta2)

Running the test with following options:
Number of threads: 64
Initializing random number generator from current time


Extra file open flags: (none)
64 files, 128MiB each
8GiB total file size
Block size 32KiB
Number of IO requests: 0
Read/Write ratio for combined random IO test: 1.50
Calling fsync() after each write operation.
Using synchronous I/O mode
Doing random read test
Initializing worker threads...

Threads started!


File operations:
    reads/s:                      1047583.04
    writes/s:                     0.00
    fsyncs/s:                     0.00

Throughput:
    read, MiB/s:                  32736.97
    written, MiB/s:               0.00

General statistics:
    total time:                          240.0002s
    total number of events:              251421724

Latency (ms):
         min:                                    0.00
         avg:                                    0.03
         max:                                   23.96
         95th percentile:                        0.20
         sum:                              8651532.56

Threads fairness:
    events (avg/stddev):           3928464.4375/11348.15
    execution time (avg/stddev):   135.1802/0.14

