sysbench 1.0.17 (using bundled LuaJIT 2.1.0-beta2)

Running the test with following options:
Number of threads: 1
Initializing random number generator from current time


Extra file open flags: (none)
64 files, 128MiB each
8GiB total file size
Block size 32KiB
Number of IO requests: 0
Read/Write ratio for combined random IO test: 1.50
Calling fsync() after each write operation.
Using synchronous I/O mode
Doing random write test
Initializing worker threads...

Threads started!


File operations:
    reads/s:                      0.00
    writes/s:                     605.10
    fsyncs/s:                     605.10

Throughput:
    read, MiB/s:                  0.00
    written, MiB/s:               18.91

General statistics:
    total time:                          240.0013s
    total number of events:              145225

Latency (ms):
         min:                                    0.52
         avg:                                    1.65
         max:                                  151.41
         95th percentile:                        1.86
         sum:                               239946.71

Threads fairness:
    events (avg/stddev):           145225.0000/0.00
    execution time (avg/stddev):   239.9467/0.00

sysbench 1.0.17 (using bundled LuaJIT 2.1.0-beta2)

Running the test with following options:
Number of threads: 4
Initializing random number generator from current time


Extra file open flags: (none)
64 files, 128MiB each
8GiB total file size
Block size 32KiB
Number of IO requests: 0
Read/Write ratio for combined random IO test: 1.50
Calling fsync() after each write operation.
Using synchronous I/O mode
Doing random write test
Initializing worker threads...

Threads started!


File operations:
    reads/s:                      0.00
    writes/s:                     2313.81
    fsyncs/s:                     2313.81

Throughput:
    read, MiB/s:                  0.00
    written, MiB/s:               72.31

General statistics:
    total time:                          240.0013s
    total number of events:              555321

Latency (ms):
         min:                                    0.51
         avg:                                    1.73
         max:                                  173.08
         95th percentile:                        2.14
         sum:                               959522.83

Threads fairness:
    events (avg/stddev):           138830.2500/66.89
    execution time (avg/stddev):   239.8807/0.00

sysbench 1.0.17 (using bundled LuaJIT 2.1.0-beta2)

Running the test with following options:
Number of threads: 8
Initializing random number generator from current time


Extra file open flags: (none)
64 files, 128MiB each
8GiB total file size
Block size 32KiB
Number of IO requests: 0
Read/Write ratio for combined random IO test: 1.50
Calling fsync() after each write operation.
Using synchronous I/O mode
Doing random write test
Initializing worker threads...

Threads started!


File operations:
    reads/s:                      0.00
    writes/s:                     4466.64
    fsyncs/s:                     4466.64

Throughput:
    read, MiB/s:                  0.00
    written, MiB/s:               139.58

General statistics:
    total time:                          240.0014s
    total number of events:              1072006

Latency (ms):
         min:                                    0.51
         avg:                                    1.79
         max:                                  139.25
         95th percentile:                        2.48
         sum:                              1918247.19

Threads fairness:
    events (avg/stddev):           134000.7500/74.54
    execution time (avg/stddev):   239.7809/0.00

sysbench 1.0.17 (using bundled LuaJIT 2.1.0-beta2)

Running the test with following options:
Number of threads: 16
Initializing random number generator from current time


Extra file open flags: (none)
64 files, 128MiB each
8GiB total file size
Block size 32KiB
Number of IO requests: 0
Read/Write ratio for combined random IO test: 1.50
Calling fsync() after each write operation.
Using synchronous I/O mode
Doing random write test
Initializing worker threads...

Threads started!


File operations:
    reads/s:                      0.00
    writes/s:                     8206.07
    fsyncs/s:                     8206.07

Throughput:
    read, MiB/s:                  0.00
    written, MiB/s:               256.44

General statistics:
    total time:                          240.0019s
    total number of events:              1969483

Latency (ms):
         min:                                    0.50
         avg:                                    1.95
         max:                                  153.71
         95th percentile:                        2.76
         sum:                              3835995.27

Threads fairness:
    events (avg/stddev):           123092.6875/113.79
    execution time (avg/stddev):   239.7497/0.00

sysbench 1.0.17 (using bundled LuaJIT 2.1.0-beta2)

Running the test with following options:
Number of threads: 32
Initializing random number generator from current time


Extra file open flags: (none)
64 files, 128MiB each
8GiB total file size
Block size 32KiB
Number of IO requests: 0
Read/Write ratio for combined random IO test: 1.50
Calling fsync() after each write operation.
Using synchronous I/O mode
Doing random write test
Initializing worker threads...

Threads started!


File operations:
    reads/s:                      0.00
    writes/s:                     12922.69
    fsyncs/s:                     12922.69

Throughput:
    read, MiB/s:                  0.00
    written, MiB/s:               403.83

General statistics:
    total time:                          240.0020s
    total number of events:              3101489

Latency (ms):
         min:                                    0.49
         avg:                                    2.47
         max:                                  163.76
         95th percentile:                        3.55
         sum:                              7673338.28

Threads fairness:
    events (avg/stddev):           96921.5312/111.30
    execution time (avg/stddev):   239.7918/0.00

sysbench 1.0.17 (using bundled LuaJIT 2.1.0-beta2)

Running the test with following options:
Number of threads: 64
Initializing random number generator from current time


Extra file open flags: (none)
64 files, 128MiB each
8GiB total file size
Block size 32KiB
Number of IO requests: 0
Read/Write ratio for combined random IO test: 1.50
Calling fsync() after each write operation.
Using synchronous I/O mode
Doing random write test
Initializing worker threads...

Threads started!


File operations:
    reads/s:                      0.00
    writes/s:                     13113.54
    fsyncs/s:                     13113.54

Throughput:
    read, MiB/s:                  0.00
    written, MiB/s:               409.80

General statistics:
    total time:                          240.0023s
    total number of events:              3147299

Latency (ms):
         min:                                    0.55
         avg:                                    4.88
         max:                                  153.03
         95th percentile:                        6.21
         sum:                             15350444.97

Threads fairness:
    events (avg/stddev):           49176.5469/48.68
    execution time (avg/stddev):   239.8507/0.00

