sysbench 1.0.17 (using bundled LuaJIT 2.1.0-beta2)

Running the test with following options:
Number of threads: 1
Initializing random number generator from current time


Extra file open flags: (none)
64 files, 128MiB each
8GiB total file size
Block size 32KiB
Number of IO requests: 0
Read/Write ratio for combined random IO test: 1.50
Calling fsync() after each write operation.
Using synchronous I/O mode
Doing random read test
Initializing worker threads...

Threads started!


File operations:
    reads/s:                      231677.79
    writes/s:                     0.00
    fsyncs/s:                     0.00

Throughput:
    read, MiB/s:                  7239.93
    written, MiB/s:               0.00

General statistics:
    total time:                          240.0001s
    total number of events:              55603027

Latency (ms):
         min:                                    0.00
         avg:                                    0.00
         max:                                    0.10
         95th percentile:                        0.00
         sum:                               228184.39

Threads fairness:
    events (avg/stddev):           55603027.0000/0.00
    execution time (avg/stddev):   228.1844/0.00

sysbench 1.0.17 (using bundled LuaJIT 2.1.0-beta2)

Running the test with following options:
Number of threads: 4
Initializing random number generator from current time


Extra file open flags: (none)
64 files, 128MiB each
8GiB total file size
Block size 32KiB
Number of IO requests: 0
Read/Write ratio for combined random IO test: 1.50
Calling fsync() after each write operation.
Using synchronous I/O mode
Doing random read test
Initializing worker threads...

Threads started!


File operations:
    reads/s:                      609812.95
    writes/s:                     0.00
    fsyncs/s:                     0.00

Throughput:
    read, MiB/s:                  19056.65
    written, MiB/s:               0.00

General statistics:
    total time:                          240.0001s
    total number of events:              146356195

Latency (ms):
         min:                                    0.00
         avg:                                    0.01
         max:                                    0.22
         95th percentile:                        0.01
         sum:                               851240.54

Threads fairness:
    events (avg/stddev):           36589048.7500/654829.21
    execution time (avg/stddev):   212.8101/1.66

sysbench 1.0.17 (using bundled LuaJIT 2.1.0-beta2)

Running the test with following options:
Number of threads: 8
Initializing random number generator from current time


Extra file open flags: (none)
64 files, 128MiB each
8GiB total file size
Block size 32KiB
Number of IO requests: 0
Read/Write ratio for combined random IO test: 1.50
Calling fsync() after each write operation.
Using synchronous I/O mode
Doing random read test
Initializing worker threads...

Threads started!


File operations:
    reads/s:                      758129.41
    writes/s:                     0.00
    fsyncs/s:                     0.00

Throughput:
    read, MiB/s:                  23691.54
    written, MiB/s:               0.00

General statistics:
    total time:                          240.0001s
    total number of events:              181952389

Latency (ms):
         min:                                    0.00
         avg:                                    0.01
         max:                                   15.40
         95th percentile:                        0.01
         sum:                              1748813.37

Threads fairness:
    events (avg/stddev):           22744048.6250/65143.84
    execution time (avg/stddev):   218.6017/0.46

sysbench 1.0.17 (using bundled LuaJIT 2.1.0-beta2)

Running the test with following options:
Number of threads: 16
Initializing random number generator from current time


Extra file open flags: (none)
64 files, 128MiB each
8GiB total file size
Block size 32KiB
Number of IO requests: 0
Read/Write ratio for combined random IO test: 1.50
Calling fsync() after each write operation.
Using synchronous I/O mode
Doing random read test
Initializing worker threads...

Threads started!


File operations:
    reads/s:                      737663.15
    writes/s:                     0.00
    fsyncs/s:                     0.00

Throughput:
    read, MiB/s:                  23051.97
    written, MiB/s:               0.00

General statistics:
    total time:                          240.0001s
    total number of events:              177040442

Latency (ms):
         min:                                    0.00
         avg:                                    0.02
         max:                                    9.50
         95th percentile:                        0.04
         sum:                              2767031.46

Threads fairness:
    events (avg/stddev):           11065027.6250/65428.71
    execution time (avg/stddev):   172.9395/0.62

sysbench 1.0.17 (using bundled LuaJIT 2.1.0-beta2)

Running the test with following options:
Number of threads: 32
Initializing random number generator from current time


Extra file open flags: (none)
64 files, 128MiB each
8GiB total file size
Block size 32KiB
Number of IO requests: 0
Read/Write ratio for combined random IO test: 1.50
Calling fsync() after each write operation.
Using synchronous I/O mode
Doing random read test
Initializing worker threads...

Threads started!


File operations:
    reads/s:                      716989.19
    writes/s:                     0.00
    fsyncs/s:                     0.00

Throughput:
    read, MiB/s:                  22405.91
    written, MiB/s:               0.00

General statistics:
    total time:                          240.0002s
    total number of events:              172078747

Latency (ms):
         min:                                    0.00
         avg:                                    0.03
         max:                                   13.45
         95th percentile:                        0.11
         sum:                              4770527.48

Threads fairness:
    events (avg/stddev):           5377460.8438/15426.44
    execution time (avg/stddev):   149.0790/0.47

sysbench 1.0.17 (using bundled LuaJIT 2.1.0-beta2)

Running the test with following options:
Number of threads: 64
Initializing random number generator from current time


Extra file open flags: (none)
64 files, 128MiB each
8GiB total file size
Block size 32KiB
Number of IO requests: 0
Read/Write ratio for combined random IO test: 1.50
Calling fsync() after each write operation.
Using synchronous I/O mode
Doing random read test
Initializing worker threads...

Threads started!


File operations:
    reads/s:                      715086.01
    writes/s:                     0.00
    fsyncs/s:                     0.00

Throughput:
    read, MiB/s:                  22346.44
    written, MiB/s:               0.00

General statistics:
    total time:                          240.0003s
    total number of events:              171622050

Latency (ms):
         min:                                    0.00
         avg:                                    0.05
         max:                                    9.34
         95th percentile:                        0.30
         sum:                              8936571.45

Threads fairness:
    events (avg/stddev):           2681594.5312/11341.84
    execution time (avg/stddev):   139.6339/0.32

