sysbench 1.0.17 (using bundled LuaJIT 2.1.0-beta2)

Running the test with following options:
Number of threads: 1
Initializing random number generator from current time


Extra file open flags: (none)
64 files, 128MiB each
8GiB total file size
Block size 32KiB
Number of IO requests: 0
Read/Write ratio for combined random IO test: 1.50
Calling fsync() after each write operation.
Using synchronous I/O mode
Doing random write test
Initializing worker threads...

Threads started!


File operations:
    reads/s:                      0.00
    writes/s:                     3909.48
    fsyncs/s:                     3909.48

Throughput:
    read, MiB/s:                  0.00
    written, MiB/s:               122.17

General statistics:
    total time:                          240.0001s
    total number of events:              938282

Latency (ms):
         min:                                    0.09
         avg:                                    0.26
         max:                                    9.67
         95th percentile:                        0.35
         sum:                               239542.42

Threads fairness:
    events (avg/stddev):           938282.0000/0.00
    execution time (avg/stddev):   239.5424/0.00

sysbench 1.0.17 (using bundled LuaJIT 2.1.0-beta2)

Running the test with following options:
Number of threads: 4
Initializing random number generator from current time


Extra file open flags: (none)
64 files, 128MiB each
8GiB total file size
Block size 32KiB
Number of IO requests: 0
Read/Write ratio for combined random IO test: 1.50
Calling fsync() after each write operation.
Using synchronous I/O mode
Doing random write test
Initializing worker threads...

Threads started!


File operations:
    reads/s:                      0.00
    writes/s:                     10882.06
    fsyncs/s:                     10882.06

Throughput:
    read, MiB/s:                  0.00
    written, MiB/s:               340.06

General statistics:
    total time:                          240.0005s
    total number of events:              2611717

Latency (ms):
         min:                                    0.10
         avg:                                    0.37
         max:                                   10.24
         95th percentile:                        0.97
         sum:                               958318.06

Threads fairness:
    events (avg/stddev):           652929.2500/1623.25
    execution time (avg/stddev):   239.5795/0.01

sysbench 1.0.17 (using bundled LuaJIT 2.1.0-beta2)

Running the test with following options:
Number of threads: 8
Initializing random number generator from current time


Extra file open flags: (none)
64 files, 128MiB each
8GiB total file size
Block size 32KiB
Number of IO requests: 0
Read/Write ratio for combined random IO test: 1.50
Calling fsync() after each write operation.
Using synchronous I/O mode
Doing random write test
Initializing worker threads...

Threads started!


File operations:
    reads/s:                      0.00
    writes/s:                     11340.02
    fsyncs/s:                     11340.02

Throughput:
    read, MiB/s:                  0.00
    written, MiB/s:               354.38

General statistics:
    total time:                          240.0006s
    total number of events:              2721628

Latency (ms):
         min:                                    0.09
         avg:                                    0.70
         max:                                   10.91
         95th percentile:                        1.12
         sum:                              1917814.18

Threads fairness:
    events (avg/stddev):           340203.5000/809.45
    execution time (avg/stddev):   239.7268/0.00

sysbench 1.0.17 (using bundled LuaJIT 2.1.0-beta2)

Running the test with following options:
Number of threads: 16
Initializing random number generator from current time


Extra file open flags: (none)
64 files, 128MiB each
8GiB total file size
Block size 32KiB
Number of IO requests: 0
Read/Write ratio for combined random IO test: 1.50
Calling fsync() after each write operation.
Using synchronous I/O mode
Doing random write test
Initializing worker threads...

Threads started!


File operations:
    reads/s:                      0.00
    writes/s:                     11732.71
    fsyncs/s:                     11732.71

Throughput:
    read, MiB/s:                  0.00
    written, MiB/s:               366.65

General statistics:
    total time:                          240.0026s
    total number of events:              2815897

Latency (ms):
         min:                                    0.09
         avg:                                    1.36
         max:                                   13.74
         95th percentile:                        3.82
         sum:                              3836235.81

Threads fairness:
    events (avg/stddev):           175993.5625/324.98
    execution time (avg/stddev):   239.7647/0.00

sysbench 1.0.17 (using bundled LuaJIT 2.1.0-beta2)

Running the test with following options:
Number of threads: 32
Initializing random number generator from current time


Extra file open flags: (none)
64 files, 128MiB each
8GiB total file size
Block size 32KiB
Number of IO requests: 0
Read/Write ratio for combined random IO test: 1.50
Calling fsync() after each write operation.
Using synchronous I/O mode
Doing random write test
Initializing worker threads...

Threads started!


File operations:
    reads/s:                      0.00
    writes/s:                     12017.71
    fsyncs/s:                     12017.71

Throughput:
    read, MiB/s:                  0.00
    written, MiB/s:               375.55

General statistics:
    total time:                          240.0062s
    total number of events:              2884340

Latency (ms):
         min:                                    0.09
         avg:                                    2.66
         max:                                   21.25
         95th percentile:                        7.30
         sum:                              7673723.91

Threads fairness:
    events (avg/stddev):           90135.6250/263.58
    execution time (avg/stddev):   239.8039/0.00

sysbench 1.0.17 (using bundled LuaJIT 2.1.0-beta2)

Running the test with following options:
Number of threads: 64
Initializing random number generator from current time


Extra file open flags: (none)
64 files, 128MiB each
8GiB total file size
Block size 32KiB
Number of IO requests: 0
Read/Write ratio for combined random IO test: 1.50
Calling fsync() after each write operation.
Using synchronous I/O mode
Doing random write test
Initializing worker threads...

Threads started!


File operations:
    reads/s:                      0.00
    writes/s:                     12211.85
    fsyncs/s:                     12211.85

Throughput:
    read, MiB/s:                  0.00
    written, MiB/s:               381.62

General statistics:
    total time:                          240.0072s
    total number of events:              2930947

Latency (ms):
         min:                                    0.10
         avg:                                    5.24
         max:                                   38.18
         95th percentile:                       13.22
         sum:                             15351617.59

Threads fairness:
    events (avg/stddev):           45796.0469/114.48
    execution time (avg/stddev):   239.8690/0.00

