sysbench 1.0.17 (using bundled LuaJIT 2.1.0-beta2)

Running the test with following options:
Number of threads: 1
Initializing random number generator from current time


Extra file open flags: (none)
64 files, 128MiB each
8GiB total file size
Block size 32KiB
Number of IO requests: 0
Read/Write ratio for combined random IO test: 1.50
Calling fsync() after each write operation.
Using synchronous I/O mode
Doing random read test
Initializing worker threads...

Threads started!


File operations:
    reads/s:                      233979.60
    writes/s:                     0.00
    fsyncs/s:                     0.00

Throughput:
    read, MiB/s:                  7311.86
    written, MiB/s:               0.00

General statistics:
    total time:                          240.0001s
    total number of events:              56155465

Latency (ms):
         min:                                    0.00
         avg:                                    0.00
         max:                                    0.09
         95th percentile:                        0.00
         sum:                               228057.06

Threads fairness:
    events (avg/stddev):           56155465.0000/0.00
    execution time (avg/stddev):   228.0571/0.00

sysbench 1.0.17 (using bundled LuaJIT 2.1.0-beta2)

Running the test with following options:
Number of threads: 4
Initializing random number generator from current time


Extra file open flags: (none)
64 files, 128MiB each
8GiB total file size
Block size 32KiB
Number of IO requests: 0
Read/Write ratio for combined random IO test: 1.50
Calling fsync() after each write operation.
Using synchronous I/O mode
Doing random read test
Initializing worker threads...

Threads started!


File operations:
    reads/s:                      620297.58
    writes/s:                     0.00
    fsyncs/s:                     0.00

Throughput:
    read, MiB/s:                  19384.30
    written, MiB/s:               0.00

General statistics:
    total time:                          240.0001s
    total number of events:              148872544

Latency (ms):
         min:                                    0.00
         avg:                                    0.01
         max:                                    0.29
         95th percentile:                        0.01
         sum:                               851958.39

Threads fairness:
    events (avg/stddev):           37218136.0000/1138724.42
    execution time (avg/stddev):   212.9896/0.98

sysbench 1.0.17 (using bundled LuaJIT 2.1.0-beta2)

Running the test with following options:
Number of threads: 8
Initializing random number generator from current time


Extra file open flags: (none)
64 files, 128MiB each
8GiB total file size
Block size 32KiB
Number of IO requests: 0
Read/Write ratio for combined random IO test: 1.50
Calling fsync() after each write operation.
Using synchronous I/O mode
Doing random read test
Initializing worker threads...

Threads started!


File operations:
    reads/s:                      759461.48
    writes/s:                     0.00
    fsyncs/s:                     0.00

Throughput:
    read, MiB/s:                  23733.17
    written, MiB/s:               0.00

General statistics:
    total time:                          240.0001s
    total number of events:              182272074

Latency (ms):
         min:                                    0.00
         avg:                                    0.01
         max:                                   13.78
         95th percentile:                        0.01
         sum:                              1752379.66

Threads fairness:
    events (avg/stddev):           22784009.2500/103226.94
    execution time (avg/stddev):   219.0475/0.33

sysbench 1.0.17 (using bundled LuaJIT 2.1.0-beta2)

Running the test with following options:
Number of threads: 16
Initializing random number generator from current time


Extra file open flags: (none)
64 files, 128MiB each
8GiB total file size
Block size 32KiB
Number of IO requests: 0
Read/Write ratio for combined random IO test: 1.50
Calling fsync() after each write operation.
Using synchronous I/O mode
Doing random read test
Initializing worker threads...

Threads started!


File operations:
    reads/s:                      738759.50
    writes/s:                     0.00
    fsyncs/s:                     0.00

Throughput:
    read, MiB/s:                  23086.23
    written, MiB/s:               0.00

General statistics:
    total time:                          240.0001s
    total number of events:              177303572

Latency (ms):
         min:                                    0.00
         avg:                                    0.02
         max:                                    5.15
         95th percentile:                        0.04
         sum:                              2757845.12

Threads fairness:
    events (avg/stddev):           11081473.2500/57235.19
    execution time (avg/stddev):   172.3653/0.66

sysbench 1.0.17 (using bundled LuaJIT 2.1.0-beta2)

Running the test with following options:
Number of threads: 32
Initializing random number generator from current time


Extra file open flags: (none)
64 files, 128MiB each
8GiB total file size
Block size 32KiB
Number of IO requests: 0
Read/Write ratio for combined random IO test: 1.50
Calling fsync() after each write operation.
Using synchronous I/O mode
Doing random read test
Initializing worker threads...

Threads started!


File operations:
    reads/s:                      718290.59
    writes/s:                     0.00
    fsyncs/s:                     0.00

Throughput:
    read, MiB/s:                  22446.58
    written, MiB/s:               0.00

General statistics:
    total time:                          240.0002s
    total number of events:              172391074

Latency (ms):
         min:                                    0.00
         avg:                                    0.03
         max:                                    6.18
         95th percentile:                        0.11
         sum:                              4776676.60

Threads fairness:
    events (avg/stddev):           5387221.0625/16608.02
    execution time (avg/stddev):   149.2711/0.47

sysbench 1.0.17 (using bundled LuaJIT 2.1.0-beta2)

Running the test with following options:
Number of threads: 64
Initializing random number generator from current time


Extra file open flags: (none)
64 files, 128MiB each
8GiB total file size
Block size 32KiB
Number of IO requests: 0
Read/Write ratio for combined random IO test: 1.50
Calling fsync() after each write operation.
Using synchronous I/O mode
Doing random read test
Initializing worker threads...

Threads started!


File operations:
    reads/s:                      719423.57
    writes/s:                     0.00
    fsyncs/s:                     0.00

Throughput:
    read, MiB/s:                  22481.99
    written, MiB/s:               0.00

General statistics:
    total time:                          240.0003s
    total number of events:              172663112

Latency (ms):
         min:                                    0.00
         avg:                                    0.05
         max:                                    9.26
         95th percentile:                        0.30
         sum:                              8942184.23

Threads fairness:
    events (avg/stddev):           2697861.1250/11956.77
    execution time (avg/stddev):   139.7216/0.29

