sysbench 1.0.17 (using bundled LuaJIT 2.1.0-beta2)

Running the test with following options:
Number of threads: 1
Initializing random number generator from current time


Extra file open flags: (none)
64 files, 128MiB each
8GiB total file size
Block size 32KiB
Number of IO requests: 0
Read/Write ratio for combined random IO test: 1.50
Calling fsync() after each write operation.
Using synchronous I/O mode
Doing random read test
Initializing worker threads...

Threads started!


File operations:
    reads/s:                      159747.55
    writes/s:                     0.00
    fsyncs/s:                     0.00

Throughput:
    read, MiB/s:                  4992.11
    written, MiB/s:               0.00

General statistics:
    total time:                          240.0001s
    total number of events:              38339768

Latency (ms):
         min:                                    0.00
         avg:                                    0.01
         max:                                    7.51
         95th percentile:                        0.01
         sum:                               229240.49

Threads fairness:
    events (avg/stddev):           38339768.0000/0.00
    execution time (avg/stddev):   229.2405/0.00

sysbench 1.0.17 (using bundled LuaJIT 2.1.0-beta2)

Running the test with following options:
Number of threads: 4
Initializing random number generator from current time


Extra file open flags: (none)
64 files, 128MiB each
8GiB total file size
Block size 32KiB
Number of IO requests: 0
Read/Write ratio for combined random IO test: 1.50
Calling fsync() after each write operation.
Using synchronous I/O mode
Doing random read test
Initializing worker threads...

Threads started!


File operations:
    reads/s:                      549624.29
    writes/s:                     0.00
    fsyncs/s:                     0.00

Throughput:
    read, MiB/s:                  17175.76
    written, MiB/s:               0.00

General statistics:
    total time:                          240.0001s
    total number of events:              131911189

Latency (ms):
         min:                                    0.00
         avg:                                    0.01
         max:                                   10.26
         95th percentile:                        0.01
         sum:                               894787.84

Threads fairness:
    events (avg/stddev):           32977797.2500/22680.39
    execution time (avg/stddev):   223.6970/0.14

sysbench 1.0.17 (using bundled LuaJIT 2.1.0-beta2)

Running the test with following options:
Number of threads: 8
Initializing random number generator from current time


Extra file open flags: (none)
64 files, 128MiB each
8GiB total file size
Block size 32KiB
Number of IO requests: 0
Read/Write ratio for combined random IO test: 1.50
Calling fsync() after each write operation.
Using synchronous I/O mode
Doing random read test
Initializing worker threads...

Threads started!


File operations:
    reads/s:                      915537.42
    writes/s:                     0.00
    fsyncs/s:                     0.00

Throughput:
    read, MiB/s:                  28610.54
    written, MiB/s:               0.00

General statistics:
    total time:                          240.0001s
    total number of events:              219731251

Latency (ms):
         min:                                    0.00
         avg:                                    0.01
         max:                                   13.16
         95th percentile:                        0.01
         sum:                              1707096.44

Threads fairness:
    events (avg/stddev):           27466406.3750/103275.57
    execution time (avg/stddev):   213.3871/0.11

sysbench 1.0.17 (using bundled LuaJIT 2.1.0-beta2)

Running the test with following options:
Number of threads: 16
Initializing random number generator from current time


Extra file open flags: (none)
64 files, 128MiB each
8GiB total file size
Block size 32KiB
Number of IO requests: 0
Read/Write ratio for combined random IO test: 1.50
Calling fsync() after each write operation.
Using synchronous I/O mode
Doing random read test
Initializing worker threads...

Threads started!


File operations:
    reads/s:                      932360.19
    writes/s:                     0.00
    fsyncs/s:                     0.00

Throughput:
    read, MiB/s:                  29136.26
    written, MiB/s:               0.00

General statistics:
    total time:                          240.0002s
    total number of events:              223768713

Latency (ms):
         min:                                    0.00
         avg:                                    0.01
         max:                                   12.97
         95th percentile:                        0.03
         sum:                              3072413.44

Threads fairness:
    events (avg/stddev):           13985544.5625/23915.06
    execution time (avg/stddev):   192.0258/0.20

sysbench 1.0.17 (using bundled LuaJIT 2.1.0-beta2)

Running the test with following options:
Number of threads: 32
Initializing random number generator from current time


Extra file open flags: (none)
64 files, 128MiB each
8GiB total file size
Block size 32KiB
Number of IO requests: 0
Read/Write ratio for combined random IO test: 1.50
Calling fsync() after each write operation.
Using synchronous I/O mode
Doing random read test
Initializing worker threads...

Threads started!


File operations:
    reads/s:                      936491.73
    writes/s:                     0.00
    fsyncs/s:                     0.00

Throughput:
    read, MiB/s:                  29265.37
    written, MiB/s:               0.00

General statistics:
    total time:                          240.0003s
    total number of events:              224760295

Latency (ms):
         min:                                    0.00
         avg:                                    0.02
         max:                                   15.30
         95th percentile:                        0.05
         sum:                              5052130.14

Threads fairness:
    events (avg/stddev):           7023759.2188/14255.91
    execution time (avg/stddev):   157.8791/0.15

sysbench 1.0.17 (using bundled LuaJIT 2.1.0-beta2)

Running the test with following options:
Number of threads: 64
Initializing random number generator from current time


Extra file open flags: (none)
64 files, 128MiB each
8GiB total file size
Block size 32KiB
Number of IO requests: 0
Read/Write ratio for combined random IO test: 1.50
Calling fsync() after each write operation.
Using synchronous I/O mode
Doing random read test
Initializing worker threads...

Threads started!


File operations:
    reads/s:                      930293.90
    writes/s:                     0.00
    fsyncs/s:                     0.00

Throughput:
    read, MiB/s:                  29071.68
    written, MiB/s:               0.00

General statistics:
    total time:                          240.0004s
    total number of events:              223272772

Latency (ms):
         min:                                    0.00
         avg:                                    0.04
         max:                                   53.78
         95th percentile:                        0.11
         sum:                              8984879.47

Threads fairness:
    events (avg/stddev):           3488637.0625/6866.72
    execution time (avg/stddev):   140.3887/0.24

