sysbench 1.0.17 (using bundled LuaJIT 2.1.0-beta2)

Running the test with following options:
Number of threads: 1
Initializing random number generator from current time


Extra file open flags: (none)
64 files, 128MiB each
8GiB total file size
Block size 32KiB
Number of IO requests: 0
Read/Write ratio for combined random IO test: 1.50
Calling fsync() after each write operation.
Using synchronous I/O mode
Doing random write test
Initializing worker threads...

Threads started!


File operations:
    reads/s:                      0.00
    writes/s:                     15176.98
    fsyncs/s:                     15176.98

Throughput:
    read, MiB/s:                  0.00
    written, MiB/s:               474.28

General statistics:
    total time:                          240.0034s
    total number of events:              3642561

Latency (ms):
         min:                                    0.08
         avg:                                    1.05
         max:                                   75.95
         95th percentile:                        1.25
         sum:                              3834329.08

Threads fairness:
    events (avg/stddev):           227660.0625/373.69
    execution time (avg/stddev):   239.6456/0.01

sysbench 1.0.17 (using bundled LuaJIT 2.1.0-beta2)

Running the test with following options:
Number of threads: 32
Initializing random number generator from current time


Extra file open flags: (none)
64 files, 128MiB each
8GiB total file size
Block size 32KiB
Number of IO requests: 0
Read/Write ratio for combined random IO test: 1.50
Calling fsync() after each write operation.
Using synchronous I/O mode
Doing random write test
Initializing worker threads...

Threads started!


File operations:
    reads/s:                      0.00
    writes/s:                     748.07
    fsyncs/s:                     748.07

Throughput:
    read, MiB/s:                  0.00
    written, MiB/s:               23.38

General statistics:
    total time:                          240.0201s
    total number of events:              179554

Latency (ms):
         min:                                    0.10
         avg:                                    1.34
         max:                                   41.88
         95th percentile:                        1.39
         sum:                               239789.25

Threads fairness:
    events (avg/stddev):           179554.0000/0.00
    execution time (avg/stddev):   239.7892/0.00

sysbench 1.0.17 (using bundled LuaJIT 2.1.0-beta2)

Running the test with following options:
Number of threads: 4
Initializing random number generator from current time


Extra file open flags: (none)
64 files, 128MiB each
8GiB total file size
Block size 32KiB
Number of IO requests: 0
Read/Write ratio for combined random IO test: 1.50
Calling fsync() after each write operation.
Using synchronous I/O mode
Doing random write test
Initializing worker threads...

Threads started!


File operations:
    reads/s:                      0.00
    writes/s:                     14905.39
    fsyncs/s:                     14905.39

Throughput:
    read, MiB/s:                  0.00
    written, MiB/s:               465.79

General statistics:
    total time:                          240.0011s
    total number of events:              3577350

Latency (ms):
         min:                                    0.09
         avg:                                    2.14
         max:                                   62.57
         95th percentile:                        2.81
         sum:                              7671641.48

Threads fairness:
    events (avg/stddev):           111792.1875/201.51
    execution time (avg/stddev):   239.7388/0.01

sysbench 1.0.17 (using bundled LuaJIT 2.1.0-beta2)

Running the test with following options:
Number of threads: 64
Initializing random number generator from current time


Extra file open flags: (none)
64 files, 128MiB each
8GiB total file size
Block size 32KiB
Number of IO requests: 0
Read/Write ratio for combined random IO test: 1.50
Calling fsync() after each write operation.
Using synchronous I/O mode
Doing random write test
Initializing worker threads...

Threads started!


File operations:
    reads/s:                      0.00
    writes/s:                     1628.25
    fsyncs/s:                     1628.25

Throughput:
    read, MiB/s:                  0.00
    written, MiB/s:               50.88

General statistics:
    total time:                          240.0386s
    total number of events:              390847

Latency (ms):
         min:                                    0.10
         avg:                                    2.46
         max:                                   62.37
         95th percentile:                        5.00
         sum:                               959571.46

Threads fairness:
    events (avg/stddev):           97711.7500/123.96
    execution time (avg/stddev):   239.8929/0.00

sysbench 1.0.17 (using bundled LuaJIT 2.1.0-beta2)

Running the test with following options:
Number of threads: 8
Initializing random number generator from current time


Extra file open flags: (none)
64 files, 128MiB each
8GiB total file size
Block size 32KiB
Number of IO requests: 0
Read/Write ratio for combined random IO test: 1.50
Calling fsync() after each write operation.
Using synchronous I/O mode
Doing random write test
Initializing worker threads...

Threads started!


File operations:
    reads/s:                      0.00
    writes/s:                     14820.51
    fsyncs/s:                     14820.51

Throughput:
    read, MiB/s:                  0.00
    written, MiB/s:               463.14

General statistics:
    total time:                          240.0197s
    total number of events:              3557244

Latency (ms):
         min:                                    0.10
         avg:                                    4.32
         max:                                   52.30
         95th percentile:                       36.89
         sum:                             15352981.88

Threads fairness:
    events (avg/stddev):           55581.9375/127.66
    execution time (avg/stddev):   239.8903/0.01


File operations:
    reads/s:                      0.00
    writes/s:                     8718.00
    fsyncs/s:                     8718.00

Throughput:
    read, MiB/s:                  0.00
    written, MiB/s:               272.44

General statistics:
    total time:                          240.0005s
    total number of events:              2092341

Latency (ms):
         min:                                    0.08
         avg:                                    0.92
         max:                                   48.32
         95th percentile:                        1.52
         sum:                              1916988.28

Threads fairness:
    events (avg/stddev):           261542.6250/179.77
    execution time (avg/stddev):   239.6235/0.01

sysbench 1.0.17 (using bundled LuaJIT 2.1.0-beta2)

Running the test with following options:
Number of threads: 16
Initializing random number generator from current time


Extra file open flags: (none)
64 files, 128MiB each
8GiB total file size
Block size 32KiB
Number of IO requests: 0
Read/Write ratio for combined random IO test: 1.50
Calling fsync() after each write operation.
Using synchronous I/O mode
Doing random write test
Initializing worker threads...

Threads started!


File operations:
    reads/s:                      0.00
    writes/s:                     15411.72
    fsyncs/s:                     15411.72

Throughput:
    read, MiB/s:                  0.00
    written, MiB/s:               481.62

General statistics:
    total time:                          240.0207s
    total number of events:              3699162

Latency (ms):
         min:                                    0.09
         avg:                                    1.04
         max:                                  325.21
         95th percentile:                        1.23
         sum:                              3834014.47

Threads fairness:
    events (avg/stddev):           231197.6250/264.31
    execution time (avg/stddev):   239.6259/0.01

sysbench 1.0.17 (using bundled LuaJIT 2.1.0-beta2)

Running the test with following options:
Number of threads: 32
Initializing random number generator from current time


Extra file open flags: (none)
64 files, 128MiB each
8GiB total file size
Block size 32KiB
Number of IO requests: 0
Read/Write ratio for combined random IO test: 1.50
Calling fsync() after each write operation.
Using synchronous I/O mode
Doing random write test
Initializing worker threads...

Threads started!


File operations:
    reads/s:                      0.00
    writes/s:                     15824.66
    fsyncs/s:                     15824.66

Throughput:
    read, MiB/s:                  0.00
    written, MiB/s:               494.52

General statistics:
    total time:                          240.0030s
    total number of events:              3797997

Latency (ms):
         min:                                    0.09
         avg:                                    2.02
         max:                                   87.64
         95th percentile:                        4.25
         sum:                              7672312.69

Threads fairness:
    events (avg/stddev):           118687.4062/216.19
    execution time (avg/stddev):   239.7598/0.01

sysbench 1.0.17 (using bundled LuaJIT 2.1.0-beta2)

Running the test with following options:
Number of threads: 64
Initializing random number generator from current time


Extra file open flags: (none)
64 files, 128MiB each
8GiB total file size
Block size 32KiB
Number of IO requests: 0
Read/Write ratio for combined random IO test: 1.50
Calling fsync() after each write operation.
Using synchronous I/O mode
Doing random write test
Initializing worker threads...

Threads started!


File operations:
    reads/s:                      0.00
    writes/s:                     16033.78
    fsyncs/s:                     16033.78

Throughput:
    read, MiB/s:                  0.00
    written, MiB/s:               501.06

General statistics:
    total time:                          240.0177s
    total number of events:              3848424

Latency (ms):
         min:                                    0.09
         avg:                                    3.99
         max:                                   49.07
         95th percentile:                       33.72
         sum:                             15352263.23

Threads fairness:
    events (avg/stddev):           60131.6250/125.15
    execution time (avg/stddev):   239.8791/0.01

