sysbench 1.0.17 (using bundled LuaJIT 2.1.0-beta2)

Running the test with following options:
Number of threads: 1
Initializing random number generator from current time


Extra file open flags: (none)
64 files, 128MiB each
8GiB total file size
Block size 32KiB
Number of IO requests: 0
Read/Write ratio for combined random IO test: 1.50
Calling fsync() after each write operation.
Using synchronous I/O mode
Doing random read test
Initializing worker threads...

Threads started!


File operations:
    reads/s:                      198733.35
    writes/s:                     0.00
    fsyncs/s:                     0.00

Throughput:
    read, MiB/s:                  6210.42
    written, MiB/s:               0.00

General statistics:
    total time:                          240.0001s
    total number of events:              47696306

Latency (ms):
         min:                                    0.00
         avg:                                    0.00
         max:                                    0.05
         95th percentile:                        0.01
         sum:                               228733.87

Threads fairness:
    events (avg/stddev):           47696306.0000/0.00
    execution time (avg/stddev):   228.7339/0.00

sysbench 1.0.17 (using bundled LuaJIT 2.1.0-beta2)

Running the test with following options:
Number of threads: 4
Initializing random number generator from current time


Extra file open flags: (none)
64 files, 128MiB each
8GiB total file size
Block size 32KiB
Number of IO requests: 0
Read/Write ratio for combined random IO test: 1.50
Calling fsync() after each write operation.
Using synchronous I/O mode
Doing random read test
Initializing worker threads...

Threads started!


File operations:
    reads/s:                      647898.14
    writes/s:                     0.00
    fsyncs/s:                     0.00

Throughput:
    read, MiB/s:                  20246.82
    written, MiB/s:               0.00

General statistics:
    total time:                          240.0001s
    total number of events:              155496515

Latency (ms):
         min:                                    0.00
         avg:                                    0.01
         max:                                    0.08
         95th percentile:                        0.01
         sum:                               864715.01

Threads fairness:
    events (avg/stddev):           38874128.7500/544491.85
    execution time (avg/stddev):   216.1788/0.44

sysbench 1.0.17 (using bundled LuaJIT 2.1.0-beta2)

Running the test with following options:
Number of threads: 8
Initializing random number generator from current time


Extra file open flags: (none)
64 files, 128MiB each
8GiB total file size
Block size 32KiB
Number of IO requests: 0
Read/Write ratio for combined random IO test: 1.50
Calling fsync() after each write operation.
Using synchronous I/O mode
Doing random read test
Initializing worker threads...

Threads started!


File operations:
    reads/s:                      1001745.58
    writes/s:                     0.00
    fsyncs/s:                     0.00

Throughput:
    read, MiB/s:                  31304.55
    written, MiB/s:               0.00

General statistics:
    total time:                          240.0001s
    total number of events:              240420448

Latency (ms):
         min:                                    0.00
         avg:                                    0.01
         max:                                    0.45
         95th percentile:                        0.01
         sum:                              1612574.32

Threads fairness:
    events (avg/stddev):           30052556.0000/912816.47
    execution time (avg/stddev):   201.5718/0.71

sysbench 1.0.17 (using bundled LuaJIT 2.1.0-beta2)

Running the test with following options:
Number of threads: 16
Initializing random number generator from current time


Extra file open flags: (none)
64 files, 128MiB each
8GiB total file size
Block size 32KiB
Number of IO requests: 0
Read/Write ratio for combined random IO test: 1.50
Calling fsync() after each write operation.
Using synchronous I/O mode
Doing random read test
Initializing worker threads...

Threads started!


File operations:
    reads/s:                      937147.56
    writes/s:                     0.00
    fsyncs/s:                     0.00

Throughput:
    read, MiB/s:                  29285.86
    written, MiB/s:               0.00

General statistics:
    total time:                          240.0001s
    total number of events:              224916863

Latency (ms):
         min:                                    0.00
         avg:                                    0.01
         max:                                    1.15
         95th percentile:                        0.03
         sum:                              2632618.78

Threads fairness:
    events (avg/stddev):           14057303.9375/32869.05
    execution time (avg/stddev):   164.5387/0.16

sysbench 1.0.17 (using bundled LuaJIT 2.1.0-beta2)

Running the test with following options:
Number of threads: 32
Initializing random number generator from current time


Extra file open flags: (none)
64 files, 128MiB each
8GiB total file size
Block size 32KiB
Number of IO requests: 0
Read/Write ratio for combined random IO test: 1.50
Calling fsync() after each write operation.
Using synchronous I/O mode
Doing random read test
Initializing worker threads...

Threads started!


File operations:
    reads/s:                      938162.45
    writes/s:                     0.00
    fsyncs/s:                     0.00

Throughput:
    read, MiB/s:                  29317.58
    written, MiB/s:               0.00

General statistics:
    total time:                          240.0001s
    total number of events:              225160458

Latency (ms):
         min:                                    0.00
         avg:                                    0.02
         max:                                    8.38
         95th percentile:                        0.08
         sum:                              4613705.65

Threads fairness:
    events (avg/stddev):           7036264.3125/5645.25
    execution time (avg/stddev):   144.1783/0.12

sysbench 1.0.17 (using bundled LuaJIT 2.1.0-beta2)

Running the test with following options:
Number of threads: 64
Initializing random number generator from current time


Extra file open flags: (none)
64 files, 128MiB each
8GiB total file size
Block size 32KiB
Number of IO requests: 0
Read/Write ratio for combined random IO test: 1.50
Calling fsync() after each write operation.
Using synchronous I/O mode
Doing random read test
Initializing worker threads...

Threads started!


File operations:
    reads/s:                      921431.44
    writes/s:                     0.00
    fsyncs/s:                     0.00

Throughput:
    read, MiB/s:                  28794.73
    written, MiB/s:               0.00

General statistics:
    total time:                          240.0002s
    total number of events:              221145152

Latency (ms):
         min:                                    0.00
         avg:                                    0.04
         max:                                   39.87
         95th percentile:                        0.23
         sum:                              8654098.01

Threads fairness:
    events (avg/stddev):           3455393.0000/11535.16
    execution time (avg/stddev):   135.2203/0.20

