sysbench 1.0.17 (using bundled LuaJIT 2.1.0-beta2)

Running the test with following options:
Number of threads: 1
Initializing random number generator from current time


Extra file open flags: (none)
64 files, 128MiB each
8GiB total file size
Block size 32KiB
Number of IO requests: 0
Read/Write ratio for combined random IO test: 1.50
Calling fsync() after each write operation.
Using synchronous I/O mode
Doing random write test
Initializing worker threads...

Threads started!


File operations:
    reads/s:                      0.00
    writes/s:                     6571.03
    fsyncs/s:                     6571.03

Throughput:
    read, MiB/s:                  0.00
    written, MiB/s:               205.34

General statistics:
    total time:                          240.0002s
    total number of events:              1577058

Latency (ms):
         min:                                    0.07
         avg:                                    0.15
         max:                                    0.89
         95th percentile:                        0.18
         sum:                               239386.38

Threads fairness:
    events (avg/stddev):           1577058.0000/0.00
    execution time (avg/stddev):   239.3864/0.00

sysbench 1.0.17 (using bundled LuaJIT 2.1.0-beta2)

Running the test with following options:
Number of threads: 4
Initializing random number generator from current time


Extra file open flags: (none)
64 files, 128MiB each
8GiB total file size
Block size 32KiB
Number of IO requests: 0
Read/Write ratio for combined random IO test: 1.50
Calling fsync() after each write operation.
Using synchronous I/O mode
Doing random write test
Initializing worker threads...

Threads started!


File operations:
    reads/s:                      0.00
    writes/s:                     9343.73
    fsyncs/s:                     9343.73

Throughput:
    read, MiB/s:                  0.00
    written, MiB/s:               291.99

General statistics:
    total time:                          240.0003s
    total number of events:              2242511

Latency (ms):
         min:                                    0.07
         avg:                                    0.43
         max:                                    0.97
         95th percentile:                        0.63
         sum:                               958572.03

Threads fairness:
    events (avg/stddev):           560627.7500/127.88
    execution time (avg/stddev):   239.6430/0.00

sysbench 1.0.17 (using bundled LuaJIT 2.1.0-beta2)

Running the test with following options:
Number of threads: 8
Initializing random number generator from current time


Extra file open flags: (none)
64 files, 128MiB each
8GiB total file size
Block size 32KiB
Number of IO requests: 0
Read/Write ratio for combined random IO test: 1.50
Calling fsync() after each write operation.
Using synchronous I/O mode
Doing random write test
Initializing worker threads...

Threads started!


File operations:
    reads/s:                      0.00
    writes/s:                     9714.00
    fsyncs/s:                     9714.00

Throughput:
    read, MiB/s:                  0.00
    written, MiB/s:               303.56

General statistics:
    total time:                          240.0005s
    total number of events:              2331378

Latency (ms):
         min:                                    0.07
         avg:                                    0.82
         max:                                    2.20
         95th percentile:                        1.25
         sum:                              1916838.79

Threads fairness:
    events (avg/stddev):           291422.2500/158.35
    execution time (avg/stddev):   239.6048/0.00

sysbench 1.0.17 (using bundled LuaJIT 2.1.0-beta2)

Running the test with following options:
Number of threads: 16
Initializing random number generator from current time


Extra file open flags: (none)
64 files, 128MiB each
8GiB total file size
Block size 32KiB
Number of IO requests: 0
Read/Write ratio for combined random IO test: 1.50
Calling fsync() after each write operation.
Using synchronous I/O mode
Doing random write test
Initializing worker threads...

Threads started!


File operations:
    reads/s:                      0.00
    writes/s:                     9988.73
    fsyncs/s:                     9988.73

Throughput:
    read, MiB/s:                  0.00
    written, MiB/s:               312.15

General statistics:
    total time:                          240.0010s
    total number of events:              2397320

Latency (ms):
         min:                                    0.08
         avg:                                    1.60
         max:                                    4.03
         95th percentile:                        2.30
         sum:                              3835156.24

Threads fairness:
    events (avg/stddev):           149832.5000/122.99
    execution time (avg/stddev):   239.6973/0.00

sysbench 1.0.17 (using bundled LuaJIT 2.1.0-beta2)

Running the test with following options:
Number of threads: 32
Initializing random number generator from current time


Extra file open flags: (none)
64 files, 128MiB each
8GiB total file size
Block size 32KiB
Number of IO requests: 0
Read/Write ratio for combined random IO test: 1.50
Calling fsync() after each write operation.
Using synchronous I/O mode
Doing random write test
Initializing worker threads...

Threads started!


File operations:
    reads/s:                      0.00
    writes/s:                     10217.15
    fsyncs/s:                     10217.15

Throughput:
    read, MiB/s:                  0.00
    written, MiB/s:               319.29

General statistics:
    total time:                          240.0020s
    total number of events:              2452151

Latency (ms):
         min:                                    0.08
         avg:                                    3.13
         max:                                    7.51
         95th percentile:                        4.25
         sum:                              7673279.49

Threads fairness:
    events (avg/stddev):           76629.7188/76.26
    execution time (avg/stddev):   239.7900/0.00

sysbench 1.0.17 (using bundled LuaJIT 2.1.0-beta2)

Running the test with following options:
Number of threads: 64
Initializing random number generator from current time


Extra file open flags: (none)
64 files, 128MiB each
8GiB total file size
Block size 32KiB
Number of IO requests: 0
Read/Write ratio for combined random IO test: 1.50
Calling fsync() after each write operation.
Using synchronous I/O mode
Doing random write test
Initializing worker threads...

Threads started!


File operations:
    reads/s:                      0.00
    writes/s:                     10402.33
    fsyncs/s:                     10402.33

Throughput:
    read, MiB/s:                  0.00
    written, MiB/s:               325.07

General statistics:
    total time:                          240.0019s
    total number of events:              2496591

Latency (ms):
         min:                                    0.10
         avg:                                    6.15
         max:                                   14.09
         95th percentile:                        7.30
         sum:                             15348694.65

Threads fairness:
    events (avg/stddev):           39009.2344/29.24
    execution time (avg/stddev):   239.8234/0.00

