sysbench 1.0.17 (using bundled LuaJIT 2.1.0-beta2)

Running the test with following options:
Number of threads: 1
Initializing random number generator from current time


Extra file open flags: (none)
64 files, 128MiB each
8GiB total file size
Block size 32KiB
Number of IO requests: 0
Read/Write ratio for combined random IO test: 1.50
Calling fsync() after each write operation.
Using synchronous I/O mode
Doing random read test
Initializing worker threads...

Threads started!


File operations:
    reads/s:                      163689.24
    writes/s:                     0.00
    fsyncs/s:                     0.00

Throughput:
    read, MiB/s:                  5115.29
    written, MiB/s:               0.00

General statistics:
    total time:                          240.0001s
    total number of events:              39285781

Latency (ms):
         min:                                    0.00
         avg:                                    0.01
         max:                                    0.06
         95th percentile:                        0.01
         sum:                               207465.63

Threads fairness:
    events (avg/stddev):           39285781.0000/0.00
    execution time (avg/stddev):   207.4656/0.00

sysbench 1.0.17 (using bundled LuaJIT 2.1.0-beta2)

Running the test with following options:
Number of threads: 4
Initializing random number generator from current time


Extra file open flags: (none)
64 files, 128MiB each
8GiB total file size
Block size 32KiB
Number of IO requests: 0
Read/Write ratio for combined random IO test: 1.50
Calling fsync() after each write operation.
Using synchronous I/O mode
Doing random read test
Initializing worker threads...

Threads started!


File operations:
    reads/s:                      566580.62
    writes/s:                     0.00
    fsyncs/s:                     0.00

Throughput:
    read, MiB/s:                  17705.64
    written, MiB/s:               0.00

General statistics:
    total time:                          240.0001s
    total number of events:              135980566

Latency (ms):
         min:                                    0.00
         avg:                                    0.01
         max:                                    0.11
         95th percentile:                        0.01
         sum:                               798069.24

Threads fairness:
    events (avg/stddev):           33995141.5000/199201.57
    execution time (avg/stddev):   199.5173/0.20

sysbench 1.0.17 (using bundled LuaJIT 2.1.0-beta2)

Running the test with following options:
Number of threads: 8
Initializing random number generator from current time


Extra file open flags: (none)
64 files, 128MiB each
8GiB total file size
Block size 32KiB
Number of IO requests: 0
Read/Write ratio for combined random IO test: 1.50
Calling fsync() after each write operation.
Using synchronous I/O mode
Doing random read test
Initializing worker threads...

Threads started!


File operations:
    reads/s:                      970004.46
    writes/s:                     0.00
    fsyncs/s:                     0.00

Throughput:
    read, MiB/s:                  30312.64
    written, MiB/s:               0.00

General statistics:
    total time:                          240.0001s
    total number of events:              232803164

Latency (ms):
         min:                                    0.00
         avg:                                    0.01
         max:                                    0.36
         95th percentile:                        0.01
         sum:                              1552387.09

Threads fairness:
    events (avg/stddev):           29100395.5000/183923.38
    execution time (avg/stddev):   194.0484/0.37

sysbench 1.0.17 (using bundled LuaJIT 2.1.0-beta2)

Running the test with following options:
Number of threads: 16
Initializing random number generator from current time


Extra file open flags: (none)
64 files, 128MiB each
8GiB total file size
Block size 32KiB
Number of IO requests: 0
Read/Write ratio for combined random IO test: 1.50
Calling fsync() after each write operation.
Using synchronous I/O mode
Doing random read test
Initializing worker threads...

Threads started!


File operations:
    reads/s:                      1074069.22
    writes/s:                     0.00
    fsyncs/s:                     0.00

Throughput:
    read, MiB/s:                  33564.66
    written, MiB/s:               0.00

General statistics:
    total time:                          240.0001s
    total number of events:              257778960

Latency (ms):
         min:                                    0.00
         avg:                                    0.01
         max:                                   15.90
         95th percentile:                        0.02
         sum:                              2919651.24

Threads fairness:
    events (avg/stddev):           16111185.0000/43209.20
    execution time (avg/stddev):   182.4782/0.38

sysbench 1.0.17 (using bundled LuaJIT 2.1.0-beta2)

Running the test with following options:
Number of threads: 32
Initializing random number generator from current time


Extra file open flags: (none)
64 files, 128MiB each
8GiB total file size
Block size 32KiB
Number of IO requests: 0
Read/Write ratio for combined random IO test: 1.50
Calling fsync() after each write operation.
Using synchronous I/O mode
Doing random read test
Initializing worker threads...

Threads started!


File operations:
    reads/s:                      1094862.01
    writes/s:                     0.00
    fsyncs/s:                     0.00

Throughput:
    read, MiB/s:                  34214.44
    written, MiB/s:               0.00

General statistics:
    total time:                          240.0002s
    total number of events:              262769394

Latency (ms):
         min:                                    0.00
         avg:                                    0.02
         max:                                    6.82
         95th percentile:                        0.05
         sum:                              4927541.96

Threads fairness:
    events (avg/stddev):           8211543.5625/15684.90
    execution time (avg/stddev):   153.9857/0.24

sysbench 1.0.17 (using bundled LuaJIT 2.1.0-beta2)

Running the test with following options:
Number of threads: 64
Initializing random number generator from current time


Extra file open flags: (none)
64 files, 128MiB each
8GiB total file size
Block size 32KiB
Number of IO requests: 0
Read/Write ratio for combined random IO test: 1.50
Calling fsync() after each write operation.
Using synchronous I/O mode
Doing random read test
Initializing worker threads...

Threads started!


File operations:
    reads/s:                      1071383.18
    writes/s:                     0.00
    fsyncs/s:                     0.00

Throughput:
    read, MiB/s:                  33480.72
    written, MiB/s:               0.00

General statistics:
    total time:                          240.0003s
    total number of events:              257134402

Latency (ms):
         min:                                    0.00
         avg:                                    0.03
         max:                                   37.46
         95th percentile:                        0.06
         sum:                              8862985.99

Threads fairness:
    events (avg/stddev):           4017725.0312/12383.08
    execution time (avg/stddev):   138.4842/0.26

