sysbench 1.0.17 (using bundled LuaJIT 2.1.0-beta2)

Running the test with following options:
Number of threads: 1
Initializing random number generator from current time


Extra file open flags: (none)
64 files, 128MiB each
8GiB total file size
Block size 32KiB
Number of IO requests: 0
Read/Write ratio for combined random IO test: 1.50
Calling fsync() after each write operation.
Using synchronous I/O mode
Doing random read test
Initializing worker threads...

Threads started!


File operations:
    reads/s:                      143658.48
    writes/s:                     0.00
    fsyncs/s:                     0.00

Throughput:
    read, MiB/s:                  4489.33
    written, MiB/s:               0.00

General statistics:
    total time:                          240.0002s
    total number of events:              34478381

Latency (ms):
         min:                                    0.00
         avg:                                    0.01
         max:                                   11.18
         95th percentile:                        0.01
         sum:                               229636.76

Threads fairness:
    events (avg/stddev):           34478381.0000/0.00
    execution time (avg/stddev):   229.6368/0.00

sysbench 1.0.17 (using bundled LuaJIT 2.1.0-beta2)

Running the test with following options:
Number of threads: 4
Initializing random number generator from current time


Extra file open flags: (none)
64 files, 128MiB each
8GiB total file size
Block size 32KiB
Number of IO requests: 0
Read/Write ratio for combined random IO test: 1.50
Calling fsync() after each write operation.
Using synchronous I/O mode
Doing random read test
Initializing worker threads...

Threads started!


File operations:
    reads/s:                      526589.03
    writes/s:                     0.00
    fsyncs/s:                     0.00

Throughput:
    read, MiB/s:                  16455.91
    written, MiB/s:               0.00

General statistics:
    total time:                          240.0001s
    total number of events:              126382650

Latency (ms):
         min:                                    0.00
         avg:                                    0.01
         max:                                   16.69
         95th percentile:                        0.01
         sum:                               894395.76

Threads fairness:
    events (avg/stddev):           31595662.5000/300907.61
    execution time (avg/stddev):   223.5989/0.17

sysbench 1.0.17 (using bundled LuaJIT 2.1.0-beta2)

Running the test with following options:
Number of threads: 8
Initializing random number generator from current time


Extra file open flags: (none)
64 files, 128MiB each
8GiB total file size
Block size 32KiB
Number of IO requests: 0
Read/Write ratio for combined random IO test: 1.50
Calling fsync() after each write operation.
Using synchronous I/O mode
Doing random read test
Initializing worker threads...

Threads started!


File operations:
    reads/s:                      910894.61
    writes/s:                     0.00
    fsyncs/s:                     0.00

Throughput:
    read, MiB/s:                  28465.46
    written, MiB/s:               0.00

General statistics:
    total time:                          240.0001s
    total number of events:              218616906

Latency (ms):
         min:                                    0.00
         avg:                                    0.01
         max:                                   14.65
         95th percentile:                        0.01
         sum:                              1701356.69

Threads fairness:
    events (avg/stddev):           27327113.2500/155464.42
    execution time (avg/stddev):   212.6696/0.17

sysbench 1.0.17 (using bundled LuaJIT 2.1.0-beta2)

Running the test with following options:
Number of threads: 16
Initializing random number generator from current time


Extra file open flags: (none)
64 files, 128MiB each
8GiB total file size
Block size 32KiB
Number of IO requests: 0
Read/Write ratio for combined random IO test: 1.50
Calling fsync() after each write operation.
Using synchronous I/O mode
Doing random read test
Initializing worker threads...

Threads started!


File operations:
    reads/s:                      917018.16
    writes/s:                     0.00
    fsyncs/s:                     0.00

Throughput:
    read, MiB/s:                  28656.82
    written, MiB/s:               0.00

General statistics:
    total time:                          240.0002s
    total number of events:              220086642

Latency (ms):
         min:                                    0.00
         avg:                                    0.01
         max:                                   17.76
         95th percentile:                        0.03
         sum:                              3091186.38

Threads fairness:
    events (avg/stddev):           13755415.1250/22580.22
    execution time (avg/stddev):   193.1991/0.19

sysbench 1.0.17 (using bundled LuaJIT 2.1.0-beta2)

Running the test with following options:
Number of threads: 32
Initializing random number generator from current time


Extra file open flags: (none)
64 files, 128MiB each
8GiB total file size
Block size 32KiB
Number of IO requests: 0
Read/Write ratio for combined random IO test: 1.50
Calling fsync() after each write operation.
Using synchronous I/O mode
Doing random read test
Initializing worker threads...

Threads started!


File operations:
    reads/s:                      917285.58
    writes/s:                     0.00
    fsyncs/s:                     0.00

Throughput:
    read, MiB/s:                  28665.17
    written, MiB/s:               0.00

General statistics:
    total time:                          240.0003s
    total number of events:              220150929

Latency (ms):
         min:                                    0.00
         avg:                                    0.02
         max:                                   28.12
         95th percentile:                        0.05
         sum:                              5091181.04

Threads fairness:
    events (avg/stddev):           6879716.5312/14348.55
    execution time (avg/stddev):   159.0994/0.17

sysbench 1.0.17 (using bundled LuaJIT 2.1.0-beta2)

Running the test with following options:
Number of threads: 64
Initializing random number generator from current time


Extra file open flags: (none)
64 files, 128MiB each
8GiB total file size
Block size 32KiB
Number of IO requests: 0
Read/Write ratio for combined random IO test: 1.50
Calling fsync() after each write operation.
Using synchronous I/O mode
Doing random read test
Initializing worker threads...

Threads started!


File operations:
    reads/s:                      926649.78
    writes/s:                     0.00
    fsyncs/s:                     0.00

Throughput:
    read, MiB/s:                  28957.81
    written, MiB/s:               0.00

General statistics:
    total time:                          240.0005s
    total number of events:              222398686

Latency (ms):
         min:                                    0.00
         avg:                                    0.04
         max:                                   62.87
         95th percentile:                        0.09
         sum:                              9042235.72

Threads fairness:
    events (avg/stddev):           3474979.4688/7110.79
    execution time (avg/stddev):   141.2849/0.23

