sysbench 1.0.17 (using bundled LuaJIT 2.1.0-beta2)

Running the test with following options:
Number of threads: 1
Initializing random number generator from current time


Extra file open flags: (none)
64 files, 128MiB each
8GiB total file size
Block size 32KiB
Number of IO requests: 0
Read/Write ratio for combined random IO test: 1.50
Calling fsync() after each write operation.
Using synchronous I/O mode
Doing random read test
Initializing worker threads...

Threads started!


File operations:
    reads/s:                      198535.88
    writes/s:                     0.00
    fsyncs/s:                     0.00

Throughput:
    read, MiB/s:                  6204.25
    written, MiB/s:               0.00

General statistics:
    total time:                          240.0001s
    total number of events:              47648929

Latency (ms):
         min:                                    0.00
         avg:                                    0.00
         max:                                    0.21
         95th percentile:                        0.01
         sum:                               228835.53

Threads fairness:
    events (avg/stddev):           47648929.0000/0.00
    execution time (avg/stddev):   228.8355/0.00

sysbench 1.0.17 (using bundled LuaJIT 2.1.0-beta2)

Running the test with following options:
Number of threads: 4
Initializing random number generator from current time


Extra file open flags: (none)
64 files, 128MiB each
8GiB total file size
Block size 32KiB
Number of IO requests: 0
Read/Write ratio for combined random IO test: 1.50
Calling fsync() after each write operation.
Using synchronous I/O mode
Doing random read test
Initializing worker threads...

Threads started!


File operations:
    reads/s:                      661428.15
    writes/s:                     0.00
    fsyncs/s:                     0.00

Throughput:
    read, MiB/s:                  20669.63
    written, MiB/s:               0.00

General statistics:
    total time:                          240.0000s
    total number of events:              158743787

Latency (ms):
         min:                                    0.00
         avg:                                    0.01
         max:                                    0.20
         95th percentile:                        0.01
         sum:                               865292.46

Threads fairness:
    events (avg/stddev):           39685946.7500/476612.70
    execution time (avg/stddev):   216.3231/0.35

sysbench 1.0.17 (using bundled LuaJIT 2.1.0-beta2)

Running the test with following options:
Number of threads: 8
Initializing random number generator from current time


Extra file open flags: (none)
64 files, 128MiB each
8GiB total file size
Block size 32KiB
Number of IO requests: 0
Read/Write ratio for combined random IO test: 1.50
Calling fsync() after each write operation.
Using synchronous I/O mode
Doing random read test
Initializing worker threads...

Threads started!


File operations:
    reads/s:                      1035849.64
    writes/s:                     0.00
    fsyncs/s:                     0.00

Throughput:
    read, MiB/s:                  32370.30
    written, MiB/s:               0.00

General statistics:
    total time:                          240.0001s
    total number of events:              248605568

Latency (ms):
         min:                                    0.00
         avg:                                    0.01
         max:                                    0.23
         95th percentile:                        0.01
         sum:                              1603603.75

Threads fairness:
    events (avg/stddev):           31075696.0000/515485.07
    execution time (avg/stddev):   200.4505/1.04

sysbench 1.0.17 (using bundled LuaJIT 2.1.0-beta2)

Running the test with following options:
Number of threads: 16
Initializing random number generator from current time


Extra file open flags: (none)
64 files, 128MiB each
8GiB total file size
Block size 32KiB
Number of IO requests: 0
Read/Write ratio for combined random IO test: 1.50
Calling fsync() after each write operation.
Using synchronous I/O mode
Doing random read test
Initializing worker threads...

Threads started!


File operations:
    reads/s:                      934825.95
    writes/s:                     0.00
    fsyncs/s:                     0.00

Throughput:
    read, MiB/s:                  29213.31
    written, MiB/s:               0.00

General statistics:
    total time:                          240.0001s
    total number of events:              224359654

Latency (ms):
         min:                                    0.00
         avg:                                    0.01
         max:                                    3.50
         95th percentile:                        0.03
         sum:                              2607723.46

Threads fairness:
    events (avg/stddev):           14022478.3750/22132.89
    execution time (avg/stddev):   162.9827/0.15

sysbench 1.0.17 (using bundled LuaJIT 2.1.0-beta2)

Running the test with following options:
Number of threads: 32
Initializing random number generator from current time


Extra file open flags: (none)
64 files, 128MiB each
8GiB total file size
Block size 32KiB
Number of IO requests: 0
Read/Write ratio for combined random IO test: 1.50
Calling fsync() after each write operation.
Using synchronous I/O mode
Doing random read test
Initializing worker threads...

Threads started!


File operations:
    reads/s:                      942807.65
    writes/s:                     0.00
    fsyncs/s:                     0.00

Throughput:
    read, MiB/s:                  29462.74
    written, MiB/s:               0.00

General statistics:
    total time:                          240.0001s
    total number of events:              226275386

Latency (ms):
         min:                                    0.00
         avg:                                    0.02
         max:                                    7.12
         95th percentile:                        0.08
         sum:                              4595877.21

Threads fairness:
    events (avg/stddev):           7071105.8125/7405.17
    execution time (avg/stddev):   143.6212/0.11

sysbench 1.0.17 (using bundled LuaJIT 2.1.0-beta2)

Running the test with following options:
Number of threads: 64
Initializing random number generator from current time


Extra file open flags: (none)
64 files, 128MiB each
8GiB total file size
Block size 32KiB
Number of IO requests: 0
Read/Write ratio for combined random IO test: 1.50
Calling fsync() after each write operation.
Using synchronous I/O mode
Doing random read test
Initializing worker threads...

Threads started!


File operations:
    reads/s:                      959215.16
    writes/s:                     0.00
    fsyncs/s:                     0.00

Throughput:
    read, MiB/s:                  29975.47
    written, MiB/s:               0.00

General statistics:
    total time:                          240.0002s
    total number of events:              230213253

Latency (ms):
         min:                                    0.00
         avg:                                    0.04
         max:                                   43.10
         95th percentile:                        0.22
         sum:                              8629246.70

Threads fairness:
    events (avg/stddev):           3597082.0781/14705.77
    execution time (avg/stddev):   134.8320/0.15

