sysbench 1.0.17 (using bundled LuaJIT 2.1.0-beta2)

Running the test with following options:
Number of threads: 1
Initializing random number generator from current time


Extra file open flags: (none)
64 files, 128MiB each
8GiB total file size
Block size 32KiB
Number of IO requests: 0
Read/Write ratio for combined random IO test: 1.50
Calling fsync() after each write operation.
Using synchronous I/O mode
Doing random write test
Initializing worker threads...

Threads started!


File operations:
    reads/s:                      0.00
    writes/s:                     603.07
    fsyncs/s:                     603.07

Throughput:
    read, MiB/s:                  0.00
    written, MiB/s:               18.85

General statistics:
    total time:                          240.0013s
    total number of events:              144738

Latency (ms):
         min:                                    0.51
         avg:                                    1.66
         max:                                  179.30
         95th percentile:                        1.86
         sum:                               239962.61

Threads fairness:
    events (avg/stddev):           144738.0000/0.00
    execution time (avg/stddev):   239.9626/0.00

sysbench 1.0.17 (using bundled LuaJIT 2.1.0-beta2)

Running the test with following options:
Number of threads: 4
Initializing random number generator from current time


Extra file open flags: (none)
64 files, 128MiB each
8GiB total file size
Block size 32KiB
Number of IO requests: 0
Read/Write ratio for combined random IO test: 1.50
Calling fsync() after each write operation.
Using synchronous I/O mode
Doing random write test
Initializing worker threads...

Threads started!


File operations:
    reads/s:                      0.00
    writes/s:                     2313.43
    fsyncs/s:                     2313.43

Throughput:
    read, MiB/s:                  0.00
    written, MiB/s:               72.29

General statistics:
    total time:                          240.0005s
    total number of events:              555227

Latency (ms):
         min:                                    0.50
         avg:                                    1.73
         max:                                  168.67
         95th percentile:                        2.14
         sum:                               959562.23

Threads fairness:
    events (avg/stddev):           138806.7500/105.24
    execution time (avg/stddev):   239.8906/0.00

sysbench 1.0.17 (using bundled LuaJIT 2.1.0-beta2)

Running the test with following options:
Number of threads: 8
Initializing random number generator from current time


Extra file open flags: (none)
64 files, 128MiB each
8GiB total file size
Block size 32KiB
Number of IO requests: 0
Read/Write ratio for combined random IO test: 1.50
Calling fsync() after each write operation.
Using synchronous I/O mode
Doing random write test
Initializing worker threads...

Threads started!


File operations:
    reads/s:                      0.00
    writes/s:                     4396.17
    fsyncs/s:                     4396.17

Throughput:
    read, MiB/s:                  0.00
    written, MiB/s:               137.38

General statistics:
    total time:                          240.0004s
    total number of events:              1055088

Latency (ms):
         min:                                    0.49
         avg:                                    1.82
         max:                                  148.61
         95th percentile:                        2.48
         sum:                              1918433.55

Threads fairness:
    events (avg/stddev):           131886.0000/75.26
    execution time (avg/stddev):   239.8042/0.00

sysbench 1.0.17 (using bundled LuaJIT 2.1.0-beta2)

Running the test with following options:
Number of threads: 16
Initializing random number generator from current time


Extra file open flags: (none)
64 files, 128MiB each
8GiB total file size
Block size 32KiB
Number of IO requests: 0
Read/Write ratio for combined random IO test: 1.50
Calling fsync() after each write operation.
Using synchronous I/O mode
Doing random write test
Initializing worker threads...

Threads started!


File operations:
    reads/s:                      0.00
    writes/s:                     7888.98
    fsyncs/s:                     7888.98

Throughput:
    read, MiB/s:                  0.00
    written, MiB/s:               246.53

General statistics:
    total time:                          240.0012s
    total number of events:              1893374

Latency (ms):
         min:                                    0.49
         avg:                                    2.03
         max:                                  253.73
         95th percentile:                        2.81
         sum:                              3836407.46

Threads fairness:
    events (avg/stddev):           118335.8750/84.93
    execution time (avg/stddev):   239.7755/0.00

sysbench 1.0.17 (using bundled LuaJIT 2.1.0-beta2)

Running the test with following options:
Number of threads: 32
Initializing random number generator from current time


Extra file open flags: (none)
64 files, 128MiB each
8GiB total file size
Block size 32KiB
Number of IO requests: 0
Read/Write ratio for combined random IO test: 1.50
Calling fsync() after each write operation.
Using synchronous I/O mode
Doing random write test
Initializing worker threads...

Threads started!


File operations:
    reads/s:                      0.00
    writes/s:                     12883.42
    fsyncs/s:                     12883.42

Throughput:
    read, MiB/s:                  0.00
    written, MiB/s:               402.61

General statistics:
    total time:                          240.0019s
    total number of events:              3092061

Latency (ms):
         min:                                    0.50
         avg:                                    2.48
         max:                                  178.48
         95th percentile:                        3.49
         sum:                              7673182.52

Threads fairness:
    events (avg/stddev):           96626.9062/115.72
    execution time (avg/stddev):   239.7870/0.00

sysbench 1.0.17 (using bundled LuaJIT 2.1.0-beta2)

Running the test with following options:
Number of threads: 64
Initializing random number generator from current time


Extra file open flags: (none)
64 files, 128MiB each
8GiB total file size
Block size 32KiB
Number of IO requests: 0
Read/Write ratio for combined random IO test: 1.50
Calling fsync() after each write operation.
Using synchronous I/O mode
Doing random write test
Initializing worker threads...

Threads started!


File operations:
    reads/s:                      0.00
    writes/s:                     13112.09
    fsyncs/s:                     13112.09

Throughput:
    read, MiB/s:                  0.00
    written, MiB/s:               409.75

General statistics:
    total time:                          240.0031s
    total number of events:              3146959

Latency (ms):
         min:                                    0.52
         avg:                                    4.88
         max:                                  204.53
         95th percentile:                        6.32
         sum:                             15349171.13

Threads fairness:
    events (avg/stddev):           49171.2344/49.20
    execution time (avg/stddev):   239.8308/0.00

