sysbench 1.0.17 (using bundled LuaJIT 2.1.0-beta2)

Running the test with following options:
Number of threads: 1
Initializing random number generator from current time


Extra file open flags: (none)
64 files, 128MiB each
8GiB total file size
Block size 32KiB
Number of IO requests: 0
Read/Write ratio for combined random IO test: 1.50
Calling fsync() after each write operation.
Using synchronous I/O mode
Doing random read test
Initializing worker threads...

Threads started!


File operations:
    reads/s:                      121035.30
    writes/s:                     0.00
    fsyncs/s:                     0.00

Throughput:
    read, MiB/s:                  3782.35
    written, MiB/s:               0.00

General statistics:
    total time:                          240.0003s
    total number of events:              29048876

Latency (ms):
         min:                                    0.00
         avg:                                    0.01
         max:                                   11.96
         95th percentile:                        0.01
         sum:                               228190.10

Threads fairness:
    events (avg/stddev):           29048876.0000/0.00
    execution time (avg/stddev):   228.1901/0.00

sysbench 1.0.17 (using bundled LuaJIT 2.1.0-beta2)

Running the test with following options:
Number of threads: 4
Initializing random number generator from current time


Extra file open flags: (none)
64 files, 128MiB each
8GiB total file size
Block size 32KiB
Number of IO requests: 0
Read/Write ratio for combined random IO test: 1.50
Calling fsync() after each write operation.
Using synchronous I/O mode
Doing random read test
Initializing worker threads...

Threads started!


File operations:
    reads/s:                      378780.61
    writes/s:                     0.00
    fsyncs/s:                     0.00

Throughput:
    read, MiB/s:                  11836.89
    written, MiB/s:               0.00

General statistics:
    total time:                          240.0003s
    total number of events:              90908654

Latency (ms):
         min:                                    0.00
         avg:                                    0.01
         max:                                   15.14
         95th percentile:                        0.01
         sum:                               851409.93

Threads fairness:
    events (avg/stddev):           22727163.5000/1638818.65
    execution time (avg/stddev):   212.8525/1.06

sysbench 1.0.17 (using bundled LuaJIT 2.1.0-beta2)

Running the test with following options:
Number of threads: 8
Initializing random number generator from current time


Extra file open flags: (none)
64 files, 128MiB each
8GiB total file size
Block size 32KiB
Number of IO requests: 0
Read/Write ratio for combined random IO test: 1.50
Calling fsync() after each write operation.
Using synchronous I/O mode
Doing random read test
Initializing worker threads...

Threads started!


File operations:
    reads/s:                      513224.61
    writes/s:                     0.00
    fsyncs/s:                     0.00

Throughput:
    read, MiB/s:                  16038.27
    written, MiB/s:               0.00

General statistics:
    total time:                          240.0003s
    total number of events:              123175580

Latency (ms):
         min:                                    0.00
         avg:                                    0.01
         max:                                   17.21
         95th percentile:                        0.03
         sum:                              1539952.78

Threads fairness:
    events (avg/stddev):           15396947.5000/1257533.81
    execution time (avg/stddev):   192.4941/0.53

sysbench 1.0.17 (using bundled LuaJIT 2.1.0-beta2)

Running the test with following options:
Number of threads: 16
Initializing random number generator from current time


Extra file open flags: (none)
64 files, 128MiB each
8GiB total file size
Block size 32KiB
Number of IO requests: 0
Read/Write ratio for combined random IO test: 1.50
Calling fsync() after each write operation.
Using synchronous I/O mode
Doing random read test
Initializing worker threads...

Threads started!


File operations:
    reads/s:                      532318.08
    writes/s:                     0.00
    fsyncs/s:                     0.00

Throughput:
    read, MiB/s:                  16634.94
    written, MiB/s:               0.00

General statistics:
    total time:                          240.0004s
    total number of events:              127758315

Latency (ms):
         min:                                    0.00
         avg:                                    0.02
         max:                                   23.88
         95th percentile:                        0.04
         sum:                              2553837.92

Threads fairness:
    events (avg/stddev):           7984894.6875/51189.86
    execution time (avg/stddev):   159.6149/0.71

sysbench 1.0.17 (using bundled LuaJIT 2.1.0-beta2)

Running the test with following options:
Number of threads: 32
Initializing random number generator from current time


Extra file open flags: (none)
64 files, 128MiB each
8GiB total file size
Block size 32KiB
Number of IO requests: 0
Read/Write ratio for combined random IO test: 1.50
Calling fsync() after each write operation.
Using synchronous I/O mode
Doing random read test
Initializing worker threads...

Threads started!


File operations:
    reads/s:                      522685.27
    writes/s:                     0.00
    fsyncs/s:                     0.00

Throughput:
    read, MiB/s:                  16333.91
    written, MiB/s:               0.00

General statistics:
    total time:                          240.0039s
    total number of events:              125448060

Latency (ms):
         min:                                    0.00
         avg:                                    0.04
         max:                                   31.00
         95th percentile:                        0.14
         sum:                              4584921.13

Threads fairness:
    events (avg/stddev):           3920251.8750/16957.94
    execution time (avg/stddev):   143.2788/0.29

sysbench 1.0.17 (using bundled LuaJIT 2.1.0-beta2)

Running the test with following options:
Number of threads: 64
Initializing random number generator from current time


Extra file open flags: (none)
64 files, 128MiB each
8GiB total file size
Block size 32KiB
Number of IO requests: 0
Read/Write ratio for combined random IO test: 1.50
Calling fsync() after each write operation.
Using synchronous I/O mode
Doing random read test
Initializing worker threads...

Threads started!


File operations:
    reads/s:                      512245.97
    writes/s:                     0.00
    fsyncs/s:                     0.00

Throughput:
    read, MiB/s:                  16007.69
    written, MiB/s:               0.00

General statistics:
    total time:                          240.0010s
    total number of events:              122940973

Latency (ms):
         min:                                    0.00
         avg:                                    0.07
         max:                                   84.79
         95th percentile:                        0.34
         sum:                              8540170.80

Threads fairness:
    events (avg/stddev):           1920952.7031/14214.84
    execution time (avg/stddev):   133.4402/0.35

