sysbench 1.0.17 (using bundled LuaJIT 2.1.0-beta2)

Running the test with following options:
Number of threads: 1
Initializing random number generator from current time


Extra file open flags: (none)
64 files, 128MiB each
8GiB total file size
Block size 32KiB
Number of IO requests: 0
Read/Write ratio for combined random IO test: 1.50
Calling fsync() after each write operation.
Using synchronous I/O mode
Doing random read test
Initializing worker threads...

Threads started!


File operations:
    reads/s:                      130275.81
    writes/s:                     0.00
    fsyncs/s:                     0.00

Throughput:
    read, MiB/s:                  4071.12
    written, MiB/s:               0.00

General statistics:
    total time:                          240.0002s
    total number of events:              31266525

Latency (ms):
         min:                                    0.00
         avg:                                    0.01
         max:                                   23.75
         95th percentile:                        0.02
         sum:                               229391.90

Threads fairness:
    events (avg/stddev):           31266525.0000/0.00
    execution time (avg/stddev):   229.3919/0.00

sysbench 1.0.17 (using bundled LuaJIT 2.1.0-beta2)

Running the test with following options:
Number of threads: 4
Initializing random number generator from current time


Extra file open flags: (none)
64 files, 128MiB each
8GiB total file size
Block size 32KiB
Number of IO requests: 0
Read/Write ratio for combined random IO test: 1.50
Calling fsync() after each write operation.
Using synchronous I/O mode
Doing random read test
Initializing worker threads...

Threads started!

./scripts/gen/io-rd.sh: line 25: 26083 Killed                  sysbench fileio --file-total-size=8G --file-test-mode=rndrd --time=240 --max-requests=0 --file-block-size=32K --file-num=64 --file-fsync-all --threads=$each run
sysbench 1.0.17 (using bundled LuaJIT 2.1.0-beta2)

Running the test with following options:
Number of threads: 8
Initializing random number generator from current time


Extra file open flags: (none)
64 files, 128MiB each
8GiB total file size
Block size 32KiB
Number of IO requests: 0
Read/Write ratio for combined random IO test: 1.50
Calling fsync() after each write operation.
Using synchronous I/O mode
Doing random read test
Initializing worker threads...

Threads started!

./scripts/gen/io-rd.sh: line 25: 26154 Killed                  sysbench fileio --file-total-size=8G --file-test-mode=rndrd --time=240 --max-requests=0 --file-block-size=32K --file-num=64 --file-fsync-all --threads=$each run
sysbench 1.0.17 (using bundled LuaJIT 2.1.0-beta2)

Running the test with following options:
Number of threads: 16
Initializing random number generator from current time


Extra file open flags: (none)
64 files, 128MiB each
8GiB total file size
Block size 32KiB
Number of IO requests: 0
Read/Write ratio for combined random IO test: 1.50
Calling fsync() after each write operation.
Using synchronous I/O mode
Doing random read test
Initializing worker threads...

Threads started!

./scripts/gen/io-rd.sh: line 25: 26203 Killed                  sysbench fileio --file-total-size=8G --file-test-mode=rndrd --time=240 --max-requests=0 --file-block-size=32K --file-num=64 --file-fsync-all --threads=$each run
sysbench 1.0.17 (using bundled LuaJIT 2.1.0-beta2)

Running the test with following options:
Number of threads: 32
Initializing random number generator from current time


Extra file open flags: (none)
64 files, 128MiB each
8GiB total file size
Block size 32KiB
Number of IO requests: 0
Read/Write ratio for combined random IO test: 1.50
Calling fsync() after each write operation.
Using synchronous I/O mode
Doing random read test
Initializing worker threads...

Threads started!

./scripts/gen/io-rd.sh: line 25: 26265 Killed                  sysbench fileio --file-total-size=8G --file-test-mode=rndrd --time=240 --max-requests=0 --file-block-size=32K --file-num=64 --file-fsync-all --threads=$each run
sysbench 1.0.17 (using bundled LuaJIT 2.1.0-beta2)

Running the test with following options:
Number of threads: 64
Initializing random number generator from current time


Extra file open flags: (none)
64 files, 128MiB each
8GiB total file size
Block size 32KiB
Number of IO requests: 0
Read/Write ratio for combined random IO test: 1.50
Calling fsync() after each write operation.
Using synchronous I/O mode
Doing random read test
Initializing worker threads...

Threads started!

./scripts/gen/io-rd.sh: line 25: 26358 Terminated              sysbench fileio --file-total-size=8G --file-test-mode=rndrd --time=240 --max-requests=0 --file-block-size=32K --file-num=64 --file-fsync-all --threads=$each run
