sysbench 1.0.17 (using bundled LuaJIT 2.1.0-beta2)

Running the test with following options:
Number of threads: 1
Initializing random number generator from current time


Extra file open flags: (none)
64 files, 128MiB each
8GiB total file size
Block size 32KiB
Number of IO requests: 0
Read/Write ratio for combined random IO test: 1.50
Calling fsync() after each write operation.
Using synchronous I/O mode
Doing random write test
Initializing worker threads...

Threads started!


File operations:
    reads/s:                      0.00
    writes/s:                     8018.90
    fsyncs/s:                     8018.90

Throughput:
    read, MiB/s:                  0.00
    written, MiB/s:               250.59

General statistics:
    total time:                          240.0014s
    total number of events:              1924566

Latency (ms):
         min:                                    0.10
         avg:                                    7.98
         max:                                  144.76
         95th percentile:                       43.39
         sum:                             15354119.90

Threads fairness:
    events (avg/stddev):           30071.3438/137.07
    execution time (avg/stddev):   239.9081/0.01


File operations:
    reads/s:                      0.00
    writes/s:                     1660.58
    fsyncs/s:                     1660.58

Throughput:
    read, MiB/s:                  0.00
    written, MiB/s:               51.89

General statistics:
    total time:                          240.0007s
    total number of events:              398544

Latency (ms):
         min:                                    0.10
         avg:                                    0.60
         max:                                   44.63
         95th percentile:                        0.89
         sum:                               239445.42

Threads fairness:
    events (avg/stddev):           398544.0000/0.00
    execution time (avg/stddev):   239.4454/0.00

sysbench 1.0.17 (using bundled LuaJIT 2.1.0-beta2)

Running the test with following options:
Number of threads: 4
Initializing random number generator from current time


Extra file open flags: (none)
64 files, 128MiB each
8GiB total file size
Block size 32KiB
Number of IO requests: 0
Read/Write ratio for combined random IO test: 1.50
Calling fsync() after each write operation.
Using synchronous I/O mode
Doing random write test
Initializing worker threads...

Threads started!

./scripts/gen/io-wr.sh: line 25: 26068 Killed                  sysbench fileio --file-total-size=8G --file-test-mode=rndwr --time=240 --max-requests=0 --file-block-size=32K --file-num=64 --file-fsync-all --threads=$each run
sysbench 1.0.17 (using bundled LuaJIT 2.1.0-beta2)

Running the test with following options:
Number of threads: 8
Initializing random number generator from current time


Extra file open flags: (none)
64 files, 128MiB each
8GiB total file size
Block size 32KiB
Number of IO requests: 0
Read/Write ratio for combined random IO test: 1.50
Calling fsync() after each write operation.
Using synchronous I/O mode
Doing random write test
Initializing worker threads...

Threads started!

./scripts/gen/io-wr.sh: line 25: 26183 Killed                  sysbench fileio --file-total-size=8G --file-test-mode=rndwr --time=240 --max-requests=0 --file-block-size=32K --file-num=64 --file-fsync-all --threads=$each run
sysbench 1.0.17 (using bundled LuaJIT 2.1.0-beta2)

Running the test with following options:
Number of threads: 16
Initializing random number generator from current time


Extra file open flags: (none)
64 files, 128MiB each
8GiB total file size
Block size 32KiB
Number of IO requests: 0
Read/Write ratio for combined random IO test: 1.50
Calling fsync() after each write operation.
Using synchronous I/O mode
Doing random write test
Initializing worker threads...

Threads started!

./scripts/gen/io-wr.sh: line 25: 26231 Killed                  sysbench fileio --file-total-size=8G --file-test-mode=rndwr --time=240 --max-requests=0 --file-block-size=32K --file-num=64 --file-fsync-all --threads=$each run
sysbench 1.0.17 (using bundled LuaJIT 2.1.0-beta2)

Running the test with following options:
Number of threads: 32
Initializing random number generator from current time


Extra file open flags: (none)
64 files, 128MiB each
8GiB total file size
Block size 32KiB
Number of IO requests: 0
Read/Write ratio for combined random IO test: 1.50
Calling fsync() after each write operation.
Using synchronous I/O mode
Doing random write test
Initializing worker threads...

Threads started!

./scripts/gen/io-wr.sh: line 25: 26314 Terminated              sysbench fileio --file-total-size=8G --file-test-mode=rndwr --time=240 --max-requests=0 --file-block-size=32K --file-num=64 --file-fsync-all --threads=$each run
sysbench 1.0.17 (using bundled LuaJIT 2.1.0-beta2)

Running the test with following options:
Number of threads: 64
Initializing random number generator from current time


Extra file open flags: (none)
64 files, 128MiB each
8GiB total file size
Block size 32KiB
Number of IO requests: 0
Read/Write ratio for combined random IO test: 1.50
Calling fsync() after each write operation.
Using synchronous I/O mode
Doing random write test
Initializing worker threads...

Threads started!

