sysbench 1.0.17 (using bundled LuaJIT 2.1.0-beta2)

Running the test with following options:
Number of threads: 1
Initializing random number generator from current time


Extra file open flags: (none)
64 files, 128MiB each
8GiB total file size
Block size 32KiB
Number of IO requests: 0
Read/Write ratio for combined random IO test: 1.50
Calling fsync() after each write operation.
Using synchronous I/O mode
Doing random read test
Initializing worker threads...

Threads started!


File operations:
    reads/s:                      205151.94
    writes/s:                     0.00
    fsyncs/s:                     0.00

Throughput:
    read, MiB/s:                  6411.00
    written, MiB/s:               0.00

General statistics:
    total time:                          240.0000s
    total number of events:              49236790

Latency (ms):
         min:                                    0.00
         avg:                                    0.00
         max:                                    0.05
         95th percentile:                        0.01
         sum:                               227636.75

Threads fairness:
    events (avg/stddev):           49236790.0000/0.00
    execution time (avg/stddev):   227.6368/0.00

sysbench 1.0.17 (using bundled LuaJIT 2.1.0-beta2)

Running the test with following options:
Number of threads: 4
Initializing random number generator from current time


Extra file open flags: (none)
64 files, 128MiB each
8GiB total file size
Block size 32KiB
Number of IO requests: 0
Read/Write ratio for combined random IO test: 1.50
Calling fsync() after each write operation.
Using synchronous I/O mode
Doing random read test
Initializing worker threads...

Threads started!


File operations:
    reads/s:                      725402.92
    writes/s:                     0.00
    fsyncs/s:                     0.00

Throughput:
    read, MiB/s:                  22668.84
    written, MiB/s:               0.00

General statistics:
    total time:                          240.0000s
    total number of events:              174097860

Latency (ms):
         min:                                    0.00
         avg:                                    0.00
         max:                                    0.21
         95th percentile:                        0.01
         sum:                               868913.61

Threads fairness:
    events (avg/stddev):           43524465.0000/381985.87
    execution time (avg/stddev):   217.2284/0.40

sysbench 1.0.17 (using bundled LuaJIT 2.1.0-beta2)

Running the test with following options:
Number of threads: 8
Initializing random number generator from current time


Extra file open flags: (none)
64 files, 128MiB each
8GiB total file size
Block size 32KiB
Number of IO requests: 0
Read/Write ratio for combined random IO test: 1.50
Calling fsync() after each write operation.
Using synchronous I/O mode
Doing random read test
Initializing worker threads...

Threads started!


File operations:
    reads/s:                      1113543.47
    writes/s:                     0.00
    fsyncs/s:                     0.00

Throughput:
    read, MiB/s:                  34798.23
    written, MiB/s:               0.00

General statistics:
    total time:                          240.0000s
    total number of events:              267252209

Latency (ms):
         min:                                    0.00
         avg:                                    0.01
         max:                                    0.21
         95th percentile:                        0.01
         sum:                              1585534.51

Threads fairness:
    events (avg/stddev):           33406526.1250/726940.13
    execution time (avg/stddev):   198.1918/1.24

sysbench 1.0.17 (using bundled LuaJIT 2.1.0-beta2)

Running the test with following options:
Number of threads: 16
Initializing random number generator from current time


Extra file open flags: (none)
64 files, 128MiB each
8GiB total file size
Block size 32KiB
Number of IO requests: 0
Read/Write ratio for combined random IO test: 1.50
Calling fsync() after each write operation.
Using synchronous I/O mode
Doing random read test
Initializing worker threads...

Threads started!


File operations:
    reads/s:                      1068813.78
    writes/s:                     0.00
    fsyncs/s:                     0.00

Throughput:
    read, MiB/s:                  33400.43
    written, MiB/s:               0.00

General statistics:
    total time:                          240.0001s
    total number of events:              256516995

Latency (ms):
         min:                                    0.00
         avg:                                    0.01
         max:                                    4.08
         95th percentile:                        0.02
         sum:                              2642340.07

Threads fairness:
    events (avg/stddev):           16032312.1875/25065.39
    execution time (avg/stddev):   165.1463/0.14

sysbench 1.0.17 (using bundled LuaJIT 2.1.0-beta2)

Running the test with following options:
Number of threads: 32
Initializing random number generator from current time


Extra file open flags: (none)
64 files, 128MiB each
8GiB total file size
Block size 32KiB
Number of IO requests: 0
Read/Write ratio for combined random IO test: 1.50
Calling fsync() after each write operation.
Using synchronous I/O mode
Doing random read test
Initializing worker threads...

Threads started!


File operations:
    reads/s:                      1077392.97
    writes/s:                     0.00
    fsyncs/s:                     0.00

Throughput:
    read, MiB/s:                  33668.53
    written, MiB/s:               0.00

General statistics:
    total time:                          240.0001s
    total number of events:              258576061

Latency (ms):
         min:                                    0.00
         avg:                                    0.02
         max:                                    8.84
         95th percentile:                        0.07
         sum:                              4634194.40

Threads fairness:
    events (avg/stddev):           8080501.9062/9539.54
    execution time (avg/stddev):   144.8186/0.12

sysbench 1.0.17 (using bundled LuaJIT 2.1.0-beta2)

Running the test with following options:
Number of threads: 64
Initializing random number generator from current time


Extra file open flags: (none)
64 files, 128MiB each
8GiB total file size
Block size 32KiB
Number of IO requests: 0
Read/Write ratio for combined random IO test: 1.50
Calling fsync() after each write operation.
Using synchronous I/O mode
Doing random read test
Initializing worker threads...

Threads started!


File operations:
    reads/s:                      1074716.38
    writes/s:                     0.00
    fsyncs/s:                     0.00

Throughput:
    read, MiB/s:                  33584.89
    written, MiB/s:               0.00

General statistics:
    total time:                          240.0002s
    total number of events:              257933805

Latency (ms):
         min:                                    0.00
         avg:                                    0.03
         max:                                   19.67
         95th percentile:                        0.20
         sum:                              8627880.41

Threads fairness:
    events (avg/stddev):           4030215.7031/13287.98
    execution time (avg/stddev):   134.8106/0.11

