sysbench 1.0.17 (using bundled LuaJIT 2.1.0-beta2)

Running the test with following options:
Number of threads: 1
Initializing random number generator from current time


Extra file open flags: (none)
64 files, 128MiB each
8GiB total file size
Block size 32KiB
Number of IO requests: 0
Read/Write ratio for combined random IO test: 1.50
Calling fsync() after each write operation.
Using synchronous I/O mode
Doing random write test
Initializing worker threads...

Threads started!


File operations:
    reads/s:                      0.00
    writes/s:                     8398.11
    fsyncs/s:                     8398.11

Throughput:
    read, MiB/s:                  0.00
    written, MiB/s:               262.44

General statistics:
    total time:                          240.0001s
    total number of events:              2015559

Latency (ms):
         min:                                    0.05
         avg:                                    0.12
         max:                                    0.86
         95th percentile:                        0.15
         sum:                               239311.25

Threads fairness:
    events (avg/stddev):           2015559.0000/0.00
    execution time (avg/stddev):   239.3113/0.00

sysbench 1.0.17 (using bundled LuaJIT 2.1.0-beta2)

Running the test with following options:
Number of threads: 4
Initializing random number generator from current time


Extra file open flags: (none)
64 files, 128MiB each
8GiB total file size
Block size 32KiB
Number of IO requests: 0
Read/Write ratio for combined random IO test: 1.50
Calling fsync() after each write operation.
Using synchronous I/O mode
Doing random write test
Initializing worker threads...

Threads started!


File operations:
    reads/s:                      0.00
    writes/s:                     14233.16
    fsyncs/s:                     14233.16

Throughput:
    read, MiB/s:                  0.00
    written, MiB/s:               444.79

General statistics:
    total time:                          240.0004s
    total number of events:              3415986

Latency (ms):
         min:                                    0.05
         avg:                                    0.28
         max:                                    1.93
         95th percentile:                        0.57
         sum:                               958484.94

Threads fairness:
    events (avg/stddev):           853996.5000/433.83
    execution time (avg/stddev):   239.6212/0.00

sysbench 1.0.17 (using bundled LuaJIT 2.1.0-beta2)

Running the test with following options:
Number of threads: 8
Initializing random number generator from current time


Extra file open flags: (none)
64 files, 128MiB each
8GiB total file size
Block size 32KiB
Number of IO requests: 0
Read/Write ratio for combined random IO test: 1.50
Calling fsync() after each write operation.
Using synchronous I/O mode
Doing random write test
Initializing worker threads...

Threads started!


File operations:
    reads/s:                      0.00
    writes/s:                     14564.86
    fsyncs/s:                     14564.86

Throughput:
    read, MiB/s:                  0.00
    written, MiB/s:               455.15

General statistics:
    total time:                          240.0001s
    total number of events:              3495591

Latency (ms):
         min:                                    0.05
         avg:                                    0.55
         max:                                    2.74
         95th percentile:                        1.08
         sum:                              1917538.36

Threads fairness:
    events (avg/stddev):           436948.8750/540.16
    execution time (avg/stddev):   239.6923/0.00

sysbench 1.0.17 (using bundled LuaJIT 2.1.0-beta2)

Running the test with following options:
Number of threads: 16
Initializing random number generator from current time


Extra file open flags: (none)
64 files, 128MiB each
8GiB total file size
Block size 32KiB
Number of IO requests: 0
Read/Write ratio for combined random IO test: 1.50
Calling fsync() after each write operation.
Using synchronous I/O mode
Doing random write test
Initializing worker threads...

Threads started!


File operations:
    reads/s:                      0.00
    writes/s:                     14963.73
    fsyncs/s:                     14963.73

Throughput:
    read, MiB/s:                  0.00
    written, MiB/s:               467.62

General statistics:
    total time:                          240.0001s
    total number of events:              3591320

Latency (ms):
         min:                                    0.05
         avg:                                    1.07
         max:                                    7.54
         95th percentile:                        2.03
         sum:                              3836506.94

Threads fairness:
    events (avg/stddev):           224457.5000/215.92
    execution time (avg/stddev):   239.7817/0.00

sysbench 1.0.17 (using bundled LuaJIT 2.1.0-beta2)

Running the test with following options:
Number of threads: 32
Initializing random number generator from current time


Extra file open flags: (none)
64 files, 128MiB each
8GiB total file size
Block size 32KiB
Number of IO requests: 0
Read/Write ratio for combined random IO test: 1.50
Calling fsync() after each write operation.
Using synchronous I/O mode
Doing random write test
Initializing worker threads...

Threads started!


File operations:
    reads/s:                      0.00
    writes/s:                     15347.32
    fsyncs/s:                     15347.32

Throughput:
    read, MiB/s:                  0.00
    written, MiB/s:               479.60

General statistics:
    total time:                          240.0007s
    total number of events:              3683388

Latency (ms):
         min:                                    0.05
         avg:                                    2.08
         max:                                   14.05
         95th percentile:                        3.75
         sum:                              7674537.71

Threads fairness:
    events (avg/stddev):           115105.8750/196.63
    execution time (avg/stddev):   239.8293/0.00

sysbench 1.0.17 (using bundled LuaJIT 2.1.0-beta2)

Running the test with following options:
Number of threads: 64
Initializing random number generator from current time


Extra file open flags: (none)
64 files, 128MiB each
8GiB total file size
Block size 32KiB
Number of IO requests: 0
Read/Write ratio for combined random IO test: 1.50
Calling fsync() after each write operation.
Using synchronous I/O mode
Doing random write test
Initializing worker threads...

Threads started!


File operations:
    reads/s:                      0.00
    writes/s:                     15652.63
    fsyncs/s:                     15652.63

Throughput:
    read, MiB/s:                  0.00
    written, MiB/s:               489.14

General statistics:
    total time:                          240.0041s
    total number of events:              3756716

Latency (ms):
         min:                                    0.06
         avg:                                    4.09
         max:                                   22.31
         95th percentile:                        7.04
         sum:                             15349479.28

Threads fairness:
    events (avg/stddev):           58698.6875/87.46
    execution time (avg/stddev):   239.8356/0.00

