sysbench 1.0.17 (using bundled LuaJIT 2.1.0-beta2)

Running the test with following options:
Number of threads: 1
Initializing random number generator from current time


Extra file open flags: (none)
64 files, 128MiB each
8GiB total file size
Block size 32KiB
Number of IO requests: 0
Read/Write ratio for combined random IO test: 1.50
Calling fsync() after each write operation.
Using synchronous I/O mode
Doing random write test
Initializing worker threads...

Threads started!


File operations:
    reads/s:                      0.00
    writes/s:                     1638.51
    fsyncs/s:                     1638.51

Throughput:
    read, MiB/s:                  0.00
    written, MiB/s:               51.20

General statistics:
    total time:                          240.0007s
    total number of events:              393248

Latency (ms):
         min:                                    0.09
         avg:                                    0.61
         max:                                   23.44
         95th percentile:                        1.06
         sum:                               239498.72

Threads fairness:
    events (avg/stddev):           393248.0000/0.00
    execution time (avg/stddev):   239.4987/0.00

sysbench 1.0.17 (using bundled LuaJIT 2.1.0-beta2)

Running the test with following options:
Number of threads: 4
Initializing random number generator from current time


Extra file open flags: (none)
64 files, 128MiB each
8GiB total file size
Block size 32KiB
Number of IO requests: 0
Read/Write ratio for combined random IO test: 1.50
Calling fsync() after each write operation.
Using synchronous I/O mode
Doing random write test
Initializing worker threads...

Threads started!


File operations:
    reads/s:                      0.00
    writes/s:                     6879.38
    fsyncs/s:                     6879.38

Throughput:
    read, MiB/s:                  0.00
    written, MiB/s:               214.98

General statistics:
    total time:                          240.0008s
    total number of events:              1651069

Latency (ms):
         min:                                    0.09
         avg:                                    0.58
         max:                                   55.90
         95th percentile:                        0.99
         sum:                               957861.28

Threads fairness:
    events (avg/stddev):           412767.2500/311.44
    execution time (avg/stddev):   239.4653/0.01

sysbench 1.0.17 (using bundled LuaJIT 2.1.0-beta2)

Running the test with following options:
Number of threads: 8
Initializing random number generator from current time


Extra file open flags: (none)
64 files, 128MiB each
8GiB total file size
Block size 32KiB
Number of IO requests: 0
Read/Write ratio for combined random IO test: 1.50
Calling fsync() after each write operation.
Using synchronous I/O mode
Doing random write test
Initializing worker threads...

Threads started!


File operations:
    reads/s:                      0.00
    writes/s:                     7420.52
    fsyncs/s:                     7420.52

Throughput:
    read, MiB/s:                  0.00
    written, MiB/s:               231.89

General statistics:
    total time:                          240.0006s
    total number of events:              1780943

Latency (ms):
         min:                                    0.09
         avg:                                    1.08
         max:                                  188.30
         95th percentile:                        1.10
         sum:                              1916757.94

Threads fairness:
    events (avg/stddev):           222617.8750/169.79
    execution time (avg/stddev):   239.5947/0.01

sysbench 1.0.17 (using bundled LuaJIT 2.1.0-beta2)

Running the test with following options:
Number of threads: 16
Initializing random number generator from current time


Extra file open flags: (none)
64 files, 128MiB each
8GiB total file size
Block size 32KiB
Number of IO requests: 0
Read/Write ratio for combined random IO test: 1.50
Calling fsync() after each write operation.
Using synchronous I/O mode
Doing random write test
Initializing worker threads...

Threads started!


File operations:
    reads/s:                      0.00
    writes/s:                     7779.37
    fsyncs/s:                     7779.37

Throughput:
    read, MiB/s:                  0.00
    written, MiB/s:               243.11

General statistics:
    total time:                          240.0007s
    total number of events:              1867069

Latency (ms):
         min:                                    0.09
         avg:                                    2.05
         max:                                  173.88
         95th percentile:                        1.70
         sum:                              3835082.51

Threads fairness:
    events (avg/stddev):           116691.8125/247.57
    execution time (avg/stddev):   239.6927/0.00

sysbench 1.0.17 (using bundled LuaJIT 2.1.0-beta2)

Running the test with following options:
Number of threads: 32
Initializing random number generator from current time


Extra file open flags: (none)
64 files, 128MiB each
8GiB total file size
Block size 32KiB
Number of IO requests: 0
Read/Write ratio for combined random IO test: 1.50
Calling fsync() after each write operation.
Using synchronous I/O mode
Doing random write test
Initializing worker threads...

Threads started!


File operations:
    reads/s:                      0.00
    writes/s:                     7943.60
    fsyncs/s:                     7943.60

Throughput:
    read, MiB/s:                  0.00
    written, MiB/s:               248.24

General statistics:
    total time:                          240.0203s
    total number of events:              1906641

Latency (ms):
         min:                                    0.10
         avg:                                    4.03
         max:                                   50.65
         95th percentile:                       39.65
         sum:                              7675438.49

Threads fairness:
    events (avg/stddev):           59582.5312/130.98
    execution time (avg/stddev):   239.8575/0.00

sysbench 1.0.17 (using bundled LuaJIT 2.1.0-beta2)

Running the test with following options:
Number of threads: 64
Initializing random number generator from current time


Extra file open flags: (none)
64 files, 128MiB each
8GiB total file size
Block size 32KiB
Number of IO requests: 0
Read/Write ratio for combined random IO test: 1.50
Calling fsync() after each write operation.
Using synchronous I/O mode
Doing random write test
Initializing worker threads...

Threads started!


File operations:
    reads/s:                      0.00
    writes/s:                     8043.51
    fsyncs/s:                     8043.51

Throughput:
    read, MiB/s:                  0.00
    written, MiB/s:               251.36

General statistics:
    total time:                          240.0351s
    total number of events:              1930740

Latency (ms):
         min:                                    0.11
         avg:                                    7.95
         max:                                   93.35
         95th percentile:                       43.39
         sum:                             15356268.07

Threads fairness:
    events (avg/stddev):           30167.8125/98.04
    execution time (avg/stddev):   239.9417/0.00

