sysbench 1.0.17 (using bundled LuaJIT 2.1.0-beta2)

Running the test with following options:
Number of threads: 1
Initializing random number generator from current time


Extra file open flags: (none)
64 files, 128MiB each
8GiB total file size
Block size 32KiB
Number of IO requests: 0
Read/Write ratio for combined random IO test: 1.50
Calling fsync() after each write operation.
Using synchronous I/O mode
Doing random read test
Initializing worker threads...

Threads started!


File operations:
    reads/s:                      202996.94
    writes/s:                     0.00
    fsyncs/s:                     0.00

Throughput:
    read, MiB/s:                  6343.65
    written, MiB/s:               0.00

General statistics:
    total time:                          240.0001s
    total number of events:              48719574

Latency (ms):
         min:                                    0.00
         avg:                                    0.00
         max:                                    0.05
         95th percentile:                        0.01
         sum:                               228902.56

Threads fairness:
    events (avg/stddev):           48719574.0000/0.00
    execution time (avg/stddev):   228.9026/0.00

sysbench 1.0.17 (using bundled LuaJIT 2.1.0-beta2)

Running the test with following options:
Number of threads: 4
Initializing random number generator from current time


Extra file open flags: (none)
64 files, 128MiB each
8GiB total file size
Block size 32KiB
Number of IO requests: 0
Read/Write ratio for combined random IO test: 1.50
Calling fsync() after each write operation.
Using synchronous I/O mode
Doing random read test
Initializing worker threads...

Threads started!


File operations:
    reads/s:                      644982.87
    writes/s:                     0.00
    fsyncs/s:                     0.00

Throughput:
    read, MiB/s:                  20155.71
    written, MiB/s:               0.00

General statistics:
    total time:                          240.0000s
    total number of events:              154796844

Latency (ms):
         min:                                    0.00
         avg:                                    0.01
         max:                                    0.07
         95th percentile:                        0.01
         sum:                               864374.42

Threads fairness:
    events (avg/stddev):           38699211.0000/887840.62
    execution time (avg/stddev):   216.0936/0.19

sysbench 1.0.17 (using bundled LuaJIT 2.1.0-beta2)

Running the test with following options:
Number of threads: 8
Initializing random number generator from current time


Extra file open flags: (none)
64 files, 128MiB each
8GiB total file size
Block size 32KiB
Number of IO requests: 0
Read/Write ratio for combined random IO test: 1.50
Calling fsync() after each write operation.
Using synchronous I/O mode
Doing random read test
Initializing worker threads...

Threads started!


File operations:
    reads/s:                      1008766.37
    writes/s:                     0.00
    fsyncs/s:                     0.00

Throughput:
    read, MiB/s:                  31523.95
    written, MiB/s:               0.00

General statistics:
    total time:                          240.0001s
    total number of events:              242105461

Latency (ms):
         min:                                    0.00
         avg:                                    0.01
         max:                                    0.32
         95th percentile:                        0.01
         sum:                              1593178.91

Threads fairness:
    events (avg/stddev):           30263182.6250/546216.70
    execution time (avg/stddev):   199.1474/1.39

sysbench 1.0.17 (using bundled LuaJIT 2.1.0-beta2)

Running the test with following options:
Number of threads: 16
Initializing random number generator from current time


Extra file open flags: (none)
64 files, 128MiB each
8GiB total file size
Block size 32KiB
Number of IO requests: 0
Read/Write ratio for combined random IO test: 1.50
Calling fsync() after each write operation.
Using synchronous I/O mode
Doing random read test
Initializing worker threads...

Threads started!


File operations:
    reads/s:                      921526.25
    writes/s:                     0.00
    fsyncs/s:                     0.00

Throughput:
    read, MiB/s:                  28797.70
    written, MiB/s:               0.00

General statistics:
    total time:                          240.0001s
    total number of events:              221167740

Latency (ms):
         min:                                    0.00
         avg:                                    0.01
         max:                                    4.31
         95th percentile:                        0.03
         sum:                              2601921.22

Threads fairness:
    events (avg/stddev):           13822983.7500/30470.23
    execution time (avg/stddev):   162.6201/0.18

sysbench 1.0.17 (using bundled LuaJIT 2.1.0-beta2)

Running the test with following options:
Number of threads: 32
Initializing random number generator from current time


Extra file open flags: (none)
64 files, 128MiB each
8GiB total file size
Block size 32KiB
Number of IO requests: 0
Read/Write ratio for combined random IO test: 1.50
Calling fsync() after each write operation.
Using synchronous I/O mode
Doing random read test
Initializing worker threads...

Threads started!


File operations:
    reads/s:                      954604.30
    writes/s:                     0.00
    fsyncs/s:                     0.00

Throughput:
    read, MiB/s:                  29831.38
    written, MiB/s:               0.00

General statistics:
    total time:                          240.0001s
    total number of events:              229106573

Latency (ms):
         min:                                    0.00
         avg:                                    0.02
         max:                                    4.51
         95th percentile:                        0.08
         sum:                              4578834.56

Threads fairness:
    events (avg/stddev):           7159580.4062/6655.48
    execution time (avg/stddev):   143.0886/0.09

sysbench 1.0.17 (using bundled LuaJIT 2.1.0-beta2)

Running the test with following options:
Number of threads: 64
Initializing random number generator from current time


Extra file open flags: (none)
64 files, 128MiB each
8GiB total file size
Block size 32KiB
Number of IO requests: 0
Read/Write ratio for combined random IO test: 1.50
Calling fsync() after each write operation.
Using synchronous I/O mode
Doing random read test
Initializing worker threads...

Threads started!


File operations:
    reads/s:                      949992.29
    writes/s:                     0.00
    fsyncs/s:                     0.00

Throughput:
    read, MiB/s:                  29687.26
    written, MiB/s:               0.00

General statistics:
    total time:                          240.0002s
    total number of events:              227999731

Latency (ms):
         min:                                    0.00
         avg:                                    0.04
         max:                                   10.58
         95th percentile:                        0.22
         sum:                              8630500.62

Threads fairness:
    events (avg/stddev):           3562495.7969/11797.39
    execution time (avg/stddev):   134.8516/0.12

