sysbench 1.0.17 (using bundled LuaJIT 2.1.0-beta2)

Running the test with following options:
Number of threads: 1
Initializing random number generator from current time


Extra file open flags: (none)
64 files, 128MiB each
8GiB total file size
Block size 32KiB
Number of IO requests: 0
Read/Write ratio for combined random IO test: 1.50
Calling fsync() after each write operation.
Using synchronous I/O mode
Doing random read test
Initializing worker threads...

Threads started!


File operations:
    reads/s:                      762961.66
    writes/s:                     0.00
    fsyncs/s:                     0.00

Throughput:
    read, MiB/s:                  23842.55
    written, MiB/s:               0.00

General statistics:
    total time:                          240.0002s
    total number of events:              183112249

Latency (ms):
         min:                                    0.00
         avg:                                    0.01
         max:                                   49.55
         95th percentile:                        0.03
         sum:                              2735343.16

Threads fairness:
    events (avg/stddev):           11444515.5625/47567.11
    execution time (avg/stddev):   170.9589/0.45

sysbench 1.0.17 (using bundled LuaJIT 2.1.0-beta2)

Running the test with following options:
Number of threads: 32
Initializing random number generator from current time


Extra file open flags: (none)
64 files, 128MiB each
8GiB total file size
Block size 32KiB
Number of IO requests: 0
Read/Write ratio for combined random IO test: 1.50
Calling fsync() after each write operation.
Using synchronous I/O mode
Doing random read test
Initializing worker threads...

Threads started!


File operations:
    reads/s:                      135345.81
    writes/s:                     0.00
    fsyncs/s:                     0.00

Throughput:
    read, MiB/s:                  4229.56
    written, MiB/s:               0.00

General statistics:
    total time:                          240.0002s
    total number of events:              32483756

Latency (ms):
         min:                                    0.00
         avg:                                    0.01
         max:                                   13.79
         95th percentile:                        0.01
         sum:                               230881.98

Threads fairness:
    events (avg/stddev):           32483756.0000/0.00
    execution time (avg/stddev):   230.8820/0.00

sysbench 1.0.17 (using bundled LuaJIT 2.1.0-beta2)

Running the test with following options:
Number of threads: 4
Initializing random number generator from current time


Extra file open flags: (none)
64 files, 128MiB each
8GiB total file size
Block size 32KiB
Number of IO requests: 0
Read/Write ratio for combined random IO test: 1.50
Calling fsync() after each write operation.
Using synchronous I/O mode
Doing random read test
Initializing worker threads...

Threads started!


File operations:
    reads/s:                      833179.63
    writes/s:                     0.00
    fsyncs/s:                     0.00

Throughput:
    read, MiB/s:                  26036.86
    written, MiB/s:               0.00

General statistics:
    total time:                          240.0009s
    total number of events:              199965090

Latency (ms):
         min:                                    0.00
         avg:                                    0.02
         max:                                   32.08
         95th percentile:                        0.09
         sum:                              4695764.82

Threads fairness:
    events (avg/stddev):           6248909.0625/47726.02
    execution time (avg/stddev):   146.7427/0.45

sysbench 1.0.17 (using bundled LuaJIT 2.1.0-beta2)

Running the test with following options:
Number of threads: 64
Initializing random number generator from current time


Extra file open flags: (none)
64 files, 128MiB each
8GiB total file size
Block size 32KiB
Number of IO requests: 0
Read/Write ratio for combined random IO test: 1.50
Calling fsync() after each write operation.
Using synchronous I/O mode
Doing random read test
Initializing worker threads...

Threads started!


File operations:
    reads/s:                      256463.56
    writes/s:                     0.00
    fsyncs/s:                     0.00

Throughput:
    read, MiB/s:                  8014.49
    written, MiB/s:               0.00

General statistics:
    total time:                          240.0180s
    total number of events:              61556266

Latency (ms):
         min:                                    0.00
         avg:                                    0.01
         max:                                   70.65
         95th percentile:                        0.01
         sum:                               912055.56

Threads fairness:
    events (avg/stddev):           15389066.5000/142861.12
    execution time (avg/stddev):   228.0139/0.20

sysbench 1.0.17 (using bundled LuaJIT 2.1.0-beta2)

Running the test with following options:
Number of threads: 8
Initializing random number generator from current time


Extra file open flags: (none)
64 files, 128MiB each
8GiB total file size
Block size 32KiB
Number of IO requests: 0
Read/Write ratio for combined random IO test: 1.50
Calling fsync() after each write operation.
Using synchronous I/O mode
Doing random read test
Initializing worker threads...

Threads started!


File operations:
    reads/s:                      842204.25
    writes/s:                     0.00
    fsyncs/s:                     0.00

Throughput:
    read, MiB/s:                  26318.88
    written, MiB/s:               0.00

General statistics:
    total time:                          240.0029s
    total number of events:              202132753

Latency (ms):
         min:                                    0.00
         avg:                                    0.04
         max:                                   65.34
         95th percentile:                        0.22
         sum:                              8868390.88

Threads fairness:
    events (avg/stddev):           3158324.2656/16512.09
    execution time (avg/stddev):   138.5686/0.33


File operations:
    reads/s:                      457267.24
    writes/s:                     0.00
    fsyncs/s:                     0.00

Throughput:
    read, MiB/s:                  14289.60
    written, MiB/s:               0.00

General statistics:
    total time:                          240.0036s
    total number of events:              109746480

Latency (ms):
         min:                                    0.00
         avg:                                    0.02
         max:                                   76.30
         95th percentile:                        0.01
         sum:                              1697742.54

Threads fairness:
    events (avg/stddev):           13718310.0000/499000.13
    execution time (avg/stddev):   212.2178/1.19

sysbench 1.0.17 (using bundled LuaJIT 2.1.0-beta2)

Running the test with following options:
Number of threads: 16
Initializing random number generator from current time


Extra file open flags: (none)
64 files, 128MiB each
8GiB total file size
Block size 32KiB
Number of IO requests: 0
Read/Write ratio for combined random IO test: 1.50
Calling fsync() after each write operation.
Using synchronous I/O mode
Doing random read test
Initializing worker threads...

Threads started!


File operations:
    reads/s:                      817511.57
    writes/s:                     0.00
    fsyncs/s:                     0.00

Throughput:
    read, MiB/s:                  25547.24
    written, MiB/s:               0.00

General statistics:
    total time:                          240.0003s
    total number of events:              196204306

Latency (ms):
         min:                                    0.00
         avg:                                    0.01
         max:                                   40.09
         95th percentile:                        0.03
         sum:                              2604151.16

Threads fairness:
    events (avg/stddev):           12262769.1250/52273.45
    execution time (avg/stddev):   162.7594/0.59

sysbench 1.0.17 (using bundled LuaJIT 2.1.0-beta2)

Running the test with following options:
Number of threads: 32
Initializing random number generator from current time


Extra file open flags: (none)
64 files, 128MiB each
8GiB total file size
Block size 32KiB
Number of IO requests: 0
Read/Write ratio for combined random IO test: 1.50
Calling fsync() after each write operation.
Using synchronous I/O mode
Doing random read test
Initializing worker threads...

Threads started!


File operations:
    reads/s:                      830845.06
    writes/s:                     0.00
    fsyncs/s:                     0.00

Throughput:
    read, MiB/s:                  25963.91
    written, MiB/s:               0.00

General statistics:
    total time:                          240.0003s
    total number of events:              199404379

Latency (ms):
         min:                                    0.00
         avg:                                    0.02
         max:                                   70.99
         95th percentile:                        0.10
         sum:                              4675948.66

Threads fairness:
    events (avg/stddev):           6231386.8438/20553.25
    execution time (avg/stddev):   146.1234/0.37

sysbench 1.0.17 (using bundled LuaJIT 2.1.0-beta2)

Running the test with following options:
Number of threads: 64
Initializing random number generator from current time


Extra file open flags: (none)
64 files, 128MiB each
8GiB total file size
Block size 32KiB
Number of IO requests: 0
Read/Write ratio for combined random IO test: 1.50
Calling fsync() after each write operation.
Using synchronous I/O mode
Doing random read test
Initializing worker threads...

Threads started!


File operations:
    reads/s:                      834241.21
    writes/s:                     0.00
    fsyncs/s:                     0.00

Throughput:
    read, MiB/s:                  26070.04
    written, MiB/s:               0.00

General statistics:
    total time:                          240.0029s
    total number of events:              200221589

Latency (ms):
         min:                                    0.00
         avg:                                    0.04
         max:                                  137.21
         95th percentile:                        0.25
         sum:                              8987849.18

Threads fairness:
    events (avg/stddev):           3128462.3281/9546.11
    execution time (avg/stddev):   140.4351/0.24

