sysbench 1.0.17 (using bundled LuaJIT 2.1.0-beta2)

Running the test with following options:
Number of threads: 1
Initializing random number generator from current time


Extra file open flags: (none)
64 files, 128MiB each
8GiB total file size
Block size 32KiB
Number of IO requests: 0
Read/Write ratio for combined random IO test: 1.50
Calling fsync() after each write operation.
Using synchronous I/O mode
Doing random write test
Initializing worker threads...

Threads started!


File operations:
    reads/s:                      0.00
    writes/s:                     2106.49
    fsyncs/s:                     2106.49

Throughput:
    read, MiB/s:                  0.00
    written, MiB/s:               65.83

General statistics:
    total time:                          240.0006s
    total number of events:              505562

Latency (ms):
         min:                                    0.05
         avg:                                    0.47
         max:                                  191.39
         95th percentile:                        0.97
         sum:                               239403.95

Threads fairness:
    events (avg/stddev):           505562.0000/0.00
    execution time (avg/stddev):   239.4040/0.00

sysbench 1.0.17 (using bundled LuaJIT 2.1.0-beta2)

Running the test with following options:
Number of threads: 4
Initializing random number generator from current time


Extra file open flags: (none)
64 files, 128MiB each
8GiB total file size
Block size 32KiB
Number of IO requests: 0
Read/Write ratio for combined random IO test: 1.50
Calling fsync() after each write operation.
Using synchronous I/O mode
Doing random write test
Initializing worker threads...

Threads started!


File operations:
    reads/s:                      0.00
    writes/s:                     3981.96
    fsyncs/s:                     3981.96

Throughput:
    read, MiB/s:                  0.00
    written, MiB/s:               124.44

General statistics:
    total time:                          240.0008s
    total number of events:              955679

Latency (ms):
         min:                                    0.04
         avg:                                    1.00
         max:                                  202.22
         95th percentile:                        1.55
         sum:                               958830.10

Threads fairness:
    events (avg/stddev):           238919.7500/123.62
    execution time (avg/stddev):   239.7075/0.00

sysbench 1.0.17 (using bundled LuaJIT 2.1.0-beta2)

Running the test with following options:
Number of threads: 8
Initializing random number generator from current time


Extra file open flags: (none)
64 files, 128MiB each
8GiB total file size
Block size 32KiB
Number of IO requests: 0
Read/Write ratio for combined random IO test: 1.50
Calling fsync() after each write operation.
Using synchronous I/O mode
Doing random write test
Initializing worker threads...

Threads started!

