sysbench 1.0.17 (using bundled LuaJIT 2.1.0-beta2)

Running the test with following options:
Number of threads: 1
Initializing random number generator from current time


Extra file open flags: (none)
64 files, 128MiB each
8GiB total file size
Block size 32KiB
Number of IO requests: 0
Read/Write ratio for combined random IO test: 1.50
Calling fsync() after each write operation.
Using synchronous I/O mode
Doing random read test
Initializing worker threads...

Threads started!


File operations:
    reads/s:                      167328.41
    writes/s:                     0.00
    fsyncs/s:                     0.00

Throughput:
    read, MiB/s:                  5229.01
    written, MiB/s:               0.00

General statistics:
    total time:                          240.0001s
    total number of events:              40159179

Latency (ms):
         min:                                    0.00
         avg:                                    0.01
         max:                                    0.06
         95th percentile:                        0.01
         sum:                               206771.74

Threads fairness:
    events (avg/stddev):           40159179.0000/0.00
    execution time (avg/stddev):   206.7717/0.00

sysbench 1.0.17 (using bundled LuaJIT 2.1.0-beta2)

Running the test with following options:
Number of threads: 4
Initializing random number generator from current time


Extra file open flags: (none)
64 files, 128MiB each
8GiB total file size
Block size 32KiB
Number of IO requests: 0
Read/Write ratio for combined random IO test: 1.50
Calling fsync() after each write operation.
Using synchronous I/O mode
Doing random read test
Initializing worker threads...

Threads started!


File operations:
    reads/s:                      565701.41
    writes/s:                     0.00
    fsyncs/s:                     0.00

Throughput:
    read, MiB/s:                  17678.17
    written, MiB/s:               0.00

General statistics:
    total time:                          240.0001s
    total number of events:              135769605

Latency (ms):
         min:                                    0.00
         avg:                                    0.01
         max:                                    0.10
         95th percentile:                        0.01
         sum:                               799397.05

Threads fairness:
    events (avg/stddev):           33942401.2500/230907.64
    execution time (avg/stddev):   199.8493/0.22

sysbench 1.0.17 (using bundled LuaJIT 2.1.0-beta2)

Running the test with following options:
Number of threads: 8
Initializing random number generator from current time


Extra file open flags: (none)
64 files, 128MiB each
8GiB total file size
Block size 32KiB
Number of IO requests: 0
Read/Write ratio for combined random IO test: 1.50
Calling fsync() after each write operation.
Using synchronous I/O mode
Doing random read test
Initializing worker threads...

Threads started!


File operations:
    reads/s:                      978518.66
    writes/s:                     0.00
    fsyncs/s:                     0.00

Throughput:
    read, MiB/s:                  30578.71
    written, MiB/s:               0.00

General statistics:
    total time:                          240.0001s
    total number of events:              234846647

Latency (ms):
         min:                                    0.00
         avg:                                    0.01
         max:                                    0.24
         95th percentile:                        0.01
         sum:                              1551154.98

Threads fairness:
    events (avg/stddev):           29355830.8750/218881.83
    execution time (avg/stddev):   193.8944/0.42

sysbench 1.0.17 (using bundled LuaJIT 2.1.0-beta2)

Running the test with following options:
Number of threads: 16
Initializing random number generator from current time


Extra file open flags: (none)
64 files, 128MiB each
8GiB total file size
Block size 32KiB
Number of IO requests: 0
Read/Write ratio for combined random IO test: 1.50
Calling fsync() after each write operation.
Using synchronous I/O mode
Doing random read test
Initializing worker threads...

Threads started!


File operations:
    reads/s:                      1079969.73
    writes/s:                     0.00
    fsyncs/s:                     0.00

Throughput:
    read, MiB/s:                  33749.05
    written, MiB/s:               0.00

General statistics:
    total time:                          240.0001s
    total number of events:              259195080

Latency (ms):
         min:                                    0.00
         avg:                                    0.01
         max:                                    9.05
         95th percentile:                        0.02
         sum:                              2915039.81

Threads fairness:
    events (avg/stddev):           16199692.5000/53148.42
    execution time (avg/stddev):   182.1900/0.40

sysbench 1.0.17 (using bundled LuaJIT 2.1.0-beta2)

Running the test with following options:
Number of threads: 32
Initializing random number generator from current time


Extra file open flags: (none)
64 files, 128MiB each
8GiB total file size
Block size 32KiB
Number of IO requests: 0
Read/Write ratio for combined random IO test: 1.50
Calling fsync() after each write operation.
Using synchronous I/O mode
Doing random read test
Initializing worker threads...

Threads started!


File operations:
    reads/s:                      1029110.85
    writes/s:                     0.00
    fsyncs/s:                     0.00

Throughput:
    read, MiB/s:                  32159.71
    written, MiB/s:               0.00

General statistics:
    total time:                          240.0002s
    total number of events:              246988910

Latency (ms):
         min:                                    0.00
         avg:                                    0.02
         max:                                    4.71
         95th percentile:                        0.06
         sum:                              4819443.63

Threads fairness:
    events (avg/stddev):           7718403.4375/17643.33
    execution time (avg/stddev):   150.6076/0.24

sysbench 1.0.17 (using bundled LuaJIT 2.1.0-beta2)

Running the test with following options:
Number of threads: 64
Initializing random number generator from current time


Extra file open flags: (none)
64 files, 128MiB each
8GiB total file size
Block size 32KiB
Number of IO requests: 0
Read/Write ratio for combined random IO test: 1.50
Calling fsync() after each write operation.
Using synchronous I/O mode
Doing random read test
Initializing worker threads...

Threads started!


File operations:
    reads/s:                      1147073.63
    writes/s:                     0.00
    fsyncs/s:                     0.00

Throughput:
    read, MiB/s:                  35846.05
    written, MiB/s:               0.00

General statistics:
    total time:                          240.0002s
    total number of events:              275300360

Latency (ms):
         min:                                    0.00
         avg:                                    0.03
         max:                                   34.98
         95th percentile:                        0.10
         sum:                              8985064.31

Threads fairness:
    events (avg/stddev):           4301568.1250/10097.88
    execution time (avg/stddev):   140.3916/0.22

