sysbench 1.0.17 (using bundled LuaJIT 2.1.0-beta2)

Running the test with following options:
Number of threads: 1
Initializing random number generator from current time


Extra file open flags: (none)
64 files, 128MiB each
8GiB total file size
Block size 32KiB
Number of IO requests: 0
Read/Write ratio for combined random IO test: 1.50
Calling fsync() after each write operation.
Using synchronous I/O mode
Doing random write test
Initializing worker threads...

Threads started!


File operations:
    reads/s:                      0.00
    writes/s:                     5091.20
    fsyncs/s:                     5091.20

Throughput:
    read, MiB/s:                  0.00
    written, MiB/s:               159.10

General statistics:
    total time:                          240.0002s
    total number of events:              1221899

Latency (ms):
         min:                                    0.07
         avg:                                    0.20
         max:                                    2.50
         95th percentile:                        0.22
         sum:                               238601.48

Threads fairness:
    events (avg/stddev):           1221899.0000/0.00
    execution time (avg/stddev):   238.6015/0.00

sysbench 1.0.17 (using bundled LuaJIT 2.1.0-beta2)

Running the test with following options:
Number of threads: 4
Initializing random number generator from current time


Extra file open flags: (none)
64 files, 128MiB each
8GiB total file size
Block size 32KiB
Number of IO requests: 0
Read/Write ratio for combined random IO test: 1.50
Calling fsync() after each write operation.
Using synchronous I/O mode
Doing random write test
Initializing worker threads...

Threads started!


File operations:
    reads/s:                      0.00
    writes/s:                     22476.03
    fsyncs/s:                     22476.03

Throughput:
    read, MiB/s:                  0.00
    written, MiB/s:               702.38

General statistics:
    total time:                          240.0001s
    total number of events:              5394296

Latency (ms):
         min:                                    0.07
         avg:                                    0.18
         max:                                    4.21
         95th percentile:                        0.28
         sum:                               952534.39

Threads fairness:
    events (avg/stddev):           1348574.0000/456.28
    execution time (avg/stddev):   238.1336/0.01

sysbench 1.0.17 (using bundled LuaJIT 2.1.0-beta2)

Running the test with following options:
Number of threads: 8
Initializing random number generator from current time


Extra file open flags: (none)
64 files, 128MiB each
8GiB total file size
Block size 32KiB
Number of IO requests: 0
Read/Write ratio for combined random IO test: 1.50
Calling fsync() after each write operation.
Using synchronous I/O mode
Doing random write test
Initializing worker threads...

Threads started!


File operations:
    reads/s:                      0.00
    writes/s:                     42733.64
    fsyncs/s:                     42733.64

Throughput:
    read, MiB/s:                  0.00
    written, MiB/s:               1335.43

General statistics:
    total time:                          240.0002s
    total number of events:              10256172

Latency (ms):
         min:                                    0.07
         avg:                                    0.19
         max:                                    5.13
         95th percentile:                        0.36
         sum:                              1903331.71

Threads fairness:
    events (avg/stddev):           1282021.5000/559.19
    execution time (avg/stddev):   237.9165/0.01

sysbench 1.0.17 (using bundled LuaJIT 2.1.0-beta2)

Running the test with following options:
Number of threads: 16
Initializing random number generator from current time


Extra file open flags: (none)
64 files, 128MiB each
8GiB total file size
Block size 32KiB
Number of IO requests: 0
Read/Write ratio for combined random IO test: 1.50
Calling fsync() after each write operation.
Using synchronous I/O mode
Doing random write test
Initializing worker threads...

Threads started!


File operations:
    reads/s:                      0.00
    writes/s:                     47466.86
    fsyncs/s:                     47466.86

Throughput:
    read, MiB/s:                  0.00
    written, MiB/s:               1483.34

General statistics:
    total time:                          240.0003s
    total number of events:              11392146

Latency (ms):
         min:                                    0.07
         avg:                                    0.34
         max:                                  275.79
         95th percentile:                        0.54
         sum:                              3816883.47

Threads fairness:
    events (avg/stddev):           712009.1250/425.24
    execution time (avg/stddev):   238.5552/0.01

sysbench 1.0.17 (using bundled LuaJIT 2.1.0-beta2)

Running the test with following options:
Number of threads: 32
Initializing random number generator from current time


Extra file open flags: (none)
64 files, 128MiB each
8GiB total file size
Block size 32KiB
Number of IO requests: 0
Read/Write ratio for combined random IO test: 1.50
Calling fsync() after each write operation.
Using synchronous I/O mode
Doing random write test
Initializing worker threads...

Threads started!


File operations:
    reads/s:                      0.00
    writes/s:                     47936.30
    fsyncs/s:                     47936.30

Throughput:
    read, MiB/s:                  0.00
    written, MiB/s:               1498.01

General statistics:
    total time:                          240.0018s
    total number of events:              11504890

Latency (ms):
         min:                                    0.07
         avg:                                    0.67
         max:                                  350.02
         95th percentile:                        0.97
         sum:                              7653274.89

Threads fairness:
    events (avg/stddev):           359527.8125/251.91
    execution time (avg/stddev):   239.1648/0.00

sysbench 1.0.17 (using bundled LuaJIT 2.1.0-beta2)

Running the test with following options:
Number of threads: 64
Initializing random number generator from current time


Extra file open flags: (none)
64 files, 128MiB each
8GiB total file size
Block size 32KiB
Number of IO requests: 0
Read/Write ratio for combined random IO test: 1.50
Calling fsync() after each write operation.
Using synchronous I/O mode
Doing random write test
Initializing worker threads...

Threads started!


File operations:
    reads/s:                      0.00
    writes/s:                     48246.60
    fsyncs/s:                     48246.60

Throughput:
    read, MiB/s:                  0.00
    written, MiB/s:               1507.71

General statistics:
    total time:                          240.2218s
    total number of events:              11589973

Latency (ms):
         min:                                    0.07
         avg:                                    1.32
         max:                                  353.71
         95th percentile:                        2.00
         sum:                             15339335.96

Threads fairness:
    events (avg/stddev):           181093.3281/201.45
    execution time (avg/stddev):   239.6771/0.00

