sysbench 1.0.17 (using bundled LuaJIT 2.1.0-beta2)

Running the test with following options:
Number of threads: 1
Initializing random number generator from current time


Extra file open flags: (none)
64 files, 128MiB each
8GiB total file size
Block size 32KiB
Number of IO requests: 0
Read/Write ratio for combined random IO test: 1.50
Calling fsync() after each write operation.
Using synchronous I/O mode
Doing random read test
Initializing worker threads...

Threads started!


File operations:
    reads/s:                      194132.57
    writes/s:                     0.00
    fsyncs/s:                     0.00

Throughput:
    read, MiB/s:                  6066.64
    written, MiB/s:               0.00

General statistics:
    total time:                          240.0001s
    total number of events:              46592125

Latency (ms):
         min:                                    0.00
         avg:                                    0.00
         max:                                    0.06
         95th percentile:                        0.01
         sum:                               227036.08

Threads fairness:
    events (avg/stddev):           46592125.0000/0.00
    execution time (avg/stddev):   227.0361/0.00

sysbench 1.0.17 (using bundled LuaJIT 2.1.0-beta2)

Running the test with following options:
Number of threads: 4
Initializing random number generator from current time


Extra file open flags: (none)
64 files, 128MiB each
8GiB total file size
Block size 32KiB
Number of IO requests: 0
Read/Write ratio for combined random IO test: 1.50
Calling fsync() after each write operation.
Using synchronous I/O mode
Doing random read test
Initializing worker threads...

Threads started!


File operations:
    reads/s:                      695296.99
    writes/s:                     0.00
    fsyncs/s:                     0.00

Throughput:
    read, MiB/s:                  21728.03
    written, MiB/s:               0.00

General statistics:
    total time:                          240.0000s
    total number of events:              166872423

Latency (ms):
         min:                                    0.00
         avg:                                    0.01
         max:                                    3.97
         95th percentile:                        0.01
         sum:                               866739.94

Threads fairness:
    events (avg/stddev):           41718105.7500/1350325.30
    execution time (avg/stddev):   216.6850/0.36

sysbench 1.0.17 (using bundled LuaJIT 2.1.0-beta2)

Running the test with following options:
Number of threads: 8
Initializing random number generator from current time


Extra file open flags: (none)
64 files, 128MiB each
8GiB total file size
Block size 32KiB
Number of IO requests: 0
Read/Write ratio for combined random IO test: 1.50
Calling fsync() after each write operation.
Using synchronous I/O mode
Doing random read test
Initializing worker threads...

Threads started!


File operations:
    reads/s:                      1080348.39
    writes/s:                     0.00
    fsyncs/s:                     0.00

Throughput:
    read, MiB/s:                  33760.89
    written, MiB/s:               0.00

General statistics:
    total time:                          240.0001s
    total number of events:              259285566

Latency (ms):
         min:                                    0.00
         avg:                                    0.01
         max:                                    0.44
         95th percentile:                        0.01
         sum:                              1586245.36

Threads fairness:
    events (avg/stddev):           32410695.7500/995096.76
    execution time (avg/stddev):   198.2807/0.95

sysbench 1.0.17 (using bundled LuaJIT 2.1.0-beta2)

Running the test with following options:
Number of threads: 16
Initializing random number generator from current time


Extra file open flags: (none)
64 files, 128MiB each
8GiB total file size
Block size 32KiB
Number of IO requests: 0
Read/Write ratio for combined random IO test: 1.50
Calling fsync() after each write operation.
Using synchronous I/O mode
Doing random read test
Initializing worker threads...

Threads started!


File operations:
    reads/s:                      1044116.42
    writes/s:                     0.00
    fsyncs/s:                     0.00

Throughput:
    read, MiB/s:                  32628.64
    written, MiB/s:               0.00

General statistics:
    total time:                          240.0001s
    total number of events:              250589887

Latency (ms):
         min:                                    0.00
         avg:                                    0.01
         max:                                   10.72
         95th percentile:                        0.02
         sum:                              2665209.08

Threads fairness:
    events (avg/stddev):           15661867.9375/29426.12
    execution time (avg/stddev):   166.5756/0.13

sysbench 1.0.17 (using bundled LuaJIT 2.1.0-beta2)

Running the test with following options:
Number of threads: 32
Initializing random number generator from current time


Extra file open flags: (none)
64 files, 128MiB each
8GiB total file size
Block size 32KiB
Number of IO requests: 0
Read/Write ratio for combined random IO test: 1.50
Calling fsync() after each write operation.
Using synchronous I/O mode
Doing random read test
Initializing worker threads...

Threads started!


File operations:
    reads/s:                      1036230.49
    writes/s:                     0.00
    fsyncs/s:                     0.00

Throughput:
    read, MiB/s:                  32382.20
    written, MiB/s:               0.00

General statistics:
    total time:                          240.0001s
    total number of events:              248697259

Latency (ms):
         min:                                    0.00
         avg:                                    0.02
         max:                                    1.31
         95th percentile:                        0.07
         sum:                              4629451.22

Threads fairness:
    events (avg/stddev):           7771789.3438/13042.57
    execution time (avg/stddev):   144.6704/0.12

sysbench 1.0.17 (using bundled LuaJIT 2.1.0-beta2)

Running the test with following options:
Number of threads: 64
Initializing random number generator from current time


Extra file open flags: (none)
64 files, 128MiB each
8GiB total file size
Block size 32KiB
Number of IO requests: 0
Read/Write ratio for combined random IO test: 1.50
Calling fsync() after each write operation.
Using synchronous I/O mode
Doing random read test
Initializing worker threads...

Threads started!


File operations:
    reads/s:                      1075630.70
    writes/s:                     0.00
    fsyncs/s:                     0.00

Throughput:
    read, MiB/s:                  33613.46
    written, MiB/s:               0.00

General statistics:
    total time:                          240.0002s
    total number of events:              258153269

Latency (ms):
         min:                                    0.00
         avg:                                    0.03
         max:                                   41.88
         95th percentile:                        0.19
         sum:                              8628463.97

Threads fairness:
    events (avg/stddev):           4033644.8281/20559.34
    execution time (avg/stddev):   134.8197/0.15

