sysbench 1.0.17 (using bundled LuaJIT 2.1.0-beta2)

Running the test with following options:
Number of threads: 1
Initializing random number generator from current time


Extra file open flags: (none)
64 files, 128MiB each
8GiB total file size
Block size 32KiB
Number of IO requests: 0
Read/Write ratio for combined random IO test: 1.50
Calling fsync() after each write operation.
Using synchronous I/O mode
Doing random read test
Initializing worker threads...

Threads started!


File operations:
    reads/s:                      125143.29
    writes/s:                     0.00
    fsyncs/s:                     0.00

Throughput:
    read, MiB/s:                  3910.73
    written, MiB/s:               0.00

General statistics:
    total time:                          240.0002s
    total number of events:              30034680

Latency (ms):
         min:                                    0.00
         avg:                                    0.01
         max:                                   24.03
         95th percentile:                        0.01
         sum:                               230298.54

Threads fairness:
    events (avg/stddev):           30034680.0000/0.00
    execution time (avg/stddev):   230.2985/0.00

sysbench 1.0.17 (using bundled LuaJIT 2.1.0-beta2)

Running the test with following options:
Number of threads: 4
Initializing random number generator from current time


Extra file open flags: (none)
64 files, 128MiB each
8GiB total file size
Block size 32KiB
Number of IO requests: 0
Read/Write ratio for combined random IO test: 1.50
Calling fsync() after each write operation.
Using synchronous I/O mode
Doing random read test
Initializing worker threads...

Threads started!


File operations:
    reads/s:                      483817.50
    writes/s:                     0.00
    fsyncs/s:                     0.00

Throughput:
    read, MiB/s:                  15119.30
    written, MiB/s:               0.00

General statistics:
    total time:                          240.0001s
    total number of events:              116117380

Latency (ms):
         min:                                    0.00
         avg:                                    0.01
         max:                                    9.76
         95th percentile:                        0.01
         sum:                               902174.04

Threads fairness:
    events (avg/stddev):           29029345.0000/149474.53
    execution time (avg/stddev):   225.5435/0.02

sysbench 1.0.17 (using bundled LuaJIT 2.1.0-beta2)

Running the test with following options:
Number of threads: 8
Initializing random number generator from current time


Extra file open flags: (none)
64 files, 128MiB each
8GiB total file size
Block size 32KiB
Number of IO requests: 0
Read/Write ratio for combined random IO test: 1.50
Calling fsync() after each write operation.
Using synchronous I/O mode
Doing random read test
Initializing worker threads...

Threads started!


File operations:
    reads/s:                      816060.69
    writes/s:                     0.00
    fsyncs/s:                     0.00

Throughput:
    read, MiB/s:                  25501.90
    written, MiB/s:               0.00

General statistics:
    total time:                          240.0019s
    total number of events:              195857951

Latency (ms):
         min:                                    0.00
         avg:                                    0.01
         max:                                   19.58
         95th percentile:                        0.01
         sum:                              1730324.10

Threads fairness:
    events (avg/stddev):           24482243.8750/195218.55
    execution time (avg/stddev):   216.2905/0.12

sysbench 1.0.17 (using bundled LuaJIT 2.1.0-beta2)

Running the test with following options:
Number of threads: 16
Initializing random number generator from current time


Extra file open flags: (none)
64 files, 128MiB each
8GiB total file size
Block size 32KiB
Number of IO requests: 0
Read/Write ratio for combined random IO test: 1.50
Calling fsync() after each write operation.
Using synchronous I/O mode
Doing random read test
Initializing worker threads...

Threads started!


File operations:
    reads/s:                      950082.10
    writes/s:                     0.00
    fsyncs/s:                     0.00

Throughput:
    read, MiB/s:                  29690.07
    written, MiB/s:               0.00

General statistics:
    total time:                          240.0002s
    total number of events:              228021752

Latency (ms):
         min:                                    0.00
         avg:                                    0.01
         max:                                   27.97
         95th percentile:                        0.03
         sum:                              3118168.78

Threads fairness:
    events (avg/stddev):           14251359.5000/28185.79
    execution time (avg/stddev):   194.8855/0.13

sysbench 1.0.17 (using bundled LuaJIT 2.1.0-beta2)

Running the test with following options:
Number of threads: 32
Initializing random number generator from current time


Extra file open flags: (none)
64 files, 128MiB each
8GiB total file size
Block size 32KiB
Number of IO requests: 0
Read/Write ratio for combined random IO test: 1.50
Calling fsync() after each write operation.
Using synchronous I/O mode
Doing random read test
Initializing worker threads...

Threads started!


File operations:
    reads/s:                      949104.38
    writes/s:                     0.00
    fsyncs/s:                     0.00

Throughput:
    read, MiB/s:                  29659.51
    written, MiB/s:               0.00

General statistics:
    total time:                          240.0008s
    total number of events:              227787758

Latency (ms):
         min:                                    0.00
         avg:                                    0.02
         max:                                  164.49
         95th percentile:                        0.06
         sum:                              5569646.72

Threads fairness:
    events (avg/stddev):           7118367.4375/25457.42
    execution time (avg/stddev):   174.0515/0.19

sysbench 1.0.17 (using bundled LuaJIT 2.1.0-beta2)

Running the test with following options:
Number of threads: 64
Initializing random number generator from current time


Extra file open flags: (none)
64 files, 128MiB each
8GiB total file size
Block size 32KiB
Number of IO requests: 0
Read/Write ratio for combined random IO test: 1.50
Calling fsync() after each write operation.
Using synchronous I/O mode
Doing random read test
Initializing worker threads...

Threads started!


File operations:
    reads/s:                      1031360.77
    writes/s:                     0.00
    fsyncs/s:                     0.00

Throughput:
    read, MiB/s:                  32230.02
    written, MiB/s:               0.00

General statistics:
    total time:                          240.0009s
    total number of events:              247529706

Latency (ms):
         min:                                    0.00
         avg:                                    0.04
         max:                                  138.61
         95th percentile:                        0.14
         sum:                             10384051.62

Threads fairness:
    events (avg/stddev):           3867651.6562/16100.04
    execution time (avg/stddev):   162.2508/0.24

