sysbench 1.0.17 (using bundled LuaJIT 2.1.0-beta2)

Running the test with following options:
Number of threads: 1
Initializing random number generator from current time


Extra file open flags: (none)
64 files, 128MiB each
8GiB total file size
Block size 32KiB
Number of IO requests: 0
Read/Write ratio for combined random IO test: 1.50
Calling fsync() after each write operation.
Using synchronous I/O mode
Doing random read test
Initializing worker threads...

Threads started!


File operations:
    reads/s:                      250332.08
    writes/s:                     0.00
    fsyncs/s:                     0.00

Throughput:
    read, MiB/s:                  7822.88
    written, MiB/s:               0.00

General statistics:
    total time:                          240.0001s
    total number of events:              60080076

Latency (ms):
         min:                                    0.00
         avg:                                    0.00
         max:                                    0.08
         95th percentile:                        0.00
         sum:                               227856.68

Threads fairness:
    events (avg/stddev):           60080076.0000/0.00
    execution time (avg/stddev):   227.8567/0.00

sysbench 1.0.17 (using bundled LuaJIT 2.1.0-beta2)

Running the test with following options:
Number of threads: 4
Initializing random number generator from current time


Extra file open flags: (none)
64 files, 128MiB each
8GiB total file size
Block size 32KiB
Number of IO requests: 0
Read/Write ratio for combined random IO test: 1.50
Calling fsync() after each write operation.
Using synchronous I/O mode
Doing random read test
Initializing worker threads...

Threads started!


File operations:
    reads/s:                      599313.01
    writes/s:                     0.00
    fsyncs/s:                     0.00

Throughput:
    read, MiB/s:                  18728.53
    written, MiB/s:               0.00

General statistics:
    total time:                          240.0001s
    total number of events:              143836230

Latency (ms):
         min:                                    0.00
         avg:                                    0.01
         max:                                    0.22
         95th percentile:                        0.01
         sum:                               843218.37

Threads fairness:
    events (avg/stddev):           35959057.5000/1155910.10
    execution time (avg/stddev):   210.8046/2.28

sysbench 1.0.17 (using bundled LuaJIT 2.1.0-beta2)

Running the test with following options:
Number of threads: 8
Initializing random number generator from current time


Extra file open flags: (none)
64 files, 128MiB each
8GiB total file size
Block size 32KiB
Number of IO requests: 0
Read/Write ratio for combined random IO test: 1.50
Calling fsync() after each write operation.
Using synchronous I/O mode
Doing random read test
Initializing worker threads...

Threads started!


File operations:
    reads/s:                      758682.14
    writes/s:                     0.00
    fsyncs/s:                     0.00

Throughput:
    read, MiB/s:                  23708.82
    written, MiB/s:               0.00

General statistics:
    total time:                          240.0001s
    total number of events:              182085054

Latency (ms):
         min:                                    0.00
         avg:                                    0.01
         max:                                   15.65
         95th percentile:                        0.01
         sum:                              1747343.56

Threads fairness:
    events (avg/stddev):           22760631.7500/77349.59
    execution time (avg/stddev):   218.4179/0.33

sysbench 1.0.17 (using bundled LuaJIT 2.1.0-beta2)

Running the test with following options:
Number of threads: 16
Initializing random number generator from current time


Extra file open flags: (none)
64 files, 128MiB each
8GiB total file size
Block size 32KiB
Number of IO requests: 0
Read/Write ratio for combined random IO test: 1.50
Calling fsync() after each write operation.
Using synchronous I/O mode
Doing random read test
Initializing worker threads...

Threads started!


File operations:
    reads/s:                      739639.89
    writes/s:                     0.00
    fsyncs/s:                     0.00

Throughput:
    read, MiB/s:                  23113.75
    written, MiB/s:               0.00

General statistics:
    total time:                          240.0001s
    total number of events:              177514901

Latency (ms):
         min:                                    0.00
         avg:                                    0.02
         max:                                   13.84
         95th percentile:                        0.04
         sum:                              2764617.74

Threads fairness:
    events (avg/stddev):           11094681.3125/95204.06
    execution time (avg/stddev):   172.7886/0.50

sysbench 1.0.17 (using bundled LuaJIT 2.1.0-beta2)

Running the test with following options:
Number of threads: 32
Initializing random number generator from current time


Extra file open flags: (none)
64 files, 128MiB each
8GiB total file size
Block size 32KiB
Number of IO requests: 0
Read/Write ratio for combined random IO test: 1.50
Calling fsync() after each write operation.
Using synchronous I/O mode
Doing random read test
Initializing worker threads...

Threads started!


File operations:
    reads/s:                      716153.93
    writes/s:                     0.00
    fsyncs/s:                     0.00

Throughput:
    read, MiB/s:                  22379.81
    written, MiB/s:               0.00

General statistics:
    total time:                          240.0002s
    total number of events:              171878251

Latency (ms):
         min:                                    0.00
         avg:                                    0.03
         max:                                   17.65
         95th percentile:                        0.11
         sum:                              4765806.71

Threads fairness:
    events (avg/stddev):           5371195.3438/16278.15
    execution time (avg/stddev):   148.9315/0.46

sysbench 1.0.17 (using bundled LuaJIT 2.1.0-beta2)

Running the test with following options:
Number of threads: 64
Initializing random number generator from current time


Extra file open flags: (none)
64 files, 128MiB each
8GiB total file size
Block size 32KiB
Number of IO requests: 0
Read/Write ratio for combined random IO test: 1.50
Calling fsync() after each write operation.
Using synchronous I/O mode
Doing random read test
Initializing worker threads...

Threads started!


File operations:
    reads/s:                      719736.40
    writes/s:                     0.00
    fsyncs/s:                     0.00

Throughput:
    read, MiB/s:                  22491.76
    written, MiB/s:               0.00

General statistics:
    total time:                          240.0003s
    total number of events:              172738129

Latency (ms):
         min:                                    0.00
         avg:                                    0.05
         max:                                   10.35
         95th percentile:                        0.30
         sum:                              8942043.09

Threads fairness:
    events (avg/stddev):           2699033.2656/11611.90
    execution time (avg/stddev):   139.7194/0.30

