sysbench 1.0.17 (using bundled LuaJIT 2.1.0-beta2)

Running the test with following options:
Number of threads: 1
Initializing random number generator from current time


Extra file open flags: (none)
64 files, 128MiB each
8GiB total file size
Block size 32KiB
Number of IO requests: 0
Read/Write ratio for combined random IO test: 1.50
Calling fsync() after each write operation.
Using synchronous I/O mode
Doing random read test
Initializing worker threads...

Threads started!


File operations:
    reads/s:                      192391.59
    writes/s:                     0.00
    fsyncs/s:                     0.00

Throughput:
    read, MiB/s:                  6012.24
    written, MiB/s:               0.00

General statistics:
    total time:                          240.0001s
    total number of events:              46174301

Latency (ms):
         min:                                    0.00
         avg:                                    0.00
         max:                                    0.15
         95th percentile:                        0.01
         sum:                               228192.59

Threads fairness:
    events (avg/stddev):           46174301.0000/0.00
    execution time (avg/stddev):   228.1926/0.00

sysbench 1.0.17 (using bundled LuaJIT 2.1.0-beta2)

Running the test with following options:
Number of threads: 4
Initializing random number generator from current time


Extra file open flags: (none)
64 files, 128MiB each
8GiB total file size
Block size 32KiB
Number of IO requests: 0
Read/Write ratio for combined random IO test: 1.50
Calling fsync() after each write operation.
Using synchronous I/O mode
Doing random read test
Initializing worker threads...

Threads started!


File operations:
    reads/s:                      660418.10
    writes/s:                     0.00
    fsyncs/s:                     0.00

Throughput:
    read, MiB/s:                  20638.07
    written, MiB/s:               0.00

General statistics:
    total time:                          240.0001s
    total number of events:              158501435

Latency (ms):
         min:                                    0.00
         avg:                                    0.01
         max:                                    6.09
         95th percentile:                        0.01
         sum:                               875467.23

Threads fairness:
    events (avg/stddev):           39625358.7500/390946.12
    execution time (avg/stddev):   218.8668/0.20

sysbench 1.0.17 (using bundled LuaJIT 2.1.0-beta2)

Running the test with following options:
Number of threads: 8
Initializing random number generator from current time


Extra file open flags: (none)
64 files, 128MiB each
8GiB total file size
Block size 32KiB
Number of IO requests: 0
Read/Write ratio for combined random IO test: 1.50
Calling fsync() after each write operation.
Using synchronous I/O mode
Doing random read test
Initializing worker threads...

Threads started!


File operations:
    reads/s:                      1056995.15
    writes/s:                     0.00
    fsyncs/s:                     0.00

Throughput:
    read, MiB/s:                  33031.10
    written, MiB/s:               0.00

General statistics:
    total time:                          240.0001s
    total number of events:              253680621

Latency (ms):
         min:                                    0.00
         avg:                                    0.01
         max:                                    6.17
         95th percentile:                        0.01
         sum:                              1638698.20

Threads fairness:
    events (avg/stddev):           31710077.6250/397990.89
    execution time (avg/stddev):   204.8373/0.17

sysbench 1.0.17 (using bundled LuaJIT 2.1.0-beta2)

Running the test with following options:
Number of threads: 16
Initializing random number generator from current time


Extra file open flags: (none)
64 files, 128MiB each
8GiB total file size
Block size 32KiB
Number of IO requests: 0
Read/Write ratio for combined random IO test: 1.50
Calling fsync() after each write operation.
Using synchronous I/O mode
Doing random read test
Initializing worker threads...

Threads started!


File operations:
    reads/s:                      1025558.08
    writes/s:                     0.00
    fsyncs/s:                     0.00

Throughput:
    read, MiB/s:                  32048.69
    written, MiB/s:               0.00

General statistics:
    total time:                          240.0001s
    total number of events:              246135679

Latency (ms):
         min:                                    0.00
         avg:                                    0.01
         max:                                    6.68
         95th percentile:                        0.02
         sum:                              2744906.46

Threads fairness:
    events (avg/stddev):           15383479.9375/30311.06
    execution time (avg/stddev):   171.5567/0.22

sysbench 1.0.17 (using bundled LuaJIT 2.1.0-beta2)

Running the test with following options:
Number of threads: 32
Initializing random number generator from current time


Extra file open flags: (none)
64 files, 128MiB each
8GiB total file size
Block size 32KiB
Number of IO requests: 0
Read/Write ratio for combined random IO test: 1.50
Calling fsync() after each write operation.
Using synchronous I/O mode
Doing random read test
Initializing worker threads...

Threads started!


File operations:
    reads/s:                      1046670.25
    writes/s:                     0.00
    fsyncs/s:                     0.00

Throughput:
    read, MiB/s:                  32708.45
    written, MiB/s:               0.00

General statistics:
    total time:                          240.0003s
    total number of events:              251202722

Latency (ms):
         min:                                    0.00
         avg:                                    0.02
         max:                                    7.62
         95th percentile:                        0.07
         sum:                              4751487.86

Threads fairness:
    events (avg/stddev):           7850085.0625/11500.41
    execution time (avg/stddev):   148.4840/0.17

sysbench 1.0.17 (using bundled LuaJIT 2.1.0-beta2)

Running the test with following options:
Number of threads: 64
Initializing random number generator from current time


Extra file open flags: (none)
64 files, 128MiB each
8GiB total file size
Block size 32KiB
Number of IO requests: 0
Read/Write ratio for combined random IO test: 1.50
Calling fsync() after each write operation.
Using synchronous I/O mode
Doing random read test
Initializing worker threads...

Threads started!


File operations:
    reads/s:                      1047075.07
    writes/s:                     0.00
    fsyncs/s:                     0.00

Throughput:
    read, MiB/s:                  32721.10
    written, MiB/s:               0.00

General statistics:
    total time:                          240.0005s
    total number of events:              251300091

Latency (ms):
         min:                                    0.00
         avg:                                    0.03
         max:                                   27.22
         95th percentile:                        0.18
         sum:                              8741673.56

Threads fairness:
    events (avg/stddev):           3926563.9219/8814.55
    execution time (avg/stddev):   136.5886/0.17

