sysbench 1.0.17 (using bundled LuaJIT 2.1.0-beta2)

Running the test with following options:
Number of threads: 1
Initializing random number generator from current time


Extra file open flags: (none)
64 files, 128MiB each
8GiB total file size
Block size 32KiB
Number of IO requests: 0
Read/Write ratio for combined random IO test: 1.50
Calling fsync() after each write operation.
Using synchronous I/O mode
Doing random read test
Initializing worker threads...

Threads started!


File operations:
    reads/s:                      190652.88
    writes/s:                     0.00
    fsyncs/s:                     0.00

Throughput:
    read, MiB/s:                  5957.90
    written, MiB/s:               0.00

General statistics:
    total time:                          240.0001s
    total number of events:              45757000

Latency (ms):
         min:                                    0.00
         avg:                                    0.00
         max:                                    0.06
         95th percentile:                        0.01
         sum:                               227372.32

Threads fairness:
    events (avg/stddev):           45757000.0000/0.00
    execution time (avg/stddev):   227.3723/0.00

sysbench 1.0.17 (using bundled LuaJIT 2.1.0-beta2)

Running the test with following options:
Number of threads: 4
Initializing random number generator from current time


Extra file open flags: (none)
64 files, 128MiB each
8GiB total file size
Block size 32KiB
Number of IO requests: 0
Read/Write ratio for combined random IO test: 1.50
Calling fsync() after each write operation.
Using synchronous I/O mode
Doing random read test
Initializing worker threads...

Threads started!


File operations:
    reads/s:                      694083.86
    writes/s:                     0.00
    fsyncs/s:                     0.00

Throughput:
    read, MiB/s:                  21690.12
    written, MiB/s:               0.00

General statistics:
    total time:                          240.0000s
    total number of events:              166581230

Latency (ms):
         min:                                    0.00
         avg:                                    0.01
         max:                                    0.14
         95th percentile:                        0.01
         sum:                               870807.50

Threads fairness:
    events (avg/stddev):           41645307.5000/901878.80
    execution time (avg/stddev):   217.7019/0.28

sysbench 1.0.17 (using bundled LuaJIT 2.1.0-beta2)

Running the test with following options:
Number of threads: 8
Initializing random number generator from current time


Extra file open flags: (none)
64 files, 128MiB each
8GiB total file size
Block size 32KiB
Number of IO requests: 0
Read/Write ratio for combined random IO test: 1.50
Calling fsync() after each write operation.
Using synchronous I/O mode
Doing random read test
Initializing worker threads...

Threads started!


File operations:
    reads/s:                      1061137.09
    writes/s:                     0.00
    fsyncs/s:                     0.00

Throughput:
    read, MiB/s:                  33160.53
    written, MiB/s:               0.00

General statistics:
    total time:                          240.0000s
    total number of events:              254674813

Latency (ms):
         min:                                    0.00
         avg:                                    0.01
         max:                                    1.20
         95th percentile:                        0.01
         sum:                              1595797.77

Threads fairness:
    events (avg/stddev):           31834351.6250/986764.30
    execution time (avg/stddev):   199.4747/1.53

sysbench 1.0.17 (using bundled LuaJIT 2.1.0-beta2)

Running the test with following options:
Number of threads: 16
Initializing random number generator from current time


Extra file open flags: (none)
64 files, 128MiB each
8GiB total file size
Block size 32KiB
Number of IO requests: 0
Read/Write ratio for combined random IO test: 1.50
Calling fsync() after each write operation.
Using synchronous I/O mode
Doing random read test
Initializing worker threads...

Threads started!


File operations:
    reads/s:                      1082266.86
    writes/s:                     0.00
    fsyncs/s:                     0.00

Throughput:
    read, MiB/s:                  33820.84
    written, MiB/s:               0.00

General statistics:
    total time:                          240.0001s
    total number of events:              259746118

Latency (ms):
         min:                                    0.00
         avg:                                    0.01
         max:                                    3.41
         95th percentile:                        0.02
         sum:                              2693366.46

Threads fairness:
    events (avg/stddev):           16234132.3750/26144.69
    execution time (avg/stddev):   168.3354/0.12

sysbench 1.0.17 (using bundled LuaJIT 2.1.0-beta2)

Running the test with following options:
Number of threads: 32
Initializing random number generator from current time


Extra file open flags: (none)
64 files, 128MiB each
8GiB total file size
Block size 32KiB
Number of IO requests: 0
Read/Write ratio for combined random IO test: 1.50
Calling fsync() after each write operation.
Using synchronous I/O mode
Doing random read test
Initializing worker threads...

Threads started!


File operations:
    reads/s:                      1072939.16
    writes/s:                     0.00
    fsyncs/s:                     0.00

Throughput:
    read, MiB/s:                  33529.35
    written, MiB/s:               0.00

General statistics:
    total time:                          240.0001s
    total number of events:              257507214

Latency (ms):
         min:                                    0.00
         avg:                                    0.02
         max:                                    7.10
         95th percentile:                        0.07
         sum:                              4676691.00

Threads fairness:
    events (avg/stddev):           8047100.4375/11126.56
    execution time (avg/stddev):   146.1466/0.09

sysbench 1.0.17 (using bundled LuaJIT 2.1.0-beta2)

Running the test with following options:
Number of threads: 64
Initializing random number generator from current time


Extra file open flags: (none)
64 files, 128MiB each
8GiB total file size
Block size 32KiB
Number of IO requests: 0
Read/Write ratio for combined random IO test: 1.50
Calling fsync() after each write operation.
Using synchronous I/O mode
Doing random read test
Initializing worker threads...

Threads started!


File operations:
    reads/s:                      1072944.23
    writes/s:                     0.00
    fsyncs/s:                     0.00

Throughput:
    read, MiB/s:                  33529.51
    written, MiB/s:               0.00

General statistics:
    total time:                          240.0002s
    total number of events:              257508489

Latency (ms):
         min:                                    0.00
         avg:                                    0.03
         max:                                    8.97
         95th percentile:                        0.20
         sum:                              8676925.65

Threads fairness:
    events (avg/stddev):           4023570.1406/27842.24
    execution time (avg/stddev):   135.5770/0.16

