sysbench 1.0.17 (using bundled LuaJIT 2.1.0-beta2)

Running the test with following options:
Number of threads: 1
Initializing random number generator from current time


Extra file open flags: (none)
64 files, 128MiB each
8GiB total file size
Block size 32KiB
Number of IO requests: 0
Read/Write ratio for combined random IO test: 1.50
Calling fsync() after each write operation.
Using synchronous I/O mode
Doing random read test
Initializing worker threads...

Threads started!


File operations:
    reads/s:                      161730.59
    writes/s:                     0.00
    fsyncs/s:                     0.00

Throughput:
    read, MiB/s:                  5054.08
    written, MiB/s:               0.00

General statistics:
    total time:                          240.0001s
    total number of events:              38815659

Latency (ms):
         min:                                    0.00
         avg:                                    0.01
         max:                                    1.05
         95th percentile:                        0.01
         sum:                               228683.23

Threads fairness:
    events (avg/stddev):           38815659.0000/0.00
    execution time (avg/stddev):   228.6832/0.00

sysbench 1.0.17 (using bundled LuaJIT 2.1.0-beta2)

Running the test with following options:
Number of threads: 4
Initializing random number generator from current time


Extra file open flags: (none)
64 files, 128MiB each
8GiB total file size
Block size 32KiB
Number of IO requests: 0
Read/Write ratio for combined random IO test: 1.50
Calling fsync() after each write operation.
Using synchronous I/O mode
Doing random read test
Initializing worker threads...

Threads started!


File operations:
    reads/s:                      582909.10
    writes/s:                     0.00
    fsyncs/s:                     0.00

Throughput:
    read, MiB/s:                  18215.91
    written, MiB/s:               0.00

General statistics:
    total time:                          240.0001s
    total number of events:              139899359

Latency (ms):
         min:                                    0.00
         avg:                                    0.01
         max:                                    0.99
         95th percentile:                        0.01
         sum:                               880407.43

Threads fairness:
    events (avg/stddev):           34974839.7500/39393.40
    execution time (avg/stddev):   220.1019/0.08

sysbench 1.0.17 (using bundled LuaJIT 2.1.0-beta2)

Running the test with following options:
Number of threads: 8
Initializing random number generator from current time


Extra file open flags: (none)
64 files, 128MiB each
8GiB total file size
Block size 32KiB
Number of IO requests: 0
Read/Write ratio for combined random IO test: 1.50
Calling fsync() after each write operation.
Using synchronous I/O mode
Doing random read test
Initializing worker threads...

Threads started!


File operations:
    reads/s:                      959706.63
    writes/s:                     0.00
    fsyncs/s:                     0.00

Throughput:
    read, MiB/s:                  29990.83
    written, MiB/s:               0.00

General statistics:
    total time:                          240.0002s
    total number of events:              230331654

Latency (ms):
         min:                                    0.00
         avg:                                    0.01
         max:                                    0.64
         95th percentile:                        0.01
         sum:                              1631767.57

Threads fairness:
    events (avg/stddev):           28791456.7500/69087.87
    execution time (avg/stddev):   203.9709/0.90

sysbench 1.0.17 (using bundled LuaJIT 2.1.0-beta2)

Running the test with following options:
Number of threads: 16
Initializing random number generator from current time


Extra file open flags: (none)
64 files, 128MiB each
8GiB total file size
Block size 32KiB
Number of IO requests: 0
Read/Write ratio for combined random IO test: 1.50
Calling fsync() after each write operation.
Using synchronous I/O mode
Doing random read test
Initializing worker threads...

Threads started!


File operations:
    reads/s:                      1020181.67
    writes/s:                     0.00
    fsyncs/s:                     0.00

Throughput:
    read, MiB/s:                  31880.68
    written, MiB/s:               0.00

General statistics:
    total time:                          240.0002s
    total number of events:              244845710

Latency (ms):
         min:                                    0.00
         avg:                                    0.01
         max:                                   25.81
         95th percentile:                        0.02
         sum:                              2813353.26

Threads fairness:
    events (avg/stddev):           15302856.8750/27910.34
    execution time (avg/stddev):   175.8346/0.24

sysbench 1.0.17 (using bundled LuaJIT 2.1.0-beta2)

Running the test with following options:
Number of threads: 32
Initializing random number generator from current time


Extra file open flags: (none)
64 files, 128MiB each
8GiB total file size
Block size 32KiB
Number of IO requests: 0
Read/Write ratio for combined random IO test: 1.50
Calling fsync() after each write operation.
Using synchronous I/O mode
Doing random read test
Initializing worker threads...

Threads started!


File operations:
    reads/s:                      1030107.26
    writes/s:                     0.00
    fsyncs/s:                     0.00

Throughput:
    read, MiB/s:                  32190.85
    written, MiB/s:               0.00

General statistics:
    total time:                          240.0004s
    total number of events:              247228103

Latency (ms):
         min:                                    0.00
         avg:                                    0.02
         max:                                   25.34
         95th percentile:                        0.08
         sum:                              4835957.54

Threads fairness:
    events (avg/stddev):           7725878.2188/8327.40
    execution time (avg/stddev):   151.1237/0.11

sysbench 1.0.17 (using bundled LuaJIT 2.1.0-beta2)

Running the test with following options:
Number of threads: 64
Initializing random number generator from current time


Extra file open flags: (none)
64 files, 128MiB each
8GiB total file size
Block size 32KiB
Number of IO requests: 0
Read/Write ratio for combined random IO test: 1.50
Calling fsync() after each write operation.
Using synchronous I/O mode
Doing random read test
Initializing worker threads...

Threads started!


File operations:
    reads/s:                      1021140.20
    writes/s:                     0.00
    fsyncs/s:                     0.00

Throughput:
    read, MiB/s:                  31910.63
    written, MiB/s:               0.00

General statistics:
    total time:                          240.0006s
    total number of events:              245076140

Latency (ms):
         min:                                    0.00
         avg:                                    0.04
         max:                                   30.84
         95th percentile:                        0.21
         sum:                              8878705.59

Threads fairness:
    events (avg/stddev):           3829314.6875/5458.17
    execution time (avg/stddev):   138.7298/0.13

