sysbench 1.0.17 (using bundled LuaJIT 2.1.0-beta2)

Running the test with following options:
Number of threads: 1
Initializing random number generator from current time


Extra file open flags: (none)
64 files, 128MiB each
8GiB total file size
Block size 32KiB
Number of IO requests: 0
Read/Write ratio for combined random IO test: 1.50
Calling fsync() after each write operation.
Using synchronous I/O mode
Doing random read test
Initializing worker threads...

Threads started!


File operations:
    reads/s:                      205929.28
    writes/s:                     0.00
    fsyncs/s:                     0.00

Throughput:
    read, MiB/s:                  6435.29
    written, MiB/s:               0.00

General statistics:
    total time:                          240.0001s
    total number of events:              49423364

Latency (ms):
         min:                                    0.00
         avg:                                    0.00
         max:                                    0.71
         95th percentile:                        0.01
         sum:                               229297.87

Threads fairness:
    events (avg/stddev):           49423364.0000/0.00
    execution time (avg/stddev):   229.2979/0.00

sysbench 1.0.17 (using bundled LuaJIT 2.1.0-beta2)

Running the test with following options:
Number of threads: 4
Initializing random number generator from current time


Extra file open flags: (none)
64 files, 128MiB each
8GiB total file size
Block size 32KiB
Number of IO requests: 0
Read/Write ratio for combined random IO test: 1.50
Calling fsync() after each write operation.
Using synchronous I/O mode
Doing random read test
Initializing worker threads...

Threads started!


File operations:
    reads/s:                      687206.69
    writes/s:                     0.00
    fsyncs/s:                     0.00

Throughput:
    read, MiB/s:                  21475.21
    written, MiB/s:               0.00

General statistics:
    total time:                          240.0001s
    total number of events:              164930697

Latency (ms):
         min:                                    0.00
         avg:                                    0.01
         max:                                    0.13
         95th percentile:                        0.01
         sum:                               874132.65

Threads fairness:
    events (avg/stddev):           41232674.2500/149533.01
    execution time (avg/stddev):   218.5332/0.10

sysbench 1.0.17 (using bundled LuaJIT 2.1.0-beta2)

Running the test with following options:
Number of threads: 8
Initializing random number generator from current time


Extra file open flags: (none)
64 files, 128MiB each
8GiB total file size
Block size 32KiB
Number of IO requests: 0
Read/Write ratio for combined random IO test: 1.50
Calling fsync() after each write operation.
Using synchronous I/O mode
Doing random read test
Initializing worker threads...

Threads started!


File operations:
    reads/s:                      1088231.31
    writes/s:                     0.00
    fsyncs/s:                     0.00

Throughput:
    read, MiB/s:                  34007.23
    written, MiB/s:               0.00

General statistics:
    total time:                          240.0001s
    total number of events:              261177253

Latency (ms):
         min:                                    0.00
         avg:                                    0.01
         max:                                    8.66
         95th percentile:                        0.01
         sum:                              1628609.99

Threads fairness:
    events (avg/stddev):           32647156.6250/467019.73
    execution time (avg/stddev):   203.5762/0.21

sysbench 1.0.17 (using bundled LuaJIT 2.1.0-beta2)

Running the test with following options:
Number of threads: 16
Initializing random number generator from current time


Extra file open flags: (none)
64 files, 128MiB each
8GiB total file size
Block size 32KiB
Number of IO requests: 0
Read/Write ratio for combined random IO test: 1.50
Calling fsync() after each write operation.
Using synchronous I/O mode
Doing random read test
Initializing worker threads...

Threads started!


File operations:
    reads/s:                      1032609.25
    writes/s:                     0.00
    fsyncs/s:                     0.00

Throughput:
    read, MiB/s:                  32269.04
    written, MiB/s:               0.00

General statistics:
    total time:                          240.0001s
    total number of events:              247827899

Latency (ms):
         min:                                    0.00
         avg:                                    0.01
         max:                                    9.27
         95th percentile:                        0.02
         sum:                              2725886.76

Threads fairness:
    events (avg/stddev):           15489243.6875/31220.69
    execution time (avg/stddev):   170.3679/0.26

sysbench 1.0.17 (using bundled LuaJIT 2.1.0-beta2)

Running the test with following options:
Number of threads: 32
Initializing random number generator from current time


Extra file open flags: (none)
64 files, 128MiB each
8GiB total file size
Block size 32KiB
Number of IO requests: 0
Read/Write ratio for combined random IO test: 1.50
Calling fsync() after each write operation.
Using synchronous I/O mode
Doing random read test
Initializing worker threads...

Threads started!


File operations:
    reads/s:                      1048198.05
    writes/s:                     0.00
    fsyncs/s:                     0.00

Throughput:
    read, MiB/s:                  32756.19
    written, MiB/s:               0.00

General statistics:
    total time:                          240.0003s
    total number of events:              251569377

Latency (ms):
         min:                                    0.00
         avg:                                    0.02
         max:                                    8.63
         95th percentile:                        0.07
         sum:                              4776490.33

Threads fairness:
    events (avg/stddev):           7861543.0312/11958.33
    execution time (avg/stddev):   149.2653/0.17

sysbench 1.0.17 (using bundled LuaJIT 2.1.0-beta2)

Running the test with following options:
Number of threads: 64
Initializing random number generator from current time


Extra file open flags: (none)
64 files, 128MiB each
8GiB total file size
Block size 32KiB
Number of IO requests: 0
Read/Write ratio for combined random IO test: 1.50
Calling fsync() after each write operation.
Using synchronous I/O mode
Doing random read test
Initializing worker threads...

Threads started!


File operations:
    reads/s:                      1066011.24
    writes/s:                     0.00
    fsyncs/s:                     0.00

Throughput:
    read, MiB/s:                  33312.85
    written, MiB/s:               0.00

General statistics:
    total time:                          240.0005s
    total number of events:              255844759

Latency (ms):
         min:                                    0.00
         avg:                                    0.03
         max:                                   24.24
         95th percentile:                        0.18
         sum:                              8777285.14

Threads fairness:
    events (avg/stddev):           3997574.3594/10671.67
    execution time (avg/stddev):   137.1451/0.20

