sysbench 1.0.17 (using bundled LuaJIT 2.1.0-beta2)

Running the test with following options:
Number of threads: 1
Initializing random number generator from current time


Extra file open flags: (none)
64 files, 128MiB each
8GiB total file size
Block size 32KiB
Number of IO requests: 0
Read/Write ratio for combined random IO test: 1.50
Calling fsync() after each write operation.
Using synchronous I/O mode
Doing random write test
Initializing worker threads...

Threads started!


File operations:
    reads/s:                      0.00
    writes/s:                     1756.56
    fsyncs/s:                     1756.56

Throughput:
    read, MiB/s:                  0.00
    written, MiB/s:               54.89

General statistics:
    total time:                          240.0004s
    total number of events:              421578

Latency (ms):
         min:                                    0.10
         avg:                                    0.57
         max:                                  168.20
         95th percentile:                        1.06
         sum:                               239417.34

Threads fairness:
    events (avg/stddev):           421578.0000/0.00
    execution time (avg/stddev):   239.4173/0.00

sysbench 1.0.17 (using bundled LuaJIT 2.1.0-beta2)

Running the test with following options:
Number of threads: 4
Initializing random number generator from current time


Extra file open flags: (none)
64 files, 128MiB each
8GiB total file size
Block size 32KiB
Number of IO requests: 0
Read/Write ratio for combined random IO test: 1.50
Calling fsync() after each write operation.
Using synchronous I/O mode
Doing random write test
Initializing worker threads...

Threads started!


File operations:
    reads/s:                      0.00
    writes/s:                     5103.02
    fsyncs/s:                     5103.02

Throughput:
    read, MiB/s:                  0.00
    written, MiB/s:               159.47

General statistics:
    total time:                          240.0044s
    total number of events:              1224757

Latency (ms):
         min:                                    0.09
         avg:                                    0.78
         max:                                  202.95
         95th percentile:                        1.93
         sum:                               958180.47

Threads fairness:
    events (avg/stddev):           306189.2500/255.71
    execution time (avg/stddev):   239.5451/0.01

sysbench 1.0.17 (using bundled LuaJIT 2.1.0-beta2)

Running the test with following options:
Number of threads: 8
Initializing random number generator from current time


Extra file open flags: (none)
64 files, 128MiB each
8GiB total file size
Block size 32KiB
Number of IO requests: 0
Read/Write ratio for combined random IO test: 1.50
Calling fsync() after each write operation.
Using synchronous I/O mode
Doing random write test
Initializing worker threads...

Threads started!

