sysbench 1.0.17 (using bundled LuaJIT 2.1.0-beta2)

Running the test with following options:
Number of threads: 1
Initializing random number generator from current time


Extra file open flags: (none)
64 files, 128MiB each
8GiB total file size
Block size 32KiB
Number of IO requests: 0
Read/Write ratio for combined random IO test: 1.50
Calling fsync() after each write operation.
Using synchronous I/O mode
Doing random read test
Initializing worker threads...

Threads started!


File operations:
    reads/s:                      864049.63
    writes/s:                     0.00
    fsyncs/s:                     0.00

Throughput:
    read, MiB/s:                  27001.55
    written, MiB/s:               0.00

General statistics:
    total time:                          240.0006s
    total number of events:              207374282

Latency (ms):
         min:                                    0.00
         avg:                                    0.05
         max:                                   70.08
         95th percentile:                        0.11
         sum:                             10321855.06

Threads fairness:
    events (avg/stddev):           3240223.1562/15861.91
    execution time (avg/stddev):   161.2790/0.30


File operations:
    reads/s:                      130535.60
    writes/s:                     0.00
    fsyncs/s:                     0.00

Throughput:
    read, MiB/s:                  4079.24
    written, MiB/s:               0.00

General statistics:
    total time:                          240.0001s
    total number of events:              31328811

Latency (ms):
         min:                                    0.00
         avg:                                    0.01
         max:                                   41.74
         95th percentile:                        0.01
         sum:                               228854.51

Threads fairness:
    events (avg/stddev):           31328811.0000/0.00
    execution time (avg/stddev):   228.8545/0.00

sysbench 1.0.17 (using bundled LuaJIT 2.1.0-beta2)

Running the test with following options:
Number of threads: 4
Initializing random number generator from current time


Extra file open flags: (none)
64 files, 128MiB each
8GiB total file size
Block size 32KiB
Number of IO requests: 0
Read/Write ratio for combined random IO test: 1.50
Calling fsync() after each write operation.
Using synchronous I/O mode
Doing random read test
Initializing worker threads...

Threads started!


File operations:
    reads/s:                      504714.59
    writes/s:                     0.00
    fsyncs/s:                     0.00

Throughput:
    read, MiB/s:                  15772.33
    written, MiB/s:               0.00

General statistics:
    total time:                          240.0002s
    total number of events:              121132887

Latency (ms):
         min:                                    0.00
         avg:                                    0.01
         max:                                   26.00
         95th percentile:                        0.01
         sum:                               895261.81

Threads fairness:
    events (avg/stddev):           30283221.7500/152683.70
    execution time (avg/stddev):   223.8155/0.12

sysbench 1.0.17 (using bundled LuaJIT 2.1.0-beta2)

Running the test with following options:
Number of threads: 8
Initializing random number generator from current time


Extra file open flags: (none)
64 files, 128MiB each
8GiB total file size
Block size 32KiB
Number of IO requests: 0
Read/Write ratio for combined random IO test: 1.50
Calling fsync() after each write operation.
Using synchronous I/O mode
Doing random read test
Initializing worker threads...

Threads started!


File operations:
    reads/s:                      771417.58
    writes/s:                     0.00
    fsyncs/s:                     0.00

Throughput:
    read, MiB/s:                  24106.80
    written, MiB/s:               0.00

General statistics:
    total time:                          240.0002s
    total number of events:              185141967

Latency (ms):
         min:                                    0.00
         avg:                                    0.01
         max:                                   26.26
         95th percentile:                        0.02
         sum:                              1715433.77

Threads fairness:
    events (avg/stddev):           23142745.8750/180994.69
    execution time (avg/stddev):   214.4292/0.14

sysbench 1.0.17 (using bundled LuaJIT 2.1.0-beta2)

Running the test with following options:
Number of threads: 16
Initializing random number generator from current time


Extra file open flags: (none)
64 files, 128MiB each
8GiB total file size
Block size 32KiB
Number of IO requests: 0
Read/Write ratio for combined random IO test: 1.50
Calling fsync() after each write operation.
Using synchronous I/O mode
Doing random read test
Initializing worker threads...

Threads started!


File operations:
    reads/s:                      742632.34
    writes/s:                     0.00
    fsyncs/s:                     0.00

Throughput:
    read, MiB/s:                  23207.26
    written, MiB/s:               0.00

General statistics:
    total time:                          240.0003s
    total number of events:              178233689

Latency (ms):
         min:                                    0.00
         avg:                                    0.02
         max:                                   35.33
         95th percentile:                        0.03
         sum:                              3236255.04

Threads fairness:
    events (avg/stddev):           11139605.5625/34711.30
    execution time (avg/stddev):   202.2659/0.12

sysbench 1.0.17 (using bundled LuaJIT 2.1.0-beta2)

Running the test with following options:
Number of threads: 32
Initializing random number generator from current time


Extra file open flags: (none)
64 files, 128MiB each
8GiB total file size
Block size 32KiB
Number of IO requests: 0
Read/Write ratio for combined random IO test: 1.50
Calling fsync() after each write operation.
Using synchronous I/O mode
Doing random read test
Initializing worker threads...

Threads started!


File operations:
    reads/s:                      835632.62
    writes/s:                     0.00
    fsyncs/s:                     0.00

Throughput:
    read, MiB/s:                  26113.52
    written, MiB/s:               0.00

General statistics:
    total time:                          240.0003s
    total number of events:              200553792

Latency (ms):
         min:                                    0.00
         avg:                                    0.03
         max:                                   39.30
         95th percentile:                        0.05
         sum:                              5752732.51

Threads fairness:
    events (avg/stddev):           6267306.0000/32141.28
    execution time (avg/stddev):   179.7729/0.15

sysbench 1.0.17 (using bundled LuaJIT 2.1.0-beta2)

Running the test with following options:
Number of threads: 64
Initializing random number generator from current time


Extra file open flags: (none)
64 files, 128MiB each
8GiB total file size
Block size 32KiB
Number of IO requests: 0
Read/Write ratio for combined random IO test: 1.50
Calling fsync() after each write operation.
Using synchronous I/O mode
Doing random read test
Initializing worker threads...

Threads started!


File operations:
    reads/s:                      888414.67
    writes/s:                     0.00
    fsyncs/s:                     0.00

Throughput:
    read, MiB/s:                  27762.96
    written, MiB/s:               0.00

General statistics:
    total time:                          240.0009s
    total number of events:              213222093

Latency (ms):
         min:                                    0.00
         avg:                                    0.05
         max:                                   73.31
         95th percentile:                        0.11
         sum:                             10397641.98

Threads fairness:
    events (avg/stddev):           3331595.2031/13110.81
    execution time (avg/stddev):   162.4632/0.31

