sysbench 1.0.17 (using bundled LuaJIT 2.1.0-beta2)

Running the test with following options:
Number of threads: 1
Initializing random number generator from current time


Extra file open flags: (none)
64 files, 128MiB each
8GiB total file size
Block size 32KiB
Number of IO requests: 0
Read/Write ratio for combined random IO test: 1.50
Calling fsync() after each write operation.
Using synchronous I/O mode
Doing random read test
Initializing worker threads...

Threads started!


File operations:
    reads/s:                      176432.93
    writes/s:                     0.00
    fsyncs/s:                     0.00

Throughput:
    read, MiB/s:                  5513.53
    written, MiB/s:               0.00

General statistics:
    total time:                          240.0001s
    total number of events:              42344255

Latency (ms):
         min:                                    0.00
         avg:                                    0.01
         max:                                    0.41
         95th percentile:                        0.01
         sum:                               228277.08

Threads fairness:
    events (avg/stddev):           42344255.0000/0.00
    execution time (avg/stddev):   228.2771/0.00

sysbench 1.0.17 (using bundled LuaJIT 2.1.0-beta2)

Running the test with following options:
Number of threads: 4
Initializing random number generator from current time


Extra file open flags: (none)
64 files, 128MiB each
8GiB total file size
Block size 32KiB
Number of IO requests: 0
Read/Write ratio for combined random IO test: 1.50
Calling fsync() after each write operation.
Using synchronous I/O mode
Doing random read test
Initializing worker threads...

Threads started!


File operations:
    reads/s:                      433452.47
    writes/s:                     0.00
    fsyncs/s:                     0.00

Throughput:
    read, MiB/s:                  13545.39
    written, MiB/s:               0.00

General statistics:
    total time:                          240.0001s
    total number of events:              104029540

Latency (ms):
         min:                                    0.00
         avg:                                    0.01
         max:                                   15.93
         95th percentile:                        0.01
         sum:                               898658.22

Threads fairness:
    events (avg/stddev):           26007385.0000/58500.59
    execution time (avg/stddev):   224.6646/0.26

sysbench 1.0.17 (using bundled LuaJIT 2.1.0-beta2)

Running the test with following options:
Number of threads: 8
Initializing random number generator from current time


Extra file open flags: (none)
64 files, 128MiB each
8GiB total file size
Block size 32KiB
Number of IO requests: 0
Read/Write ratio for combined random IO test: 1.50
Calling fsync() after each write operation.
Using synchronous I/O mode
Doing random read test
Initializing worker threads...

Threads started!


File operations:
    reads/s:                      430081.57
    writes/s:                     0.00
    fsyncs/s:                     0.00

Throughput:
    read, MiB/s:                  13440.05
    written, MiB/s:               0.00

General statistics:
    total time:                          240.0003s
    total number of events:              103220437

Latency (ms):
         min:                                    0.00
         avg:                                    0.02
         max:                                   48.03
         95th percentile:                        0.01
         sum:                              1647592.01

Threads fairness:
    events (avg/stddev):           12902554.6250/69439.79
    execution time (avg/stddev):   205.9490/0.39

sysbench 1.0.17 (using bundled LuaJIT 2.1.0-beta2)

Running the test with following options:
Number of threads: 16
Initializing random number generator from current time


Extra file open flags: (none)
64 files, 128MiB each
8GiB total file size
Block size 32KiB
Number of IO requests: 0
Read/Write ratio for combined random IO test: 1.50
Calling fsync() after each write operation.
Using synchronous I/O mode
Doing random read test
Initializing worker threads...

Threads started!


File operations:
    reads/s:                      429323.92
    writes/s:                     0.00
    fsyncs/s:                     0.00

Throughput:
    read, MiB/s:                  13416.37
    written, MiB/s:               0.00

General statistics:
    total time:                          240.0005s
    total number of events:              103038723

Latency (ms):
         min:                                    0.00
         avg:                                    0.03
         max:                                  106.36
         95th percentile:                        0.01
         sum:                              3256210.20

Threads fairness:
    events (avg/stddev):           6439920.1875/26874.19
    execution time (avg/stddev):   203.5131/0.90

sysbench 1.0.17 (using bundled LuaJIT 2.1.0-beta2)

Running the test with following options:
Number of threads: 32
Initializing random number generator from current time


Extra file open flags: (none)
64 files, 128MiB each
8GiB total file size
Block size 32KiB
Number of IO requests: 0
Read/Write ratio for combined random IO test: 1.50
Calling fsync() after each write operation.
Using synchronous I/O mode
Doing random read test
Initializing worker threads...

Threads started!


File operations:
    reads/s:                      430307.49
    writes/s:                     0.00
    fsyncs/s:                     0.00

Throughput:
    read, MiB/s:                  13447.11
    written, MiB/s:               0.00

General statistics:
    total time:                          240.0007s
    total number of events:              103274903

Latency (ms):
         min:                                    0.00
         avg:                                    0.07
         max:                                  124.03
         95th percentile:                        0.01
         sum:                              6775717.88

Threads fairness:
    events (avg/stddev):           3227340.7188/12437.94
    execution time (avg/stddev):   211.7412/0.74

sysbench 1.0.17 (using bundled LuaJIT 2.1.0-beta2)

Running the test with following options:
Number of threads: 64
Initializing random number generator from current time


Extra file open flags: (none)
64 files, 128MiB each
8GiB total file size
Block size 32KiB
Number of IO requests: 0
Read/Write ratio for combined random IO test: 1.50
Calling fsync() after each write operation.
Using synchronous I/O mode
Doing random read test
Initializing worker threads...

Threads started!


File operations:
    reads/s:                      431314.03
    writes/s:                     0.00
    fsyncs/s:                     0.00

Throughput:
    read, MiB/s:                  13478.56
    written, MiB/s:               0.00

General statistics:
    total time:                          240.0015s
    total number of events:              103516836

Latency (ms):
         min:                                    0.00
         avg:                                    0.13
         max:                                  192.05
         95th percentile:                        0.01
         sum:                             13399281.99

Threads fairness:
    events (avg/stddev):           1617450.5625/6206.81
    execution time (avg/stddev):   209.3638/1.23

