sysbench 1.0.17 (using bundled LuaJIT 2.1.0-beta2)

Running the test with following options:
Number of threads: 1
Initializing random number generator from current time


Extra file open flags: (none)
64 files, 128MiB each
8GiB total file size
Block size 32KiB
Number of IO requests: 0
Read/Write ratio for combined random IO test: 1.50
Calling fsync() after each write operation.
Using synchronous I/O mode
Doing random read test
Initializing worker threads...

Threads started!


File operations:
    reads/s:                      216963.65
    writes/s:                     0.00
    fsyncs/s:                     0.00

Throughput:
    read, MiB/s:                  6780.11
    written, MiB/s:               0.00

General statistics:
    total time:                          240.0000s
    total number of events:              52071592

Latency (ms):
         min:                                    0.00
         avg:                                    0.00
         max:                                    0.05
         95th percentile:                        0.00
         sum:                               228271.44

Threads fairness:
    events (avg/stddev):           52071592.0000/0.00
    execution time (avg/stddev):   228.2714/0.00

sysbench 1.0.17 (using bundled LuaJIT 2.1.0-beta2)

Running the test with following options:
Number of threads: 4
Initializing random number generator from current time


Extra file open flags: (none)
64 files, 128MiB each
8GiB total file size
Block size 32KiB
Number of IO requests: 0
Read/Write ratio for combined random IO test: 1.50
Calling fsync() after each write operation.
Using synchronous I/O mode
Doing random read test
Initializing worker threads...

Threads started!


File operations:
    reads/s:                      734204.28
    writes/s:                     0.00
    fsyncs/s:                     0.00

Throughput:
    read, MiB/s:                  22943.88
    written, MiB/s:               0.00

General statistics:
    total time:                          240.0000s
    total number of events:              176210092

Latency (ms):
         min:                                    0.00
         avg:                                    0.00
         max:                                    0.06
         95th percentile:                        0.01
         sum:                               873472.01

Threads fairness:
    events (avg/stddev):           44052523.0000/597129.72
    execution time (avg/stddev):   218.3680/0.12

sysbench 1.0.17 (using bundled LuaJIT 2.1.0-beta2)

Running the test with following options:
Number of threads: 8
Initializing random number generator from current time


Extra file open flags: (none)
64 files, 128MiB each
8GiB total file size
Block size 32KiB
Number of IO requests: 0
Read/Write ratio for combined random IO test: 1.50
Calling fsync() after each write operation.
Using synchronous I/O mode
Doing random read test
Initializing worker threads...

Threads started!


File operations:
    reads/s:                      1151409.72
    writes/s:                     0.00
    fsyncs/s:                     0.00

Throughput:
    read, MiB/s:                  35981.55
    written, MiB/s:               0.00

General statistics:
    total time:                          240.0001s
    total number of events:              276340137

Latency (ms):
         min:                                    0.00
         avg:                                    0.01
         max:                                    0.58
         95th percentile:                        0.01
         sum:                              1621667.21

Threads fairness:
    events (avg/stddev):           34542517.1250/838630.92
    execution time (avg/stddev):   202.7084/1.10

sysbench 1.0.17 (using bundled LuaJIT 2.1.0-beta2)

Running the test with following options:
Number of threads: 16
Initializing random number generator from current time


Extra file open flags: (none)
64 files, 128MiB each
8GiB total file size
Block size 32KiB
Number of IO requests: 0
Read/Write ratio for combined random IO test: 1.50
Calling fsync() after each write operation.
Using synchronous I/O mode
Doing random read test
Initializing worker threads...

Threads started!


File operations:
    reads/s:                      1146393.77
    writes/s:                     0.00
    fsyncs/s:                     0.00

Throughput:
    read, MiB/s:                  35824.81
    written, MiB/s:               0.00

General statistics:
    total time:                          240.0001s
    total number of events:              275136249

Latency (ms):
         min:                                    0.00
         avg:                                    0.01
         max:                                    3.66
         95th percentile:                        0.02
         sum:                              2709516.19

Threads fairness:
    events (avg/stddev):           17196015.5625/18708.81
    execution time (avg/stddev):   169.3448/0.12

sysbench 1.0.17 (using bundled LuaJIT 2.1.0-beta2)

Running the test with following options:
Number of threads: 32
Initializing random number generator from current time


Extra file open flags: (none)
64 files, 128MiB each
8GiB total file size
Block size 32KiB
Number of IO requests: 0
Read/Write ratio for combined random IO test: 1.50
Calling fsync() after each write operation.
Using synchronous I/O mode
Doing random read test
Initializing worker threads...

Threads started!


File operations:
    reads/s:                      1135617.55
    writes/s:                     0.00
    fsyncs/s:                     0.00

Throughput:
    read, MiB/s:                  35488.05
    written, MiB/s:               0.00

General statistics:
    total time:                          240.0001s
    total number of events:              272549976

Latency (ms):
         min:                                    0.00
         avg:                                    0.02
         max:                                    4.30
         95th percentile:                        0.07
         sum:                              4698147.85

Threads fairness:
    events (avg/stddev):           8517186.7500/9026.56
    execution time (avg/stddev):   146.8171/0.09

sysbench 1.0.17 (using bundled LuaJIT 2.1.0-beta2)

Running the test with following options:
Number of threads: 64
Initializing random number generator from current time


Extra file open flags: (none)
64 files, 128MiB each
8GiB total file size
Block size 32KiB
Number of IO requests: 0
Read/Write ratio for combined random IO test: 1.50
Calling fsync() after each write operation.
Using synchronous I/O mode
Doing random read test
Initializing worker threads...

Threads started!


File operations:
    reads/s:                      1145119.24
    writes/s:                     0.00
    fsyncs/s:                     0.00

Throughput:
    read, MiB/s:                  35784.98
    written, MiB/s:               0.00

General statistics:
    total time:                          240.0002s
    total number of events:              274830489

Latency (ms):
         min:                                    0.00
         avg:                                    0.03
         max:                                   39.17
         95th percentile:                        0.18
         sum:                              8711810.31

Threads fairness:
    events (avg/stddev):           4294226.3906/15260.02
    execution time (avg/stddev):   136.1220/0.14

