sysbench 1.0.17 (using bundled LuaJIT 2.1.0-beta2)

Running the test with following options:
Number of threads: 1
Initializing random number generator from current time


Extra file open flags: (none)
64 files, 128MiB each
8GiB total file size
Block size 32KiB
Number of IO requests: 0
Read/Write ratio for combined random IO test: 1.50
Calling fsync() after each write operation.
Using synchronous I/O mode
Doing random write test
Initializing worker threads...

Threads started!


File operations:
    reads/s:                      0.00
    writes/s:                     599.76
    fsyncs/s:                     599.76

Throughput:
    read, MiB/s:                  0.00
    written, MiB/s:               18.74

General statistics:
    total time:                          240.0013s
    total number of events:              143944

Latency (ms):
         min:                                    0.52
         avg:                                    1.67
         max:                                  184.56
         95th percentile:                        1.86
         sum:                               239964.59

Threads fairness:
    events (avg/stddev):           143944.0000/0.00
    execution time (avg/stddev):   239.9646/0.00

sysbench 1.0.17 (using bundled LuaJIT 2.1.0-beta2)

Running the test with following options:
Number of threads: 4
Initializing random number generator from current time


Extra file open flags: (none)
64 files, 128MiB each
8GiB total file size
Block size 32KiB
Number of IO requests: 0
Read/Write ratio for combined random IO test: 1.50
Calling fsync() after each write operation.
Using synchronous I/O mode
Doing random write test
Initializing worker threads...

Threads started!


File operations:
    reads/s:                      0.00
    writes/s:                     2285.02
    fsyncs/s:                     2285.02

Throughput:
    read, MiB/s:                  0.00
    written, MiB/s:               71.41

General statistics:
    total time:                          240.0007s
    total number of events:              548409

Latency (ms):
         min:                                    0.53
         avg:                                    1.75
         max:                                  158.24
         95th percentile:                        2.18
         sum:                               959692.16

Threads fairness:
    events (avg/stddev):           137102.2500/37.88
    execution time (avg/stddev):   239.9230/0.00

sysbench 1.0.17 (using bundled LuaJIT 2.1.0-beta2)

Running the test with following options:
Number of threads: 8
Initializing random number generator from current time


Extra file open flags: (none)
64 files, 128MiB each
8GiB total file size
Block size 32KiB
Number of IO requests: 0
Read/Write ratio for combined random IO test: 1.50
Calling fsync() after each write operation.
Using synchronous I/O mode
Doing random write test
Initializing worker threads...

Threads started!


File operations:
    reads/s:                      0.00
    writes/s:                     4414.81
    fsyncs/s:                     4414.81

Throughput:
    read, MiB/s:                  0.00
    written, MiB/s:               137.96

General statistics:
    total time:                          240.0030s
    total number of events:              1059574

Latency (ms):
         min:                                    0.53
         avg:                                    1.81
         max:                                  149.42
         95th percentile:                        2.48
         sum:                              1918650.12

Threads fairness:
    events (avg/stddev):           132446.7500/37.57
    execution time (avg/stddev):   239.8313/0.00

sysbench 1.0.17 (using bundled LuaJIT 2.1.0-beta2)

Running the test with following options:
Number of threads: 16
Initializing random number generator from current time


Extra file open flags: (none)
64 files, 128MiB each
8GiB total file size
Block size 32KiB
Number of IO requests: 0
Read/Write ratio for combined random IO test: 1.50
Calling fsync() after each write operation.
Using synchronous I/O mode
Doing random write test
Initializing worker threads...

Threads started!


File operations:
    reads/s:                      0.00
    writes/s:                     8071.41
    fsyncs/s:                     8071.41

Throughput:
    read, MiB/s:                  0.00
    written, MiB/s:               252.23

General statistics:
    total time:                          240.0024s
    total number of events:              1937167

Latency (ms):
         min:                                    0.52
         avg:                                    1.98
         max:                                  145.28
         95th percentile:                        2.81
         sum:                              3836785.57

Threads fairness:
    events (avg/stddev):           121072.9375/101.19
    execution time (avg/stddev):   239.7991/0.00

sysbench 1.0.17 (using bundled LuaJIT 2.1.0-beta2)

Running the test with following options:
Number of threads: 32
Initializing random number generator from current time


Extra file open flags: (none)
64 files, 128MiB each
8GiB total file size
Block size 32KiB
Number of IO requests: 0
Read/Write ratio for combined random IO test: 1.50
Calling fsync() after each write operation.
Using synchronous I/O mode
Doing random write test
Initializing worker threads...

Threads started!


File operations:
    reads/s:                      0.00
    writes/s:                     12917.05
    fsyncs/s:                     12917.05

Throughput:
    read, MiB/s:                  0.00
    written, MiB/s:               403.66

General statistics:
    total time:                          240.0003s
    total number of events:              3100112

Latency (ms):
         min:                                    0.51
         avg:                                    2.48
         max:                                  153.74
         95th percentile:                        3.49
         sum:                              7674223.68

Threads fairness:
    events (avg/stddev):           96878.5000/104.03
    execution time (avg/stddev):   239.8195/0.00

sysbench 1.0.17 (using bundled LuaJIT 2.1.0-beta2)

Running the test with following options:
Number of threads: 64
Initializing random number generator from current time


Extra file open flags: (none)
64 files, 128MiB each
8GiB total file size
Block size 32KiB
Number of IO requests: 0
Read/Write ratio for combined random IO test: 1.50
Calling fsync() after each write operation.
Using synchronous I/O mode
Doing random write test
Initializing worker threads...

Threads started!


File operations:
    reads/s:                      0.00
    writes/s:                     13109.90
    fsyncs/s:                     13109.90

Throughput:
    read, MiB/s:                  0.00
    written, MiB/s:               409.68

General statistics:
    total time:                          240.0022s
    total number of events:              3146421

Latency (ms):
         min:                                    0.55
         avg:                                    4.88
         max:                                  148.78
         95th percentile:                        6.21
         sum:                             15351779.15

Threads fairness:
    events (avg/stddev):           49162.8281/48.22
    execution time (avg/stddev):   239.8715/0.00

