sysbench 1.0.17 (using bundled LuaJIT 2.1.0-beta2)

Running the test with following options:
Number of threads: 1
Initializing random number generator from current time


Extra file open flags: (none)
64 files, 128MiB each
8GiB total file size
Block size 32KiB
Number of IO requests: 0
Read/Write ratio for combined random IO test: 1.50
Calling fsync() after each write operation.
Using synchronous I/O mode
Doing random read test
Initializing worker threads...

Threads started!


File operations:
    reads/s:                      211295.70
    writes/s:                     0.00
    fsyncs/s:                     0.00

Throughput:
    read, MiB/s:                  6602.99
    written, MiB/s:               0.00

General statistics:
    total time:                          240.0000s
    total number of events:              50711277

Latency (ms):
         min:                                    0.00
         avg:                                    0.00
         max:                                    0.05
         95th percentile:                        0.01
         sum:                               228288.44

Threads fairness:
    events (avg/stddev):           50711277.0000/0.00
    execution time (avg/stddev):   228.2884/0.00

sysbench 1.0.17 (using bundled LuaJIT 2.1.0-beta2)

Running the test with following options:
Number of threads: 4
Initializing random number generator from current time


Extra file open flags: (none)
64 files, 128MiB each
8GiB total file size
Block size 32KiB
Number of IO requests: 0
Read/Write ratio for combined random IO test: 1.50
Calling fsync() after each write operation.
Using synchronous I/O mode
Doing random read test
Initializing worker threads...

Threads started!


File operations:
    reads/s:                      733927.75
    writes/s:                     0.00
    fsyncs/s:                     0.00

Throughput:
    read, MiB/s:                  22935.24
    written, MiB/s:               0.00

General statistics:
    total time:                          240.0000s
    total number of events:              176143720

Latency (ms):
         min:                                    0.00
         avg:                                    0.00
         max:                                    1.06
         95th percentile:                        0.01
         sum:                               873227.29

Threads fairness:
    events (avg/stddev):           44035930.0000/528680.83
    execution time (avg/stddev):   218.3068/0.15

sysbench 1.0.17 (using bundled LuaJIT 2.1.0-beta2)

Running the test with following options:
Number of threads: 8
Initializing random number generator from current time


Extra file open flags: (none)
64 files, 128MiB each
8GiB total file size
Block size 32KiB
Number of IO requests: 0
Read/Write ratio for combined random IO test: 1.50
Calling fsync() after each write operation.
Using synchronous I/O mode
Doing random read test
Initializing worker threads...

Threads started!


File operations:
    reads/s:                      1156729.73
    writes/s:                     0.00
    fsyncs/s:                     0.00

Throughput:
    read, MiB/s:                  36147.80
    written, MiB/s:               0.00

General statistics:
    total time:                          240.0000s
    total number of events:              277616919

Latency (ms):
         min:                                    0.00
         avg:                                    0.01
         max:                                    0.22
         95th percentile:                        0.01
         sum:                              1624356.72

Threads fairness:
    events (avg/stddev):           34702114.8750/686676.13
    execution time (avg/stddev):   203.0446/0.76

sysbench 1.0.17 (using bundled LuaJIT 2.1.0-beta2)

Running the test with following options:
Number of threads: 16
Initializing random number generator from current time


Extra file open flags: (none)
64 files, 128MiB each
8GiB total file size
Block size 32KiB
Number of IO requests: 0
Read/Write ratio for combined random IO test: 1.50
Calling fsync() after each write operation.
Using synchronous I/O mode
Doing random read test
Initializing worker threads...

Threads started!


File operations:
    reads/s:                      1148904.43
    writes/s:                     0.00
    fsyncs/s:                     0.00

Throughput:
    read, MiB/s:                  35903.26
    written, MiB/s:               0.00

General statistics:
    total time:                          240.0001s
    total number of events:              275738735

Latency (ms):
         min:                                    0.00
         avg:                                    0.01
         max:                                    1.16
         95th percentile:                        0.02
         sum:                              2711616.52

Threads fairness:
    events (avg/stddev):           17233670.9375/16205.61
    execution time (avg/stddev):   169.4760/0.13

sysbench 1.0.17 (using bundled LuaJIT 2.1.0-beta2)

Running the test with following options:
Number of threads: 32
Initializing random number generator from current time


Extra file open flags: (none)
64 files, 128MiB each
8GiB total file size
Block size 32KiB
Number of IO requests: 0
Read/Write ratio for combined random IO test: 1.50
Calling fsync() after each write operation.
Using synchronous I/O mode
Doing random read test
Initializing worker threads...

Threads started!


File operations:
    reads/s:                      1123134.80
    writes/s:                     0.00
    fsyncs/s:                     0.00

Throughput:
    read, MiB/s:                  35097.96
    written, MiB/s:               0.00

General statistics:
    total time:                          240.0001s
    total number of events:              269554171

Latency (ms):
         min:                                    0.00
         avg:                                    0.02
         max:                                    5.28
         95th percentile:                        0.07
         sum:                              4691531.06

Threads fairness:
    events (avg/stddev):           8423567.8438/8115.43
    execution time (avg/stddev):   146.6103/0.09

sysbench 1.0.17 (using bundled LuaJIT 2.1.0-beta2)

Running the test with following options:
Number of threads: 64
Initializing random number generator from current time


Extra file open flags: (none)
64 files, 128MiB each
8GiB total file size
Block size 32KiB
Number of IO requests: 0
Read/Write ratio for combined random IO test: 1.50
Calling fsync() after each write operation.
Using synchronous I/O mode
Doing random read test
Initializing worker threads...

Threads started!


File operations:
    reads/s:                      1149217.63
    writes/s:                     0.00
    fsyncs/s:                     0.00

Throughput:
    read, MiB/s:                  35913.05
    written, MiB/s:               0.00

General statistics:
    total time:                          240.0002s
    total number of events:              275814120

Latency (ms):
         min:                                    0.00
         avg:                                    0.03
         max:                                   41.41
         95th percentile:                        0.18
         sum:                              8717829.11

Threads fairness:
    events (avg/stddev):           4309595.6250/18158.35
    execution time (avg/stddev):   136.2161/0.14

