sysbench 1.0.17 (using bundled LuaJIT 2.1.0-beta2)

Running the test with following options:
Number of threads: 1
Initializing random number generator from current time


Extra file open flags: (none)
64 files, 128MiB each
8GiB total file size
Block size 32KiB
Number of IO requests: 0
Read/Write ratio for combined random IO test: 1.50
Calling fsync() after each write operation.
Using synchronous I/O mode
Doing random write test
Initializing worker threads...

Threads started!


File operations:
    reads/s:                      0.00
    writes/s:                     586.86
    fsyncs/s:                     586.86

Throughput:
    read, MiB/s:                  0.00
    written, MiB/s:               18.34

General statistics:
    total time:                          240.0011s
    total number of events:              140847

Latency (ms):
         min:                                    0.55
         avg:                                    1.70
         max:                                  147.89
         95th percentile:                        1.93
         sum:                               239961.95

Threads fairness:
    events (avg/stddev):           140847.0000/0.00
    execution time (avg/stddev):   239.9619/0.00

sysbench 1.0.17 (using bundled LuaJIT 2.1.0-beta2)

Running the test with following options:
Number of threads: 4
Initializing random number generator from current time


Extra file open flags: (none)
64 files, 128MiB each
8GiB total file size
Block size 32KiB
Number of IO requests: 0
Read/Write ratio for combined random IO test: 1.50
Calling fsync() after each write operation.
Using synchronous I/O mode
Doing random write test
Initializing worker threads...

Threads started!


File operations:
    reads/s:                      0.00
    writes/s:                     2283.10
    fsyncs/s:                     2283.10

Throughput:
    read, MiB/s:                  0.00
    written, MiB/s:               71.35

General statistics:
    total time:                          240.0009s
    total number of events:              547950

Latency (ms):
         min:                                    0.52
         avg:                                    1.75
         max:                                  202.09
         95th percentile:                        2.14
         sum:                               959715.01

Threads fairness:
    events (avg/stddev):           136987.5000/34.11
    execution time (avg/stddev):   239.9288/0.00

sysbench 1.0.17 (using bundled LuaJIT 2.1.0-beta2)

Running the test with following options:
Number of threads: 8
Initializing random number generator from current time


Extra file open flags: (none)
64 files, 128MiB each
8GiB total file size
Block size 32KiB
Number of IO requests: 0
Read/Write ratio for combined random IO test: 1.50
Calling fsync() after each write operation.
Using synchronous I/O mode
Doing random write test
Initializing worker threads...

Threads started!


File operations:
    reads/s:                      0.00
    writes/s:                     4386.50
    fsyncs/s:                     4386.50

Throughput:
    read, MiB/s:                  0.00
    written, MiB/s:               137.08

General statistics:
    total time:                          240.0010s
    total number of events:              1052770

Latency (ms):
         min:                                    0.52
         avg:                                    1.82
         max:                                  148.97
         95th percentile:                        2.48
         sum:                              1918663.92

Threads fairness:
    events (avg/stddev):           131596.2500/56.52
    execution time (avg/stddev):   239.8330/0.00

sysbench 1.0.17 (using bundled LuaJIT 2.1.0-beta2)

Running the test with following options:
Number of threads: 16
Initializing random number generator from current time


Extra file open flags: (none)
64 files, 128MiB each
8GiB total file size
Block size 32KiB
Number of IO requests: 0
Read/Write ratio for combined random IO test: 1.50
Calling fsync() after each write operation.
Using synchronous I/O mode
Doing random write test
Initializing worker threads...

Threads started!


File operations:
    reads/s:                      0.00
    writes/s:                     7949.34
    fsyncs/s:                     7949.34

Throughput:
    read, MiB/s:                  0.00
    written, MiB/s:               248.42

General statistics:
    total time:                          240.0020s
    total number of events:              1907868

Latency (ms):
         min:                                    0.51
         avg:                                    2.01
         max:                                  151.34
         95th percentile:                        2.81
         sum:                              3836787.58

Threads fairness:
    events (avg/stddev):           119241.7500/110.49
    execution time (avg/stddev):   239.7992/0.00

sysbench 1.0.17 (using bundled LuaJIT 2.1.0-beta2)

Running the test with following options:
Number of threads: 32
Initializing random number generator from current time


Extra file open flags: (none)
64 files, 128MiB each
8GiB total file size
Block size 32KiB
Number of IO requests: 0
Read/Write ratio for combined random IO test: 1.50
Calling fsync() after each write operation.
Using synchronous I/O mode
Doing random write test
Initializing worker threads...

Threads started!


File operations:
    reads/s:                      0.00
    writes/s:                     12919.57
    fsyncs/s:                     12919.57

Throughput:
    read, MiB/s:                  0.00
    written, MiB/s:               403.74

General statistics:
    total time:                          240.0016s
    total number of events:              3100732

Latency (ms):
         min:                                    0.52
         avg:                                    2.47
         max:                                  155.23
         95th percentile:                        3.49
         sum:                              7674183.58

Threads fairness:
    events (avg/stddev):           96897.8750/90.52
    execution time (avg/stddev):   239.8182/0.00

sysbench 1.0.17 (using bundled LuaJIT 2.1.0-beta2)

Running the test with following options:
Number of threads: 64
Initializing random number generator from current time


Extra file open flags: (none)
64 files, 128MiB each
8GiB total file size
Block size 32KiB
Number of IO requests: 0
Read/Write ratio for combined random IO test: 1.50
Calling fsync() after each write operation.
Using synchronous I/O mode
Doing random write test
Initializing worker threads...

Threads started!


File operations:
    reads/s:                      0.00
    writes/s:                     13110.29
    fsyncs/s:                     13110.29

Throughput:
    read, MiB/s:                  0.00
    written, MiB/s:               409.70

General statistics:
    total time:                          240.0028s
    total number of events:              3146523

Latency (ms):
         min:                                    0.54
         avg:                                    4.88
         max:                                  153.67
         95th percentile:                        6.55
         sum:                             15351723.38

Threads fairness:
    events (avg/stddev):           49164.4219/54.81
    execution time (avg/stddev):   239.8707/0.00

