sysbench 1.0.17 (using bundled LuaJIT 2.1.0-beta2)

Running the test with following options:
Number of threads: 1
Initializing random number generator from current time


Extra file open flags: (none)
64 files, 128MiB each
8GiB total file size
Block size 32KiB
Number of IO requests: 0
Read/Write ratio for combined random IO test: 1.50
Calling fsync() after each write operation.
Using synchronous I/O mode
Doing random read test
Initializing worker threads...

Threads started!


File operations:
    reads/s:                      160771.59
    writes/s:                     0.00
    fsyncs/s:                     0.00

Throughput:
    read, MiB/s:                  5024.11
    written, MiB/s:               0.00

General statistics:
    total time:                          240.0001s
    total number of events:              38585544

Latency (ms):
         min:                                    0.00
         avg:                                    0.01
         max:                                    0.52
         95th percentile:                        0.01
         sum:                               229272.51

Threads fairness:
    events (avg/stddev):           38585544.0000/0.00
    execution time (avg/stddev):   229.2725/0.00

sysbench 1.0.17 (using bundled LuaJIT 2.1.0-beta2)

Running the test with following options:
Number of threads: 4
Initializing random number generator from current time


Extra file open flags: (none)
64 files, 128MiB each
8GiB total file size
Block size 32KiB
Number of IO requests: 0
Read/Write ratio for combined random IO test: 1.50
Calling fsync() after each write operation.
Using synchronous I/O mode
Doing random read test
Initializing worker threads...

Threads started!


File operations:
    reads/s:                      380892.81
    writes/s:                     0.00
    fsyncs/s:                     0.00

Throughput:
    read, MiB/s:                  11902.90
    written, MiB/s:               0.00

General statistics:
    total time:                          240.0002s
    total number of events:              91415186

Latency (ms):
         min:                                    0.00
         avg:                                    0.01
         max:                                   20.04
         95th percentile:                        0.02
         sum:                               902418.97

Threads fairness:
    events (avg/stddev):           22853796.5000/43460.23
    execution time (avg/stddev):   225.6047/0.26

sysbench 1.0.17 (using bundled LuaJIT 2.1.0-beta2)

Running the test with following options:
Number of threads: 8
Initializing random number generator from current time


Extra file open flags: (none)
64 files, 128MiB each
8GiB total file size
Block size 32KiB
Number of IO requests: 0
Read/Write ratio for combined random IO test: 1.50
Calling fsync() after each write operation.
Using synchronous I/O mode
Doing random read test
Initializing worker threads...

Threads started!


File operations:
    reads/s:                      377263.86
    writes/s:                     0.00
    fsyncs/s:                     0.00

Throughput:
    read, MiB/s:                  11789.50
    written, MiB/s:               0.00

General statistics:
    total time:                          240.0003s
    total number of events:              90544200

Latency (ms):
         min:                                    0.00
         avg:                                    0.02
         max:                                   42.43
         95th percentile:                        0.02
         sum:                              1636048.30

Threads fairness:
    events (avg/stddev):           11318025.0000/54298.29
    execution time (avg/stddev):   204.5060/1.13

sysbench 1.0.17 (using bundled LuaJIT 2.1.0-beta2)

Running the test with following options:
Number of threads: 16
Initializing random number generator from current time


Extra file open flags: (none)
64 files, 128MiB each
8GiB total file size
Block size 32KiB
Number of IO requests: 0
Read/Write ratio for combined random IO test: 1.50
Calling fsync() after each write operation.
Using synchronous I/O mode
Doing random read test
Initializing worker threads...

Threads started!


File operations:
    reads/s:                      378657.18
    writes/s:                     0.00
    fsyncs/s:                     0.00

Throughput:
    read, MiB/s:                  11833.04
    written, MiB/s:               0.00

General statistics:
    total time:                          240.0004s
    total number of events:              90878576

Latency (ms):
         min:                                    0.00
         avg:                                    0.04
         max:                                   88.04
         95th percentile:                        0.02
         sum:                              3241759.12

Threads fairness:
    events (avg/stddev):           5679911.0000/33875.89
    execution time (avg/stddev):   202.6099/1.13

sysbench 1.0.17 (using bundled LuaJIT 2.1.0-beta2)

Running the test with following options:
Number of threads: 32
Initializing random number generator from current time


Extra file open flags: (none)
64 files, 128MiB each
8GiB total file size
Block size 32KiB
Number of IO requests: 0
Read/Write ratio for combined random IO test: 1.50
Calling fsync() after each write operation.
Using synchronous I/O mode
Doing random read test
Initializing worker threads...

Threads started!


File operations:
    reads/s:                      378817.01
    writes/s:                     0.00
    fsyncs/s:                     0.00

Throughput:
    read, MiB/s:                  11838.03
    written, MiB/s:               0.00

General statistics:
    total time:                          240.0007s
    total number of events:              90917058

Latency (ms):
         min:                                    0.00
         avg:                                    0.07
         max:                                  132.06
         95th percentile:                        0.02
         sum:                              6695348.73

Threads fairness:
    events (avg/stddev):           2841158.0625/7936.80
    execution time (avg/stddev):   209.2296/0.74

sysbench 1.0.17 (using bundled LuaJIT 2.1.0-beta2)

Running the test with following options:
Number of threads: 64
Initializing random number generator from current time


Extra file open flags: (none)
64 files, 128MiB each
8GiB total file size
Block size 32KiB
Number of IO requests: 0
Read/Write ratio for combined random IO test: 1.50
Calling fsync() after each write operation.
Using synchronous I/O mode
Doing random read test
Initializing worker threads...

Threads started!


File operations:
    reads/s:                      378529.65
    writes/s:                     0.00
    fsyncs/s:                     0.00

Throughput:
    read, MiB/s:                  11829.05
    written, MiB/s:               0.00

General statistics:
    total time:                          240.0013s
    total number of events:              90848265

Latency (ms):
         min:                                    0.00
         avg:                                    0.15
         max:                                  205.69
         95th percentile:                        0.02
         sum:                             13462964.71

Threads fairness:
    events (avg/stddev):           1419504.1406/5006.40
    execution time (avg/stddev):   210.3588/0.98

