sysbench 1.0.17 (using bundled LuaJIT 2.1.0-beta2)

Running the test with following options:
Number of threads: 1
Initializing random number generator from current time


Extra file open flags: (none)
64 files, 128MiB each
8GiB total file size
Block size 32KiB
Number of IO requests: 0
Read/Write ratio for combined random IO test: 1.50
Calling fsync() after each write operation.
Using synchronous I/O mode
Doing random write test
Initializing worker threads...

Threads started!


File operations:
    reads/s:                      0.00
    writes/s:                     1465.14
    fsyncs/s:                     1465.14

Throughput:
    read, MiB/s:                  0.00
    written, MiB/s:               45.79

General statistics:
    total time:                          240.0005s
    total number of events:              351638

Latency (ms):
         min:                                    0.11
         avg:                                    0.68
         max:                                   20.40
         95th percentile:                        1.96
         sum:                               239700.67

Threads fairness:
    events (avg/stddev):           351638.0000/0.00
    execution time (avg/stddev):   239.7007/0.00

sysbench 1.0.17 (using bundled LuaJIT 2.1.0-beta2)

Running the test with following options:
Number of threads: 4
Initializing random number generator from current time


Extra file open flags: (none)
64 files, 128MiB each
8GiB total file size
Block size 32KiB
Number of IO requests: 0
Read/Write ratio for combined random IO test: 1.50
Calling fsync() after each write operation.
Using synchronous I/O mode
Doing random write test
Initializing worker threads...

Threads started!


File operations:
    reads/s:                      0.00
    writes/s:                     2944.60
    fsyncs/s:                     2944.60

Throughput:
    read, MiB/s:                  0.00
    written, MiB/s:               92.02

General statistics:
    total time:                          240.0005s
    total number of events:              706711

Latency (ms):
         min:                                    0.12
         avg:                                    1.36
         max:                                   77.41
         95th percentile:                        3.30
         sum:                               959191.19

Threads fairness:
    events (avg/stddev):           176677.7500/152.01
    execution time (avg/stddev):   239.7978/0.00

sysbench 1.0.17 (using bundled LuaJIT 2.1.0-beta2)

Running the test with following options:
Number of threads: 8
Initializing random number generator from current time


Extra file open flags: (none)
64 files, 128MiB each
8GiB total file size
Block size 32KiB
Number of IO requests: 0
Read/Write ratio for combined random IO test: 1.50
Calling fsync() after each write operation.
Using synchronous I/O mode
Doing random write test
Initializing worker threads...

Threads started!


File operations:
    reads/s:                      0.00
    writes/s:                     3864.03
    fsyncs/s:                     3864.03

Throughput:
    read, MiB/s:                  0.00
    written, MiB/s:               120.75

General statistics:
    total time:                          240.0014s
    total number of events:              927381

Latency (ms):
         min:                                    0.12
         avg:                                    2.07
         max:                                   75.31
         95th percentile:                        3.75
         sum:                              1918950.64

Threads fairness:
    events (avg/stddev):           115922.6250/79.40
    execution time (avg/stddev):   239.8688/0.00

sysbench 1.0.17 (using bundled LuaJIT 2.1.0-beta2)

Running the test with following options:
Number of threads: 16
Initializing random number generator from current time


Extra file open flags: (none)
64 files, 128MiB each
8GiB total file size
Block size 32KiB
Number of IO requests: 0
Read/Write ratio for combined random IO test: 1.50
Calling fsync() after each write operation.
Using synchronous I/O mode
Doing random write test
Initializing worker threads...

Threads started!


File operations:
    reads/s:                      0.00
    writes/s:                     5080.40
    fsyncs/s:                     5080.40

Throughput:
    read, MiB/s:                  0.00
    written, MiB/s:               158.76

General statistics:
    total time:                          240.0025s
    total number of events:              1219317

Latency (ms):
         min:                                    0.13
         avg:                                    3.15
         max:                                   19.59
         95th percentile:                        5.77
         sum:                              3838653.93

Threads fairness:
    events (avg/stddev):           76207.3125/66.00
    execution time (avg/stddev):   239.9159/0.00

sysbench 1.0.17 (using bundled LuaJIT 2.1.0-beta2)

Running the test with following options:
Number of threads: 32
Initializing random number generator from current time


Extra file open flags: (none)
64 files, 128MiB each
8GiB total file size
Block size 32KiB
Number of IO requests: 0
Read/Write ratio for combined random IO test: 1.50
Calling fsync() after each write operation.
Using synchronous I/O mode
Doing random write test
Initializing worker threads...

Threads started!


File operations:
    reads/s:                      0.00
    writes/s:                     7140.45
    fsyncs/s:                     7140.45

Throughput:
    read, MiB/s:                  0.00
    written, MiB/s:               223.14

General statistics:
    total time:                          240.0025s
    total number of events:              1713740

Latency (ms):
         min:                                    0.14
         avg:                                    4.48
         max:                                  603.76
         95th percentile:                        7.70
         sum:                              7678149.74

Threads fairness:
    events (avg/stddev):           53554.3750/60.98
    execution time (avg/stddev):   239.9422/0.00

sysbench 1.0.17 (using bundled LuaJIT 2.1.0-beta2)

Running the test with following options:
Number of threads: 64
Initializing random number generator from current time


Extra file open flags: (none)
64 files, 128MiB each
8GiB total file size
Block size 32KiB
Number of IO requests: 0
Read/Write ratio for combined random IO test: 1.50
Calling fsync() after each write operation.
Using synchronous I/O mode
Doing random write test
Initializing worker threads...

Threads started!


File operations:
    reads/s:                      0.00
    writes/s:                     9556.90
    fsyncs/s:                     9556.90

Throughput:
    read, MiB/s:                  0.00
    written, MiB/s:               298.65

General statistics:
    total time:                          240.0120s
    total number of events:              2293789

Latency (ms):
         min:                                    0.15
         avg:                                    6.70
         max:                                  106.70
         95th percentile:                       12.98
         sum:                             15357948.33

Threads fairness:
    events (avg/stddev):           35840.4531/81.75
    execution time (avg/stddev):   239.9679/0.00

