------------------------------------------------------------
Client connecting to 10.142.0.41, TCP port 5001
TCP window size: 76.5 KByte (default)
------------------------------------------------------------
[  3] local 10.142.0.23 port 46428 connected with 10.142.0.41 port 5001
[ ID] Interval       Transfer     Bandwidth
[  3]  0.0- 1.0 sec   142 MBytes  1.19 Gbits/sec
[  3]  1.0- 2.0 sec   118 MBytes   989 Mbits/sec
[  3]  2.0- 3.0 sec   118 MBytes   989 Mbits/sec
[  3]  3.0- 4.0 sec   121 MBytes  1.01 Gbits/sec
[  3]  4.0- 5.0 sec   134 MBytes  1.13 Gbits/sec
[  3]  5.0- 6.0 sec   127 MBytes  1.07 Gbits/sec
[  3]  6.0- 7.0 sec   120 MBytes  1.00 Gbits/sec
[  3]  7.0- 8.0 sec   118 MBytes   987 Mbits/sec
[  3]  8.0- 9.0 sec   139 MBytes  1.17 Gbits/sec
[  3]  9.0-10.0 sec   122 MBytes  1.02 Gbits/sec
[  3] 10.0-11.0 sec   122 MBytes  1.02 Gbits/sec
[  3] 11.0-12.0 sec   122 MBytes  1.02 Gbits/sec
[  3] 12.0-13.0 sec   118 MBytes   993 Mbits/sec
[  3] 13.0-14.0 sec   123 MBytes  1.03 Gbits/sec
[  3] 14.0-15.0 sec   122 MBytes  1.02 Gbits/sec
[  3] 15.0-16.0 sec   129 MBytes  1.08 Gbits/sec
[  3] 16.0-17.0 sec   125 MBytes  1.05 Gbits/sec
[  3] 17.0-18.0 sec   115 MBytes   966 Mbits/sec
[  3] 18.0-19.0 sec   114 MBytes   960 Mbits/sec
[  3] 19.0-20.0 sec   121 MBytes  1.02 Gbits/sec
[  3] 20.0-21.0 sec   112 MBytes   938 Mbits/sec
[  3] 21.0-22.0 sec   119 MBytes   996 Mbits/sec
[  3] 22.0-23.0 sec   127 MBytes  1.06 Gbits/sec
[  3] 23.0-24.0 sec   120 MBytes  1.00 Gbits/sec
[  3] 24.0-25.0 sec   133 MBytes  1.12 Gbits/sec
[  3] 25.0-26.0 sec   142 MBytes  1.20 Gbits/sec
[  3] 26.0-27.0 sec   120 MBytes  1.00 Gbits/sec
[  3] 27.0-28.0 sec   121 MBytes  1.02 Gbits/sec
[  3] 28.0-29.0 sec   128 MBytes  1.07 Gbits/sec
[  3] 29.0-30.0 sec   132 MBytes  1.11 Gbits/sec
[  3] 30.0-31.0 sec   133 MBytes  1.11 Gbits/sec
[  3] 31.0-32.0 sec   126 MBytes  1.06 Gbits/sec
[  3] 32.0-33.0 sec   140 MBytes  1.17 Gbits/sec
[  3] 33.0-34.0 sec   114 MBytes   956 Mbits/sec
[  3] 34.0-35.0 sec   122 MBytes  1.02 Gbits/sec
[  3] 35.0-36.0 sec   130 MBytes  1.09 Gbits/sec
[  3] 36.0-37.0 sec   113 MBytes   950 Mbits/sec
[  3] 37.0-38.0 sec   118 MBytes   988 Mbits/sec
[  3] 38.0-39.0 sec   129 MBytes  1.08 Gbits/sec
[  3] 39.0-40.0 sec   113 MBytes   947 Mbits/sec
[  3] 40.0-41.0 sec   128 MBytes  1.08 Gbits/sec
[  3] 41.0-42.0 sec   120 MBytes  1.01 Gbits/sec
[  3] 42.0-43.0 sec   112 MBytes   937 Mbits/sec
[  3] 43.0-44.0 sec   124 MBytes  1.04 Gbits/sec
[  3] 44.0-45.0 sec   124 MBytes  1.04 Gbits/sec
[  3] 45.0-46.0 sec   112 MBytes   938 Mbits/sec
[  3] 46.0-47.0 sec   128 MBytes  1.07 Gbits/sec
[  3] 47.0-48.0 sec   138 MBytes  1.16 Gbits/sec
[  3] 48.0-49.0 sec   121 MBytes  1.02 Gbits/sec
[  3] 49.0-50.0 sec   137 MBytes  1.15 Gbits/sec
[  3] 50.0-51.0 sec   120 MBytes  1.01 Gbits/sec
[  3] 51.0-52.0 sec   126 MBytes  1.06 Gbits/sec
[  3] 52.0-53.0 sec   261 MBytes  2.19 Gbits/sec
[  3] 53.0-54.0 sec   939 MBytes  7.87 Gbits/sec
[  3] 54.0-55.0 sec   942 MBytes  7.90 Gbits/sec
[  3] 55.0-56.0 sec   943 MBytes  7.91 Gbits/sec
[  3] 56.0-57.0 sec   943 MBytes  7.91 Gbits/sec
[  3] 57.0-58.0 sec   943 MBytes  7.91 Gbits/sec
[  3] 58.0-59.0 sec   942 MBytes  7.90 Gbits/sec
[  3]  0.0-60.0 sec  13.0 GBytes  1.86 Gbits/sec
