sysbench 1.0.17 (using bundled LuaJIT 2.1.0-beta2)

Running the test with following options:
Number of threads: 1
Initializing random number generator from current time


Extra file open flags: (none)
64 files, 128MiB each
8GiB total file size
Block size 32KiB
Number of IO requests: 0
Read/Write ratio for combined random IO test: 1.50
Calling fsync() after each write operation.
Using synchronous I/O mode
Doing random write test
Initializing worker threads...

Threads started!


File operations:
    reads/s:                      0.00
    writes/s:                     1638.67
    fsyncs/s:                     1638.67

Throughput:
    read, MiB/s:                  0.00
    written, MiB/s:               51.21

General statistics:
    total time:                          240.0003s
    total number of events:              393285

Latency (ms):
         min:                                    0.10
         avg:                                    0.61
         max:                                   28.69
         95th percentile:                        0.90
         sum:                               239440.14

Threads fairness:
    events (avg/stddev):           393285.0000/0.00
    execution time (avg/stddev):   239.4401/0.00

sysbench 1.0.17 (using bundled LuaJIT 2.1.0-beta2)

Running the test with following options:
Number of threads: 4
Initializing random number generator from current time


Extra file open flags: (none)
64 files, 128MiB each
8GiB total file size
Block size 32KiB
Number of IO requests: 0
Read/Write ratio for combined random IO test: 1.50
Calling fsync() after each write operation.
Using synchronous I/O mode
Doing random write test
Initializing worker threads...

Threads started!


File operations:
    reads/s:                      0.00
    writes/s:                     6784.55
    fsyncs/s:                     6784.55

Throughput:
    read, MiB/s:                  0.00
    written, MiB/s:               212.02

General statistics:
    total time:                          240.0003s
    total number of events:              1628308

Latency (ms):
         min:                                    0.10
         avg:                                    0.59
         max:                                   31.52
         95th percentile:                        0.87
         sum:                               957951.58

Threads fairness:
    events (avg/stddev):           407077.0000/323.75
    execution time (avg/stddev):   239.4879/0.01

sysbench 1.0.17 (using bundled LuaJIT 2.1.0-beta2)

Running the test with following options:
Number of threads: 8
Initializing random number generator from current time


Extra file open flags: (none)
64 files, 128MiB each
8GiB total file size
Block size 32KiB
Number of IO requests: 0
Read/Write ratio for combined random IO test: 1.50
Calling fsync() after each write operation.
Using synchronous I/O mode
Doing random write test
Initializing worker threads...

Threads started!


File operations:
    reads/s:                      0.00
    writes/s:                     7306.49
    fsyncs/s:                     7306.49

Throughput:
    read, MiB/s:                  0.00
    written, MiB/s:               228.33

General statistics:
    total time:                          240.0005s
    total number of events:              1753577

Latency (ms):
         min:                                    0.10
         avg:                                    1.09
         max:                                   80.50
         95th percentile:                        1.23
         sum:                              1916731.87

Threads fairness:
    events (avg/stddev):           219197.1250/416.46
    execution time (avg/stddev):   239.5915/0.00

sysbench 1.0.17 (using bundled LuaJIT 2.1.0-beta2)

Running the test with following options:
Number of threads: 16
Initializing random number generator from current time


Extra file open flags: (none)
64 files, 128MiB each
8GiB total file size
Block size 32KiB
Number of IO requests: 0
Read/Write ratio for combined random IO test: 1.50
Calling fsync() after each write operation.
Using synchronous I/O mode
Doing random write test
Initializing worker threads...

Threads started!


File operations:
    reads/s:                      0.00
    writes/s:                     7604.00
    fsyncs/s:                     7604.00

Throughput:
    read, MiB/s:                  0.00
    written, MiB/s:               237.62

General statistics:
    total time:                          240.0193s
    total number of events:              1825124

Latency (ms):
         min:                                    0.10
         avg:                                    2.10
         max:                                   78.23
         95th percentile:                        4.33
         sum:                              3836493.91

Threads fairness:
    events (avg/stddev):           114070.2500/226.21
    execution time (avg/stddev):   239.7809/0.00

sysbench 1.0.17 (using bundled LuaJIT 2.1.0-beta2)

Running the test with following options:
Number of threads: 32
Initializing random number generator from current time


Extra file open flags: (none)
64 files, 128MiB each
8GiB total file size
Block size 32KiB
Number of IO requests: 0
Read/Write ratio for combined random IO test: 1.50
Calling fsync() after each write operation.
Using synchronous I/O mode
Doing random write test
Initializing worker threads...

Threads started!


File operations:
    reads/s:                      0.00
    writes/s:                     7804.36
    fsyncs/s:                     7804.36

Throughput:
    read, MiB/s:                  0.00
    written, MiB/s:               243.89

General statistics:
    total time:                          240.0062s
    total number of events:              1873112

Latency (ms):
         min:                                    0.10
         avg:                                    4.10
         max:                                   72.24
         95th percentile:                       29.72
         sum:                              7675283.56

Threads fairness:
    events (avg/stddev):           58534.7500/199.30
    execution time (avg/stddev):   239.8526/0.00

sysbench 1.0.17 (using bundled LuaJIT 2.1.0-beta2)

Running the test with following options:
Number of threads: 64
Initializing random number generator from current time


Extra file open flags: (none)
64 files, 128MiB each
8GiB total file size
Block size 32KiB
Number of IO requests: 0
Read/Write ratio for combined random IO test: 1.50
Calling fsync() after each write operation.
Using synchronous I/O mode
Doing random write test
Initializing worker threads...

Threads started!

