sysbench 1.0.17 (using bundled LuaJIT 2.1.0-beta2)

Running the test with following options:
Number of threads: 1
Initializing random number generator from current time


Extra file open flags: (none)
64 files, 128MiB each
8GiB total file size
Block size 32KiB
Number of IO requests: 0
Read/Write ratio for combined random IO test: 1.50
Calling fsync() after each write operation.
Using synchronous I/O mode
Doing random read test
Initializing worker threads...

Threads started!


File operations:
    reads/s:                      195850.73
    writes/s:                     0.00
    fsyncs/s:                     0.00

Throughput:
    read, MiB/s:                  6120.34
    written, MiB/s:               0.00

General statistics:
    total time:                          240.0001s
    total number of events:              47004481

Latency (ms):
         min:                                    0.00
         avg:                                    0.00
         max:                                    0.06
         95th percentile:                        0.01
         sum:                               228706.98

Threads fairness:
    events (avg/stddev):           47004481.0000/0.00
    execution time (avg/stddev):   228.7070/0.00

sysbench 1.0.17 (using bundled LuaJIT 2.1.0-beta2)

Running the test with following options:
Number of threads: 4
Initializing random number generator from current time


Extra file open flags: (none)
64 files, 128MiB each
8GiB total file size
Block size 32KiB
Number of IO requests: 0
Read/Write ratio for combined random IO test: 1.50
Calling fsync() after each write operation.
Using synchronous I/O mode
Doing random read test
Initializing worker threads...

Threads started!


File operations:
    reads/s:                      648035.40
    writes/s:                     0.00
    fsyncs/s:                     0.00

Throughput:
    read, MiB/s:                  20251.11
    written, MiB/s:               0.00

General statistics:
    total time:                          240.0001s
    total number of events:              155529457

Latency (ms):
         min:                                    0.00
         avg:                                    0.01
         max:                                    0.14
         95th percentile:                        0.01
         sum:                               864887.23

Threads fairness:
    events (avg/stddev):           38882364.2500/337316.98
    execution time (avg/stddev):   216.2218/0.50

sysbench 1.0.17 (using bundled LuaJIT 2.1.0-beta2)

Running the test with following options:
Number of threads: 8
Initializing random number generator from current time


Extra file open flags: (none)
64 files, 128MiB each
8GiB total file size
Block size 32KiB
Number of IO requests: 0
Read/Write ratio for combined random IO test: 1.50
Calling fsync() after each write operation.
Using synchronous I/O mode
Doing random read test
Initializing worker threads...

Threads started!


File operations:
    reads/s:                      1002158.25
    writes/s:                     0.00
    fsyncs/s:                     0.00

Throughput:
    read, MiB/s:                  31317.45
    written, MiB/s:               0.00

General statistics:
    total time:                          240.0001s
    total number of events:              240519595

Latency (ms):
         min:                                    0.00
         avg:                                    0.01
         max:                                    0.15
         95th percentile:                        0.01
         sum:                              1603603.90

Threads fairness:
    events (avg/stddev):           30064949.3750/906835.95
    execution time (avg/stddev):   200.4505/1.49

sysbench 1.0.17 (using bundled LuaJIT 2.1.0-beta2)

Running the test with following options:
Number of threads: 16
Initializing random number generator from current time


Extra file open flags: (none)
64 files, 128MiB each
8GiB total file size
Block size 32KiB
Number of IO requests: 0
Read/Write ratio for combined random IO test: 1.50
Calling fsync() after each write operation.
Using synchronous I/O mode
Doing random read test
Initializing worker threads...

Threads started!


File operations:
    reads/s:                      929437.76
    writes/s:                     0.00
    fsyncs/s:                     0.00

Throughput:
    read, MiB/s:                  29044.93
    written, MiB/s:               0.00

General statistics:
    total time:                          240.0001s
    total number of events:              223066490

Latency (ms):
         min:                                    0.00
         avg:                                    0.01
         max:                                    3.29
         95th percentile:                        0.03
         sum:                              2625714.65

Threads fairness:
    events (avg/stddev):           13941655.6250/30559.71
    execution time (avg/stddev):   164.1072/0.16

sysbench 1.0.17 (using bundled LuaJIT 2.1.0-beta2)

Running the test with following options:
Number of threads: 32
Initializing random number generator from current time


Extra file open flags: (none)
64 files, 128MiB each
8GiB total file size
Block size 32KiB
Number of IO requests: 0
Read/Write ratio for combined random IO test: 1.50
Calling fsync() after each write operation.
Using synchronous I/O mode
Doing random read test
Initializing worker threads...

Threads started!


File operations:
    reads/s:                      923232.99
    writes/s:                     0.00
    fsyncs/s:                     0.00

Throughput:
    read, MiB/s:                  28851.03
    written, MiB/s:               0.00

General statistics:
    total time:                          240.0001s
    total number of events:              221577377

Latency (ms):
         min:                                    0.00
         avg:                                    0.02
         max:                                    3.90
         95th percentile:                        0.08
         sum:                              4605507.11

Threads fairness:
    events (avg/stddev):           6924293.0312/6650.77
    execution time (avg/stddev):   143.9221/0.12

sysbench 1.0.17 (using bundled LuaJIT 2.1.0-beta2)

Running the test with following options:
Number of threads: 64
Initializing random number generator from current time


Extra file open flags: (none)
64 files, 128MiB each
8GiB total file size
Block size 32KiB
Number of IO requests: 0
Read/Write ratio for combined random IO test: 1.50
Calling fsync() after each write operation.
Using synchronous I/O mode
Doing random read test
Initializing worker threads...

Threads started!


File operations:
    reads/s:                      936234.40
    writes/s:                     0.00
    fsyncs/s:                     0.00

Throughput:
    read, MiB/s:                  29257.33
    written, MiB/s:               0.00

General statistics:
    total time:                          240.0002s
    total number of events:              224697866

Latency (ms):
         min:                                    0.00
         avg:                                    0.04
         max:                                   42.07
         95th percentile:                        0.22
         sum:                              8622182.27

Threads fairness:
    events (avg/stddev):           3510904.1562/10182.14
    execution time (avg/stddev):   134.7216/0.15

