sysbench 1.0.17 (using bundled LuaJIT 2.1.0-beta2)

Running the test with following options:
Number of threads: 1
Initializing random number generator from current time


Extra file open flags: (none)
64 files, 128MiB each
8GiB total file size
Block size 32KiB
Number of IO requests: 0
Read/Write ratio for combined random IO test: 1.50
Calling fsync() after each write operation.
Using synchronous I/O mode
Doing random write test
Initializing worker threads...

Threads started!


File operations:
    reads/s:                      0.00
    writes/s:                     6620.49
    fsyncs/s:                     6620.49

Throughput:
    read, MiB/s:                  0.00
    written, MiB/s:               206.89

General statistics:
    total time:                          240.0001s
    total number of events:              1588929

Latency (ms):
         min:                                    0.07
         avg:                                    0.15
         max:                                    0.48
         95th percentile:                        0.18
         sum:                               239321.29

Threads fairness:
    events (avg/stddev):           1588929.0000/0.00
    execution time (avg/stddev):   239.3213/0.00

sysbench 1.0.17 (using bundled LuaJIT 2.1.0-beta2)

Running the test with following options:
Number of threads: 4
Initializing random number generator from current time


Extra file open flags: (none)
64 files, 128MiB each
8GiB total file size
Block size 32KiB
Number of IO requests: 0
Read/Write ratio for combined random IO test: 1.50
Calling fsync() after each write operation.
Using synchronous I/O mode
Doing random write test
Initializing worker threads...

Threads started!


File operations:
    reads/s:                      0.00
    writes/s:                     9333.38
    fsyncs/s:                     9333.38

Throughput:
    read, MiB/s:                  0.00
    written, MiB/s:               291.67

General statistics:
    total time:                          240.0004s
    total number of events:              2240029

Latency (ms):
         min:                                    0.07
         avg:                                    0.43
         max:                                    1.12
         95th percentile:                        0.63
         sum:                               958586.40

Threads fairness:
    events (avg/stddev):           560007.2500/216.94
    execution time (avg/stddev):   239.6466/0.00

sysbench 1.0.17 (using bundled LuaJIT 2.1.0-beta2)

Running the test with following options:
Number of threads: 8
Initializing random number generator from current time


Extra file open flags: (none)
64 files, 128MiB each
8GiB total file size
Block size 32KiB
Number of IO requests: 0
Read/Write ratio for combined random IO test: 1.50
Calling fsync() after each write operation.
Using synchronous I/O mode
Doing random write test
Initializing worker threads...

Threads started!


File operations:
    reads/s:                      0.00
    writes/s:                     9701.54
    fsyncs/s:                     9701.54

Throughput:
    read, MiB/s:                  0.00
    written, MiB/s:               303.17

General statistics:
    total time:                          240.0002s
    total number of events:              2328387

Latency (ms):
         min:                                    0.07
         avg:                                    0.82
         max:                                    3.68
         95th percentile:                        1.25
         sum:                              1916878.55

Threads fairness:
    events (avg/stddev):           291048.3750/213.10
    execution time (avg/stddev):   239.6098/0.00

sysbench 1.0.17 (using bundled LuaJIT 2.1.0-beta2)

Running the test with following options:
Number of threads: 16
Initializing random number generator from current time


Extra file open flags: (none)
64 files, 128MiB each
8GiB total file size
Block size 32KiB
Number of IO requests: 0
Read/Write ratio for combined random IO test: 1.50
Calling fsync() after each write operation.
Using synchronous I/O mode
Doing random write test
Initializing worker threads...

Threads started!


File operations:
    reads/s:                      0.00
    writes/s:                     9996.29
    fsyncs/s:                     9996.29

Throughput:
    read, MiB/s:                  0.00
    written, MiB/s:               312.38

General statistics:
    total time:                          240.0013s
    total number of events:              2399137

Latency (ms):
         min:                                    0.08
         avg:                                    1.60
         max:                                    3.77
         95th percentile:                        2.30
         sum:                              3835222.57

Threads fairness:
    events (avg/stddev):           149946.0625/122.44
    execution time (avg/stddev):   239.7014/0.00

sysbench 1.0.17 (using bundled LuaJIT 2.1.0-beta2)

Running the test with following options:
Number of threads: 32
Initializing random number generator from current time


Extra file open flags: (none)
64 files, 128MiB each
8GiB total file size
Block size 32KiB
Number of IO requests: 0
Read/Write ratio for combined random IO test: 1.50
Calling fsync() after each write operation.
Using synchronous I/O mode
Doing random write test
Initializing worker threads...

Threads started!


File operations:
    reads/s:                      0.00
    writes/s:                     10217.41
    fsyncs/s:                     10217.41

Throughput:
    read, MiB/s:                  0.00
    written, MiB/s:               319.29

General statistics:
    total time:                          240.0020s
    total number of events:              2452215

Latency (ms):
         min:                                    0.08
         avg:                                    3.13
         max:                                    7.73
         95th percentile:                        4.25
         sum:                              7673284.35

Threads fairness:
    events (avg/stddev):           76631.7188/75.28
    execution time (avg/stddev):   239.7901/0.00

sysbench 1.0.17 (using bundled LuaJIT 2.1.0-beta2)

Running the test with following options:
Number of threads: 64
Initializing random number generator from current time


Extra file open flags: (none)
64 files, 128MiB each
8GiB total file size
Block size 32KiB
Number of IO requests: 0
Read/Write ratio for combined random IO test: 1.50
Calling fsync() after each write operation.
Using synchronous I/O mode
Doing random write test
Initializing worker threads...

Threads started!


File operations:
    reads/s:                      0.00
    writes/s:                     10403.37
    fsyncs/s:                     10403.37

Throughput:
    read, MiB/s:                  0.00
    written, MiB/s:               325.11

General statistics:
    total time:                          240.0046s
    total number of events:              2496869

Latency (ms):
         min:                                    0.10
         avg:                                    6.15
         max:                                   14.54
         95th percentile:                        7.30
         sum:                             15348746.33

Threads fairness:
    events (avg/stddev):           39013.5781/31.69
    execution time (avg/stddev):   239.8242/0.00

