sysbench 1.0.17 (using bundled LuaJIT 2.1.0-beta2)

Running the test with following options:
Number of threads: 1
Initializing random number generator from current time


Extra file open flags: (none)
64 files, 128MiB each
8GiB total file size
Block size 32KiB
Number of IO requests: 0
Read/Write ratio for combined random IO test: 1.50
Calling fsync() after each write operation.
Using synchronous I/O mode
Doing random read test
Initializing worker threads...

Threads started!


File operations:
    reads/s:                      236887.61
    writes/s:                     0.00
    fsyncs/s:                     0.00

Throughput:
    read, MiB/s:                  7402.74
    written, MiB/s:               0.00

General statistics:
    total time:                          240.0001s
    total number of events:              56853388

Latency (ms):
         min:                                    0.00
         avg:                                    0.00
         max:                                    0.07
         95th percentile:                        0.00
         sum:                               227772.13

Threads fairness:
    events (avg/stddev):           56853388.0000/0.00
    execution time (avg/stddev):   227.7721/0.00

sysbench 1.0.17 (using bundled LuaJIT 2.1.0-beta2)

Running the test with following options:
Number of threads: 4
Initializing random number generator from current time


Extra file open flags: (none)
64 files, 128MiB each
8GiB total file size
Block size 32KiB
Number of IO requests: 0
Read/Write ratio for combined random IO test: 1.50
Calling fsync() after each write operation.
Using synchronous I/O mode
Doing random read test
Initializing worker threads...

Threads started!


File operations:
    reads/s:                      644359.03
    writes/s:                     0.00
    fsyncs/s:                     0.00

Throughput:
    read, MiB/s:                  20136.22
    written, MiB/s:               0.00

General statistics:
    total time:                          240.0001s
    total number of events:              154647334

Latency (ms):
         min:                                    0.00
         avg:                                    0.01
         max:                                    0.24
         95th percentile:                        0.01
         sum:                               851690.00

Threads fairness:
    events (avg/stddev):           38661833.5000/918210.17
    execution time (avg/stddev):   212.9225/1.14

sysbench 1.0.17 (using bundled LuaJIT 2.1.0-beta2)

Running the test with following options:
Number of threads: 8
Initializing random number generator from current time


Extra file open flags: (none)
64 files, 128MiB each
8GiB total file size
Block size 32KiB
Number of IO requests: 0
Read/Write ratio for combined random IO test: 1.50
Calling fsync() after each write operation.
Using synchronous I/O mode
Doing random read test
Initializing worker threads...

Threads started!


File operations:
    reads/s:                      832268.47
    writes/s:                     0.00
    fsyncs/s:                     0.00

Throughput:
    read, MiB/s:                  26008.39
    written, MiB/s:               0.00

General statistics:
    total time:                          240.0001s
    total number of events:              199745942

Latency (ms):
         min:                                    0.00
         avg:                                    0.01
         max:                                   12.65
         95th percentile:                        0.01
         sum:                              1745699.95

Threads fairness:
    events (avg/stddev):           24968242.7500/141369.15
    execution time (avg/stddev):   218.2125/0.43

sysbench 1.0.17 (using bundled LuaJIT 2.1.0-beta2)

Running the test with following options:
Number of threads: 16
Initializing random number generator from current time


Extra file open flags: (none)
64 files, 128MiB each
8GiB total file size
Block size 32KiB
Number of IO requests: 0
Read/Write ratio for combined random IO test: 1.50
Calling fsync() after each write operation.
Using synchronous I/O mode
Doing random read test
Initializing worker threads...

Threads started!


File operations:
    reads/s:                      802484.56
    writes/s:                     0.00
    fsyncs/s:                     0.00

Throughput:
    read, MiB/s:                  25077.64
    written, MiB/s:               0.00

General statistics:
    total time:                          240.0001s
    total number of events:              192597730

Latency (ms):
         min:                                    0.00
         avg:                                    0.01
         max:                                    4.42
         95th percentile:                        0.03
         sum:                              2727600.32

Threads fairness:
    events (avg/stddev):           12037358.1250/74330.22
    execution time (avg/stddev):   170.4750/0.56

sysbench 1.0.17 (using bundled LuaJIT 2.1.0-beta2)

Running the test with following options:
Number of threads: 32
Initializing random number generator from current time


Extra file open flags: (none)
64 files, 128MiB each
8GiB total file size
Block size 32KiB
Number of IO requests: 0
Read/Write ratio for combined random IO test: 1.50
Calling fsync() after each write operation.
Using synchronous I/O mode
Doing random read test
Initializing worker threads...

Threads started!


File operations:
    reads/s:                      776068.32
    writes/s:                     0.00
    fsyncs/s:                     0.00

Throughput:
    read, MiB/s:                  24252.13
    written, MiB/s:               0.00

General statistics:
    total time:                          240.0002s
    total number of events:              186257841

Latency (ms):
         min:                                    0.00
         avg:                                    0.03
         max:                                    4.06
         95th percentile:                        0.10
         sum:                              4718510.02

Threads fairness:
    events (avg/stddev):           5820557.5312/16241.24
    execution time (avg/stddev):   147.4534/0.48

sysbench 1.0.17 (using bundled LuaJIT 2.1.0-beta2)

Running the test with following options:
Number of threads: 64
Initializing random number generator from current time


Extra file open flags: (none)
64 files, 128MiB each
8GiB total file size
Block size 32KiB
Number of IO requests: 0
Read/Write ratio for combined random IO test: 1.50
Calling fsync() after each write operation.
Using synchronous I/O mode
Doing random read test
Initializing worker threads...

Threads started!


File operations:
    reads/s:                      771986.95
    writes/s:                     0.00
    fsyncs/s:                     0.00

Throughput:
    read, MiB/s:                  24124.59
    written, MiB/s:               0.00

General statistics:
    total time:                          240.0003s
    total number of events:              185278402

Latency (ms):
         min:                                    0.00
         avg:                                    0.05
         max:                                   16.70
         95th percentile:                        0.27
         sum:                              8854754.53

Threads fairness:
    events (avg/stddev):           2894975.0312/13025.64
    execution time (avg/stddev):   138.3555/0.31

