sysbench 1.0.17 (using bundled LuaJIT 2.1.0-beta2)

Running the test with following options:
Number of threads: 1
Initializing random number generator from current time


Extra file open flags: (none)
64 files, 128MiB each
8GiB total file size
Block size 32KiB
Number of IO requests: 0
Read/Write ratio for combined random IO test: 1.50
Calling fsync() after each write operation.
Using synchronous I/O mode
Doing random read test
Initializing worker threads...

Threads started!


File operations:
    reads/s:                      259630.90
    writes/s:                     0.00
    fsyncs/s:                     0.00

Throughput:
    read, MiB/s:                  8113.47
    written, MiB/s:               0.00

General statistics:
    total time:                          240.0001s
    total number of events:              62311823

Latency (ms):
         min:                                    0.00
         avg:                                    0.00
         max:                                    0.09
         95th percentile:                        0.00
         sum:                               227695.04

Threads fairness:
    events (avg/stddev):           62311823.0000/0.00
    execution time (avg/stddev):   227.6950/0.00

sysbench 1.0.17 (using bundled LuaJIT 2.1.0-beta2)

Running the test with following options:
Number of threads: 4
Initializing random number generator from current time


Extra file open flags: (none)
64 files, 128MiB each
8GiB total file size
Block size 32KiB
Number of IO requests: 0
Read/Write ratio for combined random IO test: 1.50
Calling fsync() after each write operation.
Using synchronous I/O mode
Doing random read test
Initializing worker threads...

Threads started!


File operations:
    reads/s:                      650899.36
    writes/s:                     0.00
    fsyncs/s:                     0.00

Throughput:
    read, MiB/s:                  20340.61
    written, MiB/s:               0.00

General statistics:
    total time:                          240.0001s
    total number of events:              156217013

Latency (ms):
         min:                                    0.00
         avg:                                    0.01
         max:                                    0.30
         95th percentile:                        0.01
         sum:                               849620.95

Threads fairness:
    events (avg/stddev):           39054253.2500/275883.07
    execution time (avg/stddev):   212.4052/1.76

sysbench 1.0.17 (using bundled LuaJIT 2.1.0-beta2)

Running the test with following options:
Number of threads: 8
Initializing random number generator from current time


Extra file open flags: (none)
64 files, 128MiB each
8GiB total file size
Block size 32KiB
Number of IO requests: 0
Read/Write ratio for combined random IO test: 1.50
Calling fsync() after each write operation.
Using synchronous I/O mode
Doing random read test
Initializing worker threads...

Threads started!


File operations:
    reads/s:                      829654.54
    writes/s:                     0.00
    fsyncs/s:                     0.00

Throughput:
    read, MiB/s:                  25926.70
    written, MiB/s:               0.00

General statistics:
    total time:                          240.0001s
    total number of events:              199118543

Latency (ms):
         min:                                    0.00
         avg:                                    0.01
         max:                                   12.39
         95th percentile:                        0.01
         sum:                              1753808.85

Threads fairness:
    events (avg/stddev):           24889817.8750/78047.92
    execution time (avg/stddev):   219.2261/0.40

sysbench 1.0.17 (using bundled LuaJIT 2.1.0-beta2)

Running the test with following options:
Number of threads: 16
Initializing random number generator from current time


Extra file open flags: (none)
64 files, 128MiB each
8GiB total file size
Block size 32KiB
Number of IO requests: 0
Read/Write ratio for combined random IO test: 1.50
Calling fsync() after each write operation.
Using synchronous I/O mode
Doing random read test
Initializing worker threads...

Threads started!


File operations:
    reads/s:                      804837.56
    writes/s:                     0.00
    fsyncs/s:                     0.00

Throughput:
    read, MiB/s:                  25151.17
    written, MiB/s:               0.00

General statistics:
    total time:                          240.0001s
    total number of events:              193162466

Latency (ms):
         min:                                    0.00
         avg:                                    0.01
         max:                                   12.62
         95th percentile:                        0.03
         sum:                              2741204.64

Threads fairness:
    events (avg/stddev):           12072654.1250/85535.37
    execution time (avg/stddev):   171.3253/0.60

sysbench 1.0.17 (using bundled LuaJIT 2.1.0-beta2)

Running the test with following options:
Number of threads: 32
Initializing random number generator from current time


Extra file open flags: (none)
64 files, 128MiB each
8GiB total file size
Block size 32KiB
Number of IO requests: 0
Read/Write ratio for combined random IO test: 1.50
Calling fsync() after each write operation.
Using synchronous I/O mode
Doing random read test
Initializing worker threads...

Threads started!


File operations:
    reads/s:                      771944.14
    writes/s:                     0.00
    fsyncs/s:                     0.00

Throughput:
    read, MiB/s:                  24123.25
    written, MiB/s:               0.00

General statistics:
    total time:                          240.0002s
    total number of events:              185268050

Latency (ms):
         min:                                    0.00
         avg:                                    0.03
         max:                                    4.94
         95th percentile:                        0.10
         sum:                              4713436.97

Threads fairness:
    events (avg/stddev):           5789626.5625/16635.29
    execution time (avg/stddev):   147.2949/0.48

sysbench 1.0.17 (using bundled LuaJIT 2.1.0-beta2)

Running the test with following options:
Number of threads: 64
Initializing random number generator from current time


Extra file open flags: (none)
64 files, 128MiB each
8GiB total file size
Block size 32KiB
Number of IO requests: 0
Read/Write ratio for combined random IO test: 1.50
Calling fsync() after each write operation.
Using synchronous I/O mode
Doing random read test
Initializing worker threads...

Threads started!


File operations:
    reads/s:                      782962.08
    writes/s:                     0.00
    fsyncs/s:                     0.00

Throughput:
    read, MiB/s:                  24467.56
    written, MiB/s:               0.00

General statistics:
    total time:                          240.0003s
    total number of events:              187912417

Latency (ms):
         min:                                    0.00
         avg:                                    0.05
         max:                                    7.16
         95th percentile:                        0.27
         sum:                              8889721.57

Threads fairness:
    events (avg/stddev):           2936131.5156/12145.95
    execution time (avg/stddev):   138.9019/0.31

