sysbench 1.0.17 (using bundled LuaJIT 2.1.0-beta2)

Running the test with following options:
Number of threads: 1
Initializing random number generator from current time


Extra file open flags: (none)
64 files, 128MiB each
8GiB total file size
Block size 32KiB
Number of IO requests: 0
Read/Write ratio for combined random IO test: 1.50
Calling fsync() after each write operation.
Using synchronous I/O mode
Doing random read test
Initializing worker threads...

Threads started!


File operations:
    reads/s:                      207792.73
    writes/s:                     0.00
    fsyncs/s:                     0.00

Throughput:
    read, MiB/s:                  6493.52
    written, MiB/s:               0.00

General statistics:
    total time:                          240.0001s
    total number of events:              49870600

Latency (ms):
         min:                                    0.00
         avg:                                    0.00
         max:                                    0.65
         95th percentile:                        0.01
         sum:                               229253.69

Threads fairness:
    events (avg/stddev):           49870600.0000/0.00
    execution time (avg/stddev):   229.2537/0.00

sysbench 1.0.17 (using bundled LuaJIT 2.1.0-beta2)

Running the test with following options:
Number of threads: 4
Initializing random number generator from current time


Extra file open flags: (none)
64 files, 128MiB each
8GiB total file size
Block size 32KiB
Number of IO requests: 0
Read/Write ratio for combined random IO test: 1.50
Calling fsync() after each write operation.
Using synchronous I/O mode
Doing random read test
Initializing worker threads...

Threads started!


File operations:
    reads/s:                      689444.72
    writes/s:                     0.00
    fsyncs/s:                     0.00

Throughput:
    read, MiB/s:                  21545.15
    written, MiB/s:               0.00

General statistics:
    total time:                          240.0001s
    total number of events:              165467856

Latency (ms):
         min:                                    0.00
         avg:                                    0.01
         max:                                    5.21
         95th percentile:                        0.01
         sum:                               878117.10

Threads fairness:
    events (avg/stddev):           41366964.0000/441783.46
    execution time (avg/stddev):   219.5293/0.06

sysbench 1.0.17 (using bundled LuaJIT 2.1.0-beta2)

Running the test with following options:
Number of threads: 8
Initializing random number generator from current time


Extra file open flags: (none)
64 files, 128MiB each
8GiB total file size
Block size 32KiB
Number of IO requests: 0
Read/Write ratio for combined random IO test: 1.50
Calling fsync() after each write operation.
Using synchronous I/O mode
Doing random read test
Initializing worker threads...

Threads started!


File operations:
    reads/s:                      1058196.91
    writes/s:                     0.00
    fsyncs/s:                     0.00

Throughput:
    read, MiB/s:                  33068.65
    written, MiB/s:               0.00

General statistics:
    total time:                          240.0001s
    total number of events:              253968968

Latency (ms):
         min:                                    0.00
         avg:                                    0.01
         max:                                    9.19
         95th percentile:                        0.01
         sum:                              1621571.27

Threads fairness:
    events (avg/stddev):           31746121.0000/410171.29
    execution time (avg/stddev):   202.6964/0.31

sysbench 1.0.17 (using bundled LuaJIT 2.1.0-beta2)

Running the test with following options:
Number of threads: 16
Initializing random number generator from current time


Extra file open flags: (none)
64 files, 128MiB each
8GiB total file size
Block size 32KiB
Number of IO requests: 0
Read/Write ratio for combined random IO test: 1.50
Calling fsync() after each write operation.
Using synchronous I/O mode
Doing random read test
Initializing worker threads...

Threads started!


File operations:
    reads/s:                      1026932.46
    writes/s:                     0.00
    fsyncs/s:                     0.00

Throughput:
    read, MiB/s:                  32091.64
    written, MiB/s:               0.00

General statistics:
    total time:                          240.0002s
    total number of events:              246465491

Latency (ms):
         min:                                    0.00
         avg:                                    0.01
         max:                                    7.61
         95th percentile:                        0.02
         sum:                              2719369.10

Threads fairness:
    events (avg/stddev):           15404093.1875/20585.02
    execution time (avg/stddev):   169.9606/0.19

sysbench 1.0.17 (using bundled LuaJIT 2.1.0-beta2)

Running the test with following options:
Number of threads: 32
Initializing random number generator from current time


Extra file open flags: (none)
64 files, 128MiB each
8GiB total file size
Block size 32KiB
Number of IO requests: 0
Read/Write ratio for combined random IO test: 1.50
Calling fsync() after each write operation.
Using synchronous I/O mode
Doing random read test
Initializing worker threads...

Threads started!


File operations:
    reads/s:                      1056137.88
    writes/s:                     0.00
    fsyncs/s:                     0.00

Throughput:
    read, MiB/s:                  33004.31
    written, MiB/s:               0.00

General statistics:
    total time:                          240.0003s
    total number of events:              253474950

Latency (ms):
         min:                                    0.00
         avg:                                    0.02
         max:                                   15.26
         95th percentile:                        0.07
         sum:                              4741112.89

Threads fairness:
    events (avg/stddev):           7921092.1875/16113.21
    execution time (avg/stddev):   148.1598/0.17

sysbench 1.0.17 (using bundled LuaJIT 2.1.0-beta2)

Running the test with following options:
Number of threads: 64
Initializing random number generator from current time


Extra file open flags: (none)
64 files, 128MiB each
8GiB total file size
Block size 32KiB
Number of IO requests: 0
Read/Write ratio for combined random IO test: 1.50
Calling fsync() after each write operation.
Using synchronous I/O mode
Doing random read test
Initializing worker threads...

Threads started!


File operations:
    reads/s:                      1050749.92
    writes/s:                     0.00
    fsyncs/s:                     0.00

Throughput:
    read, MiB/s:                  32835.93
    written, MiB/s:               0.00

General statistics:
    total time:                          240.0005s
    total number of events:              252182019

Latency (ms):
         min:                                    0.00
         avg:                                    0.03
         max:                                   33.84
         95th percentile:                        0.19
         sum:                              8759901.97

Threads fairness:
    events (avg/stddev):           3940344.0469/9804.07
    execution time (avg/stddev):   136.8735/0.18

