sysbench 1.0.17 (using bundled LuaJIT 2.1.0-beta2)

Running the test with following options:
Number of threads: 1
Initializing random number generator from current time


Extra file open flags: (none)
64 files, 128MiB each
8GiB total file size
Block size 32KiB
Number of IO requests: 0
Read/Write ratio for combined random IO test: 1.50
Calling fsync() after each write operation.
Using synchronous I/O mode
Doing random write test
Initializing worker threads...

Threads started!


File operations:
    reads/s:                      0.00
    writes/s:                     3591.94
    fsyncs/s:                     3591.94

Throughput:
    read, MiB/s:                  0.00
    written, MiB/s:               112.25

General statistics:
    total time:                          240.0001s
    total number of events:              862072

Latency (ms):
         min:                                    0.07
         avg:                                    0.28
         max:                                  187.71
         95th percentile:                        0.48
         sum:                               239700.83

Threads fairness:
    events (avg/stddev):           862072.0000/0.00
    execution time (avg/stddev):   239.7008/0.00

sysbench 1.0.17 (using bundled LuaJIT 2.1.0-beta2)

Running the test with following options:
Number of threads: 4
Initializing random number generator from current time


Extra file open flags: (none)
64 files, 128MiB each
8GiB total file size
Block size 32KiB
Number of IO requests: 0
Read/Write ratio for combined random IO test: 1.50
Calling fsync() after each write operation.
Using synchronous I/O mode
Doing random write test
Initializing worker threads...

Threads started!


File operations:
    reads/s:                      0.00
    writes/s:                     7252.08
    fsyncs/s:                     7252.08

Throughput:
    read, MiB/s:                  0.00
    written, MiB/s:               226.63

General statistics:
    total time:                          240.0003s
    total number of events:              1740510

Latency (ms):
         min:                                    0.07
         avg:                                    0.55
         max:                                   47.70
         95th percentile:                        0.42
         sum:                               959099.38

Threads fairness:
    events (avg/stddev):           435127.5000/297.04
    execution time (avg/stddev):   239.7748/0.00

sysbench 1.0.17 (using bundled LuaJIT 2.1.0-beta2)

Running the test with following options:
Number of threads: 8
Initializing random number generator from current time


Extra file open flags: (none)
64 files, 128MiB each
8GiB total file size
Block size 32KiB
Number of IO requests: 0
Read/Write ratio for combined random IO test: 1.50
Calling fsync() after each write operation.
Using synchronous I/O mode
Doing random write test
Initializing worker threads...

Threads started!


File operations:
    reads/s:                      0.00
    writes/s:                     7666.57
    fsyncs/s:                     7666.57

Throughput:
    read, MiB/s:                  0.00
    written, MiB/s:               239.58

General statistics:
    total time:                          240.0258s
    total number of events:              1840185

Latency (ms):
         min:                                    0.07
         avg:                                    1.04
         max:                                   75.14
         95th percentile:                        0.48
         sum:                              1918838.78

Threads fairness:
    events (avg/stddev):           230023.1250/332.50
    execution time (avg/stddev):   239.8548/0.00

sysbench 1.0.17 (using bundled LuaJIT 2.1.0-beta2)

Running the test with following options:
Number of threads: 16
Initializing random number generator from current time


Extra file open flags: (none)
64 files, 128MiB each
8GiB total file size
Block size 32KiB
Number of IO requests: 0
Read/Write ratio for combined random IO test: 1.50
Calling fsync() after each write operation.
Using synchronous I/O mode
Doing random write test
Initializing worker threads...

Threads started!


File operations:
    reads/s:                      0.00
    writes/s:                     7891.91
    fsyncs/s:                     7891.91

Throughput:
    read, MiB/s:                  0.00
    written, MiB/s:               246.62

General statistics:
    total time:                          240.0438s
    total number of events:              1894414

Latency (ms):
         min:                                    0.08
         avg:                                    2.03
         max:                                   90.32
         95th percentile:                        0.78
         sum:                              3838479.22

Threads fairness:
    events (avg/stddev):           118400.8750/245.13
    execution time (avg/stddev):   239.9050/0.00

sysbench 1.0.17 (using bundled LuaJIT 2.1.0-beta2)

Running the test with following options:
Number of threads: 32
Initializing random number generator from current time


Extra file open flags: (none)
64 files, 128MiB each
8GiB total file size
Block size 32KiB
Number of IO requests: 0
Read/Write ratio for combined random IO test: 1.50
Calling fsync() after each write operation.
Using synchronous I/O mode
Doing random write test
Initializing worker threads...

Threads started!


File operations:
    reads/s:                      0.00
    writes/s:                     7994.05
    fsyncs/s:                     7994.05

Throughput:
    read, MiB/s:                  0.00
    written, MiB/s:               249.81

General statistics:
    total time:                          240.0008s
    total number of events:              1918588

Latency (ms):
         min:                                    0.08
         avg:                                    4.00
         max:                                  167.97
         95th percentile:                       44.17
         sum:                              7677395.53

Threads fairness:
    events (avg/stddev):           59955.8750/154.35
    execution time (avg/stddev):   239.9186/0.00

sysbench 1.0.17 (using bundled LuaJIT 2.1.0-beta2)

Running the test with following options:
Number of threads: 64
Initializing random number generator from current time


Extra file open flags: (none)
64 files, 128MiB each
8GiB total file size
Block size 32KiB
Number of IO requests: 0
Read/Write ratio for combined random IO test: 1.50
Calling fsync() after each write operation.
Using synchronous I/O mode
Doing random write test
Initializing worker threads...

Threads started!


File operations:
    reads/s:                      0.00
    writes/s:                     8056.88
    fsyncs/s:                     8056.88

Throughput:
    read, MiB/s:                  0.00
    written, MiB/s:               251.78

General statistics:
    total time:                          240.0330s
    total number of events:              1933928

Latency (ms):
         min:                                    0.08
         avg:                                    7.94
         max:                                   52.09
         95th percentile:                       45.79
         sum:                             15358550.89

Threads fairness:
    events (avg/stddev):           30217.6250/99.52
    execution time (avg/stddev):   239.9774/0.00

