sysbench 1.0.17 (using bundled LuaJIT 2.1.0-beta2)

Running the test with following options:
Number of threads: 1
Initializing random number generator from current time


Extra file open flags: (none)
64 files, 128MiB each
8GiB total file size
Block size 32KiB
Number of IO requests: 0
Read/Write ratio for combined random IO test: 1.50
Calling fsync() after each write operation.
Using synchronous I/O mode
Doing random read test
Initializing worker threads...

Threads started!


File operations:
    reads/s:                      216042.40
    writes/s:                     0.00
    fsyncs/s:                     0.00

Throughput:
    read, MiB/s:                  6751.32
    written, MiB/s:               0.00

General statistics:
    total time:                          240.0000s
    total number of events:              51850504

Latency (ms):
         min:                                    0.00
         avg:                                    0.00
         max:                                    0.05
         95th percentile:                        0.00
         sum:                               228294.42

Threads fairness:
    events (avg/stddev):           51850504.0000/0.00
    execution time (avg/stddev):   228.2944/0.00

sysbench 1.0.17 (using bundled LuaJIT 2.1.0-beta2)

Running the test with following options:
Number of threads: 4
Initializing random number generator from current time


Extra file open flags: (none)
64 files, 128MiB each
8GiB total file size
Block size 32KiB
Number of IO requests: 0
Read/Write ratio for combined random IO test: 1.50
Calling fsync() after each write operation.
Using synchronous I/O mode
Doing random read test
Initializing worker threads...

Threads started!


File operations:
    reads/s:                      737013.76
    writes/s:                     0.00
    fsyncs/s:                     0.00

Throughput:
    read, MiB/s:                  23031.68
    written, MiB/s:               0.00

General statistics:
    total time:                          240.0000s
    total number of events:              176884370

Latency (ms):
         min:                                    0.00
         avg:                                    0.00
         max:                                    0.05
         95th percentile:                        0.01
         sum:                               872182.76

Threads fairness:
    events (avg/stddev):           44221092.5000/527981.95
    execution time (avg/stddev):   218.0457/0.23

sysbench 1.0.17 (using bundled LuaJIT 2.1.0-beta2)

Running the test with following options:
Number of threads: 8
Initializing random number generator from current time


Extra file open flags: (none)
64 files, 128MiB each
8GiB total file size
Block size 32KiB
Number of IO requests: 0
Read/Write ratio for combined random IO test: 1.50
Calling fsync() after each write operation.
Using synchronous I/O mode
Doing random read test
Initializing worker threads...

Threads started!


File operations:
    reads/s:                      1168960.60
    writes/s:                     0.00
    fsyncs/s:                     0.00

Throughput:
    read, MiB/s:                  36530.02
    written, MiB/s:               0.00

General statistics:
    total time:                          240.0001s
    total number of events:              280552324

Latency (ms):
         min:                                    0.00
         avg:                                    0.01
         max:                                    0.22
         95th percentile:                        0.01
         sum:                              1618231.55

Threads fairness:
    events (avg/stddev):           35069040.5000/747352.24
    execution time (avg/stddev):   202.2789/1.17

sysbench 1.0.17 (using bundled LuaJIT 2.1.0-beta2)

Running the test with following options:
Number of threads: 16
Initializing random number generator from current time


Extra file open flags: (none)
64 files, 128MiB each
8GiB total file size
Block size 32KiB
Number of IO requests: 0
Read/Write ratio for combined random IO test: 1.50
Calling fsync() after each write operation.
Using synchronous I/O mode
Doing random read test
Initializing worker threads...

Threads started!


File operations:
    reads/s:                      1136723.61
    writes/s:                     0.00
    fsyncs/s:                     0.00

Throughput:
    read, MiB/s:                  35522.61
    written, MiB/s:               0.00

General statistics:
    total time:                          240.0000s
    total number of events:              272815313

Latency (ms):
         min:                                    0.00
         avg:                                    0.01
         max:                                    1.72
         95th percentile:                        0.02
         sum:                              2697134.78

Threads fairness:
    events (avg/stddev):           17050957.0625/31660.78
    execution time (avg/stddev):   168.5709/0.27

sysbench 1.0.17 (using bundled LuaJIT 2.1.0-beta2)

Running the test with following options:
Number of threads: 32
Initializing random number generator from current time


Extra file open flags: (none)
64 files, 128MiB each
8GiB total file size
Block size 32KiB
Number of IO requests: 0
Read/Write ratio for combined random IO test: 1.50
Calling fsync() after each write operation.
Using synchronous I/O mode
Doing random read test
Initializing worker threads...

Threads started!


File operations:
    reads/s:                      1147049.52
    writes/s:                     0.00
    fsyncs/s:                     0.00

Throughput:
    read, MiB/s:                  35845.30
    written, MiB/s:               0.00

General statistics:
    total time:                          240.0001s
    total number of events:              275293692

Latency (ms):
         min:                                    0.00
         avg:                                    0.02
         max:                                    3.97
         95th percentile:                        0.07
         sum:                              4695371.59

Threads fairness:
    events (avg/stddev):           8602927.8750/8181.09
    execution time (avg/stddev):   146.7304/0.09

sysbench 1.0.17 (using bundled LuaJIT 2.1.0-beta2)

Running the test with following options:
Number of threads: 64
Initializing random number generator from current time


Extra file open flags: (none)
64 files, 128MiB each
8GiB total file size
Block size 32KiB
Number of IO requests: 0
Read/Write ratio for combined random IO test: 1.50
Calling fsync() after each write operation.
Using synchronous I/O mode
Doing random read test
Initializing worker threads...

Threads started!


File operations:
    reads/s:                      1138660.98
    writes/s:                     0.00
    fsyncs/s:                     0.00

Throughput:
    read, MiB/s:                  35583.16
    written, MiB/s:               0.00

General statistics:
    total time:                          240.0002s
    total number of events:              273280535

Latency (ms):
         min:                                    0.00
         avg:                                    0.03
         max:                                   14.09
         95th percentile:                        0.18
         sum:                              8699419.76

Threads fairness:
    events (avg/stddev):           4270008.3594/12345.44
    execution time (avg/stddev):   135.9284/0.13

