sysbench 1.0.17 (using bundled LuaJIT 2.1.0-beta2)

Running the test with following options:
Number of threads: 1
Initializing random number generator from current time


Extra file open flags: (none)
64 files, 128MiB each
8GiB total file size
Block size 32KiB
Number of IO requests: 0
Read/Write ratio for combined random IO test: 1.50
Calling fsync() after each write operation.
Using synchronous I/O mode
Doing random write test
Initializing worker threads...

Threads started!


File operations:
    reads/s:                      0.00
    writes/s:                     598.98
    fsyncs/s:                     598.98

Throughput:
    read, MiB/s:                  0.00
    written, MiB/s:               18.72

General statistics:
    total time:                          240.0012s
    total number of events:              143756

Latency (ms):
         min:                                    0.53
         avg:                                    1.67
         max:                                  155.49
         95th percentile:                        1.86
         sum:                               239960.45

Threads fairness:
    events (avg/stddev):           143756.0000/0.00
    execution time (avg/stddev):   239.9604/0.00

sysbench 1.0.17 (using bundled LuaJIT 2.1.0-beta2)

Running the test with following options:
Number of threads: 4
Initializing random number generator from current time


Extra file open flags: (none)
64 files, 128MiB each
8GiB total file size
Block size 32KiB
Number of IO requests: 0
Read/Write ratio for combined random IO test: 1.50
Calling fsync() after each write operation.
Using synchronous I/O mode
Doing random write test
Initializing worker threads...

Threads started!


File operations:
    reads/s:                      0.00
    writes/s:                     2299.45
    fsyncs/s:                     2299.45

Throughput:
    read, MiB/s:                  0.00
    written, MiB/s:               71.86

General statistics:
    total time:                          240.0016s
    total number of events:              551874

Latency (ms):
         min:                                    0.52
         avg:                                    1.74
         max:                                  150.16
         95th percentile:                        2.14
         sum:                               959524.83

Threads fairness:
    events (avg/stddev):           137968.5000/37.95
    execution time (avg/stddev):   239.8812/0.00

sysbench 1.0.17 (using bundled LuaJIT 2.1.0-beta2)

Running the test with following options:
Number of threads: 8
Initializing random number generator from current time


Extra file open flags: (none)
64 files, 128MiB each
8GiB total file size
Block size 32KiB
Number of IO requests: 0
Read/Write ratio for combined random IO test: 1.50
Calling fsync() after each write operation.
Using synchronous I/O mode
Doing random write test
Initializing worker threads...

Threads started!


File operations:
    reads/s:                      0.00
    writes/s:                     4460.93
    fsyncs/s:                     4460.93

Throughput:
    read, MiB/s:                  0.00
    written, MiB/s:               139.40

General statistics:
    total time:                          240.0010s
    total number of events:              1070634

Latency (ms):
         min:                                    0.51
         avg:                                    1.79
         max:                                  148.51
         95th percentile:                        2.43
         sum:                              1918635.79

Threads fairness:
    events (avg/stddev):           133829.2500/53.47
    execution time (avg/stddev):   239.8295/0.00

sysbench 1.0.17 (using bundled LuaJIT 2.1.0-beta2)

Running the test with following options:
Number of threads: 16
Initializing random number generator from current time


Extra file open flags: (none)
64 files, 128MiB each
8GiB total file size
Block size 32KiB
Number of IO requests: 0
Read/Write ratio for combined random IO test: 1.50
Calling fsync() after each write operation.
Using synchronous I/O mode
Doing random write test
Initializing worker threads...

Threads started!


File operations:
    reads/s:                      0.00
    writes/s:                     8216.13
    fsyncs/s:                     8216.13

Throughput:
    read, MiB/s:                  0.00
    written, MiB/s:               256.75

General statistics:
    total time:                          240.0012s
    total number of events:              1971891

Latency (ms):
         min:                                    0.50
         avg:                                    1.95
         max:                                  154.59
         95th percentile:                        2.76
         sum:                              3836707.66

Threads fairness:
    events (avg/stddev):           123243.1875/114.26
    execution time (avg/stddev):   239.7942/0.00

sysbench 1.0.17 (using bundled LuaJIT 2.1.0-beta2)

Running the test with following options:
Number of threads: 32
Initializing random number generator from current time


Extra file open flags: (none)
64 files, 128MiB each
8GiB total file size
Block size 32KiB
Number of IO requests: 0
Read/Write ratio for combined random IO test: 1.50
Calling fsync() after each write operation.
Using synchronous I/O mode
Doing random write test
Initializing worker threads...

Threads started!


File operations:
    reads/s:                      0.00
    writes/s:                     12917.29
    fsyncs/s:                     12917.29

Throughput:
    read, MiB/s:                  0.00
    written, MiB/s:               403.67

General statistics:
    total time:                          240.0018s
    total number of events:              3100190

Latency (ms):
         min:                                    0.49
         avg:                                    2.48
         max:                                  153.85
         95th percentile:                        3.49
         sum:                              7674173.77

Threads fairness:
    events (avg/stddev):           96880.9375/106.61
    execution time (avg/stddev):   239.8179/0.00

sysbench 1.0.17 (using bundled LuaJIT 2.1.0-beta2)

Running the test with following options:
Number of threads: 64
Initializing random number generator from current time


Extra file open flags: (none)
64 files, 128MiB each
8GiB total file size
Block size 32KiB
Number of IO requests: 0
Read/Write ratio for combined random IO test: 1.50
Calling fsync() after each write operation.
Using synchronous I/O mode
Doing random write test
Initializing worker threads...

Threads started!


File operations:
    reads/s:                      0.00
    writes/s:                     13113.64
    fsyncs/s:                     13113.64

Throughput:
    read, MiB/s:                  0.00
    written, MiB/s:               409.80

General statistics:
    total time:                          240.0068s
    total number of events:              3147379

Latency (ms):
         min:                                    0.53
         avg:                                    4.88
         max:                                  292.28
         95th percentile:                        6.32
         sum:                             15351887.79

Threads fairness:
    events (avg/stddev):           49177.7969/52.16
    execution time (avg/stddev):   239.8732/0.00

