sysbench 1.0.17 (using bundled LuaJIT 2.1.0-beta2)

Running the test with following options:
Number of threads: 1
Initializing random number generator from current time


Extra file open flags: (none)
64 files, 128MiB each
8GiB total file size
Block size 32KiB
Number of IO requests: 0
Read/Write ratio for combined random IO test: 1.50
Calling fsync() after each write operation.
Using synchronous I/O mode
Doing random read test
Initializing worker threads...

Threads started!


File operations:
    reads/s:                      216048.39
    writes/s:                     0.00
    fsyncs/s:                     0.00

Throughput:
    read, MiB/s:                  6751.51
    written, MiB/s:               0.00

General statistics:
    total time:                          240.0001s
    total number of events:              51851955

Latency (ms):
         min:                                    0.00
         avg:                                    0.00
         max:                                    0.05
         95th percentile:                        0.01
         sum:                               228127.35

Threads fairness:
    events (avg/stddev):           51851955.0000/0.00
    execution time (avg/stddev):   228.1274/0.00

sysbench 1.0.17 (using bundled LuaJIT 2.1.0-beta2)

Running the test with following options:
Number of threads: 4
Initializing random number generator from current time


Extra file open flags: (none)
64 files, 128MiB each
8GiB total file size
Block size 32KiB
Number of IO requests: 0
Read/Write ratio for combined random IO test: 1.50
Calling fsync() after each write operation.
Using synchronous I/O mode
Doing random read test
Initializing worker threads...

Threads started!


File operations:
    reads/s:                      729168.05
    writes/s:                     0.00
    fsyncs/s:                     0.00

Throughput:
    read, MiB/s:                  22786.50
    written, MiB/s:               0.00

General statistics:
    total time:                          240.0000s
    total number of events:              175001425

Latency (ms):
         min:                                    0.00
         avg:                                    0.00
         max:                                    0.16
         95th percentile:                        0.01
         sum:                               871762.73

Threads fairness:
    events (avg/stddev):           43750356.2500/257167.00
    execution time (avg/stddev):   217.9407/0.27

sysbench 1.0.17 (using bundled LuaJIT 2.1.0-beta2)

Running the test with following options:
Number of threads: 8
Initializing random number generator from current time


Extra file open flags: (none)
64 files, 128MiB each
8GiB total file size
Block size 32KiB
Number of IO requests: 0
Read/Write ratio for combined random IO test: 1.50
Calling fsync() after each write operation.
Using synchronous I/O mode
Doing random read test
Initializing worker threads...

Threads started!


File operations:
    reads/s:                      1138743.34
    writes/s:                     0.00
    fsyncs/s:                     0.00

Throughput:
    read, MiB/s:                  35585.73
    written, MiB/s:               0.00

General statistics:
    total time:                          240.0000s
    total number of events:              273300163

Latency (ms):
         min:                                    0.00
         avg:                                    0.01
         max:                                    0.22
         95th percentile:                        0.01
         sum:                              1602841.79

Threads fairness:
    events (avg/stddev):           34162520.3750/891787.21
    execution time (avg/stddev):   200.3552/1.25

sysbench 1.0.17 (using bundled LuaJIT 2.1.0-beta2)

Running the test with following options:
Number of threads: 16
Initializing random number generator from current time


Extra file open flags: (none)
64 files, 128MiB each
8GiB total file size
Block size 32KiB
Number of IO requests: 0
Read/Write ratio for combined random IO test: 1.50
Calling fsync() after each write operation.
Using synchronous I/O mode
Doing random read test
Initializing worker threads...

Threads started!


File operations:
    reads/s:                      1124575.74
    writes/s:                     0.00
    fsyncs/s:                     0.00

Throughput:
    read, MiB/s:                  35142.99
    written, MiB/s:               0.00

General statistics:
    total time:                          240.0000s
    total number of events:              269899906

Latency (ms):
         min:                                    0.00
         avg:                                    0.01
         max:                                    3.42
         95th percentile:                        0.02
         sum:                              2689171.24

Threads fairness:
    events (avg/stddev):           16868744.1250/34314.66
    execution time (avg/stddev):   168.0732/0.13

sysbench 1.0.17 (using bundled LuaJIT 2.1.0-beta2)

Running the test with following options:
Number of threads: 32
Initializing random number generator from current time


Extra file open flags: (none)
64 files, 128MiB each
8GiB total file size
Block size 32KiB
Number of IO requests: 0
Read/Write ratio for combined random IO test: 1.50
Calling fsync() after each write operation.
Using synchronous I/O mode
Doing random read test
Initializing worker threads...

Threads started!


File operations:
    reads/s:                      1121726.17
    writes/s:                     0.00
    fsyncs/s:                     0.00

Throughput:
    read, MiB/s:                  35053.94
    written, MiB/s:               0.00

General statistics:
    total time:                          240.0001s
    total number of events:              269216023

Latency (ms):
         min:                                    0.00
         avg:                                    0.02
         max:                                   10.20
         95th percentile:                        0.07
         sum:                              4674500.73

Threads fairness:
    events (avg/stddev):           8413000.7188/8546.51
    execution time (avg/stddev):   146.0781/0.10

sysbench 1.0.17 (using bundled LuaJIT 2.1.0-beta2)

Running the test with following options:
Number of threads: 64
Initializing random number generator from current time


Extra file open flags: (none)
64 files, 128MiB each
8GiB total file size
Block size 32KiB
Number of IO requests: 0
Read/Write ratio for combined random IO test: 1.50
Calling fsync() after each write operation.
Using synchronous I/O mode
Doing random read test
Initializing worker threads...

Threads started!


File operations:
    reads/s:                      1126074.12
    writes/s:                     0.00
    fsyncs/s:                     0.00

Throughput:
    read, MiB/s:                  35189.82
    written, MiB/s:               0.00

General statistics:
    total time:                          240.0002s
    total number of events:              270259577

Latency (ms):
         min:                                    0.00
         avg:                                    0.03
         max:                                   42.08
         95th percentile:                        0.19
         sum:                              8691052.79

Threads fairness:
    events (avg/stddev):           4222805.8906/7933.69
    execution time (avg/stddev):   135.7977/0.12

