sysbench 1.0.17 (using bundled LuaJIT 2.1.0-beta2)

Running the test with following options:
Number of threads: 1
Initializing random number generator from current time


Extra file open flags: (none)
64 files, 128MiB each
8GiB total file size
Block size 32KiB
Number of IO requests: 0
Read/Write ratio for combined random IO test: 1.50
Calling fsync() after each write operation.
Using synchronous I/O mode
Doing random read test
Initializing worker threads...

Threads started!


File operations:
    reads/s:                      214959.54
    writes/s:                     0.00
    fsyncs/s:                     0.00

Throughput:
    read, MiB/s:                  6717.49
    written, MiB/s:               0.00

General statistics:
    total time:                          240.0001s
    total number of events:              51590626

Latency (ms):
         min:                                    0.00
         avg:                                    0.00
         max:                                    2.23
         95th percentile:                        0.01
         sum:                               228189.34

Threads fairness:
    events (avg/stddev):           51590626.0000/0.00
    execution time (avg/stddev):   228.1893/0.00

sysbench 1.0.17 (using bundled LuaJIT 2.1.0-beta2)

Running the test with following options:
Number of threads: 4
Initializing random number generator from current time


Extra file open flags: (none)
64 files, 128MiB each
8GiB total file size
Block size 32KiB
Number of IO requests: 0
Read/Write ratio for combined random IO test: 1.50
Calling fsync() after each write operation.
Using synchronous I/O mode
Doing random read test
Initializing worker threads...

Threads started!


File operations:
    reads/s:                      725349.20
    writes/s:                     0.00
    fsyncs/s:                     0.00

Throughput:
    read, MiB/s:                  22667.16
    written, MiB/s:               0.00

General statistics:
    total time:                          240.0001s
    total number of events:              174084956

Latency (ms):
         min:                                    0.00
         avg:                                    0.01
         max:                                    2.91
         95th percentile:                        0.01
         sum:                               870719.80

Threads fairness:
    events (avg/stddev):           43521239.0000/40692.15
    execution time (avg/stddev):   217.6799/0.15

sysbench 1.0.17 (using bundled LuaJIT 2.1.0-beta2)

Running the test with following options:
Number of threads: 8
Initializing random number generator from current time


Extra file open flags: (none)
64 files, 128MiB each
8GiB total file size
Block size 32KiB
Number of IO requests: 0
Read/Write ratio for combined random IO test: 1.50
Calling fsync() after each write operation.
Using synchronous I/O mode
Doing random read test
Initializing worker threads...

Threads started!


File operations:
    reads/s:                      1133272.44
    writes/s:                     0.00
    fsyncs/s:                     0.00

Throughput:
    read, MiB/s:                  35414.76
    written, MiB/s:               0.00

General statistics:
    total time:                          240.0002s
    total number of events:              271987246

Latency (ms):
         min:                                    0.00
         avg:                                    0.01
         max:                                    4.30
         95th percentile:                        0.01
         sum:                              1594953.22

Threads fairness:
    events (avg/stddev):           33998405.7500/44704.00
    execution time (avg/stddev):   199.3692/0.06

sysbench 1.0.17 (using bundled LuaJIT 2.1.0-beta2)

Running the test with following options:
Number of threads: 16
Initializing random number generator from current time


Extra file open flags: (none)
64 files, 128MiB each
8GiB total file size
Block size 32KiB
Number of IO requests: 0
Read/Write ratio for combined random IO test: 1.50
Calling fsync() after each write operation.
Using synchronous I/O mode
Doing random read test
Initializing worker threads...

Threads started!


File operations:
    reads/s:                      1124685.54
    writes/s:                     0.00
    fsyncs/s:                     0.00

Throughput:
    read, MiB/s:                  35146.42
    written, MiB/s:               0.00

General statistics:
    total time:                          240.0002s
    total number of events:              269926545

Latency (ms):
         min:                                    0.00
         avg:                                    0.01
         max:                                   10.49
         95th percentile:                        0.02
         sum:                              2680981.69

Threads fairness:
    events (avg/stddev):           16870409.0625/34260.57
    execution time (avg/stddev):   167.5614/0.12

sysbench 1.0.17 (using bundled LuaJIT 2.1.0-beta2)

Running the test with following options:
Number of threads: 32
Initializing random number generator from current time


Extra file open flags: (none)
64 files, 128MiB each
8GiB total file size
Block size 32KiB
Number of IO requests: 0
Read/Write ratio for combined random IO test: 1.50
Calling fsync() after each write operation.
Using synchronous I/O mode
Doing random read test
Initializing worker threads...

Threads started!


File operations:
    reads/s:                      1106037.09
    writes/s:                     0.00
    fsyncs/s:                     0.00

Throughput:
    read, MiB/s:                  34563.66
    written, MiB/s:               0.00

General statistics:
    total time:                          240.0004s
    total number of events:              265450964

Latency (ms):
         min:                                    0.00
         avg:                                    0.02
         max:                                   26.52
         95th percentile:                        0.07
         sum:                              4662622.75

Threads fairness:
    events (avg/stddev):           8295342.6250/30296.57
    execution time (avg/stddev):   145.7070/0.09

sysbench 1.0.17 (using bundled LuaJIT 2.1.0-beta2)

Running the test with following options:
Number of threads: 64
Initializing random number generator from current time


Extra file open flags: (none)
64 files, 128MiB each
8GiB total file size
Block size 32KiB
Number of IO requests: 0
Read/Write ratio for combined random IO test: 1.50
Calling fsync() after each write operation.
Using synchronous I/O mode
Doing random read test
Initializing worker threads...

Threads started!


File operations:
    reads/s:                      1117565.60
    writes/s:                     0.00
    fsyncs/s:                     0.00

Throughput:
    read, MiB/s:                  34923.93
    written, MiB/s:               0.00

General statistics:
    total time:                          240.0006s
    total number of events:              268218121

Latency (ms):
         min:                                    0.00
         avg:                                    0.03
         max:                                   26.35
         95th percentile:                        0.19
         sum:                              8721294.07

Threads fairness:
    events (avg/stddev):           4190908.1406/6696.34
    execution time (avg/stddev):   136.2702/0.16

