sysbench 1.0.17 (using bundled LuaJIT 2.1.0-beta2)

Running the test with following options:
Number of threads: 1
Initializing random number generator from current time


Extra file open flags: (none)
64 files, 128MiB each
8GiB total file size
Block size 32KiB
Number of IO requests: 0
Read/Write ratio for combined random IO test: 1.50
Calling fsync() after each write operation.
Using synchronous I/O mode
Doing random write test
Initializing worker threads...

Threads started!


File operations:
    reads/s:                      0.00
    writes/s:                     3913.59
    fsyncs/s:                     3913.59

Throughput:
    read, MiB/s:                  0.00
    written, MiB/s:               122.30

General statistics:
    total time:                          240.0003s
    total number of events:              939269

Latency (ms):
         min:                                    0.09
         avg:                                    0.26
         max:                                    9.02
         95th percentile:                        0.35
         sum:                               239585.90

Threads fairness:
    events (avg/stddev):           939269.0000/0.00
    execution time (avg/stddev):   239.5859/0.00

sysbench 1.0.17 (using bundled LuaJIT 2.1.0-beta2)

Running the test with following options:
Number of threads: 4
Initializing random number generator from current time


Extra file open flags: (none)
64 files, 128MiB each
8GiB total file size
Block size 32KiB
Number of IO requests: 0
Read/Write ratio for combined random IO test: 1.50
Calling fsync() after each write operation.
Using synchronous I/O mode
Doing random write test
Initializing worker threads...

Threads started!


File operations:
    reads/s:                      0.00
    writes/s:                     10879.23
    fsyncs/s:                     10879.23

Throughput:
    read, MiB/s:                  0.00
    written, MiB/s:               339.98

General statistics:
    total time:                          240.0006s
    total number of events:              2611038

Latency (ms):
         min:                                    0.09
         avg:                                    0.37
         max:                                   11.02
         95th percentile:                        0.97
         sum:                               958397.84

Threads fairness:
    events (avg/stddev):           652759.5000/1508.36
    execution time (avg/stddev):   239.5995/0.00

sysbench 1.0.17 (using bundled LuaJIT 2.1.0-beta2)

Running the test with following options:
Number of threads: 8
Initializing random number generator from current time


Extra file open flags: (none)
64 files, 128MiB each
8GiB total file size
Block size 32KiB
Number of IO requests: 0
Read/Write ratio for combined random IO test: 1.50
Calling fsync() after each write operation.
Using synchronous I/O mode
Doing random write test
Initializing worker threads...

Threads started!


File operations:
    reads/s:                      0.00
    writes/s:                     11303.10
    fsyncs/s:                     11303.10

Throughput:
    read, MiB/s:                  0.00
    written, MiB/s:               353.22

General statistics:
    total time:                          240.0007s
    total number of events:              2712769

Latency (ms):
         min:                                    0.09
         avg:                                    0.71
         max:                                   14.99
         95th percentile:                        1.27
         sum:                              1917976.97

Threads fairness:
    events (avg/stddev):           339096.1250/1244.45
    execution time (avg/stddev):   239.7471/0.00

sysbench 1.0.17 (using bundled LuaJIT 2.1.0-beta2)

Running the test with following options:
Number of threads: 16
Initializing random number generator from current time


Extra file open flags: (none)
64 files, 128MiB each
8GiB total file size
Block size 32KiB
Number of IO requests: 0
Read/Write ratio for combined random IO test: 1.50
Calling fsync() after each write operation.
Using synchronous I/O mode
Doing random write test
Initializing worker threads...

Threads started!


File operations:
    reads/s:                      0.00
    writes/s:                     11729.92
    fsyncs/s:                     11729.92

Throughput:
    read, MiB/s:                  0.00
    written, MiB/s:               366.56

General statistics:
    total time:                          240.0026s
    total number of events:              2815227

Latency (ms):
         min:                                    0.09
         avg:                                    1.36
         max:                                   14.22
         95th percentile:                        3.82
         sum:                              3836283.25

Threads fairness:
    events (avg/stddev):           175951.6875/277.80
    execution time (avg/stddev):   239.7677/0.00

sysbench 1.0.17 (using bundled LuaJIT 2.1.0-beta2)

Running the test with following options:
Number of threads: 32
Initializing random number generator from current time


Extra file open flags: (none)
64 files, 128MiB each
8GiB total file size
Block size 32KiB
Number of IO requests: 0
Read/Write ratio for combined random IO test: 1.50
Calling fsync() after each write operation.
Using synchronous I/O mode
Doing random write test
Initializing worker threads...

Threads started!


File operations:
    reads/s:                      0.00
    writes/s:                     12020.01
    fsyncs/s:                     12020.01

Throughput:
    read, MiB/s:                  0.00
    written, MiB/s:               375.63

General statistics:
    total time:                          240.0009s
    total number of events:              2884829

Latency (ms):
         min:                                    0.09
         avg:                                    2.66
         max:                                   21.11
         95th percentile:                        7.30
         sum:                              7674143.92

Threads fairness:
    events (avg/stddev):           90150.9062/176.97
    execution time (avg/stddev):   239.8170/0.00

sysbench 1.0.17 (using bundled LuaJIT 2.1.0-beta2)

Running the test with following options:
Number of threads: 64
Initializing random number generator from current time


Extra file open flags: (none)
64 files, 128MiB each
8GiB total file size
Block size 32KiB
Number of IO requests: 0
Read/Write ratio for combined random IO test: 1.50
Calling fsync() after each write operation.
Using synchronous I/O mode
Doing random write test
Initializing worker threads...

Threads started!


File operations:
    reads/s:                      0.00
    writes/s:                     12214.18
    fsyncs/s:                     12214.18

Throughput:
    read, MiB/s:                  0.00
    written, MiB/s:               381.69

General statistics:
    total time:                          240.0095s
    total number of events:              2931534

Latency (ms):
         min:                                    0.09
         avg:                                    5.24
         max:                                   39.39
         95th percentile:                       13.46
         sum:                             15351859.52

Threads fairness:
    events (avg/stddev):           45805.2188/108.40
    execution time (avg/stddev):   239.8728/0.00

