sysbench 1.0.17 (using bundled LuaJIT 2.1.0-beta2)

Running the test with following options:
Number of threads: 1
Initializing random number generator from current time


Extra file open flags: (none)
64 files, 128MiB each
8GiB total file size
Block size 32KiB
Number of IO requests: 0
Read/Write ratio for combined random IO test: 1.50
Calling fsync() after each write operation.
Using synchronous I/O mode
Doing random write test
Initializing worker threads...

Threads started!


File operations:
    reads/s:                      0.00
    writes/s:                     1539.88
    fsyncs/s:                     1539.88

Throughput:
    read, MiB/s:                  0.00
    written, MiB/s:               48.12

General statistics:
    total time:                          240.0003s
    total number of events:              369574

Latency (ms):
         min:                                    0.10
         avg:                                    0.65
         max:                                  116.82
         95th percentile:                        1.18
         sum:                               239535.30

Threads fairness:
    events (avg/stddev):           369574.0000/0.00
    execution time (avg/stddev):   239.5353/0.00

sysbench 1.0.17 (using bundled LuaJIT 2.1.0-beta2)

Running the test with following options:
Number of threads: 4
Initializing random number generator from current time


Extra file open flags: (none)
64 files, 128MiB each
8GiB total file size
Block size 32KiB
Number of IO requests: 0
Read/Write ratio for combined random IO test: 1.50
Calling fsync() after each write operation.
Using synchronous I/O mode
Doing random write test
Initializing worker threads...

Threads started!


File operations:
    reads/s:                      0.00
    writes/s:                     6950.33
    fsyncs/s:                     6950.33

Throughput:
    read, MiB/s:                  0.00
    written, MiB/s:               217.20

General statistics:
    total time:                          240.0008s
    total number of events:              1668098

Latency (ms):
         min:                                    0.09
         avg:                                    0.57
         max:                                  189.02
         95th percentile:                        0.90
         sum:                               957960.41

Threads fairness:
    events (avg/stddev):           417024.5000/522.63
    execution time (avg/stddev):   239.4901/0.00

sysbench 1.0.17 (using bundled LuaJIT 2.1.0-beta2)

Running the test with following options:
Number of threads: 8
Initializing random number generator from current time


Extra file open flags: (none)
64 files, 128MiB each
8GiB total file size
Block size 32KiB
Number of IO requests: 0
Read/Write ratio for combined random IO test: 1.50
Calling fsync() after each write operation.
Using synchronous I/O mode
Doing random write test
Initializing worker threads...

Threads started!


File operations:
    reads/s:                      0.00
    writes/s:                     7439.29
    fsyncs/s:                     7439.29

Throughput:
    read, MiB/s:                  0.00
    written, MiB/s:               232.48

General statistics:
    total time:                          240.0005s
    total number of events:              1785450

Latency (ms):
         min:                                    0.09
         avg:                                    1.07
         max:                                  175.57
         95th percentile:                        1.10
         sum:                              1916597.42

Threads fairness:
    events (avg/stddev):           223181.2500/174.43
    execution time (avg/stddev):   239.5747/0.00

sysbench 1.0.17 (using bundled LuaJIT 2.1.0-beta2)

Running the test with following options:
Number of threads: 16
Initializing random number generator from current time


Extra file open flags: (none)
64 files, 128MiB each
8GiB total file size
Block size 32KiB
Number of IO requests: 0
Read/Write ratio for combined random IO test: 1.50
Calling fsync() after each write operation.
Using synchronous I/O mode
Doing random write test
Initializing worker threads...

Threads started!


File operations:
    reads/s:                      0.00
    writes/s:                     7759.38
    fsyncs/s:                     7759.38

Throughput:
    read, MiB/s:                  0.00
    written, MiB/s:               242.48

General statistics:
    total time:                          240.0184s
    total number of events:              1862408

Latency (ms):
         min:                                    0.09
         avg:                                    2.06
         max:                                  164.03
         95th percentile:                        1.67
         sum:                              3835091.32

Threads fairness:
    events (avg/stddev):           116400.5000/223.70
    execution time (avg/stddev):   239.6932/0.00

sysbench 1.0.17 (using bundled LuaJIT 2.1.0-beta2)

Running the test with following options:
Number of threads: 32
Initializing random number generator from current time


Extra file open flags: (none)
64 files, 128MiB each
8GiB total file size
Block size 32KiB
Number of IO requests: 0
Read/Write ratio for combined random IO test: 1.50
Calling fsync() after each write operation.
Using synchronous I/O mode
Doing random write test
Initializing worker threads...

Threads started!


File operations:
    reads/s:                      0.00
    writes/s:                     7966.90
    fsyncs/s:                     7966.90

Throughput:
    read, MiB/s:                  0.00
    written, MiB/s:               248.97

General statistics:
    total time:                          240.0369s
    total number of events:              1912363

Latency (ms):
         min:                                    0.10
         avg:                                    4.01
         max:                                   50.91
         95th percentile:                       40.37
         sum:                              7675973.43

Threads fairness:
    events (avg/stddev):           59761.3438/168.42
    execution time (avg/stddev):   239.8742/0.00

sysbench 1.0.17 (using bundled LuaJIT 2.1.0-beta2)

Running the test with following options:
Number of threads: 64
Initializing random number generator from current time


Extra file open flags: (none)
64 files, 128MiB each
8GiB total file size
Block size 32KiB
Number of IO requests: 0
Read/Write ratio for combined random IO test: 1.50
Calling fsync() after each write operation.
Using synchronous I/O mode
Doing random write test
Initializing worker threads...

Threads started!


File operations:
    reads/s:                      0.00
    writes/s:                     8032.56
    fsyncs/s:                     8032.56

Throughput:
    read, MiB/s:                  0.00
    written, MiB/s:               251.02

General statistics:
    total time:                          240.0338s
    total number of events:              1928100

Latency (ms):
         min:                                    0.10
         avg:                                    7.96
         max:                                   91.41
         95th percentile:                       43.39
         sum:                             15356181.74

Threads fairness:
    events (avg/stddev):           30126.5625/85.91
    execution time (avg/stddev):   239.9403/0.00

