sysbench 1.0.17 (using bundled LuaJIT 2.1.0-beta2)

Running the test with following options:
Number of threads: 1
Initializing random number generator from current time


Extra file open flags: (none)
64 files, 128MiB each
8GiB total file size
Block size 32KiB
Number of IO requests: 0
Read/Write ratio for combined random IO test: 1.50
Calling fsync() after each write operation.
Using synchronous I/O mode
Doing random read test
Initializing worker threads...

Threads started!


File operations:
    reads/s:                      212056.75
    writes/s:                     0.00
    fsyncs/s:                     0.00

Throughput:
    read, MiB/s:                  6626.77
    written, MiB/s:               0.00

General statistics:
    total time:                          240.0001s
    total number of events:              50893947

Latency (ms):
         min:                                    0.00
         avg:                                    0.00
         max:                                    2.47
         95th percentile:                        0.01
         sum:                               228941.62

Threads fairness:
    events (avg/stddev):           50893947.0000/0.00
    execution time (avg/stddev):   228.9416/0.00

sysbench 1.0.17 (using bundled LuaJIT 2.1.0-beta2)

Running the test with following options:
Number of threads: 4
Initializing random number generator from current time


Extra file open flags: (none)
64 files, 128MiB each
8GiB total file size
Block size 32KiB
Number of IO requests: 0
Read/Write ratio for combined random IO test: 1.50
Calling fsync() after each write operation.
Using synchronous I/O mode
Doing random read test
Initializing worker threads...

Threads started!


File operations:
    reads/s:                      724493.50
    writes/s:                     0.00
    fsyncs/s:                     0.00

Throughput:
    read, MiB/s:                  22640.42
    written, MiB/s:               0.00

General statistics:
    total time:                          240.0001s
    total number of events:              173879567

Latency (ms):
         min:                                    0.00
         avg:                                    0.01
         max:                                    1.69
         95th percentile:                        0.01
         sum:                               872501.58

Threads fairness:
    events (avg/stddev):           43469891.7500/42266.67
    execution time (avg/stddev):   218.1254/0.16

sysbench 1.0.17 (using bundled LuaJIT 2.1.0-beta2)

Running the test with following options:
Number of threads: 8
Initializing random number generator from current time


Extra file open flags: (none)
64 files, 128MiB each
8GiB total file size
Block size 32KiB
Number of IO requests: 0
Read/Write ratio for combined random IO test: 1.50
Calling fsync() after each write operation.
Using synchronous I/O mode
Doing random read test
Initializing worker threads...

Threads started!


File operations:
    reads/s:                      1133156.59
    writes/s:                     0.00
    fsyncs/s:                     0.00

Throughput:
    read, MiB/s:                  35411.14
    written, MiB/s:               0.00

General statistics:
    total time:                          240.0002s
    total number of events:              271959472

Latency (ms):
         min:                                    0.00
         avg:                                    0.01
         max:                                    2.87
         95th percentile:                        0.01
         sum:                              1595508.41

Threads fairness:
    events (avg/stddev):           33994934.0000/47134.63
    execution time (avg/stddev):   199.4386/0.18

sysbench 1.0.17 (using bundled LuaJIT 2.1.0-beta2)

Running the test with following options:
Number of threads: 16
Initializing random number generator from current time


Extra file open flags: (none)
64 files, 128MiB each
8GiB total file size
Block size 32KiB
Number of IO requests: 0
Read/Write ratio for combined random IO test: 1.50
Calling fsync() after each write operation.
Using synchronous I/O mode
Doing random read test
Initializing worker threads...

Threads started!


File operations:
    reads/s:                      1132146.44
    writes/s:                     0.00
    fsyncs/s:                     0.00

Throughput:
    read, MiB/s:                  35379.58
    written, MiB/s:               0.00

General statistics:
    total time:                          240.0002s
    total number of events:              271717128

Latency (ms):
         min:                                    0.00
         avg:                                    0.01
         max:                                   22.58
         95th percentile:                        0.02
         sum:                              2693080.47

Threads fairness:
    events (avg/stddev):           16982320.5000/47673.96
    execution time (avg/stddev):   168.3175/0.18

sysbench 1.0.17 (using bundled LuaJIT 2.1.0-beta2)

Running the test with following options:
Number of threads: 32
Initializing random number generator from current time


Extra file open flags: (none)
64 files, 128MiB each
8GiB total file size
Block size 32KiB
Number of IO requests: 0
Read/Write ratio for combined random IO test: 1.50
Calling fsync() after each write operation.
Using synchronous I/O mode
Doing random read test
Initializing worker threads...

Threads started!


File operations:
    reads/s:                      1102141.47
    writes/s:                     0.00
    fsyncs/s:                     0.00

Throughput:
    read, MiB/s:                  34441.92
    written, MiB/s:               0.00

General statistics:
    total time:                          240.0004s
    total number of events:              264516031

Latency (ms):
         min:                                    0.00
         avg:                                    0.02
         max:                                   26.20
         95th percentile:                        0.07
         sum:                              4662047.31

Threads fairness:
    events (avg/stddev):           8266125.9688/27773.23
    execution time (avg/stddev):   145.6890/0.12

sysbench 1.0.17 (using bundled LuaJIT 2.1.0-beta2)

Running the test with following options:
Number of threads: 64
Initializing random number generator from current time


Extra file open flags: (none)
64 files, 128MiB each
8GiB total file size
Block size 32KiB
Number of IO requests: 0
Read/Write ratio for combined random IO test: 1.50
Calling fsync() after each write operation.
Using synchronous I/O mode
Doing random read test
Initializing worker threads...

Threads started!


File operations:
    reads/s:                      1102396.06
    writes/s:                     0.00
    fsyncs/s:                     0.00

Throughput:
    read, MiB/s:                  34449.88
    written, MiB/s:               0.00

General statistics:
    total time:                          240.0006s
    total number of events:              264577369

Latency (ms):
         min:                                    0.00
         avg:                                    0.03
         max:                                   25.91
         95th percentile:                        0.19
         sum:                              8704108.48

Threads fairness:
    events (avg/stddev):           4134021.3906/5718.99
    execution time (avg/stddev):   136.0017/0.16

