sysbench 1.0.17 (using bundled LuaJIT 2.1.0-beta2)

Running the test with following options:
Number of threads: 1
Initializing random number generator from current time


Extra file open flags: (none)
64 files, 128MiB each
8GiB total file size
Block size 32KiB
Number of IO requests: 0
Read/Write ratio for combined random IO test: 1.50
Calling fsync() after each write operation.
Using synchronous I/O mode
Doing random write test
Initializing worker threads...

Threads started!


File operations:
    reads/s:                      0.00
    writes/s:                     3892.08
    fsyncs/s:                     3892.08

Throughput:
    read, MiB/s:                  0.00
    written, MiB/s:               121.63

General statistics:
    total time:                          240.0002s
    total number of events:              934105

Latency (ms):
         min:                                    0.09
         avg:                                    0.26
         max:                                    9.71
         95th percentile:                        0.35
         sum:                               239586.25

Threads fairness:
    events (avg/stddev):           934105.0000/0.00
    execution time (avg/stddev):   239.5863/0.00

sysbench 1.0.17 (using bundled LuaJIT 2.1.0-beta2)

Running the test with following options:
Number of threads: 4
Initializing random number generator from current time


Extra file open flags: (none)
64 files, 128MiB each
8GiB total file size
Block size 32KiB
Number of IO requests: 0
Read/Write ratio for combined random IO test: 1.50
Calling fsync() after each write operation.
Using synchronous I/O mode
Doing random write test
Initializing worker threads...

Threads started!


File operations:
    reads/s:                      0.00
    writes/s:                     10854.75
    fsyncs/s:                     10854.75

Throughput:
    read, MiB/s:                  0.00
    written, MiB/s:               339.21

General statistics:
    total time:                          240.0003s
    total number of events:              2605160

Latency (ms):
         min:                                    0.09
         avg:                                    0.37
         max:                                   10.24
         95th percentile:                        0.97
         sum:                               958352.64

Threads fairness:
    events (avg/stddev):           651290.0000/981.34
    execution time (avg/stddev):   239.5882/0.01

sysbench 1.0.17 (using bundled LuaJIT 2.1.0-beta2)

Running the test with following options:
Number of threads: 8
Initializing random number generator from current time


Extra file open flags: (none)
64 files, 128MiB each
8GiB total file size
Block size 32KiB
Number of IO requests: 0
Read/Write ratio for combined random IO test: 1.50
Calling fsync() after each write operation.
Using synchronous I/O mode
Doing random write test
Initializing worker threads...

Threads started!


File operations:
    reads/s:                      0.00
    writes/s:                     11346.98
    fsyncs/s:                     11346.98

Throughput:
    read, MiB/s:                  0.00
    written, MiB/s:               354.59

General statistics:
    total time:                          240.0011s
    total number of events:              2723305

Latency (ms):
         min:                                    0.09
         avg:                                    0.70
         max:                                   16.76
         95th percentile:                        1.10
         sum:                              1917775.65

Threads fairness:
    events (avg/stddev):           340413.1250/690.63
    execution time (avg/stddev):   239.7220/0.00

sysbench 1.0.17 (using bundled LuaJIT 2.1.0-beta2)

Running the test with following options:
Number of threads: 16
Initializing random number generator from current time


Extra file open flags: (none)
64 files, 128MiB each
8GiB total file size
Block size 32KiB
Number of IO requests: 0
Read/Write ratio for combined random IO test: 1.50
Calling fsync() after each write operation.
Using synchronous I/O mode
Doing random write test
Initializing worker threads...

Threads started!


File operations:
    reads/s:                      0.00
    writes/s:                     11726.73
    fsyncs/s:                     11726.73

Throughput:
    read, MiB/s:                  0.00
    written, MiB/s:               366.46

General statistics:
    total time:                          240.0023s
    total number of events:              2814459

Latency (ms):
         min:                                    0.10
         avg:                                    1.36
         max:                                   13.34
         95th percentile:                        3.68
         sum:                              3836151.52

Threads fairness:
    events (avg/stddev):           175903.6875/293.71
    execution time (avg/stddev):   239.7595/0.00

sysbench 1.0.17 (using bundled LuaJIT 2.1.0-beta2)

Running the test with following options:
Number of threads: 32
Initializing random number generator from current time


Extra file open flags: (none)
64 files, 128MiB each
8GiB total file size
Block size 32KiB
Number of IO requests: 0
Read/Write ratio for combined random IO test: 1.50
Calling fsync() after each write operation.
Using synchronous I/O mode
Doing random write test
Initializing worker threads...

Threads started!


File operations:
    reads/s:                      0.00
    writes/s:                     12019.01
    fsyncs/s:                     12019.01

Throughput:
    read, MiB/s:                  0.00
    written, MiB/s:               375.59

General statistics:
    total time:                          240.0038s
    total number of events:              2884624

Latency (ms):
         min:                                    0.09
         avg:                                    2.66
         max:                                   22.13
         95th percentile:                        7.30
         sum:                              7673863.20

Threads fairness:
    events (avg/stddev):           90144.5000/214.86
    execution time (avg/stddev):   239.8082/0.00

sysbench 1.0.17 (using bundled LuaJIT 2.1.0-beta2)

Running the test with following options:
Number of threads: 64
Initializing random number generator from current time


Extra file open flags: (none)
64 files, 128MiB each
8GiB total file size
Block size 32KiB
Number of IO requests: 0
Read/Write ratio for combined random IO test: 1.50
Calling fsync() after each write operation.
Using synchronous I/O mode
Doing random write test
Initializing worker threads...

Threads started!


File operations:
    reads/s:                      0.00
    writes/s:                     12215.71
    fsyncs/s:                     12215.71

Throughput:
    read, MiB/s:                  0.00
    written, MiB/s:               381.74

General statistics:
    total time:                          240.0102s
    total number of events:              2931911

Latency (ms):
         min:                                    0.09
         avg:                                    5.24
         max:                                   40.40
         95th percentile:                       13.22
         sum:                             15351267.23

Threads fairness:
    events (avg/stddev):           45811.1094/121.90
    execution time (avg/stddev):   239.8636/0.00

