sysbench 1.0.17 (using bundled LuaJIT 2.1.0-beta2)

Running the test with following options:
Number of threads: 1
Initializing random number generator from current time


Extra file open flags: (none)
64 files, 128MiB each
8GiB total file size
Block size 32KiB
Number of IO requests: 0
Read/Write ratio for combined random IO test: 1.50
Calling fsync() after each write operation.
Using synchronous I/O mode
Doing random read test
Initializing worker threads...

Threads started!


File operations:
    reads/s:                      205052.76
    writes/s:                     0.00
    fsyncs/s:                     0.00

Throughput:
    read, MiB/s:                  6407.90
    written, MiB/s:               0.00

General statistics:
    total time:                          240.0001s
    total number of events:              49212996

Latency (ms):
         min:                                    0.00
         avg:                                    0.00
         max:                                    0.12
         95th percentile:                        0.01
         sum:                               229342.63

Threads fairness:
    events (avg/stddev):           49212996.0000/0.00
    execution time (avg/stddev):   229.3426/0.00

sysbench 1.0.17 (using bundled LuaJIT 2.1.0-beta2)

Running the test with following options:
Number of threads: 4
Initializing random number generator from current time


Extra file open flags: (none)
64 files, 128MiB each
8GiB total file size
Block size 32KiB
Number of IO requests: 0
Read/Write ratio for combined random IO test: 1.50
Calling fsync() after each write operation.
Using synchronous I/O mode
Doing random read test
Initializing worker threads...

Threads started!


File operations:
    reads/s:                      693778.34
    writes/s:                     0.00
    fsyncs/s:                     0.00

Throughput:
    read, MiB/s:                  21680.57
    written, MiB/s:               0.00

General statistics:
    total time:                          240.0001s
    total number of events:              166507923

Latency (ms):
         min:                                    0.00
         avg:                                    0.01
         max:                                    4.42
         95th percentile:                        0.01
         sum:                               877723.04

Threads fairness:
    events (avg/stddev):           41626980.7500/582533.94
    execution time (avg/stddev):   219.4308/0.16

sysbench 1.0.17 (using bundled LuaJIT 2.1.0-beta2)

Running the test with following options:
Number of threads: 8
Initializing random number generator from current time


Extra file open flags: (none)
64 files, 128MiB each
8GiB total file size
Block size 32KiB
Number of IO requests: 0
Read/Write ratio for combined random IO test: 1.50
Calling fsync() after each write operation.
Using synchronous I/O mode
Doing random read test
Initializing worker threads...

Threads started!


File operations:
    reads/s:                      1079486.29
    writes/s:                     0.00
    fsyncs/s:                     0.00

Throughput:
    read, MiB/s:                  33733.95
    written, MiB/s:               0.00

General statistics:
    total time:                          240.0001s
    total number of events:              259078494

Latency (ms):
         min:                                    0.00
         avg:                                    0.01
         max:                                    8.33
         95th percentile:                        0.01
         sum:                              1624070.75

Threads fairness:
    events (avg/stddev):           32384811.7500/471744.64
    execution time (avg/stddev):   203.0088/0.30

sysbench 1.0.17 (using bundled LuaJIT 2.1.0-beta2)

Running the test with following options:
Number of threads: 16
Initializing random number generator from current time


Extra file open flags: (none)
64 files, 128MiB each
8GiB total file size
Block size 32KiB
Number of IO requests: 0
Read/Write ratio for combined random IO test: 1.50
Calling fsync() after each write operation.
Using synchronous I/O mode
Doing random read test
Initializing worker threads...

Threads started!


File operations:
    reads/s:                      1041020.99
    writes/s:                     0.00
    fsyncs/s:                     0.00

Throughput:
    read, MiB/s:                  32531.91
    written, MiB/s:               0.00

General statistics:
    total time:                          240.0001s
    total number of events:              249846768

Latency (ms):
         min:                                    0.00
         avg:                                    0.01
         max:                                    8.20
         95th percentile:                        0.02
         sum:                              2733751.83

Threads fairness:
    events (avg/stddev):           15615423.0000/30518.72
    execution time (avg/stddev):   170.8595/0.24

sysbench 1.0.17 (using bundled LuaJIT 2.1.0-beta2)

Running the test with following options:
Number of threads: 32
Initializing random number generator from current time


Extra file open flags: (none)
64 files, 128MiB each
8GiB total file size
Block size 32KiB
Number of IO requests: 0
Read/Write ratio for combined random IO test: 1.50
Calling fsync() after each write operation.
Using synchronous I/O mode
Doing random read test
Initializing worker threads...

Threads started!


File operations:
    reads/s:                      1052816.58
    writes/s:                     0.00
    fsyncs/s:                     0.00

Throughput:
    read, MiB/s:                  32900.52
    written, MiB/s:               0.00

General statistics:
    total time:                          240.0003s
    total number of events:              252677887

Latency (ms):
         min:                                    0.00
         avg:                                    0.02
         max:                                    9.39
         95th percentile:                        0.07
         sum:                              4764888.65

Threads fairness:
    events (avg/stddev):           7896183.9688/13043.82
    execution time (avg/stddev):   148.9028/0.16

sysbench 1.0.17 (using bundled LuaJIT 2.1.0-beta2)

Running the test with following options:
Number of threads: 64
Initializing random number generator from current time


Extra file open flags: (none)
64 files, 128MiB each
8GiB total file size
Block size 32KiB
Number of IO requests: 0
Read/Write ratio for combined random IO test: 1.50
Calling fsync() after each write operation.
Using synchronous I/O mode
Doing random read test
Initializing worker threads...

Threads started!


File operations:
    reads/s:                      1057359.73
    writes/s:                     0.00
    fsyncs/s:                     0.00

Throughput:
    read, MiB/s:                  33042.49
    written, MiB/s:               0.00

General statistics:
    total time:                          240.0004s
    total number of events:              253768357

Latency (ms):
         min:                                    0.00
         avg:                                    0.03
         max:                                   23.93
         95th percentile:                        0.18
         sum:                              8737058.82

Threads fairness:
    events (avg/stddev):           3965130.5781/10217.14
    execution time (avg/stddev):   136.5165/0.18

