sysbench 1.0.17 (using bundled LuaJIT 2.1.0-beta2)

Running the test with following options:
Number of threads: 1
Initializing random number generator from current time


Extra file open flags: (none)
64 files, 128MiB each
8GiB total file size
Block size 32KiB
Number of IO requests: 0
Read/Write ratio for combined random IO test: 1.50
Calling fsync() after each write operation.
Using synchronous I/O mode
Doing random read test
Initializing worker threads...

Threads started!


File operations:
    reads/s:                      154209.94
    writes/s:                     0.00
    fsyncs/s:                     0.00

Throughput:
    read, MiB/s:                  4819.06
    written, MiB/s:               0.00

General statistics:
    total time:                          240.0001s
    total number of events:              37010768

Latency (ms):
         min:                                    0.00
         avg:                                    0.01
         max:                                    9.51
         95th percentile:                        0.01
         sum:                               229202.55

Threads fairness:
    events (avg/stddev):           37010768.0000/0.00
    execution time (avg/stddev):   229.2026/0.00

sysbench 1.0.17 (using bundled LuaJIT 2.1.0-beta2)

Running the test with following options:
Number of threads: 4
Initializing random number generator from current time


Extra file open flags: (none)
64 files, 128MiB each
8GiB total file size
Block size 32KiB
Number of IO requests: 0
Read/Write ratio for combined random IO test: 1.50
Calling fsync() after each write operation.
Using synchronous I/O mode
Doing random read test
Initializing worker threads...

Threads started!


File operations:
    reads/s:                      543968.45
    writes/s:                     0.00
    fsyncs/s:                     0.00

Throughput:
    read, MiB/s:                  16999.01
    written, MiB/s:               0.00

General statistics:
    total time:                          240.0001s
    total number of events:              130553640

Latency (ms):
         min:                                    0.00
         avg:                                    0.01
         max:                                    9.13
         95th percentile:                        0.01
         sum:                               894959.06

Threads fairness:
    events (avg/stddev):           32638410.0000/153413.72
    execution time (avg/stddev):   223.7398/0.14

sysbench 1.0.17 (using bundled LuaJIT 2.1.0-beta2)

Running the test with following options:
Number of threads: 8
Initializing random number generator from current time


Extra file open flags: (none)
64 files, 128MiB each
8GiB total file size
Block size 32KiB
Number of IO requests: 0
Read/Write ratio for combined random IO test: 1.50
Calling fsync() after each write operation.
Using synchronous I/O mode
Doing random read test
Initializing worker threads...

Threads started!


File operations:
    reads/s:                      765321.63
    writes/s:                     0.00
    fsyncs/s:                     0.00

Throughput:
    read, MiB/s:                  23916.30
    written, MiB/s:               0.00

General statistics:
    total time:                          240.0001s
    total number of events:              183678856

Latency (ms):
         min:                                    0.00
         avg:                                    0.01
         max:                                   62.75
         95th percentile:                        0.01
         sum:                              1662907.90

Threads fairness:
    events (avg/stddev):           22959857.0000/159884.90
    execution time (avg/stddev):   207.8635/0.29

sysbench 1.0.17 (using bundled LuaJIT 2.1.0-beta2)

Running the test with following options:
Number of threads: 16
Initializing random number generator from current time


Extra file open flags: (none)
64 files, 128MiB each
8GiB total file size
Block size 32KiB
Number of IO requests: 0
Read/Write ratio for combined random IO test: 1.50
Calling fsync() after each write operation.
Using synchronous I/O mode
Doing random read test
Initializing worker threads...

Threads started!


File operations:
    reads/s:                      898184.37
    writes/s:                     0.00
    fsyncs/s:                     0.00

Throughput:
    read, MiB/s:                  28068.26
    written, MiB/s:               0.00

General statistics:
    total time:                          240.0002s
    total number of events:              215566451

Latency (ms):
         min:                                    0.00
         avg:                                    0.01
         max:                                   16.09
         95th percentile:                        0.03
         sum:                              3079146.70

Threads fairness:
    events (avg/stddev):           13472903.1875/24189.49
    execution time (avg/stddev):   192.4467/0.19

sysbench 1.0.17 (using bundled LuaJIT 2.1.0-beta2)

Running the test with following options:
Number of threads: 32
Initializing random number generator from current time


Extra file open flags: (none)
64 files, 128MiB each
8GiB total file size
Block size 32KiB
Number of IO requests: 0
Read/Write ratio for combined random IO test: 1.50
Calling fsync() after each write operation.
Using synchronous I/O mode
Doing random read test
Initializing worker threads...

Threads started!


File operations:
    reads/s:                      889751.03
    writes/s:                     0.00
    fsyncs/s:                     0.00

Throughput:
    read, MiB/s:                  27804.72
    written, MiB/s:               0.00

General statistics:
    total time:                          240.0003s
    total number of events:              213542428

Latency (ms):
         min:                                    0.00
         avg:                                    0.02
         max:                                   20.57
         95th percentile:                        0.06
         sum:                              5284240.53

Threads fairness:
    events (avg/stddev):           6673200.8750/15194.70
    execution time (avg/stddev):   165.1325/0.17

sysbench 1.0.17 (using bundled LuaJIT 2.1.0-beta2)

Running the test with following options:
Number of threads: 64
Initializing random number generator from current time


Extra file open flags: (none)
64 files, 128MiB each
8GiB total file size
Block size 32KiB
Number of IO requests: 0
Read/Write ratio for combined random IO test: 1.50
Calling fsync() after each write operation.
Using synchronous I/O mode
Doing random read test
Initializing worker threads...

Threads started!


File operations:
    reads/s:                      914213.68
    writes/s:                     0.00
    fsyncs/s:                     0.00

Throughput:
    read, MiB/s:                  28569.18
    written, MiB/s:               0.00

General statistics:
    total time:                          240.0007s
    total number of events:              219413858

Latency (ms):
         min:                                    0.00
         avg:                                    0.04
         max:                                  131.10
         95th percentile:                        0.12
         sum:                              9793377.21

Threads fairness:
    events (avg/stddev):           3428341.5312/9207.06
    execution time (avg/stddev):   153.0215/0.25

