sysbench 1.0.17 (using bundled LuaJIT 2.1.0-beta2)

Running the test with following options:
Number of threads: 1
Initializing random number generator from current time


Extra file open flags: (none)
64 files, 128MiB each
8GiB total file size
Block size 32KiB
Number of IO requests: 0
Read/Write ratio for combined random IO test: 1.50
Calling fsync() after each write operation.
Using synchronous I/O mode
Doing random write test
Initializing worker threads...

Threads started!


File operations:
    reads/s:                      0.00
    writes/s:                     1842.70
    fsyncs/s:                     1842.70

Throughput:
    read, MiB/s:                  0.00
    written, MiB/s:               57.58

General statistics:
    total time:                          240.0002s
    total number of events:              442251

Latency (ms):
         min:                                    0.11
         avg:                                    0.54
         max:                                   20.82
         95th percentile:                        0.72
         sum:                               239377.24

Threads fairness:
    events (avg/stddev):           442251.0000/0.00
    execution time (avg/stddev):   239.3772/0.00

sysbench 1.0.17 (using bundled LuaJIT 2.1.0-beta2)

Running the test with following options:
Number of threads: 4
Initializing random number generator from current time


Extra file open flags: (none)
64 files, 128MiB each
8GiB total file size
Block size 32KiB
Number of IO requests: 0
Read/Write ratio for combined random IO test: 1.50
Calling fsync() after each write operation.
Using synchronous I/O mode
Doing random write test
Initializing worker threads...

Threads started!


File operations:
    reads/s:                      0.00
    writes/s:                     6099.81
    fsyncs/s:                     6099.81

Throughput:
    read, MiB/s:                  0.00
    written, MiB/s:               190.62

General statistics:
    total time:                          240.0005s
    total number of events:              1463970

Latency (ms):
         min:                                    0.10
         avg:                                    0.65
         max:                                  189.16
         95th percentile:                        1.12
         sum:                               958043.60

Threads fairness:
    events (avg/stddev):           365992.5000/124.57
    execution time (avg/stddev):   239.5109/0.00

sysbench 1.0.17 (using bundled LuaJIT 2.1.0-beta2)

Running the test with following options:
Number of threads: 8
Initializing random number generator from current time


Extra file open flags: (none)
64 files, 128MiB each
8GiB total file size
Block size 32KiB
Number of IO requests: 0
Read/Write ratio for combined random IO test: 1.50
Calling fsync() after each write operation.
Using synchronous I/O mode
Doing random write test
Initializing worker threads...

Threads started!


File operations:
    reads/s:                      0.00
    writes/s:                     7094.74
    fsyncs/s:                     7094.74

Throughput:
    read, MiB/s:                  0.00
    written, MiB/s:               221.71

General statistics:
    total time:                          240.0002s
    total number of events:              1702752

Latency (ms):
         min:                                    0.10
         avg:                                    1.13
         max:                                  175.84
         95th percentile:                        2.57
         sum:                              1917666.84

Threads fairness:
    events (avg/stddev):           212844.0000/164.94
    execution time (avg/stddev):   239.7084/0.00

