sysbench 1.0.17 (using bundled LuaJIT 2.1.0-beta2)

Running the test with following options:
Number of threads: 1
Initializing random number generator from current time


Extra file open flags: (none)
64 files, 128MiB each
8GiB total file size
Block size 32KiB
Number of IO requests: 0
Read/Write ratio for combined random IO test: 1.50
Calling fsync() after each write operation.
Using synchronous I/O mode
Doing random read test
Initializing worker threads...

Threads started!


File operations:
    reads/s:                      165129.77
    writes/s:                     0.00
    fsyncs/s:                     0.00

Throughput:
    read, MiB/s:                  5160.31
    written, MiB/s:               0.00

General statistics:
    total time:                          240.0001s
    total number of events:              39631492

Latency (ms):
         min:                                    0.00
         avg:                                    0.01
         max:                                    9.06
         95th percentile:                        0.01
         sum:                               228855.27

Threads fairness:
    events (avg/stddev):           39631492.0000/0.00
    execution time (avg/stddev):   228.8553/0.00

sysbench 1.0.17 (using bundled LuaJIT 2.1.0-beta2)

Running the test with following options:
Number of threads: 4
Initializing random number generator from current time


Extra file open flags: (none)
64 files, 128MiB each
8GiB total file size
Block size 32KiB
Number of IO requests: 0
Read/Write ratio for combined random IO test: 1.50
Calling fsync() after each write operation.
Using synchronous I/O mode
Doing random read test
Initializing worker threads...

Threads started!


File operations:
    reads/s:                      579276.58
    writes/s:                     0.00
    fsyncs/s:                     0.00

Throughput:
    read, MiB/s:                  18102.39
    written, MiB/s:               0.00

General statistics:
    total time:                          240.0001s
    total number of events:              139027712

Latency (ms):
         min:                                    0.00
         avg:                                    0.01
         max:                                   10.88
         95th percentile:                        0.01
         sum:                               893724.68

Threads fairness:
    events (avg/stddev):           34756928.0000/276006.72
    execution time (avg/stddev):   223.4312/0.18

sysbench 1.0.17 (using bundled LuaJIT 2.1.0-beta2)

Running the test with following options:
Number of threads: 8
Initializing random number generator from current time


Extra file open flags: (none)
64 files, 128MiB each
8GiB total file size
Block size 32KiB
Number of IO requests: 0
Read/Write ratio for combined random IO test: 1.50
Calling fsync() after each write operation.
Using synchronous I/O mode
Doing random read test
Initializing worker threads...

Threads started!


File operations:
    reads/s:                      949027.19
    writes/s:                     0.00
    fsyncs/s:                     0.00

Throughput:
    read, MiB/s:                  29657.10
    written, MiB/s:               0.00

General statistics:
    total time:                          240.0001s
    total number of events:              227768683

Latency (ms):
         min:                                    0.00
         avg:                                    0.01
         max:                                   13.95
         95th percentile:                        0.01
         sum:                              1709168.51

Threads fairness:
    events (avg/stddev):           28471085.3750/138455.18
    execution time (avg/stddev):   213.6461/0.19

sysbench 1.0.17 (using bundled LuaJIT 2.1.0-beta2)

Running the test with following options:
Number of threads: 16
Initializing random number generator from current time


Extra file open flags: (none)
64 files, 128MiB each
8GiB total file size
Block size 32KiB
Number of IO requests: 0
Read/Write ratio for combined random IO test: 1.50
Calling fsync() after each write operation.
Using synchronous I/O mode
Doing random read test
Initializing worker threads...

Threads started!


File operations:
    reads/s:                      1114506.22
    writes/s:                     0.00
    fsyncs/s:                     0.00

Throughput:
    read, MiB/s:                  34828.32
    written, MiB/s:               0.00

General statistics:
    total time:                          240.0002s
    total number of events:              267484123

Latency (ms):
         min:                                    0.00
         avg:                                    0.01
         max:                                   13.84
         95th percentile:                        0.02
         sum:                              2903968.55

Threads fairness:
    events (avg/stddev):           16717757.6875/41954.87
    execution time (avg/stddev):   181.4980/0.21

sysbench 1.0.17 (using bundled LuaJIT 2.1.0-beta2)

Running the test with following options:
Number of threads: 32
Initializing random number generator from current time


Extra file open flags: (none)
64 files, 128MiB each
8GiB total file size
Block size 32KiB
Number of IO requests: 0
Read/Write ratio for combined random IO test: 1.50
Calling fsync() after each write operation.
Using synchronous I/O mode
Doing random read test
Initializing worker threads...

Threads started!


File operations:
    reads/s:                      1122103.34
    writes/s:                     0.00
    fsyncs/s:                     0.00

Throughput:
    read, MiB/s:                  35065.73
    written, MiB/s:               0.00

General statistics:
    total time:                          240.0002s
    total number of events:              269307447

Latency (ms):
         min:                                    0.00
         avg:                                    0.02
         max:                                   29.51
         95th percentile:                        0.06
         sum:                              4921018.80

Threads fairness:
    events (avg/stddev):           8415857.7188/18322.93
    execution time (avg/stddev):   153.7818/0.13

sysbench 1.0.17 (using bundled LuaJIT 2.1.0-beta2)

Running the test with following options:
Number of threads: 64
Initializing random number generator from current time


Extra file open flags: (none)
64 files, 128MiB each
8GiB total file size
Block size 32KiB
Number of IO requests: 0
Read/Write ratio for combined random IO test: 1.50
Calling fsync() after each write operation.
Using synchronous I/O mode
Doing random read test
Initializing worker threads...

Threads started!


File operations:
    reads/s:                      1118967.44
    writes/s:                     0.00
    fsyncs/s:                     0.00

Throughput:
    read, MiB/s:                  34967.73
    written, MiB/s:               0.00

General statistics:
    total time:                          240.0005s
    total number of events:              268555006

Latency (ms):
         min:                                    0.00
         avg:                                    0.03
         max:                                   77.80
         95th percentile:                        0.16
         sum:                              8956793.44

Threads fairness:
    events (avg/stddev):           4196171.9688/6976.54
    execution time (avg/stddev):   139.9499/0.21

