sysbench 1.0.17 (using bundled LuaJIT 2.1.0-beta2)

Running the test with following options:
Number of threads: 1
Initializing random number generator from current time


Extra file open flags: (none)
64 files, 128MiB each
8GiB total file size
Block size 32KiB
Number of IO requests: 0
Read/Write ratio for combined random IO test: 1.50
Calling fsync() after each write operation.
Using synchronous I/O mode
Doing random read test
Initializing worker threads...

Threads started!


File operations:
    reads/s:                      210563.02
    writes/s:                     0.00
    fsyncs/s:                     0.00

Throughput:
    read, MiB/s:                  6580.09
    written, MiB/s:               0.00

General statistics:
    total time:                          240.0001s
    total number of events:              50535466

Latency (ms):
         min:                                    0.00
         avg:                                    0.00
         max:                                    2.07
         95th percentile:                        0.01
         sum:                               228068.28

Threads fairness:
    events (avg/stddev):           50535466.0000/0.00
    execution time (avg/stddev):   228.0683/0.00

sysbench 1.0.17 (using bundled LuaJIT 2.1.0-beta2)

Running the test with following options:
Number of threads: 4
Initializing random number generator from current time


Extra file open flags: (none)
64 files, 128MiB each
8GiB total file size
Block size 32KiB
Number of IO requests: 0
Read/Write ratio for combined random IO test: 1.50
Calling fsync() after each write operation.
Using synchronous I/O mode
Doing random read test
Initializing worker threads...

Threads started!


File operations:
    reads/s:                      720116.53
    writes/s:                     0.00
    fsyncs/s:                     0.00

Throughput:
    read, MiB/s:                  22503.64
    written, MiB/s:               0.00

General statistics:
    total time:                          240.0001s
    total number of events:              172829149

Latency (ms):
         min:                                    0.00
         avg:                                    0.01
         max:                                    2.78
         95th percentile:                        0.01
         sum:                               873610.68

Threads fairness:
    events (avg/stddev):           43207287.2500/43232.28
    execution time (avg/stddev):   218.4027/0.19

sysbench 1.0.17 (using bundled LuaJIT 2.1.0-beta2)

Running the test with following options:
Number of threads: 8
Initializing random number generator from current time


Extra file open flags: (none)
64 files, 128MiB each
8GiB total file size
Block size 32KiB
Number of IO requests: 0
Read/Write ratio for combined random IO test: 1.50
Calling fsync() after each write operation.
Using synchronous I/O mode
Doing random read test
Initializing worker threads...

Threads started!


File operations:
    reads/s:                      1080621.56
    writes/s:                     0.00
    fsyncs/s:                     0.00

Throughput:
    read, MiB/s:                  33769.42
    written, MiB/s:               0.00

General statistics:
    total time:                          240.0002s
    total number of events:              259351048

Latency (ms):
         min:                                    0.00
         avg:                                    0.01
         max:                                    3.64
         95th percentile:                        0.01
         sum:                              1578507.25

Threads fairness:
    events (avg/stddev):           32418881.0000/81604.10
    execution time (avg/stddev):   197.3134/0.13

sysbench 1.0.17 (using bundled LuaJIT 2.1.0-beta2)

Running the test with following options:
Number of threads: 16
Initializing random number generator from current time


Extra file open flags: (none)
64 files, 128MiB each
8GiB total file size
Block size 32KiB
Number of IO requests: 0
Read/Write ratio for combined random IO test: 1.50
Calling fsync() after each write operation.
Using synchronous I/O mode
Doing random read test
Initializing worker threads...

Threads started!


File operations:
    reads/s:                      1128330.23
    writes/s:                     0.00
    fsyncs/s:                     0.00

Throughput:
    read, MiB/s:                  35260.32
    written, MiB/s:               0.00

General statistics:
    total time:                          240.0002s
    total number of events:              270801159

Latency (ms):
         min:                                    0.00
         avg:                                    0.01
         max:                                   22.10
         95th percentile:                        0.02
         sum:                              2703602.48

Threads fairness:
    events (avg/stddev):           16925072.4375/50741.10
    execution time (avg/stddev):   168.9752/0.23

sysbench 1.0.17 (using bundled LuaJIT 2.1.0-beta2)

Running the test with following options:
Number of threads: 32
Initializing random number generator from current time


Extra file open flags: (none)
64 files, 128MiB each
8GiB total file size
Block size 32KiB
Number of IO requests: 0
Read/Write ratio for combined random IO test: 1.50
Calling fsync() after each write operation.
Using synchronous I/O mode
Doing random read test
Initializing worker threads...

Threads started!


File operations:
    reads/s:                      1116248.56
    writes/s:                     0.00
    fsyncs/s:                     0.00

Throughput:
    read, MiB/s:                  34882.77
    written, MiB/s:               0.00

General statistics:
    total time:                          240.0003s
    total number of events:              267901739

Latency (ms):
         min:                                    0.00
         avg:                                    0.02
         max:                                   25.16
         95th percentile:                        0.07
         sum:                              4671257.32

Threads fairness:
    events (avg/stddev):           8371929.3438/29519.24
    execution time (avg/stddev):   145.9768/0.10

sysbench 1.0.17 (using bundled LuaJIT 2.1.0-beta2)

Running the test with following options:
Number of threads: 64
Initializing random number generator from current time


Extra file open flags: (none)
64 files, 128MiB each
8GiB total file size
Block size 32KiB
Number of IO requests: 0
Read/Write ratio for combined random IO test: 1.50
Calling fsync() after each write operation.
Using synchronous I/O mode
Doing random read test
Initializing worker threads...

Threads started!


File operations:
    reads/s:                      1109265.66
    writes/s:                     0.00
    fsyncs/s:                     0.00

Throughput:
    read, MiB/s:                  34664.55
    written, MiB/s:               0.00

General statistics:
    total time:                          240.0006s
    total number of events:              266226128

Latency (ms):
         min:                                    0.00
         avg:                                    0.03
         max:                                   26.13
         95th percentile:                        0.19
         sum:                              8721418.11

Threads fairness:
    events (avg/stddev):           4159783.2500/5639.12
    execution time (avg/stddev):   136.2722/0.17

