sysbench 1.0.17 (using bundled LuaJIT 2.1.0-beta2)

Running the test with following options:
Number of threads: 1
Initializing random number generator from current time


Extra file open flags: (none)
64 files, 128MiB each
8GiB total file size
Block size 32KiB
Number of IO requests: 0
Read/Write ratio for combined random IO test: 1.50
Calling fsync() after each write operation.
Using synchronous I/O mode
Doing random write test
Initializing worker threads...

Threads started!


File operations:
    reads/s:                      0.00
    writes/s:                     3908.45
    fsyncs/s:                     3908.45

Throughput:
    read, MiB/s:                  0.00
    written, MiB/s:               122.14

General statistics:
    total time:                          240.0001s
    total number of events:              938034

Latency (ms):
         min:                                    0.09
         avg:                                    0.26
         max:                                    9.75
         95th percentile:                        0.34
         sum:                               239569.69

Threads fairness:
    events (avg/stddev):           938034.0000/0.00
    execution time (avg/stddev):   239.5697/0.00

sysbench 1.0.17 (using bundled LuaJIT 2.1.0-beta2)

Running the test with following options:
Number of threads: 4
Initializing random number generator from current time


Extra file open flags: (none)
64 files, 128MiB each
8GiB total file size
Block size 32KiB
Number of IO requests: 0
Read/Write ratio for combined random IO test: 1.50
Calling fsync() after each write operation.
Using synchronous I/O mode
Doing random write test
Initializing worker threads...

Threads started!


File operations:
    reads/s:                      0.00
    writes/s:                     10869.95
    fsyncs/s:                     10869.95

Throughput:
    read, MiB/s:                  0.00
    written, MiB/s:               339.69

General statistics:
    total time:                          240.0003s
    total number of events:              2608807

Latency (ms):
         min:                                    0.09
         avg:                                    0.37
         max:                                   10.16
         95th percentile:                        0.97
         sum:                               958350.34

Threads fairness:
    events (avg/stddev):           652201.7500/782.15
    execution time (avg/stddev):   239.5876/0.00

sysbench 1.0.17 (using bundled LuaJIT 2.1.0-beta2)

Running the test with following options:
Number of threads: 8
Initializing random number generator from current time


Extra file open flags: (none)
64 files, 128MiB each
8GiB total file size
Block size 32KiB
Number of IO requests: 0
Read/Write ratio for combined random IO test: 1.50
Calling fsync() after each write operation.
Using synchronous I/O mode
Doing random write test
Initializing worker threads...

Threads started!


File operations:
    reads/s:                      0.00
    writes/s:                     11306.20
    fsyncs/s:                     11306.20

Throughput:
    read, MiB/s:                  0.00
    written, MiB/s:               353.32

General statistics:
    total time:                          240.0004s
    total number of events:              2713510

Latency (ms):
         min:                                    0.09
         avg:                                    0.71
         max:                                   11.83
         95th percentile:                        1.25
         sum:                              1917756.63

Threads fairness:
    events (avg/stddev):           339188.7500/836.65
    execution time (avg/stddev):   239.7196/0.00

sysbench 1.0.17 (using bundled LuaJIT 2.1.0-beta2)

Running the test with following options:
Number of threads: 16
Initializing random number generator from current time


Extra file open flags: (none)
64 files, 128MiB each
8GiB total file size
Block size 32KiB
Number of IO requests: 0
Read/Write ratio for combined random IO test: 1.50
Calling fsync() after each write operation.
Using synchronous I/O mode
Doing random write test
Initializing worker threads...

Threads started!


File operations:
    reads/s:                      0.00
    writes/s:                     11726.97
    fsyncs/s:                     11726.97

Throughput:
    read, MiB/s:                  0.00
    written, MiB/s:               366.47

General statistics:
    total time:                          240.0028s
    total number of events:              2814522

Latency (ms):
         min:                                    0.09
         avg:                                    1.36
         max:                                   12.93
         95th percentile:                        3.82
         sum:                              3836140.21

Threads fairness:
    events (avg/stddev):           175907.6250/241.02
    execution time (avg/stddev):   239.7588/0.00

sysbench 1.0.17 (using bundled LuaJIT 2.1.0-beta2)

Running the test with following options:
Number of threads: 32
Initializing random number generator from current time


Extra file open flags: (none)
64 files, 128MiB each
8GiB total file size
Block size 32KiB
Number of IO requests: 0
Read/Write ratio for combined random IO test: 1.50
Calling fsync() after each write operation.
Using synchronous I/O mode
Doing random write test
Initializing worker threads...

Threads started!


File operations:
    reads/s:                      0.00
    writes/s:                     12017.97
    fsyncs/s:                     12017.97

Throughput:
    read, MiB/s:                  0.00
    written, MiB/s:               375.56

General statistics:
    total time:                          240.0078s
    total number of events:              2884423

Latency (ms):
         min:                                    0.10
         avg:                                    2.66
         max:                                   23.25
         95th percentile:                        7.30
         sum:                              7673771.82

Threads fairness:
    events (avg/stddev):           90138.2188/211.18
    execution time (avg/stddev):   239.8054/0.00

sysbench 1.0.17 (using bundled LuaJIT 2.1.0-beta2)

Running the test with following options:
Number of threads: 64
Initializing random number generator from current time


Extra file open flags: (none)
64 files, 128MiB each
8GiB total file size
Block size 32KiB
Number of IO requests: 0
Read/Write ratio for combined random IO test: 1.50
Calling fsync() after each write operation.
Using synchronous I/O mode
Doing random write test
Initializing worker threads...

Threads started!


File operations:
    reads/s:                      0.00
    writes/s:                     12214.37
    fsyncs/s:                     12214.37

Throughput:
    read, MiB/s:                  0.00
    written, MiB/s:               381.70

General statistics:
    total time:                          240.0044s
    total number of events:              2931517

Latency (ms):
         min:                                    0.10
         avg:                                    5.24
         max:                                   42.11
         95th percentile:                       13.22
         sum:                             15351104.14

Threads fairness:
    events (avg/stddev):           45804.9531/110.82
    execution time (avg/stddev):   239.8610/0.00

