sysbench 1.0.17 (using bundled LuaJIT 2.1.0-beta2)

Running the test with following options:
Number of threads: 1
Initializing random number generator from current time


Extra file open flags: (none)
64 files, 128MiB each
8GiB total file size
Block size 32KiB
Number of IO requests: 0
Read/Write ratio for combined random IO test: 1.50
Calling fsync() after each write operation.
Using synchronous I/O mode
Doing random write test
Initializing worker threads...

Threads started!


File operations:
    reads/s:                      0.00
    writes/s:                     3527.60
    fsyncs/s:                     3527.60

Throughput:
    read, MiB/s:                  0.00
    written, MiB/s:               110.24

General statistics:
    total time:                          240.0003s
    total number of events:              846632

Latency (ms):
         min:                                    0.10
         avg:                                    0.28
         max:                                    6.72
         95th percentile:                        0.39
         sum:                               239583.86

Threads fairness:
    events (avg/stddev):           846632.0000/0.00
    execution time (avg/stddev):   239.5839/0.00

sysbench 1.0.17 (using bundled LuaJIT 2.1.0-beta2)

Running the test with following options:
Number of threads: 4
Initializing random number generator from current time


Extra file open flags: (none)
64 files, 128MiB each
8GiB total file size
Block size 32KiB
Number of IO requests: 0
Read/Write ratio for combined random IO test: 1.50
Calling fsync() after each write operation.
Using synchronous I/O mode
Doing random write test
Initializing worker threads...

Threads started!


File operations:
    reads/s:                      0.00
    writes/s:                     10767.14
    fsyncs/s:                     10767.14

Throughput:
    read, MiB/s:                  0.00
    written, MiB/s:               336.47

General statistics:
    total time:                          240.0004s
    total number of events:              2584138

Latency (ms):
         min:                                    0.10
         avg:                                    0.37
         max:                                  134.38
         95th percentile:                        0.69
         sum:                               957615.72

Threads fairness:
    events (avg/stddev):           646034.5000/901.79
    execution time (avg/stddev):   239.4039/0.00

sysbench 1.0.17 (using bundled LuaJIT 2.1.0-beta2)

Running the test with following options:
Number of threads: 8
Initializing random number generator from current time


Extra file open flags: (none)
64 files, 128MiB each
8GiB total file size
Block size 32KiB
Number of IO requests: 0
Read/Write ratio for combined random IO test: 1.50
Calling fsync() after each write operation.
Using synchronous I/O mode
Doing random write test
Initializing worker threads...

Threads started!


File operations:
    reads/s:                      0.00
    writes/s:                     10955.49
    fsyncs/s:                     10955.49

Throughput:
    read, MiB/s:                  0.00
    written, MiB/s:               342.36

General statistics:
    total time:                          240.0009s
    total number of events:              2629345

Latency (ms):
         min:                                    0.10
         avg:                                    0.73
         max:                                  385.35
         95th percentile:                        1.21
         sum:                              1917868.87

Threads fairness:
    events (avg/stddev):           328668.1250/1557.88
    execution time (avg/stddev):   239.7336/0.00

sysbench 1.0.17 (using bundled LuaJIT 2.1.0-beta2)

Running the test with following options:
Number of threads: 16
Initializing random number generator from current time


Extra file open flags: (none)
64 files, 128MiB each
8GiB total file size
Block size 32KiB
Number of IO requests: 0
Read/Write ratio for combined random IO test: 1.50
Calling fsync() after each write operation.
Using synchronous I/O mode
Doing random write test
Initializing worker threads...

Threads started!


File operations:
    reads/s:                      0.00
    writes/s:                     11279.94
    fsyncs/s:                     11279.94

Throughput:
    read, MiB/s:                  0.00
    written, MiB/s:               352.50

General statistics:
    total time:                          240.0012s
    total number of events:              2707218

Latency (ms):
         min:                                    0.10
         avg:                                    1.42
         max:                                 4578.56
         95th percentile:                        3.68
         sum:                              3835945.21

Threads fairness:
    events (avg/stddev):           169201.1250/266.43
    execution time (avg/stddev):   239.7466/0.00

sysbench 1.0.17 (using bundled LuaJIT 2.1.0-beta2)

Running the test with following options:
Number of threads: 32
Initializing random number generator from current time


Extra file open flags: (none)
64 files, 128MiB each
8GiB total file size
Block size 32KiB
Number of IO requests: 0
Read/Write ratio for combined random IO test: 1.50
Calling fsync() after each write operation.
Using synchronous I/O mode
Doing random write test
Initializing worker threads...

Threads started!


File operations:
    reads/s:                      0.00
    writes/s:                     11800.10
    fsyncs/s:                     11800.10

Throughput:
    read, MiB/s:                  0.00
    written, MiB/s:               368.75

General statistics:
    total time:                          240.0017s
    total number of events:              2832062

Latency (ms):
         min:                                    0.10
         avg:                                    2.71
         max:                                  126.08
         95th percentile:                        7.30
         sum:                              7673336.58

Threads fairness:
    events (avg/stddev):           88501.9375/201.03
    execution time (avg/stddev):   239.7918/0.00

sysbench 1.0.17 (using bundled LuaJIT 2.1.0-beta2)

Running the test with following options:
Number of threads: 64
Initializing random number generator from current time


Extra file open flags: (none)
64 files, 128MiB each
8GiB total file size
Block size 32KiB
Number of IO requests: 0
Read/Write ratio for combined random IO test: 1.50
Calling fsync() after each write operation.
Using synchronous I/O mode
Doing random write test
Initializing worker threads...

Threads started!


File operations:
    reads/s:                      0.00
    writes/s:                     12064.66
    fsyncs/s:                     12064.66

Throughput:
    read, MiB/s:                  0.00
    written, MiB/s:               377.02

General statistics:
    total time:                          240.4840s
    total number of events:              2901378

Latency (ms):
         min:                                    0.10
         avg:                                    5.30
         max:                                  665.73
         95th percentile:                       13.46
         sum:                             15382316.39

Threads fairness:
    events (avg/stddev):           45334.0312/109.36
    execution time (avg/stddev):   240.3487/0.00

