sysbench 1.0.17 (using bundled LuaJIT 2.1.0-beta2)

Running the test with following options:
Number of threads: 1
Initializing random number generator from current time


Extra file open flags: (none)
64 files, 128MiB each
8GiB total file size
Block size 32KiB
Number of IO requests: 0
Read/Write ratio for combined random IO test: 1.50
Calling fsync() after each write operation.
Using synchronous I/O mode
Doing random write test
Initializing worker threads...

Threads started!


File operations:
    reads/s:                      0.00
    writes/s:                     3341.80
    fsyncs/s:                     3341.80

Throughput:
    read, MiB/s:                  0.00
    written, MiB/s:               104.43

General statistics:
    total time:                          240.0001s
    total number of events:              802038

Latency (ms):
         min:                                    0.10
         avg:                                    0.30
         max:                                   10.48
         95th percentile:                        0.42
         sum:                               239571.48

Threads fairness:
    events (avg/stddev):           802038.0000/0.00
    execution time (avg/stddev):   239.5715/0.00

sysbench 1.0.17 (using bundled LuaJIT 2.1.0-beta2)

Running the test with following options:
Number of threads: 4
Initializing random number generator from current time


Extra file open flags: (none)
64 files, 128MiB each
8GiB total file size
Block size 32KiB
Number of IO requests: 0
Read/Write ratio for combined random IO test: 1.50
Calling fsync() after each write operation.
Using synchronous I/O mode
Doing random write test
Initializing worker threads...

Threads started!


File operations:
    reads/s:                      0.00
    writes/s:                     10786.55
    fsyncs/s:                     10786.55

Throughput:
    read, MiB/s:                  0.00
    written, MiB/s:               337.08

General statistics:
    total time:                          240.0004s
    total number of events:              2588797

Latency (ms):
         min:                                    0.10
         avg:                                    0.37
         max:                                   11.38
         95th percentile:                        0.77
         sum:                               958261.84

Threads fairness:
    events (avg/stddev):           647199.2500/1212.89
    execution time (avg/stddev):   239.5655/0.00

sysbench 1.0.17 (using bundled LuaJIT 2.1.0-beta2)

Running the test with following options:
Number of threads: 8
Initializing random number generator from current time


Extra file open flags: (none)
64 files, 128MiB each
8GiB total file size
Block size 32KiB
Number of IO requests: 0
Read/Write ratio for combined random IO test: 1.50
Calling fsync() after each write operation.
Using synchronous I/O mode
Doing random write test
Initializing worker threads...

Threads started!


File operations:
    reads/s:                      0.00
    writes/s:                     11350.89
    fsyncs/s:                     11350.89

Throughput:
    read, MiB/s:                  0.00
    written, MiB/s:               354.72

General statistics:
    total time:                          240.0004s
    total number of events:              2724240

Latency (ms):
         min:                                    0.10
         avg:                                    0.70
         max:                                   10.88
         95th percentile:                        1.12
         sum:                              1917850.85

Threads fairness:
    events (avg/stddev):           340530.0000/119.90
    execution time (avg/stddev):   239.7314/0.00

sysbench 1.0.17 (using bundled LuaJIT 2.1.0-beta2)

Running the test with following options:
Number of threads: 16
Initializing random number generator from current time


Extra file open flags: (none)
64 files, 128MiB each
8GiB total file size
Block size 32KiB
Number of IO requests: 0
Read/Write ratio for combined random IO test: 1.50
Calling fsync() after each write operation.
Using synchronous I/O mode
Doing random write test
Initializing worker threads...

Threads started!


File operations:
    reads/s:                      0.00
    writes/s:                     11737.70
    fsyncs/s:                     11737.70

Throughput:
    read, MiB/s:                  0.00
    written, MiB/s:               366.80

General statistics:
    total time:                          240.0033s
    total number of events:              2817105

Latency (ms):
         min:                                    0.11
         avg:                                    1.36
         max:                                   13.86
         95th percentile:                        3.75
         sum:                              3835997.13

Threads fairness:
    events (avg/stddev):           176069.0625/267.63
    execution time (avg/stddev):   239.7498/0.00

sysbench 1.0.17 (using bundled LuaJIT 2.1.0-beta2)

Running the test with following options:
Number of threads: 32
Initializing random number generator from current time


Extra file open flags: (none)
64 files, 128MiB each
8GiB total file size
Block size 32KiB
Number of IO requests: 0
Read/Write ratio for combined random IO test: 1.50
Calling fsync() after each write operation.
Using synchronous I/O mode
Doing random write test
Initializing worker threads...

Threads started!


File operations:
    reads/s:                      0.00
    writes/s:                     12016.29
    fsyncs/s:                     12016.29

Throughput:
    read, MiB/s:                  0.00
    written, MiB/s:               375.51

General statistics:
    total time:                          240.0045s
    total number of events:              2883983

Latency (ms):
         min:                                    0.11
         avg:                                    2.66
         max:                                   22.23
         95th percentile:                        7.30
         sum:                              7673824.43

Threads fairness:
    events (avg/stddev):           90124.4688/169.74
    execution time (avg/stddev):   239.8070/0.00

sysbench 1.0.17 (using bundled LuaJIT 2.1.0-beta2)

Running the test with following options:
Number of threads: 64
Initializing random number generator from current time


Extra file open flags: (none)
64 files, 128MiB each
8GiB total file size
Block size 32KiB
Number of IO requests: 0
Read/Write ratio for combined random IO test: 1.50
Calling fsync() after each write operation.
Using synchronous I/O mode
Doing random write test
Initializing worker threads...

Threads started!


File operations:
    reads/s:                      0.00
    writes/s:                     12206.96
    fsyncs/s:                     12206.96

Throughput:
    read, MiB/s:                  0.00
    written, MiB/s:               381.47

General statistics:
    total time:                          240.0076s
    total number of events:              2929782

Latency (ms):
         min:                                    0.10
         avg:                                    5.24
         max:                                   40.31
         95th percentile:                       13.22
         sum:                             15351144.12

Threads fairness:
    events (avg/stddev):           45777.8438/109.35
    execution time (avg/stddev):   239.8616/0.00

