sysbench 1.0.17 (using bundled LuaJIT 2.1.0-beta2)

Running the test with following options:
Number of threads: 1
Initializing random number generator from current time


Extra file open flags: (none)
64 files, 128MiB each
8GiB total file size
Block size 32KiB
Number of IO requests: 0
Read/Write ratio for combined random IO test: 1.50
Calling fsync() after each write operation.
Using synchronous I/O mode
Doing random read test
Initializing worker threads...

Threads started!


File operations:
    reads/s:                      213561.70
    writes/s:                     0.00
    fsyncs/s:                     0.00

Throughput:
    read, MiB/s:                  6673.80
    written, MiB/s:               0.00

General statistics:
    total time:                          240.0000s
    total number of events:              51255147

Latency (ms):
         min:                                    0.00
         avg:                                    0.00
         max:                                    0.05
         95th percentile:                        0.01
         sum:                               227657.82

Threads fairness:
    events (avg/stddev):           51255147.0000/0.00
    execution time (avg/stddev):   227.6578/0.00

sysbench 1.0.17 (using bundled LuaJIT 2.1.0-beta2)

Running the test with following options:
Number of threads: 4
Initializing random number generator from current time


Extra file open flags: (none)
64 files, 128MiB each
8GiB total file size
Block size 32KiB
Number of IO requests: 0
Read/Write ratio for combined random IO test: 1.50
Calling fsync() after each write operation.
Using synchronous I/O mode
Doing random read test
Initializing worker threads...

Threads started!


File operations:
    reads/s:                      719329.87
    writes/s:                     0.00
    fsyncs/s:                     0.00

Throughput:
    read, MiB/s:                  22479.06
    written, MiB/s:               0.00

General statistics:
    total time:                          240.0000s
    total number of events:              172640268

Latency (ms):
         min:                                    0.00
         avg:                                    0.01
         max:                                    4.02
         95th percentile:                        0.01
         sum:                               866661.00

Threads fairness:
    events (avg/stddev):           43160067.0000/557128.43
    execution time (avg/stddev):   216.6653/0.08

sysbench 1.0.17 (using bundled LuaJIT 2.1.0-beta2)

Running the test with following options:
Number of threads: 8
Initializing random number generator from current time


Extra file open flags: (none)
64 files, 128MiB each
8GiB total file size
Block size 32KiB
Number of IO requests: 0
Read/Write ratio for combined random IO test: 1.50
Calling fsync() after each write operation.
Using synchronous I/O mode
Doing random read test
Initializing worker threads...

Threads started!


File operations:
    reads/s:                      1110885.31
    writes/s:                     0.00
    fsyncs/s:                     0.00

Throughput:
    read, MiB/s:                  34715.17
    written, MiB/s:               0.00

General statistics:
    total time:                          240.0000s
    total number of events:              266614307

Latency (ms):
         min:                                    0.00
         avg:                                    0.01
         max:                                    0.71
         95th percentile:                        0.01
         sum:                              1586169.08

Threads fairness:
    events (avg/stddev):           33326788.3750/731156.28
    execution time (avg/stddev):   198.2711/1.14

sysbench 1.0.17 (using bundled LuaJIT 2.1.0-beta2)

Running the test with following options:
Number of threads: 16
Initializing random number generator from current time


Extra file open flags: (none)
64 files, 128MiB each
8GiB total file size
Block size 32KiB
Number of IO requests: 0
Read/Write ratio for combined random IO test: 1.50
Calling fsync() after each write operation.
Using synchronous I/O mode
Doing random read test
Initializing worker threads...

Threads started!


File operations:
    reads/s:                      1067948.16
    writes/s:                     0.00
    fsyncs/s:                     0.00

Throughput:
    read, MiB/s:                  33373.38
    written, MiB/s:               0.00

General statistics:
    total time:                          240.0001s
    total number of events:              256309270

Latency (ms):
         min:                                    0.00
         avg:                                    0.01
         max:                                    4.26
         95th percentile:                        0.02
         sum:                              2648859.95

Threads fairness:
    events (avg/stddev):           16019329.3750/27496.17
    execution time (avg/stddev):   165.5537/0.14

sysbench 1.0.17 (using bundled LuaJIT 2.1.0-beta2)

Running the test with following options:
Number of threads: 32
Initializing random number generator from current time


Extra file open flags: (none)
64 files, 128MiB each
8GiB total file size
Block size 32KiB
Number of IO requests: 0
Read/Write ratio for combined random IO test: 1.50
Calling fsync() after each write operation.
Using synchronous I/O mode
Doing random read test
Initializing worker threads...

Threads started!


File operations:
    reads/s:                      1071701.90
    writes/s:                     0.00
    fsyncs/s:                     0.00

Throughput:
    read, MiB/s:                  33490.68
    written, MiB/s:               0.00

General statistics:
    total time:                          240.0001s
    total number of events:              257210333

Latency (ms):
         min:                                    0.00
         avg:                                    0.02
         max:                                    9.87
         95th percentile:                        0.07
         sum:                              4622569.08

Threads fairness:
    events (avg/stddev):           8037822.9062/10125.04
    execution time (avg/stddev):   144.4553/0.10

sysbench 1.0.17 (using bundled LuaJIT 2.1.0-beta2)

Running the test with following options:
Number of threads: 64
Initializing random number generator from current time


Extra file open flags: (none)
64 files, 128MiB each
8GiB total file size
Block size 32KiB
Number of IO requests: 0
Read/Write ratio for combined random IO test: 1.50
Calling fsync() after each write operation.
Using synchronous I/O mode
Doing random read test
Initializing worker threads...

Threads started!


File operations:
    reads/s:                      1062525.61
    writes/s:                     0.00
    fsyncs/s:                     0.00

Throughput:
    read, MiB/s:                  33203.93
    written, MiB/s:               0.00

General statistics:
    total time:                          240.0002s
    total number of events:              255007981

Latency (ms):
         min:                                    0.00
         avg:                                    0.03
         max:                                   39.99
         95th percentile:                        0.20
         sum:                              8631990.60

Threads fairness:
    events (avg/stddev):           3984499.7031/12208.83
    execution time (avg/stddev):   134.8749/0.13

