sysbench 1.0.17 (using bundled LuaJIT 2.1.0-beta2)

Running the test with following options:
Number of threads: 1
Initializing random number generator from current time


Extra file open flags: (none)
64 files, 128MiB each
8GiB total file size
Block size 32KiB
Number of IO requests: 0
Read/Write ratio for combined random IO test: 1.50
Calling fsync() after each write operation.
Using synchronous I/O mode
Doing random write test
Initializing worker threads...

Threads started!


File operations:
    reads/s:                      0.00
    writes/s:                     8246.31
    fsyncs/s:                     8246.31

Throughput:
    read, MiB/s:                  0.00
    written, MiB/s:               257.70

General statistics:
    total time:                          240.0001s
    total number of events:              1979129

Latency (ms):
         min:                                    0.05
         avg:                                    0.12
         max:                                    0.77
         95th percentile:                        0.15
         sum:                               239351.20

Threads fairness:
    events (avg/stddev):           1979129.0000/0.00
    execution time (avg/stddev):   239.3512/0.00

sysbench 1.0.17 (using bundled LuaJIT 2.1.0-beta2)

Running the test with following options:
Number of threads: 4
Initializing random number generator from current time


Extra file open flags: (none)
64 files, 128MiB each
8GiB total file size
Block size 32KiB
Number of IO requests: 0
Read/Write ratio for combined random IO test: 1.50
Calling fsync() after each write operation.
Using synchronous I/O mode
Doing random write test
Initializing worker threads...

Threads started!


File operations:
    reads/s:                      0.00
    writes/s:                     14220.35
    fsyncs/s:                     14220.35

Throughput:
    read, MiB/s:                  0.00
    written, MiB/s:               444.39

General statistics:
    total time:                          240.0001s
    total number of events:              3412907

Latency (ms):
         min:                                    0.05
         avg:                                    0.28
         max:                                    1.85
         95th percentile:                        0.57
         sum:                               958468.42

Threads fairness:
    events (avg/stddev):           853226.7500/166.21
    execution time (avg/stddev):   239.6171/0.00

sysbench 1.0.17 (using bundled LuaJIT 2.1.0-beta2)

Running the test with following options:
Number of threads: 8
Initializing random number generator from current time


Extra file open flags: (none)
64 files, 128MiB each
8GiB total file size
Block size 32KiB
Number of IO requests: 0
Read/Write ratio for combined random IO test: 1.50
Calling fsync() after each write operation.
Using synchronous I/O mode
Doing random write test
Initializing worker threads...

Threads started!


File operations:
    reads/s:                      0.00
    writes/s:                     14574.62
    fsyncs/s:                     14574.62

Throughput:
    read, MiB/s:                  0.00
    written, MiB/s:               455.46

General statistics:
    total time:                          240.0008s
    total number of events:              3497943

Latency (ms):
         min:                                    0.05
         avg:                                    0.55
         max:                                    2.82
         95th percentile:                        1.08
         sum:                              1917558.19

Threads fairness:
    events (avg/stddev):           437242.8750/367.11
    execution time (avg/stddev):   239.6948/0.00

sysbench 1.0.17 (using bundled LuaJIT 2.1.0-beta2)

Running the test with following options:
Number of threads: 16
Initializing random number generator from current time


Extra file open flags: (none)
64 files, 128MiB each
8GiB total file size
Block size 32KiB
Number of IO requests: 0
Read/Write ratio for combined random IO test: 1.50
Calling fsync() after each write operation.
Using synchronous I/O mode
Doing random write test
Initializing worker threads...

Threads started!


File operations:
    reads/s:                      0.00
    writes/s:                     14962.09
    fsyncs/s:                     14962.09

Throughput:
    read, MiB/s:                  0.00
    written, MiB/s:               467.57

General statistics:
    total time:                          240.0003s
    total number of events:              3590929

Latency (ms):
         min:                                    0.05
         avg:                                    1.07
         max:                                    6.75
         95th percentile:                        2.03
         sum:                              3836473.26

Threads fairness:
    events (avg/stddev):           224433.0625/282.46
    execution time (avg/stddev):   239.7796/0.00

sysbench 1.0.17 (using bundled LuaJIT 2.1.0-beta2)

Running the test with following options:
Number of threads: 32
Initializing random number generator from current time


Extra file open flags: (none)
64 files, 128MiB each
8GiB total file size
Block size 32KiB
Number of IO requests: 0
Read/Write ratio for combined random IO test: 1.50
Calling fsync() after each write operation.
Using synchronous I/O mode
Doing random write test
Initializing worker threads...

Threads started!


File operations:
    reads/s:                      0.00
    writes/s:                     15338.35
    fsyncs/s:                     15338.35

Throughput:
    read, MiB/s:                  0.00
    written, MiB/s:               479.32

General statistics:
    total time:                          240.0013s
    total number of events:              3681246

Latency (ms):
         min:                                    0.05
         avg:                                    2.08
         max:                                   13.09
         95th percentile:                        3.75
         sum:                              7674666.74

Threads fairness:
    events (avg/stddev):           115038.9375/176.18
    execution time (avg/stddev):   239.8333/0.00

sysbench 1.0.17 (using bundled LuaJIT 2.1.0-beta2)

Running the test with following options:
Number of threads: 64
Initializing random number generator from current time


Extra file open flags: (none)
64 files, 128MiB each
8GiB total file size
Block size 32KiB
Number of IO requests: 0
Read/Write ratio for combined random IO test: 1.50
Calling fsync() after each write operation.
Using synchronous I/O mode
Doing random write test
Initializing worker threads...

Threads started!


File operations:
    reads/s:                      0.00
    writes/s:                     15634.17
    fsyncs/s:                     15634.17

Throughput:
    read, MiB/s:                  0.00
    written, MiB/s:               488.57

General statistics:
    total time:                          240.0020s
    total number of events:              3752252

Latency (ms):
         min:                                    0.06
         avg:                                    4.09
         max:                                   22.15
         95th percentile:                        7.04
         sum:                             15349225.98

Threads fairness:
    events (avg/stddev):           58628.9375/86.53
    execution time (avg/stddev):   239.8317/0.00

