sysbench 1.0.17 (using bundled LuaJIT 2.1.0-beta2)

Running the test with following options:
Number of threads: 1
Initializing random number generator from current time


Extra file open flags: (none)
64 files, 128MiB each
8GiB total file size
Block size 32KiB
Number of IO requests: 0
Read/Write ratio for combined random IO test: 1.50
Calling fsync() after each write operation.
Using synchronous I/O mode
Doing random read test
Initializing worker threads...

Threads started!


File operations:
    reads/s:                      141659.66
    writes/s:                     0.00
    fsyncs/s:                     0.00

Throughput:
    read, MiB/s:                  4426.86
    written, MiB/s:               0.00

General statistics:
    total time:                          240.0001s
    total number of events:              33998629

Latency (ms):
         min:                                    0.00
         avg:                                    0.01
         max:                                   28.03
         95th percentile:                        0.01
         sum:                               229286.19

Threads fairness:
    events (avg/stddev):           33998629.0000/0.00
    execution time (avg/stddev):   229.2862/0.00

sysbench 1.0.17 (using bundled LuaJIT 2.1.0-beta2)

Running the test with following options:
Number of threads: 4
Initializing random number generator from current time


Extra file open flags: (none)
64 files, 128MiB each
8GiB total file size
Block size 32KiB
Number of IO requests: 0
Read/Write ratio for combined random IO test: 1.50
Calling fsync() after each write operation.
Using synchronous I/O mode
Doing random read test
Initializing worker threads...

Threads started!


File operations:
    reads/s:                      498490.67
    writes/s:                     0.00
    fsyncs/s:                     0.00

Throughput:
    read, MiB/s:                  15577.83
    written, MiB/s:               0.00

General statistics:
    total time:                          240.0002s
    total number of events:              119638969

Latency (ms):
         min:                                    0.00
         avg:                                    0.01
         max:                                   49.74
         95th percentile:                        0.01
         sum:                               897614.36

Threads fairness:
    events (avg/stddev):           29909742.2500/83423.00
    execution time (avg/stddev):   224.4036/0.06

sysbench 1.0.17 (using bundled LuaJIT 2.1.0-beta2)

Running the test with following options:
Number of threads: 8
Initializing random number generator from current time


Extra file open flags: (none)
64 files, 128MiB each
8GiB total file size
Block size 32KiB
Number of IO requests: 0
Read/Write ratio for combined random IO test: 1.50
Calling fsync() after each write operation.
Using synchronous I/O mode
Doing random read test
Initializing worker threads...

Threads started!


File operations:
    reads/s:                      811459.41
    writes/s:                     0.00
    fsyncs/s:                     0.00

Throughput:
    read, MiB/s:                  25358.11
    written, MiB/s:               0.00

General statistics:
    total time:                          240.0021s
    total number of events:              194753823

Latency (ms):
         min:                                    0.00
         avg:                                    0.01
         max:                                   13.62
         95th percentile:                        0.01
         sum:                              1738593.41

Threads fairness:
    events (avg/stddev):           24344227.8750/78100.08
    execution time (avg/stddev):   217.3242/0.10

sysbench 1.0.17 (using bundled LuaJIT 2.1.0-beta2)

Running the test with following options:
Number of threads: 16
Initializing random number generator from current time


Extra file open flags: (none)
64 files, 128MiB each
8GiB total file size
Block size 32KiB
Number of IO requests: 0
Read/Write ratio for combined random IO test: 1.50
Calling fsync() after each write operation.
Using synchronous I/O mode
Doing random read test
Initializing worker threads...

Threads started!


File operations:
    reads/s:                      819113.75
    writes/s:                     0.00
    fsyncs/s:                     0.00

Throughput:
    read, MiB/s:                  25597.30
    written, MiB/s:               0.00

General statistics:
    total time:                          240.0007s
    total number of events:              196596061

Latency (ms):
         min:                                    0.00
         avg:                                    0.02
         max:                                   99.53
         95th percentile:                        0.03
         sum:                              3150817.87

Threads fairness:
    events (avg/stddev):           12287253.8125/29140.55
    execution time (avg/stddev):   196.9261/0.18

sysbench 1.0.17 (using bundled LuaJIT 2.1.0-beta2)

Running the test with following options:
Number of threads: 32
Initializing random number generator from current time


Extra file open flags: (none)
64 files, 128MiB each
8GiB total file size
Block size 32KiB
Number of IO requests: 0
Read/Write ratio for combined random IO test: 1.50
Calling fsync() after each write operation.
Using synchronous I/O mode
Doing random read test
Initializing worker threads...

Threads started!


File operations:
    reads/s:                      786115.79
    writes/s:                     0.00
    fsyncs/s:                     0.00

Throughput:
    read, MiB/s:                  24566.12
    written, MiB/s:               0.00

General statistics:
    total time:                          240.0039s
    total number of events:              188672509

Latency (ms):
         min:                                    0.00
         avg:                                    0.03
         max:                                   93.23
         95th percentile:                        0.08
         sum:                              5629065.88

Threads fairness:
    events (avg/stddev):           5896015.9062/17995.03
    execution time (avg/stddev):   175.9083/0.18

sysbench 1.0.17 (using bundled LuaJIT 2.1.0-beta2)

Running the test with following options:
Number of threads: 64
Initializing random number generator from current time


Extra file open flags: (none)
64 files, 128MiB each
8GiB total file size
Block size 32KiB
Number of IO requests: 0
Read/Write ratio for combined random IO test: 1.50
Calling fsync() after each write operation.
Using synchronous I/O mode
Doing random read test
Initializing worker threads...

Threads started!


File operations:
    reads/s:                      958300.31
    writes/s:                     0.00
    fsyncs/s:                     0.00

Throughput:
    read, MiB/s:                  29946.88
    written, MiB/s:               0.00

General statistics:
    total time:                          240.0009s
    total number of events:              229994774

Latency (ms):
         min:                                    0.00
         avg:                                    0.05
         max:                                   62.07
         95th percentile:                        0.15
         sum:                             10590787.07

Threads fairness:
    events (avg/stddev):           3593668.3438/14206.49
    execution time (avg/stddev):   165.4810/0.26

