sysbench 1.0.17 (using bundled LuaJIT 2.1.0-beta2)

Running the test with following options:
Number of threads: 1
Initializing random number generator from current time


Extra file open flags: (none)
64 files, 128MiB each
8GiB total file size
Block size 32KiB
Number of IO requests: 0
Read/Write ratio for combined random IO test: 1.50
Calling fsync() after each write operation.
Using synchronous I/O mode
Doing random read test
Initializing worker threads...

Threads started!


File operations:
    reads/s:                      171441.97
    writes/s:                     0.00
    fsyncs/s:                     0.00

Throughput:
    read, MiB/s:                  5357.56
    written, MiB/s:               0.00

General statistics:
    total time:                          240.0001s
    total number of events:              41146408

Latency (ms):
         min:                                    0.00
         avg:                                    0.01
         max:                                    0.68
         95th percentile:                        0.01
         sum:                               228406.26

Threads fairness:
    events (avg/stddev):           41146408.0000/0.00
    execution time (avg/stddev):   228.4063/0.00

sysbench 1.0.17 (using bundled LuaJIT 2.1.0-beta2)

Running the test with following options:
Number of threads: 4
Initializing random number generator from current time


Extra file open flags: (none)
64 files, 128MiB each
8GiB total file size
Block size 32KiB
Number of IO requests: 0
Read/Write ratio for combined random IO test: 1.50
Calling fsync() after each write operation.
Using synchronous I/O mode
Doing random read test
Initializing worker threads...

Threads started!


File operations:
    reads/s:                      591722.25
    writes/s:                     0.00
    fsyncs/s:                     0.00

Throughput:
    read, MiB/s:                  18491.32
    written, MiB/s:               0.00

General statistics:
    total time:                          240.0001s
    total number of events:              142014505

Latency (ms):
         min:                                    0.00
         avg:                                    0.01
         max:                                    0.90
         95th percentile:                        0.01
         sum:                               882765.42

Threads fairness:
    events (avg/stddev):           35503626.2500/60735.35
    execution time (avg/stddev):   220.6914/0.09

sysbench 1.0.17 (using bundled LuaJIT 2.1.0-beta2)

Running the test with following options:
Number of threads: 8
Initializing random number generator from current time


Extra file open flags: (none)
64 files, 128MiB each
8GiB total file size
Block size 32KiB
Number of IO requests: 0
Read/Write ratio for combined random IO test: 1.50
Calling fsync() after each write operation.
Using synchronous I/O mode
Doing random read test
Initializing worker threads...

Threads started!


File operations:
    reads/s:                      974173.35
    writes/s:                     0.00
    fsyncs/s:                     0.00

Throughput:
    read, MiB/s:                  30442.92
    written, MiB/s:               0.00

General statistics:
    total time:                          240.0002s
    total number of events:              233803682

Latency (ms):
         min:                                    0.00
         avg:                                    0.01
         max:                                    1.27
         95th percentile:                        0.01
         sum:                              1646644.52

Threads fairness:
    events (avg/stddev):           29225460.2500/93857.54
    execution time (avg/stddev):   205.8306/0.06

sysbench 1.0.17 (using bundled LuaJIT 2.1.0-beta2)

Running the test with following options:
Number of threads: 16
Initializing random number generator from current time


Extra file open flags: (none)
64 files, 128MiB each
8GiB total file size
Block size 32KiB
Number of IO requests: 0
Read/Write ratio for combined random IO test: 1.50
Calling fsync() after each write operation.
Using synchronous I/O mode
Doing random read test
Initializing worker threads...

Threads started!


File operations:
    reads/s:                      999309.49
    writes/s:                     0.00
    fsyncs/s:                     0.00

Throughput:
    read, MiB/s:                  31228.42
    written, MiB/s:               0.00

General statistics:
    total time:                          240.0002s
    total number of events:              239836374

Latency (ms):
         min:                                    0.00
         avg:                                    0.01
         max:                                    3.61
         95th percentile:                        0.02
         sum:                              2815932.63

Threads fairness:
    events (avg/stddev):           14989773.3750/35810.39
    execution time (avg/stddev):   175.9958/0.15

sysbench 1.0.17 (using bundled LuaJIT 2.1.0-beta2)

Running the test with following options:
Number of threads: 32
Initializing random number generator from current time


Extra file open flags: (none)
64 files, 128MiB each
8GiB total file size
Block size 32KiB
Number of IO requests: 0
Read/Write ratio for combined random IO test: 1.50
Calling fsync() after each write operation.
Using synchronous I/O mode
Doing random read test
Initializing worker threads...

Threads started!


File operations:
    reads/s:                      1023790.98
    writes/s:                     0.00
    fsyncs/s:                     0.00

Throughput:
    read, MiB/s:                  31993.47
    written, MiB/s:               0.00

General statistics:
    total time:                          240.0004s
    total number of events:              245712175

Latency (ms):
         min:                                    0.00
         avg:                                    0.02
         max:                                   25.79
         95th percentile:                        0.07
         sum:                              4795676.22

Threads fairness:
    events (avg/stddev):           7678505.4688/7449.84
    execution time (avg/stddev):   149.8649/0.10

sysbench 1.0.17 (using bundled LuaJIT 2.1.0-beta2)

Running the test with following options:
Number of threads: 64
Initializing random number generator from current time


Extra file open flags: (none)
64 files, 128MiB each
8GiB total file size
Block size 32KiB
Number of IO requests: 0
Read/Write ratio for combined random IO test: 1.50
Calling fsync() after each write operation.
Using synchronous I/O mode
Doing random read test
Initializing worker threads...

Threads started!


File operations:
    reads/s:                      997316.14
    writes/s:                     0.00
    fsyncs/s:                     0.00

Throughput:
    read, MiB/s:                  31166.13
    written, MiB/s:               0.00

General statistics:
    total time:                          240.0007s
    total number of events:              239358393

Latency (ms):
         min:                                    0.00
         avg:                                    0.04
         max:                                   31.11
         95th percentile:                        0.21
         sum:                              8788683.80

Threads fairness:
    events (avg/stddev):           3739974.8906/4781.02
    execution time (avg/stddev):   137.3232/0.12

