sysbench 1.0.17 (using bundled LuaJIT 2.1.0-beta2)

Running the test with following options:
Number of threads: 1
Initializing random number generator from current time


Extra file open flags: (none)
64 files, 128MiB each
8GiB total file size
Block size 32KiB
Number of IO requests: 0
Read/Write ratio for combined random IO test: 1.50
Calling fsync() after each write operation.
Using synchronous I/O mode
Doing random write test
Initializing worker threads...

Threads started!


File operations:
    reads/s:                      0.00
    writes/s:                     3115.72
    fsyncs/s:                     3115.72

Throughput:
    read, MiB/s:                  0.00
    written, MiB/s:               97.37

General statistics:
    total time:                          240.0001s
    total number of events:              747779

Latency (ms):
         min:                                    0.10
         avg:                                    0.32
         max:                                   10.14
         95th percentile:                        0.46
         sum:                               239418.79

Threads fairness:
    events (avg/stddev):           747779.0000/0.00
    execution time (avg/stddev):   239.4188/0.00

sysbench 1.0.17 (using bundled LuaJIT 2.1.0-beta2)

Running the test with following options:
Number of threads: 4
Initializing random number generator from current time


Extra file open flags: (none)
64 files, 128MiB each
8GiB total file size
Block size 32KiB
Number of IO requests: 0
Read/Write ratio for combined random IO test: 1.50
Calling fsync() after each write operation.
Using synchronous I/O mode
Doing random write test
Initializing worker threads...

Threads started!


File operations:
    reads/s:                      0.00
    writes/s:                     10756.02
    fsyncs/s:                     10756.02

Throughput:
    read, MiB/s:                  0.00
    written, MiB/s:               336.13

General statistics:
    total time:                          240.0003s
    total number of events:              2581468

Latency (ms):
         min:                                    0.10
         avg:                                    0.37
         max:                                   10.76
         95th percentile:                        0.70
         sum:                               957877.54

Threads fairness:
    events (avg/stddev):           645367.0000/542.91
    execution time (avg/stddev):   239.4694/0.00

sysbench 1.0.17 (using bundled LuaJIT 2.1.0-beta2)

Running the test with following options:
Number of threads: 8
Initializing random number generator from current time


Extra file open flags: (none)
64 files, 128MiB each
8GiB total file size
Block size 32KiB
Number of IO requests: 0
Read/Write ratio for combined random IO test: 1.50
Calling fsync() after each write operation.
Using synchronous I/O mode
Doing random write test
Initializing worker threads...

Threads started!


File operations:
    reads/s:                      0.00
    writes/s:                     11218.78
    fsyncs/s:                     11218.78

Throughput:
    read, MiB/s:                  0.00
    written, MiB/s:               350.59

General statistics:
    total time:                          240.0009s
    total number of events:              2692538

Latency (ms):
         min:                                    0.10
         avg:                                    0.71
         max:                                  788.58
         95th percentile:                        1.16
         sum:                              1917341.92

Threads fairness:
    events (avg/stddev):           336567.2500/586.97
    execution time (avg/stddev):   239.6677/0.00

sysbench 1.0.17 (using bundled LuaJIT 2.1.0-beta2)

Running the test with following options:
Number of threads: 16
Initializing random number generator from current time


Extra file open flags: (none)
64 files, 128MiB each
8GiB total file size
Block size 32KiB
Number of IO requests: 0
Read/Write ratio for combined random IO test: 1.50
Calling fsync() after each write operation.
Using synchronous I/O mode
Doing random write test
Initializing worker threads...

Threads started!


File operations:
    reads/s:                      0.00
    writes/s:                     11519.26
    fsyncs/s:                     11519.26

Throughput:
    read, MiB/s:                  0.00
    written, MiB/s:               359.98

General statistics:
    total time:                          240.0014s
    total number of events:              2764658

Latency (ms):
         min:                                    0.11
         avg:                                    1.39
         max:                                  188.52
         95th percentile:                        3.55
         sum:                              3835900.28

Threads fairness:
    events (avg/stddev):           172791.1250/170.50
    execution time (avg/stddev):   239.7438/0.00

sysbench 1.0.17 (using bundled LuaJIT 2.1.0-beta2)

Running the test with following options:
Number of threads: 32
Initializing random number generator from current time


Extra file open flags: (none)
64 files, 128MiB each
8GiB total file size
Block size 32KiB
Number of IO requests: 0
Read/Write ratio for combined random IO test: 1.50
Calling fsync() after each write operation.
Using synchronous I/O mode
Doing random write test
Initializing worker threads...

Threads started!


File operations:
    reads/s:                      0.00
    writes/s:                     11796.41
    fsyncs/s:                     11796.41

Throughput:
    read, MiB/s:                  0.00
    written, MiB/s:               368.64

General statistics:
    total time:                          240.0026s
    total number of events:              2831188

Latency (ms):
         min:                                    0.11
         avg:                                    2.71
         max:                                  205.01
         95th percentile:                        7.30
         sum:                              7673426.58

Threads fairness:
    events (avg/stddev):           88474.6250/201.83
    execution time (avg/stddev):   239.7946/0.00

sysbench 1.0.17 (using bundled LuaJIT 2.1.0-beta2)

Running the test with following options:
Number of threads: 64
Initializing random number generator from current time


Extra file open flags: (none)
64 files, 128MiB each
8GiB total file size
Block size 32KiB
Number of IO requests: 0
Read/Write ratio for combined random IO test: 1.50
Calling fsync() after each write operation.
Using synchronous I/O mode
Doing random write test
Initializing worker threads...

Threads started!


File operations:
    reads/s:                      0.00
    writes/s:                     12208.65
    fsyncs/s:                     12208.65

Throughput:
    read, MiB/s:                  0.00
    written, MiB/s:               381.52

General statistics:
    total time:                          240.0092s
    total number of events:              2930209

Latency (ms):
         min:                                    0.10
         avg:                                    5.24
         max:                                   89.16
         95th percentile:                       13.22
         sum:                             15350482.60

Threads fairness:
    events (avg/stddev):           45784.5156/119.96
    execution time (avg/stddev):   239.8513/0.00

