sysbench 1.0.17 (using bundled LuaJIT 2.1.0-beta2)

Running the test with following options:
Number of threads: 1
Initializing random number generator from current time


Extra file open flags: (none)
64 files, 128MiB each
8GiB total file size
Block size 32KiB
Number of IO requests: 0
Read/Write ratio for combined random IO test: 1.50
Calling fsync() after each write operation.
Using synchronous I/O mode
Doing random read test
Initializing worker threads...

Threads started!


File operations:
    reads/s:                      140781.65
    writes/s:                     0.00
    fsyncs/s:                     0.00

Throughput:
    read, MiB/s:                  4399.43
    written, MiB/s:               0.00

General statistics:
    total time:                          240.0001s
    total number of events:              33787912

Latency (ms):
         min:                                    0.00
         avg:                                    0.01
         max:                                    7.92
         95th percentile:                        0.01
         sum:                               230018.40

Threads fairness:
    events (avg/stddev):           33787912.0000/0.00
    execution time (avg/stddev):   230.0184/0.00

sysbench 1.0.17 (using bundled LuaJIT 2.1.0-beta2)

Running the test with following options:
Number of threads: 4
Initializing random number generator from current time


Extra file open flags: (none)
64 files, 128MiB each
8GiB total file size
Block size 32KiB
Number of IO requests: 0
Read/Write ratio for combined random IO test: 1.50
Calling fsync() after each write operation.
Using synchronous I/O mode
Doing random read test
Initializing worker threads...

Threads started!


File operations:
    reads/s:                      509878.66
    writes/s:                     0.00
    fsyncs/s:                     0.00

Throughput:
    read, MiB/s:                  15933.71
    written, MiB/s:               0.00

General statistics:
    total time:                          240.0001s
    total number of events:              122372122

Latency (ms):
         min:                                    0.00
         avg:                                    0.01
         max:                                    9.28
         95th percentile:                        0.01
         sum:                               898343.38

Threads fairness:
    events (avg/stddev):           30593030.5000/134242.27
    execution time (avg/stddev):   224.5858/0.12

sysbench 1.0.17 (using bundled LuaJIT 2.1.0-beta2)

Running the test with following options:
Number of threads: 8
Initializing random number generator from current time


Extra file open flags: (none)
64 files, 128MiB each
8GiB total file size
Block size 32KiB
Number of IO requests: 0
Read/Write ratio for combined random IO test: 1.50
Calling fsync() after each write operation.
Using synchronous I/O mode
Doing random read test
Initializing worker threads...

Threads started!


File operations:
    reads/s:                      907118.31
    writes/s:                     0.00
    fsyncs/s:                     0.00

Throughput:
    read, MiB/s:                  28347.45
    written, MiB/s:               0.00

General statistics:
    total time:                          240.0001s
    total number of events:              217710556

Latency (ms):
         min:                                    0.00
         avg:                                    0.01
         max:                                   12.92
         95th percentile:                        0.01
         sum:                              1726009.74

Threads fairness:
    events (avg/stddev):           27213819.5000/55774.81
    execution time (avg/stddev):   215.7512/0.19

sysbench 1.0.17 (using bundled LuaJIT 2.1.0-beta2)

Running the test with following options:
Number of threads: 16
Initializing random number generator from current time


Extra file open flags: (none)
64 files, 128MiB each
8GiB total file size
Block size 32KiB
Number of IO requests: 0
Read/Write ratio for combined random IO test: 1.50
Calling fsync() after each write operation.
Using synchronous I/O mode
Doing random read test
Initializing worker threads...

Threads started!


File operations:
    reads/s:                      901665.34
    writes/s:                     0.00
    fsyncs/s:                     0.00

Throughput:
    read, MiB/s:                  28177.04
    written, MiB/s:               0.00

General statistics:
    total time:                          240.0002s
    total number of events:              216401912

Latency (ms):
         min:                                    0.00
         avg:                                    0.01
         max:                                   13.09
         95th percentile:                        0.03
         sum:                              3084143.22

Threads fairness:
    events (avg/stddev):           13525119.5000/18313.26
    execution time (avg/stddev):   192.7590/0.18

sysbench 1.0.17 (using bundled LuaJIT 2.1.0-beta2)

Running the test with following options:
Number of threads: 32
Initializing random number generator from current time


Extra file open flags: (none)
64 files, 128MiB each
8GiB total file size
Block size 32KiB
Number of IO requests: 0
Read/Write ratio for combined random IO test: 1.50
Calling fsync() after each write operation.
Using synchronous I/O mode
Doing random read test
Initializing worker threads...

Threads started!


File operations:
    reads/s:                      919908.01
    writes/s:                     0.00
    fsyncs/s:                     0.00

Throughput:
    read, MiB/s:                  28747.13
    written, MiB/s:               0.00

General statistics:
    total time:                          240.0003s
    total number of events:              220780200

Latency (ms):
         min:                                    0.00
         avg:                                    0.02
         max:                                   24.69
         95th percentile:                        0.05
         sum:                              5073090.47

Threads fairness:
    events (avg/stddev):           6899381.2500/15791.98
    execution time (avg/stddev):   158.5341/0.19

sysbench 1.0.17 (using bundled LuaJIT 2.1.0-beta2)

Running the test with following options:
Number of threads: 64
Initializing random number generator from current time


Extra file open flags: (none)
64 files, 128MiB each
8GiB total file size
Block size 32KiB
Number of IO requests: 0
Read/Write ratio for combined random IO test: 1.50
Calling fsync() after each write operation.
Using synchronous I/O mode
Doing random read test
Initializing worker threads...

Threads started!


File operations:
    reads/s:                      944467.49
    writes/s:                     0.00
    fsyncs/s:                     0.00

Throughput:
    read, MiB/s:                  29514.61
    written, MiB/s:               0.00

General statistics:
    total time:                          240.0006s
    total number of events:              226674764

Latency (ms):
         min:                                    0.00
         avg:                                    0.04
         max:                                   46.12
         95th percentile:                        0.08
         sum:                              9012845.46

Threads fairness:
    events (avg/stddev):           3541793.1875/9092.80
    execution time (avg/stddev):   140.8257/0.24

