sysbench 1.0.17 (using bundled LuaJIT 2.1.0-beta2)

Running the test with following options:
Number of threads: 1
Initializing random number generator from current time


Extra file open flags: (none)
64 files, 128MiB each
8GiB total file size
Block size 32KiB
Number of IO requests: 0
Read/Write ratio for combined random IO test: 1.50
Calling fsync() after each write operation.
Using synchronous I/O mode
Doing random write test
Initializing worker threads...

Threads started!


File operations:
    reads/s:                      0.00
    writes/s:                     1570.02
    fsyncs/s:                     1570.02

Throughput:
    read, MiB/s:                  0.00
    written, MiB/s:               49.06

General statistics:
    total time:                          240.0009s
    total number of events:              376810

Latency (ms):
         min:                                    0.11
         avg:                                    0.64
         max:                                  189.39
         95th percentile:                        0.97
         sum:                               239395.93

Threads fairness:
    events (avg/stddev):           376810.0000/0.00
    execution time (avg/stddev):   239.3959/0.00

sysbench 1.0.17 (using bundled LuaJIT 2.1.0-beta2)

Running the test with following options:
Number of threads: 4
Initializing random number generator from current time


Extra file open flags: (none)
64 files, 128MiB each
8GiB total file size
Block size 32KiB
Number of IO requests: 0
Read/Write ratio for combined random IO test: 1.50
Calling fsync() after each write operation.
Using synchronous I/O mode
Doing random write test
Initializing worker threads...

Threads started!


File operations:
    reads/s:                      0.00
    writes/s:                     6904.97
    fsyncs/s:                     6904.97

Throughput:
    read, MiB/s:                  0.00
    written, MiB/s:               215.78

General statistics:
    total time:                          240.0009s
    total number of events:              1657211

Latency (ms):
         min:                                    0.09
         avg:                                    0.58
         max:                                   59.99
         95th percentile:                        0.89
         sum:                               957648.20

Threads fairness:
    events (avg/stddev):           414302.7500/175.50
    execution time (avg/stddev):   239.4121/0.00

sysbench 1.0.17 (using bundled LuaJIT 2.1.0-beta2)

Running the test with following options:
Number of threads: 8
Initializing random number generator from current time


Extra file open flags: (none)
64 files, 128MiB each
8GiB total file size
Block size 32KiB
Number of IO requests: 0
Read/Write ratio for combined random IO test: 1.50
Calling fsync() after each write operation.
Using synchronous I/O mode
Doing random write test
Initializing worker threads...

Threads started!


File operations:
    reads/s:                      0.00
    writes/s:                     7456.90
    fsyncs/s:                     7456.90

Throughput:
    read, MiB/s:                  0.00
    written, MiB/s:               233.03

General statistics:
    total time:                          240.0198s
    total number of events:              1789818

Latency (ms):
         min:                                    0.09
         avg:                                    1.07
         max:                                   34.61
         95th percentile:                        1.04
         sum:                              1916829.40

Threads fairness:
    events (avg/stddev):           223727.2500/322.39
    execution time (avg/stddev):   239.6037/0.01

sysbench 1.0.17 (using bundled LuaJIT 2.1.0-beta2)

Running the test with following options:
Number of threads: 16
Initializing random number generator from current time


Extra file open flags: (none)
64 files, 128MiB each
8GiB total file size
Block size 32KiB
Number of IO requests: 0
Read/Write ratio for combined random IO test: 1.50
Calling fsync() after each write operation.
Using synchronous I/O mode
Doing random write test
Initializing worker threads...

Threads started!


File operations:
    reads/s:                      0.00
    writes/s:                     7775.78
    fsyncs/s:                     7775.78

Throughput:
    read, MiB/s:                  0.00
    written, MiB/s:               242.99

General statistics:
    total time:                          240.0017s
    total number of events:              1866216

Latency (ms):
         min:                                    0.09
         avg:                                    2.05
         max:                                   47.75
         95th percentile:                        2.30
         sum:                              3834968.49

Threads fairness:
    events (avg/stddev):           116638.5000/229.45
    execution time (avg/stddev):   239.6855/0.01

sysbench 1.0.17 (using bundled LuaJIT 2.1.0-beta2)

Running the test with following options:
Number of threads: 32
Initializing random number generator from current time


Extra file open flags: (none)
64 files, 128MiB each
8GiB total file size
Block size 32KiB
Number of IO requests: 0
Read/Write ratio for combined random IO test: 1.50
Calling fsync() after each write operation.
Using synchronous I/O mode
Doing random write test
Initializing worker threads...

Threads started!


File operations:
    reads/s:                      0.00
    writes/s:                     7951.92
    fsyncs/s:                     7951.92

Throughput:
    read, MiB/s:                  0.00
    written, MiB/s:               248.50

General statistics:
    total time:                          240.0007s
    total number of events:              1908483

Latency (ms):
         min:                                    0.10
         avg:                                    4.02
         max:                                   49.93
         95th percentile:                       40.37
         sum:                              7674573.49

Threads fairness:
    events (avg/stddev):           59640.0938/149.99
    execution time (avg/stddev):   239.8304/0.00

sysbench 1.0.17 (using bundled LuaJIT 2.1.0-beta2)

Running the test with following options:
Number of threads: 64
Initializing random number generator from current time


Extra file open flags: (none)
64 files, 128MiB each
8GiB total file size
Block size 32KiB
Number of IO requests: 0
Read/Write ratio for combined random IO test: 1.50
Calling fsync() after each write operation.
Using synchronous I/O mode
Doing random write test
Initializing worker threads...

Threads started!


File operations:
    reads/s:                      0.00
    writes/s:                     8034.23
    fsyncs/s:                     8034.23

Throughput:
    read, MiB/s:                  0.00
    written, MiB/s:               251.07

General statistics:
    total time:                          240.0014s
    total number of events:              1928242

Latency (ms):
         min:                                    0.10
         avg:                                    7.96
         max:                                   92.74
         95th percentile:                       43.39
         sum:                             15354042.39

Threads fairness:
    events (avg/stddev):           30128.7812/81.05
    execution time (avg/stddev):   239.9069/0.00

