sysbench 1.0.17 (using bundled LuaJIT 2.1.0-beta2)

Running the test with following options:
Number of threads: 1
Initializing random number generator from current time


Extra file open flags: (none)
64 files, 128MiB each
8GiB total file size
Block size 32KiB
Number of IO requests: 0
Read/Write ratio for combined random IO test: 1.50
Calling fsync() after each write operation.
Using synchronous I/O mode
Doing random read test
Initializing worker threads...

Threads started!


File operations:
    reads/s:                      231985.35
    writes/s:                     0.00
    fsyncs/s:                     0.00

Throughput:
    read, MiB/s:                  7249.54
    written, MiB/s:               0.00

General statistics:
    total time:                          240.0001s
    total number of events:              55676862

Latency (ms):
         min:                                    0.00
         avg:                                    0.00
         max:                                    0.06
         95th percentile:                        0.00
         sum:                               227899.13

Threads fairness:
    events (avg/stddev):           55676862.0000/0.00
    execution time (avg/stddev):   227.8991/0.00

sysbench 1.0.17 (using bundled LuaJIT 2.1.0-beta2)

Running the test with following options:
Number of threads: 4
Initializing random number generator from current time


Extra file open flags: (none)
64 files, 128MiB each
8GiB total file size
Block size 32KiB
Number of IO requests: 0
Read/Write ratio for combined random IO test: 1.50
Calling fsync() after each write operation.
Using synchronous I/O mode
Doing random read test
Initializing worker threads...

Threads started!


File operations:
    reads/s:                      601423.60
    writes/s:                     0.00
    fsyncs/s:                     0.00

Throughput:
    read, MiB/s:                  18794.49
    written, MiB/s:               0.00

General statistics:
    total time:                          240.0001s
    total number of events:              144342774

Latency (ms):
         min:                                    0.00
         avg:                                    0.01
         max:                                    0.23
         95th percentile:                        0.01
         sum:                               837235.73

Threads fairness:
    events (avg/stddev):           36085693.5000/781805.09
    execution time (avg/stddev):   209.3089/3.34

sysbench 1.0.17 (using bundled LuaJIT 2.1.0-beta2)

Running the test with following options:
Number of threads: 8
Initializing random number generator from current time


Extra file open flags: (none)
64 files, 128MiB each
8GiB total file size
Block size 32KiB
Number of IO requests: 0
Read/Write ratio for combined random IO test: 1.50
Calling fsync() after each write operation.
Using synchronous I/O mode
Doing random read test
Initializing worker threads...

Threads started!


File operations:
    reads/s:                      757794.39
    writes/s:                     0.00
    fsyncs/s:                     0.00

Throughput:
    read, MiB/s:                  23681.07
    written, MiB/s:               0.00

General statistics:
    total time:                          240.0001s
    total number of events:              181872055

Latency (ms):
         min:                                    0.00
         avg:                                    0.01
         max:                                   15.46
         95th percentile:                        0.01
         sum:                              1746474.78

Threads fairness:
    events (avg/stddev):           22734006.8750/113707.61
    execution time (avg/stddev):   218.3093/0.41

sysbench 1.0.17 (using bundled LuaJIT 2.1.0-beta2)

Running the test with following options:
Number of threads: 16
Initializing random number generator from current time


Extra file open flags: (none)
64 files, 128MiB each
8GiB total file size
Block size 32KiB
Number of IO requests: 0
Read/Write ratio for combined random IO test: 1.50
Calling fsync() after each write operation.
Using synchronous I/O mode
Doing random read test
Initializing worker threads...

Threads started!


File operations:
    reads/s:                      736792.20
    writes/s:                     0.00
    fsyncs/s:                     0.00

Throughput:
    read, MiB/s:                  23024.76
    written, MiB/s:               0.00

General statistics:
    total time:                          240.0001s
    total number of events:              176831445

Latency (ms):
         min:                                    0.00
         avg:                                    0.02
         max:                                   12.85
         95th percentile:                        0.04
         sum:                              2751663.61

Threads fairness:
    events (avg/stddev):           11051965.3125/54935.95
    execution time (avg/stddev):   171.9790/0.46

sysbench 1.0.17 (using bundled LuaJIT 2.1.0-beta2)

Running the test with following options:
Number of threads: 32
Initializing random number generator from current time


Extra file open flags: (none)
64 files, 128MiB each
8GiB total file size
Block size 32KiB
Number of IO requests: 0
Read/Write ratio for combined random IO test: 1.50
Calling fsync() after each write operation.
Using synchronous I/O mode
Doing random read test
Initializing worker threads...

Threads started!


File operations:
    reads/s:                      717163.97
    writes/s:                     0.00
    fsyncs/s:                     0.00

Throughput:
    read, MiB/s:                  22411.37
    written, MiB/s:               0.00

General statistics:
    total time:                          240.0001s
    total number of events:              172120662

Latency (ms):
         min:                                    0.00
         avg:                                    0.03
         max:                                   14.15
         95th percentile:                        0.11
         sum:                              4768722.89

Threads fairness:
    events (avg/stddev):           5378770.6875/15687.48
    execution time (avg/stddev):   149.0226/0.49

sysbench 1.0.17 (using bundled LuaJIT 2.1.0-beta2)

Running the test with following options:
Number of threads: 64
Initializing random number generator from current time


Extra file open flags: (none)
64 files, 128MiB each
8GiB total file size
Block size 32KiB
Number of IO requests: 0
Read/Write ratio for combined random IO test: 1.50
Calling fsync() after each write operation.
Using synchronous I/O mode
Doing random read test
Initializing worker threads...

Threads started!


File operations:
    reads/s:                      719644.87
    writes/s:                     0.00
    fsyncs/s:                     0.00

Throughput:
    read, MiB/s:                  22488.90
    written, MiB/s:               0.00

General statistics:
    total time:                          240.0003s
    total number of events:              172716167

Latency (ms):
         min:                                    0.00
         avg:                                    0.05
         max:                                   19.42
         95th percentile:                        0.30
         sum:                              8954710.27

Threads fairness:
    events (avg/stddev):           2698690.1094/12464.76
    execution time (avg/stddev):   139.9173/0.31

