sysbench 1.0.17 (using bundled LuaJIT 2.1.0-beta2)

Running the test with following options:
Number of threads: 1
Initializing random number generator from current time


Extra file open flags: (none)
64 files, 128MiB each
8GiB total file size
Block size 32KiB
Number of IO requests: 0
Read/Write ratio for combined random IO test: 1.50
Calling fsync() after each write operation.
Using synchronous I/O mode
Doing random write test
Initializing worker threads...

Threads started!


File operations:
    reads/s:                      0.00
    writes/s:                     577.35
    fsyncs/s:                     577.35

Throughput:
    read, MiB/s:                  0.00
    written, MiB/s:               18.04

General statistics:
    total time:                          240.0002s
    total number of events:              138565

Latency (ms):
         min:                                    0.54
         avg:                                    1.73
         max:                                  100.95
         95th percentile:                        1.96
         sum:                               239892.94

Threads fairness:
    events (avg/stddev):           138565.0000/0.00
    execution time (avg/stddev):   239.8929/0.00

sysbench 1.0.17 (using bundled LuaJIT 2.1.0-beta2)

Running the test with following options:
Number of threads: 4
Initializing random number generator from current time


Extra file open flags: (none)
64 files, 128MiB each
8GiB total file size
Block size 32KiB
Number of IO requests: 0
Read/Write ratio for combined random IO test: 1.50
Calling fsync() after each write operation.
Using synchronous I/O mode
Doing random write test
Initializing worker threads...

Threads started!


File operations:
    reads/s:                      0.00
    writes/s:                     2215.93
    fsyncs/s:                     2215.93

Throughput:
    read, MiB/s:                  0.00
    written, MiB/s:               69.25

General statistics:
    total time:                          240.0009s
    total number of events:              531829

Latency (ms):
         min:                                    0.54
         avg:                                    1.80
         max:                                  108.33
         95th percentile:                        2.22
         sum:                               959525.31

Threads fairness:
    events (avg/stddev):           132957.2500/90.51
    execution time (avg/stddev):   239.8813/0.00

sysbench 1.0.17 (using bundled LuaJIT 2.1.0-beta2)

Running the test with following options:
Number of threads: 8
Initializing random number generator from current time


Extra file open flags: (none)
64 files, 128MiB each
8GiB total file size
Block size 32KiB
Number of IO requests: 0
Read/Write ratio for combined random IO test: 1.50
Calling fsync() after each write operation.
Using synchronous I/O mode
Doing random write test
Initializing worker threads...

Threads started!


File operations:
    reads/s:                      0.00
    writes/s:                     4265.54
    fsyncs/s:                     4265.54

Throughput:
    read, MiB/s:                  0.00
    written, MiB/s:               133.30

General statistics:
    total time:                          240.0005s
    total number of events:              1023739

Latency (ms):
         min:                                    0.51
         avg:                                    1.87
         max:                                  149.89
         95th percentile:                        2.52
         sum:                              1918596.36

Threads fairness:
    events (avg/stddev):           127967.3750/85.38
    execution time (avg/stddev):   239.8245/0.00

sysbench 1.0.17 (using bundled LuaJIT 2.1.0-beta2)

Running the test with following options:
Number of threads: 16
Initializing random number generator from current time


Extra file open flags: (none)
64 files, 128MiB each
8GiB total file size
Block size 32KiB
Number of IO requests: 0
Read/Write ratio for combined random IO test: 1.50
Calling fsync() after each write operation.
Using synchronous I/O mode
Doing random write test
Initializing worker threads...

Threads started!


File operations:
    reads/s:                      0.00
    writes/s:                     7459.47
    fsyncs/s:                     7459.47

Throughput:
    read, MiB/s:                  0.00
    written, MiB/s:               233.11

General statistics:
    total time:                          240.0016s
    total number of events:              1790297

Latency (ms):
         min:                                    0.53
         avg:                                    2.14
         max:                                  137.11
         95th percentile:                        3.02
         sum:                              3835157.58

Threads fairness:
    events (avg/stddev):           111893.5625/73.44
    execution time (avg/stddev):   239.6973/0.00

sysbench 1.0.17 (using bundled LuaJIT 2.1.0-beta2)

Running the test with following options:
Number of threads: 32
Initializing random number generator from current time


Extra file open flags: (none)
64 files, 128MiB each
8GiB total file size
Block size 32KiB
Number of IO requests: 0
Read/Write ratio for combined random IO test: 1.50
Calling fsync() after each write operation.
Using synchronous I/O mode
Doing random write test
Initializing worker threads...

Threads started!


File operations:
    reads/s:                      0.00
    writes/s:                     7859.03
    fsyncs/s:                     7859.03

Throughput:
    read, MiB/s:                  0.00
    written, MiB/s:               245.59

General statistics:
    total time:                          240.0014s
    total number of events:              1886191

Latency (ms):
         min:                                    0.54
         avg:                                    4.07
         max:                                  144.25
         95th percentile:                        5.00
         sum:                              7671824.18

Threads fairness:
    events (avg/stddev):           58943.4688/41.73
    execution time (avg/stddev):   239.7445/0.00

sysbench 1.0.17 (using bundled LuaJIT 2.1.0-beta2)

Running the test with following options:
Number of threads: 64
Initializing random number generator from current time


Extra file open flags: (none)
64 files, 128MiB each
8GiB total file size
Block size 32KiB
Number of IO requests: 0
Read/Write ratio for combined random IO test: 1.50
Calling fsync() after each write operation.
Using synchronous I/O mode
Doing random write test
Initializing worker threads...

Threads started!


File operations:
    reads/s:                      0.00
    writes/s:                     7939.74
    fsyncs/s:                     7939.74

Throughput:
    read, MiB/s:                  0.00
    written, MiB/s:               248.12

General statistics:
    total time:                          240.0032s
    total number of events:              1905575

Latency (ms):
         min:                                    0.56
         avg:                                    8.06
         max:                                  128.48
         95th percentile:                        9.73
         sum:                             15351173.86

Threads fairness:
    events (avg/stddev):           29774.6094/25.29
    execution time (avg/stddev):   239.8621/0.00

