sysbench 1.0.17 (using bundled LuaJIT 2.1.0-beta2)

Running the test with following options:
Number of threads: 1
Initializing random number generator from current time


Extra file open flags: (none)
64 files, 128MiB each
8GiB total file size
Block size 32KiB
Number of IO requests: 0
Read/Write ratio for combined random IO test: 1.50
Calling fsync() after each write operation.
Using synchronous I/O mode
Doing random read test
Initializing worker threads...

Threads started!


File operations:
    reads/s:                      163807.03
    writes/s:                     0.00
    fsyncs/s:                     0.00

Throughput:
    read, MiB/s:                  5118.97
    written, MiB/s:               0.00

General statistics:
    total time:                          240.0001s
    total number of events:              39314052

Latency (ms):
         min:                                    0.00
         avg:                                    0.01
         max:                                    8.13
         95th percentile:                        0.01
         sum:                               229485.32

Threads fairness:
    events (avg/stddev):           39314052.0000/0.00
    execution time (avg/stddev):   229.4853/0.00

sysbench 1.0.17 (using bundled LuaJIT 2.1.0-beta2)

Running the test with following options:
Number of threads: 4
Initializing random number generator from current time


Extra file open flags: (none)
64 files, 128MiB each
8GiB total file size
Block size 32KiB
Number of IO requests: 0
Read/Write ratio for combined random IO test: 1.50
Calling fsync() after each write operation.
Using synchronous I/O mode
Doing random read test
Initializing worker threads...

Threads started!


File operations:
    reads/s:                      563574.61
    writes/s:                     0.00
    fsyncs/s:                     0.00

Throughput:
    read, MiB/s:                  17611.71
    written, MiB/s:               0.00

General statistics:
    total time:                          240.0001s
    total number of events:              135259200

Latency (ms):
         min:                                    0.00
         avg:                                    0.01
         max:                                    9.12
         95th percentile:                        0.01
         sum:                               898524.74

Threads fairness:
    events (avg/stddev):           33814800.0000/136619.16
    execution time (avg/stddev):   224.6312/0.14

sysbench 1.0.17 (using bundled LuaJIT 2.1.0-beta2)

Running the test with following options:
Number of threads: 8
Initializing random number generator from current time


Extra file open flags: (none)
64 files, 128MiB each
8GiB total file size
Block size 32KiB
Number of IO requests: 0
Read/Write ratio for combined random IO test: 1.50
Calling fsync() after each write operation.
Using synchronous I/O mode
Doing random read test
Initializing worker threads...

Threads started!


File operations:
    reads/s:                      932774.52
    writes/s:                     0.00
    fsyncs/s:                     0.00

Throughput:
    read, MiB/s:                  29149.20
    written, MiB/s:               0.00

General statistics:
    total time:                          240.0002s
    total number of events:              223868126

Latency (ms):
         min:                                    0.00
         avg:                                    0.01
         max:                                    9.19
         95th percentile:                        0.01
         sum:                              1719690.09

Threads fairness:
    events (avg/stddev):           27983515.7500/168993.62
    execution time (avg/stddev):   214.9613/0.21

sysbench 1.0.17 (using bundled LuaJIT 2.1.0-beta2)

Running the test with following options:
Number of threads: 16
Initializing random number generator from current time


Extra file open flags: (none)
64 files, 128MiB each
8GiB total file size
Block size 32KiB
Number of IO requests: 0
Read/Write ratio for combined random IO test: 1.50
Calling fsync() after each write operation.
Using synchronous I/O mode
Doing random read test
Initializing worker threads...

Threads started!


File operations:
    reads/s:                      1113521.80
    writes/s:                     0.00
    fsyncs/s:                     0.00

Throughput:
    read, MiB/s:                  34797.56
    written, MiB/s:               0.00

General statistics:
    total time:                          240.0010s
    total number of events:              267249103

Latency (ms):
         min:                                    0.00
         avg:                                    0.01
         max:                                   17.80
         95th percentile:                        0.02
         sum:                              2918983.00

Threads fairness:
    events (avg/stddev):           16703068.9375/42015.18
    execution time (avg/stddev):   182.4364/0.25

sysbench 1.0.17 (using bundled LuaJIT 2.1.0-beta2)

Running the test with following options:
Number of threads: 32
Initializing random number generator from current time


Extra file open flags: (none)
64 files, 128MiB each
8GiB total file size
Block size 32KiB
Number of IO requests: 0
Read/Write ratio for combined random IO test: 1.50
Calling fsync() after each write operation.
Using synchronous I/O mode
Doing random read test
Initializing worker threads...

Threads started!


File operations:
    reads/s:                      1136667.17
    writes/s:                     0.00
    fsyncs/s:                     0.00

Throughput:
    read, MiB/s:                  35520.85
    written, MiB/s:               0.00

General statistics:
    total time:                          240.0003s
    total number of events:              272802819

Latency (ms):
         min:                                    0.00
         avg:                                    0.02
         max:                                   27.39
         95th percentile:                        0.06
         sum:                              4955430.90

Threads fairness:
    events (avg/stddev):           8525088.0938/20121.71
    execution time (avg/stddev):   154.8572/0.16

sysbench 1.0.17 (using bundled LuaJIT 2.1.0-beta2)

Running the test with following options:
Number of threads: 64
Initializing random number generator from current time


Extra file open flags: (none)
64 files, 128MiB each
8GiB total file size
Block size 32KiB
Number of IO requests: 0
Read/Write ratio for combined random IO test: 1.50
Calling fsync() after each write operation.
Using synchronous I/O mode
Doing random read test
Initializing worker threads...

Threads started!


File operations:
    reads/s:                      1142856.65
    writes/s:                     0.00
    fsyncs/s:                     0.00

Throughput:
    read, MiB/s:                  35714.27
    written, MiB/s:               0.00

General statistics:
    total time:                          240.0005s
    total number of events:              274288486

Latency (ms):
         min:                                    0.00
         avg:                                    0.03
         max:                                   73.29
         95th percentile:                        0.12
         sum:                              9023055.40

Threads fairness:
    events (avg/stddev):           4285757.5938/9246.53
    execution time (avg/stddev):   140.9852/0.25

