sysbench 1.0.17 (using bundled LuaJIT 2.1.0-beta2)

Running the test with following options:
Number of threads: 1
Initializing random number generator from current time


Extra file open flags: (none)
64 files, 128MiB each
8GiB total file size
Block size 32KiB
Number of IO requests: 0
Read/Write ratio for combined random IO test: 1.50
Calling fsync() after each write operation.
Using synchronous I/O mode
Doing random write test
Initializing worker threads...

Threads started!


File operations:
    reads/s:                      0.00
    writes/s:                     2049.18
    fsyncs/s:                     2049.18

Throughput:
    read, MiB/s:                  0.00
    written, MiB/s:               64.04

General statistics:
    total time:                          240.0007s
    total number of events:              491809

Latency (ms):
         min:                                    0.10
         avg:                                    0.49
         max:                                   61.23
         95th percentile:                        0.69
         sum:                               239411.01

Threads fairness:
    events (avg/stddev):           491809.0000/0.00
    execution time (avg/stddev):   239.4110/0.00

sysbench 1.0.17 (using bundled LuaJIT 2.1.0-beta2)

Running the test with following options:
Number of threads: 4
Initializing random number generator from current time


Extra file open flags: (none)
64 files, 128MiB each
8GiB total file size
Block size 32KiB
Number of IO requests: 0
Read/Write ratio for combined random IO test: 1.50
Calling fsync() after each write operation.
Using synchronous I/O mode
Doing random write test
Initializing worker threads...

Threads started!


File operations:
    reads/s:                      0.00
    writes/s:                     8887.29
    fsyncs/s:                     8887.29

Throughput:
    read, MiB/s:                  0.00
    written, MiB/s:               277.73

General statistics:
    total time:                          240.0004s
    total number of events:              2132971

Latency (ms):
         min:                                    0.09
         avg:                                    0.45
         max:                                   60.00
         95th percentile:                        0.69
         sum:                               957432.72

Threads fairness:
    events (avg/stddev):           533242.7500/328.31
    execution time (avg/stddev):   239.3582/0.01

sysbench 1.0.17 (using bundled LuaJIT 2.1.0-beta2)

Running the test with following options:
Number of threads: 8
Initializing random number generator from current time


Extra file open flags: (none)
64 files, 128MiB each
8GiB total file size
Block size 32KiB
Number of IO requests: 0
Read/Write ratio for combined random IO test: 1.50
Calling fsync() after each write operation.
Using synchronous I/O mode
Doing random write test
Initializing worker threads...

Threads started!


File operations:
    reads/s:                      0.00
    writes/s:                     14811.31
    fsyncs/s:                     14811.31

Throughput:
    read, MiB/s:                  0.00
    written, MiB/s:               462.85

General statistics:
    total time:                          240.0058s
    total number of events:              3554828

Latency (ms):
         min:                                    0.09
         avg:                                    0.54
         max:                                   71.57
         95th percentile:                        0.84
         sum:                              1915026.14

Threads fairness:
    events (avg/stddev):           444353.5000/446.26
    execution time (avg/stddev):   239.3783/0.00

sysbench 1.0.17 (using bundled LuaJIT 2.1.0-beta2)

Running the test with following options:
Number of threads: 16
Initializing random number generator from current time


Extra file open flags: (none)
64 files, 128MiB each
8GiB total file size
Block size 32KiB
Number of IO requests: 0
Read/Write ratio for combined random IO test: 1.50
Calling fsync() after each write operation.
Using synchronous I/O mode
Doing random write test
Initializing worker threads...

Threads started!


File operations:
    reads/s:                      0.00
    writes/s:                     15601.92
    fsyncs/s:                     15601.92

Throughput:
    read, MiB/s:                  0.00
    written, MiB/s:               487.56

General statistics:
    total time:                          240.0188s
    total number of events:              3744785

Latency (ms):
         min:                                    0.09
         avg:                                    1.02
         max:                                   89.98
         95th percentile:                        1.08
         sum:                              3833927.58

Threads fairness:
    events (avg/stddev):           234049.0625/240.08
    execution time (avg/stddev):   239.6205/0.01

sysbench 1.0.17 (using bundled LuaJIT 2.1.0-beta2)

Running the test with following options:
Number of threads: 32
Initializing random number generator from current time


Extra file open flags: (none)
64 files, 128MiB each
8GiB total file size
Block size 32KiB
Number of IO requests: 0
Read/Write ratio for combined random IO test: 1.50
Calling fsync() after each write operation.
Using synchronous I/O mode
Doing random write test
Initializing worker threads...

Threads started!


File operations:
    reads/s:                      0.00
    writes/s:                     15948.66
    fsyncs/s:                     15948.66

Throughput:
    read, MiB/s:                  0.00
    written, MiB/s:               498.40

General statistics:
    total time:                          240.0071s
    total number of events:              3827820

Latency (ms):
         min:                                    0.09
         avg:                                    2.00
         max:                                   96.62
         95th percentile:                        1.96
         sum:                              7672211.88

Threads fairness:
    events (avg/stddev):           119619.3750/218.09
    execution time (avg/stddev):   239.7566/0.01

sysbench 1.0.17 (using bundled LuaJIT 2.1.0-beta2)

Running the test with following options:
Number of threads: 64
Initializing random number generator from current time


Extra file open flags: (none)
64 files, 128MiB each
8GiB total file size
Block size 32KiB
Number of IO requests: 0
Read/Write ratio for combined random IO test: 1.50
Calling fsync() after each write operation.
Using synchronous I/O mode
Doing random write test
Initializing worker threads...

Threads started!


File operations:
    reads/s:                      0.00
    writes/s:                     16098.58
    fsyncs/s:                     16098.58

Throughput:
    read, MiB/s:                  0.00
    written, MiB/s:               503.08

General statistics:
    total time:                          240.0342s
    total number of events:              3864238

Latency (ms):
         min:                                    0.10
         avg:                                    3.97
         max:                                   96.07
         95th percentile:                       36.89
         sum:                             15353677.03

Threads fairness:
    events (avg/stddev):           60378.7188/130.94
    execution time (avg/stddev):   239.9012/0.00

