sysbench 1.0.17 (using bundled LuaJIT 2.1.0-beta2)

Running the test with following options:
Number of threads: 1
Initializing random number generator from current time


Extra file open flags: (none)
64 files, 128MiB each
8GiB total file size
Block size 32KiB
Number of IO requests: 0
Read/Write ratio for combined random IO test: 1.50
Calling fsync() after each write operation.
Using synchronous I/O mode
Doing random read test
Initializing worker threads...

Threads started!


File operations:
    reads/s:                      191370.27
    writes/s:                     0.00
    fsyncs/s:                     0.00

Throughput:
    read, MiB/s:                  5980.32
    written, MiB/s:               0.00

General statistics:
    total time:                          240.0001s
    total number of events:              45929177

Latency (ms):
         min:                                    0.00
         avg:                                    0.00
         max:                                    0.04
         95th percentile:                        0.01
         sum:                               227648.31

Threads fairness:
    events (avg/stddev):           45929177.0000/0.00
    execution time (avg/stddev):   227.6483/0.00

sysbench 1.0.17 (using bundled LuaJIT 2.1.0-beta2)

Running the test with following options:
Number of threads: 4
Initializing random number generator from current time


Extra file open flags: (none)
64 files, 128MiB each
8GiB total file size
Block size 32KiB
Number of IO requests: 0
Read/Write ratio for combined random IO test: 1.50
Calling fsync() after each write operation.
Using synchronous I/O mode
Doing random read test
Initializing worker threads...

Threads started!


File operations:
    reads/s:                      682362.46
    writes/s:                     0.00
    fsyncs/s:                     0.00

Throughput:
    read, MiB/s:                  21323.83
    written, MiB/s:               0.00

General statistics:
    total time:                          240.0001s
    total number of events:              163768116

Latency (ms):
         min:                                    0.00
         avg:                                    0.01
         max:                                    0.21
         95th percentile:                        0.01
         sum:                               868627.35

Threads fairness:
    events (avg/stddev):           40942029.0000/1117684.04
    execution time (avg/stddev):   217.1568/0.56

sysbench 1.0.17 (using bundled LuaJIT 2.1.0-beta2)

Running the test with following options:
Number of threads: 8
Initializing random number generator from current time


Extra file open flags: (none)
64 files, 128MiB each
8GiB total file size
Block size 32KiB
Number of IO requests: 0
Read/Write ratio for combined random IO test: 1.50
Calling fsync() after each write operation.
Using synchronous I/O mode
Doing random read test
Initializing worker threads...

Threads started!


File operations:
    reads/s:                      1059637.06
    writes/s:                     0.00
    fsyncs/s:                     0.00

Throughput:
    read, MiB/s:                  33113.66
    written, MiB/s:               0.00

General statistics:
    total time:                          240.0001s
    total number of events:              254314609

Latency (ms):
         min:                                    0.00
         avg:                                    0.01
         max:                                    0.36
         95th percentile:                        0.01
         sum:                              1602115.49

Threads fairness:
    events (avg/stddev):           31789326.1250/1021472.71
    execution time (avg/stddev):   200.2644/1.22

sysbench 1.0.17 (using bundled LuaJIT 2.1.0-beta2)

Running the test with following options:
Number of threads: 16
Initializing random number generator from current time


Extra file open flags: (none)
64 files, 128MiB each
8GiB total file size
Block size 32KiB
Number of IO requests: 0
Read/Write ratio for combined random IO test: 1.50
Calling fsync() after each write operation.
Using synchronous I/O mode
Doing random read test
Initializing worker threads...

Threads started!


File operations:
    reads/s:                      1094826.52
    writes/s:                     0.00
    fsyncs/s:                     0.00

Throughput:
    read, MiB/s:                  34213.33
    written, MiB/s:               0.00

General statistics:
    total time:                          240.0001s
    total number of events:              262760169

Latency (ms):
         min:                                    0.00
         avg:                                    0.01
         max:                                   10.66
         95th percentile:                        0.02
         sum:                              2711670.85

Threads fairness:
    events (avg/stddev):           16422510.5625/38499.50
    execution time (avg/stddev):   169.4794/0.21

sysbench 1.0.17 (using bundled LuaJIT 2.1.0-beta2)

Running the test with following options:
Number of threads: 32
Initializing random number generator from current time


Extra file open flags: (none)
64 files, 128MiB each
8GiB total file size
Block size 32KiB
Number of IO requests: 0
Read/Write ratio for combined random IO test: 1.50
Calling fsync() after each write operation.
Using synchronous I/O mode
Doing random read test
Initializing worker threads...

Threads started!


File operations:
    reads/s:                      1076991.32
    writes/s:                     0.00
    fsyncs/s:                     0.00

Throughput:
    read, MiB/s:                  33655.98
    written, MiB/s:               0.00

General statistics:
    total time:                          240.0001s
    total number of events:              258479968

Latency (ms):
         min:                                    0.00
         avg:                                    0.02
         max:                                   10.52
         95th percentile:                        0.07
         sum:                              4657846.68

Threads fairness:
    events (avg/stddev):           8077499.0000/14630.24
    execution time (avg/stddev):   145.5577/0.25

sysbench 1.0.17 (using bundled LuaJIT 2.1.0-beta2)

Running the test with following options:
Number of threads: 64
Initializing random number generator from current time


Extra file open flags: (none)
64 files, 128MiB each
8GiB total file size
Block size 32KiB
Number of IO requests: 0
Read/Write ratio for combined random IO test: 1.50
Calling fsync() after each write operation.
Using synchronous I/O mode
Doing random read test
Initializing worker threads...

Threads started!


File operations:
    reads/s:                      1049838.83
    writes/s:                     0.00
    fsyncs/s:                     0.00

Throughput:
    read, MiB/s:                  32807.46
    written, MiB/s:               0.00

General statistics:
    total time:                          240.0002s
    total number of events:              251963452

Latency (ms):
         min:                                    0.00
         avg:                                    0.03
         max:                                   43.42
         95th percentile:                        0.20
         sum:                              8682705.98

Threads fairness:
    events (avg/stddev):           3936928.9375/21116.02
    execution time (avg/stddev):   135.6673/0.15

