sysbench 1.0.17 (using bundled LuaJIT 2.1.0-beta2)

Running the test with following options:
Number of threads: 1
Initializing random number generator from current time


Extra file open flags: (none)
64 files, 128MiB each
8GiB total file size
Block size 32KiB
Number of IO requests: 0
Read/Write ratio for combined random IO test: 1.50
Calling fsync() after each write operation.
Using synchronous I/O mode
Doing random write test
Initializing worker threads...

Threads started!


File operations:
    reads/s:                      0.00
    writes/s:                     8279.32
    fsyncs/s:                     8279.32

Throughput:
    read, MiB/s:                  0.00
    written, MiB/s:               258.73

General statistics:
    total time:                          240.0001s
    total number of events:              1987051

Latency (ms):
         min:                                    0.05
         avg:                                    0.12
         max:                                    7.26
         95th percentile:                        0.14
         sum:                               239327.54

Threads fairness:
    events (avg/stddev):           1987051.0000/0.00
    execution time (avg/stddev):   239.3275/0.00

sysbench 1.0.17 (using bundled LuaJIT 2.1.0-beta2)

Running the test with following options:
Number of threads: 4
Initializing random number generator from current time


Extra file open flags: (none)
64 files, 128MiB each
8GiB total file size
Block size 32KiB
Number of IO requests: 0
Read/Write ratio for combined random IO test: 1.50
Calling fsync() after each write operation.
Using synchronous I/O mode
Doing random write test
Initializing worker threads...

Threads started!


File operations:
    reads/s:                      0.00
    writes/s:                     14233.86
    fsyncs/s:                     14233.86

Throughput:
    read, MiB/s:                  0.00
    written, MiB/s:               444.81

General statistics:
    total time:                          240.0002s
    total number of events:              3416152

Latency (ms):
         min:                                    0.05
         avg:                                    0.28
         max:                                   10.72
         95th percentile:                        0.57
         sum:                               958395.13

Threads fairness:
    events (avg/stddev):           854038.0000/466.45
    execution time (avg/stddev):   239.5988/0.01

sysbench 1.0.17 (using bundled LuaJIT 2.1.0-beta2)

Running the test with following options:
Number of threads: 8
Initializing random number generator from current time


Extra file open flags: (none)
64 files, 128MiB each
8GiB total file size
Block size 32KiB
Number of IO requests: 0
Read/Write ratio for combined random IO test: 1.50
Calling fsync() after each write operation.
Using synchronous I/O mode
Doing random write test
Initializing worker threads...

Threads started!


File operations:
    reads/s:                      0.00
    writes/s:                     14604.02
    fsyncs/s:                     14604.02

Throughput:
    read, MiB/s:                  0.00
    written, MiB/s:               456.38

General statistics:
    total time:                          240.0005s
    total number of events:              3504996

Latency (ms):
         min:                                    0.05
         avg:                                    0.55
         max:                                    8.42
         95th percentile:                        1.08
         sum:                              1917506.26

Threads fairness:
    events (avg/stddev):           438124.5000/189.25
    execution time (avg/stddev):   239.6883/0.00

sysbench 1.0.17 (using bundled LuaJIT 2.1.0-beta2)

Running the test with following options:
Number of threads: 16
Initializing random number generator from current time


Extra file open flags: (none)
64 files, 128MiB each
8GiB total file size
Block size 32KiB
Number of IO requests: 0
Read/Write ratio for combined random IO test: 1.50
Calling fsync() after each write operation.
Using synchronous I/O mode
Doing random write test
Initializing worker threads...

Threads started!


File operations:
    reads/s:                      0.00
    writes/s:                     14956.88
    fsyncs/s:                     14956.88

Throughput:
    read, MiB/s:                  0.00
    written, MiB/s:               467.40

General statistics:
    total time:                          240.0008s
    total number of events:              3589686

Latency (ms):
         min:                                    0.05
         avg:                                    1.07
         max:                                    8.44
         95th percentile:                        2.03
         sum:                              3836397.99

Threads fairness:
    events (avg/stddev):           224355.3750/247.92
    execution time (avg/stddev):   239.7749/0.00

sysbench 1.0.17 (using bundled LuaJIT 2.1.0-beta2)

Running the test with following options:
Number of threads: 32
Initializing random number generator from current time


Extra file open flags: (none)
64 files, 128MiB each
8GiB total file size
Block size 32KiB
Number of IO requests: 0
Read/Write ratio for combined random IO test: 1.50
Calling fsync() after each write operation.
Using synchronous I/O mode
Doing random write test
Initializing worker threads...

Threads started!


File operations:
    reads/s:                      0.00
    writes/s:                     15344.63
    fsyncs/s:                     15344.63

Throughput:
    read, MiB/s:                  0.00
    written, MiB/s:               479.52

General statistics:
    total time:                          240.0012s
    total number of events:              3682751

Latency (ms):
         min:                                    0.05
         avg:                                    2.08
         max:                                   14.48
         95th percentile:                        3.75
         sum:                              7674526.87

Threads fairness:
    events (avg/stddev):           115085.9688/213.14
    execution time (avg/stddev):   239.8290/0.00

sysbench 1.0.17 (using bundled LuaJIT 2.1.0-beta2)

Running the test with following options:
Number of threads: 64
Initializing random number generator from current time


Extra file open flags: (none)
64 files, 128MiB each
8GiB total file size
Block size 32KiB
Number of IO requests: 0
Read/Write ratio for combined random IO test: 1.50
Calling fsync() after each write operation.
Using synchronous I/O mode
Doing random write test
Initializing worker threads...

Threads started!


File operations:
    reads/s:                      0.00
    writes/s:                     15623.60
    fsyncs/s:                     15623.60

Throughput:
    read, MiB/s:                  0.00
    written, MiB/s:               488.24

General statistics:
    total time:                          240.0058s
    total number of events:              3749776

Latency (ms):
         min:                                    0.05
         avg:                                    4.09
         max:                                   22.14
         95th percentile:                        7.04
         sum:                             15349541.88

Threads fairness:
    events (avg/stddev):           58590.2500/89.47
    execution time (avg/stddev):   239.8366/0.00

