sysbench 1.0.17 (using bundled LuaJIT 2.1.0-beta2)

Running the test with following options:
Number of threads: 1
Initializing random number generator from current time


Extra file open flags: (none)
64 files, 128MiB each
8GiB total file size
Block size 32KiB
Number of IO requests: 0
Read/Write ratio for combined random IO test: 1.50
Calling fsync() after each write operation.
Using synchronous I/O mode
Doing random read test
Initializing worker threads...

Threads started!


File operations:
    reads/s:                      192792.92
    writes/s:                     0.00
    fsyncs/s:                     0.00

Throughput:
    read, MiB/s:                  6024.78
    written, MiB/s:               0.00

General statistics:
    total time:                          240.0001s
    total number of events:              46270608

Latency (ms):
         min:                                    0.00
         avg:                                    0.00
         max:                                    0.05
         95th percentile:                        0.01
         sum:                               227280.53

Threads fairness:
    events (avg/stddev):           46270608.0000/0.00
    execution time (avg/stddev):   227.2805/0.00

sysbench 1.0.17 (using bundled LuaJIT 2.1.0-beta2)

Running the test with following options:
Number of threads: 4
Initializing random number generator from current time


Extra file open flags: (none)
64 files, 128MiB each
8GiB total file size
Block size 32KiB
Number of IO requests: 0
Read/Write ratio for combined random IO test: 1.50
Calling fsync() after each write operation.
Using synchronous I/O mode
Doing random read test
Initializing worker threads...

Threads started!


File operations:
    reads/s:                      688958.54
    writes/s:                     0.00
    fsyncs/s:                     0.00

Throughput:
    read, MiB/s:                  21529.95
    written, MiB/s:               0.00

General statistics:
    total time:                          240.0000s
    total number of events:              165351143

Latency (ms):
         min:                                    0.00
         avg:                                    0.01
         max:                                    0.41
         95th percentile:                        0.01
         sum:                               869154.11

Threads fairness:
    events (avg/stddev):           41337785.7500/1197306.61
    execution time (avg/stddev):   217.2885/0.22

sysbench 1.0.17 (using bundled LuaJIT 2.1.0-beta2)

Running the test with following options:
Number of threads: 8
Initializing random number generator from current time


Extra file open flags: (none)
64 files, 128MiB each
8GiB total file size
Block size 32KiB
Number of IO requests: 0
Read/Write ratio for combined random IO test: 1.50
Calling fsync() after each write operation.
Using synchronous I/O mode
Doing random read test
Initializing worker threads...

Threads started!


File operations:
    reads/s:                      1088578.02
    writes/s:                     0.00
    fsyncs/s:                     0.00

Throughput:
    read, MiB/s:                  34018.06
    written, MiB/s:               0.00

General statistics:
    total time:                          240.0001s
    total number of events:              261260696

Latency (ms):
         min:                                    0.00
         avg:                                    0.01
         max:                                    0.22
         95th percentile:                        0.01
         sum:                              1602656.34

Threads fairness:
    events (avg/stddev):           32657587.0000/1418949.35
    execution time (avg/stddev):   200.3320/1.20

sysbench 1.0.17 (using bundled LuaJIT 2.1.0-beta2)

Running the test with following options:
Number of threads: 16
Initializing random number generator from current time


Extra file open flags: (none)
64 files, 128MiB each
8GiB total file size
Block size 32KiB
Number of IO requests: 0
Read/Write ratio for combined random IO test: 1.50
Calling fsync() after each write operation.
Using synchronous I/O mode
Doing random read test
Initializing worker threads...

Threads started!


File operations:
    reads/s:                      1078604.94
    writes/s:                     0.00
    fsyncs/s:                     0.00

Throughput:
    read, MiB/s:                  33706.40
    written, MiB/s:               0.00

General statistics:
    total time:                          240.0001s
    total number of events:              258867133

Latency (ms):
         min:                                    0.00
         avg:                                    0.01
         max:                                    1.23
         95th percentile:                        0.02
         sum:                              2697499.44

Threads fairness:
    events (avg/stddev):           16179195.8125/27818.96
    execution time (avg/stddev):   168.5937/0.12

sysbench 1.0.17 (using bundled LuaJIT 2.1.0-beta2)

Running the test with following options:
Number of threads: 32
Initializing random number generator from current time


Extra file open flags: (none)
64 files, 128MiB each
8GiB total file size
Block size 32KiB
Number of IO requests: 0
Read/Write ratio for combined random IO test: 1.50
Calling fsync() after each write operation.
Using synchronous I/O mode
Doing random read test
Initializing worker threads...

Threads started!


File operations:
    reads/s:                      1054398.67
    writes/s:                     0.00
    fsyncs/s:                     0.00

Throughput:
    read, MiB/s:                  32949.96
    written, MiB/s:               0.00

General statistics:
    total time:                          240.0001s
    total number of events:              253057726

Latency (ms):
         min:                                    0.00
         avg:                                    0.02
         max:                                    4.50
         95th percentile:                        0.07
         sum:                              4653398.60

Threads fairness:
    events (avg/stddev):           7908053.9375/9502.23
    execution time (avg/stddev):   145.4187/0.10

sysbench 1.0.17 (using bundled LuaJIT 2.1.0-beta2)

Running the test with following options:
Number of threads: 64
Initializing random number generator from current time


Extra file open flags: (none)
64 files, 128MiB each
8GiB total file size
Block size 32KiB
Number of IO requests: 0
Read/Write ratio for combined random IO test: 1.50
Calling fsync() after each write operation.
Using synchronous I/O mode
Doing random read test
Initializing worker threads...

Threads started!


File operations:
    reads/s:                      1054008.53
    writes/s:                     0.00
    fsyncs/s:                     0.00

Throughput:
    read, MiB/s:                  32937.77
    written, MiB/s:               0.00

General statistics:
    total time:                          240.0002s
    total number of events:              252963929

Latency (ms):
         min:                                    0.00
         avg:                                    0.03
         max:                                   41.04
         95th percentile:                        0.20
         sum:                              8664056.94

Threads fairness:
    events (avg/stddev):           3952561.3906/19578.21
    execution time (avg/stddev):   135.3759/0.15

