sysbench 1.0.17 (using bundled LuaJIT 2.1.0-beta2)

Running the test with following options:
Number of threads: 1
Initializing random number generator from current time


Extra file open flags: (none)
64 files, 128MiB each
8GiB total file size
Block size 32KiB
Number of IO requests: 0
Read/Write ratio for combined random IO test: 1.50
Calling fsync() after each write operation.
Using synchronous I/O mode
Doing random read test
Initializing worker threads...

Threads started!


File operations:
    reads/s:                      214918.28
    writes/s:                     0.00
    fsyncs/s:                     0.00

Throughput:
    read, MiB/s:                  6716.20
    written, MiB/s:               0.00

General statistics:
    total time:                          240.0001s
    total number of events:              51580721

Latency (ms):
         min:                                    0.00
         avg:                                    0.00
         max:                                    0.53
         95th percentile:                        0.01
         sum:                               228120.07

Threads fairness:
    events (avg/stddev):           51580721.0000/0.00
    execution time (avg/stddev):   228.1201/0.00

sysbench 1.0.17 (using bundled LuaJIT 2.1.0-beta2)

Running the test with following options:
Number of threads: 4
Initializing random number generator from current time


Extra file open flags: (none)
64 files, 128MiB each
8GiB total file size
Block size 32KiB
Number of IO requests: 0
Read/Write ratio for combined random IO test: 1.50
Calling fsync() after each write operation.
Using synchronous I/O mode
Doing random read test
Initializing worker threads...

Threads started!


File operations:
    reads/s:                      727433.81
    writes/s:                     0.00
    fsyncs/s:                     0.00

Throughput:
    read, MiB/s:                  22732.31
    written, MiB/s:               0.00

General statistics:
    total time:                          240.0001s
    total number of events:              174585272

Latency (ms):
         min:                                    0.00
         avg:                                    0.00
         max:                                    3.39
         95th percentile:                        0.01
         sum:                               872915.85

Threads fairness:
    events (avg/stddev):           43646318.0000/72565.98
    execution time (avg/stddev):   218.2290/0.12

sysbench 1.0.17 (using bundled LuaJIT 2.1.0-beta2)

Running the test with following options:
Number of threads: 8
Initializing random number generator from current time


Extra file open flags: (none)
64 files, 128MiB each
8GiB total file size
Block size 32KiB
Number of IO requests: 0
Read/Write ratio for combined random IO test: 1.50
Calling fsync() after each write operation.
Using synchronous I/O mode
Doing random read test
Initializing worker threads...

Threads started!


File operations:
    reads/s:                      1134298.35
    writes/s:                     0.00
    fsyncs/s:                     0.00

Throughput:
    read, MiB/s:                  35446.82
    written, MiB/s:               0.00

General statistics:
    total time:                          240.0002s
    total number of events:              272233484

Latency (ms):
         min:                                    0.00
         avg:                                    0.01
         max:                                    2.84
         95th percentile:                        0.01
         sum:                              1596856.54

Threads fairness:
    events (avg/stddev):           34029185.5000/54897.16
    execution time (avg/stddev):   199.6071/0.14

sysbench 1.0.17 (using bundled LuaJIT 2.1.0-beta2)

Running the test with following options:
Number of threads: 16
Initializing random number generator from current time


Extra file open flags: (none)
64 files, 128MiB each
8GiB total file size
Block size 32KiB
Number of IO requests: 0
Read/Write ratio for combined random IO test: 1.50
Calling fsync() after each write operation.
Using synchronous I/O mode
Doing random read test
Initializing worker threads...

Threads started!


File operations:
    reads/s:                      1125358.95
    writes/s:                     0.00
    fsyncs/s:                     0.00

Throughput:
    read, MiB/s:                  35167.47
    written, MiB/s:               0.00

General statistics:
    total time:                          240.0002s
    total number of events:              270088089

Latency (ms):
         min:                                    0.00
         avg:                                    0.01
         max:                                    9.03
         95th percentile:                        0.02
         sum:                              2695497.96

Threads fairness:
    events (avg/stddev):           16880505.5625/42069.38
    execution time (avg/stddev):   168.4686/0.11

sysbench 1.0.17 (using bundled LuaJIT 2.1.0-beta2)

Running the test with following options:
Number of threads: 32
Initializing random number generator from current time


Extra file open flags: (none)
64 files, 128MiB each
8GiB total file size
Block size 32KiB
Number of IO requests: 0
Read/Write ratio for combined random IO test: 1.50
Calling fsync() after each write operation.
Using synchronous I/O mode
Doing random read test
Initializing worker threads...

Threads started!


File operations:
    reads/s:                      1091938.82
    writes/s:                     0.00
    fsyncs/s:                     0.00

Throughput:
    read, MiB/s:                  34123.09
    written, MiB/s:               0.00

General statistics:
    total time:                          240.0004s
    total number of events:              262067372

Latency (ms):
         min:                                    0.00
         avg:                                    0.02
         max:                                   26.99
         95th percentile:                        0.07
         sum:                              4651517.01

Threads fairness:
    events (avg/stddev):           8189605.3750/29429.70
    execution time (avg/stddev):   145.3599/0.09

sysbench 1.0.17 (using bundled LuaJIT 2.1.0-beta2)

Running the test with following options:
Number of threads: 64
Initializing random number generator from current time


Extra file open flags: (none)
64 files, 128MiB each
8GiB total file size
Block size 32KiB
Number of IO requests: 0
Read/Write ratio for combined random IO test: 1.50
Calling fsync() after each write operation.
Using synchronous I/O mode
Doing random read test
Initializing worker threads...

Threads started!


File operations:
    reads/s:                      1099251.85
    writes/s:                     0.00
    fsyncs/s:                     0.00

Throughput:
    read, MiB/s:                  34351.62
    written, MiB/s:               0.00

General statistics:
    total time:                          240.0007s
    total number of events:              263822884

Latency (ms):
         min:                                    0.00
         avg:                                    0.03
         max:                                   37.75
         95th percentile:                        0.19
         sum:                              8695732.34

Threads fairness:
    events (avg/stddev):           4122232.5625/5421.09
    execution time (avg/stddev):   135.8708/0.14

