sysbench 1.0.17 (using bundled LuaJIT 2.1.0-beta2)

Running the test with following options:
Number of threads: 1
Initializing random number generator from current time


Extra file open flags: (none)
64 files, 128MiB each
8GiB total file size
Block size 32KiB
Number of IO requests: 0
Read/Write ratio for combined random IO test: 1.50
Calling fsync() after each write operation.
Using synchronous I/O mode
Doing random write test
Initializing worker threads...

Threads started!


File operations:
    reads/s:                      0.00
    writes/s:                     3897.94
    fsyncs/s:                     3897.94

Throughput:
    read, MiB/s:                  0.00
    written, MiB/s:               121.81

General statistics:
    total time:                          240.0002s
    total number of events:              935513

Latency (ms):
         min:                                    0.09
         avg:                                    0.26
         max:                                    9.13
         95th percentile:                        0.35
         sum:                               239592.72

Threads fairness:
    events (avg/stddev):           935513.0000/0.00
    execution time (avg/stddev):   239.5927/0.00

sysbench 1.0.17 (using bundled LuaJIT 2.1.0-beta2)

Running the test with following options:
Number of threads: 4
Initializing random number generator from current time


Extra file open flags: (none)
64 files, 128MiB each
8GiB total file size
Block size 32KiB
Number of IO requests: 0
Read/Write ratio for combined random IO test: 1.50
Calling fsync() after each write operation.
Using synchronous I/O mode
Doing random write test
Initializing worker threads...

Threads started!


File operations:
    reads/s:                      0.00
    writes/s:                     10882.07
    fsyncs/s:                     10882.07

Throughput:
    read, MiB/s:                  0.00
    written, MiB/s:               340.06

General statistics:
    total time:                          240.0002s
    total number of events:              2611716

Latency (ms):
         min:                                    0.09
         avg:                                    0.37
         max:                                   14.08
         95th percentile:                        0.97
         sum:                               958412.71

Threads fairness:
    events (avg/stddev):           652929.0000/1374.40
    execution time (avg/stddev):   239.6032/0.00

sysbench 1.0.17 (using bundled LuaJIT 2.1.0-beta2)

Running the test with following options:
Number of threads: 8
Initializing random number generator from current time


Extra file open flags: (none)
64 files, 128MiB each
8GiB total file size
Block size 32KiB
Number of IO requests: 0
Read/Write ratio for combined random IO test: 1.50
Calling fsync() after each write operation.
Using synchronous I/O mode
Doing random write test
Initializing worker threads...

Threads started!


File operations:
    reads/s:                      0.00
    writes/s:                     11261.78
    fsyncs/s:                     11261.78

Throughput:
    read, MiB/s:                  0.00
    written, MiB/s:               351.93

General statistics:
    total time:                          240.0004s
    total number of events:              2702848

Latency (ms):
         min:                                    0.09
         avg:                                    0.71
         max:                                   15.29
         95th percentile:                        2.00
         sum:                              1918019.28

Threads fairness:
    events (avg/stddev):           337856.0000/468.31
    execution time (avg/stddev):   239.7524/0.00

sysbench 1.0.17 (using bundled LuaJIT 2.1.0-beta2)

Running the test with following options:
Number of threads: 16
Initializing random number generator from current time


Extra file open flags: (none)
64 files, 128MiB each
8GiB total file size
Block size 32KiB
Number of IO requests: 0
Read/Write ratio for combined random IO test: 1.50
Calling fsync() after each write operation.
Using synchronous I/O mode
Doing random write test
Initializing worker threads...

Threads started!


File operations:
    reads/s:                      0.00
    writes/s:                     11729.77
    fsyncs/s:                     11729.77

Throughput:
    read, MiB/s:                  0.00
    written, MiB/s:               366.56

General statistics:
    total time:                          240.0013s
    total number of events:              2815175

Latency (ms):
         min:                                    0.09
         avg:                                    1.36
         max:                                   14.17
         95th percentile:                        3.89
         sum:                              3836111.12

Threads fairness:
    events (avg/stddev):           175948.4375/188.40
    execution time (avg/stddev):   239.7569/0.00

sysbench 1.0.17 (using bundled LuaJIT 2.1.0-beta2)

Running the test with following options:
Number of threads: 32
Initializing random number generator from current time


Extra file open flags: (none)
64 files, 128MiB each
8GiB total file size
Block size 32KiB
Number of IO requests: 0
Read/Write ratio for combined random IO test: 1.50
Calling fsync() after each write operation.
Using synchronous I/O mode
Doing random write test
Initializing worker threads...

Threads started!


File operations:
    reads/s:                      0.00
    writes/s:                     12021.56
    fsyncs/s:                     12021.56

Throughput:
    read, MiB/s:                  0.00
    written, MiB/s:               375.67

General statistics:
    total time:                          240.0030s
    total number of events:              2885225

Latency (ms):
         min:                                    0.09
         avg:                                    2.66
         max:                                   22.28
         95th percentile:                        7.30
         sum:                              7674116.55

Threads fairness:
    events (avg/stddev):           90163.2812/188.37
    execution time (avg/stddev):   239.8161/0.00

sysbench 1.0.17 (using bundled LuaJIT 2.1.0-beta2)

Running the test with following options:
Number of threads: 64
Initializing random number generator from current time


Extra file open flags: (none)
64 files, 128MiB each
8GiB total file size
Block size 32KiB
Number of IO requests: 0
Read/Write ratio for combined random IO test: 1.50
Calling fsync() after each write operation.
Using synchronous I/O mode
Doing random write test
Initializing worker threads...

Threads started!


File operations:
    reads/s:                      0.00
    writes/s:                     12213.20
    fsyncs/s:                     12213.20

Throughput:
    read, MiB/s:                  0.00
    written, MiB/s:               381.66

General statistics:
    total time:                          240.0055s
    total number of events:              2931250

Latency (ms):
         min:                                    0.09
         avg:                                    5.24
         max:                                   41.13
         95th percentile:                       13.22
         sum:                             15351695.05

Threads fairness:
    events (avg/stddev):           45800.7812/115.98
    execution time (avg/stddev):   239.8702/0.00

