sysbench 1.0.17 (using bundled LuaJIT 2.1.0-beta2)

Running the test with following options:
Number of threads: 1
Initializing random number generator from current time


Extra file open flags: (none)
64 files, 128MiB each
8GiB total file size
Block size 32KiB
Number of IO requests: 0
Read/Write ratio for combined random IO test: 1.50
Calling fsync() after each write operation.
Using synchronous I/O mode
Doing random read test
Initializing worker threads...

Threads started!


File operations:
    reads/s:                      165641.40
    writes/s:                     0.00
    fsyncs/s:                     0.00

Throughput:
    read, MiB/s:                  5176.29
    written, MiB/s:               0.00

General statistics:
    total time:                          240.0001s
    total number of events:              39754299

Latency (ms):
         min:                                    0.00
         avg:                                    0.01
         max:                                    8.45
         95th percentile:                        0.01
         sum:                               229460.25

Threads fairness:
    events (avg/stddev):           39754299.0000/0.00
    execution time (avg/stddev):   229.4602/0.00

sysbench 1.0.17 (using bundled LuaJIT 2.1.0-beta2)

Running the test with following options:
Number of threads: 4
Initializing random number generator from current time


Extra file open flags: (none)
64 files, 128MiB each
8GiB total file size
Block size 32KiB
Number of IO requests: 0
Read/Write ratio for combined random IO test: 1.50
Calling fsync() after each write operation.
Using synchronous I/O mode
Doing random read test
Initializing worker threads...

Threads started!


File operations:
    reads/s:                      572642.51
    writes/s:                     0.00
    fsyncs/s:                     0.00

Throughput:
    read, MiB/s:                  17895.08
    written, MiB/s:               0.00

General statistics:
    total time:                          240.0001s
    total number of events:              137435419

Latency (ms):
         min:                                    0.00
         avg:                                    0.01
         max:                                    9.32
         95th percentile:                        0.01
         sum:                               899335.36

Threads fairness:
    events (avg/stddev):           34358854.7500/119808.23
    execution time (avg/stddev):   224.8338/0.28

sysbench 1.0.17 (using bundled LuaJIT 2.1.0-beta2)

Running the test with following options:
Number of threads: 8
Initializing random number generator from current time


Extra file open flags: (none)
64 files, 128MiB each
8GiB total file size
Block size 32KiB
Number of IO requests: 0
Read/Write ratio for combined random IO test: 1.50
Calling fsync() after each write operation.
Using synchronous I/O mode
Doing random read test
Initializing worker threads...

Threads started!


File operations:
    reads/s:                      905478.08
    writes/s:                     0.00
    fsyncs/s:                     0.00

Throughput:
    read, MiB/s:                  28296.19
    written, MiB/s:               0.00

General statistics:
    total time:                          240.0002s
    total number of events:              217316913

Latency (ms):
         min:                                    0.00
         avg:                                    0.01
         max:                                   10.20
         95th percentile:                        0.01
         sum:                              1702258.61

Threads fairness:
    events (avg/stddev):           27164614.1250/124625.71
    execution time (avg/stddev):   212.7823/0.35

sysbench 1.0.17 (using bundled LuaJIT 2.1.0-beta2)

Running the test with following options:
Number of threads: 16
Initializing random number generator from current time


Extra file open flags: (none)
64 files, 128MiB each
8GiB total file size
Block size 32KiB
Number of IO requests: 0
Read/Write ratio for combined random IO test: 1.50
Calling fsync() after each write operation.
Using synchronous I/O mode
Doing random read test
Initializing worker threads...

Threads started!


File operations:
    reads/s:                      1130286.15
    writes/s:                     0.00
    fsyncs/s:                     0.00

Throughput:
    read, MiB/s:                  35321.44
    written, MiB/s:               0.00

General statistics:
    total time:                          240.0002s
    total number of events:              271271327

Latency (ms):
         min:                                    0.00
         avg:                                    0.01
         max:                                   11.99
         95th percentile:                        0.02
         sum:                              2939437.79

Threads fairness:
    events (avg/stddev):           16954457.9375/26375.12
    execution time (avg/stddev):   183.7149/0.21

sysbench 1.0.17 (using bundled LuaJIT 2.1.0-beta2)

Running the test with following options:
Number of threads: 32
Initializing random number generator from current time


Extra file open flags: (none)
64 files, 128MiB each
8GiB total file size
Block size 32KiB
Number of IO requests: 0
Read/Write ratio for combined random IO test: 1.50
Calling fsync() after each write operation.
Using synchronous I/O mode
Doing random read test
Initializing worker threads...

Threads started!


File operations:
    reads/s:                      1111776.02
    writes/s:                     0.00
    fsyncs/s:                     0.00

Throughput:
    read, MiB/s:                  34743.00
    written, MiB/s:               0.00

General statistics:
    total time:                          240.0003s
    total number of events:              266828780

Latency (ms):
         min:                                    0.00
         avg:                                    0.02
         max:                                   19.77
         95th percentile:                        0.06
         sum:                              4946517.45

Threads fairness:
    events (avg/stddev):           8338399.3750/14951.34
    execution time (avg/stddev):   154.5787/0.17

sysbench 1.0.17 (using bundled LuaJIT 2.1.0-beta2)

Running the test with following options:
Number of threads: 64
Initializing random number generator from current time


Extra file open flags: (none)
64 files, 128MiB each
8GiB total file size
Block size 32KiB
Number of IO requests: 0
Read/Write ratio for combined random IO test: 1.50
Calling fsync() after each write operation.
Using synchronous I/O mode
Doing random read test
Initializing worker threads...

Threads started!


File operations:
    reads/s:                      1126647.54
    writes/s:                     0.00
    fsyncs/s:                     0.00

Throughput:
    read, MiB/s:                  35207.74
    written, MiB/s:               0.00

General statistics:
    total time:                          240.0005s
    total number of events:              270398228

Latency (ms):
         min:                                    0.00
         avg:                                    0.03
         max:                                   65.88
         95th percentile:                        0.13
         sum:                              9034772.99

Threads fairness:
    events (avg/stddev):           4224972.3125/7281.46
    execution time (avg/stddev):   141.1683/0.21

