sysbench 1.0.17 (using bundled LuaJIT 2.1.0-beta2)

Running the test with following options:
Number of threads: 1
Initializing random number generator from current time


Extra file open flags: (none)
64 files, 128MiB each
8GiB total file size
Block size 32KiB
Number of IO requests: 0
Read/Write ratio for combined random IO test: 1.50
Calling fsync() after each write operation.
Using synchronous I/O mode
Doing random write test
Initializing worker threads...

Threads started!


File operations:
    reads/s:                      0.00
    writes/s:                     2034.48
    fsyncs/s:                     2034.48

Throughput:
    read, MiB/s:                  0.00
    written, MiB/s:               63.58

General statistics:
    total time:                          240.0002s
    total number of events:              488280

Latency (ms):
         min:                                    0.10
         avg:                                    0.49
         max:                                   57.33
         95th percentile:                        0.70
         sum:                               239425.38

Threads fairness:
    events (avg/stddev):           488280.0000/0.00
    execution time (avg/stddev):   239.4254/0.00

sysbench 1.0.17 (using bundled LuaJIT 2.1.0-beta2)

Running the test with following options:
Number of threads: 4
Initializing random number generator from current time


Extra file open flags: (none)
64 files, 128MiB each
8GiB total file size
Block size 32KiB
Number of IO requests: 0
Read/Write ratio for combined random IO test: 1.50
Calling fsync() after each write operation.
Using synchronous I/O mode
Doing random write test
Initializing worker threads...

Threads started!


File operations:
    reads/s:                      0.00
    writes/s:                     8781.56
    fsyncs/s:                     8781.56

Throughput:
    read, MiB/s:                  0.00
    written, MiB/s:               274.42

General statistics:
    total time:                          240.0003s
    total number of events:              2107594

Latency (ms):
         min:                                    0.09
         avg:                                    0.45
         max:                                   64.04
         95th percentile:                        0.69
         sum:                               957567.01

Threads fairness:
    events (avg/stddev):           526898.5000/291.83
    execution time (avg/stddev):   239.3918/0.00

sysbench 1.0.17 (using bundled LuaJIT 2.1.0-beta2)

Running the test with following options:
Number of threads: 8
Initializing random number generator from current time


Extra file open flags: (none)
64 files, 128MiB each
8GiB total file size
Block size 32KiB
Number of IO requests: 0
Read/Write ratio for combined random IO test: 1.50
Calling fsync() after each write operation.
Using synchronous I/O mode
Doing random write test
Initializing worker threads...

Threads started!


File operations:
    reads/s:                      0.00
    writes/s:                     14899.03
    fsyncs/s:                     14899.03

Throughput:
    read, MiB/s:                  0.00
    written, MiB/s:               465.59

General statistics:
    total time:                          240.0005s
    total number of events:              3575805

Latency (ms):
         min:                                    0.09
         avg:                                    0.54
         max:                                   69.42
         95th percentile:                        0.84
         sum:                              1914880.18

Threads fairness:
    events (avg/stddev):           446975.6250/351.47
    execution time (avg/stddev):   239.3600/0.01

sysbench 1.0.17 (using bundled LuaJIT 2.1.0-beta2)

Running the test with following options:
Number of threads: 16
Initializing random number generator from current time


Extra file open flags: (none)
64 files, 128MiB each
8GiB total file size
Block size 32KiB
Number of IO requests: 0
Read/Write ratio for combined random IO test: 1.50
Calling fsync() after each write operation.
Using synchronous I/O mode
Doing random write test
Initializing worker threads...

Threads started!


File operations:
    reads/s:                      0.00
    writes/s:                     15624.83
    fsyncs/s:                     15624.83

Throughput:
    read, MiB/s:                  0.00
    written, MiB/s:               488.28

General statistics:
    total time:                          240.0003s
    total number of events:              3750000

Latency (ms):
         min:                                    0.09
         avg:                                    1.02
         max:                                   81.85
         95th percentile:                        1.08
         sum:                              3833976.26

Threads fairness:
    events (avg/stddev):           234375.0000/332.75
    execution time (avg/stddev):   239.6235/0.01

sysbench 1.0.17 (using bundled LuaJIT 2.1.0-beta2)

Running the test with following options:
Number of threads: 32
Initializing random number generator from current time


Extra file open flags: (none)
64 files, 128MiB each
8GiB total file size
Block size 32KiB
Number of IO requests: 0
Read/Write ratio for combined random IO test: 1.50
Calling fsync() after each write operation.
Using synchronous I/O mode
Doing random write test
Initializing worker threads...

Threads started!


File operations:
    reads/s:                      0.00
    writes/s:                     15936.20
    fsyncs/s:                     15936.20

Throughput:
    read, MiB/s:                  0.00
    written, MiB/s:               498.01

General statistics:
    total time:                          240.0140s
    total number of events:              3824938

Latency (ms):
         min:                                    0.09
         avg:                                    2.01
         max:                                   93.03
         95th percentile:                        1.96
         sum:                              7672129.78

Threads fairness:
    events (avg/stddev):           119529.3125/300.80
    execution time (avg/stddev):   239.7541/0.01

sysbench 1.0.17 (using bundled LuaJIT 2.1.0-beta2)

Running the test with following options:
Number of threads: 64
Initializing random number generator from current time


Extra file open flags: (none)
64 files, 128MiB each
8GiB total file size
Block size 32KiB
Number of IO requests: 0
Read/Write ratio for combined random IO test: 1.50
Calling fsync() after each write operation.
Using synchronous I/O mode
Doing random write test
Initializing worker threads...

Threads started!


File operations:
    reads/s:                      0.00
    writes/s:                     16098.25
    fsyncs/s:                     16098.25

Throughput:
    read, MiB/s:                  0.00
    written, MiB/s:               503.07

General statistics:
    total time:                          240.0339s
    total number of events:              3864155

Latency (ms):
         min:                                    0.09
         avg:                                    3.97
         max:                                   98.02
         95th percentile:                       36.89
         sum:                             15353313.34

Threads fairness:
    events (avg/stddev):           60377.4219/138.68
    execution time (avg/stddev):   239.8955/0.00

