sysbench 1.0.17 (using bundled LuaJIT 2.1.0-beta2)

Running the test with following options:
Number of threads: 1
Initializing random number generator from current time


Extra file open flags: (none)
64 files, 128MiB each
8GiB total file size
Block size 32KiB
Number of IO requests: 0
Read/Write ratio for combined random IO test: 1.50
Calling fsync() after each write operation.
Using synchronous I/O mode
Doing random read test
Initializing worker threads...

Threads started!


File operations:
    reads/s:                      231413.06
    writes/s:                     0.00
    fsyncs/s:                     0.00

Throughput:
    read, MiB/s:                  7231.66
    written, MiB/s:               0.00

General statistics:
    total time:                          240.0001s
    total number of events:              55539491

Latency (ms):
         min:                                    0.00
         avg:                                    0.00
         max:                                    0.08
         95th percentile:                        0.00
         sum:                               228063.78

Threads fairness:
    events (avg/stddev):           55539491.0000/0.00
    execution time (avg/stddev):   228.0638/0.00

sysbench 1.0.17 (using bundled LuaJIT 2.1.0-beta2)

Running the test with following options:
Number of threads: 4
Initializing random number generator from current time


Extra file open flags: (none)
64 files, 128MiB each
8GiB total file size
Block size 32KiB
Number of IO requests: 0
Read/Write ratio for combined random IO test: 1.50
Calling fsync() after each write operation.
Using synchronous I/O mode
Doing random read test
Initializing worker threads...

Threads started!


File operations:
    reads/s:                      608002.79
    writes/s:                     0.00
    fsyncs/s:                     0.00

Throughput:
    read, MiB/s:                  19000.09
    written, MiB/s:               0.00

General statistics:
    total time:                          240.0001s
    total number of events:              145921681

Latency (ms):
         min:                                    0.00
         avg:                                    0.01
         max:                                    0.13
         95th percentile:                        0.01
         sum:                               840348.83

Threads fairness:
    events (avg/stddev):           36480420.2500/1467603.88
    execution time (avg/stddev):   210.0872/1.56

sysbench 1.0.17 (using bundled LuaJIT 2.1.0-beta2)

Running the test with following options:
Number of threads: 8
Initializing random number generator from current time


Extra file open flags: (none)
64 files, 128MiB each
8GiB total file size
Block size 32KiB
Number of IO requests: 0
Read/Write ratio for combined random IO test: 1.50
Calling fsync() after each write operation.
Using synchronous I/O mode
Doing random read test
Initializing worker threads...

Threads started!


File operations:
    reads/s:                      758190.76
    writes/s:                     0.00
    fsyncs/s:                     0.00

Throughput:
    read, MiB/s:                  23693.46
    written, MiB/s:               0.00

General statistics:
    total time:                          240.0001s
    total number of events:              181967153

Latency (ms):
         min:                                    0.00
         avg:                                    0.01
         max:                                   15.15
         95th percentile:                        0.01
         sum:                              1747229.79

Threads fairness:
    events (avg/stddev):           22745894.1250/75333.33
    execution time (avg/stddev):   218.4037/0.44

sysbench 1.0.17 (using bundled LuaJIT 2.1.0-beta2)

Running the test with following options:
Number of threads: 16
Initializing random number generator from current time


Extra file open flags: (none)
64 files, 128MiB each
8GiB total file size
Block size 32KiB
Number of IO requests: 0
Read/Write ratio for combined random IO test: 1.50
Calling fsync() after each write operation.
Using synchronous I/O mode
Doing random read test
Initializing worker threads...

Threads started!


File operations:
    reads/s:                      739633.21
    writes/s:                     0.00
    fsyncs/s:                     0.00

Throughput:
    read, MiB/s:                  23113.54
    written, MiB/s:               0.00

General statistics:
    total time:                          240.0001s
    total number of events:              177513264

Latency (ms):
         min:                                    0.00
         avg:                                    0.02
         max:                                    7.71
         95th percentile:                        0.04
         sum:                              2763093.29

Threads fairness:
    events (avg/stddev):           11094579.0000/60060.96
    execution time (avg/stddev):   172.6933/0.56

sysbench 1.0.17 (using bundled LuaJIT 2.1.0-beta2)

Running the test with following options:
Number of threads: 32
Initializing random number generator from current time


Extra file open flags: (none)
64 files, 128MiB each
8GiB total file size
Block size 32KiB
Number of IO requests: 0
Read/Write ratio for combined random IO test: 1.50
Calling fsync() after each write operation.
Using synchronous I/O mode
Doing random read test
Initializing worker threads...

Threads started!


File operations:
    reads/s:                      714644.13
    writes/s:                     0.00
    fsyncs/s:                     0.00

Throughput:
    read, MiB/s:                  22332.63
    written, MiB/s:               0.00

General statistics:
    total time:                          240.0002s
    total number of events:              171515911

Latency (ms):
         min:                                    0.00
         avg:                                    0.03
         max:                                    9.11
         95th percentile:                        0.11
         sum:                              4754639.70

Threads fairness:
    events (avg/stddev):           5359872.2188/14544.68
    execution time (avg/stddev):   148.5825/0.48

sysbench 1.0.17 (using bundled LuaJIT 2.1.0-beta2)

Running the test with following options:
Number of threads: 64
Initializing random number generator from current time


Extra file open flags: (none)
64 files, 128MiB each
8GiB total file size
Block size 32KiB
Number of IO requests: 0
Read/Write ratio for combined random IO test: 1.50
Calling fsync() after each write operation.
Using synchronous I/O mode
Doing random read test
Initializing worker threads...

Threads started!


File operations:
    reads/s:                      722435.55
    writes/s:                     0.00
    fsyncs/s:                     0.00

Throughput:
    read, MiB/s:                  22576.11
    written, MiB/s:               0.00

General statistics:
    total time:                          240.0003s
    total number of events:              173385933

Latency (ms):
         min:                                    0.00
         avg:                                    0.05
         max:                                    7.99
         95th percentile:                        0.30
         sum:                              8966522.42

Threads fairness:
    events (avg/stddev):           2709155.2031/10902.04
    execution time (avg/stddev):   140.1019/0.30

