sysbench 1.0.17 (using bundled LuaJIT 2.1.0-beta2)

Running the test with following options:
Number of threads: 1
Initializing random number generator from current time


Extra file open flags: (none)
64 files, 128MiB each
8GiB total file size
Block size 32KiB
Number of IO requests: 0
Read/Write ratio for combined random IO test: 1.50
Calling fsync() after each write operation.
Using synchronous I/O mode
Doing random write test
Initializing worker threads...

Threads started!


File operations:
    reads/s:                      0.00
    writes/s:                     5393.40
    fsyncs/s:                     5393.40

Throughput:
    read, MiB/s:                  0.00
    written, MiB/s:               168.54

General statistics:
    total time:                          240.0002s
    total number of events:              1294425

Latency (ms):
         min:                                    0.07
         avg:                                    0.18
         max:                                    0.87
         95th percentile:                        0.23
         sum:                               239366.58

Threads fairness:
    events (avg/stddev):           1294425.0000/0.00
    execution time (avg/stddev):   239.3666/0.00

sysbench 1.0.17 (using bundled LuaJIT 2.1.0-beta2)

Running the test with following options:
Number of threads: 4
Initializing random number generator from current time


Extra file open flags: (none)
64 files, 128MiB each
8GiB total file size
Block size 32KiB
Number of IO requests: 0
Read/Write ratio for combined random IO test: 1.50
Calling fsync() after each write operation.
Using synchronous I/O mode
Doing random write test
Initializing worker threads...

Threads started!


File operations:
    reads/s:                      0.00
    writes/s:                     14358.32
    fsyncs/s:                     14358.32

Throughput:
    read, MiB/s:                  0.00
    written, MiB/s:               448.70

General statistics:
    total time:                          240.0001s
    total number of events:              3446024

Latency (ms):
         min:                                    0.08
         avg:                                    0.28
         max:                                    1.26
         95th percentile:                        0.54
         sum:                               957805.79

Threads fairness:
    events (avg/stddev):           861506.0000/289.94
    execution time (avg/stddev):   239.4514/0.01

sysbench 1.0.17 (using bundled LuaJIT 2.1.0-beta2)

Running the test with following options:
Number of threads: 8
Initializing random number generator from current time


Extra file open flags: (none)
64 files, 128MiB each
8GiB total file size
Block size 32KiB
Number of IO requests: 0
Read/Write ratio for combined random IO test: 1.50
Calling fsync() after each write operation.
Using synchronous I/O mode
Doing random write test
Initializing worker threads...

Threads started!


File operations:
    reads/s:                      0.00
    writes/s:                     14661.07
    fsyncs/s:                     14661.07

Throughput:
    read, MiB/s:                  0.00
    written, MiB/s:               458.16

General statistics:
    total time:                          240.0006s
    total number of events:              3518690

Latency (ms):
         min:                                    0.07
         avg:                                    0.54
         max:                                    2.40
         95th percentile:                        1.04
         sum:                              1917301.98

Threads fairness:
    events (avg/stddev):           439836.2500/191.11
    execution time (avg/stddev):   239.6627/0.00

sysbench 1.0.17 (using bundled LuaJIT 2.1.0-beta2)

Running the test with following options:
Number of threads: 16
Initializing random number generator from current time


Extra file open flags: (none)
64 files, 128MiB each
8GiB total file size
Block size 32KiB
Number of IO requests: 0
Read/Write ratio for combined random IO test: 1.50
Calling fsync() after each write operation.
Using synchronous I/O mode
Doing random write test
Initializing worker threads...

Threads started!


File operations:
    reads/s:                      0.00
    writes/s:                     15014.26
    fsyncs/s:                     15014.26

Throughput:
    read, MiB/s:                  0.00
    written, MiB/s:               469.20

General statistics:
    total time:                          240.0017s
    total number of events:              3603472

Latency (ms):
         min:                                    0.07
         avg:                                    1.06
         max:                                    5.67
         95th percentile:                        2.03
         sum:                              3835649.80

Threads fairness:
    events (avg/stddev):           225217.0000/149.20
    execution time (avg/stddev):   239.7281/0.00

sysbench 1.0.17 (using bundled LuaJIT 2.1.0-beta2)

Running the test with following options:
Number of threads: 32
Initializing random number generator from current time


Extra file open flags: (none)
64 files, 128MiB each
8GiB total file size
Block size 32KiB
Number of IO requests: 0
Read/Write ratio for combined random IO test: 1.50
Calling fsync() after each write operation.
Using synchronous I/O mode
Doing random write test
Initializing worker threads...

Threads started!


File operations:
    reads/s:                      0.00
    writes/s:                     15359.85
    fsyncs/s:                     15359.85

Throughput:
    read, MiB/s:                  0.00
    written, MiB/s:               480.00

General statistics:
    total time:                          240.0020s
    total number of events:              3686417

Latency (ms):
         min:                                    0.08
         avg:                                    2.08
         max:                                   14.13
         95th percentile:                        3.82
         sum:                              7672011.59

Threads fairness:
    events (avg/stddev):           115200.5312/190.39
    execution time (avg/stddev):   239.7504/0.00

sysbench 1.0.17 (using bundled LuaJIT 2.1.0-beta2)

Running the test with following options:
Number of threads: 64
Initializing random number generator from current time


Extra file open flags: (none)
64 files, 128MiB each
8GiB total file size
Block size 32KiB
Number of IO requests: 0
Read/Write ratio for combined random IO test: 1.50
Calling fsync() after each write operation.
Using synchronous I/O mode
Doing random write test
Initializing worker threads...

Threads started!


File operations:
    reads/s:                      0.00
    writes/s:                     15639.22
    fsyncs/s:                     15639.22

Throughput:
    read, MiB/s:                  0.00
    written, MiB/s:               488.73

General statistics:
    total time:                          240.0011s
    total number of events:              3753455

Latency (ms):
         min:                                    0.08
         avg:                                    4.09
         max:                                   23.98
         95th percentile:                        7.17
         sum:                             15344966.46

Threads fairness:
    events (avg/stddev):           58647.7344/85.59
    execution time (avg/stddev):   239.7651/0.00

