sysbench 1.0.17 (using bundled LuaJIT 2.1.0-beta2)

Running the test with following options:
Number of threads: 1
Initializing random number generator from current time


Extra file open flags: (none)
64 files, 128MiB each
8GiB total file size
Block size 32KiB
Number of IO requests: 0
Read/Write ratio for combined random IO test: 1.50
Calling fsync() after each write operation.
Using synchronous I/O mode
Doing random read test
Initializing worker threads...

Threads started!


File operations:
    reads/s:                      148636.68
    writes/s:                     0.00
    fsyncs/s:                     0.00

Throughput:
    read, MiB/s:                  4644.90
    written, MiB/s:               0.00

General statistics:
    total time:                          240.0001s
    total number of events:              35673117

Latency (ms):
         min:                                    0.00
         avg:                                    0.01
         max:                                    8.71
         95th percentile:                        0.01
         sum:                               229353.72

Threads fairness:
    events (avg/stddev):           35673117.0000/0.00
    execution time (avg/stddev):   229.3537/0.00

sysbench 1.0.17 (using bundled LuaJIT 2.1.0-beta2)

Running the test with following options:
Number of threads: 4
Initializing random number generator from current time


Extra file open flags: (none)
64 files, 128MiB each
8GiB total file size
Block size 32KiB
Number of IO requests: 0
Read/Write ratio for combined random IO test: 1.50
Calling fsync() after each write operation.
Using synchronous I/O mode
Doing random read test
Initializing worker threads...

Threads started!


File operations:
    reads/s:                      533555.83
    writes/s:                     0.00
    fsyncs/s:                     0.00

Throughput:
    read, MiB/s:                  16673.62
    written, MiB/s:               0.00

General statistics:
    total time:                          240.0001s
    total number of events:              128054768

Latency (ms):
         min:                                    0.00
         avg:                                    0.01
         max:                                    9.43
         95th percentile:                        0.01
         sum:                               893445.27

Threads fairness:
    events (avg/stddev):           32013692.0000/183001.37
    execution time (avg/stddev):   223.3613/0.18

sysbench 1.0.17 (using bundled LuaJIT 2.1.0-beta2)

Running the test with following options:
Number of threads: 8
Initializing random number generator from current time


Extra file open flags: (none)
64 files, 128MiB each
8GiB total file size
Block size 32KiB
Number of IO requests: 0
Read/Write ratio for combined random IO test: 1.50
Calling fsync() after each write operation.
Using synchronous I/O mode
Doing random read test
Initializing worker threads...

Threads started!


File operations:
    reads/s:                      904451.28
    writes/s:                     0.00
    fsyncs/s:                     0.00

Throughput:
    read, MiB/s:                  28264.10
    written, MiB/s:               0.00

General statistics:
    total time:                          240.0001s
    total number of events:              217070488

Latency (ms):
         min:                                    0.00
         avg:                                    0.01
         max:                                   12.40
         95th percentile:                        0.01
         sum:                              1718288.29

Threads fairness:
    events (avg/stddev):           27133811.0000/98986.96
    execution time (avg/stddev):   214.7860/0.30

sysbench 1.0.17 (using bundled LuaJIT 2.1.0-beta2)

Running the test with following options:
Number of threads: 16
Initializing random number generator from current time


Extra file open flags: (none)
64 files, 128MiB each
8GiB total file size
Block size 32KiB
Number of IO requests: 0
Read/Write ratio for combined random IO test: 1.50
Calling fsync() after each write operation.
Using synchronous I/O mode
Doing random read test
Initializing worker threads...

Threads started!


File operations:
    reads/s:                      912073.02
    writes/s:                     0.00
    fsyncs/s:                     0.00

Throughput:
    read, MiB/s:                  28502.28
    written, MiB/s:               0.00

General statistics:
    total time:                          240.0013s
    total number of events:              218900811

Latency (ms):
         min:                                    0.00
         avg:                                    0.01
         max:                                   10.84
         95th percentile:                        0.03
         sum:                              3078038.56

Threads fairness:
    events (avg/stddev):           13681300.6875/20345.73
    execution time (avg/stddev):   192.3774/0.20

sysbench 1.0.17 (using bundled LuaJIT 2.1.0-beta2)

Running the test with following options:
Number of threads: 32
Initializing random number generator from current time


Extra file open flags: (none)
64 files, 128MiB each
8GiB total file size
Block size 32KiB
Number of IO requests: 0
Read/Write ratio for combined random IO test: 1.50
Calling fsync() after each write operation.
Using synchronous I/O mode
Doing random read test
Initializing worker threads...

Threads started!


File operations:
    reads/s:                      944475.44
    writes/s:                     0.00
    fsyncs/s:                     0.00

Throughput:
    read, MiB/s:                  29514.86
    written, MiB/s:               0.00

General statistics:
    total time:                          240.0003s
    total number of events:              226676423

Latency (ms):
         min:                                    0.00
         avg:                                    0.02
         max:                                   25.62
         95th percentile:                        0.05
         sum:                              5085357.95

Threads fairness:
    events (avg/stddev):           7083638.2188/17193.53
    execution time (avg/stddev):   158.9174/0.19

sysbench 1.0.17 (using bundled LuaJIT 2.1.0-beta2)

Running the test with following options:
Number of threads: 64
Initializing random number generator from current time


Extra file open flags: (none)
64 files, 128MiB each
8GiB total file size
Block size 32KiB
Number of IO requests: 0
Read/Write ratio for combined random IO test: 1.50
Calling fsync() after each write operation.
Using synchronous I/O mode
Doing random read test
Initializing worker threads...

Threads started!


File operations:
    reads/s:                      960749.43
    writes/s:                     0.00
    fsyncs/s:                     0.00

Throughput:
    read, MiB/s:                  30023.42
    written, MiB/s:               0.00

General statistics:
    total time:                          240.0005s
    total number of events:              230582374

Latency (ms):
         min:                                    0.00
         avg:                                    0.04
         max:                                   44.04
         95th percentile:                        0.06
         sum:                              9057947.07

Threads fairness:
    events (avg/stddev):           3602849.5938/9044.74
    execution time (avg/stddev):   141.5304/0.27

