sysbench 1.0.17 (using bundled LuaJIT 2.1.0-beta2)

Running the test with following options:
Number of threads: 1
Initializing random number generator from current time


Extra file open flags: (none)
64 files, 128MiB each
8GiB total file size
Block size 32KiB
Number of IO requests: 0
Read/Write ratio for combined random IO test: 1.50
Calling fsync() after each write operation.
Using synchronous I/O mode
Doing random read test
Initializing worker threads...

Threads started!


File operations:
    reads/s:                      206200.81
    writes/s:                     0.00
    fsyncs/s:                     0.00

Throughput:
    read, MiB/s:                  6443.78
    written, MiB/s:               0.00

General statistics:
    total time:                          240.0001s
    total number of events:              49488523

Latency (ms):
         min:                                    0.00
         avg:                                    0.00
         max:                                    0.06
         95th percentile:                        0.01
         sum:                               227310.30

Threads fairness:
    events (avg/stddev):           49488523.0000/0.00
    execution time (avg/stddev):   227.3103/0.00

sysbench 1.0.17 (using bundled LuaJIT 2.1.0-beta2)

Running the test with following options:
Number of threads: 4
Initializing random number generator from current time


Extra file open flags: (none)
64 files, 128MiB each
8GiB total file size
Block size 32KiB
Number of IO requests: 0
Read/Write ratio for combined random IO test: 1.50
Calling fsync() after each write operation.
Using synchronous I/O mode
Doing random read test
Initializing worker threads...

Threads started!


File operations:
    reads/s:                      722957.22
    writes/s:                     0.00
    fsyncs/s:                     0.00

Throughput:
    read, MiB/s:                  22592.41
    written, MiB/s:               0.00

General statistics:
    total time:                          240.0000s
    total number of events:              173510906

Latency (ms):
         min:                                    0.00
         avg:                                    0.01
         max:                                    1.31
         95th percentile:                        0.01
         sum:                               870466.76

Threads fairness:
    events (avg/stddev):           43377726.5000/371072.64
    execution time (avg/stddev):   217.6167/0.22

sysbench 1.0.17 (using bundled LuaJIT 2.1.0-beta2)

Running the test with following options:
Number of threads: 8
Initializing random number generator from current time


Extra file open flags: (none)
64 files, 128MiB each
8GiB total file size
Block size 32KiB
Number of IO requests: 0
Read/Write ratio for combined random IO test: 1.50
Calling fsync() after each write operation.
Using synchronous I/O mode
Doing random read test
Initializing worker threads...

Threads started!


File operations:
    reads/s:                      1074901.64
    writes/s:                     0.00
    fsyncs/s:                     0.00

Throughput:
    read, MiB/s:                  33590.68
    written, MiB/s:               0.00

General statistics:
    total time:                          240.0001s
    total number of events:              257978411

Latency (ms):
         min:                                    0.00
         avg:                                    0.01
         max:                                    0.22
         95th percentile:                        0.01
         sum:                              1591477.73

Threads fairness:
    events (avg/stddev):           32247301.3750/1526314.97
    execution time (avg/stddev):   198.9347/1.52

sysbench 1.0.17 (using bundled LuaJIT 2.1.0-beta2)

Running the test with following options:
Number of threads: 16
Initializing random number generator from current time


Extra file open flags: (none)
64 files, 128MiB each
8GiB total file size
Block size 32KiB
Number of IO requests: 0
Read/Write ratio for combined random IO test: 1.50
Calling fsync() after each write operation.
Using synchronous I/O mode
Doing random read test
Initializing worker threads...

Threads started!


File operations:
    reads/s:                      1100749.45
    writes/s:                     0.00
    fsyncs/s:                     0.00

Throughput:
    read, MiB/s:                  34398.42
    written, MiB/s:               0.00

General statistics:
    total time:                          240.0001s
    total number of events:              264181703

Latency (ms):
         min:                                    0.00
         avg:                                    0.01
         max:                                    3.44
         95th percentile:                        0.02
         sum:                              2684454.48

Threads fairness:
    events (avg/stddev):           16511356.4375/42942.54
    execution time (avg/stddev):   167.7784/0.10

sysbench 1.0.17 (using bundled LuaJIT 2.1.0-beta2)

Running the test with following options:
Number of threads: 32
Initializing random number generator from current time


Extra file open flags: (none)
64 files, 128MiB each
8GiB total file size
Block size 32KiB
Number of IO requests: 0
Read/Write ratio for combined random IO test: 1.50
Calling fsync() after each write operation.
Using synchronous I/O mode
Doing random read test
Initializing worker threads...

Threads started!


File operations:
    reads/s:                      1074367.33
    writes/s:                     0.00
    fsyncs/s:                     0.00

Throughput:
    read, MiB/s:                  33573.98
    written, MiB/s:               0.00

General statistics:
    total time:                          240.0001s
    total number of events:              257850203

Latency (ms):
         min:                                    0.00
         avg:                                    0.02
         max:                                    3.14
         95th percentile:                        0.07
         sum:                              4644567.36

Threads fairness:
    events (avg/stddev):           8057818.8438/9902.40
    execution time (avg/stddev):   145.1427/0.09

sysbench 1.0.17 (using bundled LuaJIT 2.1.0-beta2)

Running the test with following options:
Number of threads: 64
Initializing random number generator from current time


Extra file open flags: (none)
64 files, 128MiB each
8GiB total file size
Block size 32KiB
Number of IO requests: 0
Read/Write ratio for combined random IO test: 1.50
Calling fsync() after each write operation.
Using synchronous I/O mode
Doing random read test
Initializing worker threads...

Threads started!


File operations:
    reads/s:                      1076575.03
    writes/s:                     0.00
    fsyncs/s:                     0.00

Throughput:
    read, MiB/s:                  33642.97
    written, MiB/s:               0.00

General statistics:
    total time:                          240.0002s
    total number of events:              258379853

Latency (ms):
         min:                                    0.00
         avg:                                    0.03
         max:                                   43.19
         95th percentile:                        0.20
         sum:                              8641212.95

Threads fairness:
    events (avg/stddev):           4037185.2031/30706.36
    execution time (avg/stddev):   135.0190/0.16

