sysbench 1.0.17 (using bundled LuaJIT 2.1.0-beta2)

Running the test with following options:
Number of threads: 1
Initializing random number generator from current time


Extra file open flags: (none)
64 files, 128MiB each
8GiB total file size
Block size 32KiB
Number of IO requests: 0
Read/Write ratio for combined random IO test: 1.50
Calling fsync() after each write operation.
Using synchronous I/O mode
Doing random write test
Initializing worker threads...

Threads started!


File operations:
    reads/s:                      0.00
    writes/s:                     8178.39
    fsyncs/s:                     8178.39

Throughput:
    read, MiB/s:                  0.00
    written, MiB/s:               255.57

General statistics:
    total time:                          240.0001s
    total number of events:              1962828

Latency (ms):
         min:                                    0.05
         avg:                                    0.12
         max:                                    3.43
         95th percentile:                        0.15
         sum:                               239342.65

Threads fairness:
    events (avg/stddev):           1962828.0000/0.00
    execution time (avg/stddev):   239.3427/0.00

sysbench 1.0.17 (using bundled LuaJIT 2.1.0-beta2)

Running the test with following options:
Number of threads: 4
Initializing random number generator from current time


Extra file open flags: (none)
64 files, 128MiB each
8GiB total file size
Block size 32KiB
Number of IO requests: 0
Read/Write ratio for combined random IO test: 1.50
Calling fsync() after each write operation.
Using synchronous I/O mode
Doing random write test
Initializing worker threads...

Threads started!


File operations:
    reads/s:                      0.00
    writes/s:                     14244.68
    fsyncs/s:                     14244.68

Throughput:
    read, MiB/s:                  0.00
    written, MiB/s:               445.15

General statistics:
    total time:                          240.0003s
    total number of events:              3418749

Latency (ms):
         min:                                    0.05
         avg:                                    0.28
         max:                                   18.80
         95th percentile:                        0.57
         sum:                               958421.21

Threads fairness:
    events (avg/stddev):           854687.2500/212.82
    execution time (avg/stddev):   239.6053/0.00

sysbench 1.0.17 (using bundled LuaJIT 2.1.0-beta2)

Running the test with following options:
Number of threads: 8
Initializing random number generator from current time


Extra file open flags: (none)
64 files, 128MiB each
8GiB total file size
Block size 32KiB
Number of IO requests: 0
Read/Write ratio for combined random IO test: 1.50
Calling fsync() after each write operation.
Using synchronous I/O mode
Doing random write test
Initializing worker threads...

Threads started!


File operations:
    reads/s:                      0.00
    writes/s:                     14565.70
    fsyncs/s:                     14565.70

Throughput:
    read, MiB/s:                  0.00
    written, MiB/s:               455.18

General statistics:
    total time:                          240.0002s
    total number of events:              3495794

Latency (ms):
         min:                                    0.05
         avg:                                    0.55
         max:                                    8.89
         95th percentile:                        1.08
         sum:                              1917534.74

Threads fairness:
    events (avg/stddev):           436974.2500/359.10
    execution time (avg/stddev):   239.6918/0.00

sysbench 1.0.17 (using bundled LuaJIT 2.1.0-beta2)

Running the test with following options:
Number of threads: 16
Initializing random number generator from current time


Extra file open flags: (none)
64 files, 128MiB each
8GiB total file size
Block size 32KiB
Number of IO requests: 0
Read/Write ratio for combined random IO test: 1.50
Calling fsync() after each write operation.
Using synchronous I/O mode
Doing random write test
Initializing worker threads...

Threads started!


File operations:
    reads/s:                      0.00
    writes/s:                     14950.56
    fsyncs/s:                     14950.56

Throughput:
    read, MiB/s:                  0.00
    written, MiB/s:               467.21

General statistics:
    total time:                          240.0008s
    total number of events:              3588170

Latency (ms):
         min:                                    0.05
         avg:                                    1.07
         max:                                    7.75
         95th percentile:                        2.03
         sum:                              3836494.44

Threads fairness:
    events (avg/stddev):           224260.6250/287.26
    execution time (avg/stddev):   239.7809/0.00

sysbench 1.0.17 (using bundled LuaJIT 2.1.0-beta2)

Running the test with following options:
Number of threads: 32
Initializing random number generator from current time


Extra file open flags: (none)
64 files, 128MiB each
8GiB total file size
Block size 32KiB
Number of IO requests: 0
Read/Write ratio for combined random IO test: 1.50
Calling fsync() after each write operation.
Using synchronous I/O mode
Doing random write test
Initializing worker threads...

Threads started!


File operations:
    reads/s:                      0.00
    writes/s:                     15336.32
    fsyncs/s:                     15336.32

Throughput:
    read, MiB/s:                  0.00
    written, MiB/s:               479.26

General statistics:
    total time:                          240.0026s
    total number of events:              3680777

Latency (ms):
         min:                                    0.05
         avg:                                    2.09
         max:                                   13.44
         95th percentile:                        3.75
         sum:                              7674792.28

Threads fairness:
    events (avg/stddev):           115024.2812/160.19
    execution time (avg/stddev):   239.8373/0.00

sysbench 1.0.17 (using bundled LuaJIT 2.1.0-beta2)

Running the test with following options:
Number of threads: 64
Initializing random number generator from current time


Extra file open flags: (none)
64 files, 128MiB each
8GiB total file size
Block size 32KiB
Number of IO requests: 0
Read/Write ratio for combined random IO test: 1.50
Calling fsync() after each write operation.
Using synchronous I/O mode
Doing random write test
Initializing worker threads...

Threads started!


File operations:
    reads/s:                      0.00
    writes/s:                     15646.48
    fsyncs/s:                     15646.48

Throughput:
    read, MiB/s:                  0.00
    written, MiB/s:               488.95

General statistics:
    total time:                          240.0011s
    total number of events:              3755194

Latency (ms):
         min:                                    0.05
         avg:                                    4.09
         max:                                   22.66
         95th percentile:                        7.04
         sum:                             15349603.86

Threads fairness:
    events (avg/stddev):           58674.9062/88.43
    execution time (avg/stddev):   239.8376/0.00

