sysbench 1.0.17 (using bundled LuaJIT 2.1.0-beta2)

Running the test with following options:
Number of threads: 1
Initializing random number generator from current time


Extra file open flags: (none)
64 files, 128MiB each
8GiB total file size
Block size 32KiB
Number of IO requests: 0
Read/Write ratio for combined random IO test: 1.50
Calling fsync() after each write operation.
Using synchronous I/O mode
Doing random read test
Initializing worker threads...

Threads started!


File operations:
    reads/s:                      148533.76
    writes/s:                     0.00
    fsyncs/s:                     0.00

Throughput:
    read, MiB/s:                  4641.68
    written, MiB/s:               0.00

General statistics:
    total time:                          240.0001s
    total number of events:              35648451

Latency (ms):
         min:                                    0.00
         avg:                                    0.01
         max:                                   10.45
         95th percentile:                        0.01
         sum:                               227619.36

Threads fairness:
    events (avg/stddev):           35648451.0000/0.00
    execution time (avg/stddev):   227.6194/0.00

sysbench 1.0.17 (using bundled LuaJIT 2.1.0-beta2)

Running the test with following options:
Number of threads: 4
Initializing random number generator from current time


Extra file open flags: (none)
64 files, 128MiB each
8GiB total file size
Block size 32KiB
Number of IO requests: 0
Read/Write ratio for combined random IO test: 1.50
Calling fsync() after each write operation.
Using synchronous I/O mode
Doing random read test
Initializing worker threads...

Threads started!


File operations:
    reads/s:                      506413.24
    writes/s:                     0.00
    fsyncs/s:                     0.00

Throughput:
    read, MiB/s:                  15825.41
    written, MiB/s:               0.00

General statistics:
    total time:                          240.0001s
    total number of events:              121540333

Latency (ms):
         min:                                    0.00
         avg:                                    0.01
         max:                                   13.73
         95th percentile:                        0.01
         sum:                               895865.94

Threads fairness:
    events (avg/stddev):           30385083.2500/76015.47
    execution time (avg/stddev):   223.9665/0.11

sysbench 1.0.17 (using bundled LuaJIT 2.1.0-beta2)

Running the test with following options:
Number of threads: 8
Initializing random number generator from current time


Extra file open flags: (none)
64 files, 128MiB each
8GiB total file size
Block size 32KiB
Number of IO requests: 0
Read/Write ratio for combined random IO test: 1.50
Calling fsync() after each write operation.
Using synchronous I/O mode
Doing random read test
Initializing worker threads...

Threads started!


File operations:
    reads/s:                      809721.14
    writes/s:                     0.00
    fsyncs/s:                     0.00

Throughput:
    read, MiB/s:                  25303.79
    written, MiB/s:               0.00

General statistics:
    total time:                          240.0002s
    total number of events:              194335069

Latency (ms):
         min:                                    0.00
         avg:                                    0.01
         max:                                   16.33
         95th percentile:                        0.01
         sum:                              1753934.02

Threads fairness:
    events (avg/stddev):           24291883.6250/76014.20
    execution time (avg/stddev):   219.2418/0.14

sysbench 1.0.17 (using bundled LuaJIT 2.1.0-beta2)

Running the test with following options:
Number of threads: 16
Initializing random number generator from current time


Extra file open flags: (none)
64 files, 128MiB each
8GiB total file size
Block size 32KiB
Number of IO requests: 0
Read/Write ratio for combined random IO test: 1.50
Calling fsync() after each write operation.
Using synchronous I/O mode
Doing random read test
Initializing worker threads...

Threads started!


File operations:
    reads/s:                      983450.74
    writes/s:                     0.00
    fsyncs/s:                     0.00

Throughput:
    read, MiB/s:                  30732.84
    written, MiB/s:               0.00

General statistics:
    total time:                          240.0002s
    total number of events:              236030664

Latency (ms):
         min:                                    0.00
         avg:                                    0.01
         max:                                   13.97
         95th percentile:                        0.02
         sum:                              3455644.72

Threads fairness:
    events (avg/stddev):           14751916.5000/18840.76
    execution time (avg/stddev):   215.9778/0.12

sysbench 1.0.17 (using bundled LuaJIT 2.1.0-beta2)

Running the test with following options:
Number of threads: 32
Initializing random number generator from current time


Extra file open flags: (none)
64 files, 128MiB each
8GiB total file size
Block size 32KiB
Number of IO requests: 0
Read/Write ratio for combined random IO test: 1.50
Calling fsync() after each write operation.
Using synchronous I/O mode
Doing random read test
Initializing worker threads...

Threads started!


File operations:
    reads/s:                      977552.44
    writes/s:                     0.00
    fsyncs/s:                     0.00

Throughput:
    read, MiB/s:                  30548.51
    written, MiB/s:               0.00

General statistics:
    total time:                          240.0004s
    total number of events:              234615114

Latency (ms):
         min:                                    0.00
         avg:                                    0.02
         max:                                   30.55
         95th percentile:                        0.02
         sum:                              5516645.29

Threads fairness:
    events (avg/stddev):           7331722.3125/26392.19
    execution time (avg/stddev):   172.3952/0.20

sysbench 1.0.17 (using bundled LuaJIT 2.1.0-beta2)

Running the test with following options:
Number of threads: 64
Initializing random number generator from current time


Extra file open flags: (none)
64 files, 128MiB each
8GiB total file size
Block size 32KiB
Number of IO requests: 0
Read/Write ratio for combined random IO test: 1.50
Calling fsync() after each write operation.
Using synchronous I/O mode
Doing random read test
Initializing worker threads...

Threads started!


File operations:
    reads/s:                      946223.02
    writes/s:                     0.00
    fsyncs/s:                     0.00

Throughput:
    read, MiB/s:                  29569.47
    written, MiB/s:               0.00

General statistics:
    total time:                          240.0005s
    total number of events:              227095996

Latency (ms):
         min:                                    0.00
         avg:                                    0.04
         max:                                   56.60
         95th percentile:                        0.04
         sum:                              9504504.32

Threads fairness:
    events (avg/stddev):           3548374.9375/6441.34
    execution time (avg/stddev):   148.5079/0.32

