------------------------------------------------------------
Client connecting to 192.168.1.7, TCP port 5001
TCP window size: 45.0 KByte (default)
------------------------------------------------------------
[  3] local 192.168.1.6 port 57382 connected with 192.168.1.7 port 5001
[ ID] Interval       Transfer     Bandwidth
[  3]  0.0- 1.0 sec   281 MBytes  2.35 Gbits/sec
[  3]  1.0- 2.0 sec   283 MBytes  2.37 Gbits/sec
[  3]  2.0- 3.0 sec   333 MBytes  2.79 Gbits/sec
[  3]  3.0- 4.0 sec   335 MBytes  2.81 Gbits/sec
[  3]  4.0- 5.0 sec   340 MBytes  2.85 Gbits/sec
[  3]  5.0- 6.0 sec   355 MBytes  2.98 Gbits/sec
[  3]  6.0- 7.0 sec   357 MBytes  2.99 Gbits/sec
[  3]  7.0- 8.0 sec   342 MBytes  2.87 Gbits/sec
[  3]  8.0- 9.0 sec   357 MBytes  2.99 Gbits/sec
[  3]  9.0-10.0 sec   342 MBytes  2.87 Gbits/sec
[  3] 10.0-11.0 sec   341 MBytes  2.86 Gbits/sec
[  3] 11.0-12.0 sec   335 MBytes  2.81 Gbits/sec
[  3] 12.0-13.0 sec   326 MBytes  2.74 Gbits/sec
[  3] 13.0-14.0 sec   317 MBytes  2.66 Gbits/sec
[  3] 14.0-15.0 sec   353 MBytes  2.96 Gbits/sec
[  3] 15.0-16.0 sec   328 MBytes  2.75 Gbits/sec
[  3] 16.0-17.0 sec   297 MBytes  2.49 Gbits/sec
[  3] 17.0-18.0 sec   359 MBytes  3.01 Gbits/sec
[  3] 18.0-19.0 sec   307 MBytes  2.58 Gbits/sec
[  3] 19.0-20.0 sec   342 MBytes  2.87 Gbits/sec
[  3] 20.0-21.0 sec   331 MBytes  2.78 Gbits/sec
[  3] 21.0-22.0 sec   314 MBytes  2.63 Gbits/sec
[  3] 22.0-23.0 sec   356 MBytes  2.99 Gbits/sec
[  3] 23.0-24.0 sec   372 MBytes  3.12 Gbits/sec
[  3] 24.0-25.0 sec   338 MBytes  2.84 Gbits/sec
[  3] 25.0-26.0 sec   373 MBytes  3.13 Gbits/sec
[  3] 26.0-27.0 sec   381 MBytes  3.20 Gbits/sec
[  3] 27.0-28.0 sec   369 MBytes  3.10 Gbits/sec
[  3] 28.0-29.0 sec   336 MBytes  2.82 Gbits/sec
[  3] 29.0-30.0 sec   368 MBytes  3.09 Gbits/sec
[  3] 30.0-31.0 sec   371 MBytes  3.11 Gbits/sec
[  3] 31.0-32.0 sec   349 MBytes  2.93 Gbits/sec
[  3] 32.0-33.0 sec   382 MBytes  3.21 Gbits/sec
[  3] 33.0-34.0 sec   374 MBytes  3.13 Gbits/sec
[  3] 34.0-35.0 sec   346 MBytes  2.90 Gbits/sec
[  3] 35.0-36.0 sec   370 MBytes  3.10 Gbits/sec
[  3] 36.0-37.0 sec   285 MBytes  2.39 Gbits/sec
[  3] 37.0-38.0 sec   354 MBytes  2.97 Gbits/sec
[  3] 38.0-39.0 sec   349 MBytes  2.93 Gbits/sec
[  3] 39.0-40.0 sec   348 MBytes  2.92 Gbits/sec
[  3] 40.0-41.0 sec   374 MBytes  3.14 Gbits/sec
[  3] 41.0-42.0 sec   353 MBytes  2.96 Gbits/sec
[  3] 42.0-43.0 sec   342 MBytes  2.87 Gbits/sec
[  3] 43.0-44.0 sec   370 MBytes  3.10 Gbits/sec
[  3] 44.0-45.0 sec   326 MBytes  2.73 Gbits/sec
[  3] 45.0-46.0 sec   355 MBytes  2.98 Gbits/sec
[  3] 46.0-47.0 sec   358 MBytes  3.00 Gbits/sec
[  3] 47.0-48.0 sec   338 MBytes  2.83 Gbits/sec
[  3] 48.0-49.0 sec   331 MBytes  2.78 Gbits/sec
[  3] 49.0-50.0 sec   359 MBytes  3.01 Gbits/sec
[  3] 50.0-51.0 sec   351 MBytes  2.94 Gbits/sec
[  3] 51.0-52.0 sec   346 MBytes  2.90 Gbits/sec
[  3] 52.0-53.0 sec   361 MBytes  3.03 Gbits/sec
[  3] 53.0-54.0 sec   365 MBytes  3.06 Gbits/sec
[  3] 54.0-55.0 sec   349 MBytes  2.92 Gbits/sec
[  3] 55.0-56.0 sec   355 MBytes  2.98 Gbits/sec
[  3] 56.0-57.0 sec   347 MBytes  2.91 Gbits/sec
[  3] 57.0-58.0 sec   367 MBytes  3.08 Gbits/sec
[  3] 58.0-59.0 sec   368 MBytes  3.09 Gbits/sec
[  3] 59.0-60.0 sec   343 MBytes  2.88 Gbits/sec
[  3]  0.0-60.0 sec  20.3 GBytes  2.90 Gbits/sec
