sysbench 1.0.17 (using bundled LuaJIT 2.1.0-beta2)

Running the test with following options:
Number of threads: 1
Initializing random number generator from current time


Extra file open flags: (none)
64 files, 128MiB each
8GiB total file size
Block size 32KiB
Number of IO requests: 0
Read/Write ratio for combined random IO test: 1.50
Calling fsync() after each write operation.
Using synchronous I/O mode
Doing random read test
Initializing worker threads...

Threads started!


File operations:
    reads/s:                      165447.25
    writes/s:                     0.00
    fsyncs/s:                     0.00

Throughput:
    read, MiB/s:                  5170.23
    written, MiB/s:               0.00

General statistics:
    total time:                          240.0001s
    total number of events:              39707657

Latency (ms):
         min:                                    0.00
         avg:                                    0.01
         max:                                    0.60
         95th percentile:                        0.01
         sum:                               228728.72

Threads fairness:
    events (avg/stddev):           39707657.0000/0.00
    execution time (avg/stddev):   228.7287/0.00

sysbench 1.0.17 (using bundled LuaJIT 2.1.0-beta2)

Running the test with following options:
Number of threads: 4
Initializing random number generator from current time


Extra file open flags: (none)
64 files, 128MiB each
8GiB total file size
Block size 32KiB
Number of IO requests: 0
Read/Write ratio for combined random IO test: 1.50
Calling fsync() after each write operation.
Using synchronous I/O mode
Doing random read test
Initializing worker threads...

Threads started!


File operations:
    reads/s:                      580818.29
    writes/s:                     0.00
    fsyncs/s:                     0.00

Throughput:
    read, MiB/s:                  18150.57
    written, MiB/s:               0.00

General statistics:
    total time:                          240.0002s
    total number of events:              139397598

Latency (ms):
         min:                                    0.00
         avg:                                    0.01
         max:                                    0.64
         95th percentile:                        0.01
         sum:                               880484.54

Threads fairness:
    events (avg/stddev):           34849399.5000/34845.52
    execution time (avg/stddev):   220.1211/0.12

sysbench 1.0.17 (using bundled LuaJIT 2.1.0-beta2)

Running the test with following options:
Number of threads: 8
Initializing random number generator from current time


Extra file open flags: (none)
64 files, 128MiB each
8GiB total file size
Block size 32KiB
Number of IO requests: 0
Read/Write ratio for combined random IO test: 1.50
Calling fsync() after each write operation.
Using synchronous I/O mode
Doing random read test
Initializing worker threads...

Threads started!


File operations:
    reads/s:                      986537.24
    writes/s:                     0.00
    fsyncs/s:                     0.00

Throughput:
    read, MiB/s:                  30829.29
    written, MiB/s:               0.00

General statistics:
    total time:                          240.0002s
    total number of events:              236771072

Latency (ms):
         min:                                    0.00
         avg:                                    0.01
         max:                                    3.03
         95th percentile:                        0.01
         sum:                              1644324.69

Threads fairness:
    events (avg/stddev):           29596384.0000/62779.27
    execution time (avg/stddev):   205.5406/0.16

sysbench 1.0.17 (using bundled LuaJIT 2.1.0-beta2)

Running the test with following options:
Number of threads: 16
Initializing random number generator from current time


Extra file open flags: (none)
64 files, 128MiB each
8GiB total file size
Block size 32KiB
Number of IO requests: 0
Read/Write ratio for combined random IO test: 1.50
Calling fsync() after each write operation.
Using synchronous I/O mode
Doing random read test
Initializing worker threads...

Threads started!


File operations:
    reads/s:                      1046512.45
    writes/s:                     0.00
    fsyncs/s:                     0.00

Throughput:
    read, MiB/s:                  32703.51
    written, MiB/s:               0.00

General statistics:
    total time:                          240.0002s
    total number of events:              251165219

Latency (ms):
         min:                                    0.00
         avg:                                    0.01
         max:                                   24.30
         95th percentile:                        0.02
         sum:                              2843410.10

Threads fairness:
    events (avg/stddev):           15697826.1875/26341.03
    execution time (avg/stddev):   177.7131/0.24

sysbench 1.0.17 (using bundled LuaJIT 2.1.0-beta2)

Running the test with following options:
Number of threads: 32
Initializing random number generator from current time


Extra file open flags: (none)
64 files, 128MiB each
8GiB total file size
Block size 32KiB
Number of IO requests: 0
Read/Write ratio for combined random IO test: 1.50
Calling fsync() after each write operation.
Using synchronous I/O mode
Doing random read test
Initializing worker threads...

Threads started!


File operations:
    reads/s:                      1039604.10
    writes/s:                     0.00
    fsyncs/s:                     0.00

Throughput:
    read, MiB/s:                  32487.63
    written, MiB/s:               0.00

General statistics:
    total time:                          240.0004s
    total number of events:              249507356

Latency (ms):
         min:                                    0.00
         avg:                                    0.02
         max:                                   23.58
         95th percentile:                        0.07
         sum:                              4846676.91

Threads fairness:
    events (avg/stddev):           7797104.8750/11943.44
    execution time (avg/stddev):   151.4587/0.09

sysbench 1.0.17 (using bundled LuaJIT 2.1.0-beta2)

Running the test with following options:
Number of threads: 64
Initializing random number generator from current time


Extra file open flags: (none)
64 files, 128MiB each
8GiB total file size
Block size 32KiB
Number of IO requests: 0
Read/Write ratio for combined random IO test: 1.50
Calling fsync() after each write operation.
Using synchronous I/O mode
Doing random read test
Initializing worker threads...

Threads started!


File operations:
    reads/s:                      1021171.01
    writes/s:                     0.00
    fsyncs/s:                     0.00

Throughput:
    read, MiB/s:                  31911.59
    written, MiB/s:               0.00

General statistics:
    total time:                          240.0007s
    total number of events:              245083591

Latency (ms):
         min:                                    0.00
         avg:                                    0.04
         max:                                   26.23
         95th percentile:                        0.21
         sum:                              8931578.77

Threads fairness:
    events (avg/stddev):           3829431.1094/5321.79
    execution time (avg/stddev):   139.5559/0.14

