sysbench 1.0.17 (using bundled LuaJIT 2.1.0-beta2)

Running the test with following options:
Number of threads: 1
Initializing random number generator from current time


Extra file open flags: (none)
64 files, 128MiB each
8GiB total file size
Block size 32KiB
Number of IO requests: 0
Read/Write ratio for combined random IO test: 1.50
Calling fsync() after each write operation.
Using synchronous I/O mode
Doing random write test
Initializing worker threads...

Threads started!


File operations:
    reads/s:                      0.00
    writes/s:                     3274.54
    fsyncs/s:                     3274.54

Throughput:
    read, MiB/s:                  0.00
    written, MiB/s:               102.33

General statistics:
    total time:                          240.0003s
    total number of events:              785897

Latency (ms):
         min:                                    0.10
         avg:                                    0.30
         max:                                   16.13
         95th percentile:                        0.44
         sum:                               239570.26

Threads fairness:
    events (avg/stddev):           785897.0000/0.00
    execution time (avg/stddev):   239.5703/0.00

sysbench 1.0.17 (using bundled LuaJIT 2.1.0-beta2)

Running the test with following options:
Number of threads: 4
Initializing random number generator from current time


Extra file open flags: (none)
64 files, 128MiB each
8GiB total file size
Block size 32KiB
Number of IO requests: 0
Read/Write ratio for combined random IO test: 1.50
Calling fsync() after each write operation.
Using synchronous I/O mode
Doing random write test
Initializing worker threads...

Threads started!


File operations:
    reads/s:                      0.00
    writes/s:                     10810.75
    fsyncs/s:                     10810.75

Throughput:
    read, MiB/s:                  0.00
    written, MiB/s:               337.84

General statistics:
    total time:                          240.0007s
    total number of events:              2594609

Latency (ms):
         min:                                    0.10
         avg:                                    0.37
         max:                                   23.65
         95th percentile:                        0.74
         sum:                               958180.72

Threads fairness:
    events (avg/stddev):           648652.2500/602.18
    execution time (avg/stddev):   239.5452/0.00

sysbench 1.0.17 (using bundled LuaJIT 2.1.0-beta2)

Running the test with following options:
Number of threads: 8
Initializing random number generator from current time


Extra file open flags: (none)
64 files, 128MiB each
8GiB total file size
Block size 32KiB
Number of IO requests: 0
Read/Write ratio for combined random IO test: 1.50
Calling fsync() after each write operation.
Using synchronous I/O mode
Doing random write test
Initializing worker threads...

Threads started!


File operations:
    reads/s:                      0.00
    writes/s:                     11337.19
    fsyncs/s:                     11337.19

Throughput:
    read, MiB/s:                  0.00
    written, MiB/s:               354.29

General statistics:
    total time:                          240.0003s
    total number of events:              2720950

Latency (ms):
         min:                                    0.10
         avg:                                    0.70
         max:                                   16.75
         95th percentile:                        1.16
         sum:                              1917813.54

Threads fairness:
    events (avg/stddev):           340118.7500/1184.77
    execution time (avg/stddev):   239.7267/0.00

sysbench 1.0.17 (using bundled LuaJIT 2.1.0-beta2)

Running the test with following options:
Number of threads: 16
Initializing random number generator from current time


Extra file open flags: (none)
64 files, 128MiB each
8GiB total file size
Block size 32KiB
Number of IO requests: 0
Read/Write ratio for combined random IO test: 1.50
Calling fsync() after each write operation.
Using synchronous I/O mode
Doing random write test
Initializing worker threads...

Threads started!


File operations:
    reads/s:                      0.00
    writes/s:                     11735.98
    fsyncs/s:                     11735.98

Throughput:
    read, MiB/s:                  0.00
    written, MiB/s:               366.75

General statistics:
    total time:                          240.0018s
    total number of events:              2816677

Latency (ms):
         min:                                    0.10
         avg:                                    1.36
         max:                                   45.31
         95th percentile:                        3.75
         sum:                              3836033.05

Threads fairness:
    events (avg/stddev):           176042.3125/296.58
    execution time (avg/stddev):   239.7521/0.00

sysbench 1.0.17 (using bundled LuaJIT 2.1.0-beta2)

Running the test with following options:
Number of threads: 32
Initializing random number generator from current time


Extra file open flags: (none)
64 files, 128MiB each
8GiB total file size
Block size 32KiB
Number of IO requests: 0
Read/Write ratio for combined random IO test: 1.50
Calling fsync() after each write operation.
Using synchronous I/O mode
Doing random write test
Initializing worker threads...

Threads started!


File operations:
    reads/s:                      0.00
    writes/s:                     12017.17
    fsyncs/s:                     12017.17

Throughput:
    read, MiB/s:                  0.00
    written, MiB/s:               375.54

General statistics:
    total time:                          240.0033s
    total number of events:              2884178

Latency (ms):
         min:                                    0.10
         avg:                                    2.66
         max:                                   23.15
         95th percentile:                        7.30
         sum:                              7673628.86

Threads fairness:
    events (avg/stddev):           90130.5625/171.71
    execution time (avg/stddev):   239.8009/0.00

sysbench 1.0.17 (using bundled LuaJIT 2.1.0-beta2)

Running the test with following options:
Number of threads: 64
Initializing random number generator from current time


Extra file open flags: (none)
64 files, 128MiB each
8GiB total file size
Block size 32KiB
Number of IO requests: 0
Read/Write ratio for combined random IO test: 1.50
Calling fsync() after each write operation.
Using synchronous I/O mode
Doing random write test
Initializing worker threads...

Threads started!


File operations:
    reads/s:                      0.00
    writes/s:                     12209.41
    fsyncs/s:                     12209.41

Throughput:
    read, MiB/s:                  0.00
    written, MiB/s:               381.54

General statistics:
    total time:                          240.0041s
    total number of events:              2930328

Latency (ms):
         min:                                    0.10
         avg:                                    5.24
         max:                                   39.50
         95th percentile:                       13.22
         sum:                             15351358.67

Threads fairness:
    events (avg/stddev):           45786.3750/110.46
    execution time (avg/stddev):   239.8650/0.00

