sysbench 1.0.17 (using bundled LuaJIT 2.1.0-beta2)

Running the test with following options:
Number of threads: 1
Initializing random number generator from current time


Extra file open flags: (none)
64 files, 128MiB each
8GiB total file size
Block size 32KiB
Number of IO requests: 0
Read/Write ratio for combined random IO test: 1.50
Calling fsync() after each write operation.
Using synchronous I/O mode
Doing random read test
Initializing worker threads...

Threads started!


File operations:
    reads/s:                      217405.12
    writes/s:                     0.00
    fsyncs/s:                     0.00

Throughput:
    read, MiB/s:                  6793.91
    written, MiB/s:               0.00

General statistics:
    total time:                          240.0001s
    total number of events:              52177545

Latency (ms):
         min:                                    0.00
         avg:                                    0.00
         max:                                    0.03
         95th percentile:                        0.01
         sum:                               228044.95

Threads fairness:
    events (avg/stddev):           52177545.0000/0.00
    execution time (avg/stddev):   228.0449/0.00

sysbench 1.0.17 (using bundled LuaJIT 2.1.0-beta2)

Running the test with following options:
Number of threads: 4
Initializing random number generator from current time


Extra file open flags: (none)
64 files, 128MiB each
8GiB total file size
Block size 32KiB
Number of IO requests: 0
Read/Write ratio for combined random IO test: 1.50
Calling fsync() after each write operation.
Using synchronous I/O mode
Doing random read test
Initializing worker threads...

Threads started!


File operations:
    reads/s:                      720714.75
    writes/s:                     0.00
    fsyncs/s:                     0.00

Throughput:
    read, MiB/s:                  22522.34
    written, MiB/s:               0.00

General statistics:
    total time:                          240.0000s
    total number of events:              172972627

Latency (ms):
         min:                                    0.00
         avg:                                    0.01
         max:                                    4.03
         95th percentile:                        0.01
         sum:                               870391.94

Threads fairness:
    events (avg/stddev):           43243156.7500/733057.13
    execution time (avg/stddev):   217.5980/0.25

sysbench 1.0.17 (using bundled LuaJIT 2.1.0-beta2)

Running the test with following options:
Number of threads: 8
Initializing random number generator from current time


Extra file open flags: (none)
64 files, 128MiB each
8GiB total file size
Block size 32KiB
Number of IO requests: 0
Read/Write ratio for combined random IO test: 1.50
Calling fsync() after each write operation.
Using synchronous I/O mode
Doing random read test
Initializing worker threads...

Threads started!


File operations:
    reads/s:                      1136359.00
    writes/s:                     0.00
    fsyncs/s:                     0.00

Throughput:
    read, MiB/s:                  35511.22
    written, MiB/s:               0.00

General statistics:
    total time:                          240.0000s
    total number of events:              272727927

Latency (ms):
         min:                                    0.00
         avg:                                    0.01
         max:                                    0.27
         95th percentile:                        0.01
         sum:                              1613210.16

Threads fairness:
    events (avg/stddev):           34090990.8750/946268.24
    execution time (avg/stddev):   201.6513/1.24

sysbench 1.0.17 (using bundled LuaJIT 2.1.0-beta2)

Running the test with following options:
Number of threads: 16
Initializing random number generator from current time


Extra file open flags: (none)
64 files, 128MiB each
8GiB total file size
Block size 32KiB
Number of IO requests: 0
Read/Write ratio for combined random IO test: 1.50
Calling fsync() after each write operation.
Using synchronous I/O mode
Doing random read test
Initializing worker threads...

Threads started!


File operations:
    reads/s:                      1101166.93
    writes/s:                     0.00
    fsyncs/s:                     0.00

Throughput:
    read, MiB/s:                  34411.47
    written, MiB/s:               0.00

General statistics:
    total time:                          240.0001s
    total number of events:              264281774

Latency (ms):
         min:                                    0.00
         avg:                                    0.01
         max:                                    1.28
         95th percentile:                        0.02
         sum:                              2678228.08

Threads fairness:
    events (avg/stddev):           16517610.8750/23800.06
    execution time (avg/stddev):   167.3893/0.11

sysbench 1.0.17 (using bundled LuaJIT 2.1.0-beta2)

Running the test with following options:
Number of threads: 32
Initializing random number generator from current time


Extra file open flags: (none)
64 files, 128MiB each
8GiB total file size
Block size 32KiB
Number of IO requests: 0
Read/Write ratio for combined random IO test: 1.50
Calling fsync() after each write operation.
Using synchronous I/O mode
Doing random read test
Initializing worker threads...

Threads started!


File operations:
    reads/s:                      1130339.22
    writes/s:                     0.00
    fsyncs/s:                     0.00

Throughput:
    read, MiB/s:                  35323.10
    written, MiB/s:               0.00

General statistics:
    total time:                          240.0001s
    total number of events:              271283197

Latency (ms):
         min:                                    0.00
         avg:                                    0.02
         max:                                    1.65
         95th percentile:                        0.07
         sum:                              4669438.80

Threads fairness:
    events (avg/stddev):           8477599.9062/7644.20
    execution time (avg/stddev):   145.9200/0.08

sysbench 1.0.17 (using bundled LuaJIT 2.1.0-beta2)

Running the test with following options:
Number of threads: 64
Initializing random number generator from current time


Extra file open flags: (none)
64 files, 128MiB each
8GiB total file size
Block size 32KiB
Number of IO requests: 0
Read/Write ratio for combined random IO test: 1.50
Calling fsync() after each write operation.
Using synchronous I/O mode
Doing random read test
Initializing worker threads...

Threads started!


File operations:
    reads/s:                      1125509.99
    writes/s:                     0.00
    fsyncs/s:                     0.00

Throughput:
    read, MiB/s:                  35172.19
    written, MiB/s:               0.00

General statistics:
    total time:                          240.0002s
    total number of events:              270124267

Latency (ms):
         min:                                    0.00
         avg:                                    0.03
         max:                                   39.96
         95th percentile:                        0.19
         sum:                              8696019.43

Threads fairness:
    events (avg/stddev):           4220691.6719/7438.62
    execution time (avg/stddev):   135.8753/0.11

