sysbench 1.0.17 (using bundled LuaJIT 2.1.0-beta2)

Running the test with following options:
Number of threads: 1
Initializing random number generator from current time


Extra file open flags: (none)
64 files, 128MiB each
8GiB total file size
Block size 32KiB
Number of IO requests: 0
Read/Write ratio for combined random IO test: 1.50
Calling fsync() after each write operation.
Using synchronous I/O mode
Doing random read test
Initializing worker threads...

Threads started!


File operations:
    reads/s:                      195277.03
    writes/s:                     0.00
    fsyncs/s:                     0.00

Throughput:
    read, MiB/s:                  6102.41
    written, MiB/s:               0.00

General statistics:
    total time:                          240.0001s
    total number of events:              46866846

Latency (ms):
         min:                                    0.00
         avg:                                    0.00
         max:                                    9.46
         95th percentile:                        0.01
         sum:                               229052.51

Threads fairness:
    events (avg/stddev):           46866846.0000/0.00
    execution time (avg/stddev):   229.0525/0.00

sysbench 1.0.17 (using bundled LuaJIT 2.1.0-beta2)

Running the test with following options:
Number of threads: 4
Initializing random number generator from current time


Extra file open flags: (none)
64 files, 128MiB each
8GiB total file size
Block size 32KiB
Number of IO requests: 0
Read/Write ratio for combined random IO test: 1.50
Calling fsync() after each write operation.
Using synchronous I/O mode
Doing random read test
Initializing worker threads...

Threads started!


File operations:
    reads/s:                      576020.88
    writes/s:                     0.00
    fsyncs/s:                     0.00

Throughput:
    read, MiB/s:                  18000.65
    written, MiB/s:               0.00

General statistics:
    total time:                          240.0001s
    total number of events:              138246087

Latency (ms):
         min:                                    0.00
         avg:                                    0.01
         max:                                   13.80
         95th percentile:                        0.01
         sum:                               849434.83

Threads fairness:
    events (avg/stddev):           34561521.7500/2682062.47
    execution time (avg/stddev):   212.3587/0.50

sysbench 1.0.17 (using bundled LuaJIT 2.1.0-beta2)

Running the test with following options:
Number of threads: 8
Initializing random number generator from current time


Extra file open flags: (none)
64 files, 128MiB each
8GiB total file size
Block size 32KiB
Number of IO requests: 0
Read/Write ratio for combined random IO test: 1.50
Calling fsync() after each write operation.
Using synchronous I/O mode
Doing random read test
Initializing worker threads...

Threads started!


File operations:
    reads/s:                      835590.17
    writes/s:                     0.00
    fsyncs/s:                     0.00

Throughput:
    read, MiB/s:                  26112.19
    written, MiB/s:               0.00

General statistics:
    total time:                          240.0029s
    total number of events:              200545478

Latency (ms):
         min:                                    0.00
         avg:                                    0.01
         max:                                   39.53
         95th percentile:                        0.01
         sum:                              1558237.97

Threads fairness:
    events (avg/stddev):           25068184.7500/1991632.63
    execution time (avg/stddev):   194.7797/1.26

sysbench 1.0.17 (using bundled LuaJIT 2.1.0-beta2)

Running the test with following options:
Number of threads: 16
Initializing random number generator from current time


Extra file open flags: (none)
64 files, 128MiB each
8GiB total file size
Block size 32KiB
Number of IO requests: 0
Read/Write ratio for combined random IO test: 1.50
Calling fsync() after each write operation.
Using synchronous I/O mode
Doing random read test
Initializing worker threads...

Threads started!


File operations:
    reads/s:                      807032.33
    writes/s:                     0.00
    fsyncs/s:                     0.00

Throughput:
    read, MiB/s:                  25219.76
    written, MiB/s:               0.00

General statistics:
    total time:                          240.0003s
    total number of events:              193689237

Latency (ms):
         min:                                    0.00
         avg:                                    0.01
         max:                                   34.37
         95th percentile:                        0.03
         sum:                              2591717.15

Threads fairness:
    events (avg/stddev):           12105577.3125/58923.39
    execution time (avg/stddev):   161.9823/0.62

sysbench 1.0.17 (using bundled LuaJIT 2.1.0-beta2)

Running the test with following options:
Number of threads: 32
Initializing random number generator from current time


Extra file open flags: (none)
64 files, 128MiB each
8GiB total file size
Block size 32KiB
Number of IO requests: 0
Read/Write ratio for combined random IO test: 1.50
Calling fsync() after each write operation.
Using synchronous I/O mode
Doing random read test
Initializing worker threads...

Threads started!


File operations:
    reads/s:                      835492.71
    writes/s:                     0.00
    fsyncs/s:                     0.00

Throughput:
    read, MiB/s:                  26109.15
    written, MiB/s:               0.00

General statistics:
    total time:                          240.0003s
    total number of events:              200519859

Latency (ms):
         min:                                    0.00
         avg:                                    0.02
         max:                                  184.35
         95th percentile:                        0.10
         sum:                              4686149.10

Threads fairness:
    events (avg/stddev):           6266245.5938/19894.91
    execution time (avg/stddev):   146.4422/0.40

sysbench 1.0.17 (using bundled LuaJIT 2.1.0-beta2)

Running the test with following options:
Number of threads: 64
Initializing random number generator from current time


Extra file open flags: (none)
64 files, 128MiB each
8GiB total file size
Block size 32KiB
Number of IO requests: 0
Read/Write ratio for combined random IO test: 1.50
Calling fsync() after each write operation.
Using synchronous I/O mode
Doing random read test
Initializing worker threads...

Threads started!


File operations:
    reads/s:                      831147.71
    writes/s:                     0.00
    fsyncs/s:                     0.00

Throughput:
    read, MiB/s:                  25973.37
    written, MiB/s:               0.00

General statistics:
    total time:                          240.0005s
    total number of events:              199477172

Latency (ms):
         min:                                    0.00
         avg:                                    0.05
         max:                                  187.73
         95th percentile:                        0.25
         sum:                              9004183.25

Threads fairness:
    events (avg/stddev):           3116830.8125/10688.12
    execution time (avg/stddev):   140.6904/0.28

