sysbench 1.0.17 (using bundled LuaJIT 2.1.0-beta2)

Running the test with following options:
Number of threads: 1
Initializing random number generator from current time


Extra file open flags: (none)
64 files, 128MiB each
8GiB total file size
Block size 32KiB
Number of IO requests: 0
Read/Write ratio for combined random IO test: 1.50
Calling fsync() after each write operation.
Using synchronous I/O mode
Doing random write test
Initializing worker threads...

Threads started!


File operations:
    reads/s:                      0.00
    writes/s:                     2078.58
    fsyncs/s:                     2078.58

Throughput:
    read, MiB/s:                  0.00
    written, MiB/s:               64.96

General statistics:
    total time:                          240.0004s
    total number of events:              498864

Latency (ms):
         min:                                    0.06
         avg:                                    0.48
         max:                                  250.65
         95th percentile:                        0.97
         sum:                               239445.58

Threads fairness:
    events (avg/stddev):           498864.0000/0.00
    execution time (avg/stddev):   239.4456/0.00

sysbench 1.0.17 (using bundled LuaJIT 2.1.0-beta2)

Running the test with following options:
Number of threads: 4
Initializing random number generator from current time


Extra file open flags: (none)
64 files, 128MiB each
8GiB total file size
Block size 32KiB
Number of IO requests: 0
Read/Write ratio for combined random IO test: 1.50
Calling fsync() after each write operation.
Using synchronous I/O mode
Doing random write test
Initializing worker threads...

Threads started!


File operations:
    reads/s:                      0.00
    writes/s:                     3988.00
    fsyncs/s:                     3988.00

Throughput:
    read, MiB/s:                  0.00
    written, MiB/s:               124.63

General statistics:
    total time:                          240.0004s
    total number of events:              957129

Latency (ms):
         min:                                    0.04
         avg:                                    1.00
         max:                                  190.65
         95th percentile:                        1.55
         sum:                               958886.00

Threads fairness:
    events (avg/stddev):           239282.2500/69.45
    execution time (avg/stddev):   239.7215/0.00

sysbench 1.0.17 (using bundled LuaJIT 2.1.0-beta2)

Running the test with following options:
Number of threads: 8
Initializing random number generator from current time


Extra file open flags: (none)
64 files, 128MiB each
8GiB total file size
Block size 32KiB
Number of IO requests: 0
Read/Write ratio for combined random IO test: 1.50
Calling fsync() after each write operation.
Using synchronous I/O mode
Doing random write test
Initializing worker threads...

Threads started!

