sysbench 1.0.17 (using bundled LuaJIT 2.1.0-beta2)

Running the test with following options:
Number of threads: 1
Initializing random number generator from current time


Extra file open flags: (none)
64 files, 128MiB each
8GiB total file size
Block size 32KiB
Number of IO requests: 0
Read/Write ratio for combined random IO test: 1.50
Calling fsync() after each write operation.
Using synchronous I/O mode
Doing random write test
Initializing worker threads...

Threads started!


File operations:
    reads/s:                      0.00
    writes/s:                     1763.11
    fsyncs/s:                     1763.11

Throughput:
    read, MiB/s:                  0.00
    written, MiB/s:               55.10

General statistics:
    total time:                          240.0005s
    total number of events:              423151

Latency (ms):
         min:                                    0.10
         avg:                                    0.57
         max:                                   55.39
         95th percentile:                        0.99
         sum:                               239406.89

Threads fairness:
    events (avg/stddev):           423151.0000/0.00
    execution time (avg/stddev):   239.4069/0.00

sysbench 1.0.17 (using bundled LuaJIT 2.1.0-beta2)

Running the test with following options:
Number of threads: 4
Initializing random number generator from current time


Extra file open flags: (none)
64 files, 128MiB each
8GiB total file size
Block size 32KiB
Number of IO requests: 0
Read/Write ratio for combined random IO test: 1.50
Calling fsync() after each write operation.
Using synchronous I/O mode
Doing random write test
Initializing worker threads...

Threads started!


File operations:
    reads/s:                      0.00
    writes/s:                     6995.66
    fsyncs/s:                     6995.66

Throughput:
    read, MiB/s:                  0.00
    written, MiB/s:               218.61

General statistics:
    total time:                          240.0004s
    total number of events:              1678977

Latency (ms):
         min:                                    0.09
         avg:                                    0.57
         max:                                  116.33
         95th percentile:                        0.89
         sum:                               957717.31

Threads fairness:
    events (avg/stddev):           419744.2500/142.88
    execution time (avg/stddev):   239.4293/0.00

sysbench 1.0.17 (using bundled LuaJIT 2.1.0-beta2)

Running the test with following options:
Number of threads: 8
Initializing random number generator from current time


Extra file open flags: (none)
64 files, 128MiB each
8GiB total file size
Block size 32KiB
Number of IO requests: 0
Read/Write ratio for combined random IO test: 1.50
Calling fsync() after each write operation.
Using synchronous I/O mode
Doing random write test
Initializing worker threads...

Threads started!


File operations:
    reads/s:                      0.00
    writes/s:                     7441.99
    fsyncs/s:                     7441.99

Throughput:
    read, MiB/s:                  0.00
    written, MiB/s:               232.56

General statistics:
    total time:                          240.0156s
    total number of events:              1786207

Latency (ms):
         min:                                    0.09
         avg:                                    1.07
         max:                                   69.71
         95th percentile:                        1.06
         sum:                              1916850.99

Threads fairness:
    events (avg/stddev):           223275.8750/230.68
    execution time (avg/stddev):   239.6064/0.00

sysbench 1.0.17 (using bundled LuaJIT 2.1.0-beta2)

Running the test with following options:
Number of threads: 16
Initializing random number generator from current time


Extra file open flags: (none)
64 files, 128MiB each
8GiB total file size
Block size 32KiB
Number of IO requests: 0
Read/Write ratio for combined random IO test: 1.50
Calling fsync() after each write operation.
Using synchronous I/O mode
Doing random write test
Initializing worker threads...

Threads started!


File operations:
    reads/s:                      0.00
    writes/s:                     7761.64
    fsyncs/s:                     7761.64

Throughput:
    read, MiB/s:                  0.00
    written, MiB/s:               242.55

General statistics:
    total time:                          240.0366s
    total number of events:              1863096

Latency (ms):
         min:                                    0.10
         avg:                                    2.06
         max:                                   53.36
         95th percentile:                        1.70
         sum:                              3835394.81

Threads fairness:
    events (avg/stddev):           116443.5000/183.50
    execution time (avg/stddev):   239.7122/0.02

sysbench 1.0.17 (using bundled LuaJIT 2.1.0-beta2)

Running the test with following options:
Number of threads: 32
Initializing random number generator from current time


Extra file open flags: (none)
64 files, 128MiB each
8GiB total file size
Block size 32KiB
Number of IO requests: 0
Read/Write ratio for combined random IO test: 1.50
Calling fsync() after each write operation.
Using synchronous I/O mode
Doing random write test
Initializing worker threads...

Threads started!


File operations:
    reads/s:                      0.00
    writes/s:                     7958.17
    fsyncs/s:                     7958.17

Throughput:
    read, MiB/s:                  0.00
    written, MiB/s:               248.69

General statistics:
    total time:                          240.0357s
    total number of events:              1910260

Latency (ms):
         min:                                    0.09
         avg:                                    4.02
         max:                                   62.64
         95th percentile:                       40.37
         sum:                              7675916.00

Threads fairness:
    events (avg/stddev):           59695.6250/116.15
    execution time (avg/stddev):   239.8724/0.01

sysbench 1.0.17 (using bundled LuaJIT 2.1.0-beta2)

Running the test with following options:
Number of threads: 64
Initializing random number generator from current time


Extra file open flags: (none)
64 files, 128MiB each
8GiB total file size
Block size 32KiB
Number of IO requests: 0
Read/Write ratio for combined random IO test: 1.50
Calling fsync() after each write operation.
Using synchronous I/O mode
Doing random write test
Initializing worker threads...

Threads started!


File operations:
    reads/s:                      0.00
    writes/s:                     8029.87
    fsyncs/s:                     8029.87

Throughput:
    read, MiB/s:                  0.00
    written, MiB/s:               250.93

General statistics:
    total time:                          240.0324s
    total number of events:              1927448

Latency (ms):
         min:                                    0.10
         avg:                                    7.97
         max:                                   94.96
         95th percentile:                       43.39
         sum:                             15355795.00

Threads fairness:
    events (avg/stddev):           30116.3750/78.09
    execution time (avg/stddev):   239.9343/0.00

