sysbench 1.0.17 (using bundled LuaJIT 2.1.0-beta2)

Running the test with following options:
Number of threads: 1
Initializing random number generator from current time


Extra file open flags: (none)
64 files, 128MiB each
8GiB total file size
Block size 32KiB
Number of IO requests: 0
Read/Write ratio for combined random IO test: 1.50
Calling fsync() after each write operation.
Using synchronous I/O mode
Doing random write test
Initializing worker threads...

Threads started!


File operations:
    reads/s:                      0.00
    writes/s:                     3911.97
    fsyncs/s:                     3911.97

Throughput:
    read, MiB/s:                  0.00
    written, MiB/s:               122.25

General statistics:
    total time:                          240.0002s
    total number of events:              938880

Latency (ms):
         min:                                    0.09
         avg:                                    0.26
         max:                                   10.20
         95th percentile:                        0.35
         sum:                               239607.51

Threads fairness:
    events (avg/stddev):           938880.0000/0.00
    execution time (avg/stddev):   239.6075/0.00

sysbench 1.0.17 (using bundled LuaJIT 2.1.0-beta2)

Running the test with following options:
Number of threads: 4
Initializing random number generator from current time


Extra file open flags: (none)
64 files, 128MiB each
8GiB total file size
Block size 32KiB
Number of IO requests: 0
Read/Write ratio for combined random IO test: 1.50
Calling fsync() after each write operation.
Using synchronous I/O mode
Doing random write test
Initializing worker threads...

Threads started!


File operations:
    reads/s:                      0.00
    writes/s:                     10880.74
    fsyncs/s:                     10880.74

Throughput:
    read, MiB/s:                  0.00
    written, MiB/s:               340.02

General statistics:
    total time:                          240.0004s
    total number of events:              2611399

Latency (ms):
         min:                                    0.09
         avg:                                    0.37
         max:                                   11.33
         95th percentile:                        0.99
         sum:                               958389.42

Threads fairness:
    events (avg/stddev):           652849.7500/1368.75
    execution time (avg/stddev):   239.5974/0.00

sysbench 1.0.17 (using bundled LuaJIT 2.1.0-beta2)

Running the test with following options:
Number of threads: 8
Initializing random number generator from current time


Extra file open flags: (none)
64 files, 128MiB each
8GiB total file size
Block size 32KiB
Number of IO requests: 0
Read/Write ratio for combined random IO test: 1.50
Calling fsync() after each write operation.
Using synchronous I/O mode
Doing random write test
Initializing worker threads...

Threads started!


File operations:
    reads/s:                      0.00
    writes/s:                     11345.72
    fsyncs/s:                     11345.72

Throughput:
    read, MiB/s:                  0.00
    written, MiB/s:               354.55

General statistics:
    total time:                          240.0006s
    total number of events:              2722997

Latency (ms):
         min:                                    0.09
         avg:                                    0.70
         max:                                   10.66
         95th percentile:                        1.10
         sum:                              1917886.82

Threads fairness:
    events (avg/stddev):           340374.6250/1176.12
    execution time (avg/stddev):   239.7359/0.00

sysbench 1.0.17 (using bundled LuaJIT 2.1.0-beta2)

Running the test with following options:
Number of threads: 16
Initializing random number generator from current time


Extra file open flags: (none)
64 files, 128MiB each
8GiB total file size
Block size 32KiB
Number of IO requests: 0
Read/Write ratio for combined random IO test: 1.50
Calling fsync() after each write operation.
Using synchronous I/O mode
Doing random write test
Initializing worker threads...

Threads started!


File operations:
    reads/s:                      0.00
    writes/s:                     11726.04
    fsyncs/s:                     11726.04

Throughput:
    read, MiB/s:                  0.00
    written, MiB/s:               366.44

General statistics:
    total time:                          240.0035s
    total number of events:              2814307

Latency (ms):
         min:                                    0.09
         avg:                                    1.36
         max:                                   12.21
         95th percentile:                        3.75
         sum:                              3836194.91

Threads fairness:
    events (avg/stddev):           175894.1875/257.73
    execution time (avg/stddev):   239.7622/0.00

sysbench 1.0.17 (using bundled LuaJIT 2.1.0-beta2)

Running the test with following options:
Number of threads: 32
Initializing random number generator from current time


Extra file open flags: (none)
64 files, 128MiB each
8GiB total file size
Block size 32KiB
Number of IO requests: 0
Read/Write ratio for combined random IO test: 1.50
Calling fsync() after each write operation.
Using synchronous I/O mode
Doing random write test
Initializing worker threads...

Threads started!


File operations:
    reads/s:                      0.00
    writes/s:                     12019.75
    fsyncs/s:                     12019.75

Throughput:
    read, MiB/s:                  0.00
    written, MiB/s:               375.62

General statistics:
    total time:                          240.0046s
    total number of events:              2884811

Latency (ms):
         min:                                    0.09
         avg:                                    2.66
         max:                                   23.50
         95th percentile:                        7.30
         sum:                              7674203.31

Threads fairness:
    events (avg/stddev):           90150.3438/212.69
    execution time (avg/stddev):   239.8189/0.00

sysbench 1.0.17 (using bundled LuaJIT 2.1.0-beta2)

Running the test with following options:
Number of threads: 64
Initializing random number generator from current time


Extra file open flags: (none)
64 files, 128MiB each
8GiB total file size
Block size 32KiB
Number of IO requests: 0
Read/Write ratio for combined random IO test: 1.50
Calling fsync() after each write operation.
Using synchronous I/O mode
Doing random write test
Initializing worker threads...

Threads started!


File operations:
    reads/s:                      0.00
    writes/s:                     12215.46
    fsyncs/s:                     12215.46

Throughput:
    read, MiB/s:                  0.00
    written, MiB/s:               381.73

General statistics:
    total time:                          240.0030s
    total number of events:              2931761

Latency (ms):
         min:                                    0.09
         avg:                                    5.24
         max:                                   43.42
         95th percentile:                       13.46
         sum:                             15351440.94

Threads fairness:
    events (avg/stddev):           45808.7656/111.04
    execution time (avg/stddev):   239.8663/0.00

