sysbench 1.0.17 (using bundled LuaJIT 2.1.0-beta2)

Running the test with following options:
Number of threads: 1
Initializing random number generator from current time


Extra file open flags: (none)
64 files, 128MiB each
8GiB total file size
Block size 32KiB
Number of IO requests: 0
Read/Write ratio for combined random IO test: 1.50
Calling fsync() after each write operation.
Using synchronous I/O mode
Doing random write test
Initializing worker threads...

Threads started!


File operations:
    reads/s:                      0.00
    writes/s:                     3930.62
    fsyncs/s:                     3930.62

Throughput:
    read, MiB/s:                  0.00
    written, MiB/s:               122.83

General statistics:
    total time:                          240.0002s
    total number of events:              943356

Latency (ms):
         min:                                    0.09
         avg:                                    0.25
         max:                                   10.31
         95th percentile:                        0.34
         sum:                               239579.02

Threads fairness:
    events (avg/stddev):           943356.0000/0.00
    execution time (avg/stddev):   239.5790/0.00

sysbench 1.0.17 (using bundled LuaJIT 2.1.0-beta2)

Running the test with following options:
Number of threads: 4
Initializing random number generator from current time


Extra file open flags: (none)
64 files, 128MiB each
8GiB total file size
Block size 32KiB
Number of IO requests: 0
Read/Write ratio for combined random IO test: 1.50
Calling fsync() after each write operation.
Using synchronous I/O mode
Doing random write test
Initializing worker threads...

Threads started!


File operations:
    reads/s:                      0.00
    writes/s:                     10872.02
    fsyncs/s:                     10872.02

Throughput:
    read, MiB/s:                  0.00
    written, MiB/s:               339.75

General statistics:
    total time:                          240.0002s
    total number of events:              2609304

Latency (ms):
         min:                                    0.09
         avg:                                    0.37
         max:                                   10.48
         95th percentile:                        0.97
         sum:                               958334.14

Threads fairness:
    events (avg/stddev):           652326.0000/1044.18
    execution time (avg/stddev):   239.5835/0.00

sysbench 1.0.17 (using bundled LuaJIT 2.1.0-beta2)

Running the test with following options:
Number of threads: 8
Initializing random number generator from current time


Extra file open flags: (none)
64 files, 128MiB each
8GiB total file size
Block size 32KiB
Number of IO requests: 0
Read/Write ratio for combined random IO test: 1.50
Calling fsync() after each write operation.
Using synchronous I/O mode
Doing random write test
Initializing worker threads...

Threads started!


File operations:
    reads/s:                      0.00
    writes/s:                     11317.80
    fsyncs/s:                     11317.80

Throughput:
    read, MiB/s:                  0.00
    written, MiB/s:               353.68

General statistics:
    total time:                          240.0006s
    total number of events:              2716297

Latency (ms):
         min:                                    0.09
         avg:                                    0.71
         max:                                   11.03
         95th percentile:                        1.18
         sum:                              1917729.00

Threads fairness:
    events (avg/stddev):           339537.1250/713.66
    execution time (avg/stddev):   239.7161/0.00

sysbench 1.0.17 (using bundled LuaJIT 2.1.0-beta2)

Running the test with following options:
Number of threads: 16
Initializing random number generator from current time


Extra file open flags: (none)
64 files, 128MiB each
8GiB total file size
Block size 32KiB
Number of IO requests: 0
Read/Write ratio for combined random IO test: 1.50
Calling fsync() after each write operation.
Using synchronous I/O mode
Doing random write test
Initializing worker threads...

Threads started!


File operations:
    reads/s:                      0.00
    writes/s:                     11725.25
    fsyncs/s:                     11725.25

Throughput:
    read, MiB/s:                  0.00
    written, MiB/s:               366.41

General statistics:
    total time:                          240.0020s
    total number of events:              2814100

Latency (ms):
         min:                                    0.09
         avg:                                    1.36
         max:                                   14.12
         95th percentile:                        3.75
         sum:                              3835975.81

Threads fairness:
    events (avg/stddev):           175881.2500/129.76
    execution time (avg/stddev):   239.7485/0.00

sysbench 1.0.17 (using bundled LuaJIT 2.1.0-beta2)

Running the test with following options:
Number of threads: 32
Initializing random number generator from current time


Extra file open flags: (none)
64 files, 128MiB each
8GiB total file size
Block size 32KiB
Number of IO requests: 0
Read/Write ratio for combined random IO test: 1.50
Calling fsync() after each write operation.
Using synchronous I/O mode
Doing random write test
Initializing worker threads...

Threads started!


File operations:
    reads/s:                      0.00
    writes/s:                     12019.23
    fsyncs/s:                     12019.23

Throughput:
    read, MiB/s:                  0.00
    written, MiB/s:               375.60

General statistics:
    total time:                          240.0078s
    total number of events:              2884725

Latency (ms):
         min:                                    0.09
         avg:                                    2.66
         max:                                   21.65
         95th percentile:                        7.30
         sum:                              7673704.67

Threads fairness:
    events (avg/stddev):           90147.6562/244.75
    execution time (avg/stddev):   239.8033/0.00

sysbench 1.0.17 (using bundled LuaJIT 2.1.0-beta2)

Running the test with following options:
Number of threads: 64
Initializing random number generator from current time


Extra file open flags: (none)
64 files, 128MiB each
8GiB total file size
Block size 32KiB
Number of IO requests: 0
Read/Write ratio for combined random IO test: 1.50
Calling fsync() after each write operation.
Using synchronous I/O mode
Doing random write test
Initializing worker threads...

Threads started!


File operations:
    reads/s:                      0.00
    writes/s:                     12216.68
    fsyncs/s:                     12216.68

Throughput:
    read, MiB/s:                  0.00
    written, MiB/s:               381.77

General statistics:
    total time:                          240.0134s
    total number of events:              2932185

Latency (ms):
         min:                                    0.09
         avg:                                    5.24
         max:                                   48.48
         95th percentile:                       13.22
         sum:                             15351987.58

Threads fairness:
    events (avg/stddev):           45815.3906/89.21
    execution time (avg/stddev):   239.8748/0.00

