sysbench 1.0.17 (using bundled LuaJIT 2.1.0-beta2)

Running the test with following options:
Number of threads: 1
Initializing random number generator from current time


Extra file open flags: (none)
64 files, 128MiB each
8GiB total file size
Block size 32KiB
Number of IO requests: 0
Read/Write ratio for combined random IO test: 1.50
Calling fsync() after each write operation.
Using synchronous I/O mode
Doing random read test
Initializing worker threads...

Threads started!


File operations:
    reads/s:                      200185.05
    writes/s:                     0.00
    fsyncs/s:                     0.00

Throughput:
    read, MiB/s:                  6255.78
    written, MiB/s:               0.00

General statistics:
    total time:                          240.0001s
    total number of events:              48044745

Latency (ms):
         min:                                    0.00
         avg:                                    0.00
         max:                                    0.06
         95th percentile:                        0.01
         sum:                               228101.63

Threads fairness:
    events (avg/stddev):           48044745.0000/0.00
    execution time (avg/stddev):   228.1016/0.00

sysbench 1.0.17 (using bundled LuaJIT 2.1.0-beta2)

Running the test with following options:
Number of threads: 4
Initializing random number generator from current time


Extra file open flags: (none)
64 files, 128MiB each
8GiB total file size
Block size 32KiB
Number of IO requests: 0
Read/Write ratio for combined random IO test: 1.50
Calling fsync() after each write operation.
Using synchronous I/O mode
Doing random read test
Initializing worker threads...

Threads started!


File operations:
    reads/s:                      656567.61
    writes/s:                     0.00
    fsyncs/s:                     0.00

Throughput:
    read, MiB/s:                  20517.74
    written, MiB/s:               0.00

General statistics:
    total time:                          240.0001s
    total number of events:              157577285

Latency (ms):
         min:                                    0.00
         avg:                                    0.01
         max:                                    0.25
         95th percentile:                        0.01
         sum:                               873122.07

Threads fairness:
    events (avg/stddev):           39394321.2500/1003452.78
    execution time (avg/stddev):   218.2805/0.27

sysbench 1.0.17 (using bundled LuaJIT 2.1.0-beta2)

Running the test with following options:
Number of threads: 8
Initializing random number generator from current time


Extra file open flags: (none)
64 files, 128MiB each
8GiB total file size
Block size 32KiB
Number of IO requests: 0
Read/Write ratio for combined random IO test: 1.50
Calling fsync() after each write operation.
Using synchronous I/O mode
Doing random read test
Initializing worker threads...

Threads started!


File operations:
    reads/s:                      1050265.72
    writes/s:                     0.00
    fsyncs/s:                     0.00

Throughput:
    read, MiB/s:                  32820.80
    written, MiB/s:               0.00

General statistics:
    total time:                          240.0001s
    total number of events:              252065694

Latency (ms):
         min:                                    0.00
         avg:                                    0.01
         max:                                    0.24
         95th percentile:                        0.01
         sum:                              1628473.83

Threads fairness:
    events (avg/stddev):           31508211.7500/1113483.30
    execution time (avg/stddev):   203.5592/1.04

sysbench 1.0.17 (using bundled LuaJIT 2.1.0-beta2)

Running the test with following options:
Number of threads: 16
Initializing random number generator from current time


Extra file open flags: (none)
64 files, 128MiB each
8GiB total file size
Block size 32KiB
Number of IO requests: 0
Read/Write ratio for combined random IO test: 1.50
Calling fsync() after each write operation.
Using synchronous I/O mode
Doing random read test
Initializing worker threads...

Threads started!


File operations:
    reads/s:                      1048629.81
    writes/s:                     0.00
    fsyncs/s:                     0.00

Throughput:
    read, MiB/s:                  32769.68
    written, MiB/s:               0.00

General statistics:
    total time:                          240.0001s
    total number of events:              251672883

Latency (ms):
         min:                                    0.00
         avg:                                    0.01
         max:                                    5.41
         95th percentile:                        0.02
         sum:                              2724736.63

Threads fairness:
    events (avg/stddev):           15729555.1875/53956.67
    execution time (avg/stddev):   170.2960/0.14

sysbench 1.0.17 (using bundled LuaJIT 2.1.0-beta2)

Running the test with following options:
Number of threads: 32
Initializing random number generator from current time


Extra file open flags: (none)
64 files, 128MiB each
8GiB total file size
Block size 32KiB
Number of IO requests: 0
Read/Write ratio for combined random IO test: 1.50
Calling fsync() after each write operation.
Using synchronous I/O mode
Doing random read test
Initializing worker threads...

Threads started!


File operations:
    reads/s:                      1056013.92
    writes/s:                     0.00
    fsyncs/s:                     0.00

Throughput:
    read, MiB/s:                  33000.44
    written, MiB/s:               0.00

General statistics:
    total time:                          240.0001s
    total number of events:              253445127

Latency (ms):
         min:                                    0.00
         avg:                                    0.02
         max:                                    5.39
         95th percentile:                        0.07
         sum:                              4677494.88

Threads fairness:
    events (avg/stddev):           7920160.2188/9424.31
    execution time (avg/stddev):   146.1717/0.10

sysbench 1.0.17 (using bundled LuaJIT 2.1.0-beta2)

Running the test with following options:
Number of threads: 64
Initializing random number generator from current time


Extra file open flags: (none)
64 files, 128MiB each
8GiB total file size
Block size 32KiB
Number of IO requests: 0
Read/Write ratio for combined random IO test: 1.50
Calling fsync() after each write operation.
Using synchronous I/O mode
Doing random read test
Initializing worker threads...

Threads started!


File operations:
    reads/s:                      1051700.87
    writes/s:                     0.00
    fsyncs/s:                     0.00

Throughput:
    read, MiB/s:                  32865.65
    written, MiB/s:               0.00

General statistics:
    total time:                          240.0002s
    total number of events:              252410046

Latency (ms):
         min:                                    0.00
         avg:                                    0.03
         max:                                   43.49
         95th percentile:                        0.20
         sum:                              8672660.75

Threads fairness:
    events (avg/stddev):           3943906.9688/19630.82
    execution time (avg/stddev):   135.5103/0.17

