sysbench 1.0.17 (using bundled LuaJIT 2.1.0-beta2)

Running the test with following options:
Number of threads: 1
Initializing random number generator from current time


Extra file open flags: (none)
64 files, 128MiB each
8GiB total file size
Block size 32KiB
Number of IO requests: 0
Read/Write ratio for combined random IO test: 1.50
Calling fsync() after each write operation.
Using synchronous I/O mode
Doing random read test
Initializing worker threads...

Threads started!


File operations:
    reads/s:                      157901.67
    writes/s:                     0.00
    fsyncs/s:                     0.00

Throughput:
    read, MiB/s:                  4934.43
    written, MiB/s:               0.00

General statistics:
    total time:                          240.0001s
    total number of events:              37896730

Latency (ms):
         min:                                    0.00
         avg:                                    0.01
         max:                                    8.89
         95th percentile:                        0.01
         sum:                               229274.98

Threads fairness:
    events (avg/stddev):           37896730.0000/0.00
    execution time (avg/stddev):   229.2750/0.00

sysbench 1.0.17 (using bundled LuaJIT 2.1.0-beta2)

Running the test with following options:
Number of threads: 4
Initializing random number generator from current time


Extra file open flags: (none)
64 files, 128MiB each
8GiB total file size
Block size 32KiB
Number of IO requests: 0
Read/Write ratio for combined random IO test: 1.50
Calling fsync() after each write operation.
Using synchronous I/O mode
Doing random read test
Initializing worker threads...

Threads started!


File operations:
    reads/s:                      545312.93
    writes/s:                     0.00
    fsyncs/s:                     0.00

Throughput:
    read, MiB/s:                  17041.03
    written, MiB/s:               0.00

General statistics:
    total time:                          240.0001s
    total number of events:              130876413

Latency (ms):
         min:                                    0.00
         avg:                                    0.01
         max:                                    9.78
         95th percentile:                        0.01
         sum:                               893060.98

Threads fairness:
    events (avg/stddev):           32719103.2500/138766.83
    execution time (avg/stddev):   223.2652/0.08

sysbench 1.0.17 (using bundled LuaJIT 2.1.0-beta2)

Running the test with following options:
Number of threads: 8
Initializing random number generator from current time


Extra file open flags: (none)
64 files, 128MiB each
8GiB total file size
Block size 32KiB
Number of IO requests: 0
Read/Write ratio for combined random IO test: 1.50
Calling fsync() after each write operation.
Using synchronous I/O mode
Doing random read test
Initializing worker threads...

Threads started!


File operations:
    reads/s:                      917180.63
    writes/s:                     0.00
    fsyncs/s:                     0.00

Throughput:
    read, MiB/s:                  28661.89
    written, MiB/s:               0.00

General statistics:
    total time:                          240.0001s
    total number of events:              220125488

Latency (ms):
         min:                                    0.00
         avg:                                    0.01
         max:                                   13.54
         95th percentile:                        0.01
         sum:                              1708597.14

Threads fairness:
    events (avg/stddev):           27515686.0000/56740.95
    execution time (avg/stddev):   213.5746/0.20

sysbench 1.0.17 (using bundled LuaJIT 2.1.0-beta2)

Running the test with following options:
Number of threads: 16
Initializing random number generator from current time


Extra file open flags: (none)
64 files, 128MiB each
8GiB total file size
Block size 32KiB
Number of IO requests: 0
Read/Write ratio for combined random IO test: 1.50
Calling fsync() after each write operation.
Using synchronous I/O mode
Doing random read test
Initializing worker threads...

Threads started!


File operations:
    reads/s:                      916126.90
    writes/s:                     0.00
    fsyncs/s:                     0.00

Throughput:
    read, MiB/s:                  28628.97
    written, MiB/s:               0.00

General statistics:
    total time:                          240.0017s
    total number of events:              219874061

Latency (ms):
         min:                                    0.00
         avg:                                    0.01
         max:                                   10.95
         95th percentile:                        0.03
         sum:                              3050860.32

Threads fairness:
    events (avg/stddev):           13742128.8125/16140.67
    execution time (avg/stddev):   190.6788/0.18

sysbench 1.0.17 (using bundled LuaJIT 2.1.0-beta2)

Running the test with following options:
Number of threads: 32
Initializing random number generator from current time


Extra file open flags: (none)
64 files, 128MiB each
8GiB total file size
Block size 32KiB
Number of IO requests: 0
Read/Write ratio for combined random IO test: 1.50
Calling fsync() after each write operation.
Using synchronous I/O mode
Doing random read test
Initializing worker threads...

Threads started!


File operations:
    reads/s:                      958643.55
    writes/s:                     0.00
    fsyncs/s:                     0.00

Throughput:
    read, MiB/s:                  29957.61
    written, MiB/s:               0.00

General statistics:
    total time:                          240.0003s
    total number of events:              230076842

Latency (ms):
         min:                                    0.00
         avg:                                    0.02
         max:                                   23.71
         95th percentile:                        0.05
         sum:                              5095049.68

Threads fairness:
    events (avg/stddev):           7189901.3125/16065.32
    execution time (avg/stddev):   159.2203/0.20

sysbench 1.0.17 (using bundled LuaJIT 2.1.0-beta2)

Running the test with following options:
Number of threads: 64
Initializing random number generator from current time


Extra file open flags: (none)
64 files, 128MiB each
8GiB total file size
Block size 32KiB
Number of IO requests: 0
Read/Write ratio for combined random IO test: 1.50
Calling fsync() after each write operation.
Using synchronous I/O mode
Doing random read test
Initializing worker threads...

Threads started!


File operations:
    reads/s:                      947996.30
    writes/s:                     0.00
    fsyncs/s:                     0.00

Throughput:
    read, MiB/s:                  29624.88
    written, MiB/s:               0.00

General statistics:
    total time:                          240.0005s
    total number of events:              227521493

Latency (ms):
         min:                                    0.00
         avg:                                    0.04
         max:                                   46.19
         95th percentile:                        0.09
         sum:                              9043759.97

Threads fairness:
    events (avg/stddev):           3555023.3281/7040.75
    execution time (avg/stddev):   141.3087/0.22

