sysbench 1.0.17 (using bundled LuaJIT 2.1.0-beta2)

Running the test with following options:
Number of threads: 1
Initializing random number generator from current time


Extra file open flags: (none)
64 files, 128MiB each
8GiB total file size
Block size 32KiB
Number of IO requests: 0
Read/Write ratio for combined random IO test: 1.50
Calling fsync() after each write operation.
Using synchronous I/O mode
Doing random read test
Initializing worker threads...

Threads started!


File operations:
    reads/s:                      150844.52
    writes/s:                     0.00
    fsyncs/s:                     0.00

Throughput:
    read, MiB/s:                  4713.89
    written, MiB/s:               0.00

General statistics:
    total time:                          240.0001s
    total number of events:              36203064

Latency (ms):
         min:                                    0.00
         avg:                                    0.01
         max:                                    7.42
         95th percentile:                        0.01
         sum:                               229642.79

Threads fairness:
    events (avg/stddev):           36203064.0000/0.00
    execution time (avg/stddev):   229.6428/0.00

sysbench 1.0.17 (using bundled LuaJIT 2.1.0-beta2)

Running the test with following options:
Number of threads: 4
Initializing random number generator from current time


Extra file open flags: (none)
64 files, 128MiB each
8GiB total file size
Block size 32KiB
Number of IO requests: 0
Read/Write ratio for combined random IO test: 1.50
Calling fsync() after each write operation.
Using synchronous I/O mode
Doing random read test
Initializing worker threads...

Threads started!


File operations:
    reads/s:                      517021.34
    writes/s:                     0.00
    fsyncs/s:                     0.00

Throughput:
    read, MiB/s:                  16156.92
    written, MiB/s:               0.00

General statistics:
    total time:                          240.0002s
    total number of events:              124086413

Latency (ms):
         min:                                    0.00
         avg:                                    0.01
         max:                                   11.72
         95th percentile:                        0.01
         sum:                               894881.43

Threads fairness:
    events (avg/stddev):           31021603.2500/207016.54
    execution time (avg/stddev):   223.7204/0.17

sysbench 1.0.17 (using bundled LuaJIT 2.1.0-beta2)

Running the test with following options:
Number of threads: 8
Initializing random number generator from current time


Extra file open flags: (none)
64 files, 128MiB each
8GiB total file size
Block size 32KiB
Number of IO requests: 0
Read/Write ratio for combined random IO test: 1.50
Calling fsync() after each write operation.
Using synchronous I/O mode
Doing random read test
Initializing worker threads...

Threads started!


File operations:
    reads/s:                      913049.14
    writes/s:                     0.00
    fsyncs/s:                     0.00

Throughput:
    read, MiB/s:                  28532.79
    written, MiB/s:               0.00

General statistics:
    total time:                          240.0001s
    total number of events:              219134117

Latency (ms):
         min:                                    0.00
         avg:                                    0.01
         max:                                   10.83
         95th percentile:                        0.01
         sum:                              1719523.10

Threads fairness:
    events (avg/stddev):           27391764.6250/89239.33
    execution time (avg/stddev):   214.9404/0.38

sysbench 1.0.17 (using bundled LuaJIT 2.1.0-beta2)

Running the test with following options:
Number of threads: 16
Initializing random number generator from current time


Extra file open flags: (none)
64 files, 128MiB each
8GiB total file size
Block size 32KiB
Number of IO requests: 0
Read/Write ratio for combined random IO test: 1.50
Calling fsync() after each write operation.
Using synchronous I/O mode
Doing random read test
Initializing worker threads...

Threads started!


File operations:
    reads/s:                      932656.67
    writes/s:                     0.00
    fsyncs/s:                     0.00

Throughput:
    read, MiB/s:                  29145.52
    written, MiB/s:               0.00

General statistics:
    total time:                          240.0002s
    total number of events:              223839871

Latency (ms):
         min:                                    0.00
         avg:                                    0.01
         max:                                    9.55
         95th percentile:                        0.03
         sum:                              3087132.97

Threads fairness:
    events (avg/stddev):           13989991.9375/27894.19
    execution time (avg/stddev):   192.9458/0.33

sysbench 1.0.17 (using bundled LuaJIT 2.1.0-beta2)

Running the test with following options:
Number of threads: 32
Initializing random number generator from current time


Extra file open flags: (none)
64 files, 128MiB each
8GiB total file size
Block size 32KiB
Number of IO requests: 0
Read/Write ratio for combined random IO test: 1.50
Calling fsync() after each write operation.
Using synchronous I/O mode
Doing random read test
Initializing worker threads...

Threads started!


File operations:
    reads/s:                      879299.03
    writes/s:                     0.00
    fsyncs/s:                     0.00

Throughput:
    read, MiB/s:                  27478.09
    written, MiB/s:               0.00

General statistics:
    total time:                          240.0002s
    total number of events:              211033881

Latency (ms):
         min:                                    0.00
         avg:                                    0.02
         max:                                   25.30
         95th percentile:                        0.07
         sum:                              5049809.04

Threads fairness:
    events (avg/stddev):           6594808.7812/12122.25
    execution time (avg/stddev):   157.8065/0.15

sysbench 1.0.17 (using bundled LuaJIT 2.1.0-beta2)

Running the test with following options:
Number of threads: 64
Initializing random number generator from current time


Extra file open flags: (none)
64 files, 128MiB each
8GiB total file size
Block size 32KiB
Number of IO requests: 0
Read/Write ratio for combined random IO test: 1.50
Calling fsync() after each write operation.
Using synchronous I/O mode
Doing random read test
Initializing worker threads...

Threads started!


File operations:
    reads/s:                      938085.52
    writes/s:                     0.00
    fsyncs/s:                     0.00

Throughput:
    read, MiB/s:                  29315.17
    written, MiB/s:               0.00

General statistics:
    total time:                          240.0006s
    total number of events:              225142936

Latency (ms):
         min:                                    0.00
         avg:                                    0.04
         max:                                   38.19
         95th percentile:                        0.08
         sum:                              9040076.20

Threads fairness:
    events (avg/stddev):           3517858.3750/9197.65
    execution time (avg/stddev):   141.2512/0.24

