sysbench 1.0.17 (using bundled LuaJIT 2.1.0-beta2)

Running the test with following options:
Number of threads: 1
Initializing random number generator from current time


Extra file open flags: (none)
64 files, 128MiB each
8GiB total file size
Block size 32KiB
Number of IO requests: 0
Read/Write ratio for combined random IO test: 1.50
Calling fsync() after each write operation.
Using synchronous I/O mode
Doing random read test
Initializing worker threads...

Threads started!


File operations:
    reads/s:                      172967.97
    writes/s:                     0.00
    fsyncs/s:                     0.00

Throughput:
    read, MiB/s:                  5405.25
    written, MiB/s:               0.00

General statistics:
    total time:                          240.0001s
    total number of events:              41512643

Latency (ms):
         min:                                    0.00
         avg:                                    0.01
         max:                                    0.62
         95th percentile:                        0.01
         sum:                               228393.83

Threads fairness:
    events (avg/stddev):           41512643.0000/0.00
    execution time (avg/stddev):   228.3938/0.00

sysbench 1.0.17 (using bundled LuaJIT 2.1.0-beta2)

Running the test with following options:
Number of threads: 4
Initializing random number generator from current time


Extra file open flags: (none)
64 files, 128MiB each
8GiB total file size
Block size 32KiB
Number of IO requests: 0
Read/Write ratio for combined random IO test: 1.50
Calling fsync() after each write operation.
Using synchronous I/O mode
Doing random read test
Initializing worker threads...

Threads started!


File operations:
    reads/s:                      608383.14
    writes/s:                     0.00
    fsyncs/s:                     0.00

Throughput:
    read, MiB/s:                  19011.97
    written, MiB/s:               0.00

General statistics:
    total time:                          240.0002s
    total number of events:              146013239

Latency (ms):
         min:                                    0.00
         avg:                                    0.01
         max:                                    0.66
         95th percentile:                        0.01
         sum:                               878805.90

Threads fairness:
    events (avg/stddev):           36503309.7500/89360.80
    execution time (avg/stddev):   219.7015/0.09

sysbench 1.0.17 (using bundled LuaJIT 2.1.0-beta2)

Running the test with following options:
Number of threads: 8
Initializing random number generator from current time


Extra file open flags: (none)
64 files, 128MiB each
8GiB total file size
Block size 32KiB
Number of IO requests: 0
Read/Write ratio for combined random IO test: 1.50
Calling fsync() after each write operation.
Using synchronous I/O mode
Doing random read test
Initializing worker threads...

Threads started!


File operations:
    reads/s:                      993034.62
    writes/s:                     0.00
    fsyncs/s:                     0.00

Throughput:
    read, MiB/s:                  31032.33
    written, MiB/s:               0.00

General statistics:
    total time:                          240.0002s
    total number of events:              238330381

Latency (ms):
         min:                                    0.00
         avg:                                    0.01
         max:                                    3.02
         95th percentile:                        0.01
         sum:                              1638940.89

Threads fairness:
    events (avg/stddev):           29791297.6250/51914.04
    execution time (avg/stddev):   204.8676/0.11

sysbench 1.0.17 (using bundled LuaJIT 2.1.0-beta2)

Running the test with following options:
Number of threads: 16
Initializing random number generator from current time


Extra file open flags: (none)
64 files, 128MiB each
8GiB total file size
Block size 32KiB
Number of IO requests: 0
Read/Write ratio for combined random IO test: 1.50
Calling fsync() after each write operation.
Using synchronous I/O mode
Doing random read test
Initializing worker threads...

Threads started!


File operations:
    reads/s:                      738910.58
    writes/s:                     0.00
    fsyncs/s:                     0.00

Throughput:
    read, MiB/s:                  23090.96
    written, MiB/s:               0.00

General statistics:
    total time:                          240.0003s
    total number of events:              177340159

Latency (ms):
         min:                                    0.00
         avg:                                    0.02
         max:                                   24.90
         95th percentile:                        0.03
         sum:                              2710456.35

Threads fairness:
    events (avg/stddev):           11083759.9375/23956.60
    execution time (avg/stddev):   169.4035/0.19

sysbench 1.0.17 (using bundled LuaJIT 2.1.0-beta2)

Running the test with following options:
Number of threads: 32
Initializing random number generator from current time


Extra file open flags: (none)
64 files, 128MiB each
8GiB total file size
Block size 32KiB
Number of IO requests: 0
Read/Write ratio for combined random IO test: 1.50
Calling fsync() after each write operation.
Using synchronous I/O mode
Doing random read test
Initializing worker threads...

Threads started!


File operations:
    reads/s:                      928995.86
    writes/s:                     0.00
    fsyncs/s:                     0.00

Throughput:
    read, MiB/s:                  29031.12
    written, MiB/s:               0.00

General statistics:
    total time:                          240.0003s
    total number of events:              222960823

Latency (ms):
         min:                                    0.00
         avg:                                    0.02
         max:                                   24.45
         95th percentile:                        0.08
         sum:                              4712921.84

Threads fairness:
    events (avg/stddev):           6967525.7188/7092.25
    execution time (avg/stddev):   147.2788/0.11

sysbench 1.0.17 (using bundled LuaJIT 2.1.0-beta2)

Running the test with following options:
Number of threads: 64
Initializing random number generator from current time


Extra file open flags: (none)
64 files, 128MiB each
8GiB total file size
Block size 32KiB
Number of IO requests: 0
Read/Write ratio for combined random IO test: 1.50
Calling fsync() after each write operation.
Using synchronous I/O mode
Doing random read test
Initializing worker threads...

Threads started!


File operations:
    reads/s:                      1091553.54
    writes/s:                     0.00
    fsyncs/s:                     0.00

Throughput:
    read, MiB/s:                  34111.05
    written, MiB/s:               0.00

General statistics:
    total time:                          240.0006s
    total number of events:              261975269

Latency (ms):
         min:                                    0.00
         avg:                                    0.03
         max:                                   26.95
         95th percentile:                        0.19
         sum:                              8860721.91

Threads fairness:
    events (avg/stddev):           4093363.5781/5995.97
    execution time (avg/stddev):   138.4488/0.13

