sysbench 1.0.17 (using bundled LuaJIT 2.1.0-beta2)

Running the test with following options:
Number of threads: 1
Initializing random number generator from current time


Extra file open flags: (none)
64 files, 128MiB each
8GiB total file size
Block size 32KiB
Number of IO requests: 0
Read/Write ratio for combined random IO test: 1.50
Calling fsync() after each write operation.
Using synchronous I/O mode
Doing random write test
Initializing worker threads...

Threads started!


File operations:
    reads/s:                      0.00
    writes/s:                     3285.32
    fsyncs/s:                     3285.32

Throughput:
    read, MiB/s:                  0.00
    written, MiB/s:               102.67

General statistics:
    total time:                          240.0015s
    total number of events:              788487

Latency (ms):
         min:                                    0.10
         avg:                                    0.30
         max:                                   28.21
         95th percentile:                        0.42
         sum:                               239608.82

Threads fairness:
    events (avg/stddev):           788487.0000/0.00
    execution time (avg/stddev):   239.6088/0.00

sysbench 1.0.17 (using bundled LuaJIT 2.1.0-beta2)

Running the test with following options:
Number of threads: 4
Initializing random number generator from current time


Extra file open flags: (none)
64 files, 128MiB each
8GiB total file size
Block size 32KiB
Number of IO requests: 0
Read/Write ratio for combined random IO test: 1.50
Calling fsync() after each write operation.
Using synchronous I/O mode
Doing random write test
Initializing worker threads...

Threads started!


File operations:
    reads/s:                      0.00
    writes/s:                     10138.62
    fsyncs/s:                     10138.62

Throughput:
    read, MiB/s:                  0.00
    written, MiB/s:               316.83

General statistics:
    total time:                          240.0007s
    total number of events:              2433290

Latency (ms):
         min:                                    0.10
         avg:                                    0.39
         max:                                   94.04
         95th percentile:                        0.81
         sum:                               958215.92

Threads fairness:
    events (avg/stddev):           608322.5000/484.56
    execution time (avg/stddev):   239.5540/0.00

sysbench 1.0.17 (using bundled LuaJIT 2.1.0-beta2)

Running the test with following options:
Number of threads: 8
Initializing random number generator from current time


Extra file open flags: (none)
64 files, 128MiB each
8GiB total file size
Block size 32KiB
Number of IO requests: 0
Read/Write ratio for combined random IO test: 1.50
Calling fsync() after each write operation.
Using synchronous I/O mode
Doing random write test
Initializing worker threads...

Threads started!


File operations:
    reads/s:                      0.00
    writes/s:                     10999.86
    fsyncs/s:                     10999.86

Throughput:
    read, MiB/s:                  0.00
    written, MiB/s:               343.75

General statistics:
    total time:                          240.0012s
    total number of events:              2639999

Latency (ms):
         min:                                    0.10
         avg:                                    0.73
         max:                                   94.35
         95th percentile:                        1.16
         sum:                              1917985.20

Threads fairness:
    events (avg/stddev):           329999.8750/436.56
    execution time (avg/stddev):   239.7482/0.00

sysbench 1.0.17 (using bundled LuaJIT 2.1.0-beta2)

Running the test with following options:
Number of threads: 16
Initializing random number generator from current time


Extra file open flags: (none)
64 files, 128MiB each
8GiB total file size
Block size 32KiB
Number of IO requests: 0
Read/Write ratio for combined random IO test: 1.50
Calling fsync() after each write operation.
Using synchronous I/O mode
Doing random write test
Initializing worker threads...

Threads started!


File operations:
    reads/s:                      0.00
    writes/s:                     11733.93
    fsyncs/s:                     11733.93

Throughput:
    read, MiB/s:                  0.00
    written, MiB/s:               366.69

General statistics:
    total time:                          240.0028s
    total number of events:              2816197

Latency (ms):
         min:                                    0.10
         avg:                                    1.36
         max:                                  134.49
         95th percentile:                        3.55
         sum:                              3836032.67

Threads fairness:
    events (avg/stddev):           176012.3125/263.92
    execution time (avg/stddev):   239.7520/0.00

sysbench 1.0.17 (using bundled LuaJIT 2.1.0-beta2)

Running the test with following options:
Number of threads: 32
Initializing random number generator from current time


Extra file open flags: (none)
64 files, 128MiB each
8GiB total file size
Block size 32KiB
Number of IO requests: 0
Read/Write ratio for combined random IO test: 1.50
Calling fsync() after each write operation.
Using synchronous I/O mode
Doing random write test
Initializing worker threads...

Threads started!


File operations:
    reads/s:                      0.00
    writes/s:                     12015.83
    fsyncs/s:                     12015.83

Throughput:
    read, MiB/s:                  0.00
    written, MiB/s:               375.49

General statistics:
    total time:                          240.0028s
    total number of events:              2883851

Latency (ms):
         min:                                    0.10
         avg:                                    2.66
         max:                                   94.51
         95th percentile:                        7.30
         sum:                              7673610.61

Threads fairness:
    events (avg/stddev):           90120.3438/175.11
    execution time (avg/stddev):   239.8003/0.00

sysbench 1.0.17 (using bundled LuaJIT 2.1.0-beta2)

Running the test with following options:
Number of threads: 64
Initializing random number generator from current time


Extra file open flags: (none)
64 files, 128MiB each
8GiB total file size
Block size 32KiB
Number of IO requests: 0
Read/Write ratio for combined random IO test: 1.50
Calling fsync() after each write operation.
Using synchronous I/O mode
Doing random write test
Initializing worker threads...

Threads started!


File operations:
    reads/s:                      0.00
    writes/s:                     12209.73
    fsyncs/s:                     12209.73

Throughput:
    read, MiB/s:                  0.00
    written, MiB/s:               381.55

General statistics:
    total time:                          240.0044s
    total number of events:              2930409

Latency (ms):
         min:                                    0.11
         avg:                                    5.24
         max:                                   54.25
         95th percentile:                       13.22
         sum:                             15351732.80

Threads fairness:
    events (avg/stddev):           45787.6406/108.68
    execution time (avg/stddev):   239.8708/0.00

