sysbench 1.0.17 (using bundled LuaJIT 2.1.0-beta2)

Running the test with following options:
Number of threads: 1
Initializing random number generator from current time


Extra file open flags: (none)
64 files, 128MiB each
8GiB total file size
Block size 32KiB
Number of IO requests: 0
Read/Write ratio for combined random IO test: 1.50
Calling fsync() after each write operation.
Using synchronous I/O mode
Doing random read test
Initializing worker threads...

Threads started!


File operations:
    reads/s:                      239141.13
    writes/s:                     0.00
    fsyncs/s:                     0.00

Throughput:
    read, MiB/s:                  7473.16
    written, MiB/s:               0.00

General statistics:
    total time:                          240.0001s
    total number of events:              57394235

Latency (ms):
         min:                                    0.00
         avg:                                    0.00
         max:                                    0.06
         95th percentile:                        0.00
         sum:                               227716.92

Threads fairness:
    events (avg/stddev):           57394235.0000/0.00
    execution time (avg/stddev):   227.7169/0.00

sysbench 1.0.17 (using bundled LuaJIT 2.1.0-beta2)

Running the test with following options:
Number of threads: 4
Initializing random number generator from current time


Extra file open flags: (none)
64 files, 128MiB each
8GiB total file size
Block size 32KiB
Number of IO requests: 0
Read/Write ratio for combined random IO test: 1.50
Calling fsync() after each write operation.
Using synchronous I/O mode
Doing random read test
Initializing worker threads...

Threads started!


File operations:
    reads/s:                      631946.62
    writes/s:                     0.00
    fsyncs/s:                     0.00

Throughput:
    read, MiB/s:                  19748.33
    written, MiB/s:               0.00

General statistics:
    total time:                          240.0001s
    total number of events:              151668320

Latency (ms):
         min:                                    0.00
         avg:                                    0.01
         max:                                    0.27
         95th percentile:                        0.01
         sum:                               855001.86

Threads fairness:
    events (avg/stddev):           37917080.0000/191894.93
    execution time (avg/stddev):   213.7505/0.64

sysbench 1.0.17 (using bundled LuaJIT 2.1.0-beta2)

Running the test with following options:
Number of threads: 8
Initializing random number generator from current time


Extra file open flags: (none)
64 files, 128MiB each
8GiB total file size
Block size 32KiB
Number of IO requests: 0
Read/Write ratio for combined random IO test: 1.50
Calling fsync() after each write operation.
Using synchronous I/O mode
Doing random read test
Initializing worker threads...

Threads started!


File operations:
    reads/s:                      829288.14
    writes/s:                     0.00
    fsyncs/s:                     0.00

Throughput:
    read, MiB/s:                  25915.25
    written, MiB/s:               0.00

General statistics:
    total time:                          240.0001s
    total number of events:              199030632

Latency (ms):
         min:                                    0.00
         avg:                                    0.01
         max:                                   15.04
         95th percentile:                        0.01
         sum:                              1749157.45

Threads fairness:
    events (avg/stddev):           24878829.0000/109141.98
    execution time (avg/stddev):   218.6447/0.36

sysbench 1.0.17 (using bundled LuaJIT 2.1.0-beta2)

Running the test with following options:
Number of threads: 16
Initializing random number generator from current time


Extra file open flags: (none)
64 files, 128MiB each
8GiB total file size
Block size 32KiB
Number of IO requests: 0
Read/Write ratio for combined random IO test: 1.50
Calling fsync() after each write operation.
Using synchronous I/O mode
Doing random read test
Initializing worker threads...

Threads started!


File operations:
    reads/s:                      803346.09
    writes/s:                     0.00
    fsyncs/s:                     0.00

Throughput:
    read, MiB/s:                  25104.57
    written, MiB/s:               0.00

General statistics:
    total time:                          240.0001s
    total number of events:              192804494

Latency (ms):
         min:                                    0.00
         avg:                                    0.01
         max:                                    5.49
         95th percentile:                        0.03
         sum:                              2732798.02

Threads fairness:
    events (avg/stddev):           12050280.8750/72923.92
    execution time (avg/stddev):   170.7999/0.60

sysbench 1.0.17 (using bundled LuaJIT 2.1.0-beta2)

Running the test with following options:
Number of threads: 32
Initializing random number generator from current time


Extra file open flags: (none)
64 files, 128MiB each
8GiB total file size
Block size 32KiB
Number of IO requests: 0
Read/Write ratio for combined random IO test: 1.50
Calling fsync() after each write operation.
Using synchronous I/O mode
Doing random read test
Initializing worker threads...

Threads started!


File operations:
    reads/s:                      773283.41
    writes/s:                     0.00
    fsyncs/s:                     0.00

Throughput:
    read, MiB/s:                  24165.11
    written, MiB/s:               0.00

General statistics:
    total time:                          240.0002s
    total number of events:              185589462

Latency (ms):
         min:                                    0.00
         avg:                                    0.03
         max:                                    8.80
         95th percentile:                        0.10
         sum:                              4719044.17

Threads fairness:
    events (avg/stddev):           5799670.6875/20437.79
    execution time (avg/stddev):   147.4701/0.42

sysbench 1.0.17 (using bundled LuaJIT 2.1.0-beta2)

Running the test with following options:
Number of threads: 64
Initializing random number generator from current time


Extra file open flags: (none)
64 files, 128MiB each
8GiB total file size
Block size 32KiB
Number of IO requests: 0
Read/Write ratio for combined random IO test: 1.50
Calling fsync() after each write operation.
Using synchronous I/O mode
Doing random read test
Initializing worker threads...

Threads started!


File operations:
    reads/s:                      785168.72
    writes/s:                     0.00
    fsyncs/s:                     0.00

Throughput:
    read, MiB/s:                  24536.52
    written, MiB/s:               0.00

General statistics:
    total time:                          240.0003s
    total number of events:              188442024

Latency (ms):
         min:                                    0.00
         avg:                                    0.05
         max:                                   12.96
         95th percentile:                        0.27
         sum:                              8898704.28

Threads fairness:
    events (avg/stddev):           2944406.6250/11601.31
    execution time (avg/stddev):   139.0423/0.31

