sysbench 1.0.17 (using bundled LuaJIT 2.1.0-beta2)

Running the test with following options:
Number of threads: 1
Initializing random number generator from current time


Extra file open flags: (none)
64 files, 128MiB each
8GiB total file size
Block size 32KiB
Number of IO requests: 0
Read/Write ratio for combined random IO test: 1.50
Calling fsync() after each write operation.
Using synchronous I/O mode
Doing random read test
Initializing worker threads...

Threads started!


File operations:
    reads/s:                      195356.99
    writes/s:                     0.00
    fsyncs/s:                     0.00

Throughput:
    read, MiB/s:                  6104.91
    written, MiB/s:               0.00

General statistics:
    total time:                          240.0001s
    total number of events:              46885970

Latency (ms):
         min:                                    0.00
         avg:                                    0.00
         max:                                    0.12
         95th percentile:                        0.01
         sum:                               229079.50

Threads fairness:
    events (avg/stddev):           46885970.0000/0.00
    execution time (avg/stddev):   229.0795/0.00

sysbench 1.0.17 (using bundled LuaJIT 2.1.0-beta2)

Running the test with following options:
Number of threads: 4
Initializing random number generator from current time


Extra file open flags: (none)
64 files, 128MiB each
8GiB total file size
Block size 32KiB
Number of IO requests: 0
Read/Write ratio for combined random IO test: 1.50
Calling fsync() after each write operation.
Using synchronous I/O mode
Doing random read test
Initializing worker threads...

Threads started!


File operations:
    reads/s:                      659566.78
    writes/s:                     0.00
    fsyncs/s:                     0.00

Throughput:
    read, MiB/s:                  20611.46
    written, MiB/s:               0.00

General statistics:
    total time:                          240.0000s
    total number of events:              158297048

Latency (ms):
         min:                                    0.00
         avg:                                    0.01
         max:                                    0.13
         95th percentile:                        0.01
         sum:                               868012.30

Threads fairness:
    events (avg/stddev):           39574262.0000/801135.79
    execution time (avg/stddev):   217.0031/0.24

sysbench 1.0.17 (using bundled LuaJIT 2.1.0-beta2)

Running the test with following options:
Number of threads: 8
Initializing random number generator from current time


Extra file open flags: (none)
64 files, 128MiB each
8GiB total file size
Block size 32KiB
Number of IO requests: 0
Read/Write ratio for combined random IO test: 1.50
Calling fsync() after each write operation.
Using synchronous I/O mode
Doing random read test
Initializing worker threads...

Threads started!


File operations:
    reads/s:                      1002348.87
    writes/s:                     0.00
    fsyncs/s:                     0.00

Throughput:
    read, MiB/s:                  31323.40
    written, MiB/s:               0.00

General statistics:
    total time:                          240.0001s
    total number of events:              240565216

Latency (ms):
         min:                                    0.00
         avg:                                    0.01
         max:                                    0.31
         95th percentile:                        0.01
         sum:                              1616726.86

Threads fairness:
    events (avg/stddev):           30070652.0000/849756.94
    execution time (avg/stddev):   202.0909/0.70

sysbench 1.0.17 (using bundled LuaJIT 2.1.0-beta2)

Running the test with following options:
Number of threads: 16
Initializing random number generator from current time


Extra file open flags: (none)
64 files, 128MiB each
8GiB total file size
Block size 32KiB
Number of IO requests: 0
Read/Write ratio for combined random IO test: 1.50
Calling fsync() after each write operation.
Using synchronous I/O mode
Doing random read test
Initializing worker threads...

Threads started!


File operations:
    reads/s:                      927755.03
    writes/s:                     0.00
    fsyncs/s:                     0.00

Throughput:
    read, MiB/s:                  28992.34
    written, MiB/s:               0.00

General statistics:
    total time:                          240.0001s
    total number of events:              222662639

Latency (ms):
         min:                                    0.00
         avg:                                    0.01
         max:                                    7.46
         95th percentile:                        0.03
         sum:                              2646441.06

Threads fairness:
    events (avg/stddev):           13916414.9375/33021.52
    execution time (avg/stddev):   165.4026/0.19

sysbench 1.0.17 (using bundled LuaJIT 2.1.0-beta2)

Running the test with following options:
Number of threads: 32
Initializing random number generator from current time


Extra file open flags: (none)
64 files, 128MiB each
8GiB total file size
Block size 32KiB
Number of IO requests: 0
Read/Write ratio for combined random IO test: 1.50
Calling fsync() after each write operation.
Using synchronous I/O mode
Doing random read test
Initializing worker threads...

Threads started!


File operations:
    reads/s:                      908716.33
    writes/s:                     0.00
    fsyncs/s:                     0.00

Throughput:
    read, MiB/s:                  28397.39
    written, MiB/s:               0.00

General statistics:
    total time:                          240.0001s
    total number of events:              218093396

Latency (ms):
         min:                                    0.00
         avg:                                    0.02
         max:                                    4.06
         95th percentile:                        0.08
         sum:                              4614839.97

Threads fairness:
    events (avg/stddev):           6815418.6250/6374.67
    execution time (avg/stddev):   144.2137/0.15

sysbench 1.0.17 (using bundled LuaJIT 2.1.0-beta2)

Running the test with following options:
Number of threads: 64
Initializing random number generator from current time


Extra file open flags: (none)
64 files, 128MiB each
8GiB total file size
Block size 32KiB
Number of IO requests: 0
Read/Write ratio for combined random IO test: 1.50
Calling fsync() after each write operation.
Using synchronous I/O mode
Doing random read test
Initializing worker threads...

Threads started!


File operations:
    reads/s:                      945896.15
    writes/s:                     0.00
    fsyncs/s:                     0.00

Throughput:
    read, MiB/s:                  29559.25
    written, MiB/s:               0.00

General statistics:
    total time:                          240.0002s
    total number of events:              227016675

Latency (ms):
         min:                                    0.00
         avg:                                    0.04
         max:                                   42.64
         95th percentile:                        0.22
         sum:                              8626679.31

Threads fairness:
    events (avg/stddev):           3547135.5469/16265.94
    execution time (avg/stddev):   134.7919/0.18

