sysbench 1.0.17 (using bundled LuaJIT 2.1.0-beta2)

Running the test with following options:
Number of threads: 1
Initializing random number generator from current time


Extra file open flags: (none)
64 files, 128MiB each
8GiB total file size
Block size 32KiB
Number of IO requests: 0
Read/Write ratio for combined random IO test: 1.50
Calling fsync() after each write operation.
Using synchronous I/O mode
Doing random read test
Initializing worker threads...

Threads started!


File operations:
    reads/s:                      208254.00
    writes/s:                     0.00
    fsyncs/s:                     0.00

Throughput:
    read, MiB/s:                  6507.94
    written, MiB/s:               0.00

General statistics:
    total time:                          240.0001s
    total number of events:              49981292

Latency (ms):
         min:                                    0.00
         avg:                                    0.00
         max:                                    0.05
         95th percentile:                        0.01
         sum:                               227568.88

Threads fairness:
    events (avg/stddev):           49981292.0000/0.00
    execution time (avg/stddev):   227.5689/0.00

sysbench 1.0.17 (using bundled LuaJIT 2.1.0-beta2)

Running the test with following options:
Number of threads: 4
Initializing random number generator from current time


Extra file open flags: (none)
64 files, 128MiB each
8GiB total file size
Block size 32KiB
Number of IO requests: 0
Read/Write ratio for combined random IO test: 1.50
Calling fsync() after each write operation.
Using synchronous I/O mode
Doing random read test
Initializing worker threads...

Threads started!


File operations:
    reads/s:                      720493.43
    writes/s:                     0.00
    fsyncs/s:                     0.00

Throughput:
    read, MiB/s:                  22515.42
    written, MiB/s:               0.00

General statistics:
    total time:                          240.0000s
    total number of events:              172919560

Latency (ms):
         min:                                    0.00
         avg:                                    0.01
         max:                                    0.11
         95th percentile:                        0.01
         sum:                               866944.57

Threads fairness:
    events (avg/stddev):           43229890.0000/526319.49
    execution time (avg/stddev):   216.7361/0.26

sysbench 1.0.17 (using bundled LuaJIT 2.1.0-beta2)

Running the test with following options:
Number of threads: 8
Initializing random number generator from current time


Extra file open flags: (none)
64 files, 128MiB each
8GiB total file size
Block size 32KiB
Number of IO requests: 0
Read/Write ratio for combined random IO test: 1.50
Calling fsync() after each write operation.
Using synchronous I/O mode
Doing random read test
Initializing worker threads...

Threads started!


File operations:
    reads/s:                      1115346.89
    writes/s:                     0.00
    fsyncs/s:                     0.00

Throughput:
    read, MiB/s:                  34854.59
    written, MiB/s:               0.00

General statistics:
    total time:                          240.0000s
    total number of events:              267685077

Latency (ms):
         min:                                    0.00
         avg:                                    0.01
         max:                                    0.22
         95th percentile:                        0.01
         sum:                              1591293.18

Threads fairness:
    events (avg/stddev):           33460634.6250/627897.78
    execution time (avg/stddev):   198.9116/0.77

sysbench 1.0.17 (using bundled LuaJIT 2.1.0-beta2)

Running the test with following options:
Number of threads: 16
Initializing random number generator from current time


Extra file open flags: (none)
64 files, 128MiB each
8GiB total file size
Block size 32KiB
Number of IO requests: 0
Read/Write ratio for combined random IO test: 1.50
Calling fsync() after each write operation.
Using synchronous I/O mode
Doing random read test
Initializing worker threads...

Threads started!


File operations:
    reads/s:                      1078812.67
    writes/s:                     0.00
    fsyncs/s:                     0.00

Throughput:
    read, MiB/s:                  33712.90
    written, MiB/s:               0.00

General statistics:
    total time:                          240.0001s
    total number of events:              258916829

Latency (ms):
         min:                                    0.00
         avg:                                    0.01
         max:                                    6.23
         95th percentile:                        0.02
         sum:                              2651646.32

Threads fairness:
    events (avg/stddev):           16182301.8125/26736.85
    execution time (avg/stddev):   165.7279/0.16

sysbench 1.0.17 (using bundled LuaJIT 2.1.0-beta2)

Running the test with following options:
Number of threads: 32
Initializing random number generator from current time


Extra file open flags: (none)
64 files, 128MiB each
8GiB total file size
Block size 32KiB
Number of IO requests: 0
Read/Write ratio for combined random IO test: 1.50
Calling fsync() after each write operation.
Using synchronous I/O mode
Doing random read test
Initializing worker threads...

Threads started!


File operations:
    reads/s:                      1070115.14
    writes/s:                     0.00
    fsyncs/s:                     0.00

Throughput:
    read, MiB/s:                  33441.10
    written, MiB/s:               0.00

General statistics:
    total time:                          240.0001s
    total number of events:              256829411

Latency (ms):
         min:                                    0.00
         avg:                                    0.02
         max:                                    4.73
         95th percentile:                        0.07
         sum:                              4622627.63

Threads fairness:
    events (avg/stddev):           8025919.0938/7886.29
    execution time (avg/stddev):   144.4571/0.11

sysbench 1.0.17 (using bundled LuaJIT 2.1.0-beta2)

Running the test with following options:
Number of threads: 64
Initializing random number generator from current time


Extra file open flags: (none)
64 files, 128MiB each
8GiB total file size
Block size 32KiB
Number of IO requests: 0
Read/Write ratio for combined random IO test: 1.50
Calling fsync() after each write operation.
Using synchronous I/O mode
Doing random read test
Initializing worker threads...

Threads started!


File operations:
    reads/s:                      1060327.43
    writes/s:                     0.00
    fsyncs/s:                     0.00

Throughput:
    read, MiB/s:                  33135.23
    written, MiB/s:               0.00

General statistics:
    total time:                          240.0002s
    total number of events:              254480500

Latency (ms):
         min:                                    0.00
         avg:                                    0.03
         max:                                   42.36
         95th percentile:                        0.20
         sum:                              8626415.09

Threads fairness:
    events (avg/stddev):           3976257.8125/12180.95
    execution time (avg/stddev):   134.7877/0.15

