sysbench 1.0.17 (using bundled LuaJIT 2.1.0-beta2)

Running the test with following options:
Number of threads: 1
Initializing random number generator from current time


Extra file open flags: (none)
64 files, 128MiB each
8GiB total file size
Block size 32KiB
Number of IO requests: 0
Read/Write ratio for combined random IO test: 1.50
Calling fsync() after each write operation.
Using synchronous I/O mode
Doing random write test
Initializing worker threads...

Threads started!


File operations:
    reads/s:                      0.00
    writes/s:                     8280.07
    fsyncs/s:                     8280.07

Throughput:
    read, MiB/s:                  0.00
    written, MiB/s:               258.75

General statistics:
    total time:                          240.0002s
    total number of events:              1987231

Latency (ms):
         min:                                    0.05
         avg:                                    0.12
         max:                                    0.80
         95th percentile:                        0.15
         sum:                               239344.20

Threads fairness:
    events (avg/stddev):           1987231.0000/0.00
    execution time (avg/stddev):   239.3442/0.00

sysbench 1.0.17 (using bundled LuaJIT 2.1.0-beta2)

Running the test with following options:
Number of threads: 4
Initializing random number generator from current time


Extra file open flags: (none)
64 files, 128MiB each
8GiB total file size
Block size 32KiB
Number of IO requests: 0
Read/Write ratio for combined random IO test: 1.50
Calling fsync() after each write operation.
Using synchronous I/O mode
Doing random write test
Initializing worker threads...

Threads started!


File operations:
    reads/s:                      0.00
    writes/s:                     14246.71
    fsyncs/s:                     14246.71

Throughput:
    read, MiB/s:                  0.00
    written, MiB/s:               445.21

General statistics:
    total time:                          240.0004s
    total number of events:              3419238

Latency (ms):
         min:                                    0.05
         avg:                                    0.28
         max:                                    2.14
         95th percentile:                        0.57
         sum:                               958468.02

Threads fairness:
    events (avg/stddev):           854809.5000/264.03
    execution time (avg/stddev):   239.6170/0.00

sysbench 1.0.17 (using bundled LuaJIT 2.1.0-beta2)

Running the test with following options:
Number of threads: 8
Initializing random number generator from current time


Extra file open flags: (none)
64 files, 128MiB each
8GiB total file size
Block size 32KiB
Number of IO requests: 0
Read/Write ratio for combined random IO test: 1.50
Calling fsync() after each write operation.
Using synchronous I/O mode
Doing random write test
Initializing worker threads...

Threads started!


File operations:
    reads/s:                      0.00
    writes/s:                     14582.32
    fsyncs/s:                     14582.32

Throughput:
    read, MiB/s:                  0.00
    written, MiB/s:               455.70

General statistics:
    total time:                          240.0006s
    total number of events:              3499787

Latency (ms):
         min:                                    0.05
         avg:                                    0.55
         max:                                    2.87
         95th percentile:                        1.08
         sum:                              1917584.26

Threads fairness:
    events (avg/stddev):           437473.3750/220.04
    execution time (avg/stddev):   239.6980/0.00

sysbench 1.0.17 (using bundled LuaJIT 2.1.0-beta2)

Running the test with following options:
Number of threads: 16
Initializing random number generator from current time


Extra file open flags: (none)
64 files, 128MiB each
8GiB total file size
Block size 32KiB
Number of IO requests: 0
Read/Write ratio for combined random IO test: 1.50
Calling fsync() after each write operation.
Using synchronous I/O mode
Doing random write test
Initializing worker threads...

Threads started!


File operations:
    reads/s:                      0.00
    writes/s:                     14952.20
    fsyncs/s:                     14952.20

Throughput:
    read, MiB/s:                  0.00
    written, MiB/s:               467.26

General statistics:
    total time:                          240.0014s
    total number of events:              3588571

Latency (ms):
         min:                                    0.05
         avg:                                    1.07
         max:                                    5.90
         95th percentile:                        2.03
         sum:                              3836452.73

Threads fairness:
    events (avg/stddev):           224285.6875/200.83
    execution time (avg/stddev):   239.7783/0.00

sysbench 1.0.17 (using bundled LuaJIT 2.1.0-beta2)

Running the test with following options:
Number of threads: 32
Initializing random number generator from current time


Extra file open flags: (none)
64 files, 128MiB each
8GiB total file size
Block size 32KiB
Number of IO requests: 0
Read/Write ratio for combined random IO test: 1.50
Calling fsync() after each write operation.
Using synchronous I/O mode
Doing random write test
Initializing worker threads...

Threads started!


File operations:
    reads/s:                      0.00
    writes/s:                     15341.39
    fsyncs/s:                     15341.39

Throughput:
    read, MiB/s:                  0.00
    written, MiB/s:               479.42

General statistics:
    total time:                          240.0007s
    total number of events:              3681964

Latency (ms):
         min:                                    0.05
         avg:                                    2.08
         max:                                   12.93
         95th percentile:                        3.75
         sum:                              7674435.47

Threads fairness:
    events (avg/stddev):           115061.3750/166.12
    execution time (avg/stddev):   239.8261/0.00

sysbench 1.0.17 (using bundled LuaJIT 2.1.0-beta2)

Running the test with following options:
Number of threads: 64
Initializing random number generator from current time


Extra file open flags: (none)
64 files, 128MiB each
8GiB total file size
Block size 32KiB
Number of IO requests: 0
Read/Write ratio for combined random IO test: 1.50
Calling fsync() after each write operation.
Using synchronous I/O mode
Doing random write test
Initializing worker threads...

Threads started!


File operations:
    reads/s:                      0.00
    writes/s:                     15656.02
    fsyncs/s:                     15656.02

Throughput:
    read, MiB/s:                  0.00
    written, MiB/s:               489.25

General statistics:
    total time:                          240.0039s
    total number of events:              3757527

Latency (ms):
         min:                                    0.06
         avg:                                    4.08
         max:                                   23.80
         95th percentile:                        7.04
         sum:                             15349401.01

Threads fairness:
    events (avg/stddev):           58711.3594/82.65
    execution time (avg/stddev):   239.8344/0.00

