sysbench 1.0.17 (using bundled LuaJIT 2.1.0-beta2)

Running the test with following options:
Number of threads: 1
Initializing random number generator from current time


Extra file open flags: (none)
64 files, 128MiB each
8GiB total file size
Block size 32KiB
Number of IO requests: 0
Read/Write ratio for combined random IO test: 1.50
Calling fsync() after each write operation.
Using synchronous I/O mode
Doing random read test
Initializing worker threads...

Threads started!


File operations:
    reads/s:                      246654.67
    writes/s:                     0.00
    fsyncs/s:                     0.00

Throughput:
    read, MiB/s:                  7707.96
    written, MiB/s:               0.00

General statistics:
    total time:                          240.0001s
    total number of events:              59197496

Latency (ms):
         min:                                    0.00
         avg:                                    0.00
         max:                                    0.08
         95th percentile:                        0.00
         sum:                               227968.90

Threads fairness:
    events (avg/stddev):           59197496.0000/0.00
    execution time (avg/stddev):   227.9689/0.00

sysbench 1.0.17 (using bundled LuaJIT 2.1.0-beta2)

Running the test with following options:
Number of threads: 4
Initializing random number generator from current time


Extra file open flags: (none)
64 files, 128MiB each
8GiB total file size
Block size 32KiB
Number of IO requests: 0
Read/Write ratio for combined random IO test: 1.50
Calling fsync() after each write operation.
Using synchronous I/O mode
Doing random read test
Initializing worker threads...

Threads started!


File operations:
    reads/s:                      613608.27
    writes/s:                     0.00
    fsyncs/s:                     0.00

Throughput:
    read, MiB/s:                  19175.26
    written, MiB/s:               0.00

General statistics:
    total time:                          240.0001s
    total number of events:              147267102

Latency (ms):
         min:                                    0.00
         avg:                                    0.01
         max:                                    0.51
         95th percentile:                        0.01
         sum:                               849973.83

Threads fairness:
    events (avg/stddev):           36816775.5000/539953.82
    execution time (avg/stddev):   212.4935/0.71

sysbench 1.0.17 (using bundled LuaJIT 2.1.0-beta2)

Running the test with following options:
Number of threads: 8
Initializing random number generator from current time


Extra file open flags: (none)
64 files, 128MiB each
8GiB total file size
Block size 32KiB
Number of IO requests: 0
Read/Write ratio for combined random IO test: 1.50
Calling fsync() after each write operation.
Using synchronous I/O mode
Doing random read test
Initializing worker threads...

Threads started!


File operations:
    reads/s:                      744000.17
    writes/s:                     0.00
    fsyncs/s:                     0.00

Throughput:
    read, MiB/s:                  23250.01
    written, MiB/s:               0.00

General statistics:
    total time:                          240.0001s
    total number of events:              178561285

Latency (ms):
         min:                                    0.00
         avg:                                    0.01
         max:                                    8.64
         95th percentile:                        0.01
         sum:                              1695468.83

Threads fairness:
    events (avg/stddev):           22320160.6250/142913.03
    execution time (avg/stddev):   211.9336/0.50

sysbench 1.0.17 (using bundled LuaJIT 2.1.0-beta2)

Running the test with following options:
Number of threads: 16
Initializing random number generator from current time


Extra file open flags: (none)
64 files, 128MiB each
8GiB total file size
Block size 32KiB
Number of IO requests: 0
Read/Write ratio for combined random IO test: 1.50
Calling fsync() after each write operation.
Using synchronous I/O mode
Doing random read test
Initializing worker threads...

Threads started!


File operations:
    reads/s:                      740817.93
    writes/s:                     0.00
    fsyncs/s:                     0.00

Throughput:
    read, MiB/s:                  23150.56
    written, MiB/s:               0.00

General statistics:
    total time:                          240.0001s
    total number of events:              177797627

Latency (ms):
         min:                                    0.00
         avg:                                    0.02
         max:                                    9.77
         95th percentile:                        0.04
         sum:                              2763287.59

Threads fairness:
    events (avg/stddev):           11112351.6875/74558.16
    execution time (avg/stddev):   172.7055/0.60

sysbench 1.0.17 (using bundled LuaJIT 2.1.0-beta2)

Running the test with following options:
Number of threads: 32
Initializing random number generator from current time


Extra file open flags: (none)
64 files, 128MiB each
8GiB total file size
Block size 32KiB
Number of IO requests: 0
Read/Write ratio for combined random IO test: 1.50
Calling fsync() after each write operation.
Using synchronous I/O mode
Doing random read test
Initializing worker threads...

Threads started!


File operations:
    reads/s:                      717143.89
    writes/s:                     0.00
    fsyncs/s:                     0.00

Throughput:
    read, MiB/s:                  22410.75
    written, MiB/s:               0.00

General statistics:
    total time:                          240.0002s
    total number of events:              172115843

Latency (ms):
         min:                                    0.00
         avg:                                    0.03
         max:                                    8.61
         95th percentile:                        0.11
         sum:                              4769694.80

Threads fairness:
    events (avg/stddev):           5378620.0938/18704.45
    execution time (avg/stddev):   149.0530/0.48

sysbench 1.0.17 (using bundled LuaJIT 2.1.0-beta2)

Running the test with following options:
Number of threads: 64
Initializing random number generator from current time


Extra file open flags: (none)
64 files, 128MiB each
8GiB total file size
Block size 32KiB
Number of IO requests: 0
Read/Write ratio for combined random IO test: 1.50
Calling fsync() after each write operation.
Using synchronous I/O mode
Doing random read test
Initializing worker threads...

Threads started!


File operations:
    reads/s:                      719014.31
    writes/s:                     0.00
    fsyncs/s:                     0.00

Throughput:
    read, MiB/s:                  22469.20
    written, MiB/s:               0.00

General statistics:
    total time:                          240.0003s
    total number of events:              172564856

Latency (ms):
         min:                                    0.00
         avg:                                    0.05
         max:                                    8.81
         95th percentile:                        0.30
         sum:                              8956118.93

Threads fairness:
    events (avg/stddev):           2696325.8750/11290.12
    execution time (avg/stddev):   139.9394/0.29

