sysbench 1.0.17 (using bundled LuaJIT 2.1.0-beta2)

Running the test with following options:
Number of threads: 1
Initializing random number generator from current time


Extra file open flags: (none)
64 files, 128MiB each
8GiB total file size
Block size 32KiB
Number of IO requests: 0
Read/Write ratio for combined random IO test: 1.50
Calling fsync() after each write operation.
Using synchronous I/O mode
Doing random write test
Initializing worker threads...

Threads started!


File operations:
    reads/s:                      0.00
    writes/s:                     2084.94
    fsyncs/s:                     2084.94

Throughput:
    read, MiB/s:                  0.00
    written, MiB/s:               65.15

General statistics:
    total time:                          240.0003s
    total number of events:              500390

Latency (ms):
         min:                                    0.06
         avg:                                    0.48
         max:                                  199.01
         95th percentile:                        0.97
         sum:                               239393.14

Threads fairness:
    events (avg/stddev):           500390.0000/0.00
    execution time (avg/stddev):   239.3931/0.00

sysbench 1.0.17 (using bundled LuaJIT 2.1.0-beta2)

Running the test with following options:
Number of threads: 4
Initializing random number generator from current time


Extra file open flags: (none)
64 files, 128MiB each
8GiB total file size
Block size 32KiB
Number of IO requests: 0
Read/Write ratio for combined random IO test: 1.50
Calling fsync() after each write operation.
Using synchronous I/O mode
Doing random write test
Initializing worker threads...

Threads started!


File operations:
    reads/s:                      0.00
    writes/s:                     3946.48
    fsyncs/s:                     3946.48

Throughput:
    read, MiB/s:                  0.00
    written, MiB/s:               123.33

General statistics:
    total time:                          240.0012s
    total number of events:              947167

Latency (ms):
         min:                                    0.05
         avg:                                    1.01
         max:                                  186.37
         95th percentile:                        1.58
         sum:                               958772.21

Threads fairness:
    events (avg/stddev):           236791.7500/59.35
    execution time (avg/stddev):   239.6931/0.00

sysbench 1.0.17 (using bundled LuaJIT 2.1.0-beta2)

Running the test with following options:
Number of threads: 8
Initializing random number generator from current time


Extra file open flags: (none)
64 files, 128MiB each
8GiB total file size
Block size 32KiB
Number of IO requests: 0
Read/Write ratio for combined random IO test: 1.50
Calling fsync() after each write operation.
Using synchronous I/O mode
Doing random write test
Initializing worker threads...

Threads started!

