sysbench 1.0.17 (using bundled LuaJIT 2.1.0-beta2)

Running the test with following options:
Number of threads: 1
Initializing random number generator from current time


Extra file open flags: (none)
64 files, 128MiB each
8GiB total file size
Block size 32KiB
Number of IO requests: 0
Read/Write ratio for combined random IO test: 1.50
Calling fsync() after each write operation.
Using synchronous I/O mode
Doing random read test
Initializing worker threads...

Threads started!


File operations:
    reads/s:                      196599.71
    writes/s:                     0.00
    fsyncs/s:                     0.00

Throughput:
    read, MiB/s:                  6143.74
    written, MiB/s:               0.00

General statistics:
    total time:                          240.0001s
    total number of events:              47184228

Latency (ms):
         min:                                    0.00
         avg:                                    0.00
         max:                                    0.04
         95th percentile:                        0.01
         sum:                               229003.14

Threads fairness:
    events (avg/stddev):           47184228.0000/0.00
    execution time (avg/stddev):   229.0031/0.00

sysbench 1.0.17 (using bundled LuaJIT 2.1.0-beta2)

Running the test with following options:
Number of threads: 4
Initializing random number generator from current time


Extra file open flags: (none)
64 files, 128MiB each
8GiB total file size
Block size 32KiB
Number of IO requests: 0
Read/Write ratio for combined random IO test: 1.50
Calling fsync() after each write operation.
Using synchronous I/O mode
Doing random read test
Initializing worker threads...

Threads started!


File operations:
    reads/s:                      642325.06
    writes/s:                     0.00
    fsyncs/s:                     0.00

Throughput:
    read, MiB/s:                  20072.66
    written, MiB/s:               0.00

General statistics:
    total time:                          240.0000s
    total number of events:              154159010

Latency (ms):
         min:                                    0.00
         avg:                                    0.01
         max:                                    0.14
         95th percentile:                        0.01
         sum:                               867018.04

Threads fairness:
    events (avg/stddev):           38539752.5000/672440.19
    execution time (avg/stddev):   216.7545/0.20

sysbench 1.0.17 (using bundled LuaJIT 2.1.0-beta2)

Running the test with following options:
Number of threads: 8
Initializing random number generator from current time


Extra file open flags: (none)
64 files, 128MiB each
8GiB total file size
Block size 32KiB
Number of IO requests: 0
Read/Write ratio for combined random IO test: 1.50
Calling fsync() after each write operation.
Using synchronous I/O mode
Doing random read test
Initializing worker threads...

Threads started!


File operations:
    reads/s:                      1002736.56
    writes/s:                     0.00
    fsyncs/s:                     0.00

Throughput:
    read, MiB/s:                  31335.52
    written, MiB/s:               0.00

General statistics:
    total time:                          240.0001s
    total number of events:              240658368

Latency (ms):
         min:                                    0.00
         avg:                                    0.01
         max:                                    0.27
         95th percentile:                        0.01
         sum:                              1621552.91

Threads fairness:
    events (avg/stddev):           30082296.0000/586956.73
    execution time (avg/stddev):   202.6941/0.86

sysbench 1.0.17 (using bundled LuaJIT 2.1.0-beta2)

Running the test with following options:
Number of threads: 16
Initializing random number generator from current time


Extra file open flags: (none)
64 files, 128MiB each
8GiB total file size
Block size 32KiB
Number of IO requests: 0
Read/Write ratio for combined random IO test: 1.50
Calling fsync() after each write operation.
Using synchronous I/O mode
Doing random read test
Initializing worker threads...

Threads started!


File operations:
    reads/s:                      918232.03
    writes/s:                     0.00
    fsyncs/s:                     0.00

Throughput:
    read, MiB/s:                  28694.75
    written, MiB/s:               0.00

General statistics:
    total time:                          240.0001s
    total number of events:              220377145

Latency (ms):
         min:                                    0.00
         avg:                                    0.01
         max:                                    7.72
         95th percentile:                        0.03
         sum:                              2663462.05

Threads fairness:
    events (avg/stddev):           13773571.5625/22441.83
    execution time (avg/stddev):   166.4664/0.13

sysbench 1.0.17 (using bundled LuaJIT 2.1.0-beta2)

Running the test with following options:
Number of threads: 32
Initializing random number generator from current time


Extra file open flags: (none)
64 files, 128MiB each
8GiB total file size
Block size 32KiB
Number of IO requests: 0
Read/Write ratio for combined random IO test: 1.50
Calling fsync() after each write operation.
Using synchronous I/O mode
Doing random read test
Initializing worker threads...

Threads started!


File operations:
    reads/s:                      929945.66
    writes/s:                     0.00
    fsyncs/s:                     0.00

Throughput:
    read, MiB/s:                  29060.80
    written, MiB/s:               0.00

General statistics:
    total time:                          240.0001s
    total number of events:              223188451

Latency (ms):
         min:                                    0.00
         avg:                                    0.02
         max:                                    4.89
         95th percentile:                        0.08
         sum:                              4613223.24

Threads fairness:
    events (avg/stddev):           6974639.0938/10649.29
    execution time (avg/stddev):   144.1632/0.24

sysbench 1.0.17 (using bundled LuaJIT 2.1.0-beta2)

Running the test with following options:
Number of threads: 64
Initializing random number generator from current time


Extra file open flags: (none)
64 files, 128MiB each
8GiB total file size
Block size 32KiB
Number of IO requests: 0
Read/Write ratio for combined random IO test: 1.50
Calling fsync() after each write operation.
Using synchronous I/O mode
Doing random read test
Initializing worker threads...

Threads started!


File operations:
    reads/s:                      950951.47
    writes/s:                     0.00
    fsyncs/s:                     0.00

Throughput:
    read, MiB/s:                  29717.23
    written, MiB/s:               0.00

General statistics:
    total time:                          240.0002s
    total number of events:              228229916

Latency (ms):
         min:                                    0.00
         avg:                                    0.04
         max:                                   41.63
         95th percentile:                        0.22
         sum:                              8614725.46

Threads fairness:
    events (avg/stddev):           3566092.4375/13394.61
    execution time (avg/stddev):   134.6051/0.14

