sysbench 1.0.17 (using bundled LuaJIT 2.1.0-beta2)

Running the test with following options:
Number of threads: 1
Initializing random number generator from current time


Extra file open flags: (none)
64 files, 128MiB each
8GiB total file size
Block size 32KiB
Number of IO requests: 0
Read/Write ratio for combined random IO test: 1.50
Calling fsync() after each write operation.
Using synchronous I/O mode
Doing random write test
Initializing worker threads...

Threads started!


File operations:
    reads/s:                      0.00
    writes/s:                     601.99
    fsyncs/s:                     601.99

Throughput:
    read, MiB/s:                  0.00
    written, MiB/s:               18.81

General statistics:
    total time:                          240.0015s
    total number of events:              144480

Latency (ms):
         min:                                    0.52
         avg:                                    1.66
         max:                                  151.26
         95th percentile:                        1.89
         sum:                               239954.66

Threads fairness:
    events (avg/stddev):           144480.0000/0.00
    execution time (avg/stddev):   239.9547/0.00

sysbench 1.0.17 (using bundled LuaJIT 2.1.0-beta2)

Running the test with following options:
Number of threads: 4
Initializing random number generator from current time


Extra file open flags: (none)
64 files, 128MiB each
8GiB total file size
Block size 32KiB
Number of IO requests: 0
Read/Write ratio for combined random IO test: 1.50
Calling fsync() after each write operation.
Using synchronous I/O mode
Doing random write test
Initializing worker threads...

Threads started!


File operations:
    reads/s:                      0.00
    writes/s:                     2324.12
    fsyncs/s:                     2324.12

Throughput:
    read, MiB/s:                  0.00
    written, MiB/s:               72.63

General statistics:
    total time:                          240.0016s
    total number of events:              557795

Latency (ms):
         min:                                    0.51
         avg:                                    1.72
         max:                                  145.41
         95th percentile:                        2.14
         sum:                               959610.01

Threads fairness:
    events (avg/stddev):           139448.7500/51.05
    execution time (avg/stddev):   239.9025/0.00

sysbench 1.0.17 (using bundled LuaJIT 2.1.0-beta2)

Running the test with following options:
Number of threads: 8
Initializing random number generator from current time


Extra file open flags: (none)
64 files, 128MiB each
8GiB total file size
Block size 32KiB
Number of IO requests: 0
Read/Write ratio for combined random IO test: 1.50
Calling fsync() after each write operation.
Using synchronous I/O mode
Doing random write test
Initializing worker threads...

Threads started!


File operations:
    reads/s:                      0.00
    writes/s:                     4513.23
    fsyncs/s:                     4513.23

Throughput:
    read, MiB/s:                  0.00
    written, MiB/s:               141.04

General statistics:
    total time:                          240.0003s
    total number of events:              1083182

Latency (ms):
         min:                                    0.51
         avg:                                    1.77
         max:                                  151.70
         95th percentile:                        2.39
         sum:                              1918283.56

Threads fairness:
    events (avg/stddev):           135397.7500/54.42
    execution time (avg/stddev):   239.7854/0.00

sysbench 1.0.17 (using bundled LuaJIT 2.1.0-beta2)

Running the test with following options:
Number of threads: 16
Initializing random number generator from current time


Extra file open flags: (none)
64 files, 128MiB each
8GiB total file size
Block size 32KiB
Number of IO requests: 0
Read/Write ratio for combined random IO test: 1.50
Calling fsync() after each write operation.
Using synchronous I/O mode
Doing random write test
Initializing worker threads...

Threads started!


File operations:
    reads/s:                      0.00
    writes/s:                     8189.55
    fsyncs/s:                     8189.55

Throughput:
    read, MiB/s:                  0.00
    written, MiB/s:               255.92

General statistics:
    total time:                          240.0017s
    total number of events:              1965517

Latency (ms):
         min:                                    0.50
         avg:                                    1.95
         max:                                  166.33
         95th percentile:                        2.76
         sum:                              3835987.57

Threads fairness:
    events (avg/stddev):           122844.8125/119.87
    execution time (avg/stddev):   239.7492/0.00

sysbench 1.0.17 (using bundled LuaJIT 2.1.0-beta2)

Running the test with following options:
Number of threads: 32
Initializing random number generator from current time


Extra file open flags: (none)
64 files, 128MiB each
8GiB total file size
Block size 32KiB
Number of IO requests: 0
Read/Write ratio for combined random IO test: 1.50
Calling fsync() after each write operation.
Using synchronous I/O mode
Doing random write test
Initializing worker threads...

Threads started!


File operations:
    reads/s:                      0.00
    writes/s:                     12916.28
    fsyncs/s:                     12916.28

Throughput:
    read, MiB/s:                  0.00
    written, MiB/s:               403.63

General statistics:
    total time:                          240.0021s
    total number of events:              3099949

Latency (ms):
         min:                                    0.51
         avg:                                    2.47
         max:                                  151.15
         95th percentile:                        3.49
         sum:                              7672220.13

Threads fairness:
    events (avg/stddev):           96873.4062/124.99
    execution time (avg/stddev):   239.7569/0.00

sysbench 1.0.17 (using bundled LuaJIT 2.1.0-beta2)

Running the test with following options:
Number of threads: 64
Initializing random number generator from current time


Extra file open flags: (none)
64 files, 128MiB each
8GiB total file size
Block size 32KiB
Number of IO requests: 0
Read/Write ratio for combined random IO test: 1.50
Calling fsync() after each write operation.
Using synchronous I/O mode
Doing random write test
Initializing worker threads...

Threads started!


File operations:
    reads/s:                      0.00
    writes/s:                     13111.98
    fsyncs/s:                     13111.98

Throughput:
    read, MiB/s:                  0.00
    written, MiB/s:               409.75

General statistics:
    total time:                          240.0020s
    total number of events:              3146918

Latency (ms):
         min:                                    0.53
         avg:                                    4.88
         max:                                  151.29
         95th percentile:                        6.21
         sum:                             15349463.84

Threads fairness:
    events (avg/stddev):           49170.5938/48.30
    execution time (avg/stddev):   239.8354/0.00

