sysbench 1.0.17 (using bundled LuaJIT 2.1.0-beta2)

Running the test with following options:
Number of threads: 1
Initializing random number generator from current time


Extra file open flags: (none)
64 files, 128MiB each
8GiB total file size
Block size 32KiB
Number of IO requests: 0
Read/Write ratio for combined random IO test: 1.50
Calling fsync() after each write operation.
Using synchronous I/O mode
Doing random read test
Initializing worker threads...

Threads started!


File operations:
    reads/s:                      163580.82
    writes/s:                     0.00
    fsyncs/s:                     0.00

Throughput:
    read, MiB/s:                  5111.90
    written, MiB/s:               0.00

General statistics:
    total time:                          240.0001s
    total number of events:              39259753

Latency (ms):
         min:                                    0.00
         avg:                                    0.01
         max:                                    0.06
         95th percentile:                        0.01
         sum:                               207462.39

Threads fairness:
    events (avg/stddev):           39259753.0000/0.00
    execution time (avg/stddev):   207.4624/0.00

sysbench 1.0.17 (using bundled LuaJIT 2.1.0-beta2)

Running the test with following options:
Number of threads: 4
Initializing random number generator from current time


Extra file open flags: (none)
64 files, 128MiB each
8GiB total file size
Block size 32KiB
Number of IO requests: 0
Read/Write ratio for combined random IO test: 1.50
Calling fsync() after each write operation.
Using synchronous I/O mode
Doing random read test
Initializing worker threads...

Threads started!


File operations:
    reads/s:                      569125.41
    writes/s:                     0.00
    fsyncs/s:                     0.00

Throughput:
    read, MiB/s:                  17785.17
    written, MiB/s:               0.00

General statistics:
    total time:                          240.0001s
    total number of events:              136591322

Latency (ms):
         min:                                    0.00
         avg:                                    0.01
         max:                                    1.20
         95th percentile:                        0.01
         sum:                               797430.71

Threads fairness:
    events (avg/stddev):           34147830.5000/281322.12
    execution time (avg/stddev):   199.3577/0.49

sysbench 1.0.17 (using bundled LuaJIT 2.1.0-beta2)

Running the test with following options:
Number of threads: 8
Initializing random number generator from current time


Extra file open flags: (none)
64 files, 128MiB each
8GiB total file size
Block size 32KiB
Number of IO requests: 0
Read/Write ratio for combined random IO test: 1.50
Calling fsync() after each write operation.
Using synchronous I/O mode
Doing random read test
Initializing worker threads...

Threads started!


File operations:
    reads/s:                      969180.18
    writes/s:                     0.00
    fsyncs/s:                     0.00

Throughput:
    read, MiB/s:                  30286.88
    written, MiB/s:               0.00

General statistics:
    total time:                          240.0001s
    total number of events:              232605371

Latency (ms):
         min:                                    0.00
         avg:                                    0.01
         max:                                    0.84
         95th percentile:                        0.01
         sum:                              1552213.05

Threads fairness:
    events (avg/stddev):           29075671.3750/292505.84
    execution time (avg/stddev):   194.0266/0.33

sysbench 1.0.17 (using bundled LuaJIT 2.1.0-beta2)

Running the test with following options:
Number of threads: 16
Initializing random number generator from current time


Extra file open flags: (none)
64 files, 128MiB each
8GiB total file size
Block size 32KiB
Number of IO requests: 0
Read/Write ratio for combined random IO test: 1.50
Calling fsync() after each write operation.
Using synchronous I/O mode
Doing random read test
Initializing worker threads...

Threads started!


File operations:
    reads/s:                      1024664.45
    writes/s:                     0.00
    fsyncs/s:                     0.00

Throughput:
    read, MiB/s:                  32020.76
    written, MiB/s:               0.00

General statistics:
    total time:                          240.0001s
    total number of events:              245921684

Latency (ms):
         min:                                    0.00
         avg:                                    0.01
         max:                                    5.17
         95th percentile:                        0.03
         sum:                              2860372.71

Threads fairness:
    events (avg/stddev):           15370105.2500/54376.28
    execution time (avg/stddev):   178.7733/0.39

sysbench 1.0.17 (using bundled LuaJIT 2.1.0-beta2)

Running the test with following options:
Number of threads: 32
Initializing random number generator from current time


Extra file open flags: (none)
64 files, 128MiB each
8GiB total file size
Block size 32KiB
Number of IO requests: 0
Read/Write ratio for combined random IO test: 1.50
Calling fsync() after each write operation.
Using synchronous I/O mode
Doing random read test
Initializing worker threads...

Threads started!


File operations:
    reads/s:                      879593.39
    writes/s:                     0.00
    fsyncs/s:                     0.00

Throughput:
    read, MiB/s:                  27487.29
    written, MiB/s:               0.00

General statistics:
    total time:                          240.0002s
    total number of events:              211104414

Latency (ms):
         min:                                    0.00
         avg:                                    0.02
         max:                                   11.49
         95th percentile:                        0.06
         sum:                              4666567.29

Threads fairness:
    events (avg/stddev):           6597012.9375/17285.05
    execution time (avg/stddev):   145.8302/0.28

sysbench 1.0.17 (using bundled LuaJIT 2.1.0-beta2)

Running the test with following options:
Number of threads: 64
Initializing random number generator from current time


Extra file open flags: (none)
64 files, 128MiB each
8GiB total file size
Block size 32KiB
Number of IO requests: 0
Read/Write ratio for combined random IO test: 1.50
Calling fsync() after each write operation.
Using synchronous I/O mode
Doing random read test
Initializing worker threads...

Threads started!


File operations:
    reads/s:                      1070457.53
    writes/s:                     0.00
    fsyncs/s:                     0.00

Throughput:
    read, MiB/s:                  33451.80
    written, MiB/s:               0.00

General statistics:
    total time:                          240.0003s
    total number of events:              256912306

Latency (ms):
         min:                                    0.00
         avg:                                    0.03
         max:                                   39.06
         95th percentile:                        0.10
         sum:                              8921857.30

Threads fairness:
    events (avg/stddev):           4014254.7812/11597.80
    execution time (avg/stddev):   139.4040/0.24

