sysbench 1.0.17 (using bundled LuaJIT 2.1.0-beta2)

Running the test with following options:
Number of threads: 1
Initializing random number generator from current time


Extra file open flags: (none)
64 files, 128MiB each
8GiB total file size
Block size 32KiB
Number of IO requests: 0
Read/Write ratio for combined random IO test: 1.50
Calling fsync() after each write operation.
Using synchronous I/O mode
Doing random read test
Initializing worker threads...

Threads started!


File operations:
    reads/s:                      133701.15
    writes/s:                     0.00
    fsyncs/s:                     0.00

Throughput:
    read, MiB/s:                  4178.16
    written, MiB/s:               0.00

General statistics:
    total time:                          240.0003s
    total number of events:              32088624

Latency (ms):
         min:                                    0.00
         avg:                                    0.01
         max:                                    9.05
         95th percentile:                        0.01
         sum:                               229325.60

Threads fairness:
    events (avg/stddev):           32088624.0000/0.00
    execution time (avg/stddev):   229.3256/0.00

sysbench 1.0.17 (using bundled LuaJIT 2.1.0-beta2)

Running the test with following options:
Number of threads: 4
Initializing random number generator from current time


Extra file open flags: (none)
64 files, 128MiB each
8GiB total file size
Block size 32KiB
Number of IO requests: 0
Read/Write ratio for combined random IO test: 1.50
Calling fsync() after each write operation.
Using synchronous I/O mode
Doing random read test
Initializing worker threads...

Threads started!


File operations:
    reads/s:                      526417.39
    writes/s:                     0.00
    fsyncs/s:                     0.00

Throughput:
    read, MiB/s:                  16450.54
    written, MiB/s:               0.00

General statistics:
    total time:                          240.0001s
    total number of events:              126341453

Latency (ms):
         min:                                    0.00
         avg:                                    0.01
         max:                                   10.54
         95th percentile:                        0.01
         sum:                               896553.68

Threads fairness:
    events (avg/stddev):           31585363.2500/106337.53
    execution time (avg/stddev):   224.1384/0.08

sysbench 1.0.17 (using bundled LuaJIT 2.1.0-beta2)

Running the test with following options:
Number of threads: 8
Initializing random number generator from current time


Extra file open flags: (none)
64 files, 128MiB each
8GiB total file size
Block size 32KiB
Number of IO requests: 0
Read/Write ratio for combined random IO test: 1.50
Calling fsync() after each write operation.
Using synchronous I/O mode
Doing random read test
Initializing worker threads...

Threads started!


File operations:
    reads/s:                      887653.35
    writes/s:                     0.00
    fsyncs/s:                     0.00

Throughput:
    read, MiB/s:                  27739.17
    written, MiB/s:               0.00

General statistics:
    total time:                          240.0014s
    total number of events:              213040044

Latency (ms):
         min:                                    0.00
         avg:                                    0.01
         max:                                   13.48
         95th percentile:                        0.01
         sum:                              1716597.83

Threads fairness:
    events (avg/stddev):           26630005.5000/168078.31
    execution time (avg/stddev):   214.5747/0.17

sysbench 1.0.17 (using bundled LuaJIT 2.1.0-beta2)

Running the test with following options:
Number of threads: 16
Initializing random number generator from current time


Extra file open flags: (none)
64 files, 128MiB each
8GiB total file size
Block size 32KiB
Number of IO requests: 0
Read/Write ratio for combined random IO test: 1.50
Calling fsync() after each write operation.
Using synchronous I/O mode
Doing random read test
Initializing worker threads...

Threads started!


File operations:
    reads/s:                      985517.76
    writes/s:                     0.00
    fsyncs/s:                     0.00

Throughput:
    read, MiB/s:                  30797.43
    written, MiB/s:               0.00

General statistics:
    total time:                          240.0003s
    total number of events:              236526614

Latency (ms):
         min:                                    0.00
         avg:                                    0.01
         max:                                   18.50
         95th percentile:                        0.02
         sum:                              3023752.28

Threads fairness:
    events (avg/stddev):           14782913.3750/33969.04
    execution time (avg/stddev):   188.9845/0.20

sysbench 1.0.17 (using bundled LuaJIT 2.1.0-beta2)

Running the test with following options:
Number of threads: 32
Initializing random number generator from current time


Extra file open flags: (none)
64 files, 128MiB each
8GiB total file size
Block size 32KiB
Number of IO requests: 0
Read/Write ratio for combined random IO test: 1.50
Calling fsync() after each write operation.
Using synchronous I/O mode
Doing random read test
Initializing worker threads...

Threads started!


File operations:
    reads/s:                      1060730.48
    writes/s:                     0.00
    fsyncs/s:                     0.00

Throughput:
    read, MiB/s:                  33147.83
    written, MiB/s:               0.00

General statistics:
    total time:                          240.0002s
    total number of events:              254577744

Latency (ms):
         min:                                    0.00
         avg:                                    0.02
         max:                                   51.31
         95th percentile:                        0.06
         sum:                              4990230.50

Threads fairness:
    events (avg/stddev):           7955554.5000/20340.40
    execution time (avg/stddev):   155.9447/0.15

sysbench 1.0.17 (using bundled LuaJIT 2.1.0-beta2)

Running the test with following options:
Number of threads: 64
Initializing random number generator from current time


Extra file open flags: (none)
64 files, 128MiB each
8GiB total file size
Block size 32KiB
Number of IO requests: 0
Read/Write ratio for combined random IO test: 1.50
Calling fsync() after each write operation.
Using synchronous I/O mode
Doing random read test
Initializing worker threads...

Threads started!


File operations:
    reads/s:                      1121426.75
    writes/s:                     0.00
    fsyncs/s:                     0.00

Throughput:
    read, MiB/s:                  35044.59
    written, MiB/s:               0.00

General statistics:
    total time:                          240.0004s
    total number of events:              269145169

Latency (ms):
         min:                                    0.00
         avg:                                    0.03
         max:                                   69.41
         95th percentile:                        0.10
         sum:                              9013045.35

Threads fairness:
    events (avg/stddev):           4205393.2656/7571.83
    execution time (avg/stddev):   140.8288/0.23

