sysbench 1.0.17 (using bundled LuaJIT 2.1.0-beta2)

Running the test with following options:
Number of threads: 1
Initializing random number generator from current time


Extra file open flags: (none)
64 files, 128MiB each
8GiB total file size
Block size 32KiB
Number of IO requests: 0
Read/Write ratio for combined random IO test: 1.50
Calling fsync() after each write operation.
Using synchronous I/O mode
Doing random write test
Initializing worker threads...

Threads started!


File operations:
    reads/s:                      0.00
    writes/s:                     1858.62
    fsyncs/s:                     1858.62

Throughput:
    read, MiB/s:                  0.00
    written, MiB/s:               58.08

General statistics:
    total time:                          240.0004s
    total number of events:              446074

Latency (ms):
         min:                                    0.10
         avg:                                    0.54
         max:                                  184.60
         95th percentile:                        0.77
         sum:                               239443.35

Threads fairness:
    events (avg/stddev):           446074.0000/0.00
    execution time (avg/stddev):   239.4434/0.00

sysbench 1.0.17 (using bundled LuaJIT 2.1.0-beta2)

Running the test with following options:
Number of threads: 4
Initializing random number generator from current time


Extra file open flags: (none)
64 files, 128MiB each
8GiB total file size
Block size 32KiB
Number of IO requests: 0
Read/Write ratio for combined random IO test: 1.50
Calling fsync() after each write operation.
Using synchronous I/O mode
Doing random write test
Initializing worker threads...

Threads started!


File operations:
    reads/s:                      0.00
    writes/s:                     8280.92
    fsyncs/s:                     8280.92

Throughput:
    read, MiB/s:                  0.00
    written, MiB/s:               258.78

General statistics:
    total time:                          240.0005s
    total number of events:              1987442

Latency (ms):
         min:                                    0.09
         avg:                                    0.48
         max:                                   33.67
         95th percentile:                        0.74
         sum:                               957438.79

Threads fairness:
    events (avg/stddev):           496860.5000/229.02
    execution time (avg/stddev):   239.3597/0.00

sysbench 1.0.17 (using bundled LuaJIT 2.1.0-beta2)

Running the test with following options:
Number of threads: 8
Initializing random number generator from current time


Extra file open flags: (none)
64 files, 128MiB each
8GiB total file size
Block size 32KiB
Number of IO requests: 0
Read/Write ratio for combined random IO test: 1.50
Calling fsync() after each write operation.
Using synchronous I/O mode
Doing random write test
Initializing worker threads...

Threads started!


File operations:
    reads/s:                      0.00
    writes/s:                     14694.11
    fsyncs/s:                     14694.11

Throughput:
    read, MiB/s:                  0.00
    written, MiB/s:               459.19

General statistics:
    total time:                          240.0006s
    total number of events:              3526623

Latency (ms):
         min:                                    0.09
         avg:                                    0.54
         max:                                  261.05
         95th percentile:                        0.89
         sum:                              1915004.41

Threads fairness:
    events (avg/stddev):           440827.8750/539.51
    execution time (avg/stddev):   239.3756/0.01

sysbench 1.0.17 (using bundled LuaJIT 2.1.0-beta2)

Running the test with following options:
Number of threads: 16
Initializing random number generator from current time


Extra file open flags: (none)
64 files, 128MiB each
8GiB total file size
Block size 32KiB
Number of IO requests: 0
Read/Write ratio for combined random IO test: 1.50
Calling fsync() after each write operation.
Using synchronous I/O mode
Doing random write test
Initializing worker threads...

Threads started!


File operations:
    reads/s:                      0.00
    writes/s:                     15587.91
    fsyncs/s:                     15587.91

Throughput:
    read, MiB/s:                  0.00
    written, MiB/s:               487.12

General statistics:
    total time:                          240.0139s
    total number of events:              3741351

Latency (ms):
         min:                                    0.09
         avg:                                    1.02
         max:                                  111.75
         95th percentile:                        1.18
         sum:                              3833676.96

Threads fairness:
    events (avg/stddev):           233834.4375/267.34
    execution time (avg/stddev):   239.6048/0.01

sysbench 1.0.17 (using bundled LuaJIT 2.1.0-beta2)

Running the test with following options:
Number of threads: 32
Initializing random number generator from current time


Extra file open flags: (none)
64 files, 128MiB each
8GiB total file size
Block size 32KiB
Number of IO requests: 0
Read/Write ratio for combined random IO test: 1.50
Calling fsync() after each write operation.
Using synchronous I/O mode
Doing random write test
Initializing worker threads...

Threads started!


File operations:
    reads/s:                      0.00
    writes/s:                     15914.40
    fsyncs/s:                     15914.40

Throughput:
    read, MiB/s:                  0.00
    written, MiB/s:               497.33

General statistics:
    total time:                          240.0010s
    total number of events:              3819518

Latency (ms):
         min:                                    0.10
         avg:                                    2.01
         max:                                  130.90
         95th percentile:                        2.11
         sum:                              7671636.49

Threads fairness:
    events (avg/stddev):           119359.9375/207.83
    execution time (avg/stddev):   239.7386/0.01

sysbench 1.0.17 (using bundled LuaJIT 2.1.0-beta2)

Running the test with following options:
Number of threads: 64
Initializing random number generator from current time


Extra file open flags: (none)
64 files, 128MiB each
8GiB total file size
Block size 32KiB
Number of IO requests: 0
Read/Write ratio for combined random IO test: 1.50
Calling fsync() after each write operation.
Using synchronous I/O mode
Doing random write test
Initializing worker threads...

Threads started!


File operations:
    reads/s:                      0.00
    writes/s:                     16077.84
    fsyncs/s:                     16077.84

Throughput:
    read, MiB/s:                  0.00
    written, MiB/s:               502.43

General statistics:
    total time:                          240.0113s
    total number of events:              3858897

Latency (ms):
         min:                                    0.10
         avg:                                    3.98
         max:                                   50.02
         95th percentile:                       34.95
         sum:                             15350668.77

Threads fairness:
    events (avg/stddev):           60295.2656/153.09
    execution time (avg/stddev):   239.8542/0.00

