sysbench 1.0.17 (using bundled LuaJIT 2.1.0-beta2)

Running the test with following options:
Number of threads: 1
Initializing random number generator from current time


Extra file open flags: (none)
64 files, 128MiB each
8GiB total file size
Block size 32KiB
Number of IO requests: 0
Read/Write ratio for combined random IO test: 1.50
Calling fsync() after each write operation.
Using synchronous I/O mode
Doing random read test
Initializing worker threads...

Threads started!


File operations:
    reads/s:                      197997.50
    writes/s:                     0.00
    fsyncs/s:                     0.00

Throughput:
    read, MiB/s:                  6187.42
    written, MiB/s:               0.00

General statistics:
    total time:                          240.0001s
    total number of events:              47519701

Latency (ms):
         min:                                    0.00
         avg:                                    0.00
         max:                                    0.05
         95th percentile:                        0.01
         sum:                               228921.91

Threads fairness:
    events (avg/stddev):           47519701.0000/0.00
    execution time (avg/stddev):   228.9219/0.00

sysbench 1.0.17 (using bundled LuaJIT 2.1.0-beta2)

Running the test with following options:
Number of threads: 4
Initializing random number generator from current time


Extra file open flags: (none)
64 files, 128MiB each
8GiB total file size
Block size 32KiB
Number of IO requests: 0
Read/Write ratio for combined random IO test: 1.50
Calling fsync() after each write operation.
Using synchronous I/O mode
Doing random read test
Initializing worker threads...

Threads started!


File operations:
    reads/s:                      655272.67
    writes/s:                     0.00
    fsyncs/s:                     0.00

Throughput:
    read, MiB/s:                  20477.27
    written, MiB/s:               0.00

General statistics:
    total time:                          240.0000s
    total number of events:              157266412

Latency (ms):
         min:                                    0.00
         avg:                                    0.01
         max:                                    0.07
         95th percentile:                        0.01
         sum:                               863840.29

Threads fairness:
    events (avg/stddev):           39316603.0000/601108.96
    execution time (avg/stddev):   215.9601/0.12

sysbench 1.0.17 (using bundled LuaJIT 2.1.0-beta2)

Running the test with following options:
Number of threads: 8
Initializing random number generator from current time


Extra file open flags: (none)
64 files, 128MiB each
8GiB total file size
Block size 32KiB
Number of IO requests: 0
Read/Write ratio for combined random IO test: 1.50
Calling fsync() after each write operation.
Using synchronous I/O mode
Doing random read test
Initializing worker threads...

Threads started!


File operations:
    reads/s:                      1010662.21
    writes/s:                     0.00
    fsyncs/s:                     0.00

Throughput:
    read, MiB/s:                  31583.19
    written, MiB/s:               0.00

General statistics:
    total time:                          240.0001s
    total number of events:              242560507

Latency (ms):
         min:                                    0.00
         avg:                                    0.01
         max:                                    0.32
         95th percentile:                        0.01
         sum:                              1588091.03

Threads fairness:
    events (avg/stddev):           30320063.3750/1081263.63
    execution time (avg/stddev):   198.5114/1.33

sysbench 1.0.17 (using bundled LuaJIT 2.1.0-beta2)

Running the test with following options:
Number of threads: 16
Initializing random number generator from current time


Extra file open flags: (none)
64 files, 128MiB each
8GiB total file size
Block size 32KiB
Number of IO requests: 0
Read/Write ratio for combined random IO test: 1.50
Calling fsync() after each write operation.
Using synchronous I/O mode
Doing random read test
Initializing worker threads...

Threads started!


File operations:
    reads/s:                      931958.75
    writes/s:                     0.00
    fsyncs/s:                     0.00

Throughput:
    read, MiB/s:                  29123.71
    written, MiB/s:               0.00

General statistics:
    total time:                          240.0001s
    total number of events:              223671554

Latency (ms):
         min:                                    0.00
         avg:                                    0.01
         max:                                    5.86
         95th percentile:                        0.03
         sum:                              2608491.73

Threads fairness:
    events (avg/stddev):           13979472.1250/15927.11
    execution time (avg/stddev):   163.0307/0.19

sysbench 1.0.17 (using bundled LuaJIT 2.1.0-beta2)

Running the test with following options:
Number of threads: 32
Initializing random number generator from current time


Extra file open flags: (none)
64 files, 128MiB each
8GiB total file size
Block size 32KiB
Number of IO requests: 0
Read/Write ratio for combined random IO test: 1.50
Calling fsync() after each write operation.
Using synchronous I/O mode
Doing random read test
Initializing worker threads...

Threads started!


File operations:
    reads/s:                      939923.22
    writes/s:                     0.00
    fsyncs/s:                     0.00

Throughput:
    read, MiB/s:                  29372.60
    written, MiB/s:               0.00

General statistics:
    total time:                          240.0001s
    total number of events:              225583049

Latency (ms):
         min:                                    0.00
         avg:                                    0.02
         max:                                    4.11
         95th percentile:                        0.08
         sum:                              4577661.98

Threads fairness:
    events (avg/stddev):           7049470.2812/8088.19
    execution time (avg/stddev):   143.0519/0.10

sysbench 1.0.17 (using bundled LuaJIT 2.1.0-beta2)

Running the test with following options:
Number of threads: 64
Initializing random number generator from current time


Extra file open flags: (none)
64 files, 128MiB each
8GiB total file size
Block size 32KiB
Number of IO requests: 0
Read/Write ratio for combined random IO test: 1.50
Calling fsync() after each write operation.
Using synchronous I/O mode
Doing random read test
Initializing worker threads...

Threads started!


File operations:
    reads/s:                      967595.09
    writes/s:                     0.00
    fsyncs/s:                     0.00

Throughput:
    read, MiB/s:                  30237.35
    written, MiB/s:               0.00

General statistics:
    total time:                          240.0002s
    total number of events:              232224409

Latency (ms):
         min:                                    0.00
         avg:                                    0.04
         max:                                   12.28
         95th percentile:                        0.21
         sum:                              8611268.00

Threads fairness:
    events (avg/stddev):           3628506.3906/16701.34
    execution time (avg/stddev):   134.5511/0.13

