sysbench 1.0.17 (using bundled LuaJIT 2.1.0-beta2)

Running the test with following options:
Number of threads: 1
Initializing random number generator from current time


Extra file open flags: (none)
64 files, 128MiB each
8GiB total file size
Block size 32KiB
Number of IO requests: 0
Read/Write ratio for combined random IO test: 1.50
Calling fsync() after each write operation.
Using synchronous I/O mode
Doing random read test
Initializing worker threads...

Threads started!


File operations:
    reads/s:                      206257.26
    writes/s:                     0.00
    fsyncs/s:                     0.00

Throughput:
    read, MiB/s:                  6445.54
    written, MiB/s:               0.00

General statistics:
    total time:                          240.0001s
    total number of events:              49502074

Latency (ms):
         min:                                    0.00
         avg:                                    0.00
         max:                                    0.09
         95th percentile:                        0.01
         sum:                               227816.93

Threads fairness:
    events (avg/stddev):           49502074.0000/0.00
    execution time (avg/stddev):   227.8169/0.00

sysbench 1.0.17 (using bundled LuaJIT 2.1.0-beta2)

Running the test with following options:
Number of threads: 4
Initializing random number generator from current time


Extra file open flags: (none)
64 files, 128MiB each
8GiB total file size
Block size 32KiB
Number of IO requests: 0
Read/Write ratio for combined random IO test: 1.50
Calling fsync() after each write operation.
Using synchronous I/O mode
Doing random read test
Initializing worker threads...

Threads started!


File operations:
    reads/s:                      702556.16
    writes/s:                     0.00
    fsyncs/s:                     0.00

Throughput:
    read, MiB/s:                  21954.88
    written, MiB/s:               0.00

General statistics:
    total time:                          240.0000s
    total number of events:              168614616

Latency (ms):
         min:                                    0.00
         avg:                                    0.01
         max:                                    0.55
         95th percentile:                        0.01
         sum:                               870881.86

Threads fairness:
    events (avg/stddev):           42153654.0000/214286.85
    execution time (avg/stddev):   217.7205/0.18

sysbench 1.0.17 (using bundled LuaJIT 2.1.0-beta2)

Running the test with following options:
Number of threads: 8
Initializing random number generator from current time


Extra file open flags: (none)
64 files, 128MiB each
8GiB total file size
Block size 32KiB
Number of IO requests: 0
Read/Write ratio for combined random IO test: 1.50
Calling fsync() after each write operation.
Using synchronous I/O mode
Doing random read test
Initializing worker threads...

Threads started!


File operations:
    reads/s:                      1075524.24
    writes/s:                     0.00
    fsyncs/s:                     0.00

Throughput:
    read, MiB/s:                  33610.13
    written, MiB/s:               0.00

General statistics:
    total time:                          240.0001s
    total number of events:              258127852

Latency (ms):
         min:                                    0.00
         avg:                                    0.01
         max:                                    0.24
         95th percentile:                        0.01
         sum:                              1602155.36

Threads fairness:
    events (avg/stddev):           32265981.5000/876492.27
    execution time (avg/stddev):   200.2694/1.08

sysbench 1.0.17 (using bundled LuaJIT 2.1.0-beta2)

Running the test with following options:
Number of threads: 16
Initializing random number generator from current time


Extra file open flags: (none)
64 files, 128MiB each
8GiB total file size
Block size 32KiB
Number of IO requests: 0
Read/Write ratio for combined random IO test: 1.50
Calling fsync() after each write operation.
Using synchronous I/O mode
Doing random read test
Initializing worker threads...

Threads started!


File operations:
    reads/s:                      1073352.07
    writes/s:                     0.00
    fsyncs/s:                     0.00

Throughput:
    read, MiB/s:                  33542.25
    written, MiB/s:               0.00

General statistics:
    total time:                          240.0000s
    total number of events:              257606451

Latency (ms):
         min:                                    0.00
         avg:                                    0.01
         max:                                    1.27
         95th percentile:                        0.02
         sum:                              2700480.51

Threads fairness:
    events (avg/stddev):           16100403.1875/23609.59
    execution time (avg/stddev):   168.7800/0.12

sysbench 1.0.17 (using bundled LuaJIT 2.1.0-beta2)

Running the test with following options:
Number of threads: 32
Initializing random number generator from current time


Extra file open flags: (none)
64 files, 128MiB each
8GiB total file size
Block size 32KiB
Number of IO requests: 0
Read/Write ratio for combined random IO test: 1.50
Calling fsync() after each write operation.
Using synchronous I/O mode
Doing random read test
Initializing worker threads...

Threads started!


File operations:
    reads/s:                      1085727.67
    writes/s:                     0.00
    fsyncs/s:                     0.00

Throughput:
    read, MiB/s:                  33928.99
    written, MiB/s:               0.00

General statistics:
    total time:                          240.0001s
    total number of events:              260576462

Latency (ms):
         min:                                    0.00
         avg:                                    0.02
         max:                                    3.63
         95th percentile:                        0.07
         sum:                              4683000.74

Threads fairness:
    events (avg/stddev):           8143014.4375/9354.78
    execution time (avg/stddev):   146.3438/0.09

sysbench 1.0.17 (using bundled LuaJIT 2.1.0-beta2)

Running the test with following options:
Number of threads: 64
Initializing random number generator from current time


Extra file open flags: (none)
64 files, 128MiB each
8GiB total file size
Block size 32KiB
Number of IO requests: 0
Read/Write ratio for combined random IO test: 1.50
Calling fsync() after each write operation.
Using synchronous I/O mode
Doing random read test
Initializing worker threads...

Threads started!


File operations:
    reads/s:                      1070020.54
    writes/s:                     0.00
    fsyncs/s:                     0.00

Throughput:
    read, MiB/s:                  33438.14
    written, MiB/s:               0.00

General statistics:
    total time:                          240.0002s
    total number of events:              256807024

Latency (ms):
         min:                                    0.00
         avg:                                    0.03
         max:                                   44.10
         95th percentile:                        0.20
         sum:                              8681317.59

Threads fairness:
    events (avg/stddev):           4012609.7500/16497.81
    execution time (avg/stddev):   135.6456/0.14

