sysbench 1.0.17 (using bundled LuaJIT 2.1.0-beta2)

Running the test with following options:
Number of threads: 1
Initializing random number generator from current time


Extra file open flags: (none)
64 files, 128MiB each
8GiB total file size
Block size 32KiB
Number of IO requests: 0
Read/Write ratio for combined random IO test: 1.50
Calling fsync() after each write operation.
Using synchronous I/O mode
Doing random write test
Initializing worker threads...

Threads started!


File operations:
    reads/s:                      0.00
    writes/s:                     7601.96
    fsyncs/s:                     7601.96

Throughput:
    read, MiB/s:                  0.00
    written, MiB/s:               237.56

General statistics:
    total time:                          240.0002s
    total number of events:              1824484

Latency (ms):
         min:                                    0.05
         avg:                                    0.13
         max:                                    3.62
         95th percentile:                        0.15
         sum:                               239388.05

Threads fairness:
    events (avg/stddev):           1824484.0000/0.00
    execution time (avg/stddev):   239.3880/0.00

sysbench 1.0.17 (using bundled LuaJIT 2.1.0-beta2)

Running the test with following options:
Number of threads: 4
Initializing random number generator from current time


Extra file open flags: (none)
64 files, 128MiB each
8GiB total file size
Block size 32KiB
Number of IO requests: 0
Read/Write ratio for combined random IO test: 1.50
Calling fsync() after each write operation.
Using synchronous I/O mode
Doing random write test
Initializing worker threads...

Threads started!


File operations:
    reads/s:                      0.00
    writes/s:                     14241.71
    fsyncs/s:                     14241.71

Throughput:
    read, MiB/s:                  0.00
    written, MiB/s:               445.05

General statistics:
    total time:                          240.0002s
    total number of events:              3418036

Latency (ms):
         min:                                    0.06
         avg:                                    0.28
         max:                                    4.41
         95th percentile:                        0.57
         sum:                               958463.98

Threads fairness:
    events (avg/stddev):           854509.0000/273.06
    execution time (avg/stddev):   239.6160/0.00

sysbench 1.0.17 (using bundled LuaJIT 2.1.0-beta2)

Running the test with following options:
Number of threads: 8
Initializing random number generator from current time


Extra file open flags: (none)
64 files, 128MiB each
8GiB total file size
Block size 32KiB
Number of IO requests: 0
Read/Write ratio for combined random IO test: 1.50
Calling fsync() after each write operation.
Using synchronous I/O mode
Doing random write test
Initializing worker threads...

Threads started!


File operations:
    reads/s:                      0.00
    writes/s:                     14596.35
    fsyncs/s:                     14596.35

Throughput:
    read, MiB/s:                  0.00
    written, MiB/s:               456.14

General statistics:
    total time:                          240.0007s
    total number of events:              3503157

Latency (ms):
         min:                                    0.06
         avg:                                    0.55
         max:                                    6.29
         95th percentile:                        1.08
         sum:                              1917518.83

Threads fairness:
    events (avg/stddev):           437894.6250/230.99
    execution time (avg/stddev):   239.6899/0.00

sysbench 1.0.17 (using bundled LuaJIT 2.1.0-beta2)

Running the test with following options:
Number of threads: 16
Initializing random number generator from current time


Extra file open flags: (none)
64 files, 128MiB each
8GiB total file size
Block size 32KiB
Number of IO requests: 0
Read/Write ratio for combined random IO test: 1.50
Calling fsync() after each write operation.
Using synchronous I/O mode
Doing random write test
Initializing worker threads...

Threads started!


File operations:
    reads/s:                      0.00
    writes/s:                     14961.92
    fsyncs/s:                     14961.92

Throughput:
    read, MiB/s:                  0.00
    written, MiB/s:               467.56

General statistics:
    total time:                          240.0010s
    total number of events:              3590900

Latency (ms):
         min:                                    0.06
         avg:                                    1.07
         max:                                    7.50
         95th percentile:                        2.03
         sum:                              3836479.27

Threads fairness:
    events (avg/stddev):           224431.2500/269.34
    execution time (avg/stddev):   239.7800/0.00

sysbench 1.0.17 (using bundled LuaJIT 2.1.0-beta2)

Running the test with following options:
Number of threads: 32
Initializing random number generator from current time


Extra file open flags: (none)
64 files, 128MiB each
8GiB total file size
Block size 32KiB
Number of IO requests: 0
Read/Write ratio for combined random IO test: 1.50
Calling fsync() after each write operation.
Using synchronous I/O mode
Doing random write test
Initializing worker threads...

Threads started!


File operations:
    reads/s:                      0.00
    writes/s:                     15353.07
    fsyncs/s:                     15353.07

Throughput:
    read, MiB/s:                  0.00
    written, MiB/s:               479.78

General statistics:
    total time:                          240.0023s
    total number of events:              3684793

Latency (ms):
         min:                                    0.06
         avg:                                    2.08
         max:                                   13.24
         95th percentile:                        3.82
         sum:                              7674829.35

Threads fairness:
    events (avg/stddev):           115149.7812/163.59
    execution time (avg/stddev):   239.8384/0.00

sysbench 1.0.17 (using bundled LuaJIT 2.1.0-beta2)

Running the test with following options:
Number of threads: 64
Initializing random number generator from current time


Extra file open flags: (none)
64 files, 128MiB each
8GiB total file size
Block size 32KiB
Number of IO requests: 0
Read/Write ratio for combined random IO test: 1.50
Calling fsync() after each write operation.
Using synchronous I/O mode
Doing random write test
Initializing worker threads...

Threads started!


File operations:
    reads/s:                      0.00
    writes/s:                     15651.71
    fsyncs/s:                     15651.71

Throughput:
    read, MiB/s:                  0.00
    written, MiB/s:               489.12

General statistics:
    total time:                          240.0017s
    total number of events:              3756457

Latency (ms):
         min:                                    0.06
         avg:                                    4.09
         max:                                   21.19
         95th percentile:                        7.04
         sum:                             15349961.86

Threads fairness:
    events (avg/stddev):           58694.6406/91.77
    execution time (avg/stddev):   239.8432/0.00

