sysbench 1.0.17 (using bundled LuaJIT 2.1.0-beta2)

Running the test with following options:
Number of threads: 1
Initializing random number generator from current time


Extra file open flags: (none)
64 files, 128MiB each
8GiB total file size
Block size 32KiB
Number of IO requests: 0
Read/Write ratio for combined random IO test: 1.50
Calling fsync() after each write operation.
Using synchronous I/O mode
Doing random read test
Initializing worker threads...

Threads started!


File operations:
    reads/s:                      714646.94
    writes/s:                     0.00
    fsyncs/s:                     0.00

Throughput:
    read, MiB/s:                  22332.72
    written, MiB/s:               0.00

General statistics:
    total time:                          240.0002s
    total number of events:              171516803

Latency (ms):
         min:                                    0.00
         avg:                                    0.02
         max:                                  320.06
         95th percentile:                        0.03
         sum:                              3265646.06

Threads fairness:
    events (avg/stddev):           10719800.1875/28019.28
    execution time (avg/stddev):   204.1029/0.22

sysbench 1.0.17 (using bundled LuaJIT 2.1.0-beta2)

Running the test with following options:
Number of threads: 32
Initializing random number generator from current time


Extra file open flags: (none)
64 files, 128MiB each
8GiB total file size
Block size 32KiB
Number of IO requests: 0
Read/Write ratio for combined random IO test: 1.50
Calling fsync() after each write operation.
Using synchronous I/O mode
Doing random read test
Initializing worker threads...

Threads started!


File operations:
    reads/s:                      88905.83
    writes/s:                     0.00
    fsyncs/s:                     0.00

Throughput:
    read, MiB/s:                  2778.31
    written, MiB/s:               0.00

General statistics:
    total time:                          240.0002s
    total number of events:              21337659

Latency (ms):
         min:                                    0.00
         avg:                                    0.01
         max:                                   16.89
         95th percentile:                        0.01
         sum:                               227357.04

Threads fairness:
    events (avg/stddev):           21337659.0000/0.00
    execution time (avg/stddev):   227.3570/0.00

sysbench 1.0.17 (using bundled LuaJIT 2.1.0-beta2)

Running the test with following options:
Number of threads: 4
Initializing random number generator from current time


Extra file open flags: (none)
64 files, 128MiB each
8GiB total file size
Block size 32KiB
Number of IO requests: 0
Read/Write ratio for combined random IO test: 1.50
Calling fsync() after each write operation.
Using synchronous I/O mode
Doing random read test
Initializing worker threads...

Threads started!


File operations:
    reads/s:                      915618.01
    writes/s:                     0.00
    fsyncs/s:                     0.00

Throughput:
    read, MiB/s:                  28613.06
    written, MiB/s:               0.00

General statistics:
    total time:                          240.0017s
    total number of events:              219751642

Latency (ms):
         min:                                    0.00
         avg:                                    0.02
         max:                                   33.12
         95th percentile:                        0.04
         sum:                              5083160.49

Threads fairness:
    events (avg/stddev):           6867238.8125/19896.99
    execution time (avg/stddev):   158.8488/0.22

sysbench 1.0.17 (using bundled LuaJIT 2.1.0-beta2)

Running the test with following options:
Number of threads: 64
Initializing random number generator from current time


Extra file open flags: (none)
64 files, 128MiB each
8GiB total file size
Block size 32KiB
Number of IO requests: 0
Read/Write ratio for combined random IO test: 1.50
Calling fsync() after each write operation.
Using synchronous I/O mode
Doing random read test
Initializing worker threads...

Threads started!


File operations:
    reads/s:                      161732.99
    writes/s:                     0.00
    fsyncs/s:                     0.00

Throughput:
    read, MiB/s:                  5054.16
    written, MiB/s:               0.00

General statistics:
    total time:                          240.0002s
    total number of events:              38816333

Latency (ms):
         min:                                    0.00
         avg:                                    0.02
         max:                                   60.03
         95th percentile:                        0.01
         sum:                               904212.54

Threads fairness:
    events (avg/stddev):           9704083.2500/71900.07
    execution time (avg/stddev):   226.0531/0.11

sysbench 1.0.17 (using bundled LuaJIT 2.1.0-beta2)

Running the test with following options:
Number of threads: 8
Initializing random number generator from current time


Extra file open flags: (none)
64 files, 128MiB each
8GiB total file size
Block size 32KiB
Number of IO requests: 0
Read/Write ratio for combined random IO test: 1.50
Calling fsync() after each write operation.
Using synchronous I/O mode
Doing random read test
Initializing worker threads...

Threads started!


File operations:
    reads/s:                      883049.50
    writes/s:                     0.00
    fsyncs/s:                     0.00

Throughput:
    read, MiB/s:                  27595.30
    written, MiB/s:               0.00

General statistics:
    total time:                          240.0016s
    total number of events:              211935040

Latency (ms):
         min:                                    0.00
         avg:                                    0.04
         max:                                   47.43
         95th percentile:                        0.07
         sum:                              9120833.92

Threads fairness:
    events (avg/stddev):           3311485.0000/8782.99
    execution time (avg/stddev):   142.5130/0.27


File operations:
    reads/s:                      596270.08
    writes/s:                     0.00
    fsyncs/s:                     0.00

Throughput:
    read, MiB/s:                  18633.44
    written, MiB/s:               0.00

General statistics:
    total time:                          240.0001s
    total number of events:              143106066

Latency (ms):
         min:                                    0.00
         avg:                                    0.01
         max:                                   68.78
         95th percentile:                        0.01
         sum:                              1684887.52

Threads fairness:
    events (avg/stddev):           17888258.2500/249932.55
    execution time (avg/stddev):   210.6109/0.35

sysbench 1.0.17 (using bundled LuaJIT 2.1.0-beta2)

Running the test with following options:
Number of threads: 16
Initializing random number generator from current time


Extra file open flags: (none)
64 files, 128MiB each
8GiB total file size
Block size 32KiB
Number of IO requests: 0
Read/Write ratio for combined random IO test: 1.50
Calling fsync() after each write operation.
Using synchronous I/O mode
Doing random read test
Initializing worker threads...

Threads started!


File operations:
    reads/s:                      896744.25
    writes/s:                     0.00
    fsyncs/s:                     0.00

Throughput:
    read, MiB/s:                  28023.26
    written, MiB/s:               0.00

General statistics:
    total time:                          240.0002s
    total number of events:              215220833

Latency (ms):
         min:                                    0.00
         avg:                                    0.01
         max:                                   54.08
         95th percentile:                        0.03
         sum:                              3085006.01

Threads fairness:
    events (avg/stddev):           13451302.0625/21644.69
    execution time (avg/stddev):   192.8129/0.15

sysbench 1.0.17 (using bundled LuaJIT 2.1.0-beta2)

Running the test with following options:
Number of threads: 32
Initializing random number generator from current time


Extra file open flags: (none)
64 files, 128MiB each
8GiB total file size
Block size 32KiB
Number of IO requests: 0
Read/Write ratio for combined random IO test: 1.50
Calling fsync() after each write operation.
Using synchronous I/O mode
Doing random read test
Initializing worker threads...

Threads started!


File operations:
    reads/s:                      904542.18
    writes/s:                     0.00
    fsyncs/s:                     0.00

Throughput:
    read, MiB/s:                  28266.94
    written, MiB/s:               0.00

General statistics:
    total time:                          240.0003s
    total number of events:              217092448

Latency (ms):
         min:                                    0.00
         avg:                                    0.02
         max:                                   54.18
         95th percentile:                        0.06
         sum:                              5276434.71

Threads fairness:
    events (avg/stddev):           6784139.0000/13986.71
    execution time (avg/stddev):   164.8886/0.16

sysbench 1.0.17 (using bundled LuaJIT 2.1.0-beta2)

Running the test with following options:
Number of threads: 64
Initializing random number generator from current time


Extra file open flags: (none)
64 files, 128MiB each
8GiB total file size
Block size 32KiB
Number of IO requests: 0
Read/Write ratio for combined random IO test: 1.50
Calling fsync() after each write operation.
Using synchronous I/O mode
Doing random read test
Initializing worker threads...

Threads started!


File operations:
    reads/s:                      904902.81
    writes/s:                     0.00
    fsyncs/s:                     0.00

Throughput:
    read, MiB/s:                  28278.21
    written, MiB/s:               0.00

General statistics:
    total time:                          240.0007s
    total number of events:              217179178

Latency (ms):
         min:                                    0.00
         avg:                                    0.04
         max:                                   44.04
         95th percentile:                        0.13
         sum:                              9721186.05

Threads fairness:
    events (avg/stddev):           3393424.6562/11392.32
    execution time (avg/stddev):   151.8935/0.28

