sysbench 1.0.17 (using bundled LuaJIT 2.1.0-beta2)

Running the test with following options:
Number of threads: 1
Initializing random number generator from current time


Extra file open flags: (none)
64 files, 128MiB each
8GiB total file size
Block size 32KiB
Number of IO requests: 0
Read/Write ratio for combined random IO test: 1.50
Calling fsync() after each write operation.
Using synchronous I/O mode
Doing random read test
Initializing worker threads...

Threads started!


File operations:
    reads/s:                      216850.54
    writes/s:                     0.00
    fsyncs/s:                     0.00

Throughput:
    read, MiB/s:                  6776.58
    written, MiB/s:               0.00

General statistics:
    total time:                          240.0001s
    total number of events:              52044471

Latency (ms):
         min:                                    0.00
         avg:                                    0.00
         max:                                    0.05
         95th percentile:                        0.01
         sum:                               228067.55

Threads fairness:
    events (avg/stddev):           52044471.0000/0.00
    execution time (avg/stddev):   228.0675/0.00

sysbench 1.0.17 (using bundled LuaJIT 2.1.0-beta2)

Running the test with following options:
Number of threads: 4
Initializing random number generator from current time


Extra file open flags: (none)
64 files, 128MiB each
8GiB total file size
Block size 32KiB
Number of IO requests: 0
Read/Write ratio for combined random IO test: 1.50
Calling fsync() after each write operation.
Using synchronous I/O mode
Doing random read test
Initializing worker threads...

Threads started!


File operations:
    reads/s:                      735693.07
    writes/s:                     0.00
    fsyncs/s:                     0.00

Throughput:
    read, MiB/s:                  22990.41
    written, MiB/s:               0.00

General statistics:
    total time:                          240.0000s
    total number of events:              176567418

Latency (ms):
         min:                                    0.00
         avg:                                    0.00
         max:                                    0.53
         95th percentile:                        0.01
         sum:                               870209.96

Threads fairness:
    events (avg/stddev):           44141854.5000/185174.27
    execution time (avg/stddev):   217.5525/0.15

sysbench 1.0.17 (using bundled LuaJIT 2.1.0-beta2)

Running the test with following options:
Number of threads: 8
Initializing random number generator from current time


Extra file open flags: (none)
64 files, 128MiB each
8GiB total file size
Block size 32KiB
Number of IO requests: 0
Read/Write ratio for combined random IO test: 1.50
Calling fsync() after each write operation.
Using synchronous I/O mode
Doing random read test
Initializing worker threads...

Threads started!


File operations:
    reads/s:                      1130413.39
    writes/s:                     0.00
    fsyncs/s:                     0.00

Throughput:
    read, MiB/s:                  35325.42
    written, MiB/s:               0.00

General statistics:
    total time:                          240.0000s
    total number of events:              271301007

Latency (ms):
         min:                                    0.00
         avg:                                    0.01
         max:                                    0.29
         95th percentile:                        0.01
         sum:                              1600961.45

Threads fairness:
    events (avg/stddev):           33912625.8750/796895.43
    execution time (avg/stddev):   200.1202/1.06

sysbench 1.0.17 (using bundled LuaJIT 2.1.0-beta2)

Running the test with following options:
Number of threads: 16
Initializing random number generator from current time


Extra file open flags: (none)
64 files, 128MiB each
8GiB total file size
Block size 32KiB
Number of IO requests: 0
Read/Write ratio for combined random IO test: 1.50
Calling fsync() after each write operation.
Using synchronous I/O mode
Doing random read test
Initializing worker threads...

Threads started!


File operations:
    reads/s:                      1086072.31
    writes/s:                     0.00
    fsyncs/s:                     0.00

Throughput:
    read, MiB/s:                  33939.76
    written, MiB/s:               0.00

General statistics:
    total time:                          240.0001s
    total number of events:              260659047

Latency (ms):
         min:                                    0.00
         avg:                                    0.01
         max:                                    3.60
         95th percentile:                        0.02
         sum:                              2654903.96

Threads fairness:
    events (avg/stddev):           16291190.4375/24636.89
    execution time (avg/stddev):   165.9315/0.26

sysbench 1.0.17 (using bundled LuaJIT 2.1.0-beta2)

Running the test with following options:
Number of threads: 32
Initializing random number generator from current time


Extra file open flags: (none)
64 files, 128MiB each
8GiB total file size
Block size 32KiB
Number of IO requests: 0
Read/Write ratio for combined random IO test: 1.50
Calling fsync() after each write operation.
Using synchronous I/O mode
Doing random read test
Initializing worker threads...

Threads started!


File operations:
    reads/s:                      1122447.48
    writes/s:                     0.00
    fsyncs/s:                     0.00

Throughput:
    read, MiB/s:                  35076.48
    written, MiB/s:               0.00

General statistics:
    total time:                          240.0001s
    total number of events:              269389112

Latency (ms):
         min:                                    0.00
         avg:                                    0.02
         max:                                    4.07
         95th percentile:                        0.07
         sum:                              4671035.73

Threads fairness:
    events (avg/stddev):           8418409.7500/8518.33
    execution time (avg/stddev):   145.9699/0.10

sysbench 1.0.17 (using bundled LuaJIT 2.1.0-beta2)

Running the test with following options:
Number of threads: 64
Initializing random number generator from current time


Extra file open flags: (none)
64 files, 128MiB each
8GiB total file size
Block size 32KiB
Number of IO requests: 0
Read/Write ratio for combined random IO test: 1.50
Calling fsync() after each write operation.
Using synchronous I/O mode
Doing random read test
Initializing worker threads...

Threads started!


File operations:
    reads/s:                      1131853.74
    writes/s:                     0.00
    fsyncs/s:                     0.00

Throughput:
    read, MiB/s:                  35370.43
    written, MiB/s:               0.00

General statistics:
    total time:                          240.0002s
    total number of events:              271646765

Latency (ms):
         min:                                    0.00
         avg:                                    0.03
         max:                                   20.01
         95th percentile:                        0.19
         sum:                              8691556.49

Threads fairness:
    events (avg/stddev):           4244480.7031/13605.97
    execution time (avg/stddev):   135.8056/0.13

