sysbench 1.0.17 (using bundled LuaJIT 2.1.0-beta2)

Running the test with following options:
Number of threads: 1
Initializing random number generator from current time


Extra file open flags: (none)
64 files, 128MiB each
8GiB total file size
Block size 32KiB
Number of IO requests: 0
Read/Write ratio for combined random IO test: 1.50
Calling fsync() after each write operation.
Using synchronous I/O mode
Doing random read test
Initializing worker threads...

Threads started!


File operations:
    reads/s:                      155089.87
    writes/s:                     0.00
    fsyncs/s:                     0.00

Throughput:
    read, MiB/s:                  4846.56
    written, MiB/s:               0.00

General statistics:
    total time:                          240.0002s
    total number of events:              37221910

Latency (ms):
         min:                                    0.00
         avg:                                    0.01
         max:                                    8.98
         95th percentile:                        0.01
         sum:                               229162.91

Threads fairness:
    events (avg/stddev):           37221910.0000/0.00
    execution time (avg/stddev):   229.1629/0.00

sysbench 1.0.17 (using bundled LuaJIT 2.1.0-beta2)

Running the test with following options:
Number of threads: 4
Initializing random number generator from current time


Extra file open flags: (none)
64 files, 128MiB each
8GiB total file size
Block size 32KiB
Number of IO requests: 0
Read/Write ratio for combined random IO test: 1.50
Calling fsync() after each write operation.
Using synchronous I/O mode
Doing random read test
Initializing worker threads...

Threads started!


File operations:
    reads/s:                      558725.26
    writes/s:                     0.00
    fsyncs/s:                     0.00

Throughput:
    read, MiB/s:                  17460.16
    written, MiB/s:               0.00

General statistics:
    total time:                          240.0002s
    total number of events:              134095317

Latency (ms):
         min:                                    0.00
         avg:                                    0.01
         max:                                   10.72
         95th percentile:                        0.01
         sum:                               894892.33

Threads fairness:
    events (avg/stddev):           33523829.2500/151197.92
    execution time (avg/stddev):   223.7231/0.20

sysbench 1.0.17 (using bundled LuaJIT 2.1.0-beta2)

Running the test with following options:
Number of threads: 8
Initializing random number generator from current time


Extra file open flags: (none)
64 files, 128MiB each
8GiB total file size
Block size 32KiB
Number of IO requests: 0
Read/Write ratio for combined random IO test: 1.50
Calling fsync() after each write operation.
Using synchronous I/O mode
Doing random read test
Initializing worker threads...

Threads started!


File operations:
    reads/s:                      915470.21
    writes/s:                     0.00
    fsyncs/s:                     0.00

Throughput:
    read, MiB/s:                  28608.44
    written, MiB/s:               0.00

General statistics:
    total time:                          240.0001s
    total number of events:              219715033

Latency (ms):
         min:                                    0.00
         avg:                                    0.01
         max:                                   10.20
         95th percentile:                        0.01
         sum:                              1700821.02

Threads fairness:
    events (avg/stddev):           27464379.1250/100029.67
    execution time (avg/stddev):   212.6026/0.19

sysbench 1.0.17 (using bundled LuaJIT 2.1.0-beta2)

Running the test with following options:
Number of threads: 16
Initializing random number generator from current time


Extra file open flags: (none)
64 files, 128MiB each
8GiB total file size
Block size 32KiB
Number of IO requests: 0
Read/Write ratio for combined random IO test: 1.50
Calling fsync() after each write operation.
Using synchronous I/O mode
Doing random read test
Initializing worker threads...

Threads started!


File operations:
    reads/s:                      1083508.18
    writes/s:                     0.00
    fsyncs/s:                     0.00

Throughput:
    read, MiB/s:                  33859.63
    written, MiB/s:               0.00

General statistics:
    total time:                          240.0002s
    total number of events:              260044503

Latency (ms):
         min:                                    0.00
         avg:                                    0.01
         max:                                   13.30
         95th percentile:                        0.02
         sum:                              2900410.03

Threads fairness:
    events (avg/stddev):           16252781.4375/20654.75
    execution time (avg/stddev):   181.2756/0.16

sysbench 1.0.17 (using bundled LuaJIT 2.1.0-beta2)

Running the test with following options:
Number of threads: 32
Initializing random number generator from current time


Extra file open flags: (none)
64 files, 128MiB each
8GiB total file size
Block size 32KiB
Number of IO requests: 0
Read/Write ratio for combined random IO test: 1.50
Calling fsync() after each write operation.
Using synchronous I/O mode
Doing random read test
Initializing worker threads...

Threads started!


File operations:
    reads/s:                      1103371.73
    writes/s:                     0.00
    fsyncs/s:                     0.00

Throughput:
    read, MiB/s:                  34480.37
    written, MiB/s:               0.00

General statistics:
    total time:                          240.0003s
    total number of events:              264811748

Latency (ms):
         min:                                    0.00
         avg:                                    0.02
         max:                                   29.34
         95th percentile:                        0.06
         sum:                              4960391.61

Threads fairness:
    events (avg/stddev):           8275367.1250/17563.59
    execution time (avg/stddev):   155.0122/0.20

sysbench 1.0.17 (using bundled LuaJIT 2.1.0-beta2)

Running the test with following options:
Number of threads: 64
Initializing random number generator from current time


Extra file open flags: (none)
64 files, 128MiB each
8GiB total file size
Block size 32KiB
Number of IO requests: 0
Read/Write ratio for combined random IO test: 1.50
Calling fsync() after each write operation.
Using synchronous I/O mode
Doing random read test
Initializing worker threads...

Threads started!


File operations:
    reads/s:                      1115945.89
    writes/s:                     0.00
    fsyncs/s:                     0.00

Throughput:
    read, MiB/s:                  34873.31
    written, MiB/s:               0.00

General statistics:
    total time:                          240.0005s
    total number of events:              267829787

Latency (ms):
         min:                                    0.00
         avg:                                    0.03
         max:                                   66.88
         95th percentile:                        0.12
         sum:                              9007816.59

Threads fairness:
    events (avg/stddev):           4184840.4219/8417.26
    execution time (avg/stddev):   140.7471/0.23

