sysbench 1.0.17 (using bundled LuaJIT 2.1.0-beta2)

Running the test with following options:
Number of threads: 1
Initializing random number generator from current time


Extra file open flags: (none)
64 files, 128MiB each
8GiB total file size
Block size 32KiB
Number of IO requests: 0
Read/Write ratio for combined random IO test: 1.50
Calling fsync() after each write operation.
Using synchronous I/O mode
Doing random write test
Initializing worker threads...

Threads started!


File operations:
    reads/s:                      0.00
    writes/s:                     1852.59
    fsyncs/s:                     1852.59

Throughput:
    read, MiB/s:                  0.00
    written, MiB/s:               57.89

General statistics:
    total time:                          240.0001s
    total number of events:              444625

Latency (ms):
         min:                                    0.10
         avg:                                    0.54
         max:                                   39.31
         95th percentile:                        0.77
         sum:                               239390.96

Threads fairness:
    events (avg/stddev):           444625.0000/0.00
    execution time (avg/stddev):   239.3910/0.00

sysbench 1.0.17 (using bundled LuaJIT 2.1.0-beta2)

Running the test with following options:
Number of threads: 4
Initializing random number generator from current time


Extra file open flags: (none)
64 files, 128MiB each
8GiB total file size
Block size 32KiB
Number of IO requests: 0
Read/Write ratio for combined random IO test: 1.50
Calling fsync() after each write operation.
Using synchronous I/O mode
Doing random write test
Initializing worker threads...

Threads started!


File operations:
    reads/s:                      0.00
    writes/s:                     8775.51
    fsyncs/s:                     8775.51

Throughput:
    read, MiB/s:                  0.00
    written, MiB/s:               274.23

General statistics:
    total time:                          240.0003s
    total number of events:              2106146

Latency (ms):
         min:                                    0.09
         avg:                                    0.45
         max:                                   15.42
         95th percentile:                        0.70
         sum:                               957654.73

Threads fairness:
    events (avg/stddev):           526536.5000/393.05
    execution time (avg/stddev):   239.4137/0.00

sysbench 1.0.17 (using bundled LuaJIT 2.1.0-beta2)

Running the test with following options:
Number of threads: 8
Initializing random number generator from current time


Extra file open flags: (none)
64 files, 128MiB each
8GiB total file size
Block size 32KiB
Number of IO requests: 0
Read/Write ratio for combined random IO test: 1.50
Calling fsync() after each write operation.
Using synchronous I/O mode
Doing random write test
Initializing worker threads...

Threads started!


File operations:
    reads/s:                      0.00
    writes/s:                     14921.16
    fsyncs/s:                     14921.16

Throughput:
    read, MiB/s:                  0.00
    written, MiB/s:               466.29

General statistics:
    total time:                          240.0006s
    total number of events:              3581121

Latency (ms):
         min:                                    0.09
         avg:                                    0.53
         max:                                   20.14
         95th percentile:                        0.83
         sum:                              1915129.29

Threads fairness:
    events (avg/stddev):           447640.1250/284.14
    execution time (avg/stddev):   239.3912/0.00

sysbench 1.0.17 (using bundled LuaJIT 2.1.0-beta2)

Running the test with following options:
Number of threads: 16
Initializing random number generator from current time


Extra file open flags: (none)
64 files, 128MiB each
8GiB total file size
Block size 32KiB
Number of IO requests: 0
Read/Write ratio for combined random IO test: 1.50
Calling fsync() after each write operation.
Using synchronous I/O mode
Doing random write test
Initializing worker threads...

Threads started!


File operations:
    reads/s:                      0.00
    writes/s:                     15596.34
    fsyncs/s:                     15596.34

Throughput:
    read, MiB/s:                  0.00
    written, MiB/s:               487.39

General statistics:
    total time:                          240.0176s
    total number of events:              3743424

Latency (ms):
         min:                                    0.09
         avg:                                    1.02
         max:                                   32.88
         95th percentile:                        1.10
         sum:                              3833742.30

Threads fairness:
    events (avg/stddev):           233964.0000/267.44
    execution time (avg/stddev):   239.6089/0.01

sysbench 1.0.17 (using bundled LuaJIT 2.1.0-beta2)

Running the test with following options:
Number of threads: 32
Initializing random number generator from current time


Extra file open flags: (none)
64 files, 128MiB each
8GiB total file size
Block size 32KiB
Number of IO requests: 0
Read/Write ratio for combined random IO test: 1.50
Calling fsync() after each write operation.
Using synchronous I/O mode
Doing random write test
Initializing worker threads...

Threads started!


File operations:
    reads/s:                      0.00
    writes/s:                     15945.04
    fsyncs/s:                     15945.04

Throughput:
    read, MiB/s:                  0.00
    written, MiB/s:               498.28

General statistics:
    total time:                          240.0005s
    total number of events:              3826849

Latency (ms):
         min:                                    0.10
         avg:                                    2.00
         max:                                   40.96
         95th percentile:                        2.00
         sum:                              7671788.58

Threads fairness:
    events (avg/stddev):           119589.0312/201.35
    execution time (avg/stddev):   239.7434/0.01

sysbench 1.0.17 (using bundled LuaJIT 2.1.0-beta2)

Running the test with following options:
Number of threads: 64
Initializing random number generator from current time


Extra file open flags: (none)
64 files, 128MiB each
8GiB total file size
Block size 32KiB
Number of IO requests: 0
Read/Write ratio for combined random IO test: 1.50
Calling fsync() after each write operation.
Using synchronous I/O mode
Doing random write test
Initializing worker threads...

Threads started!


File operations:
    reads/s:                      0.00
    writes/s:                     16098.34
    fsyncs/s:                     16098.34

Throughput:
    read, MiB/s:                  0.00
    written, MiB/s:               503.07

General statistics:
    total time:                          240.0184s
    total number of events:              3863930

Latency (ms):
         min:                                    0.10
         avg:                                    3.97
         max:                                   46.86
         95th percentile:                       36.89
         sum:                             15352483.01

Threads fairness:
    events (avg/stddev):           60373.9062/128.84
    execution time (avg/stddev):   239.8825/0.01

