sysbench 1.0.17 (using bundled LuaJIT 2.1.0-beta2)

Running the test with following options:
Number of threads: 1
Initializing random number generator from current time


Extra file open flags: (none)
64 files, 128MiB each
8GiB total file size
Block size 32KiB
Number of IO requests: 0
Read/Write ratio for combined random IO test: 1.50
Calling fsync() after each write operation.
Using synchronous I/O mode
Doing random write test
Initializing worker threads...

Threads started!


File operations:
    reads/s:                      0.00
    writes/s:                     3699.60
    fsyncs/s:                     3699.60

Throughput:
    read, MiB/s:                  0.00
    written, MiB/s:               115.61

General statistics:
    total time:                          240.0003s
    total number of events:              887912

Latency (ms):
         min:                                    0.10
         avg:                                    0.27
         max:                                   10.19
         95th percentile:                        0.37
         sum:                               239603.61

Threads fairness:
    events (avg/stddev):           887912.0000/0.00
    execution time (avg/stddev):   239.6036/0.00

sysbench 1.0.17 (using bundled LuaJIT 2.1.0-beta2)

Running the test with following options:
Number of threads: 4
Initializing random number generator from current time


Extra file open flags: (none)
64 files, 128MiB each
8GiB total file size
Block size 32KiB
Number of IO requests: 0
Read/Write ratio for combined random IO test: 1.50
Calling fsync() after each write operation.
Using synchronous I/O mode
Doing random write test
Initializing worker threads...

Threads started!


File operations:
    reads/s:                      0.00
    writes/s:                     10824.51
    fsyncs/s:                     10824.51

Throughput:
    read, MiB/s:                  0.00
    written, MiB/s:               338.27

General statistics:
    total time:                          240.0013s
    total number of events:              2597915

Latency (ms):
         min:                                    0.10
         avg:                                    0.37
         max:                                   16.33
         95th percentile:                        0.80
         sum:                               958319.99

Threads fairness:
    events (avg/stddev):           649478.7500/651.30
    execution time (avg/stddev):   239.5800/0.00

sysbench 1.0.17 (using bundled LuaJIT 2.1.0-beta2)

Running the test with following options:
Number of threads: 8
Initializing random number generator from current time


Extra file open flags: (none)
64 files, 128MiB each
8GiB total file size
Block size 32KiB
Number of IO requests: 0
Read/Write ratio for combined random IO test: 1.50
Calling fsync() after each write operation.
Using synchronous I/O mode
Doing random write test
Initializing worker threads...

Threads started!


File operations:
    reads/s:                      0.00
    writes/s:                     11343.19
    fsyncs/s:                     11343.19

Throughput:
    read, MiB/s:                  0.00
    written, MiB/s:               354.47

General statistics:
    total time:                          240.0005s
    total number of events:              2722391

Latency (ms):
         min:                                    0.10
         avg:                                    0.70
         max:                                  139.00
         95th percentile:                        1.12
         sum:                              1918059.56

Threads fairness:
    events (avg/stddev):           340298.8750/930.81
    execution time (avg/stddev):   239.7574/0.00

sysbench 1.0.17 (using bundled LuaJIT 2.1.0-beta2)

Running the test with following options:
Number of threads: 16
Initializing random number generator from current time


Extra file open flags: (none)
64 files, 128MiB each
8GiB total file size
Block size 32KiB
Number of IO requests: 0
Read/Write ratio for combined random IO test: 1.50
Calling fsync() after each write operation.
Using synchronous I/O mode
Doing random write test
Initializing worker threads...

Threads started!


File operations:
    reads/s:                      0.00
    writes/s:                     11737.24
    fsyncs/s:                     11737.24

Throughput:
    read, MiB/s:                  0.00
    written, MiB/s:               366.79

General statistics:
    total time:                          240.0038s
    total number of events:              2817003

Latency (ms):
         min:                                    0.10
         avg:                                    1.36
         max:                                   11.66
         95th percentile:                        3.68
         sum:                              3836222.10

Threads fairness:
    events (avg/stddev):           176062.6875/219.72
    execution time (avg/stddev):   239.7639/0.00

sysbench 1.0.17 (using bundled LuaJIT 2.1.0-beta2)

Running the test with following options:
Number of threads: 32
Initializing random number generator from current time


Extra file open flags: (none)
64 files, 128MiB each
8GiB total file size
Block size 32KiB
Number of IO requests: 0
Read/Write ratio for combined random IO test: 1.50
Calling fsync() after each write operation.
Using synchronous I/O mode
Doing random write test
Initializing worker threads...

Threads started!


File operations:
    reads/s:                      0.00
    writes/s:                     12019.60
    fsyncs/s:                     12019.60

Throughput:
    read, MiB/s:                  0.00
    written, MiB/s:               375.61

General statistics:
    total time:                          240.0049s
    total number of events:              2884780

Latency (ms):
         min:                                    0.10
         avg:                                    2.66
         max:                                   22.32
         95th percentile:                        7.30
         sum:                              7673970.15

Threads fairness:
    events (avg/stddev):           90149.3750/240.97
    execution time (avg/stddev):   239.8116/0.00

sysbench 1.0.17 (using bundled LuaJIT 2.1.0-beta2)

Running the test with following options:
Number of threads: 64
Initializing random number generator from current time


Extra file open flags: (none)
64 files, 128MiB each
8GiB total file size
Block size 32KiB
Number of IO requests: 0
Read/Write ratio for combined random IO test: 1.50
Calling fsync() after each write operation.
Using synchronous I/O mode
Doing random write test
Initializing worker threads...

Threads started!


File operations:
    reads/s:                      0.00
    writes/s:                     12210.61
    fsyncs/s:                     12210.61

Throughput:
    read, MiB/s:                  0.00
    written, MiB/s:               381.58

General statistics:
    total time:                          240.0018s
    total number of events:              2930587

Latency (ms):
         min:                                    0.10
         avg:                                    5.24
         max:                                   62.53
         95th percentile:                       13.22
         sum:                             15351483.60

Threads fairness:
    events (avg/stddev):           45790.4219/93.97
    execution time (avg/stddev):   239.8669/0.00

