sysbench 1.0.17 (using bundled LuaJIT 2.1.0-beta2)

Running the test with following options:
Number of threads: 1
Initializing random number generator from current time


Extra file open flags: (none)
64 files, 128MiB each
8GiB total file size
Block size 32KiB
Number of IO requests: 0
Read/Write ratio for combined random IO test: 1.50
Calling fsync() after each write operation.
Using synchronous I/O mode
Doing random write test
Initializing worker threads...

Threads started!


File operations:
    reads/s:                      0.00
    writes/s:                     2852.62
    fsyncs/s:                     2852.62

Throughput:
    read, MiB/s:                  0.00
    written, MiB/s:               89.14

General statistics:
    total time:                          240.0059s
    total number of events:              684651

Latency (ms):
         min:                                    0.08
         avg:                                    0.35
         max:                                   90.05
         95th percentile:                        0.48
         sum:                               239201.53

Threads fairness:
    events (avg/stddev):           684651.0000/0.00
    execution time (avg/stddev):   239.2015/0.00

sysbench 1.0.17 (using bundled LuaJIT 2.1.0-beta2)

Running the test with following options:
Number of threads: 4
Initializing random number generator from current time


Extra file open flags: (none)
64 files, 128MiB each
8GiB total file size
Block size 32KiB
Number of IO requests: 0
Read/Write ratio for combined random IO test: 1.50
Calling fsync() after each write operation.
Using synchronous I/O mode
Doing random write test
Initializing worker threads...

Threads started!


File operations:
    reads/s:                      0.00
    writes/s:                     6724.18
    fsyncs/s:                     6724.18

Throughput:
    read, MiB/s:                  0.00
    written, MiB/s:               210.13

General statistics:
    total time:                          240.0003s
    total number of events:              1613817

Latency (ms):
         min:                                    0.07
         avg:                                    0.59
         max:                                   31.04
         95th percentile:                        1.12
         sum:                               958246.13

Threads fairness:
    events (avg/stddev):           403454.2500/236.49
    execution time (avg/stddev):   239.5615/0.00

sysbench 1.0.17 (using bundled LuaJIT 2.1.0-beta2)

Running the test with following options:
Number of threads: 8
Initializing random number generator from current time


Extra file open flags: (none)
64 files, 128MiB each
8GiB total file size
Block size 32KiB
Number of IO requests: 0
Read/Write ratio for combined random IO test: 1.50
Calling fsync() after each write operation.
Using synchronous I/O mode
Doing random write test
Initializing worker threads...

Threads started!

