sysbench 1.0.17 (using bundled LuaJIT 2.1.0-beta2)

Running the test with following options:
Number of threads: 1
Initializing random number generator from current time


Extra file open flags: (none)
64 files, 128MiB each
8GiB total file size
Block size 32KiB
Number of IO requests: 0
Read/Write ratio for combined random IO test: 1.50
Calling fsync() after each write operation.
Using synchronous I/O mode
Doing random read test
Initializing worker threads...

Threads started!


File operations:
    reads/s:                      217514.64
    writes/s:                     0.00
    fsyncs/s:                     0.00

Throughput:
    read, MiB/s:                  6797.33
    written, MiB/s:               0.00

General statistics:
    total time:                          240.0001s
    total number of events:              52203866

Latency (ms):
         min:                                    0.00
         avg:                                    0.00
         max:                                    0.56
         95th percentile:                        0.01
         sum:                               229005.86

Threads fairness:
    events (avg/stddev):           52203866.0000/0.00
    execution time (avg/stddev):   229.0059/0.00

sysbench 1.0.17 (using bundled LuaJIT 2.1.0-beta2)

Running the test with following options:
Number of threads: 4
Initializing random number generator from current time


Extra file open flags: (none)
64 files, 128MiB each
8GiB total file size
Block size 32KiB
Number of IO requests: 0
Read/Write ratio for combined random IO test: 1.50
Calling fsync() after each write operation.
Using synchronous I/O mode
Doing random read test
Initializing worker threads...

Threads started!


File operations:
    reads/s:                      730555.21
    writes/s:                     0.00
    fsyncs/s:                     0.00

Throughput:
    read, MiB/s:                  22829.85
    written, MiB/s:               0.00

General statistics:
    total time:                          240.0001s
    total number of events:              175334400

Latency (ms):
         min:                                    0.00
         avg:                                    0.00
         max:                                    0.57
         95th percentile:                        0.01
         sum:                               870021.76

Threads fairness:
    events (avg/stddev):           43833600.0000/79907.42
    execution time (avg/stddev):   217.5054/0.20

sysbench 1.0.17 (using bundled LuaJIT 2.1.0-beta2)

Running the test with following options:
Number of threads: 8
Initializing random number generator from current time


Extra file open flags: (none)
64 files, 128MiB each
8GiB total file size
Block size 32KiB
Number of IO requests: 0
Read/Write ratio for combined random IO test: 1.50
Calling fsync() after each write operation.
Using synchronous I/O mode
Doing random read test
Initializing worker threads...

Threads started!


File operations:
    reads/s:                      1156951.88
    writes/s:                     0.00
    fsyncs/s:                     0.00

Throughput:
    read, MiB/s:                  36154.75
    written, MiB/s:               0.00

General statistics:
    total time:                          240.0002s
    total number of events:              277670425

Latency (ms):
         min:                                    0.00
         avg:                                    0.01
         max:                                    0.60
         95th percentile:                        0.01
         sum:                              1602597.21

Threads fairness:
    events (avg/stddev):           34708803.1250/102963.81
    execution time (avg/stddev):   200.3247/0.24

sysbench 1.0.17 (using bundled LuaJIT 2.1.0-beta2)

Running the test with following options:
Number of threads: 16
Initializing random number generator from current time


Extra file open flags: (none)
64 files, 128MiB each
8GiB total file size
Block size 32KiB
Number of IO requests: 0
Read/Write ratio for combined random IO test: 1.50
Calling fsync() after each write operation.
Using synchronous I/O mode
Doing random read test
Initializing worker threads...

Threads started!


File operations:
    reads/s:                      1120728.79
    writes/s:                     0.00
    fsyncs/s:                     0.00

Throughput:
    read, MiB/s:                  35022.77
    written, MiB/s:               0.00

General statistics:
    total time:                          240.0002s
    total number of events:              268976849

Latency (ms):
         min:                                    0.00
         avg:                                    0.01
         max:                                   15.08
         95th percentile:                        0.02
         sum:                              2672628.11

Threads fairness:
    events (avg/stddev):           16811053.0625/42038.34
    execution time (avg/stddev):   167.0393/0.28

sysbench 1.0.17 (using bundled LuaJIT 2.1.0-beta2)

Running the test with following options:
Number of threads: 32
Initializing random number generator from current time


Extra file open flags: (none)
64 files, 128MiB each
8GiB total file size
Block size 32KiB
Number of IO requests: 0
Read/Write ratio for combined random IO test: 1.50
Calling fsync() after each write operation.
Using synchronous I/O mode
Doing random read test
Initializing worker threads...

Threads started!


File operations:
    reads/s:                      1106034.15
    writes/s:                     0.00
    fsyncs/s:                     0.00

Throughput:
    read, MiB/s:                  34563.57
    written, MiB/s:               0.00

General statistics:
    total time:                          240.0004s
    total number of events:              265450279

Latency (ms):
         min:                                    0.00
         avg:                                    0.02
         max:                                   26.36
         95th percentile:                        0.07
         sum:                              4643252.86

Threads fairness:
    events (avg/stddev):           8295321.2188/29985.37
    execution time (avg/stddev):   145.1017/0.10

sysbench 1.0.17 (using bundled LuaJIT 2.1.0-beta2)

Running the test with following options:
Number of threads: 64
Initializing random number generator from current time


Extra file open flags: (none)
64 files, 128MiB each
8GiB total file size
Block size 32KiB
Number of IO requests: 0
Read/Write ratio for combined random IO test: 1.50
Calling fsync() after each write operation.
Using synchronous I/O mode
Doing random read test
Initializing worker threads...

Threads started!


File operations:
    reads/s:                      1111466.37
    writes/s:                     0.00
    fsyncs/s:                     0.00

Throughput:
    read, MiB/s:                  34733.32
    written, MiB/s:               0.00

General statistics:
    total time:                          240.0006s
    total number of events:              266754299

Latency (ms):
         min:                                    0.00
         avg:                                    0.03
         max:                                   36.23
         95th percentile:                        0.19
         sum:                              8667871.49

Threads fairness:
    events (avg/stddev):           4168035.9219/5580.02
    execution time (avg/stddev):   135.4355/0.12

