sysbench 1.0.17 (using bundled LuaJIT 2.1.0-beta2)

Running the test with following options:
Number of threads: 1
Initializing random number generator from current time


Extra file open flags: (none)
64 files, 128MiB each
8GiB total file size
Block size 32KiB
Number of IO requests: 0
Read/Write ratio for combined random IO test: 1.50
Calling fsync() after each write operation.
Using synchronous I/O mode
Doing random read test
Initializing worker threads...

Threads started!


File operations:
    reads/s:                      201446.34
    writes/s:                     0.00
    fsyncs/s:                     0.00

Throughput:
    read, MiB/s:                  6295.20
    written, MiB/s:               0.00

General statistics:
    total time:                          240.0001s
    total number of events:              48347431

Latency (ms):
         min:                                    0.00
         avg:                                    0.00
         max:                                    0.05
         95th percentile:                        0.01
         sum:                               228469.88

Threads fairness:
    events (avg/stddev):           48347431.0000/0.00
    execution time (avg/stddev):   228.4699/0.00

sysbench 1.0.17 (using bundled LuaJIT 2.1.0-beta2)

Running the test with following options:
Number of threads: 4
Initializing random number generator from current time


Extra file open flags: (none)
64 files, 128MiB each
8GiB total file size
Block size 32KiB
Number of IO requests: 0
Read/Write ratio for combined random IO test: 1.50
Calling fsync() after each write operation.
Using synchronous I/O mode
Doing random read test
Initializing worker threads...

Threads started!


File operations:
    reads/s:                      671101.79
    writes/s:                     0.00
    fsyncs/s:                     0.00

Throughput:
    read, MiB/s:                  20971.93
    written, MiB/s:               0.00

General statistics:
    total time:                          240.0000s
    total number of events:              161065438

Latency (ms):
         min:                                    0.00
         avg:                                    0.01
         max:                                    1.63
         95th percentile:                        0.01
         sum:                               862468.67

Threads fairness:
    events (avg/stddev):           40266359.5000/568375.27
    execution time (avg/stddev):   215.6172/0.07

sysbench 1.0.17 (using bundled LuaJIT 2.1.0-beta2)

Running the test with following options:
Number of threads: 8
Initializing random number generator from current time


Extra file open flags: (none)
64 files, 128MiB each
8GiB total file size
Block size 32KiB
Number of IO requests: 0
Read/Write ratio for combined random IO test: 1.50
Calling fsync() after each write operation.
Using synchronous I/O mode
Doing random read test
Initializing worker threads...

Threads started!


File operations:
    reads/s:                      1022184.43
    writes/s:                     0.00
    fsyncs/s:                     0.00

Throughput:
    read, MiB/s:                  31943.26
    written, MiB/s:               0.00

General statistics:
    total time:                          240.0001s
    total number of events:              245325826

Latency (ms):
         min:                                    0.00
         avg:                                    0.01
         max:                                    0.96
         95th percentile:                        0.01
         sum:                              1574186.92

Threads fairness:
    events (avg/stddev):           30665728.2500/835396.73
    execution time (avg/stddev):   196.7734/1.92

sysbench 1.0.17 (using bundled LuaJIT 2.1.0-beta2)

Running the test with following options:
Number of threads: 16
Initializing random number generator from current time


Extra file open flags: (none)
64 files, 128MiB each
8GiB total file size
Block size 32KiB
Number of IO requests: 0
Read/Write ratio for combined random IO test: 1.50
Calling fsync() after each write operation.
Using synchronous I/O mode
Doing random read test
Initializing worker threads...

Threads started!


File operations:
    reads/s:                      930033.39
    writes/s:                     0.00
    fsyncs/s:                     0.00

Throughput:
    read, MiB/s:                  29063.54
    written, MiB/s:               0.00

General statistics:
    total time:                          240.0001s
    total number of events:              223209465

Latency (ms):
         min:                                    0.00
         avg:                                    0.01
         max:                                    3.16
         95th percentile:                        0.03
         sum:                              2593067.09

Threads fairness:
    events (avg/stddev):           13950591.5625/23007.42
    execution time (avg/stddev):   162.0667/0.30

sysbench 1.0.17 (using bundled LuaJIT 2.1.0-beta2)

Running the test with following options:
Number of threads: 32
Initializing random number generator from current time


Extra file open flags: (none)
64 files, 128MiB each
8GiB total file size
Block size 32KiB
Number of IO requests: 0
Read/Write ratio for combined random IO test: 1.50
Calling fsync() after each write operation.
Using synchronous I/O mode
Doing random read test
Initializing worker threads...

Threads started!


File operations:
    reads/s:                      978035.15
    writes/s:                     0.00
    fsyncs/s:                     0.00

Throughput:
    read, MiB/s:                  30563.60
    written, MiB/s:               0.00

General statistics:
    total time:                          240.0001s
    total number of events:              234730009

Latency (ms):
         min:                                    0.00
         avg:                                    0.02
         max:                                    4.19
         95th percentile:                        0.08
         sum:                              4611621.55

Threads fairness:
    events (avg/stddev):           7335312.7812/9109.49
    execution time (avg/stddev):   144.1132/0.09

sysbench 1.0.17 (using bundled LuaJIT 2.1.0-beta2)

Running the test with following options:
Number of threads: 64
Initializing random number generator from current time


Extra file open flags: (none)
64 files, 128MiB each
8GiB total file size
Block size 32KiB
Number of IO requests: 0
Read/Write ratio for combined random IO test: 1.50
Calling fsync() after each write operation.
Using synchronous I/O mode
Doing random read test
Initializing worker threads...

Threads started!


File operations:
    reads/s:                      988979.16
    writes/s:                     0.00
    fsyncs/s:                     0.00

Throughput:
    read, MiB/s:                  30905.60
    written, MiB/s:               0.00

General statistics:
    total time:                          240.0002s
    total number of events:              237356637

Latency (ms):
         min:                                    0.00
         avg:                                    0.04
         max:                                   25.89
         95th percentile:                        0.21
         sum:                              8625332.14

Threads fairness:
    events (avg/stddev):           3708697.4531/13981.66
    execution time (avg/stddev):   134.7708/0.13

