sysbench 1.0.17 (using bundled LuaJIT 2.1.0-beta2)

Running the test with following options:
Number of threads: 1
Initializing random number generator from current time


Extra file open flags: (none)
64 files, 128MiB each
8GiB total file size
Block size 32KiB
Number of IO requests: 0
Read/Write ratio for combined random IO test: 1.50
Calling fsync() after each write operation.
Using synchronous I/O mode
Doing random write test
Initializing worker threads...

Threads started!


File operations:
    reads/s:                      0.00
    writes/s:                     8159.06
    fsyncs/s:                     8159.06

Throughput:
    read, MiB/s:                  0.00
    written, MiB/s:               254.97

General statistics:
    total time:                          240.0001s
    total number of events:              1958187

Latency (ms):
         min:                                    0.05
         avg:                                    0.12
         max:                                    1.66
         95th percentile:                        0.16
         sum:                               239300.54

Threads fairness:
    events (avg/stddev):           1958187.0000/0.00
    execution time (avg/stddev):   239.3005/0.00

sysbench 1.0.17 (using bundled LuaJIT 2.1.0-beta2)

Running the test with following options:
Number of threads: 4
Initializing random number generator from current time


Extra file open flags: (none)
64 files, 128MiB each
8GiB total file size
Block size 32KiB
Number of IO requests: 0
Read/Write ratio for combined random IO test: 1.50
Calling fsync() after each write operation.
Using synchronous I/O mode
Doing random write test
Initializing worker threads...

Threads started!


File operations:
    reads/s:                      0.00
    writes/s:                     9319.82
    fsyncs/s:                     9319.82

Throughput:
    read, MiB/s:                  0.00
    written, MiB/s:               291.24

General statistics:
    total time:                          240.0002s
    total number of events:              2236773

Latency (ms):
         min:                                    0.05
         avg:                                    0.43
         max:                                    2.56
         95th percentile:                        0.65
         sum:                               958834.71

Threads fairness:
    events (avg/stddev):           559193.2500/176.19
    execution time (avg/stddev):   239.7087/0.00

sysbench 1.0.17 (using bundled LuaJIT 2.1.0-beta2)

Running the test with following options:
Number of threads: 8
Initializing random number generator from current time


Extra file open flags: (none)
64 files, 128MiB each
8GiB total file size
Block size 32KiB
Number of IO requests: 0
Read/Write ratio for combined random IO test: 1.50
Calling fsync() after each write operation.
Using synchronous I/O mode
Doing random write test
Initializing worker threads...

Threads started!


File operations:
    reads/s:                      0.00
    writes/s:                     9648.63
    fsyncs/s:                     9648.63

Throughput:
    read, MiB/s:                  0.00
    written, MiB/s:               301.52

General statistics:
    total time:                          240.0008s
    total number of events:              2315692

Latency (ms):
         min:                                    0.05
         avg:                                    0.83
         max:                                    2.27
         95th percentile:                        1.25
         sum:                              1917396.20

Threads fairness:
    events (avg/stddev):           289461.5000/208.52
    execution time (avg/stddev):   239.6745/0.00

sysbench 1.0.17 (using bundled LuaJIT 2.1.0-beta2)

Running the test with following options:
Number of threads: 16
Initializing random number generator from current time


Extra file open flags: (none)
64 files, 128MiB each
8GiB total file size
Block size 32KiB
Number of IO requests: 0
Read/Write ratio for combined random IO test: 1.50
Calling fsync() after each write operation.
Using synchronous I/O mode
Doing random write test
Initializing worker threads...

Threads started!


File operations:
    reads/s:                      0.00
    writes/s:                     9934.03
    fsyncs/s:                     9934.03

Throughput:
    read, MiB/s:                  0.00
    written, MiB/s:               310.44

General statistics:
    total time:                          240.0002s
    total number of events:              2384182

Latency (ms):
         min:                                    0.05
         avg:                                    1.61
         max:                                    4.16
         95th percentile:                        2.30
         sum:                              3836039.11

Threads fairness:
    events (avg/stddev):           149011.3750/115.67
    execution time (avg/stddev):   239.7524/0.00

sysbench 1.0.17 (using bundled LuaJIT 2.1.0-beta2)

Running the test with following options:
Number of threads: 32
Initializing random number generator from current time


Extra file open flags: (none)
64 files, 128MiB each
8GiB total file size
Block size 32KiB
Number of IO requests: 0
Read/Write ratio for combined random IO test: 1.50
Calling fsync() after each write operation.
Using synchronous I/O mode
Doing random write test
Initializing worker threads...

Threads started!


File operations:
    reads/s:                      0.00
    writes/s:                     10209.06
    fsyncs/s:                     10209.06

Throughput:
    read, MiB/s:                  0.00
    written, MiB/s:               319.03

General statistics:
    total time:                          240.0011s
    total number of events:              2450201

Latency (ms):
         min:                                    0.05
         avg:                                    3.13
         max:                                    7.58
         95th percentile:                        4.25
         sum:                              7674076.24

Threads fairness:
    events (avg/stddev):           76568.7812/83.87
    execution time (avg/stddev):   239.8149/0.00

sysbench 1.0.17 (using bundled LuaJIT 2.1.0-beta2)

Running the test with following options:
Number of threads: 64
Initializing random number generator from current time


Extra file open flags: (none)
64 files, 128MiB each
8GiB total file size
Block size 32KiB
Number of IO requests: 0
Read/Write ratio for combined random IO test: 1.50
Calling fsync() after each write operation.
Using synchronous I/O mode
Doing random write test
Initializing worker threads...

Threads started!


File operations:
    reads/s:                      0.00
    writes/s:                     10397.27
    fsyncs/s:                     10397.27

Throughput:
    read, MiB/s:                  0.00
    written, MiB/s:               324.91

General statistics:
    total time:                          240.0034s
    total number of events:              2495392

Latency (ms):
         min:                                    0.06
         avg:                                    6.15
         max:                                   14.59
         95th percentile:                        7.43
         sum:                             15349956.36

Threads fairness:
    events (avg/stddev):           38990.5000/28.50
    execution time (avg/stddev):   239.8431/0.00

