sysbench 1.0.17 (using bundled LuaJIT 2.1.0-beta2)

Running the test with following options:
Number of threads: 1
Initializing random number generator from current time


Extra file open flags: (none)
64 files, 128MiB each
8GiB total file size
Block size 32KiB
Number of IO requests: 0
Read/Write ratio for combined random IO test: 1.50
Calling fsync() after each write operation.
Using synchronous I/O mode
Doing random read test
Initializing worker threads...

Threads started!


File operations:
    reads/s:                      139848.98
    writes/s:                     0.00
    fsyncs/s:                     0.00

Throughput:
    read, MiB/s:                  4370.28
    written, MiB/s:               0.00

General statistics:
    total time:                          240.0002s
    total number of events:              33564101

Latency (ms):
         min:                                    0.00
         avg:                                    0.01
         max:                                   11.12
         95th percentile:                        0.01
         sum:                               227337.75

Threads fairness:
    events (avg/stddev):           33564101.0000/0.00
    execution time (avg/stddev):   227.3378/0.00

sysbench 1.0.17 (using bundled LuaJIT 2.1.0-beta2)

Running the test with following options:
Number of threads: 4
Initializing random number generator from current time


Extra file open flags: (none)
64 files, 128MiB each
8GiB total file size
Block size 32KiB
Number of IO requests: 0
Read/Write ratio for combined random IO test: 1.50
Calling fsync() after each write operation.
Using synchronous I/O mode
Doing random read test
Initializing worker threads...

Threads started!


File operations:
    reads/s:                      491499.11
    writes/s:                     0.00
    fsyncs/s:                     0.00

Throughput:
    read, MiB/s:                  15359.35
    written, MiB/s:               0.00

General statistics:
    total time:                          240.0002s
    total number of events:              117961039

Latency (ms):
         min:                                    0.00
         avg:                                    0.01
         max:                                   14.21
         95th percentile:                        0.01
         sum:                               896411.68

Threads fairness:
    events (avg/stddev):           29490259.7500/200554.82
    execution time (avg/stddev):   224.1029/0.23

sysbench 1.0.17 (using bundled LuaJIT 2.1.0-beta2)

Running the test with following options:
Number of threads: 8
Initializing random number generator from current time


Extra file open flags: (none)
64 files, 128MiB each
8GiB total file size
Block size 32KiB
Number of IO requests: 0
Read/Write ratio for combined random IO test: 1.50
Calling fsync() after each write operation.
Using synchronous I/O mode
Doing random read test
Initializing worker threads...

Threads started!


File operations:
    reads/s:                      790780.32
    writes/s:                     0.00
    fsyncs/s:                     0.00

Throughput:
    read, MiB/s:                  24711.88
    written, MiB/s:               0.00

General statistics:
    total time:                          240.0002s
    total number of events:              189789304

Latency (ms):
         min:                                    0.00
         avg:                                    0.01
         max:                                   13.57
         95th percentile:                        0.01
         sum:                              1768788.65

Threads fairness:
    events (avg/stddev):           23723663.0000/148907.55
    execution time (avg/stddev):   221.0986/0.21

sysbench 1.0.17 (using bundled LuaJIT 2.1.0-beta2)

Running the test with following options:
Number of threads: 16
Initializing random number generator from current time


Extra file open flags: (none)
64 files, 128MiB each
8GiB total file size
Block size 32KiB
Number of IO requests: 0
Read/Write ratio for combined random IO test: 1.50
Calling fsync() after each write operation.
Using synchronous I/O mode
Doing random read test
Initializing worker threads...

Threads started!


File operations:
    reads/s:                      931908.91
    writes/s:                     0.00
    fsyncs/s:                     0.00

Throughput:
    read, MiB/s:                  29122.15
    written, MiB/s:               0.00

General statistics:
    total time:                          240.0002s
    total number of events:              223660430

Latency (ms):
         min:                                    0.00
         avg:                                    0.02
         max:                                   17.25
         95th percentile:                        0.02
         sum:                              3395620.28

Threads fairness:
    events (avg/stddev):           13978776.8750/32599.84
    execution time (avg/stddev):   212.2263/0.12

sysbench 1.0.17 (using bundled LuaJIT 2.1.0-beta2)

Running the test with following options:
Number of threads: 32
Initializing random number generator from current time


Extra file open flags: (none)
64 files, 128MiB each
8GiB total file size
Block size 32KiB
Number of IO requests: 0
Read/Write ratio for combined random IO test: 1.50
Calling fsync() after each write operation.
Using synchronous I/O mode
Doing random read test
Initializing worker threads...

Threads started!


File operations:
    reads/s:                      940550.45
    writes/s:                     0.00
    fsyncs/s:                     0.00

Throughput:
    read, MiB/s:                  29392.20
    written, MiB/s:               0.00

General statistics:
    total time:                          240.0003s
    total number of events:              225734512

Latency (ms):
         min:                                    0.00
         avg:                                    0.02
         max:                                   27.61
         95th percentile:                        0.03
         sum:                              5487385.83

Threads fairness:
    events (avg/stddev):           7054203.5000/21890.15
    execution time (avg/stddev):   171.4808/0.20

sysbench 1.0.17 (using bundled LuaJIT 2.1.0-beta2)

Running the test with following options:
Number of threads: 64
Initializing random number generator from current time


Extra file open flags: (none)
64 files, 128MiB each
8GiB total file size
Block size 32KiB
Number of IO requests: 0
Read/Write ratio for combined random IO test: 1.50
Calling fsync() after each write operation.
Using synchronous I/O mode
Doing random read test
Initializing worker threads...

Threads started!


File operations:
    reads/s:                      947749.78
    writes/s:                     0.00
    fsyncs/s:                     0.00

Throughput:
    read, MiB/s:                  29617.18
    written, MiB/s:               0.00

General statistics:
    total time:                          240.0005s
    total number of events:              227462472

Latency (ms):
         min:                                    0.00
         avg:                                    0.04
         max:                                   71.20
         95th percentile:                        0.03
         sum:                              9590781.26

Threads fairness:
    events (avg/stddev):           3554101.1250/7650.99
    execution time (avg/stddev):   149.8560/0.26

