sysbench 1.0.17 (using bundled LuaJIT 2.1.0-beta2)

Running the test with following options:
Number of threads: 1
Initializing random number generator from current time


Extra file open flags: (none)
64 files, 128MiB each
8GiB total file size
Block size 32KiB
Number of IO requests: 0
Read/Write ratio for combined random IO test: 1.50
Calling fsync() after each write operation.
Using synchronous I/O mode
Doing random write test
Initializing worker threads...

Threads started!


File operations:
    reads/s:                      0.00
    writes/s:                     1846.61
    fsyncs/s:                     1846.61

Throughput:
    read, MiB/s:                  0.00
    written, MiB/s:               57.71

General statistics:
    total time:                          240.0007s
    total number of events:              443191

Latency (ms):
         min:                                    0.15
         avg:                                    0.54
         max:                                   27.96
         95th percentile:                        0.77
         sum:                               239344.62

Threads fairness:
    events (avg/stddev):           443191.0000/0.00
    execution time (avg/stddev):   239.3446/0.00

sysbench 1.0.17 (using bundled LuaJIT 2.1.0-beta2)

Running the test with following options:
Number of threads: 4
Initializing random number generator from current time


Extra file open flags: (none)
64 files, 128MiB each
8GiB total file size
Block size 32KiB
Number of IO requests: 0
Read/Write ratio for combined random IO test: 1.50
Calling fsync() after each write operation.
Using synchronous I/O mode
Doing random write test
Initializing worker threads...

Threads started!


File operations:
    reads/s:                      0.00
    writes/s:                     7914.07
    fsyncs/s:                     7914.07

Throughput:
    read, MiB/s:                  0.00
    written, MiB/s:               247.31

General statistics:
    total time:                          240.0003s
    total number of events:              1899397

Latency (ms):
         min:                                    0.14
         avg:                                    0.50
         max:                                   74.86
         95th percentile:                        0.80
         sum:                               957496.07

Threads fairness:
    events (avg/stddev):           474849.2500/146.22
    execution time (avg/stddev):   239.3740/0.00

sysbench 1.0.17 (using bundled LuaJIT 2.1.0-beta2)

Running the test with following options:
Number of threads: 8
Initializing random number generator from current time


Extra file open flags: (none)
64 files, 128MiB each
8GiB total file size
Block size 32KiB
Number of IO requests: 0
Read/Write ratio for combined random IO test: 1.50
Calling fsync() after each write operation.
Using synchronous I/O mode
Doing random write test
Initializing worker threads...

Threads started!


File operations:
    reads/s:                      0.00
    writes/s:                     15777.01
    fsyncs/s:                     15777.01

Throughput:
    read, MiB/s:                  0.00
    written, MiB/s:               493.03

General statistics:
    total time:                          240.0006s
    total number of events:              3786525

Latency (ms):
         min:                                    0.14
         avg:                                    0.51
         max:                                  189.20
         95th percentile:                        0.86
         sum:                              1914142.20

Threads fairness:
    events (avg/stddev):           473315.6250/316.37
    execution time (avg/stddev):   239.2678/0.01

sysbench 1.0.17 (using bundled LuaJIT 2.1.0-beta2)

Running the test with following options:
Number of threads: 16
Initializing random number generator from current time


Extra file open flags: (none)
64 files, 128MiB each
8GiB total file size
Block size 32KiB
Number of IO requests: 0
Read/Write ratio for combined random IO test: 1.50
Calling fsync() after each write operation.
Using synchronous I/O mode
Doing random write test
Initializing worker threads...

Threads started!


File operations:
    reads/s:                      0.00
    writes/s:                     22342.99
    fsyncs/s:                     22342.99

Throughput:
    read, MiB/s:                  0.00
    written, MiB/s:               698.22

General statistics:
    total time:                          240.0009s
    total number of events:              5362382

Latency (ms):
         min:                                    0.14
         avg:                                    0.71
         max:                                  234.65
         95th percentile:                        1.37
         sum:                              3829487.21

Threads fairness:
    events (avg/stddev):           335148.8750/213.95
    execution time (avg/stddev):   239.3430/0.01

sysbench 1.0.17 (using bundled LuaJIT 2.1.0-beta2)

Running the test with following options:
Number of threads: 32
Initializing random number generator from current time


Extra file open flags: (none)
64 files, 128MiB each
8GiB total file size
Block size 32KiB
Number of IO requests: 0
Read/Write ratio for combined random IO test: 1.50
Calling fsync() after each write operation.
Using synchronous I/O mode
Doing random write test
Initializing worker threads...

Threads started!


File operations:
    reads/s:                      0.00
    writes/s:                     24185.56
    fsyncs/s:                     24185.56

Throughput:
    read, MiB/s:                  0.00
    written, MiB/s:               755.80

General statistics:
    total time:                          240.0066s
    total number of events:              5804747

Latency (ms):
         min:                                    0.15
         avg:                                    1.32
         max:                                   78.60
         95th percentile:                        2.30
         sum:                              7665879.84

Threads fairness:
    events (avg/stddev):           181398.3438/246.65
    execution time (avg/stddev):   239.5587/0.01

sysbench 1.0.17 (using bundled LuaJIT 2.1.0-beta2)

Running the test with following options:
Number of threads: 64
Initializing random number generator from current time


Extra file open flags: (none)
64 files, 128MiB each
8GiB total file size
Block size 32KiB
Number of IO requests: 0
Read/Write ratio for combined random IO test: 1.50
Calling fsync() after each write operation.
Using synchronous I/O mode
Doing random write test
Initializing worker threads...

Threads started!


File operations:
    reads/s:                      0.00
    writes/s:                     24534.29
    fsyncs/s:                     24534.29

Throughput:
    read, MiB/s:                  0.00
    written, MiB/s:               766.70

General statistics:
    total time:                          240.0296s
    total number of events:              5888997

Latency (ms):
         min:                                    0.15
         avg:                                    2.61
         max:                                   54.91
         95th percentile:                       16.12
         sum:                             15345636.77

Threads fairness:
    events (avg/stddev):           92015.5781/150.63
    execution time (avg/stddev):   239.7756/0.02

