sysbench 1.0.17 (using bundled LuaJIT 2.1.0-beta2)

Running the test with following options:
Number of threads: 1
Initializing random number generator from current time


Extra file open flags: (none)
64 files, 128MiB each
8GiB total file size
Block size 32KiB
Number of IO requests: 0
Read/Write ratio for combined random IO test: 1.50
Calling fsync() after each write operation.
Using synchronous I/O mode
Doing random read test
Initializing worker threads...

Threads started!


File operations:
    reads/s:                      197492.96
    writes/s:                     0.00
    fsyncs/s:                     0.00

Throughput:
    read, MiB/s:                  6171.65
    written, MiB/s:               0.00

General statistics:
    total time:                          240.0001s
    total number of events:              47398625

Latency (ms):
         min:                                    0.00
         avg:                                    0.00
         max:                                    0.04
         95th percentile:                        0.01
         sum:                               227086.38

Threads fairness:
    events (avg/stddev):           47398625.0000/0.00
    execution time (avg/stddev):   227.0864/0.00

sysbench 1.0.17 (using bundled LuaJIT 2.1.0-beta2)

Running the test with following options:
Number of threads: 4
Initializing random number generator from current time


Extra file open flags: (none)
64 files, 128MiB each
8GiB total file size
Block size 32KiB
Number of IO requests: 0
Read/Write ratio for combined random IO test: 1.50
Calling fsync() after each write operation.
Using synchronous I/O mode
Doing random read test
Initializing worker threads...

Threads started!


File operations:
    reads/s:                      698141.37
    writes/s:                     0.00
    fsyncs/s:                     0.00

Throughput:
    read, MiB/s:                  21816.92
    written, MiB/s:               0.00

General statistics:
    total time:                          240.0000s
    total number of events:              167555030

Latency (ms):
         min:                                    0.00
         avg:                                    0.01
         max:                                    1.74
         95th percentile:                        0.01
         sum:                               866895.84

Threads fairness:
    events (avg/stddev):           41888757.5000/1060743.46
    execution time (avg/stddev):   216.7240/0.33

sysbench 1.0.17 (using bundled LuaJIT 2.1.0-beta2)

Running the test with following options:
Number of threads: 8
Initializing random number generator from current time


Extra file open flags: (none)
64 files, 128MiB each
8GiB total file size
Block size 32KiB
Number of IO requests: 0
Read/Write ratio for combined random IO test: 1.50
Calling fsync() after each write operation.
Using synchronous I/O mode
Doing random read test
Initializing worker threads...

Threads started!


File operations:
    reads/s:                      1074136.27
    writes/s:                     0.00
    fsyncs/s:                     0.00

Throughput:
    read, MiB/s:                  33566.76
    written, MiB/s:               0.00

General statistics:
    total time:                          240.0000s
    total number of events:              257794628

Latency (ms):
         min:                                    0.00
         avg:                                    0.01
         max:                                    0.22
         95th percentile:                        0.01
         sum:                              1586565.94

Threads fairness:
    events (avg/stddev):           32224328.5000/1220065.50
    execution time (avg/stddev):   198.3207/1.47

sysbench 1.0.17 (using bundled LuaJIT 2.1.0-beta2)

Running the test with following options:
Number of threads: 16
Initializing random number generator from current time


Extra file open flags: (none)
64 files, 128MiB each
8GiB total file size
Block size 32KiB
Number of IO requests: 0
Read/Write ratio for combined random IO test: 1.50
Calling fsync() after each write operation.
Using synchronous I/O mode
Doing random read test
Initializing worker threads...

Threads started!


File operations:
    reads/s:                      1046033.62
    writes/s:                     0.00
    fsyncs/s:                     0.00

Throughput:
    read, MiB/s:                  32688.55
    written, MiB/s:               0.00

General statistics:
    total time:                          240.0000s
    total number of events:              251050030

Latency (ms):
         min:                                    0.00
         avg:                                    0.01
         max:                                    5.61
         95th percentile:                        0.02
         sum:                              2660034.47

Threads fairness:
    events (avg/stddev):           15690626.8750/35067.10
    execution time (avg/stddev):   166.2522/0.28

sysbench 1.0.17 (using bundled LuaJIT 2.1.0-beta2)

Running the test with following options:
Number of threads: 32
Initializing random number generator from current time


Extra file open flags: (none)
64 files, 128MiB each
8GiB total file size
Block size 32KiB
Number of IO requests: 0
Read/Write ratio for combined random IO test: 1.50
Calling fsync() after each write operation.
Using synchronous I/O mode
Doing random read test
Initializing worker threads...

Threads started!


File operations:
    reads/s:                      1063546.25
    writes/s:                     0.00
    fsyncs/s:                     0.00

Throughput:
    read, MiB/s:                  33235.82
    written, MiB/s:               0.00

General statistics:
    total time:                          240.0001s
    total number of events:              255252857

Latency (ms):
         min:                                    0.00
         avg:                                    0.02
         max:                                    3.48
         95th percentile:                        0.07
         sum:                              4637059.40

Threads fairness:
    events (avg/stddev):           7976651.7812/8282.60
    execution time (avg/stddev):   144.9081/0.09

sysbench 1.0.17 (using bundled LuaJIT 2.1.0-beta2)

Running the test with following options:
Number of threads: 64
Initializing random number generator from current time


Extra file open flags: (none)
64 files, 128MiB each
8GiB total file size
Block size 32KiB
Number of IO requests: 0
Read/Write ratio for combined random IO test: 1.50
Calling fsync() after each write operation.
Using synchronous I/O mode
Doing random read test
Initializing worker threads...

Threads started!


File operations:
    reads/s:                      1053026.34
    writes/s:                     0.00
    fsyncs/s:                     0.00

Throughput:
    read, MiB/s:                  32907.07
    written, MiB/s:               0.00

General statistics:
    total time:                          240.0002s
    total number of events:              252728184

Latency (ms):
         min:                                    0.00
         avg:                                    0.03
         max:                                   17.64
         95th percentile:                        0.20
         sum:                              8640602.80

Threads fairness:
    events (avg/stddev):           3948877.8750/24493.72
    execution time (avg/stddev):   135.0094/0.14

