sysbench 1.0.17 (using bundled LuaJIT 2.1.0-beta2)

Running the test with following options:
Number of threads: 1
Initializing random number generator from current time


Extra file open flags: (none)
64 files, 128MiB each
8GiB total file size
Block size 32KiB
Number of IO requests: 0
Read/Write ratio for combined random IO test: 1.50
Calling fsync() after each write operation.
Using synchronous I/O mode
Doing random read test
Initializing worker threads...

Threads started!


File operations:
    reads/s:                      139352.48
    writes/s:                     0.00
    fsyncs/s:                     0.00

Throughput:
    read, MiB/s:                  4354.77
    written, MiB/s:               0.00

General statistics:
    total time:                          240.0001s
    total number of events:              33444916

Latency (ms):
         min:                                    0.00
         avg:                                    0.01
         max:                                   12.07
         95th percentile:                        0.01
         sum:                               230101.05

Threads fairness:
    events (avg/stddev):           33444916.0000/0.00
    execution time (avg/stddev):   230.1010/0.00

sysbench 1.0.17 (using bundled LuaJIT 2.1.0-beta2)

Running the test with following options:
Number of threads: 4
Initializing random number generator from current time


Extra file open flags: (none)
64 files, 128MiB each
8GiB total file size
Block size 32KiB
Number of IO requests: 0
Read/Write ratio for combined random IO test: 1.50
Calling fsync() after each write operation.
Using synchronous I/O mode
Doing random read test
Initializing worker threads...

Threads started!


File operations:
    reads/s:                      512501.49
    writes/s:                     0.00
    fsyncs/s:                     0.00

Throughput:
    read, MiB/s:                  16015.67
    written, MiB/s:               0.00

General statistics:
    total time:                          240.0002s
    total number of events:              123001565

Latency (ms):
         min:                                    0.00
         avg:                                    0.01
         max:                                   13.23
         95th percentile:                        0.01
         sum:                               899461.40

Threads fairness:
    events (avg/stddev):           30750391.2500/148302.81
    execution time (avg/stddev):   224.8654/0.14

sysbench 1.0.17 (using bundled LuaJIT 2.1.0-beta2)

Running the test with following options:
Number of threads: 8
Initializing random number generator from current time


Extra file open flags: (none)
64 files, 128MiB each
8GiB total file size
Block size 32KiB
Number of IO requests: 0
Read/Write ratio for combined random IO test: 1.50
Calling fsync() after each write operation.
Using synchronous I/O mode
Doing random read test
Initializing worker threads...

Threads started!


File operations:
    reads/s:                      908029.99
    writes/s:                     0.00
    fsyncs/s:                     0.00

Throughput:
    read, MiB/s:                  28375.94
    written, MiB/s:               0.00

General statistics:
    total time:                          240.0002s
    total number of events:              217929363

Latency (ms):
         min:                                    0.00
         avg:                                    0.01
         max:                                   12.50
         95th percentile:                        0.01
         sum:                              1727424.95

Threads fairness:
    events (avg/stddev):           27241170.3750/38102.48
    execution time (avg/stddev):   215.9281/0.18

sysbench 1.0.17 (using bundled LuaJIT 2.1.0-beta2)

Running the test with following options:
Number of threads: 16
Initializing random number generator from current time


Extra file open flags: (none)
64 files, 128MiB each
8GiB total file size
Block size 32KiB
Number of IO requests: 0
Read/Write ratio for combined random IO test: 1.50
Calling fsync() after each write operation.
Using synchronous I/O mode
Doing random read test
Initializing worker threads...

Threads started!


File operations:
    reads/s:                      916067.85
    writes/s:                     0.00
    fsyncs/s:                     0.00

Throughput:
    read, MiB/s:                  28627.12
    written, MiB/s:               0.00

General statistics:
    total time:                          240.0002s
    total number of events:              219858518

Latency (ms):
         min:                                    0.00
         avg:                                    0.01
         max:                                   13.53
         95th percentile:                        0.03
         sum:                              3090839.43

Threads fairness:
    events (avg/stddev):           13741157.3750/19696.33
    execution time (avg/stddev):   193.1775/0.18

sysbench 1.0.17 (using bundled LuaJIT 2.1.0-beta2)

Running the test with following options:
Number of threads: 32
Initializing random number generator from current time


Extra file open flags: (none)
64 files, 128MiB each
8GiB total file size
Block size 32KiB
Number of IO requests: 0
Read/Write ratio for combined random IO test: 1.50
Calling fsync() after each write operation.
Using synchronous I/O mode
Doing random read test
Initializing worker threads...

Threads started!


File operations:
    reads/s:                      944445.25
    writes/s:                     0.00
    fsyncs/s:                     0.00

Throughput:
    read, MiB/s:                  29513.91
    written, MiB/s:               0.00

General statistics:
    total time:                          240.0003s
    total number of events:              226669237

Latency (ms):
         min:                                    0.00
         avg:                                    0.02
         max:                                   23.63
         95th percentile:                        0.04
         sum:                              5113959.08

Threads fairness:
    events (avg/stddev):           7083413.6562/17917.21
    execution time (avg/stddev):   159.8112/0.19

sysbench 1.0.17 (using bundled LuaJIT 2.1.0-beta2)

Running the test with following options:
Number of threads: 64
Initializing random number generator from current time


Extra file open flags: (none)
64 files, 128MiB each
8GiB total file size
Block size 32KiB
Number of IO requests: 0
Read/Write ratio for combined random IO test: 1.50
Calling fsync() after each write operation.
Using synchronous I/O mode
Doing random read test
Initializing worker threads...

Threads started!


File operations:
    reads/s:                      919798.57
    writes/s:                     0.00
    fsyncs/s:                     0.00

Throughput:
    read, MiB/s:                  28743.71
    written, MiB/s:               0.00

General statistics:
    total time:                          240.0005s
    total number of events:              220753973

Latency (ms):
         min:                                    0.00
         avg:                                    0.04
         max:                                   47.75
         95th percentile:                        0.10
         sum:                              9035079.86

Threads fairness:
    events (avg/stddev):           3449280.8281/7704.48
    execution time (avg/stddev):   141.1731/0.25

