sysbench 1.0.17 (using bundled LuaJIT 2.1.0-beta2)

Running the test with following options:
Number of threads: 1
Initializing random number generator from current time


Extra file open flags: (none)
64 files, 128MiB each
8GiB total file size
Block size 32KiB
Number of IO requests: 0
Read/Write ratio for combined random IO test: 1.50
Calling fsync() after each write operation.
Using synchronous I/O mode
Doing random read test
Initializing worker threads...

Threads started!


File operations:
    reads/s:                      131448.62
    writes/s:                     0.00
    fsyncs/s:                     0.00

Throughput:
    read, MiB/s:                  4107.77
    written, MiB/s:               0.00

General statistics:
    total time:                          240.0001s
    total number of events:              31548012

Latency (ms):
         min:                                    0.00
         avg:                                    0.01
         max:                                   14.11
         95th percentile:                        0.02
         sum:                               229247.81

Threads fairness:
    events (avg/stddev):           31548012.0000/0.00
    execution time (avg/stddev):   229.2478/0.00

sysbench 1.0.17 (using bundled LuaJIT 2.1.0-beta2)

Running the test with following options:
Number of threads: 4
Initializing random number generator from current time


Extra file open flags: (none)
64 files, 128MiB each
8GiB total file size
Block size 32KiB
Number of IO requests: 0
Read/Write ratio for combined random IO test: 1.50
Calling fsync() after each write operation.
Using synchronous I/O mode
Doing random read test
Initializing worker threads...

Threads started!


File operations:
    reads/s:                      488008.78
    writes/s:                     0.00
    fsyncs/s:                     0.00

Throughput:
    read, MiB/s:                  15250.27
    written, MiB/s:               0.00

General statistics:
    total time:                          240.0002s
    total number of events:              117123316

Latency (ms):
         min:                                    0.00
         avg:                                    0.01
         max:                                   10.47
         95th percentile:                        0.01
         sum:                               898700.48

Threads fairness:
    events (avg/stddev):           29280829.0000/119722.67
    execution time (avg/stddev):   224.6751/0.05

sysbench 1.0.17 (using bundled LuaJIT 2.1.0-beta2)

Running the test with following options:
Number of threads: 8
Initializing random number generator from current time


Extra file open flags: (none)
64 files, 128MiB each
8GiB total file size
Block size 32KiB
Number of IO requests: 0
Read/Write ratio for combined random IO test: 1.50
Calling fsync() after each write operation.
Using synchronous I/O mode
Doing random read test
Initializing worker threads...

Threads started!


File operations:
    reads/s:                      812461.95
    writes/s:                     0.00
    fsyncs/s:                     0.00

Throughput:
    read, MiB/s:                  25389.44
    written, MiB/s:               0.00

General statistics:
    total time:                          240.0002s
    total number of events:              194992720

Latency (ms):
         min:                                    0.00
         avg:                                    0.01
         max:                                   13.65
         95th percentile:                        0.01
         sum:                              1727879.42

Threads fairness:
    events (avg/stddev):           24374090.0000/84679.47
    execution time (avg/stddev):   215.9849/0.13

sysbench 1.0.17 (using bundled LuaJIT 2.1.0-beta2)

Running the test with following options:
Number of threads: 16
Initializing random number generator from current time


Extra file open flags: (none)
64 files, 128MiB each
8GiB total file size
Block size 32KiB
Number of IO requests: 0
Read/Write ratio for combined random IO test: 1.50
Calling fsync() after each write operation.
Using synchronous I/O mode
Doing random read test
Initializing worker threads...

Threads started!


File operations:
    reads/s:                      854293.28
    writes/s:                     0.00
    fsyncs/s:                     0.00

Throughput:
    read, MiB/s:                  26696.66
    written, MiB/s:               0.00

General statistics:
    total time:                          240.0001s
    total number of events:              205032204

Latency (ms):
         min:                                    0.00
         avg:                                    0.02
         max:                                   29.01
         95th percentile:                        0.02
         sum:                              3172085.93

Threads fairness:
    events (avg/stddev):           12814512.7500/34720.11
    execution time (avg/stddev):   198.2554/0.15

sysbench 1.0.17 (using bundled LuaJIT 2.1.0-beta2)

Running the test with following options:
Number of threads: 32
Initializing random number generator from current time


Extra file open flags: (none)
64 files, 128MiB each
8GiB total file size
Block size 32KiB
Number of IO requests: 0
Read/Write ratio for combined random IO test: 1.50
Calling fsync() after each write operation.
Using synchronous I/O mode
Doing random read test
Initializing worker threads...

Threads started!


File operations:
    reads/s:                      912290.76
    writes/s:                     0.00
    fsyncs/s:                     0.00

Throughput:
    read, MiB/s:                  28509.09
    written, MiB/s:               0.00

General statistics:
    total time:                          240.0014s
    total number of events:              218952899

Latency (ms):
         min:                                    0.00
         avg:                                    0.03
         max:                                   40.32
         95th percentile:                        0.06
         sum:                              5660126.29

Threads fairness:
    events (avg/stddev):           6842278.0938/25582.53
    execution time (avg/stddev):   176.8789/0.15

sysbench 1.0.17 (using bundled LuaJIT 2.1.0-beta2)

Running the test with following options:
Number of threads: 64
Initializing random number generator from current time


Extra file open flags: (none)
64 files, 128MiB each
8GiB total file size
Block size 32KiB
Number of IO requests: 0
Read/Write ratio for combined random IO test: 1.50
Calling fsync() after each write operation.
Using synchronous I/O mode
Doing random read test
Initializing worker threads...

Threads started!


File operations:
    reads/s:                      1019212.70
    writes/s:                     0.00
    fsyncs/s:                     0.00

Throughput:
    read, MiB/s:                  31850.40
    written, MiB/s:               0.00

General statistics:
    total time:                          240.0036s
    total number of events:              244616773

Latency (ms):
         min:                                    0.00
         avg:                                    0.04
         max:                                  184.78
         95th percentile:                        0.12
         sum:                             10666173.76

Threads fairness:
    events (avg/stddev):           3822137.0781/18644.19
    execution time (avg/stddev):   166.6590/0.23

