sysbench 1.0.17 (using bundled LuaJIT 2.1.0-beta2)

Running the test with following options:
Number of threads: 1
Initializing random number generator from current time


Extra file open flags: (none)
64 files, 128MiB each
8GiB total file size
Block size 32KiB
Number of IO requests: 0
Read/Write ratio for combined random IO test: 1.50
Calling fsync() after each write operation.
Using synchronous I/O mode
Doing random write test
Initializing worker threads...

Threads started!


File operations:
    reads/s:                      0.00
    writes/s:                     1820.79
    fsyncs/s:                     1820.79

Throughput:
    read, MiB/s:                  0.00
    written, MiB/s:               56.90

General statistics:
    total time:                          240.0005s
    total number of events:              436995

Latency (ms):
         min:                                    0.11
         avg:                                    0.55
         max:                                   91.20
         95th percentile:                        0.73
         sum:                               239332.54

Threads fairness:
    events (avg/stddev):           436995.0000/0.00
    execution time (avg/stddev):   239.3325/0.00

sysbench 1.0.17 (using bundled LuaJIT 2.1.0-beta2)

Running the test with following options:
Number of threads: 4
Initializing random number generator from current time


Extra file open flags: (none)
64 files, 128MiB each
8GiB total file size
Block size 32KiB
Number of IO requests: 0
Read/Write ratio for combined random IO test: 1.50
Calling fsync() after each write operation.
Using synchronous I/O mode
Doing random write test
Initializing worker threads...

Threads started!


File operations:
    reads/s:                      0.00
    writes/s:                     6001.81
    fsyncs/s:                     6001.81

Throughput:
    read, MiB/s:                  0.00
    written, MiB/s:               187.56

General statistics:
    total time:                          240.0004s
    total number of events:              1440451

Latency (ms):
         min:                                    0.10
         avg:                                    0.67
         max:                                  155.63
         95th percentile:                        1.14
         sum:                               957949.49

Threads fairness:
    events (avg/stddev):           360112.7500/313.83
    execution time (avg/stddev):   239.4874/0.00

sysbench 1.0.17 (using bundled LuaJIT 2.1.0-beta2)

Running the test with following options:
Number of threads: 8
Initializing random number generator from current time


Extra file open flags: (none)
64 files, 128MiB each
8GiB total file size
Block size 32KiB
Number of IO requests: 0
Read/Write ratio for combined random IO test: 1.50
Calling fsync() after each write operation.
Using synchronous I/O mode
Doing random write test
Initializing worker threads...

Threads started!

