sysbench 1.0.17 (using bundled LuaJIT 2.1.0-beta2)

Running the test with following options:
Number of threads: 1
Initializing random number generator from current time


Extra file open flags: (none)
64 files, 128MiB each
8GiB total file size
Block size 32KiB
Number of IO requests: 0
Read/Write ratio for combined random IO test: 1.50
Calling fsync() after each write operation.
Using synchronous I/O mode
Doing random read test
Initializing worker threads...

Threads started!


File operations:
    reads/s:                      196752.17
    writes/s:                     0.00
    fsyncs/s:                     0.00

Throughput:
    read, MiB/s:                  6148.51
    written, MiB/s:               0.00

General statistics:
    total time:                          240.0001s
    total number of events:              47220886

Latency (ms):
         min:                                    0.00
         avg:                                    0.00
         max:                                    9.95
         95th percentile:                        0.01
         sum:                               229391.40

Threads fairness:
    events (avg/stddev):           47220886.0000/0.00
    execution time (avg/stddev):   229.3914/0.00

sysbench 1.0.17 (using bundled LuaJIT 2.1.0-beta2)

Running the test with following options:
Number of threads: 4
Initializing random number generator from current time


Extra file open flags: (none)
64 files, 128MiB each
8GiB total file size
Block size 32KiB
Number of IO requests: 0
Read/Write ratio for combined random IO test: 1.50
Calling fsync() after each write operation.
Using synchronous I/O mode
Doing random read test
Initializing worker threads...

Threads started!


File operations:
    reads/s:                      582417.15
    writes/s:                     0.00
    fsyncs/s:                     0.00

Throughput:
    read, MiB/s:                  18200.54
    written, MiB/s:               0.00

General statistics:
    total time:                          240.0002s
    total number of events:              139781257

Latency (ms):
         min:                                    0.00
         avg:                                    0.01
         max:                                   15.28
         95th percentile:                        0.01
         sum:                               857878.60

Threads fairness:
    events (avg/stddev):           34945314.2500/2201085.65
    execution time (avg/stddev):   214.4697/2.37

sysbench 1.0.17 (using bundled LuaJIT 2.1.0-beta2)

Running the test with following options:
Number of threads: 8
Initializing random number generator from current time


Extra file open flags: (none)
64 files, 128MiB each
8GiB total file size
Block size 32KiB
Number of IO requests: 0
Read/Write ratio for combined random IO test: 1.50
Calling fsync() after each write operation.
Using synchronous I/O mode
Doing random read test
Initializing worker threads...

Threads started!


File operations:
    reads/s:                      849767.08
    writes/s:                     0.00
    fsyncs/s:                     0.00

Throughput:
    read, MiB/s:                  26555.22
    written, MiB/s:               0.00

General statistics:
    total time:                          240.0002s
    total number of events:              203945827

Latency (ms):
         min:                                    0.00
         avg:                                    0.01
         max:                                  129.22
         95th percentile:                        0.01
         sum:                              1571491.90

Threads fairness:
    events (avg/stddev):           25493228.3750/1743564.74
    execution time (avg/stddev):   196.4365/0.65

sysbench 1.0.17 (using bundled LuaJIT 2.1.0-beta2)

Running the test with following options:
Number of threads: 16
Initializing random number generator from current time


Extra file open flags: (none)
64 files, 128MiB each
8GiB total file size
Block size 32KiB
Number of IO requests: 0
Read/Write ratio for combined random IO test: 1.50
Calling fsync() after each write operation.
Using synchronous I/O mode
Doing random read test
Initializing worker threads...

Threads started!


File operations:
    reads/s:                      837520.98
    writes/s:                     0.00
    fsyncs/s:                     0.00

Throughput:
    read, MiB/s:                  26172.53
    written, MiB/s:               0.00

General statistics:
    total time:                          240.0002s
    total number of events:              201006803

Latency (ms):
         min:                                    0.00
         avg:                                    0.01
         max:                                   14.64
         95th percentile:                        0.03
         sum:                              2583411.71

Threads fairness:
    events (avg/stddev):           12562925.1875/53558.67
    execution time (avg/stddev):   161.4632/0.65

sysbench 1.0.17 (using bundled LuaJIT 2.1.0-beta2)

Running the test with following options:
Number of threads: 32
Initializing random number generator from current time


Extra file open flags: (none)
64 files, 128MiB each
8GiB total file size
Block size 32KiB
Number of IO requests: 0
Read/Write ratio for combined random IO test: 1.50
Calling fsync() after each write operation.
Using synchronous I/O mode
Doing random read test
Initializing worker threads...

Threads started!


File operations:
    reads/s:                      840624.08
    writes/s:                     0.00
    fsyncs/s:                     0.00

Throughput:
    read, MiB/s:                  26269.50
    written, MiB/s:               0.00

General statistics:
    total time:                          240.0003s
    total number of events:              201751383

Latency (ms):
         min:                                    0.00
         avg:                                    0.02
         max:                                   29.71
         95th percentile:                        0.09
         sum:                              4606358.76

Threads fairness:
    events (avg/stddev):           6304730.7188/22229.47
    execution time (avg/stddev):   143.9487/0.42

sysbench 1.0.17 (using bundled LuaJIT 2.1.0-beta2)

Running the test with following options:
Number of threads: 64
Initializing random number generator from current time


Extra file open flags: (none)
64 files, 128MiB each
8GiB total file size
Block size 32KiB
Number of IO requests: 0
Read/Write ratio for combined random IO test: 1.50
Calling fsync() after each write operation.
Using synchronous I/O mode
Doing random read test
Initializing worker threads...

Threads started!


File operations:
    reads/s:                      855652.34
    writes/s:                     0.00
    fsyncs/s:                     0.00

Throughput:
    read, MiB/s:                  26739.14
    written, MiB/s:               0.00

General statistics:
    total time:                          240.0005s
    total number of events:              205358339

Latency (ms):
         min:                                    0.00
         avg:                                    0.04
         max:                                   63.94
         95th percentile:                        0.23
         sum:                              8683083.66

Threads fairness:
    events (avg/stddev):           3208724.0469/17708.10
    execution time (avg/stddev):   135.6732/0.25

