sysbench 1.0.17 (using bundled LuaJIT 2.1.0-beta2)

Running the test with following options:
Number of threads: 1
Initializing random number generator from current time


Extra file open flags: (none)
64 files, 128MiB each
8GiB total file size
Block size 32KiB
Number of IO requests: 0
Read/Write ratio for combined random IO test: 1.50
Calling fsync() after each write operation.
Using synchronous I/O mode
Doing random read test
Initializing worker threads...

Threads started!


File operations:
    reads/s:                      142860.41
    writes/s:                     0.00
    fsyncs/s:                     0.00

Throughput:
    read, MiB/s:                  4464.39
    written, MiB/s:               0.00

General statistics:
    total time:                          240.0002s
    total number of events:              34286856

Latency (ms):
         min:                                    0.00
         avg:                                    0.01
         max:                                    8.36
         95th percentile:                        0.01
         sum:                               229796.49

Threads fairness:
    events (avg/stddev):           34286856.0000/0.00
    execution time (avg/stddev):   229.7965/0.00

sysbench 1.0.17 (using bundled LuaJIT 2.1.0-beta2)

Running the test with following options:
Number of threads: 4
Initializing random number generator from current time


Extra file open flags: (none)
64 files, 128MiB each
8GiB total file size
Block size 32KiB
Number of IO requests: 0
Read/Write ratio for combined random IO test: 1.50
Calling fsync() after each write operation.
Using synchronous I/O mode
Doing random read test
Initializing worker threads...

Threads started!


File operations:
    reads/s:                      515046.43
    writes/s:                     0.00
    fsyncs/s:                     0.00

Throughput:
    read, MiB/s:                  16095.20
    written, MiB/s:               0.00

General statistics:
    total time:                          240.0001s
    total number of events:              123612337

Latency (ms):
         min:                                    0.00
         avg:                                    0.01
         max:                                    9.11
         95th percentile:                        0.01
         sum:                               899077.71

Threads fairness:
    events (avg/stddev):           30903084.2500/46419.73
    execution time (avg/stddev):   224.7694/0.10

sysbench 1.0.17 (using bundled LuaJIT 2.1.0-beta2)

Running the test with following options:
Number of threads: 8
Initializing random number generator from current time


Extra file open flags: (none)
64 files, 128MiB each
8GiB total file size
Block size 32KiB
Number of IO requests: 0
Read/Write ratio for combined random IO test: 1.50
Calling fsync() after each write operation.
Using synchronous I/O mode
Doing random read test
Initializing worker threads...

Threads started!


File operations:
    reads/s:                      899603.75
    writes/s:                     0.00
    fsyncs/s:                     0.00

Throughput:
    read, MiB/s:                  28112.62
    written, MiB/s:               0.00

General statistics:
    total time:                          240.0002s
    total number of events:              215907035

Latency (ms):
         min:                                    0.00
         avg:                                    0.01
         max:                                   13.59
         95th percentile:                        0.01
         sum:                              1715056.34

Threads fairness:
    events (avg/stddev):           26988379.3750/67928.54
    execution time (avg/stddev):   214.3820/0.16

sysbench 1.0.17 (using bundled LuaJIT 2.1.0-beta2)

Running the test with following options:
Number of threads: 16
Initializing random number generator from current time


Extra file open flags: (none)
64 files, 128MiB each
8GiB total file size
Block size 32KiB
Number of IO requests: 0
Read/Write ratio for combined random IO test: 1.50
Calling fsync() after each write operation.
Using synchronous I/O mode
Doing random read test
Initializing worker threads...

Threads started!


File operations:
    reads/s:                      898812.07
    writes/s:                     0.00
    fsyncs/s:                     0.00

Throughput:
    read, MiB/s:                  28087.88
    written, MiB/s:               0.00

General statistics:
    total time:                          240.0002s
    total number of events:              215717159

Latency (ms):
         min:                                    0.00
         avg:                                    0.01
         max:                                   10.14
         95th percentile:                        0.03
         sum:                              3075843.52

Threads fairness:
    events (avg/stddev):           13482322.4375/22436.52
    execution time (avg/stddev):   192.2402/0.15

sysbench 1.0.17 (using bundled LuaJIT 2.1.0-beta2)

Running the test with following options:
Number of threads: 32
Initializing random number generator from current time


Extra file open flags: (none)
64 files, 128MiB each
8GiB total file size
Block size 32KiB
Number of IO requests: 0
Read/Write ratio for combined random IO test: 1.50
Calling fsync() after each write operation.
Using synchronous I/O mode
Doing random read test
Initializing worker threads...

Threads started!


File operations:
    reads/s:                      945443.47
    writes/s:                     0.00
    fsyncs/s:                     0.00

Throughput:
    read, MiB/s:                  29545.11
    written, MiB/s:               0.00

General statistics:
    total time:                          240.0004s
    total number of events:              226908860

Latency (ms):
         min:                                    0.00
         avg:                                    0.02
         max:                                   21.70
         95th percentile:                        0.04
         sum:                              5121709.30

Threads fairness:
    events (avg/stddev):           7090901.8750/20970.94
    execution time (avg/stddev):   160.0534/0.18

sysbench 1.0.17 (using bundled LuaJIT 2.1.0-beta2)

Running the test with following options:
Number of threads: 64
Initializing random number generator from current time


Extra file open flags: (none)
64 files, 128MiB each
8GiB total file size
Block size 32KiB
Number of IO requests: 0
Read/Write ratio for combined random IO test: 1.50
Calling fsync() after each write operation.
Using synchronous I/O mode
Doing random read test
Initializing worker threads...

Threads started!


File operations:
    reads/s:                      922756.36
    writes/s:                     0.00
    fsyncs/s:                     0.00

Throughput:
    read, MiB/s:                  28836.14
    written, MiB/s:               0.00

General statistics:
    total time:                          240.0005s
    total number of events:              221463869

Latency (ms):
         min:                                    0.00
         avg:                                    0.04
         max:                                   40.94
         95th percentile:                        0.11
         sum:                              8995856.12

Threads fairness:
    events (avg/stddev):           3460372.9531/7153.19
    execution time (avg/stddev):   140.5603/0.23

