sysbench 1.0.17 (using bundled LuaJIT 2.1.0-beta2)

Running the test with following options:
Number of threads: 1
Initializing random number generator from current time


Extra file open flags: (none)
64 files, 128MiB each
8GiB total file size
Block size 32KiB
Number of IO requests: 0
Read/Write ratio for combined random IO test: 1.50
Calling fsync() after each write operation.
Using synchronous I/O mode
Doing random read test
Initializing worker threads...

Threads started!


File operations:
    reads/s:                      194727.28
    writes/s:                     0.00
    fsyncs/s:                     0.00

Throughput:
    read, MiB/s:                  6085.23
    written, MiB/s:               0.00

General statistics:
    total time:                          240.0001s
    total number of events:              46734849

Latency (ms):
         min:                                    0.00
         avg:                                    0.00
         max:                                    0.06
         95th percentile:                        0.01
         sum:                               228890.85

Threads fairness:
    events (avg/stddev):           46734849.0000/0.00
    execution time (avg/stddev):   228.8909/0.00

sysbench 1.0.17 (using bundled LuaJIT 2.1.0-beta2)

Running the test with following options:
Number of threads: 4
Initializing random number generator from current time


Extra file open flags: (none)
64 files, 128MiB each
8GiB total file size
Block size 32KiB
Number of IO requests: 0
Read/Write ratio for combined random IO test: 1.50
Calling fsync() after each write operation.
Using synchronous I/O mode
Doing random read test
Initializing worker threads...

Threads started!


File operations:
    reads/s:                      643090.74
    writes/s:                     0.00
    fsyncs/s:                     0.00

Throughput:
    read, MiB/s:                  20096.59
    written, MiB/s:               0.00

General statistics:
    total time:                          240.0001s
    total number of events:              154342730

Latency (ms):
         min:                                    0.00
         avg:                                    0.01
         max:                                    0.12
         95th percentile:                        0.01
         sum:                               860699.61

Threads fairness:
    events (avg/stddev):           38585682.5000/341764.73
    execution time (avg/stddev):   215.1749/0.33

sysbench 1.0.17 (using bundled LuaJIT 2.1.0-beta2)

Running the test with following options:
Number of threads: 8
Initializing random number generator from current time


Extra file open flags: (none)
64 files, 128MiB each
8GiB total file size
Block size 32KiB
Number of IO requests: 0
Read/Write ratio for combined random IO test: 1.50
Calling fsync() after each write operation.
Using synchronous I/O mode
Doing random read test
Initializing worker threads...

Threads started!


File operations:
    reads/s:                      989786.36
    writes/s:                     0.00
    fsyncs/s:                     0.00

Throughput:
    read, MiB/s:                  30930.82
    written, MiB/s:               0.00

General statistics:
    total time:                          240.0001s
    total number of events:              237550222

Latency (ms):
         min:                                    0.00
         avg:                                    0.01
         max:                                    0.23
         95th percentile:                        0.01
         sum:                              1582854.16

Threads fairness:
    events (avg/stddev):           29693777.7500/529643.34
    execution time (avg/stddev):   197.8568/1.86

sysbench 1.0.17 (using bundled LuaJIT 2.1.0-beta2)

Running the test with following options:
Number of threads: 16
Initializing random number generator from current time


Extra file open flags: (none)
64 files, 128MiB each
8GiB total file size
Block size 32KiB
Number of IO requests: 0
Read/Write ratio for combined random IO test: 1.50
Calling fsync() after each write operation.
Using synchronous I/O mode
Doing random read test
Initializing worker threads...

Threads started!


File operations:
    reads/s:                      923747.94
    writes/s:                     0.00
    fsyncs/s:                     0.00

Throughput:
    read, MiB/s:                  28867.12
    written, MiB/s:               0.00

General statistics:
    total time:                          240.0001s
    total number of events:              221700955

Latency (ms):
         min:                                    0.00
         avg:                                    0.01
         max:                                    1.19
         95th percentile:                        0.03
         sum:                              2614302.42

Threads fairness:
    events (avg/stddev):           13856309.6875/25231.16
    execution time (avg/stddev):   163.3939/0.17

sysbench 1.0.17 (using bundled LuaJIT 2.1.0-beta2)

Running the test with following options:
Number of threads: 32
Initializing random number generator from current time


Extra file open flags: (none)
64 files, 128MiB each
8GiB total file size
Block size 32KiB
Number of IO requests: 0
Read/Write ratio for combined random IO test: 1.50
Calling fsync() after each write operation.
Using synchronous I/O mode
Doing random read test
Initializing worker threads...

Threads started!


File operations:
    reads/s:                      929412.57
    writes/s:                     0.00
    fsyncs/s:                     0.00

Throughput:
    read, MiB/s:                  29044.14
    written, MiB/s:               0.00

General statistics:
    total time:                          240.0001s
    total number of events:              223060496

Latency (ms):
         min:                                    0.00
         avg:                                    0.02
         max:                                    4.65
         95th percentile:                        0.08
         sum:                              4596825.94

Threads fairness:
    events (avg/stddev):           6970640.5000/5454.73
    execution time (avg/stddev):   143.6508/0.12

sysbench 1.0.17 (using bundled LuaJIT 2.1.0-beta2)

Running the test with following options:
Number of threads: 64
Initializing random number generator from current time


Extra file open flags: (none)
64 files, 128MiB each
8GiB total file size
Block size 32KiB
Number of IO requests: 0
Read/Write ratio for combined random IO test: 1.50
Calling fsync() after each write operation.
Using synchronous I/O mode
Doing random read test
Initializing worker threads...

Threads started!


File operations:
    reads/s:                      939525.82
    writes/s:                     0.00
    fsyncs/s:                     0.00

Throughput:
    read, MiB/s:                  29360.18
    written, MiB/s:               0.00

General statistics:
    total time:                          240.0002s
    total number of events:              225487795

Latency (ms):
         min:                                    0.00
         avg:                                    0.04
         max:                                   14.67
         95th percentile:                        0.22
         sum:                              8629688.62

Threads fairness:
    events (avg/stddev):           3523246.7969/10879.43
    execution time (avg/stddev):   134.8389/0.16

