sysbench 1.0.17 (using bundled LuaJIT 2.1.0-beta2)

Running the test with following options:
Number of threads: 1
Initializing random number generator from current time


Extra file open flags: (none)
64 files, 128MiB each
8GiB total file size
Block size 32KiB
Number of IO requests: 0
Read/Write ratio for combined random IO test: 1.50
Calling fsync() after each write operation.
Using synchronous I/O mode
Doing random read test
Initializing worker threads...

Threads started!


File operations:
    reads/s:                      231967.79
    writes/s:                     0.00
    fsyncs/s:                     0.00

Throughput:
    read, MiB/s:                  7248.99
    written, MiB/s:               0.00

General statistics:
    total time:                          240.0001s
    total number of events:              55672633

Latency (ms):
         min:                                    0.00
         avg:                                    0.00
         max:                                    0.09
         95th percentile:                        0.00
         sum:                               228165.58

Threads fairness:
    events (avg/stddev):           55672633.0000/0.00
    execution time (avg/stddev):   228.1656/0.00

sysbench 1.0.17 (using bundled LuaJIT 2.1.0-beta2)

Running the test with following options:
Number of threads: 4
Initializing random number generator from current time


Extra file open flags: (none)
64 files, 128MiB each
8GiB total file size
Block size 32KiB
Number of IO requests: 0
Read/Write ratio for combined random IO test: 1.50
Calling fsync() after each write operation.
Using synchronous I/O mode
Doing random read test
Initializing worker threads...

Threads started!


File operations:
    reads/s:                      608081.37
    writes/s:                     0.00
    fsyncs/s:                     0.00

Throughput:
    read, MiB/s:                  19002.54
    written, MiB/s:               0.00

General statistics:
    total time:                          240.0001s
    total number of events:              145940620

Latency (ms):
         min:                                    0.00
         avg:                                    0.01
         max:                                    0.20
         95th percentile:                        0.01
         sum:                               840362.41

Threads fairness:
    events (avg/stddev):           36485155.0000/1284991.08
    execution time (avg/stddev):   210.0906/1.03

sysbench 1.0.17 (using bundled LuaJIT 2.1.0-beta2)

Running the test with following options:
Number of threads: 8
Initializing random number generator from current time


Extra file open flags: (none)
64 files, 128MiB each
8GiB total file size
Block size 32KiB
Number of IO requests: 0
Read/Write ratio for combined random IO test: 1.50
Calling fsync() after each write operation.
Using synchronous I/O mode
Doing random read test
Initializing worker threads...

Threads started!


File operations:
    reads/s:                      758591.42
    writes/s:                     0.00
    fsyncs/s:                     0.00

Throughput:
    read, MiB/s:                  23705.98
    written, MiB/s:               0.00

General statistics:
    total time:                          240.0001s
    total number of events:              182063185

Latency (ms):
         min:                                    0.00
         avg:                                    0.01
         max:                                   15.11
         95th percentile:                        0.01
         sum:                              1754319.08

Threads fairness:
    events (avg/stddev):           22757898.1250/122321.32
    execution time (avg/stddev):   219.2899/0.40

sysbench 1.0.17 (using bundled LuaJIT 2.1.0-beta2)

Running the test with following options:
Number of threads: 16
Initializing random number generator from current time


Extra file open flags: (none)
64 files, 128MiB each
8GiB total file size
Block size 32KiB
Number of IO requests: 0
Read/Write ratio for combined random IO test: 1.50
Calling fsync() after each write operation.
Using synchronous I/O mode
Doing random read test
Initializing worker threads...

Threads started!


File operations:
    reads/s:                      734876.73
    writes/s:                     0.00
    fsyncs/s:                     0.00

Throughput:
    read, MiB/s:                  22964.90
    written, MiB/s:               0.00

General statistics:
    total time:                          240.0001s
    total number of events:              176371725

Latency (ms):
         min:                                    0.00
         avg:                                    0.02
         max:                                    5.47
         95th percentile:                        0.04
         sum:                              2753169.19

Threads fairness:
    events (avg/stddev):           11023232.8125/52382.98
    execution time (avg/stddev):   172.0731/0.58

sysbench 1.0.17 (using bundled LuaJIT 2.1.0-beta2)

Running the test with following options:
Number of threads: 32
Initializing random number generator from current time


Extra file open flags: (none)
64 files, 128MiB each
8GiB total file size
Block size 32KiB
Number of IO requests: 0
Read/Write ratio for combined random IO test: 1.50
Calling fsync() after each write operation.
Using synchronous I/O mode
Doing random read test
Initializing worker threads...

Threads started!


File operations:
    reads/s:                      716936.05
    writes/s:                     0.00
    fsyncs/s:                     0.00

Throughput:
    read, MiB/s:                  22404.25
    written, MiB/s:               0.00

General statistics:
    total time:                          240.0002s
    total number of events:              172065961

Latency (ms):
         min:                                    0.00
         avg:                                    0.03
         max:                                    5.71
         95th percentile:                        0.11
         sum:                              4772596.95

Threads fairness:
    events (avg/stddev):           5377061.2812/15380.51
    execution time (avg/stddev):   149.1437/0.48

sysbench 1.0.17 (using bundled LuaJIT 2.1.0-beta2)

Running the test with following options:
Number of threads: 64
Initializing random number generator from current time


Extra file open flags: (none)
64 files, 128MiB each
8GiB total file size
Block size 32KiB
Number of IO requests: 0
Read/Write ratio for combined random IO test: 1.50
Calling fsync() after each write operation.
Using synchronous I/O mode
Doing random read test
Initializing worker threads...

Threads started!


File operations:
    reads/s:                      722302.85
    writes/s:                     0.00
    fsyncs/s:                     0.00

Throughput:
    read, MiB/s:                  22571.96
    written, MiB/s:               0.00

General statistics:
    total time:                          240.0003s
    total number of events:              173354124

Latency (ms):
         min:                                    0.00
         avg:                                    0.05
         max:                                   11.09
         95th percentile:                        0.30
         sum:                              8959846.38

Threads fairness:
    events (avg/stddev):           2708658.1875/11800.98
    execution time (avg/stddev):   139.9976/0.30

