sysbench 1.0.17 (using bundled LuaJIT 2.1.0-beta2)

Running the test with following options:
Number of threads: 1
Initializing random number generator from current time


Extra file open flags: (none)
64 files, 128MiB each
8GiB total file size
Block size 32KiB
Number of IO requests: 0
Read/Write ratio for combined random IO test: 1.50
Calling fsync() after each write operation.
Using synchronous I/O mode
Doing random write test
Initializing worker threads...

Threads started!


File operations:
    reads/s:                      0.00
    writes/s:                     594.21
    fsyncs/s:                     594.21

Throughput:
    read, MiB/s:                  0.00
    written, MiB/s:               18.57

General statistics:
    total time:                          240.0012s
    total number of events:              142612

Latency (ms):
         min:                                    0.52
         avg:                                    1.68
         max:                                  142.62
         95th percentile:                        1.89
         sum:                               239894.20

Threads fairness:
    events (avg/stddev):           142612.0000/0.00
    execution time (avg/stddev):   239.8942/0.00

sysbench 1.0.17 (using bundled LuaJIT 2.1.0-beta2)

Running the test with following options:
Number of threads: 4
Initializing random number generator from current time


Extra file open flags: (none)
64 files, 128MiB each
8GiB total file size
Block size 32KiB
Number of IO requests: 0
Read/Write ratio for combined random IO test: 1.50
Calling fsync() after each write operation.
Using synchronous I/O mode
Doing random write test
Initializing worker threads...

Threads started!


File operations:
    reads/s:                      0.00
    writes/s:                     2254.47
    fsyncs/s:                     2254.47

Throughput:
    read, MiB/s:                  0.00
    written, MiB/s:               70.45

General statistics:
    total time:                          240.0017s
    total number of events:              541080

Latency (ms):
         min:                                    0.53
         avg:                                    1.77
         max:                                  121.54
         95th percentile:                        2.18
         sum:                               959558.12

Threads fairness:
    events (avg/stddev):           135270.0000/29.17
    execution time (avg/stddev):   239.8895/0.00

sysbench 1.0.17 (using bundled LuaJIT 2.1.0-beta2)

Running the test with following options:
Number of threads: 8
Initializing random number generator from current time


Extra file open flags: (none)
64 files, 128MiB each
8GiB total file size
Block size 32KiB
Number of IO requests: 0
Read/Write ratio for combined random IO test: 1.50
Calling fsync() after each write operation.
Using synchronous I/O mode
Doing random write test
Initializing worker threads...

Threads started!


File operations:
    reads/s:                      0.00
    writes/s:                     4144.33
    fsyncs/s:                     4144.33

Throughput:
    read, MiB/s:                  0.00
    written, MiB/s:               129.51

General statistics:
    total time:                          240.0016s
    total number of events:              994653

Latency (ms):
         min:                                    0.54
         avg:                                    1.93
         max:                                   66.42
         95th percentile:                        2.61
         sum:                              1918529.74

Threads fairness:
    events (avg/stddev):           124331.6250/58.58
    execution time (avg/stddev):   239.8162/0.00

sysbench 1.0.17 (using bundled LuaJIT 2.1.0-beta2)

Running the test with following options:
Number of threads: 16
Initializing random number generator from current time


Extra file open flags: (none)
64 files, 128MiB each
8GiB total file size
Block size 32KiB
Number of IO requests: 0
Read/Write ratio for combined random IO test: 1.50
Calling fsync() after each write operation.
Using synchronous I/O mode
Doing random write test
Initializing worker threads...

Threads started!


File operations:
    reads/s:                      0.00
    writes/s:                     7378.73
    fsyncs/s:                     7378.73

Throughput:
    read, MiB/s:                  0.00
    written, MiB/s:               230.59

General statistics:
    total time:                          240.0014s
    total number of events:              1770917

Latency (ms):
         min:                                    0.53
         avg:                                    2.17
         max:                                  140.01
         95th percentile:                        3.02
         sum:                              3835303.90

Threads fairness:
    events (avg/stddev):           110682.3125/82.31
    execution time (avg/stddev):   239.7065/0.00

sysbench 1.0.17 (using bundled LuaJIT 2.1.0-beta2)

Running the test with following options:
Number of threads: 32
Initializing random number generator from current time


Extra file open flags: (none)
64 files, 128MiB each
8GiB total file size
Block size 32KiB
Number of IO requests: 0
Read/Write ratio for combined random IO test: 1.50
Calling fsync() after each write operation.
Using synchronous I/O mode
Doing random write test
Initializing worker threads...

Threads started!


File operations:
    reads/s:                      0.00
    writes/s:                     7854.91
    fsyncs/s:                     7854.91

Throughput:
    read, MiB/s:                  0.00
    written, MiB/s:               245.47

General statistics:
    total time:                          240.0016s
    total number of events:              1885204

Latency (ms):
         min:                                    0.56
         avg:                                    4.07
         max:                                  147.81
         95th percentile:                        5.00
         sum:                              7671949.60

Threads fairness:
    events (avg/stddev):           58912.6250/38.27
    execution time (avg/stddev):   239.7484/0.00

sysbench 1.0.17 (using bundled LuaJIT 2.1.0-beta2)

Running the test with following options:
Number of threads: 64
Initializing random number generator from current time


Extra file open flags: (none)
64 files, 128MiB each
8GiB total file size
Block size 32KiB
Number of IO requests: 0
Read/Write ratio for combined random IO test: 1.50
Calling fsync() after each write operation.
Using synchronous I/O mode
Doing random write test
Initializing worker threads...

Threads started!


File operations:
    reads/s:                      0.00
    writes/s:                     7938.38
    fsyncs/s:                     7938.38

Throughput:
    read, MiB/s:                  0.00
    written, MiB/s:               248.07

General statistics:
    total time:                          240.0031s
    total number of events:              1905248

Latency (ms):
         min:                                    0.56
         avg:                                    8.06
         max:                                  157.88
         95th percentile:                        9.73
         sum:                             15351682.98

Threads fairness:
    events (avg/stddev):           29769.5000/22.88
    execution time (avg/stddev):   239.8700/0.00

