sysbench 1.0.17 (using bundled LuaJIT 2.1.0-beta2)

Running the test with following options:
Number of threads: 1
Initializing random number generator from current time


Extra file open flags: (none)
64 files, 128MiB each
8GiB total file size
Block size 32KiB
Number of IO requests: 0
Read/Write ratio for combined random IO test: 1.50
Calling fsync() after each write operation.
Using synchronous I/O mode
Doing random read test
Initializing worker threads...

Threads started!


File operations:
    reads/s:                      130291.79
    writes/s:                     0.00
    fsyncs/s:                     0.00

Throughput:
    read, MiB/s:                  4071.62
    written, MiB/s:               0.00

General statistics:
    total time:                          240.0001s
    total number of events:              31270313

Latency (ms):
         min:                                    0.00
         avg:                                    0.01
         max:                                    8.72
         95th percentile:                        0.01
         sum:                               227389.18

Threads fairness:
    events (avg/stddev):           31270313.0000/0.00
    execution time (avg/stddev):   227.3892/0.00

sysbench 1.0.17 (using bundled LuaJIT 2.1.0-beta2)

Running the test with following options:
Number of threads: 4
Initializing random number generator from current time


Extra file open flags: (none)
64 files, 128MiB each
8GiB total file size
Block size 32KiB
Number of IO requests: 0
Read/Write ratio for combined random IO test: 1.50
Calling fsync() after each write operation.
Using synchronous I/O mode
Doing random read test
Initializing worker threads...

Threads started!


File operations:
    reads/s:                      472850.28
    writes/s:                     0.00
    fsyncs/s:                     0.00

Throughput:
    read, MiB/s:                  14776.57
    written, MiB/s:               0.00

General statistics:
    total time:                          240.0004s
    total number of events:              113485421

Latency (ms):
         min:                                    0.00
         avg:                                    0.01
         max:                                   13.38
         95th percentile:                        0.01
         sum:                               894640.38

Threads fairness:
    events (avg/stddev):           28371355.2500/34549.94
    execution time (avg/stddev):   223.6601/0.27

sysbench 1.0.17 (using bundled LuaJIT 2.1.0-beta2)

Running the test with following options:
Number of threads: 8
Initializing random number generator from current time


Extra file open flags: (none)
64 files, 128MiB each
8GiB total file size
Block size 32KiB
Number of IO requests: 0
Read/Write ratio for combined random IO test: 1.50
Calling fsync() after each write operation.
Using synchronous I/O mode
Doing random read test
Initializing worker threads...

Threads started!


File operations:
    reads/s:                      797063.42
    writes/s:                     0.00
    fsyncs/s:                     0.00

Throughput:
    read, MiB/s:                  24908.23
    written, MiB/s:               0.00

General statistics:
    total time:                          240.0002s
    total number of events:              191297259

Latency (ms):
         min:                                    0.00
         avg:                                    0.01
         max:                                   14.47
         95th percentile:                        0.01
         sum:                              1764570.82

Threads fairness:
    events (avg/stddev):           23912157.3750/182399.79
    execution time (avg/stddev):   220.5714/0.22

sysbench 1.0.17 (using bundled LuaJIT 2.1.0-beta2)

Running the test with following options:
Number of threads: 16
Initializing random number generator from current time


Extra file open flags: (none)
64 files, 128MiB each
8GiB total file size
Block size 32KiB
Number of IO requests: 0
Read/Write ratio for combined random IO test: 1.50
Calling fsync() after each write operation.
Using synchronous I/O mode
Doing random read test
Initializing worker threads...

Threads started!


File operations:
    reads/s:                      926995.12
    writes/s:                     0.00
    fsyncs/s:                     0.00

Throughput:
    read, MiB/s:                  28968.60
    written, MiB/s:               0.00

General statistics:
    total time:                          240.0003s
    total number of events:              222481134

Latency (ms):
         min:                                    0.00
         avg:                                    0.02
         max:                                   15.50
         95th percentile:                        0.02
         sum:                              3389521.36

Threads fairness:
    events (avg/stddev):           13905070.8750/29387.92
    execution time (avg/stddev):   211.8451/0.12

sysbench 1.0.17 (using bundled LuaJIT 2.1.0-beta2)

Running the test with following options:
Number of threads: 32
Initializing random number generator from current time


Extra file open flags: (none)
64 files, 128MiB each
8GiB total file size
Block size 32KiB
Number of IO requests: 0
Read/Write ratio for combined random IO test: 1.50
Calling fsync() after each write operation.
Using synchronous I/O mode
Doing random read test
Initializing worker threads...

Threads started!


File operations:
    reads/s:                      921236.93
    writes/s:                     0.00
    fsyncs/s:                     0.00

Throughput:
    read, MiB/s:                  28788.65
    written, MiB/s:               0.00

General statistics:
    total time:                          240.0003s
    total number of events:              221099155

Latency (ms):
         min:                                    0.00
         avg:                                    0.02
         max:                                   25.79
         95th percentile:                        0.03
         sum:                              5452116.60

Threads fairness:
    events (avg/stddev):           6909348.5938/18840.55
    execution time (avg/stddev):   170.3786/0.17

sysbench 1.0.17 (using bundled LuaJIT 2.1.0-beta2)

Running the test with following options:
Number of threads: 64
Initializing random number generator from current time


Extra file open flags: (none)
64 files, 128MiB each
8GiB total file size
Block size 32KiB
Number of IO requests: 0
Read/Write ratio for combined random IO test: 1.50
Calling fsync() after each write operation.
Using synchronous I/O mode
Doing random read test
Initializing worker threads...

Threads started!


File operations:
    reads/s:                      906057.34
    writes/s:                     0.00
    fsyncs/s:                     0.00

Throughput:
    read, MiB/s:                  28314.29
    written, MiB/s:               0.00

General statistics:
    total time:                          240.0006s
    total number of events:              217456330

Latency (ms):
         min:                                    0.00
         avg:                                    0.04
         max:                                   59.55
         95th percentile:                        0.05
         sum:                              9725339.57

Threads fairness:
    events (avg/stddev):           3397755.1562/8099.90
    execution time (avg/stddev):   151.9584/0.32

