sysbench 1.0.17 (using bundled LuaJIT 2.1.0-beta2)

Running the test with following options:
Number of threads: 1
Initializing random number generator from current time


Extra file open flags: (none)
64 files, 128MiB each
8GiB total file size
Block size 32KiB
Number of IO requests: 0
Read/Write ratio for combined random IO test: 1.50
Calling fsync() after each write operation.
Using synchronous I/O mode
Doing random write test
Initializing worker threads...

Threads started!


File operations:
    reads/s:                      0.00
    writes/s:                     1762.61
    fsyncs/s:                     1762.61

Throughput:
    read, MiB/s:                  0.00
    written, MiB/s:               55.08

General statistics:
    total time:                          240.0005s
    total number of events:              423031

Latency (ms):
         min:                                    0.15
         avg:                                    0.57
         max:                                   54.81
         95th percentile:                        0.78
         sum:                               239428.79

Threads fairness:
    events (avg/stddev):           423031.0000/0.00
    execution time (avg/stddev):   239.4288/0.00

sysbench 1.0.17 (using bundled LuaJIT 2.1.0-beta2)

Running the test with following options:
Number of threads: 4
Initializing random number generator from current time


Extra file open flags: (none)
64 files, 128MiB each
8GiB total file size
Block size 32KiB
Number of IO requests: 0
Read/Write ratio for combined random IO test: 1.50
Calling fsync() after each write operation.
Using synchronous I/O mode
Doing random write test
Initializing worker threads...

Threads started!


File operations:
    reads/s:                      0.00
    writes/s:                     8441.41
    fsyncs/s:                     8441.41

Throughput:
    read, MiB/s:                  0.00
    written, MiB/s:               263.79

General statistics:
    total time:                          240.0003s
    total number of events:              2025959

Latency (ms):
         min:                                    0.14
         avg:                                    0.47
         max:                                   32.68
         95th percentile:                        0.72
         sum:                               957476.16

Threads fairness:
    events (avg/stddev):           506489.7500/305.24
    execution time (avg/stddev):   239.3690/0.00

sysbench 1.0.17 (using bundled LuaJIT 2.1.0-beta2)

Running the test with following options:
Number of threads: 8
Initializing random number generator from current time


Extra file open flags: (none)
64 files, 128MiB each
8GiB total file size
Block size 32KiB
Number of IO requests: 0
Read/Write ratio for combined random IO test: 1.50
Calling fsync() after each write operation.
Using synchronous I/O mode
Doing random write test
Initializing worker threads...

Threads started!


File operations:
    reads/s:                      0.00
    writes/s:                     13903.42
    fsyncs/s:                     13903.42

Throughput:
    read, MiB/s:                  0.00
    written, MiB/s:               434.48

General statistics:
    total time:                          240.0007s
    total number of events:              3336859

Latency (ms):
         min:                                    0.14
         avg:                                    0.57
         max:                                  188.91
         95th percentile:                        1.03
         sum:                              1914981.11

Threads fairness:
    events (avg/stddev):           417107.3750/277.28
    execution time (avg/stddev):   239.3726/0.01

sysbench 1.0.17 (using bundled LuaJIT 2.1.0-beta2)

Running the test with following options:
Number of threads: 16
Initializing random number generator from current time


Extra file open flags: (none)
64 files, 128MiB each
8GiB total file size
Block size 32KiB
Number of IO requests: 0
Read/Write ratio for combined random IO test: 1.50
Calling fsync() after each write operation.
Using synchronous I/O mode
Doing random write test
Initializing worker threads...

Threads started!


File operations:
    reads/s:                      0.00
    writes/s:                     22141.71
    fsyncs/s:                     22141.71

Throughput:
    read, MiB/s:                  0.00
    written, MiB/s:               691.93

General statistics:
    total time:                          240.0006s
    total number of events:              5314069

Latency (ms):
         min:                                    0.14
         avg:                                    0.72
         max:                                  170.53
         95th percentile:                        1.42
         sum:                              3828610.21

Threads fairness:
    events (avg/stddev):           332129.3125/312.07
    execution time (avg/stddev):   239.2881/0.01

sysbench 1.0.17 (using bundled LuaJIT 2.1.0-beta2)

Running the test with following options:
Number of threads: 32
Initializing random number generator from current time


Extra file open flags: (none)
64 files, 128MiB each
8GiB total file size
Block size 32KiB
Number of IO requests: 0
Read/Write ratio for combined random IO test: 1.50
Calling fsync() after each write operation.
Using synchronous I/O mode
Doing random write test
Initializing worker threads...

Threads started!


File operations:
    reads/s:                      0.00
    writes/s:                     24168.18
    fsyncs/s:                     24168.18

Throughput:
    read, MiB/s:                  0.00
    written, MiB/s:               755.26

General statistics:
    total time:                          240.0095s
    total number of events:              5800652

Latency (ms):
         min:                                    0.15
         avg:                                    1.32
         max:                                   80.99
         95th percentile:                        2.39
         sum:                              7665072.77

Threads fairness:
    events (avg/stddev):           181270.3750/212.85
    execution time (avg/stddev):   239.5335/0.01

sysbench 1.0.17 (using bundled LuaJIT 2.1.0-beta2)

Running the test with following options:
Number of threads: 64
Initializing random number generator from current time


Extra file open flags: (none)
64 files, 128MiB each
8GiB total file size
Block size 32KiB
Number of IO requests: 0
Read/Write ratio for combined random IO test: 1.50
Calling fsync() after each write operation.
Using synchronous I/O mode
Doing random write test
Initializing worker threads...

Threads started!


File operations:
    reads/s:                      0.00
    writes/s:                     24474.53
    fsyncs/s:                     24474.53

Throughput:
    read, MiB/s:                  0.00
    written, MiB/s:               764.83

General statistics:
    total time:                          240.0016s
    total number of events:              5873973

Latency (ms):
         min:                                    0.15
         avg:                                    2.61
         max:                                   71.62
         95th percentile:                       15.27
         sum:                             15344564.04

Threads fairness:
    events (avg/stddev):           91780.8281/163.92
    execution time (avg/stddev):   239.7588/0.01

