sysbench 1.0.17 (using bundled LuaJIT 2.1.0-beta2)

Running the test with following options:
Number of threads: 1
Initializing random number generator from current time


Extra file open flags: (none)
64 files, 128MiB each
8GiB total file size
Block size 32KiB
Number of IO requests: 0
Read/Write ratio for combined random IO test: 1.50
Calling fsync() after each write operation.
Using synchronous I/O mode
Doing random read test
Initializing worker threads...

Threads started!


File operations:
    reads/s:                      192306.28
    writes/s:                     0.00
    fsyncs/s:                     0.00

Throughput:
    read, MiB/s:                  6009.57
    written, MiB/s:               0.00

General statistics:
    total time:                          240.0001s
    total number of events:              46153825

Latency (ms):
         min:                                    0.00
         avg:                                    0.00
         max:                                    0.17
         95th percentile:                        0.01
         sum:                               228107.64

Threads fairness:
    events (avg/stddev):           46153825.0000/0.00
    execution time (avg/stddev):   228.1076/0.00

sysbench 1.0.17 (using bundled LuaJIT 2.1.0-beta2)

Running the test with following options:
Number of threads: 4
Initializing random number generator from current time


Extra file open flags: (none)
64 files, 128MiB each
8GiB total file size
Block size 32KiB
Number of IO requests: 0
Read/Write ratio for combined random IO test: 1.50
Calling fsync() after each write operation.
Using synchronous I/O mode
Doing random read test
Initializing worker threads...

Threads started!


File operations:
    reads/s:                      657376.22
    writes/s:                     0.00
    fsyncs/s:                     0.00

Throughput:
    read, MiB/s:                  20543.01
    written, MiB/s:               0.00

General statistics:
    total time:                          240.0001s
    total number of events:              157771378

Latency (ms):
         min:                                    0.00
         avg:                                    0.01
         max:                                    0.65
         95th percentile:                        0.01
         sum:                               875486.47

Threads fairness:
    events (avg/stddev):           39442844.5000/460099.84
    execution time (avg/stddev):   218.8716/0.07

sysbench 1.0.17 (using bundled LuaJIT 2.1.0-beta2)

Running the test with following options:
Number of threads: 8
Initializing random number generator from current time


Extra file open flags: (none)
64 files, 128MiB each
8GiB total file size
Block size 32KiB
Number of IO requests: 0
Read/Write ratio for combined random IO test: 1.50
Calling fsync() after each write operation.
Using synchronous I/O mode
Doing random read test
Initializing worker threads...

Threads started!


File operations:
    reads/s:                      1045289.59
    writes/s:                     0.00
    fsyncs/s:                     0.00

Throughput:
    read, MiB/s:                  32665.30
    written, MiB/s:               0.00

General statistics:
    total time:                          240.0001s
    total number of events:              250871261

Latency (ms):
         min:                                    0.00
         avg:                                    0.01
         max:                                    5.33
         95th percentile:                        0.01
         sum:                              1634173.84

Threads fairness:
    events (avg/stddev):           31358907.6250/375253.79
    execution time (avg/stddev):   204.2717/0.12

sysbench 1.0.17 (using bundled LuaJIT 2.1.0-beta2)

Running the test with following options:
Number of threads: 16
Initializing random number generator from current time


Extra file open flags: (none)
64 files, 128MiB each
8GiB total file size
Block size 32KiB
Number of IO requests: 0
Read/Write ratio for combined random IO test: 1.50
Calling fsync() after each write operation.
Using synchronous I/O mode
Doing random read test
Initializing worker threads...

Threads started!


File operations:
    reads/s:                      1043021.88
    writes/s:                     0.00
    fsyncs/s:                     0.00

Throughput:
    read, MiB/s:                  32594.43
    written, MiB/s:               0.00

General statistics:
    total time:                          240.0002s
    total number of events:              250327083

Latency (ms):
         min:                                    0.00
         avg:                                    0.01
         max:                                    4.33
         95th percentile:                        0.02
         sum:                              2761848.62

Threads fairness:
    events (avg/stddev):           15645442.6875/23444.00
    execution time (avg/stddev):   172.6155/0.21

sysbench 1.0.17 (using bundled LuaJIT 2.1.0-beta2)

Running the test with following options:
Number of threads: 32
Initializing random number generator from current time


Extra file open flags: (none)
64 files, 128MiB each
8GiB total file size
Block size 32KiB
Number of IO requests: 0
Read/Write ratio for combined random IO test: 1.50
Calling fsync() after each write operation.
Using synchronous I/O mode
Doing random read test
Initializing worker threads...

Threads started!


File operations:
    reads/s:                      1053033.35
    writes/s:                     0.00
    fsyncs/s:                     0.00

Throughput:
    read, MiB/s:                  32907.29
    written, MiB/s:               0.00

General statistics:
    total time:                          240.0002s
    total number of events:              252729901

Latency (ms):
         min:                                    0.00
         avg:                                    0.02
         max:                                    7.38
         95th percentile:                        0.07
         sum:                              4796110.83

Threads fairness:
    events (avg/stddev):           7897809.4062/13161.34
    execution time (avg/stddev):   149.8785/0.14

sysbench 1.0.17 (using bundled LuaJIT 2.1.0-beta2)

Running the test with following options:
Number of threads: 64
Initializing random number generator from current time


Extra file open flags: (none)
64 files, 128MiB each
8GiB total file size
Block size 32KiB
Number of IO requests: 0
Read/Write ratio for combined random IO test: 1.50
Calling fsync() after each write operation.
Using synchronous I/O mode
Doing random read test
Initializing worker threads...

Threads started!


File operations:
    reads/s:                      1034836.15
    writes/s:                     0.00
    fsyncs/s:                     0.00

Throughput:
    read, MiB/s:                  32338.63
    written, MiB/s:               0.00

General statistics:
    total time:                          240.0004s
    total number of events:              248362676

Latency (ms):
         min:                                    0.00
         avg:                                    0.04
         max:                                   21.69
         95th percentile:                        0.18
         sum:                              8804184.92

Threads fairness:
    events (avg/stddev):           3880666.8125/9466.43
    execution time (avg/stddev):   137.5654/0.19

