sysbench 1.0.17 (using bundled LuaJIT 2.1.0-beta2)

Running the test with following options:
Number of threads: 1
Initializing random number generator from current time


Extra file open flags: (none)
64 files, 128MiB each
8GiB total file size
Block size 32KiB
Number of IO requests: 0
Read/Write ratio for combined random IO test: 1.50
Calling fsync() after each write operation.
Using synchronous I/O mode
Doing random read test
Initializing worker threads...

Threads started!


File operations:
    reads/s:                      235903.64
    writes/s:                     0.00
    fsyncs/s:                     0.00

Throughput:
    read, MiB/s:                  7371.99
    written, MiB/s:               0.00

General statistics:
    total time:                          240.0001s
    total number of events:              56617236

Latency (ms):
         min:                                    0.00
         avg:                                    0.00
         max:                                    0.44
         95th percentile:                        0.00
         sum:                               227870.51

Threads fairness:
    events (avg/stddev):           56617236.0000/0.00
    execution time (avg/stddev):   227.8705/0.00

sysbench 1.0.17 (using bundled LuaJIT 2.1.0-beta2)

Running the test with following options:
Number of threads: 4
Initializing random number generator from current time


Extra file open flags: (none)
64 files, 128MiB each
8GiB total file size
Block size 32KiB
Number of IO requests: 0
Read/Write ratio for combined random IO test: 1.50
Calling fsync() after each write operation.
Using synchronous I/O mode
Doing random read test
Initializing worker threads...

Threads started!


File operations:
    reads/s:                      655966.14
    writes/s:                     0.00
    fsyncs/s:                     0.00

Throughput:
    read, MiB/s:                  20498.94
    written, MiB/s:               0.00

General statistics:
    total time:                          240.0001s
    total number of events:              157433066

Latency (ms):
         min:                                    0.00
         avg:                                    0.01
         max:                                    0.40
         95th percentile:                        0.01
         sum:                               857490.79

Threads fairness:
    events (avg/stddev):           39358266.5000/563775.71
    execution time (avg/stddev):   214.3727/0.61

sysbench 1.0.17 (using bundled LuaJIT 2.1.0-beta2)

Running the test with following options:
Number of threads: 8
Initializing random number generator from current time


Extra file open flags: (none)
64 files, 128MiB each
8GiB total file size
Block size 32KiB
Number of IO requests: 0
Read/Write ratio for combined random IO test: 1.50
Calling fsync() after each write operation.
Using synchronous I/O mode
Doing random read test
Initializing worker threads...

Threads started!


File operations:
    reads/s:                      831283.67
    writes/s:                     0.00
    fsyncs/s:                     0.00

Throughput:
    read, MiB/s:                  25977.61
    written, MiB/s:               0.00

General statistics:
    total time:                          240.0001s
    total number of events:              199509534

Latency (ms):
         min:                                    0.00
         avg:                                    0.01
         max:                                   15.56
         95th percentile:                        0.01
         sum:                              1749285.95

Threads fairness:
    events (avg/stddev):           24938691.7500/99416.95
    execution time (avg/stddev):   218.6607/0.49

sysbench 1.0.17 (using bundled LuaJIT 2.1.0-beta2)

Running the test with following options:
Number of threads: 16
Initializing random number generator from current time


Extra file open flags: (none)
64 files, 128MiB each
8GiB total file size
Block size 32KiB
Number of IO requests: 0
Read/Write ratio for combined random IO test: 1.50
Calling fsync() after each write operation.
Using synchronous I/O mode
Doing random read test
Initializing worker threads...

Threads started!


File operations:
    reads/s:                      799854.00
    writes/s:                     0.00
    fsyncs/s:                     0.00

Throughput:
    read, MiB/s:                  24995.44
    written, MiB/s:               0.00

General statistics:
    total time:                          240.0001s
    total number of events:              191966351

Latency (ms):
         min:                                    0.00
         avg:                                    0.01
         max:                                    5.00
         95th percentile:                        0.03
         sum:                              2725409.69

Threads fairness:
    events (avg/stddev):           11997896.9375/65067.76
    execution time (avg/stddev):   170.3381/0.58

sysbench 1.0.17 (using bundled LuaJIT 2.1.0-beta2)

Running the test with following options:
Number of threads: 32
Initializing random number generator from current time


Extra file open flags: (none)
64 files, 128MiB each
8GiB total file size
Block size 32KiB
Number of IO requests: 0
Read/Write ratio for combined random IO test: 1.50
Calling fsync() after each write operation.
Using synchronous I/O mode
Doing random read test
Initializing worker threads...

Threads started!


File operations:
    reads/s:                      773659.10
    writes/s:                     0.00
    fsyncs/s:                     0.00

Throughput:
    read, MiB/s:                  24176.85
    written, MiB/s:               0.00

General statistics:
    total time:                          240.0002s
    total number of events:              185679591

Latency (ms):
         min:                                    0.00
         avg:                                    0.03
         max:                                    5.42
         95th percentile:                        0.10
         sum:                              4714457.12

Threads fairness:
    events (avg/stddev):           5802487.2188/17130.79
    execution time (avg/stddev):   147.3268/0.47

sysbench 1.0.17 (using bundled LuaJIT 2.1.0-beta2)

Running the test with following options:
Number of threads: 64
Initializing random number generator from current time


Extra file open flags: (none)
64 files, 128MiB each
8GiB total file size
Block size 32KiB
Number of IO requests: 0
Read/Write ratio for combined random IO test: 1.50
Calling fsync() after each write operation.
Using synchronous I/O mode
Doing random read test
Initializing worker threads...

Threads started!


File operations:
    reads/s:                      779178.26
    writes/s:                     0.00
    fsyncs/s:                     0.00

Throughput:
    read, MiB/s:                  24349.32
    written, MiB/s:               0.00

General statistics:
    total time:                          240.0003s
    total number of events:              187004298

Latency (ms):
         min:                                    0.00
         avg:                                    0.05
         max:                                   10.65
         95th percentile:                        0.27
         sum:                              8877096.41

Threads fairness:
    events (avg/stddev):           2921942.1562/12001.88
    execution time (avg/stddev):   138.7046/0.31

