sysbench 1.0.17 (using bundled LuaJIT 2.1.0-beta2)

Running the test with following options:
Number of threads: 1
Initializing random number generator from current time


Extra file open flags: (none)
64 files, 128MiB each
8GiB total file size
Block size 32KiB
Number of IO requests: 0
Read/Write ratio for combined random IO test: 1.50
Calling fsync() after each write operation.
Using synchronous I/O mode
Doing random write test
Initializing worker threads...

Threads started!


File operations:
    reads/s:                      0.00
    writes/s:                     590.47
    fsyncs/s:                     590.47

Throughput:
    read, MiB/s:                  0.00
    written, MiB/s:               18.45

General statistics:
    total time:                          240.0011s
    total number of events:              141715

Latency (ms):
         min:                                    0.53
         avg:                                    1.69
         max:                                  142.97
         95th percentile:                        1.93
         sum:                               239896.85

Threads fairness:
    events (avg/stddev):           141715.0000/0.00
    execution time (avg/stddev):   239.8969/0.00

sysbench 1.0.17 (using bundled LuaJIT 2.1.0-beta2)

Running the test with following options:
Number of threads: 4
Initializing random number generator from current time


Extra file open flags: (none)
64 files, 128MiB each
8GiB total file size
Block size 32KiB
Number of IO requests: 0
Read/Write ratio for combined random IO test: 1.50
Calling fsync() after each write operation.
Using synchronous I/O mode
Doing random write test
Initializing worker threads...

Threads started!


File operations:
    reads/s:                      0.00
    writes/s:                     2270.48
    fsyncs/s:                     2270.48

Throughput:
    read, MiB/s:                  0.00
    written, MiB/s:               70.95

General statistics:
    total time:                          240.0013s
    total number of events:              544923

Latency (ms):
         min:                                    0.53
         avg:                                    1.76
         max:                                  208.06
         95th percentile:                        2.18
         sum:                               959543.53

Threads fairness:
    events (avg/stddev):           136230.7500/60.30
    execution time (avg/stddev):   239.8859/0.00

sysbench 1.0.17 (using bundled LuaJIT 2.1.0-beta2)

Running the test with following options:
Number of threads: 8
Initializing random number generator from current time


Extra file open flags: (none)
64 files, 128MiB each
8GiB total file size
Block size 32KiB
Number of IO requests: 0
Read/Write ratio for combined random IO test: 1.50
Calling fsync() after each write operation.
Using synchronous I/O mode
Doing random write test
Initializing worker threads...

Threads started!


File operations:
    reads/s:                      0.00
    writes/s:                     4163.89
    fsyncs/s:                     4163.89

Throughput:
    read, MiB/s:                  0.00
    written, MiB/s:               130.12

General statistics:
    total time:                          240.0007s
    total number of events:              999342

Latency (ms):
         min:                                    0.52
         avg:                                    1.92
         max:                                  154.66
         95th percentile:                        2.61
         sum:                              1918568.21

Threads fairness:
    events (avg/stddev):           124917.7500/59.58
    execution time (avg/stddev):   239.8210/0.00

sysbench 1.0.17 (using bundled LuaJIT 2.1.0-beta2)

Running the test with following options:
Number of threads: 16
Initializing random number generator from current time


Extra file open flags: (none)
64 files, 128MiB each
8GiB total file size
Block size 32KiB
Number of IO requests: 0
Read/Write ratio for combined random IO test: 1.50
Calling fsync() after each write operation.
Using synchronous I/O mode
Doing random write test
Initializing worker threads...

Threads started!


File operations:
    reads/s:                      0.00
    writes/s:                     7292.36
    fsyncs/s:                     7292.36

Throughput:
    read, MiB/s:                  0.00
    written, MiB/s:               227.89

General statistics:
    total time:                          240.0021s
    total number of events:              1750194

Latency (ms):
         min:                                    0.53
         avg:                                    2.19
         max:                                  159.40
         95th percentile:                        3.07
         sum:                              3835395.31

Threads fairness:
    events (avg/stddev):           109387.1250/113.81
    execution time (avg/stddev):   239.7122/0.00

sysbench 1.0.17 (using bundled LuaJIT 2.1.0-beta2)

Running the test with following options:
Number of threads: 32
Initializing random number generator from current time


Extra file open flags: (none)
64 files, 128MiB each
8GiB total file size
Block size 32KiB
Number of IO requests: 0
Read/Write ratio for combined random IO test: 1.50
Calling fsync() after each write operation.
Using synchronous I/O mode
Doing random write test
Initializing worker threads...

Threads started!


File operations:
    reads/s:                      0.00
    writes/s:                     7854.66
    fsyncs/s:                     7854.66

Throughput:
    read, MiB/s:                  0.00
    written, MiB/s:               245.46

General statistics:
    total time:                          240.0041s
    total number of events:              1885162

Latency (ms):
         min:                                    0.53
         avg:                                    4.07
         max:                                  143.01
         95th percentile:                        5.00
         sum:                              7672554.23

Threads fairness:
    events (avg/stddev):           58911.3125/44.59
    execution time (avg/stddev):   239.7673/0.00

sysbench 1.0.17 (using bundled LuaJIT 2.1.0-beta2)

Running the test with following options:
Number of threads: 64
Initializing random number generator from current time


Extra file open flags: (none)
64 files, 128MiB each
8GiB total file size
Block size 32KiB
Number of IO requests: 0
Read/Write ratio for combined random IO test: 1.50
Calling fsync() after each write operation.
Using synchronous I/O mode
Doing random write test
Initializing worker threads...

Threads started!


File operations:
    reads/s:                      0.00
    writes/s:                     7939.42
    fsyncs/s:                     7939.42

Throughput:
    read, MiB/s:                  0.00
    written, MiB/s:               248.11

General statistics:
    total time:                          240.0029s
    total number of events:              1905496

Latency (ms):
         min:                                    0.57
         avg:                                    8.06
         max:                                  155.67
         95th percentile:                        9.56
         sum:                             15351739.30

Threads fairness:
    events (avg/stddev):           29773.3750/21.66
    execution time (avg/stddev):   239.8709/0.00

