sysbench 1.0.17 (using bundled LuaJIT 2.1.0-beta2)

Running the test with following options:
Number of threads: 1
Initializing random number generator from current time


Extra file open flags: (none)
64 files, 128MiB each
8GiB total file size
Block size 32KiB
Number of IO requests: 0
Read/Write ratio for combined random IO test: 1.50
Calling fsync() after each write operation.
Using synchronous I/O mode
Doing random read test
Initializing worker threads...

Threads started!


File operations:
    reads/s:                      203944.92
    writes/s:                     0.00
    fsyncs/s:                     0.00

Throughput:
    read, MiB/s:                  6373.28
    written, MiB/s:               0.00

General statistics:
    total time:                          240.0001s
    total number of events:              48947105

Latency (ms):
         min:                                    0.00
         avg:                                    0.00
         max:                                    0.05
         95th percentile:                        0.01
         sum:                               227968.88

Threads fairness:
    events (avg/stddev):           48947105.0000/0.00
    execution time (avg/stddev):   227.9689/0.00

sysbench 1.0.17 (using bundled LuaJIT 2.1.0-beta2)

Running the test with following options:
Number of threads: 4
Initializing random number generator from current time


Extra file open flags: (none)
64 files, 128MiB each
8GiB total file size
Block size 32KiB
Number of IO requests: 0
Read/Write ratio for combined random IO test: 1.50
Calling fsync() after each write operation.
Using synchronous I/O mode
Doing random read test
Initializing worker threads...

Threads started!


File operations:
    reads/s:                      705030.53
    writes/s:                     0.00
    fsyncs/s:                     0.00

Throughput:
    read, MiB/s:                  22032.20
    written, MiB/s:               0.00

General statistics:
    total time:                          240.0001s
    total number of events:              169208445

Latency (ms):
         min:                                    0.00
         avg:                                    0.01
         max:                                    0.13
         95th percentile:                        0.01
         sum:                               873766.88

Threads fairness:
    events (avg/stddev):           42302111.2500/397803.69
    execution time (avg/stddev):   218.4417/0.27

sysbench 1.0.17 (using bundled LuaJIT 2.1.0-beta2)

Running the test with following options:
Number of threads: 8
Initializing random number generator from current time


Extra file open flags: (none)
64 files, 128MiB each
8GiB total file size
Block size 32KiB
Number of IO requests: 0
Read/Write ratio for combined random IO test: 1.50
Calling fsync() after each write operation.
Using synchronous I/O mode
Doing random read test
Initializing worker threads...

Threads started!


File operations:
    reads/s:                      1076445.02
    writes/s:                     0.00
    fsyncs/s:                     0.00

Throughput:
    read, MiB/s:                  33638.91
    written, MiB/s:               0.00

General statistics:
    total time:                          240.0001s
    total number of events:              258348821

Latency (ms):
         min:                                    0.00
         avg:                                    0.01
         max:                                    7.47
         95th percentile:                        0.01
         sum:                              1602177.57

Threads fairness:
    events (avg/stddev):           32293602.6250/1122102.26
    execution time (avg/stddev):   200.2722/0.93

sysbench 1.0.17 (using bundled LuaJIT 2.1.0-beta2)

Running the test with following options:
Number of threads: 16
Initializing random number generator from current time


Extra file open flags: (none)
64 files, 128MiB each
8GiB total file size
Block size 32KiB
Number of IO requests: 0
Read/Write ratio for combined random IO test: 1.50
Calling fsync() after each write operation.
Using synchronous I/O mode
Doing random read test
Initializing worker threads...

Threads started!


File operations:
    reads/s:                      1082932.01
    writes/s:                     0.00
    fsyncs/s:                     0.00

Throughput:
    read, MiB/s:                  33841.63
    written, MiB/s:               0.00

General statistics:
    total time:                          240.0001s
    total number of events:              259905447

Latency (ms):
         min:                                    0.00
         avg:                                    0.01
         max:                                    9.75
         95th percentile:                        0.02
         sum:                              2700723.64

Threads fairness:
    events (avg/stddev):           16244090.4375/39209.24
    execution time (avg/stddev):   168.7952/0.16

sysbench 1.0.17 (using bundled LuaJIT 2.1.0-beta2)

Running the test with following options:
Number of threads: 32
Initializing random number generator from current time


Extra file open flags: (none)
64 files, 128MiB each
8GiB total file size
Block size 32KiB
Number of IO requests: 0
Read/Write ratio for combined random IO test: 1.50
Calling fsync() after each write operation.
Using synchronous I/O mode
Doing random read test
Initializing worker threads...

Threads started!


File operations:
    reads/s:                      1066706.64
    writes/s:                     0.00
    fsyncs/s:                     0.00

Throughput:
    read, MiB/s:                  33334.58
    written, MiB/s:               0.00

General statistics:
    total time:                          240.0001s
    total number of events:              256011625

Latency (ms):
         min:                                    0.00
         avg:                                    0.02
         max:                                    9.80
         95th percentile:                        0.07
         sum:                              4674264.92

Threads fairness:
    events (avg/stddev):           8000363.2812/9256.80
    execution time (avg/stddev):   146.0708/0.10

sysbench 1.0.17 (using bundled LuaJIT 2.1.0-beta2)

Running the test with following options:
Number of threads: 64
Initializing random number generator from current time


Extra file open flags: (none)
64 files, 128MiB each
8GiB total file size
Block size 32KiB
Number of IO requests: 0
Read/Write ratio for combined random IO test: 1.50
Calling fsync() after each write operation.
Using synchronous I/O mode
Doing random read test
Initializing worker threads...

Threads started!


File operations:
    reads/s:                      1028490.99
    writes/s:                     0.00
    fsyncs/s:                     0.00

Throughput:
    read, MiB/s:                  32140.34
    written, MiB/s:               0.00

General statistics:
    total time:                          240.0002s
    total number of events:              246839604

Latency (ms):
         min:                                    0.00
         avg:                                    0.04
         max:                                   38.97
         95th percentile:                        0.20
         sum:                              8648882.79

Threads fairness:
    events (avg/stddev):           3856868.8125/22150.78
    execution time (avg/stddev):   135.1388/0.11

