sysbench 1.0.17 (using bundled LuaJIT 2.1.0-beta2)

Running the test with following options:
Number of threads: 1
Initializing random number generator from current time


Extra file open flags: (none)
64 files, 128MiB each
8GiB total file size
Block size 32KiB
Number of IO requests: 0
Read/Write ratio for combined random IO test: 1.50
Calling fsync() after each write operation.
Using synchronous I/O mode
Doing random read test
Initializing worker threads...

Threads started!


File operations:
    reads/s:                      232200.18
    writes/s:                     0.00
    fsyncs/s:                     0.00

Throughput:
    read, MiB/s:                  7256.26
    written, MiB/s:               0.00

General statistics:
    total time:                          240.0001s
    total number of events:              55728395

Latency (ms):
         min:                                    0.00
         avg:                                    0.00
         max:                                    0.06
         95th percentile:                        0.00
         sum:                               228067.75

Threads fairness:
    events (avg/stddev):           55728395.0000/0.00
    execution time (avg/stddev):   228.0677/0.00

sysbench 1.0.17 (using bundled LuaJIT 2.1.0-beta2)

Running the test with following options:
Number of threads: 4
Initializing random number generator from current time


Extra file open flags: (none)
64 files, 128MiB each
8GiB total file size
Block size 32KiB
Number of IO requests: 0
Read/Write ratio for combined random IO test: 1.50
Calling fsync() after each write operation.
Using synchronous I/O mode
Doing random read test
Initializing worker threads...

Threads started!


File operations:
    reads/s:                      606342.83
    writes/s:                     0.00
    fsyncs/s:                     0.00

Throughput:
    read, MiB/s:                  18948.21
    written, MiB/s:               0.00

General statistics:
    total time:                          240.0001s
    total number of events:              145523370

Latency (ms):
         min:                                    0.00
         avg:                                    0.01
         max:                                    0.14
         95th percentile:                        0.01
         sum:                               847717.24

Threads fairness:
    events (avg/stddev):           36380842.5000/812468.04
    execution time (avg/stddev):   211.9293/2.42

sysbench 1.0.17 (using bundled LuaJIT 2.1.0-beta2)

Running the test with following options:
Number of threads: 8
Initializing random number generator from current time


Extra file open flags: (none)
64 files, 128MiB each
8GiB total file size
Block size 32KiB
Number of IO requests: 0
Read/Write ratio for combined random IO test: 1.50
Calling fsync() after each write operation.
Using synchronous I/O mode
Doing random read test
Initializing worker threads...

Threads started!


File operations:
    reads/s:                      758853.95
    writes/s:                     0.00
    fsyncs/s:                     0.00

Throughput:
    read, MiB/s:                  23714.19
    written, MiB/s:               0.00

General statistics:
    total time:                          240.0001s
    total number of events:              182126332

Latency (ms):
         min:                                    0.00
         avg:                                    0.01
         max:                                   13.59
         95th percentile:                        0.01
         sum:                              1750035.57

Threads fairness:
    events (avg/stddev):           22765791.5000/107540.04
    execution time (avg/stddev):   218.7544/0.34

sysbench 1.0.17 (using bundled LuaJIT 2.1.0-beta2)

Running the test with following options:
Number of threads: 16
Initializing random number generator from current time


Extra file open flags: (none)
64 files, 128MiB each
8GiB total file size
Block size 32KiB
Number of IO requests: 0
Read/Write ratio for combined random IO test: 1.50
Calling fsync() after each write operation.
Using synchronous I/O mode
Doing random read test
Initializing worker threads...

Threads started!


File operations:
    reads/s:                      740436.68
    writes/s:                     0.00
    fsyncs/s:                     0.00

Throughput:
    read, MiB/s:                  23138.65
    written, MiB/s:               0.00

General statistics:
    total time:                          240.0001s
    total number of events:              177706086

Latency (ms):
         min:                                    0.00
         avg:                                    0.02
         max:                                    4.70
         95th percentile:                        0.04
         sum:                              2762194.82

Threads fairness:
    events (avg/stddev):           11106630.3750/61985.77
    execution time (avg/stddev):   172.6372/0.53

sysbench 1.0.17 (using bundled LuaJIT 2.1.0-beta2)

Running the test with following options:
Number of threads: 32
Initializing random number generator from current time


Extra file open flags: (none)
64 files, 128MiB each
8GiB total file size
Block size 32KiB
Number of IO requests: 0
Read/Write ratio for combined random IO test: 1.50
Calling fsync() after each write operation.
Using synchronous I/O mode
Doing random read test
Initializing worker threads...

Threads started!


File operations:
    reads/s:                      709470.43
    writes/s:                     0.00
    fsyncs/s:                     0.00

Throughput:
    read, MiB/s:                  22170.95
    written, MiB/s:               0.00

General statistics:
    total time:                          240.0002s
    total number of events:              170274199

Latency (ms):
         min:                                    0.00
         avg:                                    0.03
         max:                                   18.27
         95th percentile:                        0.11
         sum:                              4753604.34

Threads fairness:
    events (avg/stddev):           5321068.7188/15663.24
    execution time (avg/stddev):   148.5501/0.47

sysbench 1.0.17 (using bundled LuaJIT 2.1.0-beta2)

Running the test with following options:
Number of threads: 64
Initializing random number generator from current time


Extra file open flags: (none)
64 files, 128MiB each
8GiB total file size
Block size 32KiB
Number of IO requests: 0
Read/Write ratio for combined random IO test: 1.50
Calling fsync() after each write operation.
Using synchronous I/O mode
Doing random read test
Initializing worker threads...

Threads started!


File operations:
    reads/s:                      719741.11
    writes/s:                     0.00
    fsyncs/s:                     0.00

Throughput:
    read, MiB/s:                  22491.91
    written, MiB/s:               0.00

General statistics:
    total time:                          240.0003s
    total number of events:              172739251

Latency (ms):
         min:                                    0.00
         avg:                                    0.05
         max:                                   10.67
         95th percentile:                        0.30
         sum:                              8962263.43

Threads fairness:
    events (avg/stddev):           2699050.7969/12278.53
    execution time (avg/stddev):   140.0354/0.30

