sysbench 1.0.17 (using bundled LuaJIT 2.1.0-beta2)

Running the test with following options:
Number of threads: 1
Initializing random number generator from current time


Extra file open flags: (none)
64 files, 128MiB each
8GiB total file size
Block size 32KiB
Number of IO requests: 0
Read/Write ratio for combined random IO test: 1.50
Calling fsync() after each write operation.
Using synchronous I/O mode
Doing random write test
Initializing worker threads...

Threads started!


File operations:
    reads/s:                      0.00
    writes/s:                     5171.27
    fsyncs/s:                     5171.27

Throughput:
    read, MiB/s:                  0.00
    written, MiB/s:               161.60

General statistics:
    total time:                          240.0003s
    total number of events:              1241115

Latency (ms):
         min:                                    0.07
         avg:                                    0.19
         max:                                    2.14
         95th percentile:                        0.23
         sum:                               239317.79

Threads fairness:
    events (avg/stddev):           1241115.0000/0.00
    execution time (avg/stddev):   239.3178/0.00

sysbench 1.0.17 (using bundled LuaJIT 2.1.0-beta2)

Running the test with following options:
Number of threads: 4
Initializing random number generator from current time


Extra file open flags: (none)
64 files, 128MiB each
8GiB total file size
Block size 32KiB
Number of IO requests: 0
Read/Write ratio for combined random IO test: 1.50
Calling fsync() after each write operation.
Using synchronous I/O mode
Doing random write test
Initializing worker threads...

Threads started!


File operations:
    reads/s:                      0.00
    writes/s:                     14364.25
    fsyncs/s:                     14364.25

Throughput:
    read, MiB/s:                  0.00
    written, MiB/s:               448.88

General statistics:
    total time:                          240.0001s
    total number of events:              3447447

Latency (ms):
         min:                                    0.07
         avg:                                    0.28
         max:                                    1.28
         95th percentile:                        0.54
         sum:                               957623.96

Threads fairness:
    events (avg/stddev):           861861.7500/326.68
    execution time (avg/stddev):   239.4060/0.00

sysbench 1.0.17 (using bundled LuaJIT 2.1.0-beta2)

Running the test with following options:
Number of threads: 8
Initializing random number generator from current time


Extra file open flags: (none)
64 files, 128MiB each
8GiB total file size
Block size 32KiB
Number of IO requests: 0
Read/Write ratio for combined random IO test: 1.50
Calling fsync() after each write operation.
Using synchronous I/O mode
Doing random write test
Initializing worker threads...

Threads started!


File operations:
    reads/s:                      0.00
    writes/s:                     14662.39
    fsyncs/s:                     14662.39

Throughput:
    read, MiB/s:                  0.00
    written, MiB/s:               458.20

General statistics:
    total time:                          240.0008s
    total number of events:              3519010

Latency (ms):
         min:                                    0.08
         avg:                                    0.54
         max:                                    2.94
         95th percentile:                        1.04
         sum:                              1916969.82

Threads fairness:
    events (avg/stddev):           439876.2500/255.31
    execution time (avg/stddev):   239.6212/0.00

sysbench 1.0.17 (using bundled LuaJIT 2.1.0-beta2)

Running the test with following options:
Number of threads: 16
Initializing random number generator from current time


Extra file open flags: (none)
64 files, 128MiB each
8GiB total file size
Block size 32KiB
Number of IO requests: 0
Read/Write ratio for combined random IO test: 1.50
Calling fsync() after each write operation.
Using synchronous I/O mode
Doing random write test
Initializing worker threads...

Threads started!


File operations:
    reads/s:                      0.00
    writes/s:                     15033.93
    fsyncs/s:                     15033.93

Throughput:
    read, MiB/s:                  0.00
    written, MiB/s:               469.81

General statistics:
    total time:                          240.0013s
    total number of events:              3608189

Latency (ms):
         min:                                    0.08
         avg:                                    1.06
         max:                                    5.93
         95th percentile:                        2.03
         sum:                              3835993.47

Threads fairness:
    events (avg/stddev):           225511.8125/208.66
    execution time (avg/stddev):   239.7496/0.00

sysbench 1.0.17 (using bundled LuaJIT 2.1.0-beta2)

Running the test with following options:
Number of threads: 32
Initializing random number generator from current time


Extra file open flags: (none)
64 files, 128MiB each
8GiB total file size
Block size 32KiB
Number of IO requests: 0
Read/Write ratio for combined random IO test: 1.50
Calling fsync() after each write operation.
Using synchronous I/O mode
Doing random write test
Initializing worker threads...

Threads started!


File operations:
    reads/s:                      0.00
    writes/s:                     15365.49
    fsyncs/s:                     15365.49

Throughput:
    read, MiB/s:                  0.00
    written, MiB/s:               480.17

General statistics:
    total time:                          240.0005s
    total number of events:              3687748

Latency (ms):
         min:                                    0.08
         avg:                                    2.08
         max:                                   13.04
         95th percentile:                        3.82
         sum:                              7671966.67

Threads fairness:
    events (avg/stddev):           115242.1250/185.28
    execution time (avg/stddev):   239.7490/0.00

sysbench 1.0.17 (using bundled LuaJIT 2.1.0-beta2)

Running the test with following options:
Number of threads: 64
Initializing random number generator from current time


Extra file open flags: (none)
64 files, 128MiB each
8GiB total file size
Block size 32KiB
Number of IO requests: 0
Read/Write ratio for combined random IO test: 1.50
Calling fsync() after each write operation.
Using synchronous I/O mode
Doing random write test
Initializing worker threads...

Threads started!


File operations:
    reads/s:                      0.00
    writes/s:                     15643.60
    fsyncs/s:                     15643.60

Throughput:
    read, MiB/s:                  0.00
    written, MiB/s:               488.86

General statistics:
    total time:                          240.0036s
    total number of events:              3754543

Latency (ms):
         min:                                    0.08
         avg:                                    4.09
         max:                                   24.74
         95th percentile:                        7.17
         sum:                             15345198.44

Threads fairness:
    events (avg/stddev):           58664.7344/99.06
    execution time (avg/stddev):   239.7687/0.00

