sysbench 1.0.17 (using bundled LuaJIT 2.1.0-beta2)

Running the test with following options:
Number of threads: 1
Initializing random number generator from current time


Extra file open flags: (none)
64 files, 128MiB each
8GiB total file size
Block size 32KiB
Number of IO requests: 0
Read/Write ratio for combined random IO test: 1.50
Calling fsync() after each write operation.
Using synchronous I/O mode
Doing random read test
Initializing worker threads...

Threads started!


File operations:
    reads/s:                      850339.54
    writes/s:                     0.00
    fsyncs/s:                     0.00

Throughput:
    read, MiB/s:                  26573.11
    written, MiB/s:               0.00

General statistics:
    total time:                          240.0006s
    total number of events:              204083689

Latency (ms):
         min:                                    0.00
         avg:                                    0.05
         max:                                   68.48
         95th percentile:                        0.13
         sum:                             10262483.69

Threads fairness:
    events (avg/stddev):           3188807.6406/18983.60
    execution time (avg/stddev):   160.3513/0.27

