sysbench 1.0.17 (using bundled LuaJIT 2.1.0-beta2)

Running the test with following options:
Number of threads: 1
Initializing random number generator from current time


Extra file open flags: (none)
64 files, 128MiB each
8GiB total file size
Block size 32KiB
Number of IO requests: 0
Read/Write ratio for combined random IO test: 1.50
Calling fsync() after each write operation.
Using synchronous I/O mode
Doing random read test
Initializing worker threads...

Threads started!


File operations:
    reads/s:                      159273.17
    writes/s:                     0.00
    fsyncs/s:                     0.00

Throughput:
    read, MiB/s:                  4977.29
    written, MiB/s:               0.00

General statistics:
    total time:                          240.0001s
    total number of events:              38225943

Latency (ms):
         min:                                    0.00
         avg:                                    0.01
         max:                                    5.27
         95th percentile:                        0.01
         sum:                               229203.21

Threads fairness:
    events (avg/stddev):           38225943.0000/0.00
    execution time (avg/stddev):   229.2032/0.00

sysbench 1.0.17 (using bundled LuaJIT 2.1.0-beta2)

Running the test with following options:
Number of threads: 4
Initializing random number generator from current time


Extra file open flags: (none)
64 files, 128MiB each
8GiB total file size
Block size 32KiB
Number of IO requests: 0
Read/Write ratio for combined random IO test: 1.50
Calling fsync() after each write operation.
Using synchronous I/O mode
Doing random read test
Initializing worker threads...

Threads started!


File operations:
    reads/s:                      545402.47
    writes/s:                     0.00
    fsyncs/s:                     0.00

Throughput:
    read, MiB/s:                  17043.83
    written, MiB/s:               0.00

General statistics:
    total time:                          240.0001s
    total number of events:              130897794

Latency (ms):
         min:                                    0.00
         avg:                                    0.01
         max:                                    9.37
         95th percentile:                        0.01
         sum:                               893453.69

Threads fairness:
    events (avg/stddev):           32724448.5000/87717.68
    execution time (avg/stddev):   223.3634/0.08

sysbench 1.0.17 (using bundled LuaJIT 2.1.0-beta2)

Running the test with following options:
Number of threads: 8
Initializing random number generator from current time


Extra file open flags: (none)
64 files, 128MiB each
8GiB total file size
Block size 32KiB
Number of IO requests: 0
Read/Write ratio for combined random IO test: 1.50
Calling fsync() after each write operation.
Using synchronous I/O mode
Doing random read test
Initializing worker threads...

Threads started!


File operations:
    reads/s:                      904377.59
    writes/s:                     0.00
    fsyncs/s:                     0.00

Throughput:
    read, MiB/s:                  28261.80
    written, MiB/s:               0.00

General statistics:
    total time:                          240.0001s
    total number of events:              217052873

Latency (ms):
         min:                                    0.00
         avg:                                    0.01
         max:                                    9.67
         95th percentile:                        0.01
         sum:                              1697362.40

Threads fairness:
    events (avg/stddev):           27131609.1250/39699.48
    execution time (avg/stddev):   212.1703/0.08

sysbench 1.0.17 (using bundled LuaJIT 2.1.0-beta2)

Running the test with following options:
Number of threads: 16
Initializing random number generator from current time


Extra file open flags: (none)
64 files, 128MiB each
8GiB total file size
Block size 32KiB
Number of IO requests: 0
Read/Write ratio for combined random IO test: 1.50
Calling fsync() after each write operation.
Using synchronous I/O mode
Doing random read test
Initializing worker threads...

Threads started!


File operations:
    reads/s:                      928078.49
    writes/s:                     0.00
    fsyncs/s:                     0.00

Throughput:
    read, MiB/s:                  29002.45
    written, MiB/s:               0.00

General statistics:
    total time:                          240.0002s
    total number of events:              222741290

Latency (ms):
         min:                                    0.00
         avg:                                    0.01
         max:                                   12.16
         95th percentile:                        0.03
         sum:                              3060388.88

Threads fairness:
    events (avg/stddev):           13921330.6250/16358.71
    execution time (avg/stddev):   191.2743/0.22

sysbench 1.0.17 (using bundled LuaJIT 2.1.0-beta2)

Running the test with following options:
Number of threads: 32
Initializing random number generator from current time


Extra file open flags: (none)
64 files, 128MiB each
8GiB total file size
Block size 32KiB
Number of IO requests: 0
Read/Write ratio for combined random IO test: 1.50
Calling fsync() after each write operation.
Using synchronous I/O mode
Doing random read test
Initializing worker threads...

Threads started!


File operations:
    reads/s:                      939686.53
    writes/s:                     0.00
    fsyncs/s:                     0.00

Throughput:
    read, MiB/s:                  29365.20
    written, MiB/s:               0.00

General statistics:
    total time:                          240.0003s
    total number of events:              225527096

Latency (ms):
         min:                                    0.00
         avg:                                    0.02
         max:                                   23.93
         95th percentile:                        0.05
         sum:                              5080312.16

Threads fairness:
    events (avg/stddev):           7047721.7500/15243.54
    execution time (avg/stddev):   158.7598/0.16

sysbench 1.0.17 (using bundled LuaJIT 2.1.0-beta2)

Running the test with following options:
Number of threads: 64
Initializing random number generator from current time


Extra file open flags: (none)
64 files, 128MiB each
8GiB total file size
Block size 32KiB
Number of IO requests: 0
Read/Write ratio for combined random IO test: 1.50
Calling fsync() after each write operation.
Using synchronous I/O mode
Doing random read test
Initializing worker threads...

Threads started!


File operations:
    reads/s:                      929597.39
    writes/s:                     0.00
    fsyncs/s:                     0.00

Throughput:
    read, MiB/s:                  29049.92
    written, MiB/s:               0.00

General statistics:
    total time:                          240.0005s
    total number of events:              223105695

Latency (ms):
         min:                                    0.00
         avg:                                    0.04
         max:                                   35.82
         95th percentile:                        0.12
         sum:                              9016003.77

Threads fairness:
    events (avg/stddev):           3486026.4844/6259.18
    execution time (avg/stddev):   140.8751/0.23

