sysbench 1.0.17 (using bundled LuaJIT 2.1.0-beta2)

Running the test with following options:
Number of threads: 1
Initializing random number generator from current time


Extra file open flags: (none)
64 files, 128MiB each
8GiB total file size
Block size 32KiB
Number of IO requests: 0
Read/Write ratio for combined random IO test: 1.50
Calling fsync() after each write operation.
Using synchronous I/O mode
Doing random write test
Initializing worker threads...

Threads started!


File operations:
    reads/s:                      0.00
    writes/s:                     2225.23
    fsyncs/s:                     2225.23

Throughput:
    read, MiB/s:                  0.00
    written, MiB/s:               69.54

General statistics:
    total time:                          240.0005s
    total number of events:              534062

Latency (ms):
         min:                                    0.10
         avg:                                    0.45
         max:                                   11.71
         95th percentile:                        0.62
         sum:                               239391.25

Threads fairness:
    events (avg/stddev):           534062.0000/0.00
    execution time (avg/stddev):   239.3913/0.00

sysbench 1.0.17 (using bundled LuaJIT 2.1.0-beta2)

Running the test with following options:
Number of threads: 4
Initializing random number generator from current time


Extra file open flags: (none)
64 files, 128MiB each
8GiB total file size
Block size 32KiB
Number of IO requests: 0
Read/Write ratio for combined random IO test: 1.50
Calling fsync() after each write operation.
Using synchronous I/O mode
Doing random write test
Initializing worker threads...

Threads started!


File operations:
    reads/s:                      0.00
    writes/s:                     7094.77
    fsyncs/s:                     7094.77

Throughput:
    read, MiB/s:                  0.00
    written, MiB/s:               221.71

General statistics:
    total time:                          240.0004s
    total number of events:              1702762

Latency (ms):
         min:                                    0.10
         avg:                                    0.56
         max:                                   42.62
         95th percentile:                        0.73
         sum:                               957830.71

Threads fairness:
    events (avg/stddev):           425690.5000/316.53
    execution time (avg/stddev):   239.4577/0.00

sysbench 1.0.17 (using bundled LuaJIT 2.1.0-beta2)

Running the test with following options:
Number of threads: 8
Initializing random number generator from current time


Extra file open flags: (none)
64 files, 128MiB each
8GiB total file size
Block size 32KiB
Number of IO requests: 0
Read/Write ratio for combined random IO test: 1.50
Calling fsync() after each write operation.
Using synchronous I/O mode
Doing random write test
Initializing worker threads...

Threads started!


File operations:
    reads/s:                      0.00
    writes/s:                     7476.02
    fsyncs/s:                     7476.02

Throughput:
    read, MiB/s:                  0.00
    written, MiB/s:               233.63

General statistics:
    total time:                          240.0048s
    total number of events:              1794296

Latency (ms):
         min:                                    0.09
         avg:                                    1.07
         max:                                   41.99
         95th percentile:                        0.92
         sum:                              1917011.82

Threads fairness:
    events (avg/stddev):           224287.0000/284.05
    execution time (avg/stddev):   239.6265/0.00

sysbench 1.0.17 (using bundled LuaJIT 2.1.0-beta2)

Running the test with following options:
Number of threads: 16
Initializing random number generator from current time


Extra file open flags: (none)
64 files, 128MiB each
8GiB total file size
Block size 32KiB
Number of IO requests: 0
Read/Write ratio for combined random IO test: 1.50
Calling fsync() after each write operation.
Using synchronous I/O mode
Doing random write test
Initializing worker threads...

Threads started!


File operations:
    reads/s:                      0.00
    writes/s:                     7834.99
    fsyncs/s:                     7834.99

Throughput:
    read, MiB/s:                  0.00
    written, MiB/s:               244.84

General statistics:
    total time:                          240.0375s
    total number of events:              1880707

Latency (ms):
         min:                                    0.10
         avg:                                    2.04
         max:                                  184.12
         95th percentile:                        1.27
         sum:                              3836424.46

Threads fairness:
    events (avg/stddev):           117544.1875/212.98
    execution time (avg/stddev):   239.7765/0.00

sysbench 1.0.17 (using bundled LuaJIT 2.1.0-beta2)

Running the test with following options:
Number of threads: 32
Initializing random number generator from current time


Extra file open flags: (none)
64 files, 128MiB each
8GiB total file size
Block size 32KiB
Number of IO requests: 0
Read/Write ratio for combined random IO test: 1.50
Calling fsync() after each write operation.
Using synchronous I/O mode
Doing random write test
Initializing worker threads...

Threads started!


File operations:
    reads/s:                      0.00
    writes/s:                     7967.13
    fsyncs/s:                     7967.13

Throughput:
    read, MiB/s:                  0.00
    written, MiB/s:               248.97

General statistics:
    total time:                          240.0365s
    total number of events:              1912416

Latency (ms):
         min:                                    0.10
         avg:                                    4.01
         max:                                   91.37
         95th percentile:                       41.85
         sum:                              7676500.96

Threads fairness:
    events (avg/stddev):           59763.0000/153.96
    execution time (avg/stddev):   239.8907/0.00

sysbench 1.0.17 (using bundled LuaJIT 2.1.0-beta2)

Running the test with following options:
Number of threads: 64
Initializing random number generator from current time


Extra file open flags: (none)
64 files, 128MiB each
8GiB total file size
Block size 32KiB
Number of IO requests: 0
Read/Write ratio for combined random IO test: 1.50
Calling fsync() after each write operation.
Using synchronous I/O mode
Doing random write test
Initializing worker threads...

Threads started!


File operations:
    reads/s:                      0.00
    writes/s:                     8034.58
    fsyncs/s:                     8034.58

Throughput:
    read, MiB/s:                  0.00
    written, MiB/s:               251.08

General statistics:
    total time:                          240.0354s
    total number of events:              1928598

Latency (ms):
         min:                                    0.11
         avg:                                    7.96
         max:                                   95.21
         95th percentile:                       44.17
         sum:                             15356173.58

Threads fairness:
    events (avg/stddev):           30134.3438/90.68
    execution time (avg/stddev):   239.9402/0.00

