sysbench 1.0.17 (using bundled LuaJIT 2.1.0-beta2)

64 files, 131072Kb each, 8192Mb total
Creating files for the test...
Extra file open flags: (none)
Creating file test_file.0
Creating file test_file.1
Creating file test_file.2
Creating file test_file.3
Creating file test_file.4
Creating file test_file.5
Creating file test_file.6
Creating file test_file.7
Creating file test_file.8
Creating file test_file.9
Creating file test_file.10
Creating file test_file.11
Creating file test_file.12
Creating file test_file.13
Creating file test_file.14
Creating file test_file.15
Creating file test_file.16
Creating file test_file.17
Creating file test_file.18
Creating file test_file.19
Creating file test_file.20
Creating file test_file.21
Creating file test_file.22
Creating file test_file.23
Creating file test_file.24
Creating file test_file.25
Creating file test_file.26
Creating file test_file.27
Creating file test_file.28
Creating file test_file.29
Creating file test_file.30
Creating file test_file.31
Creating file test_file.32
Creating file test_file.33
Creating file test_file.34
Creating file test_file.35
Creating file test_file.36
Creating file test_file.37
Creating file test_file.38
Creating file test_file.39
Creating file test_file.40
Creating file test_file.41
Creating file test_file.42
Creating file test_file.43
Creating file test_file.44
Creating file test_file.45
Creating file test_file.46
Creating file test_file.47
Creating file test_file.48
Creating file test_file.49
Creating file test_file.50
Creating file test_file.51
Creating file test_file.52
Creating file test_file.53
Creating file test_file.54
Creating file test_file.55
Creating file test_file.56
Creating file test_file.57
Creating file test_file.58
Creating file test_file.59
Creating file test_file.60
Creating file test_file.61
Creating file test_file.62
Creating file test_file.63
8589934592 bytes written in 6.33 seconds (1294.73 MiB/sec).
