sysbench 1.0.17 (using bundled LuaJIT 2.1.0-beta2)

Running the test with following options:
Number of threads: 1
Initializing random number generator from current time


Extra file open flags: (none)
64 files, 128MiB each
8GiB total file size
Block size 32KiB
Number of IO requests: 0
Read/Write ratio for combined random IO test: 1.50
Calling fsync() after each write operation.
Using synchronous I/O mode
Doing random read test
Initializing worker threads...

Threads started!


File operations:
    reads/s:                      198822.03
    writes/s:                     0.00
    fsyncs/s:                     0.00

Throughput:
    read, MiB/s:                  6213.19
    written, MiB/s:               0.00

General statistics:
    total time:                          240.0001s
    total number of events:              47717647

Latency (ms):
         min:                                    0.00
         avg:                                    0.00
         max:                                   11.34
         95th percentile:                        0.01
         sum:                               229374.56

Threads fairness:
    events (avg/stddev):           47717647.0000/0.00
    execution time (avg/stddev):   229.3746/0.00

sysbench 1.0.17 (using bundled LuaJIT 2.1.0-beta2)

Running the test with following options:
Number of threads: 4
Initializing random number generator from current time


Extra file open flags: (none)
64 files, 128MiB each
8GiB total file size
Block size 32KiB
Number of IO requests: 0
Read/Write ratio for combined random IO test: 1.50
Calling fsync() after each write operation.
Using synchronous I/O mode
Doing random read test
Initializing worker threads...

Threads started!


File operations:
    reads/s:                      580890.20
    writes/s:                     0.00
    fsyncs/s:                     0.00

Throughput:
    read, MiB/s:                  18152.82
    written, MiB/s:               0.00

General statistics:
    total time:                          240.0002s
    total number of events:              139414766

Latency (ms):
         min:                                    0.00
         avg:                                    0.01
         max:                                   14.60
         95th percentile:                        0.01
         sum:                               851302.42

Threads fairness:
    events (avg/stddev):           34853691.5000/2068371.80
    execution time (avg/stddev):   212.8256/0.44

sysbench 1.0.17 (using bundled LuaJIT 2.1.0-beta2)

Running the test with following options:
Number of threads: 8
Initializing random number generator from current time


Extra file open flags: (none)
64 files, 128MiB each
8GiB total file size
Block size 32KiB
Number of IO requests: 0
Read/Write ratio for combined random IO test: 1.50
Calling fsync() after each write operation.
Using synchronous I/O mode
Doing random read test
Initializing worker threads...

Threads started!


File operations:
    reads/s:                      855985.09
    writes/s:                     0.00
    fsyncs/s:                     0.00

Throughput:
    read, MiB/s:                  26749.53
    written, MiB/s:               0.00

General statistics:
    total time:                          240.0002s
    total number of events:              205438035

Latency (ms):
         min:                                    0.00
         avg:                                    0.01
         max:                                   14.39
         95th percentile:                        0.01
         sum:                              1573102.62

Threads fairness:
    events (avg/stddev):           25679754.3750/1752250.45
    execution time (avg/stddev):   196.6378/0.72

sysbench 1.0.17 (using bundled LuaJIT 2.1.0-beta2)

Running the test with following options:
Number of threads: 16
Initializing random number generator from current time


Extra file open flags: (none)
64 files, 128MiB each
8GiB total file size
Block size 32KiB
Number of IO requests: 0
Read/Write ratio for combined random IO test: 1.50
Calling fsync() after each write operation.
Using synchronous I/O mode
Doing random read test
Initializing worker threads...

Threads started!


File operations:
    reads/s:                      835290.41
    writes/s:                     0.00
    fsyncs/s:                     0.00

Throughput:
    read, MiB/s:                  26102.83
    written, MiB/s:               0.00

General statistics:
    total time:                          240.0002s
    total number of events:              200471368

Latency (ms):
         min:                                    0.00
         avg:                                    0.01
         max:                                   14.76
         95th percentile:                        0.03
         sum:                              2575467.27

Threads fairness:
    events (avg/stddev):           12529460.5000/73532.86
    execution time (avg/stddev):   160.9667/0.54

sysbench 1.0.17 (using bundled LuaJIT 2.1.0-beta2)

Running the test with following options:
Number of threads: 32
Initializing random number generator from current time


Extra file open flags: (none)
64 files, 128MiB each
8GiB total file size
Block size 32KiB
Number of IO requests: 0
Read/Write ratio for combined random IO test: 1.50
Calling fsync() after each write operation.
Using synchronous I/O mode
Doing random read test
Initializing worker threads...

Threads started!


File operations:
    reads/s:                      843483.92
    writes/s:                     0.00
    fsyncs/s:                     0.00

Throughput:
    read, MiB/s:                  26358.87
    written, MiB/s:               0.00

General statistics:
    total time:                          240.0003s
    total number of events:              202437755

Latency (ms):
         min:                                    0.00
         avg:                                    0.02
         max:                                   31.51
         95th percentile:                        0.09
         sum:                              4609955.43

Threads fairness:
    events (avg/stddev):           6326179.8438/25031.82
    execution time (avg/stddev):   144.0611/0.40

sysbench 1.0.17 (using bundled LuaJIT 2.1.0-beta2)

Running the test with following options:
Number of threads: 64
Initializing random number generator from current time


Extra file open flags: (none)
64 files, 128MiB each
8GiB total file size
Block size 32KiB
Number of IO requests: 0
Read/Write ratio for combined random IO test: 1.50
Calling fsync() after each write operation.
Using synchronous I/O mode
Doing random read test
Initializing worker threads...

Threads started!


File operations:
    reads/s:                      860663.33
    writes/s:                     0.00
    fsyncs/s:                     0.00

Throughput:
    read, MiB/s:                  26895.73
    written, MiB/s:               0.00

General statistics:
    total time:                          240.0005s
    total number of events:              206560906

Latency (ms):
         min:                                    0.00
         avg:                                    0.04
         max:                                   55.20
         95th percentile:                        0.23
         sum:                              8670609.18

Threads fairness:
    events (avg/stddev):           3227514.1562/17442.37
    execution time (avg/stddev):   135.4783/0.28

