sysbench 1.0.17 (using bundled LuaJIT 2.1.0-beta2)

Running the test with following options:
Number of threads: 1
Initializing random number generator from current time


Extra file open flags: (none)
64 files, 128MiB each
8GiB total file size
Block size 32KiB
Number of IO requests: 0
Read/Write ratio for combined random IO test: 1.50
Calling fsync() after each write operation.
Using synchronous I/O mode
Doing random write test
Initializing worker threads...

Threads started!


File operations:
    reads/s:                      0.00
    writes/s:                     3697.84
    fsyncs/s:                     3697.84

Throughput:
    read, MiB/s:                  0.00
    written, MiB/s:               115.56

General statistics:
    total time:                          240.0003s
    total number of events:              887488

Latency (ms):
         min:                                    0.05
         avg:                                    0.27
         max:                                   25.83
         95th percentile:                        0.30
         sum:                               239272.03

Threads fairness:
    events (avg/stddev):           887488.0000/0.00
    execution time (avg/stddev):   239.2720/0.00

sysbench 1.0.17 (using bundled LuaJIT 2.1.0-beta2)

Running the test with following options:
Number of threads: 4
Initializing random number generator from current time


Extra file open flags: (none)
64 files, 128MiB each
8GiB total file size
Block size 32KiB
Number of IO requests: 0
Read/Write ratio for combined random IO test: 1.50
Calling fsync() after each write operation.
Using synchronous I/O mode
Doing random write test
Initializing worker threads...

Threads started!


File operations:
    reads/s:                      0.00
    writes/s:                     15531.18
    fsyncs/s:                     15531.18

Throughput:
    read, MiB/s:                  0.00
    written, MiB/s:               485.35

General statistics:
    total time:                          240.0003s
    total number of events:              3727513

Latency (ms):
         min:                                    0.04
         avg:                                    0.26
         max:                                   45.85
         95th percentile:                        0.40
         sum:                               957604.83

Threads fairness:
    events (avg/stddev):           931878.2500/1594.78
    execution time (avg/stddev):   239.4012/0.01

sysbench 1.0.17 (using bundled LuaJIT 2.1.0-beta2)

Running the test with following options:
Number of threads: 8
Initializing random number generator from current time


Extra file open flags: (none)
64 files, 128MiB each
8GiB total file size
Block size 32KiB
Number of IO requests: 0
Read/Write ratio for combined random IO test: 1.50
Calling fsync() after each write operation.
Using synchronous I/O mode
Doing random write test
Initializing worker threads...

Threads started!


File operations:
    reads/s:                      0.00
    writes/s:                     30947.40
    fsyncs/s:                     30947.40

Throughput:
    read, MiB/s:                  0.00
    written, MiB/s:               967.11

General statistics:
    total time:                          240.0003s
    total number of events:              7427437

Latency (ms):
         min:                                    0.04
         avg:                                    0.26
         max:                                   22.37
         95th percentile:                        0.50
         sum:                              1913319.25

Threads fairness:
    events (avg/stddev):           928429.6250/1088.01
    execution time (avg/stddev):   239.1649/0.02

sysbench 1.0.17 (using bundled LuaJIT 2.1.0-beta2)

Running the test with following options:
Number of threads: 16
Initializing random number generator from current time


Extra file open flags: (none)
64 files, 128MiB each
8GiB total file size
Block size 32KiB
Number of IO requests: 0
Read/Write ratio for combined random IO test: 1.50
Calling fsync() after each write operation.
Using synchronous I/O mode
Doing random write test
Initializing worker threads...

Threads started!


File operations:
    reads/s:                      0.00
    writes/s:                     53400.91
    fsyncs/s:                     53400.91

Throughput:
    read, MiB/s:                  0.00
    written, MiB/s:               1668.78

General statistics:
    total time:                          240.0004s
    total number of events:              12816329

Latency (ms):
         min:                                    0.04
         avg:                                    0.30
         max:                                   22.43
         95th percentile:                        0.70
         sum:                              3823220.45

Threads fairness:
    events (avg/stddev):           801020.5625/1196.06
    execution time (avg/stddev):   238.9513/0.01

sysbench 1.0.17 (using bundled LuaJIT 2.1.0-beta2)

Running the test with following options:
Number of threads: 32
Initializing random number generator from current time


Extra file open flags: (none)
64 files, 128MiB each
8GiB total file size
Block size 32KiB
Number of IO requests: 0
Read/Write ratio for combined random IO test: 1.50
Calling fsync() after each write operation.
Using synchronous I/O mode
Doing random write test
Initializing worker threads...

Threads started!


File operations:
    reads/s:                      0.00
    writes/s:                     74194.42
    fsyncs/s:                     74194.42

Throughput:
    read, MiB/s:                  0.00
    written, MiB/s:               2318.58

General statistics:
    total time:                          240.0004s
    total number of events:              17806808

Latency (ms):
         min:                                    0.04
         avg:                                    0.43
         max:                                   37.82
         95th percentile:                        1.03
         sum:                              7646740.57

Threads fairness:
    events (avg/stddev):           556462.7500/859.98
    execution time (avg/stddev):   238.9606/0.02

sysbench 1.0.17 (using bundled LuaJIT 2.1.0-beta2)

Running the test with following options:
Number of threads: 64
Initializing random number generator from current time


Extra file open flags: (none)
64 files, 128MiB each
8GiB total file size
Block size 32KiB
Number of IO requests: 0
Read/Write ratio for combined random IO test: 1.50
Calling fsync() after each write operation.
Using synchronous I/O mode
Doing random write test
Initializing worker threads...

Threads started!


File operations:
    reads/s:                      0.00
    writes/s:                     102661.33
    fsyncs/s:                     102661.33

Throughput:
    read, MiB/s:                  0.00
    written, MiB/s:               3208.17

General statistics:
    total time:                          240.0014s
    total number of events:              24639025

Latency (ms):
         min:                                    0.04
         avg:                                    0.62
         max:                                   87.70
         95th percentile:                        1.44
         sum:                             15311030.09

Threads fairness:
    events (avg/stddev):           384984.7656/491.32
    execution time (avg/stddev):   239.2348/0.02

