sysbench 1.0.17 (using bundled LuaJIT 2.1.0-beta2)

Running the test with following options:
Number of threads: 1
Initializing random number generator from current time


Extra file open flags: (none)
64 files, 128MiB each
8GiB total file size
Block size 32KiB
Number of IO requests: 0
Read/Write ratio for combined random IO test: 1.50
Calling fsync() after each write operation.
Using synchronous I/O mode
Doing random read test
Initializing worker threads...

Threads started!


File operations:
    reads/s:                      207821.39
    writes/s:                     0.00
    fsyncs/s:                     0.00

Throughput:
    read, MiB/s:                  6494.42
    written, MiB/s:               0.00

General statistics:
    total time:                          240.0001s
    total number of events:              49877464

Latency (ms):
         min:                                    0.00
         avg:                                    0.00
         max:                                    1.71
         95th percentile:                        0.01
         sum:                               229117.33

Threads fairness:
    events (avg/stddev):           49877464.0000/0.00
    execution time (avg/stddev):   229.1173/0.00

sysbench 1.0.17 (using bundled LuaJIT 2.1.0-beta2)

Running the test with following options:
Number of threads: 4
Initializing random number generator from current time


Extra file open flags: (none)
64 files, 128MiB each
8GiB total file size
Block size 32KiB
Number of IO requests: 0
Read/Write ratio for combined random IO test: 1.50
Calling fsync() after each write operation.
Using synchronous I/O mode
Doing random read test
Initializing worker threads...

Threads started!


File operations:
    reads/s:                      693681.11
    writes/s:                     0.00
    fsyncs/s:                     0.00

Throughput:
    read, MiB/s:                  21677.53
    written, MiB/s:               0.00

General statistics:
    total time:                          240.0001s
    total number of events:              166484602

Latency (ms):
         min:                                    0.00
         avg:                                    0.01
         max:                                    7.05
         95th percentile:                        0.01
         sum:                               876124.46

Threads fairness:
    events (avg/stddev):           41621150.5000/579146.00
    execution time (avg/stddev):   219.0311/0.20

sysbench 1.0.17 (using bundled LuaJIT 2.1.0-beta2)

Running the test with following options:
Number of threads: 8
Initializing random number generator from current time


Extra file open flags: (none)
64 files, 128MiB each
8GiB total file size
Block size 32KiB
Number of IO requests: 0
Read/Write ratio for combined random IO test: 1.50
Calling fsync() after each write operation.
Using synchronous I/O mode
Doing random read test
Initializing worker threads...

Threads started!


File operations:
    reads/s:                      1083014.47
    writes/s:                     0.00
    fsyncs/s:                     0.00

Throughput:
    read, MiB/s:                  33844.20
    written, MiB/s:               0.00

General statistics:
    total time:                          240.0001s
    total number of events:              259925212

Latency (ms):
         min:                                    0.00
         avg:                                    0.01
         max:                                    7.96
         95th percentile:                        0.01
         sum:                              1627308.95

Threads fairness:
    events (avg/stddev):           32490651.5000/328844.49
    execution time (avg/stddev):   203.4136/0.34

sysbench 1.0.17 (using bundled LuaJIT 2.1.0-beta2)

Running the test with following options:
Number of threads: 16
Initializing random number generator from current time


Extra file open flags: (none)
64 files, 128MiB each
8GiB total file size
Block size 32KiB
Number of IO requests: 0
Read/Write ratio for combined random IO test: 1.50
Calling fsync() after each write operation.
Using synchronous I/O mode
Doing random read test
Initializing worker threads...

Threads started!


File operations:
    reads/s:                      1052250.52
    writes/s:                     0.00
    fsyncs/s:                     0.00

Throughput:
    read, MiB/s:                  32882.83
    written, MiB/s:               0.00

General statistics:
    total time:                          240.0002s
    total number of events:              252541878

Latency (ms):
         min:                                    0.00
         avg:                                    0.01
         max:                                    9.20
         95th percentile:                        0.02
         sum:                              2741527.90

Threads fairness:
    events (avg/stddev):           15783867.3750/27043.83
    execution time (avg/stddev):   171.3455/0.25

sysbench 1.0.17 (using bundled LuaJIT 2.1.0-beta2)

Running the test with following options:
Number of threads: 32
Initializing random number generator from current time


Extra file open flags: (none)
64 files, 128MiB each
8GiB total file size
Block size 32KiB
Number of IO requests: 0
Read/Write ratio for combined random IO test: 1.50
Calling fsync() after each write operation.
Using synchronous I/O mode
Doing random read test
Initializing worker threads...

Threads started!


File operations:
    reads/s:                      1074039.19
    writes/s:                     0.00
    fsyncs/s:                     0.00

Throughput:
    read, MiB/s:                  33563.72
    written, MiB/s:               0.00

General statistics:
    total time:                          240.0002s
    total number of events:              257771274

Latency (ms):
         min:                                    0.00
         avg:                                    0.02
         max:                                   20.04
         95th percentile:                        0.07
         sum:                              4774131.72

Threads fairness:
    events (avg/stddev):           8055352.3125/13245.16
    execution time (avg/stddev):   149.1916/0.20

sysbench 1.0.17 (using bundled LuaJIT 2.1.0-beta2)

Running the test with following options:
Number of threads: 64
Initializing random number generator from current time


Extra file open flags: (none)
64 files, 128MiB each
8GiB total file size
Block size 32KiB
Number of IO requests: 0
Read/Write ratio for combined random IO test: 1.50
Calling fsync() after each write operation.
Using synchronous I/O mode
Doing random read test
Initializing worker threads...

Threads started!


File operations:
    reads/s:                      1039988.07
    writes/s:                     0.00
    fsyncs/s:                     0.00

Throughput:
    read, MiB/s:                  32499.63
    written, MiB/s:               0.00

General statistics:
    total time:                          240.0004s
    total number of events:              249599065

Latency (ms):
         min:                                    0.00
         avg:                                    0.04
         max:                                   30.28
         95th percentile:                        0.19
         sum:                              8737552.71

Threads fairness:
    events (avg/stddev):           3899985.3906/9386.89
    execution time (avg/stddev):   136.5243/0.19

