sysbench 1.0.17 (using bundled LuaJIT 2.1.0-beta2)

Running the test with following options:
Number of threads: 1
Initializing random number generator from current time


Extra file open flags: (none)
64 files, 128MiB each
8GiB total file size
Block size 32KiB
Number of IO requests: 0
Read/Write ratio for combined random IO test: 1.50
Calling fsync() after each write operation.
Using synchronous I/O mode
Doing random read test
Initializing worker threads...

Threads started!


File operations:
    reads/s:                      136603.89
    writes/s:                     0.00
    fsyncs/s:                     0.00

Throughput:
    read, MiB/s:                  4268.87
    written, MiB/s:               0.00

General statistics:
    total time:                          240.0001s
    total number of events:              32785275

Latency (ms):
         min:                                    0.00
         avg:                                    0.01
         max:                                    8.70
         95th percentile:                        0.01
         sum:                               229978.32

Threads fairness:
    events (avg/stddev):           32785275.0000/0.00
    execution time (avg/stddev):   229.9783/0.00

sysbench 1.0.17 (using bundled LuaJIT 2.1.0-beta2)

Running the test with following options:
Number of threads: 4
Initializing random number generator from current time


Extra file open flags: (none)
64 files, 128MiB each
8GiB total file size
Block size 32KiB
Number of IO requests: 0
Read/Write ratio for combined random IO test: 1.50
Calling fsync() after each write operation.
Using synchronous I/O mode
Doing random read test
Initializing worker threads...

Threads started!


File operations:
    reads/s:                      511407.82
    writes/s:                     0.00
    fsyncs/s:                     0.00

Throughput:
    read, MiB/s:                  15981.49
    written, MiB/s:               0.00

General statistics:
    total time:                          240.0002s
    total number of events:              122739169

Latency (ms):
         min:                                    0.00
         avg:                                    0.01
         max:                                   12.96
         95th percentile:                        0.01
         sum:                               899227.42

Threads fairness:
    events (avg/stddev):           30684792.2500/107616.68
    execution time (avg/stddev):   224.8069/0.12

sysbench 1.0.17 (using bundled LuaJIT 2.1.0-beta2)

Running the test with following options:
Number of threads: 8
Initializing random number generator from current time


Extra file open flags: (none)
64 files, 128MiB each
8GiB total file size
Block size 32KiB
Number of IO requests: 0
Read/Write ratio for combined random IO test: 1.50
Calling fsync() after each write operation.
Using synchronous I/O mode
Doing random read test
Initializing worker threads...

Threads started!


File operations:
    reads/s:                      901568.18
    writes/s:                     0.00
    fsyncs/s:                     0.00

Throughput:
    read, MiB/s:                  28174.01
    written, MiB/s:               0.00

General statistics:
    total time:                          240.0001s
    total number of events:              216378492

Latency (ms):
         min:                                    0.00
         avg:                                    0.01
         max:                                   11.04
         95th percentile:                        0.01
         sum:                              1720532.55

Threads fairness:
    events (avg/stddev):           27047311.5000/99009.89
    execution time (avg/stddev):   215.0666/0.16

sysbench 1.0.17 (using bundled LuaJIT 2.1.0-beta2)

Running the test with following options:
Number of threads: 16
Initializing random number generator from current time


Extra file open flags: (none)
64 files, 128MiB each
8GiB total file size
Block size 32KiB
Number of IO requests: 0
Read/Write ratio for combined random IO test: 1.50
Calling fsync() after each write operation.
Using synchronous I/O mode
Doing random read test
Initializing worker threads...

Threads started!


File operations:
    reads/s:                      926521.97
    writes/s:                     0.00
    fsyncs/s:                     0.00

Throughput:
    read, MiB/s:                  28953.81
    written, MiB/s:               0.00

General statistics:
    total time:                          240.0002s
    total number of events:              222367552

Latency (ms):
         min:                                    0.00
         avg:                                    0.01
         max:                                   12.97
         95th percentile:                        0.03
         sum:                              3119655.11

Threads fairness:
    events (avg/stddev):           13897972.0000/24137.70
    execution time (avg/stddev):   194.9784/0.23

sysbench 1.0.17 (using bundled LuaJIT 2.1.0-beta2)

Running the test with following options:
Number of threads: 32
Initializing random number generator from current time


Extra file open flags: (none)
64 files, 128MiB each
8GiB total file size
Block size 32KiB
Number of IO requests: 0
Read/Write ratio for combined random IO test: 1.50
Calling fsync() after each write operation.
Using synchronous I/O mode
Doing random read test
Initializing worker threads...

Threads started!


File operations:
    reads/s:                      923470.46
    writes/s:                     0.00
    fsyncs/s:                     0.00

Throughput:
    read, MiB/s:                  28858.45
    written, MiB/s:               0.00

General statistics:
    total time:                          240.0003s
    total number of events:              221635161

Latency (ms):
         min:                                    0.00
         avg:                                    0.02
         max:                                   30.57
         95th percentile:                        0.05
         sum:                              5085216.88

Threads fairness:
    events (avg/stddev):           6926098.7812/16979.60
    execution time (avg/stddev):   158.9130/0.17

sysbench 1.0.17 (using bundled LuaJIT 2.1.0-beta2)

Running the test with following options:
Number of threads: 64
Initializing random number generator from current time


Extra file open flags: (none)
64 files, 128MiB each
8GiB total file size
Block size 32KiB
Number of IO requests: 0
Read/Write ratio for combined random IO test: 1.50
Calling fsync() after each write operation.
Using synchronous I/O mode
Doing random read test
Initializing worker threads...

Threads started!


File operations:
    reads/s:                      916859.25
    writes/s:                     0.00
    fsyncs/s:                     0.00

Throughput:
    read, MiB/s:                  28651.85
    written, MiB/s:               0.00

General statistics:
    total time:                          240.0005s
    total number of events:              220048510

Latency (ms):
         min:                                    0.00
         avg:                                    0.04
         max:                                   51.41
         95th percentile:                        0.11
         sum:                              9053737.99

Threads fairness:
    events (avg/stddev):           3438257.9688/9288.14
    execution time (avg/stddev):   141.4647/0.22

