sysbench 1.0.17 (using bundled LuaJIT 2.1.0-beta2)

Running the test with following options:
Number of threads: 1
Initializing random number generator from current time


Extra file open flags: (none)
64 files, 128MiB each
8GiB total file size
Block size 32KiB
Number of IO requests: 0
Read/Write ratio for combined random IO test: 1.50
Calling fsync() after each write operation.
Using synchronous I/O mode
Doing random write test
Initializing worker threads...

Threads started!


File operations:
    reads/s:                      0.00
    writes/s:                     1657.66
    fsyncs/s:                     1657.66

Throughput:
    read, MiB/s:                  0.00
    written, MiB/s:               51.80

General statistics:
    total time:                          240.0002s
    total number of events:              397843

Latency (ms):
         min:                                    0.10
         avg:                                    0.60
         max:                                   58.05
         95th percentile:                        0.90
         sum:                               239400.25

Threads fairness:
    events (avg/stddev):           397843.0000/0.00
    execution time (avg/stddev):   239.4003/0.00

sysbench 1.0.17 (using bundled LuaJIT 2.1.0-beta2)

Running the test with following options:
Number of threads: 4
Initializing random number generator from current time


Extra file open flags: (none)
64 files, 128MiB each
8GiB total file size
Block size 32KiB
Number of IO requests: 0
Read/Write ratio for combined random IO test: 1.50
Calling fsync() after each write operation.
Using synchronous I/O mode
Doing random write test
Initializing worker threads...

Threads started!


File operations:
    reads/s:                      0.00
    writes/s:                     6937.36
    fsyncs/s:                     6937.36

Throughput:
    read, MiB/s:                  0.00
    written, MiB/s:               216.79

General statistics:
    total time:                          240.0002s
    total number of events:              1664983

Latency (ms):
         min:                                    0.09
         avg:                                    0.58
         max:                                   27.97
         95th percentile:                        0.87
         sum:                               957608.60

Threads fairness:
    events (avg/stddev):           416245.7500/424.15
    execution time (avg/stddev):   239.4021/0.00

sysbench 1.0.17 (using bundled LuaJIT 2.1.0-beta2)

Running the test with following options:
Number of threads: 8
Initializing random number generator from current time


Extra file open flags: (none)
64 files, 128MiB each
8GiB total file size
Block size 32KiB
Number of IO requests: 0
Read/Write ratio for combined random IO test: 1.50
Calling fsync() after each write operation.
Using synchronous I/O mode
Doing random write test
Initializing worker threads...

Threads started!


File operations:
    reads/s:                      0.00
    writes/s:                     7460.96
    fsyncs/s:                     7460.96

Throughput:
    read, MiB/s:                  0.00
    written, MiB/s:               233.16

General statistics:
    total time:                          240.0003s
    total number of events:              1790649

Latency (ms):
         min:                                    0.09
         avg:                                    1.07
         max:                                   44.89
         95th percentile:                        1.03
         sum:                              1916722.89

Threads fairness:
    events (avg/stddev):           223831.1250/130.42
    execution time (avg/stddev):   239.5904/0.00

sysbench 1.0.17 (using bundled LuaJIT 2.1.0-beta2)

Running the test with following options:
Number of threads: 16
Initializing random number generator from current time


Extra file open flags: (none)
64 files, 128MiB each
8GiB total file size
Block size 32KiB
Number of IO requests: 0
Read/Write ratio for combined random IO test: 1.50
Calling fsync() after each write operation.
Using synchronous I/O mode
Doing random write test
Initializing worker threads...

Threads started!


File operations:
    reads/s:                      0.00
    writes/s:                     7776.15
    fsyncs/s:                     7776.15

Throughput:
    read, MiB/s:                  0.00
    written, MiB/s:               243.00

General statistics:
    total time:                          240.0024s
    total number of events:              1866313

Latency (ms):
         min:                                    0.10
         avg:                                    2.05
         max:                                   46.07
         95th percentile:                        2.30
         sum:                              3835218.61

Threads fairness:
    events (avg/stddev):           116644.5625/181.67
    execution time (avg/stddev):   239.7012/0.00

sysbench 1.0.17 (using bundled LuaJIT 2.1.0-beta2)

Running the test with following options:
Number of threads: 32
Initializing random number generator from current time


Extra file open flags: (none)
64 files, 128MiB each
8GiB total file size
Block size 32KiB
Number of IO requests: 0
Read/Write ratio for combined random IO test: 1.50
Calling fsync() after each write operation.
Using synchronous I/O mode
Doing random write test
Initializing worker threads...

Threads started!


File operations:
    reads/s:                      0.00
    writes/s:                     7946.25
    fsyncs/s:                     7946.25

Throughput:
    read, MiB/s:                  0.00
    written, MiB/s:               248.32

General statistics:
    total time:                          240.0008s
    total number of events:              1907121

Latency (ms):
         min:                                    0.09
         avg:                                    4.02
         max:                                   72.50
         95th percentile:                       40.37
         sum:                              7674616.24

Threads fairness:
    events (avg/stddev):           59597.5312/109.55
    execution time (avg/stddev):   239.8318/0.00

sysbench 1.0.17 (using bundled LuaJIT 2.1.0-beta2)

Running the test with following options:
Number of threads: 64
Initializing random number generator from current time


Extra file open flags: (none)
64 files, 128MiB each
8GiB total file size
Block size 32KiB
Number of IO requests: 0
Read/Write ratio for combined random IO test: 1.50
Calling fsync() after each write operation.
Using synchronous I/O mode
Doing random write test
Initializing worker threads...

Threads started!


File operations:
    reads/s:                      0.00
    writes/s:                     8031.75
    fsyncs/s:                     8031.75

Throughput:
    read, MiB/s:                  0.00
    written, MiB/s:               250.99

General statistics:
    total time:                          240.0028s
    total number of events:              1927657

Latency (ms):
         min:                                    0.10
         avg:                                    7.96
         max:                                   54.82
         95th percentile:                       43.39
         sum:                             15353644.44

Threads fairness:
    events (avg/stddev):           30119.6406/84.60
    execution time (avg/stddev):   239.9007/0.00

