sysbench 1.0.17 (using bundled LuaJIT 2.1.0-beta2)

Running the test with following options:
Number of threads: 1
Initializing random number generator from current time


Extra file open flags: (none)
64 files, 128MiB each
8GiB total file size
Block size 32KiB
Number of IO requests: 0
Read/Write ratio for combined random IO test: 1.50
Calling fsync() after each write operation.
Using synchronous I/O mode
Doing random read test
Initializing worker threads...

Threads started!


File operations:
    reads/s:                      170242.87
    writes/s:                     0.00
    fsyncs/s:                     0.00

Throughput:
    read, MiB/s:                  5320.09
    written, MiB/s:               0.00

General statistics:
    total time:                          240.0001s
    total number of events:              40858623

Latency (ms):
         min:                                    0.00
         avg:                                    0.01
         max:                                    1.09
         95th percentile:                        0.01
         sum:                               228113.18

Threads fairness:
    events (avg/stddev):           40858623.0000/0.00
    execution time (avg/stddev):   228.1132/0.00

sysbench 1.0.17 (using bundled LuaJIT 2.1.0-beta2)

Running the test with following options:
Number of threads: 4
Initializing random number generator from current time


Extra file open flags: (none)
64 files, 128MiB each
8GiB total file size
Block size 32KiB
Number of IO requests: 0
Read/Write ratio for combined random IO test: 1.50
Calling fsync() after each write operation.
Using synchronous I/O mode
Doing random read test
Initializing worker threads...

Threads started!


File operations:
    reads/s:                      603000.27
    writes/s:                     0.00
    fsyncs/s:                     0.00

Throughput:
    read, MiB/s:                  18843.76
    written, MiB/s:               0.00

General statistics:
    total time:                          240.0001s
    total number of events:              144721222

Latency (ms):
         min:                                    0.00
         avg:                                    0.01
         max:                                   27.06
         95th percentile:                        0.01
         sum:                               880661.54

Threads fairness:
    events (avg/stddev):           36180305.5000/84985.03
    execution time (avg/stddev):   220.1654/0.20

sysbench 1.0.17 (using bundled LuaJIT 2.1.0-beta2)

Running the test with following options:
Number of threads: 8
Initializing random number generator from current time


Extra file open flags: (none)
64 files, 128MiB each
8GiB total file size
Block size 32KiB
Number of IO requests: 0
Read/Write ratio for combined random IO test: 1.50
Calling fsync() after each write operation.
Using synchronous I/O mode
Doing random read test
Initializing worker threads...

Threads started!


File operations:
    reads/s:                      990858.96
    writes/s:                     0.00
    fsyncs/s:                     0.00

Throughput:
    read, MiB/s:                  30964.34
    written, MiB/s:               0.00

General statistics:
    total time:                          240.0002s
    total number of events:              237808272

Latency (ms):
         min:                                    0.00
         avg:                                    0.01
         max:                                    0.98
         95th percentile:                        0.01
         sum:                              1637558.99

Threads fairness:
    events (avg/stddev):           29726034.0000/88141.67
    execution time (avg/stddev):   204.6949/0.09

sysbench 1.0.17 (using bundled LuaJIT 2.1.0-beta2)

Running the test with following options:
Number of threads: 16
Initializing random number generator from current time


Extra file open flags: (none)
64 files, 128MiB each
8GiB total file size
Block size 32KiB
Number of IO requests: 0
Read/Write ratio for combined random IO test: 1.50
Calling fsync() after each write operation.
Using synchronous I/O mode
Doing random read test
Initializing worker threads...

Threads started!


File operations:
    reads/s:                      1024121.95
    writes/s:                     0.00
    fsyncs/s:                     0.00

Throughput:
    read, MiB/s:                  32003.81
    written, MiB/s:               0.00

General statistics:
    total time:                          240.0002s
    total number of events:              245791360

Latency (ms):
         min:                                    0.00
         avg:                                    0.01
         max:                                   24.67
         95th percentile:                        0.02
         sum:                              2809982.34

Threads fairness:
    events (avg/stddev):           15361960.0000/32405.06
    execution time (avg/stddev):   175.6239/0.14

sysbench 1.0.17 (using bundled LuaJIT 2.1.0-beta2)

Running the test with following options:
Number of threads: 32
Initializing random number generator from current time


Extra file open flags: (none)
64 files, 128MiB each
8GiB total file size
Block size 32KiB
Number of IO requests: 0
Read/Write ratio for combined random IO test: 1.50
Calling fsync() after each write operation.
Using synchronous I/O mode
Doing random read test
Initializing worker threads...

Threads started!


File operations:
    reads/s:                      1040519.20
    writes/s:                     0.00
    fsyncs/s:                     0.00

Throughput:
    read, MiB/s:                  32516.23
    written, MiB/s:               0.00

General statistics:
    total time:                          240.0004s
    total number of events:              249726891

Latency (ms):
         min:                                    0.00
         avg:                                    0.02
         max:                                   23.88
         95th percentile:                        0.07
         sum:                              4796764.35

Threads fairness:
    events (avg/stddev):           7803965.3438/8723.40
    execution time (avg/stddev):   149.8989/0.10

sysbench 1.0.17 (using bundled LuaJIT 2.1.0-beta2)

Running the test with following options:
Number of threads: 64
Initializing random number generator from current time


Extra file open flags: (none)
64 files, 128MiB each
8GiB total file size
Block size 32KiB
Number of IO requests: 0
Read/Write ratio for combined random IO test: 1.50
Calling fsync() after each write operation.
Using synchronous I/O mode
Doing random read test
Initializing worker threads...

Threads started!


File operations:
    reads/s:                      1036695.63
    writes/s:                     0.00
    fsyncs/s:                     0.00

Throughput:
    read, MiB/s:                  32396.74
    written, MiB/s:               0.00

General statistics:
    total time:                          240.0007s
    total number of events:              248809422

Latency (ms):
         min:                                    0.00
         avg:                                    0.04
         max:                                   29.94
         95th percentile:                        0.20
         sum:                              8866955.73

Threads fairness:
    events (avg/stddev):           3887647.2188/4455.26
    execution time (avg/stddev):   138.5462/0.15

