sysbench 1.0.17 (using bundled LuaJIT 2.1.0-beta2)

Running the test with following options:
Number of threads: 1
Initializing random number generator from current time


Extra file open flags: (none)
64 files, 128MiB each
8GiB total file size
Block size 32KiB
Number of IO requests: 0
Read/Write ratio for combined random IO test: 1.50
Calling fsync() after each write operation.
Using synchronous I/O mode
Doing random write test
Initializing worker threads...

Threads started!


File operations:
    reads/s:                      0.00
    writes/s:                     3511.21
    fsyncs/s:                     3511.21

Throughput:
    read, MiB/s:                  0.00
    written, MiB/s:               109.73

General statistics:
    total time:                          240.0002s
    total number of events:              842697

Latency (ms):
         min:                                    0.10
         avg:                                    0.28
         max:                                   10.31
         95th percentile:                        0.39
         sum:                               239614.34

Threads fairness:
    events (avg/stddev):           842697.0000/0.00
    execution time (avg/stddev):   239.6143/0.00

sysbench 1.0.17 (using bundled LuaJIT 2.1.0-beta2)

Running the test with following options:
Number of threads: 4
Initializing random number generator from current time


Extra file open flags: (none)
64 files, 128MiB each
8GiB total file size
Block size 32KiB
Number of IO requests: 0
Read/Write ratio for combined random IO test: 1.50
Calling fsync() after each write operation.
Using synchronous I/O mode
Doing random write test
Initializing worker threads...

Threads started!


File operations:
    reads/s:                      0.00
    writes/s:                     10868.48
    fsyncs/s:                     10868.48

Throughput:
    read, MiB/s:                  0.00
    written, MiB/s:               339.64

General statistics:
    total time:                          240.0011s
    total number of events:              2608467

Latency (ms):
         min:                                    0.10
         avg:                                    0.37
         max:                                  130.03
         95th percentile:                        0.75
         sum:                               958036.77

Threads fairness:
    events (avg/stddev):           652116.7500/1355.25
    execution time (avg/stddev):   239.5092/0.00

sysbench 1.0.17 (using bundled LuaJIT 2.1.0-beta2)

Running the test with following options:
Number of threads: 8
Initializing random number generator from current time


Extra file open flags: (none)
64 files, 128MiB each
8GiB total file size
Block size 32KiB
Number of IO requests: 0
Read/Write ratio for combined random IO test: 1.50
Calling fsync() after each write operation.
Using synchronous I/O mode
Doing random write test
Initializing worker threads...

Threads started!


File operations:
    reads/s:                      0.00
    writes/s:                     11296.51
    fsyncs/s:                     11296.51

Throughput:
    read, MiB/s:                  0.00
    written, MiB/s:               353.02

General statistics:
    total time:                          240.0007s
    total number of events:              2711187

Latency (ms):
         min:                                    0.10
         avg:                                    0.71
         max:                                   95.47
         95th percentile:                        1.16
         sum:                              1917339.34

Threads fairness:
    events (avg/stddev):           338898.3750/1034.54
    execution time (avg/stddev):   239.6674/0.00

sysbench 1.0.17 (using bundled LuaJIT 2.1.0-beta2)

Running the test with following options:
Number of threads: 16
Initializing random number generator from current time


Extra file open flags: (none)
64 files, 128MiB each
8GiB total file size
Block size 32KiB
Number of IO requests: 0
Read/Write ratio for combined random IO test: 1.50
Calling fsync() after each write operation.
Using synchronous I/O mode
Doing random write test
Initializing worker threads...

Threads started!


File operations:
    reads/s:                      0.00
    writes/s:                     11586.21
    fsyncs/s:                     11586.21

Throughput:
    read, MiB/s:                  0.00
    written, MiB/s:               362.07

General statistics:
    total time:                          240.0015s
    total number of events:              2780727

Latency (ms):
         min:                                    0.10
         avg:                                    1.38
         max:                                  401.01
         95th percentile:                        3.82
         sum:                              3835802.56

Threads fairness:
    events (avg/stddev):           173795.4375/245.79
    execution time (avg/stddev):   239.7377/0.00

sysbench 1.0.17 (using bundled LuaJIT 2.1.0-beta2)

Running the test with following options:
Number of threads: 32
Initializing random number generator from current time


Extra file open flags: (none)
64 files, 128MiB each
8GiB total file size
Block size 32KiB
Number of IO requests: 0
Read/Write ratio for combined random IO test: 1.50
Calling fsync() after each write operation.
Using synchronous I/O mode
Doing random write test
Initializing worker threads...

Threads started!


File operations:
    reads/s:                      0.00
    writes/s:                     12003.73
    fsyncs/s:                     12003.73

Throughput:
    read, MiB/s:                  0.00
    written, MiB/s:               375.12

General statistics:
    total time:                          240.0015s
    total number of events:              2880932

Latency (ms):
         min:                                    0.10
         avg:                                    2.66
         max:                                  193.56
         95th percentile:                        7.30
         sum:                              7673649.89

Threads fairness:
    events (avg/stddev):           90029.1250/252.54
    execution time (avg/stddev):   239.8016/0.00

sysbench 1.0.17 (using bundled LuaJIT 2.1.0-beta2)

Running the test with following options:
Number of threads: 64
Initializing random number generator from current time


Extra file open flags: (none)
64 files, 128MiB each
8GiB total file size
Block size 32KiB
Number of IO requests: 0
Read/Write ratio for combined random IO test: 1.50
Calling fsync() after each write operation.
Using synchronous I/O mode
Doing random write test
Initializing worker threads...

Threads started!


File operations:
    reads/s:                      0.00
    writes/s:                     12184.86
    fsyncs/s:                     12184.86

Throughput:
    read, MiB/s:                  0.00
    written, MiB/s:               380.78

General statistics:
    total time:                          240.0122s
    total number of events:              2924535

Latency (ms):
         min:                                    0.11
         avg:                                    5.25
         max:                                  203.51
         95th percentile:                       13.22
         sum:                             15350816.13

Threads fairness:
    events (avg/stddev):           45695.8594/119.05
    execution time (avg/stddev):   239.8565/0.00

