sysbench 1.0.17 (using bundled LuaJIT 2.1.0-beta2)

Running the test with following options:
Number of threads: 1
Initializing random number generator from current time


Extra file open flags: (none)
64 files, 128MiB each
8GiB total file size
Block size 32KiB
Number of IO requests: 0
Read/Write ratio for combined random IO test: 1.50
Calling fsync() after each write operation.
Using synchronous I/O mode
Doing random read test
Initializing worker threads...

Threads started!


File operations:
    reads/s:                      237923.19
    writes/s:                     0.00
    fsyncs/s:                     0.00

Throughput:
    read, MiB/s:                  7435.10
    written, MiB/s:               0.00

General statistics:
    total time:                          240.0001s
    total number of events:              57101932

Latency (ms):
         min:                                    0.00
         avg:                                    0.00
         max:                                    0.07
         95th percentile:                        0.00
         sum:                               227744.59

Threads fairness:
    events (avg/stddev):           57101932.0000/0.00
    execution time (avg/stddev):   227.7446/0.00

sysbench 1.0.17 (using bundled LuaJIT 2.1.0-beta2)

Running the test with following options:
Number of threads: 4
Initializing random number generator from current time


Extra file open flags: (none)
64 files, 128MiB each
8GiB total file size
Block size 32KiB
Number of IO requests: 0
Read/Write ratio for combined random IO test: 1.50
Calling fsync() after each write operation.
Using synchronous I/O mode
Doing random read test
Initializing worker threads...

Threads started!


File operations:
    reads/s:                      644313.56
    writes/s:                     0.00
    fsyncs/s:                     0.00

Throughput:
    read, MiB/s:                  20134.80
    written, MiB/s:               0.00

General statistics:
    total time:                          240.0001s
    total number of events:              154636417

Latency (ms):
         min:                                    0.00
         avg:                                    0.01
         max:                                    0.23
         95th percentile:                        0.01
         sum:                               839958.57

Threads fairness:
    events (avg/stddev):           38659104.2500/887543.45
    execution time (avg/stddev):   209.9896/1.81

sysbench 1.0.17 (using bundled LuaJIT 2.1.0-beta2)

Running the test with following options:
Number of threads: 8
Initializing random number generator from current time


Extra file open flags: (none)
64 files, 128MiB each
8GiB total file size
Block size 32KiB
Number of IO requests: 0
Read/Write ratio for combined random IO test: 1.50
Calling fsync() after each write operation.
Using synchronous I/O mode
Doing random read test
Initializing worker threads...

Threads started!


File operations:
    reads/s:                      832910.69
    writes/s:                     0.00
    fsyncs/s:                     0.00

Throughput:
    read, MiB/s:                  26028.46
    written, MiB/s:               0.00

General statistics:
    total time:                          240.0001s
    total number of events:              199900014

Latency (ms):
         min:                                    0.00
         avg:                                    0.01
         max:                                   14.76
         95th percentile:                        0.01
         sum:                              1744808.02

Threads fairness:
    events (avg/stddev):           24987501.7500/106376.43
    execution time (avg/stddev):   218.1010/0.46

sysbench 1.0.17 (using bundled LuaJIT 2.1.0-beta2)

Running the test with following options:
Number of threads: 16
Initializing random number generator from current time


Extra file open flags: (none)
64 files, 128MiB each
8GiB total file size
Block size 32KiB
Number of IO requests: 0
Read/Write ratio for combined random IO test: 1.50
Calling fsync() after each write operation.
Using synchronous I/O mode
Doing random read test
Initializing worker threads...

Threads started!


File operations:
    reads/s:                      800244.80
    writes/s:                     0.00
    fsyncs/s:                     0.00

Throughput:
    read, MiB/s:                  25007.65
    written, MiB/s:               0.00

General statistics:
    total time:                          240.0001s
    total number of events:              192060186

Latency (ms):
         min:                                    0.00
         avg:                                    0.01
         max:                                   22.50
         95th percentile:                        0.03
         sum:                              2719132.60

Threads fairness:
    events (avg/stddev):           12003761.6250/55423.46
    execution time (avg/stddev):   169.9458/0.53

sysbench 1.0.17 (using bundled LuaJIT 2.1.0-beta2)

Running the test with following options:
Number of threads: 32
Initializing random number generator from current time


Extra file open flags: (none)
64 files, 128MiB each
8GiB total file size
Block size 32KiB
Number of IO requests: 0
Read/Write ratio for combined random IO test: 1.50
Calling fsync() after each write operation.
Using synchronous I/O mode
Doing random read test
Initializing worker threads...

Threads started!


File operations:
    reads/s:                      772622.07
    writes/s:                     0.00
    fsyncs/s:                     0.00

Throughput:
    read, MiB/s:                  24144.44
    written, MiB/s:               0.00

General statistics:
    total time:                          240.0002s
    total number of events:              185430751

Latency (ms):
         min:                                    0.00
         avg:                                    0.03
         max:                                    4.79
         95th percentile:                        0.10
         sum:                              4706950.51

Threads fairness:
    events (avg/stddev):           5794710.9688/17030.16
    execution time (avg/stddev):   147.0922/0.45

sysbench 1.0.17 (using bundled LuaJIT 2.1.0-beta2)

Running the test with following options:
Number of threads: 64
Initializing random number generator from current time


Extra file open flags: (none)
64 files, 128MiB each
8GiB total file size
Block size 32KiB
Number of IO requests: 0
Read/Write ratio for combined random IO test: 1.50
Calling fsync() after each write operation.
Using synchronous I/O mode
Doing random read test
Initializing worker threads...

Threads started!


File operations:
    reads/s:                      770906.23
    writes/s:                     0.00
    fsyncs/s:                     0.00

Throughput:
    read, MiB/s:                  24090.82
    written, MiB/s:               0.00

General statistics:
    total time:                          240.0003s
    total number of events:              185019002

Latency (ms):
         min:                                    0.00
         avg:                                    0.05
         max:                                   13.69
         95th percentile:                        0.27
         sum:                              8851435.10

Threads fairness:
    events (avg/stddev):           2890921.9062/11727.96
    execution time (avg/stddev):   138.3037/0.29

