sysbench 1.0.17 (using bundled LuaJIT 2.1.0-beta2)

Running the test with following options:
Number of threads: 1
Initializing random number generator from current time


Extra file open flags: (none)
64 files, 128MiB each
8GiB total file size
Block size 32KiB
Number of IO requests: 0
Read/Write ratio for combined random IO test: 1.50
Calling fsync() after each write operation.
Using synchronous I/O mode
Doing random write test
Initializing worker threads...

Threads started!


File operations:
    reads/s:                      0.00
    writes/s:                     2883.38
    fsyncs/s:                     2883.38

Throughput:
    read, MiB/s:                  0.00
    written, MiB/s:               90.11

General statistics:
    total time:                          240.0002s
    total number of events:              692018

Latency (ms):
         min:                                    0.08
         avg:                                    0.35
         max:                                   29.71
         95th percentile:                        0.46
         sum:                               239196.25

Threads fairness:
    events (avg/stddev):           692018.0000/0.00
    execution time (avg/stddev):   239.1963/0.00

sysbench 1.0.17 (using bundled LuaJIT 2.1.0-beta2)

Running the test with following options:
Number of threads: 4
Initializing random number generator from current time


Extra file open flags: (none)
64 files, 128MiB each
8GiB total file size
Block size 32KiB
Number of IO requests: 0
Read/Write ratio for combined random IO test: 1.50
Calling fsync() after each write operation.
Using synchronous I/O mode
Doing random write test
Initializing worker threads...

Threads started!


File operations:
    reads/s:                      0.00
    writes/s:                     6747.60
    fsyncs/s:                     6747.60

Throughput:
    read, MiB/s:                  0.00
    written, MiB/s:               210.86

General statistics:
    total time:                          240.0005s
    total number of events:              1619439

Latency (ms):
         min:                                    0.07
         avg:                                    0.59
         max:                                  131.03
         95th percentile:                        1.08
         sum:                               958112.63

Threads fairness:
    events (avg/stddev):           404859.7500/233.90
    execution time (avg/stddev):   239.5282/0.01

sysbench 1.0.17 (using bundled LuaJIT 2.1.0-beta2)

Running the test with following options:
Number of threads: 8
Initializing random number generator from current time


Extra file open flags: (none)
64 files, 128MiB each
8GiB total file size
Block size 32KiB
Number of IO requests: 0
Read/Write ratio for combined random IO test: 1.50
Calling fsync() after each write operation.
Using synchronous I/O mode
Doing random write test
Initializing worker threads...

Threads started!

