sysbench 1.0.17 (using bundled LuaJIT 2.1.0-beta2)

Running the test with following options:
Number of threads: 1
Initializing random number generator from current time


Extra file open flags: (none)
64 files, 128MiB each
8GiB total file size
Block size 32KiB
Number of IO requests: 0
Read/Write ratio for combined random IO test: 1.50
Calling fsync() after each write operation.
Using synchronous I/O mode
Doing random read test
Initializing worker threads...

Threads started!


File operations:
    reads/s:                      166146.63
    writes/s:                     0.00
    fsyncs/s:                     0.00

Throughput:
    read, MiB/s:                  5192.08
    written, MiB/s:               0.00

General statistics:
    total time:                          240.0001s
    total number of events:              39875562

Latency (ms):
         min:                                    0.00
         avg:                                    0.01
         max:                                    0.07
         95th percentile:                        0.01
         sum:                               206978.40

Threads fairness:
    events (avg/stddev):           39875562.0000/0.00
    execution time (avg/stddev):   206.9784/0.00

sysbench 1.0.17 (using bundled LuaJIT 2.1.0-beta2)

Running the test with following options:
Number of threads: 4
Initializing random number generator from current time


Extra file open flags: (none)
64 files, 128MiB each
8GiB total file size
Block size 32KiB
Number of IO requests: 0
Read/Write ratio for combined random IO test: 1.50
Calling fsync() after each write operation.
Using synchronous I/O mode
Doing random read test
Initializing worker threads...

Threads started!


File operations:
    reads/s:                      579203.77
    writes/s:                     0.00
    fsyncs/s:                     0.00

Throughput:
    read, MiB/s:                  18100.12
    written, MiB/s:               0.00

General statistics:
    total time:                          240.0001s
    total number of events:              139010151

Latency (ms):
         min:                                    0.00
         avg:                                    0.01
         max:                                    0.17
         95th percentile:                        0.01
         sum:                               803989.34

Threads fairness:
    events (avg/stddev):           34752537.7500/115533.19
    execution time (avg/stddev):   200.9973/0.28

sysbench 1.0.17 (using bundled LuaJIT 2.1.0-beta2)

Running the test with following options:
Number of threads: 8
Initializing random number generator from current time


Extra file open flags: (none)
64 files, 128MiB each
8GiB total file size
Block size 32KiB
Number of IO requests: 0
Read/Write ratio for combined random IO test: 1.50
Calling fsync() after each write operation.
Using synchronous I/O mode
Doing random read test
Initializing worker threads...

Threads started!


File operations:
    reads/s:                      970970.16
    writes/s:                     0.00
    fsyncs/s:                     0.00

Throughput:
    read, MiB/s:                  30342.82
    written, MiB/s:               0.00

General statistics:
    total time:                          240.0001s
    total number of events:              233034956

Latency (ms):
         min:                                    0.00
         avg:                                    0.01
         max:                                    0.22
         95th percentile:                        0.01
         sum:                              1547189.72

Threads fairness:
    events (avg/stddev):           29129369.5000/225908.12
    execution time (avg/stddev):   193.3987/0.58

sysbench 1.0.17 (using bundled LuaJIT 2.1.0-beta2)

Running the test with following options:
Number of threads: 16
Initializing random number generator from current time


Extra file open flags: (none)
64 files, 128MiB each
8GiB total file size
Block size 32KiB
Number of IO requests: 0
Read/Write ratio for combined random IO test: 1.50
Calling fsync() after each write operation.
Using synchronous I/O mode
Doing random read test
Initializing worker threads...

Threads started!


File operations:
    reads/s:                      1107934.39
    writes/s:                     0.00
    fsyncs/s:                     0.00

Throughput:
    read, MiB/s:                  34622.95
    written, MiB/s:               0.00

General statistics:
    total time:                          240.0001s
    total number of events:              265906643

Latency (ms):
         min:                                    0.00
         avg:                                    0.01
         max:                                   12.35
         95th percentile:                        0.02
         sum:                              2937259.40

Threads fairness:
    events (avg/stddev):           16619165.1875/38119.64
    execution time (avg/stddev):   183.5787/0.37

sysbench 1.0.17 (using bundled LuaJIT 2.1.0-beta2)

Running the test with following options:
Number of threads: 32
Initializing random number generator from current time


Extra file open flags: (none)
64 files, 128MiB each
8GiB total file size
Block size 32KiB
Number of IO requests: 0
Read/Write ratio for combined random IO test: 1.50
Calling fsync() after each write operation.
Using synchronous I/O mode
Doing random read test
Initializing worker threads...

Threads started!


File operations:
    reads/s:                      1059132.48
    writes/s:                     0.00
    fsyncs/s:                     0.00

Throughput:
    read, MiB/s:                  33097.89
    written, MiB/s:               0.00

General statistics:
    total time:                          240.0001s
    total number of events:              254194143

Latency (ms):
         min:                                    0.00
         avg:                                    0.02
         max:                                   10.87
         95th percentile:                        0.07
         sum:                              4862704.02

Threads fairness:
    events (avg/stddev):           7943566.9688/14870.23
    execution time (avg/stddev):   151.9595/0.24

sysbench 1.0.17 (using bundled LuaJIT 2.1.0-beta2)

Running the test with following options:
Number of threads: 64
Initializing random number generator from current time


Extra file open flags: (none)
64 files, 128MiB each
8GiB total file size
Block size 32KiB
Number of IO requests: 0
Read/Write ratio for combined random IO test: 1.50
Calling fsync() after each write operation.
Using synchronous I/O mode
Doing random read test
Initializing worker threads...

Threads started!


File operations:
    reads/s:                      1018335.48
    writes/s:                     0.00
    fsyncs/s:                     0.00

Throughput:
    read, MiB/s:                  31822.98
    written, MiB/s:               0.00

General statistics:
    total time:                          240.0003s
    total number of events:              244402942

Latency (ms):
         min:                                    0.00
         avg:                                    0.04
         max:                                   28.86
         95th percentile:                        0.19
         sum:                              8800969.15

Threads fairness:
    events (avg/stddev):           3818795.9688/10078.01
    execution time (avg/stddev):   137.5151/0.18

