sysbench 1.0.17 (using bundled LuaJIT 2.1.0-beta2)

Running the test with following options:
Number of threads: 1
Initializing random number generator from current time


Extra file open flags: (none)
64 files, 128MiB each
8GiB total file size
Block size 32KiB
Number of IO requests: 0
Read/Write ratio for combined random IO test: 1.50
Calling fsync() after each write operation.
Using synchronous I/O mode
Doing random read test
Initializing worker threads...

Threads started!


File operations:
    reads/s:                      938725.31
    writes/s:                     0.00
    fsyncs/s:                     0.00

Throughput:
    read, MiB/s:                  29335.17
    written, MiB/s:               0.00

General statistics:
    total time:                          240.0002s
    total number of events:              225296074

Latency (ms):
         min:                                    0.00
         avg:                                    0.01
         max:                                   40.24
         95th percentile:                        0.02
         sum:                              3085755.75

Threads fairness:
    events (avg/stddev):           14081004.6250/25287.59
    execution time (avg/stddev):   192.8597/0.15

sysbench 1.0.17 (using bundled LuaJIT 2.1.0-beta2)

Running the test with following options:
Number of threads: 32
Initializing random number generator from current time


Extra file open flags: (none)
64 files, 128MiB each
8GiB total file size
Block size 32KiB
Number of IO requests: 0
Read/Write ratio for combined random IO test: 1.50
Calling fsync() after each write operation.
Using synchronous I/O mode
Doing random read test
Initializing worker threads...

Threads started!


File operations:
    reads/s:                      141050.19
    writes/s:                     0.00
    fsyncs/s:                     0.00

Throughput:
    read, MiB/s:                  4407.82
    written, MiB/s:               0.00

General statistics:
    total time:                          240.0001s
    total number of events:              33852449

Latency (ms):
         min:                                    0.00
         avg:                                    0.01
         max:                                   14.23
         95th percentile:                        0.01
         sum:                               228553.42

Threads fairness:
    events (avg/stddev):           33852449.0000/0.00
    execution time (avg/stddev):   228.5534/0.00

sysbench 1.0.17 (using bundled LuaJIT 2.1.0-beta2)

Running the test with following options:
Number of threads: 4
Initializing random number generator from current time


Extra file open flags: (none)
64 files, 128MiB each
8GiB total file size
Block size 32KiB
Number of IO requests: 0
Read/Write ratio for combined random IO test: 1.50
Calling fsync() after each write operation.
Using synchronous I/O mode
Doing random read test
Initializing worker threads...

Threads started!


File operations:
    reads/s:                      1101601.69
    writes/s:                     0.00
    fsyncs/s:                     0.00

Throughput:
    read, MiB/s:                  34425.05
    written, MiB/s:               0.00

General statistics:
    total time:                          240.0030s
    total number of events:              264389916

Latency (ms):
         min:                                    0.00
         avg:                                    0.02
         max:                                   46.80
         95th percentile:                        0.05
         sum:                              4933153.15

Threads fairness:
    events (avg/stddev):           8262184.8750/23017.58
    execution time (avg/stddev):   154.1610/0.19

sysbench 1.0.17 (using bundled LuaJIT 2.1.0-beta2)

Running the test with following options:
Number of threads: 64
Initializing random number generator from current time


Extra file open flags: (none)
64 files, 128MiB each
8GiB total file size
Block size 32KiB
Number of IO requests: 0
Read/Write ratio for combined random IO test: 1.50
Calling fsync() after each write operation.
Using synchronous I/O mode
Doing random read test
Initializing worker threads...

Threads started!


File operations:
    reads/s:                      239864.60
    writes/s:                     0.00
    fsyncs/s:                     0.00

Throughput:
    read, MiB/s:                  7495.77
    written, MiB/s:               0.00

General statistics:
    total time:                          240.0149s
    total number of events:              57571541

Latency (ms):
         min:                                    0.00
         avg:                                    0.02
         max:                                   80.03
         95th percentile:                        0.01
         sum:                               903224.60

Threads fairness:
    events (avg/stddev):           14392885.2500/225863.86
    execution time (avg/stddev):   225.8061/0.38

sysbench 1.0.17 (using bundled LuaJIT 2.1.0-beta2)

Running the test with following options:
Number of threads: 8
Initializing random number generator from current time


Extra file open flags: (none)
64 files, 128MiB each
8GiB total file size
Block size 32KiB
Number of IO requests: 0
Read/Write ratio for combined random IO test: 1.50
Calling fsync() after each write operation.
Using synchronous I/O mode
Doing random read test
Initializing worker threads...

Threads started!


File operations:
    reads/s:                      1110737.95
    writes/s:                     0.00
    fsyncs/s:                     0.00

Throughput:
    read, MiB/s:                  34710.56
    written, MiB/s:               0.00

General statistics:
    total time:                          240.0009s
    total number of events:              266580351

Latency (ms):
         min:                                    0.00
         avg:                                    0.03
         max:                                  107.76
         95th percentile:                        0.11
         sum:                              9083124.21

Threads fairness:
    events (avg/stddev):           4165317.9844/8788.60
    execution time (avg/stddev):   141.9238/0.26

