sysbench 1.0.17 (using bundled LuaJIT 2.1.0-beta2)

Running the test with following options:
Number of threads: 1
Initializing random number generator from current time


Extra file open flags: (none)
64 files, 128MiB each
8GiB total file size
Block size 32KiB
Number of IO requests: 0
Read/Write ratio for combined random IO test: 1.50
Calling fsync() after each write operation.
Using synchronous I/O mode
Doing random write test
Initializing worker threads...

Threads started!


File operations:
    reads/s:                      0.00
    writes/s:                     15174.75
    fsyncs/s:                     15174.75

Throughput:
    read, MiB/s:                  0.00
    written, MiB/s:               474.21

General statistics:
    total time:                          240.0061s
    total number of events:              3642064

Latency (ms):
         min:                                    0.09
         avg:                                    1.05
         max:                                   47.56
         95th percentile:                        1.21
         sum:                              3834203.34

Threads fairness:
    events (avg/stddev):           227629.0000/256.58
    execution time (avg/stddev):   239.6377/0.01

sysbench 1.0.17 (using bundled LuaJIT 2.1.0-beta2)

Running the test with following options:
Number of threads: 32
Initializing random number generator from current time


Extra file open flags: (none)
64 files, 128MiB each
8GiB total file size
Block size 32KiB
Number of IO requests: 0
Read/Write ratio for combined random IO test: 1.50
Calling fsync() after each write operation.
Using synchronous I/O mode
Doing random write test
Initializing worker threads...

Threads started!


File operations:
    reads/s:                      0.00
    writes/s:                     749.73
    fsyncs/s:                     749.73

Throughput:
    read, MiB/s:                  0.00
    written, MiB/s:               23.43

General statistics:
    total time:                          240.0200s
    total number of events:              179953

Latency (ms):
         min:                                    0.10
         avg:                                    1.33
         max:                                   47.33
         95th percentile:                        1.42
         sum:                               239773.14

Threads fairness:
    events (avg/stddev):           179953.0000/0.00
    execution time (avg/stddev):   239.7731/0.00

sysbench 1.0.17 (using bundled LuaJIT 2.1.0-beta2)

Running the test with following options:
Number of threads: 4
Initializing random number generator from current time


Extra file open flags: (none)
64 files, 128MiB each
8GiB total file size
Block size 32KiB
Number of IO requests: 0
Read/Write ratio for combined random IO test: 1.50
Calling fsync() after each write operation.
Using synchronous I/O mode
Doing random write test
Initializing worker threads...

Threads started!


File operations:
    reads/s:                      0.00
    writes/s:                     14891.92
    fsyncs/s:                     14891.92

Throughput:
    read, MiB/s:                  0.00
    written, MiB/s:               465.37

General statistics:
    total time:                          240.0008s
    total number of events:              3574103

Latency (ms):
         min:                                    0.09
         avg:                                    2.15
         max:                                   48.25
         95th percentile:                        2.14
         sum:                              7671678.17

Threads fairness:
    events (avg/stddev):           111690.7188/181.59
    execution time (avg/stddev):   239.7399/0.01

sysbench 1.0.17 (using bundled LuaJIT 2.1.0-beta2)

Running the test with following options:
Number of threads: 64
Initializing random number generator from current time


Extra file open flags: (none)
64 files, 128MiB each
8GiB total file size
Block size 32KiB
Number of IO requests: 0
Read/Write ratio for combined random IO test: 1.50
Calling fsync() after each write operation.
Using synchronous I/O mode
Doing random write test
Initializing worker threads...

Threads started!


File operations:
    reads/s:                      0.00
    writes/s:                     1637.26
    fsyncs/s:                     1637.26

Throughput:
    read, MiB/s:                  0.00
    written, MiB/s:               51.16

General statistics:
    total time:                          240.0011s
    total number of events:              392948

Latency (ms):
         min:                                    0.09
         avg:                                    2.44
         max:                                   56.94
         95th percentile:                        3.02
         sum:                               959452.31

Threads fairness:
    events (avg/stddev):           98237.0000/266.69
    execution time (avg/stddev):   239.8631/0.00

sysbench 1.0.17 (using bundled LuaJIT 2.1.0-beta2)

Running the test with following options:
Number of threads: 8
Initializing random number generator from current time


Extra file open flags: (none)
64 files, 128MiB each
8GiB total file size
Block size 32KiB
Number of IO requests: 0
Read/Write ratio for combined random IO test: 1.50
Calling fsync() after each write operation.
Using synchronous I/O mode
Doing random write test
Initializing worker threads...

Threads started!


File operations:
    reads/s:                      0.00
    writes/s:                     14811.14
    fsyncs/s:                     14811.14

Throughput:
    read, MiB/s:                  0.00
    written, MiB/s:               462.85

General statistics:
    total time:                          240.0187s
    total number of events:              3554982

Latency (ms):
         min:                                    0.10
         avg:                                    4.32
         max:                                   58.50
         95th percentile:                       37.56
         sum:                             15353346.78

Threads fairness:
    events (avg/stddev):           55546.5938/129.11
    execution time (avg/stddev):   239.8960/0.00


File operations:
    reads/s:                      0.00
    writes/s:                     8583.01
    fsyncs/s:                     8583.01

Throughput:
    read, MiB/s:                  0.00
    written, MiB/s:               268.22

General statistics:
    total time:                          240.0002s
    total number of events:              2059939

Latency (ms):
         min:                                    0.09
         avg:                                    0.93
         max:                                   46.21
         95th percentile:                        1.55
         sum:                              1917079.28

Threads fairness:
    events (avg/stddev):           257492.3750/185.72
    execution time (avg/stddev):   239.6349/0.00

sysbench 1.0.17 (using bundled LuaJIT 2.1.0-beta2)

Running the test with following options:
Number of threads: 16
Initializing random number generator from current time


Extra file open flags: (none)
64 files, 128MiB each
8GiB total file size
Block size 32KiB
Number of IO requests: 0
Read/Write ratio for combined random IO test: 1.50
Calling fsync() after each write operation.
Using synchronous I/O mode
Doing random write test
Initializing worker threads...

Threads started!


File operations:
    reads/s:                      0.00
    writes/s:                     15464.01
    fsyncs/s:                     15464.01

Throughput:
    read, MiB/s:                  0.00
    written, MiB/s:               483.25

General statistics:
    total time:                          240.0130s
    total number of events:              3711595

Latency (ms):
         min:                                    0.09
         avg:                                    1.03
         max:                                   34.11
         95th percentile:                        1.21
         sum:                              3833749.28

Threads fairness:
    events (avg/stddev):           231974.6875/277.92
    execution time (avg/stddev):   239.6093/0.01

sysbench 1.0.17 (using bundled LuaJIT 2.1.0-beta2)

Running the test with following options:
Number of threads: 32
Initializing random number generator from current time


Extra file open flags: (none)
64 files, 128MiB each
8GiB total file size
Block size 32KiB
Number of IO requests: 0
Read/Write ratio for combined random IO test: 1.50
Calling fsync() after each write operation.
Using synchronous I/O mode
Doing random write test
Initializing worker threads...

Threads started!


File operations:
    reads/s:                      0.00
    writes/s:                     15851.37
    fsyncs/s:                     15851.37

Throughput:
    read, MiB/s:                  0.00
    written, MiB/s:               495.36

General statistics:
    total time:                          240.0008s
    total number of events:              3804374

Latency (ms):
         min:                                    0.09
         avg:                                    2.02
         max:                                   54.39
         95th percentile:                        3.62
         sum:                              7672817.30

Threads fairness:
    events (avg/stddev):           118886.6875/216.98
    execution time (avg/stddev):   239.7755/0.01

sysbench 1.0.17 (using bundled LuaJIT 2.1.0-beta2)

Running the test with following options:
Number of threads: 64
Initializing random number generator from current time


Extra file open flags: (none)
64 files, 128MiB each
8GiB total file size
Block size 32KiB
Number of IO requests: 0
Read/Write ratio for combined random IO test: 1.50
Calling fsync() after each write operation.
Using synchronous I/O mode
Doing random write test
Initializing worker threads...

Threads started!


File operations:
    reads/s:                      0.00
    writes/s:                     16034.89
    fsyncs/s:                     16034.89

Throughput:
    read, MiB/s:                  0.00
    written, MiB/s:               501.09

General statistics:
    total time:                          240.0176s
    total number of events:              3848688

Latency (ms):
         min:                                    0.10
         avg:                                    3.99
         max:                                   55.69
         95th percentile:                       33.72
         sum:                             15352611.87

Threads fairness:
    events (avg/stddev):           60135.7500/140.96
    execution time (avg/stddev):   239.8846/0.00

