sysbench 1.0.17 (using bundled LuaJIT 2.1.0-beta2)

Running the test with following options:
Number of threads: 1
Initializing random number generator from current time


Extra file open flags: (none)
64 files, 128MiB each
8GiB total file size
Block size 32KiB
Number of IO requests: 0
Read/Write ratio for combined random IO test: 1.50
Calling fsync() after each write operation.
Using synchronous I/O mode
Doing random write test
Initializing worker threads...

Threads started!


File operations:
    reads/s:                      0.00
    writes/s:                     7680.99
    fsyncs/s:                     7680.99

Throughput:
    read, MiB/s:                  0.00
    written, MiB/s:               240.03

General statistics:
    total time:                          240.0363s
    total number of events:              1843727

Latency (ms):
         min:                                    0.08
         avg:                                    2.08
         max:                                   48.66
         95th percentile:                        1.12
         sum:                              3838382.64

Threads fairness:
    events (avg/stddev):           115232.9375/198.01
    execution time (avg/stddev):   239.8989/0.00

sysbench 1.0.17 (using bundled LuaJIT 2.1.0-beta2)

Running the test with following options:
Number of threads: 32
Initializing random number generator from current time


Extra file open flags: (none)
64 files, 128MiB each
8GiB total file size
Block size 32KiB
Number of IO requests: 0
Read/Write ratio for combined random IO test: 1.50
Calling fsync() after each write operation.
Using synchronous I/O mode
Doing random write test
Initializing worker threads...

Threads started!


File operations:
    reads/s:                      0.00
    writes/s:                     473.82
    fsyncs/s:                     473.82

Throughput:
    read, MiB/s:                  0.00
    written, MiB/s:               14.81

General statistics:
    total time:                          240.0376s
    total number of events:              113736

Latency (ms):
         min:                                    0.08
         avg:                                    2.11
         max:                                   50.92
         95th percentile:                        1.04
         sum:                               239955.25

Threads fairness:
    events (avg/stddev):           113736.0000/0.00
    execution time (avg/stddev):   239.9552/0.00

sysbench 1.0.17 (using bundled LuaJIT 2.1.0-beta2)

Running the test with following options:
Number of threads: 4
Initializing random number generator from current time


Extra file open flags: (none)
64 files, 128MiB each
8GiB total file size
Block size 32KiB
Number of IO requests: 0
Read/Write ratio for combined random IO test: 1.50
Calling fsync() after each write operation.
Using synchronous I/O mode
Doing random write test
Initializing worker threads...

Threads started!


File operations:
    reads/s:                      0.00
    writes/s:                     7543.39
    fsyncs/s:                     7543.39

Throughput:
    read, MiB/s:                  0.00
    written, MiB/s:               235.73

General statistics:
    total time:                          240.0423s
    total number of events:              1810742

Latency (ms):
         min:                                    0.08
         avg:                                    4.24
         max:                                   53.55
         95th percentile:                       44.17
         sum:                              7678975.61

Threads fairness:
    events (avg/stddev):           56585.6875/117.88
    execution time (avg/stddev):   239.9680/0.00

sysbench 1.0.17 (using bundled LuaJIT 2.1.0-beta2)

Running the test with following options:
Number of threads: 64
Initializing random number generator from current time


Extra file open flags: (none)
64 files, 128MiB each
8GiB total file size
Block size 32KiB
Number of IO requests: 0
Read/Write ratio for combined random IO test: 1.50
Calling fsync() after each write operation.
Using synchronous I/O mode
Doing random write test
Initializing worker threads...

Threads started!


File operations:
    reads/s:                      0.00
    writes/s:                     908.97
    fsyncs/s:                     908.97

Throughput:
    read, MiB/s:                  0.00
    written, MiB/s:               28.41

General statistics:
    total time:                          240.0450s
    total number of events:              218196

Latency (ms):
         min:                                    0.07
         avg:                                    4.40
         max:                                   94.71
         95th percentile:                       44.98
         sum:                               959992.58

Threads fairness:
    events (avg/stddev):           54549.0000/55.30
    execution time (avg/stddev):   239.9981/0.00

sysbench 1.0.17 (using bundled LuaJIT 2.1.0-beta2)

Running the test with following options:
Number of threads: 8
Initializing random number generator from current time


Extra file open flags: (none)
64 files, 128MiB each
8GiB total file size
Block size 32KiB
Number of IO requests: 0
Read/Write ratio for combined random IO test: 1.50
Calling fsync() after each write operation.
Using synchronous I/O mode
Doing random write test
Initializing worker threads...

Threads started!


File operations:
    reads/s:                      0.00
    writes/s:                     7456.02
    fsyncs/s:                     7456.02

Throughput:
    read, MiB/s:                  0.00
    written, MiB/s:               233.00

General statistics:
    total time:                          240.0420s
    total number of events:              1789773

Latency (ms):
         min:                                    0.09
         avg:                                    8.58
         max:                                   96.68
         95th percentile:                       45.79
         sum:                             15359511.40

Threads fairness:
    events (avg/stddev):           27965.2031/82.76
    execution time (avg/stddev):   239.9924/0.00


File operations:
    reads/s:                      0.00
    writes/s:                     5129.36
    fsyncs/s:                     5129.36

Throughput:
    read, MiB/s:                  0.00
    written, MiB/s:               160.29

General statistics:
    total time:                          240.0037s
    total number of events:              1231072

Latency (ms):
         min:                                    0.07
         avg:                                    1.56
         max:                                   95.83
         95th percentile:                        1.10
         sum:                              1919041.10

Threads fairness:
    events (avg/stddev):           153884.0000/282.49
    execution time (avg/stddev):   239.8801/0.00

sysbench 1.0.17 (using bundled LuaJIT 2.1.0-beta2)

Running the test with following options:
Number of threads: 16
Initializing random number generator from current time


Extra file open flags: (none)
64 files, 128MiB each
8GiB total file size
Block size 32KiB
Number of IO requests: 0
Read/Write ratio for combined random IO test: 1.50
Calling fsync() after each write operation.
Using synchronous I/O mode
Doing random write test
Initializing worker threads...

Threads started!


File operations:
    reads/s:                      0.00
    writes/s:                     7816.21
    fsyncs/s:                     7816.21

Throughput:
    read, MiB/s:                  0.00
    written, MiB/s:               244.26

General statistics:
    total time:                          240.0004s
    total number of events:              1875904

Latency (ms):
         min:                                    0.08
         avg:                                    2.05
         max:                                   50.10
         95th percentile:                        0.90
         sum:                              3837476.19

Threads fairness:
    events (avg/stddev):           117244.0000/245.79
    execution time (avg/stddev):   239.8423/0.00

sysbench 1.0.17 (using bundled LuaJIT 2.1.0-beta2)

Running the test with following options:
Number of threads: 32
Initializing random number generator from current time


Extra file open flags: (none)
64 files, 128MiB each
8GiB total file size
Block size 32KiB
Number of IO requests: 0
Read/Write ratio for combined random IO test: 1.50
Calling fsync() after each write operation.
Using synchronous I/O mode
Doing random write test
Initializing worker threads...

Threads started!


File operations:
    reads/s:                      0.00
    writes/s:                     7950.10
    fsyncs/s:                     7950.10

Throughput:
    read, MiB/s:                  0.00
    written, MiB/s:               248.44

General statistics:
    total time:                          240.0341s
    total number of events:              1908306

Latency (ms):
         min:                                    0.08
         avg:                                    4.02
         max:                                   52.77
         95th percentile:                       43.39
         sum:                              7678363.67

Threads fairness:
    events (avg/stddev):           59634.5625/145.72
    execution time (avg/stddev):   239.9489/0.00

sysbench 1.0.17 (using bundled LuaJIT 2.1.0-beta2)

Running the test with following options:
Number of threads: 64
Initializing random number generator from current time


Extra file open flags: (none)
64 files, 128MiB each
8GiB total file size
Block size 32KiB
Number of IO requests: 0
Read/Write ratio for combined random IO test: 1.50
Calling fsync() after each write operation.
Using synchronous I/O mode
Doing random write test
Initializing worker threads...

Threads started!


File operations:
    reads/s:                      0.00
    writes/s:                     8012.73
    fsyncs/s:                     8012.73

Throughput:
    read, MiB/s:                  0.00
    written, MiB/s:               250.40

General statistics:
    total time:                          240.0349s
    total number of events:              1923348

Latency (ms):
         min:                                    0.09
         avg:                                    7.98
         max:                                   91.37
         95th percentile:                       44.17
         sum:                             15357805.96

Threads fairness:
    events (avg/stddev):           30052.3125/94.57
    execution time (avg/stddev):   239.9657/0.00

