sysbench 1.0.17 (using bundled LuaJIT 2.1.0-beta2)

Running the test with following options:
Number of threads: 1
Initializing random number generator from current time


Extra file open flags: (none)
64 files, 128MiB each
8GiB total file size
Block size 32KiB
Number of IO requests: 0
Read/Write ratio for combined random IO test: 1.50
Calling fsync() after each write operation.
Using synchronous I/O mode
Doing random read test
Initializing worker threads...

Threads started!


File operations:
    reads/s:                      242749.38
    writes/s:                     0.00
    fsyncs/s:                     0.00

Throughput:
    read, MiB/s:                  7585.92
    written, MiB/s:               0.00

General statistics:
    total time:                          240.0001s
    total number of events:              58260245

Latency (ms):
         min:                                    0.00
         avg:                                    0.00
         max:                                    0.06
         95th percentile:                        0.00
         sum:                               227807.75

Threads fairness:
    events (avg/stddev):           58260245.0000/0.00
    execution time (avg/stddev):   227.8077/0.00

sysbench 1.0.17 (using bundled LuaJIT 2.1.0-beta2)

Running the test with following options:
Number of threads: 4
Initializing random number generator from current time


Extra file open flags: (none)
64 files, 128MiB each
8GiB total file size
Block size 32KiB
Number of IO requests: 0
Read/Write ratio for combined random IO test: 1.50
Calling fsync() after each write operation.
Using synchronous I/O mode
Doing random read test
Initializing worker threads...

Threads started!


File operations:
    reads/s:                      635841.16
    writes/s:                     0.00
    fsyncs/s:                     0.00

Throughput:
    read, MiB/s:                  19870.04
    written, MiB/s:               0.00

General statistics:
    total time:                          240.0001s
    total number of events:              152603015

Latency (ms):
         min:                                    0.00
         avg:                                    0.01
         max:                                    0.38
         95th percentile:                        0.01
         sum:                               848932.53

Threads fairness:
    events (avg/stddev):           38150753.7500/342161.86
    execution time (avg/stddev):   212.2331/1.46

sysbench 1.0.17 (using bundled LuaJIT 2.1.0-beta2)

Running the test with following options:
Number of threads: 8
Initializing random number generator from current time


Extra file open flags: (none)
64 files, 128MiB each
8GiB total file size
Block size 32KiB
Number of IO requests: 0
Read/Write ratio for combined random IO test: 1.50
Calling fsync() after each write operation.
Using synchronous I/O mode
Doing random read test
Initializing worker threads...

Threads started!


File operations:
    reads/s:                      830821.06
    writes/s:                     0.00
    fsyncs/s:                     0.00

Throughput:
    read, MiB/s:                  25963.16
    written, MiB/s:               0.00

General statistics:
    total time:                          240.0001s
    total number of events:              199398425

Latency (ms):
         min:                                    0.00
         avg:                                    0.01
         max:                                   13.57
         95th percentile:                        0.01
         sum:                              1759356.57

Threads fairness:
    events (avg/stddev):           24924803.1250/114350.55
    execution time (avg/stddev):   219.9196/0.32

sysbench 1.0.17 (using bundled LuaJIT 2.1.0-beta2)

Running the test with following options:
Number of threads: 16
Initializing random number generator from current time


Extra file open flags: (none)
64 files, 128MiB each
8GiB total file size
Block size 32KiB
Number of IO requests: 0
Read/Write ratio for combined random IO test: 1.50
Calling fsync() after each write operation.
Using synchronous I/O mode
Doing random read test
Initializing worker threads...

Threads started!


File operations:
    reads/s:                      794489.35
    writes/s:                     0.00
    fsyncs/s:                     0.00

Throughput:
    read, MiB/s:                  24827.79
    written, MiB/s:               0.00

General statistics:
    total time:                          240.0001s
    total number of events:              190678866

Latency (ms):
         min:                                    0.00
         avg:                                    0.01
         max:                                    4.85
         95th percentile:                        0.03
         sum:                              2720571.94

Threads fairness:
    events (avg/stddev):           11917429.1250/67840.46
    execution time (avg/stddev):   170.0357/0.60

sysbench 1.0.17 (using bundled LuaJIT 2.1.0-beta2)

Running the test with following options:
Number of threads: 32
Initializing random number generator from current time


Extra file open flags: (none)
64 files, 128MiB each
8GiB total file size
Block size 32KiB
Number of IO requests: 0
Read/Write ratio for combined random IO test: 1.50
Calling fsync() after each write operation.
Using synchronous I/O mode
Doing random read test
Initializing worker threads...

Threads started!


File operations:
    reads/s:                      773138.99
    writes/s:                     0.00
    fsyncs/s:                     0.00

Throughput:
    read, MiB/s:                  24160.59
    written, MiB/s:               0.00

General statistics:
    total time:                          240.0001s
    total number of events:              185554741

Latency (ms):
         min:                                    0.00
         avg:                                    0.03
         max:                                    8.31
         95th percentile:                        0.10
         sum:                              4720693.20

Threads fairness:
    events (avg/stddev):           5798585.6562/15741.01
    execution time (avg/stddev):   147.5217/0.46

sysbench 1.0.17 (using bundled LuaJIT 2.1.0-beta2)

Running the test with following options:
Number of threads: 64
Initializing random number generator from current time


Extra file open flags: (none)
64 files, 128MiB each
8GiB total file size
Block size 32KiB
Number of IO requests: 0
Read/Write ratio for combined random IO test: 1.50
Calling fsync() after each write operation.
Using synchronous I/O mode
Doing random read test
Initializing worker threads...

Threads started!


File operations:
    reads/s:                      782633.48
    writes/s:                     0.00
    fsyncs/s:                     0.00

Throughput:
    read, MiB/s:                  24457.30
    written, MiB/s:               0.00

General statistics:
    total time:                          240.0003s
    total number of events:              187833574

Latency (ms):
         min:                                    0.00
         avg:                                    0.05
         max:                                   13.28
         95th percentile:                        0.27
         sum:                              8881756.04

Threads fairness:
    events (avg/stddev):           2934899.5938/12516.56
    execution time (avg/stddev):   138.7774/0.31

