sysbench 1.0.17 (using bundled LuaJIT 2.1.0-beta2)

Running the test with following options:
Number of threads: 1
Initializing random number generator from current time


Extra file open flags: (none)
64 files, 128MiB each
8GiB total file size
Block size 32KiB
Number of IO requests: 0
Read/Write ratio for combined random IO test: 1.50
Calling fsync() after each write operation.
Using synchronous I/O mode
Doing random read test
Initializing worker threads...

Threads started!


File operations:
    reads/s:                      129567.56
    writes/s:                     0.00
    fsyncs/s:                     0.00

Throughput:
    read, MiB/s:                  4048.99
    written, MiB/s:               0.00

General statistics:
    total time:                          240.0002s
    total number of events:              31096540

Latency (ms):
         min:                                    0.00
         avg:                                    0.01
         max:                                    8.24
         95th percentile:                        0.02
         sum:                               229267.32

Threads fairness:
    events (avg/stddev):           31096540.0000/0.00
    execution time (avg/stddev):   229.2673/0.00

sysbench 1.0.17 (using bundled LuaJIT 2.1.0-beta2)

Running the test with following options:
Number of threads: 4
Initializing random number generator from current time


Extra file open flags: (none)
64 files, 128MiB each
8GiB total file size
Block size 32KiB
Number of IO requests: 0
Read/Write ratio for combined random IO test: 1.50
Calling fsync() after each write operation.
Using synchronous I/O mode
Doing random read test
Initializing worker threads...

Threads started!


File operations:
    reads/s:                      487745.76
    writes/s:                     0.00
    fsyncs/s:                     0.00

Throughput:
    read, MiB/s:                  15242.06
    written, MiB/s:               0.00

General statistics:
    total time:                          240.0001s
    total number of events:              117060097

Latency (ms):
         min:                                    0.00
         avg:                                    0.01
         max:                                   28.69
         95th percentile:                        0.01
         sum:                               898971.24

Threads fairness:
    events (avg/stddev):           29265024.2500/217527.03
    execution time (avg/stddev):   224.7428/0.11

sysbench 1.0.17 (using bundled LuaJIT 2.1.0-beta2)

Running the test with following options:
Number of threads: 8
Initializing random number generator from current time


Extra file open flags: (none)
64 files, 128MiB each
8GiB total file size
Block size 32KiB
Number of IO requests: 0
Read/Write ratio for combined random IO test: 1.50
Calling fsync() after each write operation.
Using synchronous I/O mode
Doing random read test
Initializing worker threads...

Threads started!


File operations:
    reads/s:                      815213.13
    writes/s:                     0.00
    fsyncs/s:                     0.00

Throughput:
    read, MiB/s:                  25475.41
    written, MiB/s:               0.00

General statistics:
    total time:                          240.0004s
    total number of events:              195653320

Latency (ms):
         min:                                    0.00
         avg:                                    0.01
         max:                                   12.23
         95th percentile:                        0.01
         sum:                              1729871.52

Threads fairness:
    events (avg/stddev):           24456665.0000/78138.91
    execution time (avg/stddev):   216.2339/0.14

sysbench 1.0.17 (using bundled LuaJIT 2.1.0-beta2)

Running the test with following options:
Number of threads: 16
Initializing random number generator from current time


Extra file open flags: (none)
64 files, 128MiB each
8GiB total file size
Block size 32KiB
Number of IO requests: 0
Read/Write ratio for combined random IO test: 1.50
Calling fsync() after each write operation.
Using synchronous I/O mode
Doing random read test
Initializing worker threads...

Threads started!


File operations:
    reads/s:                      854045.48
    writes/s:                     0.00
    fsyncs/s:                     0.00

Throughput:
    read, MiB/s:                  26688.92
    written, MiB/s:               0.00

General statistics:
    total time:                          240.0002s
    total number of events:              204972760

Latency (ms):
         min:                                    0.00
         avg:                                    0.02
         max:                                  165.18
         95th percentile:                        0.02
         sum:                              3165623.17

Threads fairness:
    events (avg/stddev):           12810797.5000/41097.50
    execution time (avg/stddev):   197.8514/0.14

sysbench 1.0.17 (using bundled LuaJIT 2.1.0-beta2)

Running the test with following options:
Number of threads: 32
Initializing random number generator from current time


Extra file open flags: (none)
64 files, 128MiB each
8GiB total file size
Block size 32KiB
Number of IO requests: 0
Read/Write ratio for combined random IO test: 1.50
Calling fsync() after each write operation.
Using synchronous I/O mode
Doing random read test
Initializing worker threads...

Threads started!


File operations:
    reads/s:                      882671.77
    writes/s:                     0.00
    fsyncs/s:                     0.00

Throughput:
    read, MiB/s:                  27583.49
    written, MiB/s:               0.00

General statistics:
    total time:                          240.0003s
    total number of events:              211843272

Latency (ms):
         min:                                    0.00
         avg:                                    0.03
         max:                                   80.66
         95th percentile:                        0.07
         sum:                              5691019.26

Threads fairness:
    events (avg/stddev):           6620102.2500/27275.56
    execution time (avg/stddev):   177.8444/0.14

sysbench 1.0.17 (using bundled LuaJIT 2.1.0-beta2)

Running the test with following options:
Number of threads: 64
Initializing random number generator from current time


Extra file open flags: (none)
64 files, 128MiB each
8GiB total file size
Block size 32KiB
Number of IO requests: 0
Read/Write ratio for combined random IO test: 1.50
Calling fsync() after each write operation.
Using synchronous I/O mode
Doing random read test
Initializing worker threads...

Threads started!


File operations:
    reads/s:                      796321.83
    writes/s:                     0.00
    fsyncs/s:                     0.00

Throughput:
    read, MiB/s:                  24885.06
    written, MiB/s:               0.00

General statistics:
    total time:                          240.0019s
    total number of events:              191120421

Latency (ms):
         min:                                    0.00
         avg:                                    0.06
         max:                                  183.04
         95th percentile:                        0.14
         sum:                             11062677.50

Threads fairness:
    events (avg/stddev):           2986256.5781/14158.96
    execution time (avg/stddev):   172.8543/0.29

