sysbench 1.0.17 (using bundled LuaJIT 2.1.0-beta2)

Running the test with following options:
Number of threads: 1
Initializing random number generator from current time


Extra file open flags: (none)
64 files, 128MiB each
8GiB total file size
Block size 32KiB
Number of IO requests: 0
Read/Write ratio for combined random IO test: 1.50
Calling fsync() after each write operation.
Using synchronous I/O mode
Doing random read test
Initializing worker threads...

Threads started!


File operations:
    reads/s:                      241872.19
    writes/s:                     0.00
    fsyncs/s:                     0.00

Throughput:
    read, MiB/s:                  7558.51
    written, MiB/s:               0.00

General statistics:
    total time:                          240.0001s
    total number of events:              58049711

Latency (ms):
         min:                                    0.00
         avg:                                    0.00
         max:                                    0.06
         95th percentile:                        0.00
         sum:                               227867.25

Threads fairness:
    events (avg/stddev):           58049711.0000/0.00
    execution time (avg/stddev):   227.8672/0.00

sysbench 1.0.17 (using bundled LuaJIT 2.1.0-beta2)

Running the test with following options:
Number of threads: 4
Initializing random number generator from current time


Extra file open flags: (none)
64 files, 128MiB each
8GiB total file size
Block size 32KiB
Number of IO requests: 0
Read/Write ratio for combined random IO test: 1.50
Calling fsync() after each write operation.
Using synchronous I/O mode
Doing random read test
Initializing worker threads...

Threads started!


File operations:
    reads/s:                      627671.25
    writes/s:                     0.00
    fsyncs/s:                     0.00

Throughput:
    read, MiB/s:                  19614.73
    written, MiB/s:               0.00

General statistics:
    total time:                          240.0001s
    total number of events:              150642199

Latency (ms):
         min:                                    0.00
         avg:                                    0.01
         max:                                    0.32
         95th percentile:                        0.01
         sum:                               841497.54

Threads fairness:
    events (avg/stddev):           37660549.7500/1401244.77
    execution time (avg/stddev):   210.3744/2.01

sysbench 1.0.17 (using bundled LuaJIT 2.1.0-beta2)

Running the test with following options:
Number of threads: 8
Initializing random number generator from current time


Extra file open flags: (none)
64 files, 128MiB each
8GiB total file size
Block size 32KiB
Number of IO requests: 0
Read/Write ratio for combined random IO test: 1.50
Calling fsync() after each write operation.
Using synchronous I/O mode
Doing random read test
Initializing worker threads...

Threads started!


File operations:
    reads/s:                      830188.52
    writes/s:                     0.00
    fsyncs/s:                     0.00

Throughput:
    read, MiB/s:                  25943.39
    written, MiB/s:               0.00

General statistics:
    total time:                          240.0001s
    total number of events:              199246726

Latency (ms):
         min:                                    0.00
         avg:                                    0.01
         max:                                   14.78
         95th percentile:                        0.01
         sum:                              1752627.77

Threads fairness:
    events (avg/stddev):           24905840.7500/118096.92
    execution time (avg/stddev):   219.0785/0.37

sysbench 1.0.17 (using bundled LuaJIT 2.1.0-beta2)

Running the test with following options:
Number of threads: 16
Initializing random number generator from current time


Extra file open flags: (none)
64 files, 128MiB each
8GiB total file size
Block size 32KiB
Number of IO requests: 0
Read/Write ratio for combined random IO test: 1.50
Calling fsync() after each write operation.
Using synchronous I/O mode
Doing random read test
Initializing worker threads...

Threads started!


File operations:
    reads/s:                      803398.12
    writes/s:                     0.00
    fsyncs/s:                     0.00

Throughput:
    read, MiB/s:                  25106.19
    written, MiB/s:               0.00

General statistics:
    total time:                          240.0001s
    total number of events:              192816938

Latency (ms):
         min:                                    0.00
         avg:                                    0.01
         max:                                    4.43
         95th percentile:                        0.03
         sum:                              2735507.77

Threads fairness:
    events (avg/stddev):           12051058.6250/57624.79
    execution time (avg/stddev):   170.9692/0.56

sysbench 1.0.17 (using bundled LuaJIT 2.1.0-beta2)

Running the test with following options:
Number of threads: 32
Initializing random number generator from current time


Extra file open flags: (none)
64 files, 128MiB each
8GiB total file size
Block size 32KiB
Number of IO requests: 0
Read/Write ratio for combined random IO test: 1.50
Calling fsync() after each write operation.
Using synchronous I/O mode
Doing random read test
Initializing worker threads...

Threads started!


File operations:
    reads/s:                      772100.95
    writes/s:                     0.00
    fsyncs/s:                     0.00

Throughput:
    read, MiB/s:                  24128.15
    written, MiB/s:               0.00

General statistics:
    total time:                          240.0002s
    total number of events:              185305668

Latency (ms):
         min:                                    0.00
         avg:                                    0.03
         max:                                    5.22
         95th percentile:                        0.10
         sum:                              4721552.17

Threads fairness:
    events (avg/stddev):           5790802.1250/15569.22
    execution time (avg/stddev):   147.5485/0.46

sysbench 1.0.17 (using bundled LuaJIT 2.1.0-beta2)

Running the test with following options:
Number of threads: 64
Initializing random number generator from current time


Extra file open flags: (none)
64 files, 128MiB each
8GiB total file size
Block size 32KiB
Number of IO requests: 0
Read/Write ratio for combined random IO test: 1.50
Calling fsync() after each write operation.
Using synchronous I/O mode
Doing random read test
Initializing worker threads...

Threads started!


File operations:
    reads/s:                      763186.22
    writes/s:                     0.00
    fsyncs/s:                     0.00

Throughput:
    read, MiB/s:                  23849.57
    written, MiB/s:               0.00

General statistics:
    total time:                          240.0003s
    total number of events:              183166195

Latency (ms):
         min:                                    0.00
         avg:                                    0.05
         max:                                   17.67
         95th percentile:                        0.27
         sum:                              8843542.68

Threads fairness:
    events (avg/stddev):           2861971.7969/12224.66
    execution time (avg/stddev):   138.1804/0.27

