sysbench 1.0.17 (using bundled LuaJIT 2.1.0-beta2)

Running the test with following options:
Number of threads: 1
Initializing random number generator from current time


Extra file open flags: (none)
64 files, 128MiB each
8GiB total file size
Block size 32KiB
Number of IO requests: 0
Read/Write ratio for combined random IO test: 1.50
Calling fsync() after each write operation.
Using synchronous I/O mode
Doing random write test
Initializing worker threads...

Threads started!


File operations:
    reads/s:                      0.00
    writes/s:                     571.75
    fsyncs/s:                     571.75

Throughput:
    read, MiB/s:                  0.00
    written, MiB/s:               17.87

General statistics:
    total time:                          240.0018s
    total number of events:              137222

Latency (ms):
         min:                                    0.54
         avg:                                    1.75
         max:                                  158.31
         95th percentile:                        1.96
         sum:                               239893.82

Threads fairness:
    events (avg/stddev):           137222.0000/0.00
    execution time (avg/stddev):   239.8938/0.00

sysbench 1.0.17 (using bundled LuaJIT 2.1.0-beta2)

Running the test with following options:
Number of threads: 4
Initializing random number generator from current time


Extra file open flags: (none)
64 files, 128MiB each
8GiB total file size
Block size 32KiB
Number of IO requests: 0
Read/Write ratio for combined random IO test: 1.50
Calling fsync() after each write operation.
Using synchronous I/O mode
Doing random write test
Initializing worker threads...

Threads started!


File operations:
    reads/s:                      0.00
    writes/s:                     2210.48
    fsyncs/s:                     2210.48

Throughput:
    read, MiB/s:                  0.00
    written, MiB/s:               69.08

General statistics:
    total time:                          240.0018s
    total number of events:              530522

Latency (ms):
         min:                                    0.51
         avg:                                    1.81
         max:                                  141.52
         95th percentile:                        2.26
         sum:                               959523.44

Threads fairness:
    events (avg/stddev):           132630.5000/62.19
    execution time (avg/stddev):   239.8809/0.00

sysbench 1.0.17 (using bundled LuaJIT 2.1.0-beta2)

Running the test with following options:
Number of threads: 8
Initializing random number generator from current time


Extra file open flags: (none)
64 files, 128MiB each
8GiB total file size
Block size 32KiB
Number of IO requests: 0
Read/Write ratio for combined random IO test: 1.50
Calling fsync() after each write operation.
Using synchronous I/O mode
Doing random write test
Initializing worker threads...

Threads started!


File operations:
    reads/s:                      0.00
    writes/s:                     4173.40
    fsyncs/s:                     4173.40

Throughput:
    read, MiB/s:                  0.00
    written, MiB/s:               130.42

General statistics:
    total time:                          240.0017s
    total number of events:              1001630

Latency (ms):
         min:                                    0.52
         avg:                                    1.92
         max:                                  201.38
         95th percentile:                        2.61
         sum:                              1918544.41

Threads fairness:
    events (avg/stddev):           125203.7500/68.72
    execution time (avg/stddev):   239.8181/0.00

sysbench 1.0.17 (using bundled LuaJIT 2.1.0-beta2)

Running the test with following options:
Number of threads: 16
Initializing random number generator from current time


Extra file open flags: (none)
64 files, 128MiB each
8GiB total file size
Block size 32KiB
Number of IO requests: 0
Read/Write ratio for combined random IO test: 1.50
Calling fsync() after each write operation.
Using synchronous I/O mode
Doing random write test
Initializing worker threads...

Threads started!


File operations:
    reads/s:                      0.00
    writes/s:                     7376.80
    fsyncs/s:                     7376.80

Throughput:
    read, MiB/s:                  0.00
    written, MiB/s:               230.53

General statistics:
    total time:                          240.0016s
    total number of events:              1770456

Latency (ms):
         min:                                    0.50
         avg:                                    2.17
         max:                                  150.99
         95th percentile:                        3.02
         sum:                              3835154.39

Threads fairness:
    events (avg/stddev):           110653.5000/110.12
    execution time (avg/stddev):   239.6971/0.00

sysbench 1.0.17 (using bundled LuaJIT 2.1.0-beta2)

Running the test with following options:
Number of threads: 32
Initializing random number generator from current time


Extra file open flags: (none)
64 files, 128MiB each
8GiB total file size
Block size 32KiB
Number of IO requests: 0
Read/Write ratio for combined random IO test: 1.50
Calling fsync() after each write operation.
Using synchronous I/O mode
Doing random write test
Initializing worker threads...

Threads started!


File operations:
    reads/s:                      0.00
    writes/s:                     7853.62
    fsyncs/s:                     7853.62

Throughput:
    read, MiB/s:                  0.00
    written, MiB/s:               245.43

General statistics:
    total time:                          240.0026s
    total number of events:              1884900

Latency (ms):
         min:                                    0.53
         avg:                                    4.07
         max:                                  156.50
         95th percentile:                        5.00
         sum:                              7672490.50

Threads fairness:
    events (avg/stddev):           58903.1250/38.10
    execution time (avg/stddev):   239.7653/0.00

sysbench 1.0.17 (using bundled LuaJIT 2.1.0-beta2)

Running the test with following options:
Number of threads: 64
Initializing random number generator from current time


Extra file open flags: (none)
64 files, 128MiB each
8GiB total file size
Block size 32KiB
Number of IO requests: 0
Read/Write ratio for combined random IO test: 1.50
Calling fsync() after each write operation.
Using synchronous I/O mode
Doing random write test
Initializing worker threads...

Threads started!


File operations:
    reads/s:                      0.00
    writes/s:                     7940.74
    fsyncs/s:                     7940.74

Throughput:
    read, MiB/s:                  0.00
    written, MiB/s:               248.15

General statistics:
    total time:                          240.0063s
    total number of events:              1905839

Latency (ms):
         min:                                    0.58
         avg:                                    8.06
         max:                                  153.74
         95th percentile:                        9.73
         sum:                             15351881.11

Threads fairness:
    events (avg/stddev):           29778.7344/24.65
    execution time (avg/stddev):   239.8731/0.00

