sysbench 1.0.17 (using bundled LuaJIT 2.1.0-beta2)

Running the test with following options:
Number of threads: 1
Initializing random number generator from current time


Extra file open flags: (none)
64 files, 128MiB each
8GiB total file size
Block size 32KiB
Number of IO requests: 0
Read/Write ratio for combined random IO test: 1.50
Calling fsync() after each write operation.
Using synchronous I/O mode
Doing random read test
Initializing worker threads...

Threads started!


File operations:
    reads/s:                      192159.00
    writes/s:                     0.00
    fsyncs/s:                     0.00

Throughput:
    read, MiB/s:                  6004.97
    written, MiB/s:               0.00

General statistics:
    total time:                          240.0001s
    total number of events:              46118443

Latency (ms):
         min:                                    0.00
         avg:                                    0.00
         max:                                    0.03
         95th percentile:                        0.01
         sum:                               229096.42

Threads fairness:
    events (avg/stddev):           46118443.0000/0.00
    execution time (avg/stddev):   229.0964/0.00

sysbench 1.0.17 (using bundled LuaJIT 2.1.0-beta2)

Running the test with following options:
Number of threads: 4
Initializing random number generator from current time


Extra file open flags: (none)
64 files, 128MiB each
8GiB total file size
Block size 32KiB
Number of IO requests: 0
Read/Write ratio for combined random IO test: 1.50
Calling fsync() after each write operation.
Using synchronous I/O mode
Doing random read test
Initializing worker threads...

Threads started!


File operations:
    reads/s:                      638572.26
    writes/s:                     0.00
    fsyncs/s:                     0.00

Throughput:
    read, MiB/s:                  19955.38
    written, MiB/s:               0.00

General statistics:
    total time:                          240.0001s
    total number of events:              153258346

Latency (ms):
         min:                                    0.00
         avg:                                    0.01
         max:                                    0.11
         95th percentile:                        0.01
         sum:                               872693.21

Threads fairness:
    events (avg/stddev):           38314586.5000/804989.85
    execution time (avg/stddev):   218.1733/0.31

sysbench 1.0.17 (using bundled LuaJIT 2.1.0-beta2)

Running the test with following options:
Number of threads: 8
Initializing random number generator from current time


Extra file open flags: (none)
64 files, 128MiB each
8GiB total file size
Block size 32KiB
Number of IO requests: 0
Read/Write ratio for combined random IO test: 1.50
Calling fsync() after each write operation.
Using synchronous I/O mode
Doing random read test
Initializing worker threads...

Threads started!


File operations:
    reads/s:                      1004717.46
    writes/s:                     0.00
    fsyncs/s:                     0.00

Throughput:
    read, MiB/s:                  31397.42
    written, MiB/s:               0.00

General statistics:
    total time:                          240.0001s
    total number of events:              241133713

Latency (ms):
         min:                                    0.00
         avg:                                    0.01
         max:                                    0.31
         95th percentile:                        0.01
         sum:                              1604460.52

Threads fairness:
    events (avg/stddev):           30141714.1250/538864.29
    execution time (avg/stddev):   200.5576/1.04

sysbench 1.0.17 (using bundled LuaJIT 2.1.0-beta2)

Running the test with following options:
Number of threads: 16
Initializing random number generator from current time


Extra file open flags: (none)
64 files, 128MiB each
8GiB total file size
Block size 32KiB
Number of IO requests: 0
Read/Write ratio for combined random IO test: 1.50
Calling fsync() after each write operation.
Using synchronous I/O mode
Doing random read test
Initializing worker threads...

Threads started!


File operations:
    reads/s:                      944962.60
    writes/s:                     0.00
    fsyncs/s:                     0.00

Throughput:
    read, MiB/s:                  29530.08
    written, MiB/s:               0.00

General statistics:
    total time:                          240.0001s
    total number of events:              226792458

Latency (ms):
         min:                                    0.00
         avg:                                    0.01
         max:                                    3.14
         95th percentile:                        0.02
         sum:                              2621390.33

Threads fairness:
    events (avg/stddev):           14174528.6250/21253.45
    execution time (avg/stddev):   163.8369/0.10

sysbench 1.0.17 (using bundled LuaJIT 2.1.0-beta2)

Running the test with following options:
Number of threads: 32
Initializing random number generator from current time


Extra file open flags: (none)
64 files, 128MiB each
8GiB total file size
Block size 32KiB
Number of IO requests: 0
Read/Write ratio for combined random IO test: 1.50
Calling fsync() after each write operation.
Using synchronous I/O mode
Doing random read test
Initializing worker threads...

Threads started!


File operations:
    reads/s:                      947546.25
    writes/s:                     0.00
    fsyncs/s:                     0.00

Throughput:
    read, MiB/s:                  29610.82
    written, MiB/s:               0.00

General statistics:
    total time:                          240.0001s
    total number of events:              227412592

Latency (ms):
         min:                                    0.00
         avg:                                    0.02
         max:                                    7.94
         95th percentile:                        0.08
         sum:                              4611212.19

Threads fairness:
    events (avg/stddev):           7106643.5000/7818.58
    execution time (avg/stddev):   144.1004/0.08

sysbench 1.0.17 (using bundled LuaJIT 2.1.0-beta2)

Running the test with following options:
Number of threads: 64
Initializing random number generator from current time


Extra file open flags: (none)
64 files, 128MiB each
8GiB total file size
Block size 32KiB
Number of IO requests: 0
Read/Write ratio for combined random IO test: 1.50
Calling fsync() after each write operation.
Using synchronous I/O mode
Doing random read test
Initializing worker threads...

Threads started!


File operations:
    reads/s:                      954203.44
    writes/s:                     0.00
    fsyncs/s:                     0.00

Throughput:
    read, MiB/s:                  29818.86
    written, MiB/s:               0.00

General statistics:
    total time:                          240.0002s
    total number of events:              229010389

Latency (ms):
         min:                                    0.00
         avg:                                    0.04
         max:                                    9.96
         95th percentile:                        0.22
         sum:                              8644150.89

Threads fairness:
    events (avg/stddev):           3578287.3281/11783.60
    execution time (avg/stddev):   135.0649/0.16

