sysbench 1.0.17 (using bundled LuaJIT 2.1.0-beta2)

Running the test with following options:
Number of threads: 1
Initializing random number generator from current time


Extra file open flags: (none)
64 files, 128MiB each
8GiB total file size
Block size 32KiB
Number of IO requests: 0
Read/Write ratio for combined random IO test: 1.50
Calling fsync() after each write operation.
Using synchronous I/O mode
Doing random write test
Initializing worker threads...

Threads started!


File operations:
    reads/s:                      0.00
    writes/s:                     613.57
    fsyncs/s:                     613.57

Throughput:
    read, MiB/s:                  0.00
    written, MiB/s:               19.17

General statistics:
    total time:                          240.0005s
    total number of events:              147258

Latency (ms):
         min:                                    0.52
         avg:                                    1.63
         max:                                   88.14
         95th percentile:                        1.82
         sum:                               239950.12

Threads fairness:
    events (avg/stddev):           147258.0000/0.00
    execution time (avg/stddev):   239.9501/0.00

sysbench 1.0.17 (using bundled LuaJIT 2.1.0-beta2)

Running the test with following options:
Number of threads: 4
Initializing random number generator from current time


Extra file open flags: (none)
64 files, 128MiB each
8GiB total file size
Block size 32KiB
Number of IO requests: 0
Read/Write ratio for combined random IO test: 1.50
Calling fsync() after each write operation.
Using synchronous I/O mode
Doing random write test
Initializing worker threads...

Threads started!


File operations:
    reads/s:                      0.00
    writes/s:                     2318.63
    fsyncs/s:                     2318.63

Throughput:
    read, MiB/s:                  0.00
    written, MiB/s:               72.46

General statistics:
    total time:                          240.0004s
    total number of events:              556475

Latency (ms):
         min:                                    0.52
         avg:                                    1.72
         max:                                  176.79
         95th percentile:                        2.14
         sum:                               959581.40

Threads fairness:
    events (avg/stddev):           139118.7500/39.86
    execution time (avg/stddev):   239.8954/0.00

sysbench 1.0.17 (using bundled LuaJIT 2.1.0-beta2)

Running the test with following options:
Number of threads: 8
Initializing random number generator from current time


Extra file open flags: (none)
64 files, 128MiB each
8GiB total file size
Block size 32KiB
Number of IO requests: 0
Read/Write ratio for combined random IO test: 1.50
Calling fsync() after each write operation.
Using synchronous I/O mode
Doing random write test
Initializing worker threads...

Threads started!


File operations:
    reads/s:                      0.00
    writes/s:                     4436.94
    fsyncs/s:                     4436.94

Throughput:
    read, MiB/s:                  0.00
    written, MiB/s:               138.65

General statistics:
    total time:                          240.0016s
    total number of events:              1064879

Latency (ms):
         min:                                    0.50
         avg:                                    1.80
         max:                                  203.43
         95th percentile:                        2.48
         sum:                              1918293.12

Threads fairness:
    events (avg/stddev):           133109.8750/27.73
    execution time (avg/stddev):   239.7866/0.00

sysbench 1.0.17 (using bundled LuaJIT 2.1.0-beta2)

Running the test with following options:
Number of threads: 16
Initializing random number generator from current time


Extra file open flags: (none)
64 files, 128MiB each
8GiB total file size
Block size 32KiB
Number of IO requests: 0
Read/Write ratio for combined random IO test: 1.50
Calling fsync() after each write operation.
Using synchronous I/O mode
Doing random write test
Initializing worker threads...

Threads started!


File operations:
    reads/s:                      0.00
    writes/s:                     8291.44
    fsyncs/s:                     8291.44

Throughput:
    read, MiB/s:                  0.00
    written, MiB/s:               259.11

General statistics:
    total time:                          240.0018s
    total number of events:              1989972

Latency (ms):
         min:                                    0.51
         avg:                                    1.93
         max:                                  310.93
         95th percentile:                        2.76
         sum:                              3835904.48

Threads fairness:
    events (avg/stddev):           124373.2500/105.02
    execution time (avg/stddev):   239.7440/0.00

sysbench 1.0.17 (using bundled LuaJIT 2.1.0-beta2)

Running the test with following options:
Number of threads: 32
Initializing random number generator from current time


Extra file open flags: (none)
64 files, 128MiB each
8GiB total file size
Block size 32KiB
Number of IO requests: 0
Read/Write ratio for combined random IO test: 1.50
Calling fsync() after each write operation.
Using synchronous I/O mode
Doing random write test
Initializing worker threads...

Threads started!


File operations:
    reads/s:                      0.00
    writes/s:                     12919.80
    fsyncs/s:                     12919.80

Throughput:
    read, MiB/s:                  0.00
    written, MiB/s:               403.74

General statistics:
    total time:                          240.0044s
    total number of events:              3100826

Latency (ms):
         min:                                    0.50
         avg:                                    2.47
         max:                                  162.71
         95th percentile:                        3.55
         sum:                              7672541.82

Threads fairness:
    events (avg/stddev):           96900.8125/114.77
    execution time (avg/stddev):   239.7669/0.00

sysbench 1.0.17 (using bundled LuaJIT 2.1.0-beta2)

Running the test with following options:
Number of threads: 64
Initializing random number generator from current time


Extra file open flags: (none)
64 files, 128MiB each
8GiB total file size
Block size 32KiB
Number of IO requests: 0
Read/Write ratio for combined random IO test: 1.50
Calling fsync() after each write operation.
Using synchronous I/O mode
Doing random write test
Initializing worker threads...

Threads started!


File operations:
    reads/s:                      0.00
    writes/s:                     13113.07
    fsyncs/s:                     13113.07

Throughput:
    read, MiB/s:                  0.00
    written, MiB/s:               409.78

General statistics:
    total time:                          240.0016s
    total number of events:              3147175

Latency (ms):
         min:                                    0.54
         avg:                                    4.88
         max:                                  148.94
         95th percentile:                        6.21
         sum:                             15349080.70

Threads fairness:
    events (avg/stddev):           49174.6094/49.42
    execution time (avg/stddev):   239.8294/0.00

