sysbench 1.0.17 (using bundled LuaJIT 2.1.0-beta2)

Running the test with following options:
Number of threads: 1
Initializing random number generator from current time


Extra file open flags: (none)
64 files, 128MiB each
8GiB total file size
Block size 32KiB
Number of IO requests: 0
Read/Write ratio for combined random IO test: 1.50
Calling fsync() after each write operation.
Using synchronous I/O mode
Doing random read test
Initializing worker threads...

Threads started!


File operations:
    reads/s:                      215337.89
    writes/s:                     0.00
    fsyncs/s:                     0.00

Throughput:
    read, MiB/s:                  6729.31
    written, MiB/s:               0.00

General statistics:
    total time:                          240.0000s
    total number of events:              51681426

Latency (ms):
         min:                                    0.00
         avg:                                    0.00
         max:                                    0.06
         95th percentile:                        0.01
         sum:                               227580.10

Threads fairness:
    events (avg/stddev):           51681426.0000/0.00
    execution time (avg/stddev):   227.5801/0.00

sysbench 1.0.17 (using bundled LuaJIT 2.1.0-beta2)

Running the test with following options:
Number of threads: 4
Initializing random number generator from current time


Extra file open flags: (none)
64 files, 128MiB each
8GiB total file size
Block size 32KiB
Number of IO requests: 0
Read/Write ratio for combined random IO test: 1.50
Calling fsync() after each write operation.
Using synchronous I/O mode
Doing random read test
Initializing worker threads...

Threads started!


File operations:
    reads/s:                      727503.82
    writes/s:                     0.00
    fsyncs/s:                     0.00

Throughput:
    read, MiB/s:                  22734.49
    written, MiB/s:               0.00

General statistics:
    total time:                          240.0000s
    total number of events:              174602115

Latency (ms):
         min:                                    0.00
         avg:                                    0.00
         max:                                    0.10
         95th percentile:                        0.01
         sum:                               865854.80

Threads fairness:
    events (avg/stddev):           43650528.7500/125071.45
    execution time (avg/stddev):   216.4637/0.30

sysbench 1.0.17 (using bundled LuaJIT 2.1.0-beta2)

Running the test with following options:
Number of threads: 8
Initializing random number generator from current time


Extra file open flags: (none)
64 files, 128MiB each
8GiB total file size
Block size 32KiB
Number of IO requests: 0
Read/Write ratio for combined random IO test: 1.50
Calling fsync() after each write operation.
Using synchronous I/O mode
Doing random read test
Initializing worker threads...

Threads started!


File operations:
    reads/s:                      1093824.54
    writes/s:                     0.00
    fsyncs/s:                     0.00

Throughput:
    read, MiB/s:                  34182.02
    written, MiB/s:               0.00

General statistics:
    total time:                          240.0001s
    total number of events:              262519619

Latency (ms):
         min:                                    0.00
         avg:                                    0.01
         max:                                    0.68
         95th percentile:                        0.01
         sum:                              1575618.03

Threads fairness:
    events (avg/stddev):           32814952.3750/759499.49
    execution time (avg/stddev):   196.9523/1.21

sysbench 1.0.17 (using bundled LuaJIT 2.1.0-beta2)

Running the test with following options:
Number of threads: 16
Initializing random number generator from current time


Extra file open flags: (none)
64 files, 128MiB each
8GiB total file size
Block size 32KiB
Number of IO requests: 0
Read/Write ratio for combined random IO test: 1.50
Calling fsync() after each write operation.
Using synchronous I/O mode
Doing random read test
Initializing worker threads...

Threads started!


File operations:
    reads/s:                      1079095.94
    writes/s:                     0.00
    fsyncs/s:                     0.00

Throughput:
    read, MiB/s:                  33721.75
    written, MiB/s:               0.00

General statistics:
    total time:                          240.0000s
    total number of events:              258984804

Latency (ms):
         min:                                    0.00
         avg:                                    0.01
         max:                                    4.16
         95th percentile:                        0.02
         sum:                              2650196.54

Threads fairness:
    events (avg/stddev):           16186550.2500/24538.42
    execution time (avg/stddev):   165.6373/0.13

sysbench 1.0.17 (using bundled LuaJIT 2.1.0-beta2)

Running the test with following options:
Number of threads: 32
Initializing random number generator from current time


Extra file open flags: (none)
64 files, 128MiB each
8GiB total file size
Block size 32KiB
Number of IO requests: 0
Read/Write ratio for combined random IO test: 1.50
Calling fsync() after each write operation.
Using synchronous I/O mode
Doing random read test
Initializing worker threads...

Threads started!


File operations:
    reads/s:                      1069973.66
    writes/s:                     0.00
    fsyncs/s:                     0.00

Throughput:
    read, MiB/s:                  33436.68
    written, MiB/s:               0.00

General statistics:
    total time:                          240.0001s
    total number of events:              256795431

Latency (ms):
         min:                                    0.00
         avg:                                    0.02
         max:                                    4.32
         95th percentile:                        0.07
         sum:                              4610838.41

Threads fairness:
    events (avg/stddev):           8024857.2188/12745.98
    execution time (avg/stddev):   144.0887/0.27

sysbench 1.0.17 (using bundled LuaJIT 2.1.0-beta2)

Running the test with following options:
Number of threads: 64
Initializing random number generator from current time


Extra file open flags: (none)
64 files, 128MiB each
8GiB total file size
Block size 32KiB
Number of IO requests: 0
Read/Write ratio for combined random IO test: 1.50
Calling fsync() after each write operation.
Using synchronous I/O mode
Doing random read test
Initializing worker threads...

Threads started!


File operations:
    reads/s:                      1060787.31
    writes/s:                     0.00
    fsyncs/s:                     0.00

Throughput:
    read, MiB/s:                  33149.60
    written, MiB/s:               0.00

General statistics:
    total time:                          240.0002s
    total number of events:              254590768

Latency (ms):
         min:                                    0.00
         avg:                                    0.03
         max:                                   42.01
         95th percentile:                        0.20
         sum:                              8619421.56

Threads fairness:
    events (avg/stddev):           3977980.7500/18934.78
    execution time (avg/stddev):   134.6785/0.12

