sysbench 1.0.17 (using bundled LuaJIT 2.1.0-beta2)

Running the test with following options:
Number of threads: 1
Initializing random number generator from current time


Extra file open flags: (none)
64 files, 128MiB each
8GiB total file size
Block size 32KiB
Number of IO requests: 0
Read/Write ratio for combined random IO test: 1.50
Calling fsync() after each write operation.
Using synchronous I/O mode
Doing random write test
Initializing worker threads...

Threads started!


File operations:
    reads/s:                      0.00
    writes/s:                     8335.08
    fsyncs/s:                     8335.08

Throughput:
    read, MiB/s:                  0.00
    written, MiB/s:               260.47

General statistics:
    total time:                          240.0000s
    total number of events:              2000433

Latency (ms):
         min:                                    0.05
         avg:                                    0.12
         max:                                    0.92
         95th percentile:                        0.15
         sum:                               239312.79

Threads fairness:
    events (avg/stddev):           2000433.0000/0.00
    execution time (avg/stddev):   239.3128/0.00

sysbench 1.0.17 (using bundled LuaJIT 2.1.0-beta2)

Running the test with following options:
Number of threads: 4
Initializing random number generator from current time


Extra file open flags: (none)
64 files, 128MiB each
8GiB total file size
Block size 32KiB
Number of IO requests: 0
Read/Write ratio for combined random IO test: 1.50
Calling fsync() after each write operation.
Using synchronous I/O mode
Doing random write test
Initializing worker threads...

Threads started!


File operations:
    reads/s:                      0.00
    writes/s:                     14214.92
    fsyncs/s:                     14214.92

Throughput:
    read, MiB/s:                  0.00
    written, MiB/s:               444.22

General statistics:
    total time:                          240.0003s
    total number of events:              3411609

Latency (ms):
         min:                                    0.05
         avg:                                    0.28
         max:                                    1.87
         95th percentile:                        0.57
         sum:                               958484.44

Threads fairness:
    events (avg/stddev):           852902.2500/601.98
    execution time (avg/stddev):   239.6211/0.00

sysbench 1.0.17 (using bundled LuaJIT 2.1.0-beta2)

Running the test with following options:
Number of threads: 8
Initializing random number generator from current time


Extra file open flags: (none)
64 files, 128MiB each
8GiB total file size
Block size 32KiB
Number of IO requests: 0
Read/Write ratio for combined random IO test: 1.50
Calling fsync() after each write operation.
Using synchronous I/O mode
Doing random write test
Initializing worker threads...

Threads started!


File operations:
    reads/s:                      0.00
    writes/s:                     14578.41
    fsyncs/s:                     14578.41

Throughput:
    read, MiB/s:                  0.00
    written, MiB/s:               455.58

General statistics:
    total time:                          240.0010s
    total number of events:              3498857

Latency (ms):
         min:                                    0.05
         avg:                                    0.55
         max:                                    3.05
         95th percentile:                        1.08
         sum:                              1917549.94

Threads fairness:
    events (avg/stddev):           437357.1250/294.17
    execution time (avg/stddev):   239.6937/0.00

sysbench 1.0.17 (using bundled LuaJIT 2.1.0-beta2)

Running the test with following options:
Number of threads: 16
Initializing random number generator from current time


Extra file open flags: (none)
64 files, 128MiB each
8GiB total file size
Block size 32KiB
Number of IO requests: 0
Read/Write ratio for combined random IO test: 1.50
Calling fsync() after each write operation.
Using synchronous I/O mode
Doing random write test
Initializing worker threads...

Threads started!


File operations:
    reads/s:                      0.00
    writes/s:                     14963.46
    fsyncs/s:                     14963.46

Throughput:
    read, MiB/s:                  0.00
    written, MiB/s:               467.61

General statistics:
    total time:                          240.0019s
    total number of events:              3591280

Latency (ms):
         min:                                    0.05
         avg:                                    1.07
         max:                                    6.03
         95th percentile:                        2.03
         sum:                              3836516.69

Threads fairness:
    events (avg/stddev):           224455.0000/311.04
    execution time (avg/stddev):   239.7823/0.00

sysbench 1.0.17 (using bundled LuaJIT 2.1.0-beta2)

Running the test with following options:
Number of threads: 32
Initializing random number generator from current time


Extra file open flags: (none)
64 files, 128MiB each
8GiB total file size
Block size 32KiB
Number of IO requests: 0
Read/Write ratio for combined random IO test: 1.50
Calling fsync() after each write operation.
Using synchronous I/O mode
Doing random write test
Initializing worker threads...

Threads started!


File operations:
    reads/s:                      0.00
    writes/s:                     15344.51
    fsyncs/s:                     15344.51

Throughput:
    read, MiB/s:                  0.00
    written, MiB/s:               479.52

General statistics:
    total time:                          240.0029s
    total number of events:              3682749

Latency (ms):
         min:                                    0.05
         avg:                                    2.08
         max:                                   13.49
         95th percentile:                        3.75
         sum:                              7674303.05

Threads fairness:
    events (avg/stddev):           115085.9062/181.90
    execution time (avg/stddev):   239.8220/0.00

sysbench 1.0.17 (using bundled LuaJIT 2.1.0-beta2)

Running the test with following options:
Number of threads: 64
Initializing random number generator from current time


Extra file open flags: (none)
64 files, 128MiB each
8GiB total file size
Block size 32KiB
Number of IO requests: 0
Read/Write ratio for combined random IO test: 1.50
Calling fsync() after each write operation.
Using synchronous I/O mode
Doing random write test
Initializing worker threads...

Threads started!


File operations:
    reads/s:                      0.00
    writes/s:                     15637.67
    fsyncs/s:                     15637.67

Throughput:
    read, MiB/s:                  0.00
    written, MiB/s:               488.68

General statistics:
    total time:                          240.0029s
    total number of events:              3753109

Latency (ms):
         min:                                    0.06
         avg:                                    4.09
         max:                                   22.22
         95th percentile:                        7.04
         sum:                             15349569.73

Threads fairness:
    events (avg/stddev):           58642.3281/88.86
    execution time (avg/stddev):   239.8370/0.00

