sysbench 1.0.17 (using bundled LuaJIT 2.1.0-beta2)

Running the test with following options:
Number of threads: 1
Initializing random number generator from current time


Extra file open flags: (none)
64 files, 128MiB each
8GiB total file size
Block size 32KiB
Number of IO requests: 0
Read/Write ratio for combined random IO test: 1.50
Calling fsync() after each write operation.
Using synchronous I/O mode
Doing random read test
Initializing worker threads...

Threads started!


File operations:
    reads/s:                      162995.91
    writes/s:                     0.00
    fsyncs/s:                     0.00

Throughput:
    read, MiB/s:                  5093.62
    written, MiB/s:               0.00

General statistics:
    total time:                          240.0001s
    total number of events:              39119314

Latency (ms):
         min:                                    0.00
         avg:                                    0.01
         max:                                    9.65
         95th percentile:                        0.01
         sum:                               230904.88

Threads fairness:
    events (avg/stddev):           39119314.0000/0.00
    execution time (avg/stddev):   230.9049/0.00

sysbench 1.0.17 (using bundled LuaJIT 2.1.0-beta2)

Running the test with following options:
Number of threads: 4
Initializing random number generator from current time


Extra file open flags: (none)
64 files, 128MiB each
8GiB total file size
Block size 32KiB
Number of IO requests: 0
Read/Write ratio for combined random IO test: 1.50
Calling fsync() after each write operation.
Using synchronous I/O mode
Doing random read test
Initializing worker threads...

Threads started!


File operations:
    reads/s:                      579355.64
    writes/s:                     0.00
    fsyncs/s:                     0.00

Throughput:
    read, MiB/s:                  18104.86
    written, MiB/s:               0.00

General statistics:
    total time:                          240.0001s
    total number of events:              139046444

Latency (ms):
         min:                                    0.00
         avg:                                    0.01
         max:                                   14.25
         95th percentile:                        0.01
         sum:                               854382.93

Threads fairness:
    events (avg/stddev):           34761611.0000/1803358.34
    execution time (avg/stddev):   213.5957/1.03

sysbench 1.0.17 (using bundled LuaJIT 2.1.0-beta2)

Running the test with following options:
Number of threads: 8
Initializing random number generator from current time


Extra file open flags: (none)
64 files, 128MiB each
8GiB total file size
Block size 32KiB
Number of IO requests: 0
Read/Write ratio for combined random IO test: 1.50
Calling fsync() after each write operation.
Using synchronous I/O mode
Doing random read test
Initializing worker threads...

Threads started!


File operations:
    reads/s:                      863617.39
    writes/s:                     0.00
    fsyncs/s:                     0.00

Throughput:
    read, MiB/s:                  26988.04
    written, MiB/s:               0.00

General statistics:
    total time:                          240.0002s
    total number of events:              207269812

Latency (ms):
         min:                                    0.00
         avg:                                    0.01
         max:                                   19.52
         95th percentile:                        0.01
         sum:                              1579220.37

Threads fairness:
    events (avg/stddev):           25908726.5000/1530750.39
    execution time (avg/stddev):   197.4025/3.31

sysbench 1.0.17 (using bundled LuaJIT 2.1.0-beta2)

Running the test with following options:
Number of threads: 16
Initializing random number generator from current time


Extra file open flags: (none)
64 files, 128MiB each
8GiB total file size
Block size 32KiB
Number of IO requests: 0
Read/Write ratio for combined random IO test: 1.50
Calling fsync() after each write operation.
Using synchronous I/O mode
Doing random read test
Initializing worker threads...

Threads started!


File operations:
    reads/s:                      845088.23
    writes/s:                     0.00
    fsyncs/s:                     0.00

Throughput:
    read, MiB/s:                  26409.01
    written, MiB/s:               0.00

General statistics:
    total time:                          240.0002s
    total number of events:              202822918

Latency (ms):
         min:                                    0.00
         avg:                                    0.01
         max:                                   19.90
         95th percentile:                        0.03
         sum:                              2586231.80

Threads fairness:
    events (avg/stddev):           12676432.3750/116011.48
    execution time (avg/stddev):   161.6395/0.53

sysbench 1.0.17 (using bundled LuaJIT 2.1.0-beta2)

Running the test with following options:
Number of threads: 32
Initializing random number generator from current time


Extra file open flags: (none)
64 files, 128MiB each
8GiB total file size
Block size 32KiB
Number of IO requests: 0
Read/Write ratio for combined random IO test: 1.50
Calling fsync() after each write operation.
Using synchronous I/O mode
Doing random read test
Initializing worker threads...

Threads started!


File operations:
    reads/s:                      846322.93
    writes/s:                     0.00
    fsyncs/s:                     0.00

Throughput:
    read, MiB/s:                  26447.59
    written, MiB/s:               0.00

General statistics:
    total time:                          240.0003s
    total number of events:              203119136

Latency (ms):
         min:                                    0.00
         avg:                                    0.02
         max:                                   24.53
         95th percentile:                        0.09
         sum:                              4620027.07

Threads fairness:
    events (avg/stddev):           6347473.0000/21817.17
    execution time (avg/stddev):   144.3758/0.36

sysbench 1.0.17 (using bundled LuaJIT 2.1.0-beta2)

Running the test with following options:
Number of threads: 64
Initializing random number generator from current time


Extra file open flags: (none)
64 files, 128MiB each
8GiB total file size
Block size 32KiB
Number of IO requests: 0
Read/Write ratio for combined random IO test: 1.50
Calling fsync() after each write operation.
Using synchronous I/O mode
Doing random read test
Initializing worker threads...

Threads started!


File operations:
    reads/s:                      867221.93
    writes/s:                     0.00
    fsyncs/s:                     0.00

Throughput:
    read, MiB/s:                  27100.69
    written, MiB/s:               0.00

General statistics:
    total time:                          240.0006s
    total number of events:              208135041

Latency (ms):
         min:                                    0.00
         avg:                                    0.04
         max:                                   60.48
         95th percentile:                        0.23
         sum:                              8725185.25

Threads fairness:
    events (avg/stddev):           3252110.0156/13602.52
    execution time (avg/stddev):   136.3310/0.29

