sysbench 1.0.17 (using bundled LuaJIT 2.1.0-beta2)

Running the test with following options:
Number of threads: 1
Initializing random number generator from current time


Extra file open flags: (none)
64 files, 128MiB each
8GiB total file size
Block size 32KiB
Number of IO requests: 0
Read/Write ratio for combined random IO test: 1.50
Calling fsync() after each write operation.
Using synchronous I/O mode
Doing random read test
Initializing worker threads...

Threads started!


File operations:
    reads/s:                      165676.89
    writes/s:                     0.00
    fsyncs/s:                     0.00

Throughput:
    read, MiB/s:                  5177.40
    written, MiB/s:               0.00

General statistics:
    total time:                          240.0001s
    total number of events:              39762820

Latency (ms):
         min:                                    0.00
         avg:                                    0.01
         max:                                    0.41
         95th percentile:                        0.01
         sum:                               227631.29

Threads fairness:
    events (avg/stddev):           39762820.0000/0.00
    execution time (avg/stddev):   227.6313/0.00

sysbench 1.0.17 (using bundled LuaJIT 2.1.0-beta2)

Running the test with following options:
Number of threads: 4
Initializing random number generator from current time


Extra file open flags: (none)
64 files, 128MiB each
8GiB total file size
Block size 32KiB
Number of IO requests: 0
Read/Write ratio for combined random IO test: 1.50
Calling fsync() after each write operation.
Using synchronous I/O mode
Doing random read test
Initializing worker threads...

Threads started!


File operations:
    reads/s:                      406735.27
    writes/s:                     0.00
    fsyncs/s:                     0.00

Throughput:
    read, MiB/s:                  12710.48
    written, MiB/s:               0.00

General statistics:
    total time:                          240.0001s
    total number of events:              97617440

Latency (ms):
         min:                                    0.00
         avg:                                    0.01
         max:                                   18.62
         95th percentile:                        0.02
         sum:                               897097.47

Threads fairness:
    events (avg/stddev):           24404360.0000/65358.97
    execution time (avg/stddev):   224.2744/0.34

sysbench 1.0.17 (using bundled LuaJIT 2.1.0-beta2)

Running the test with following options:
Number of threads: 8
Initializing random number generator from current time


Extra file open flags: (none)
64 files, 128MiB each
8GiB total file size
Block size 32KiB
Number of IO requests: 0
Read/Write ratio for combined random IO test: 1.50
Calling fsync() after each write operation.
Using synchronous I/O mode
Doing random read test
Initializing worker threads...

Threads started!


File operations:
    reads/s:                      410582.49
    writes/s:                     0.00
    fsyncs/s:                     0.00

Throughput:
    read, MiB/s:                  12830.70
    written, MiB/s:               0.00

General statistics:
    total time:                          240.0002s
    total number of events:              98540659

Latency (ms):
         min:                                    0.00
         avg:                                    0.02
         max:                                   36.05
         95th percentile:                        0.02
         sum:                              1664058.93

Threads fairness:
    events (avg/stddev):           12317582.3750/78480.59
    execution time (avg/stddev):   208.0074/0.92

sysbench 1.0.17 (using bundled LuaJIT 2.1.0-beta2)

Running the test with following options:
Number of threads: 16
Initializing random number generator from current time


Extra file open flags: (none)
64 files, 128MiB each
8GiB total file size
Block size 32KiB
Number of IO requests: 0
Read/Write ratio for combined random IO test: 1.50
Calling fsync() after each write operation.
Using synchronous I/O mode
Doing random read test
Initializing worker threads...

Threads started!


File operations:
    reads/s:                      409602.04
    writes/s:                     0.00
    fsyncs/s:                     0.00

Throughput:
    read, MiB/s:                  12800.06
    written, MiB/s:               0.00

General statistics:
    total time:                          240.0005s
    total number of events:              98305470

Latency (ms):
         min:                                    0.00
         avg:                                    0.03
         max:                                   72.75
         95th percentile:                        0.02
         sum:                              3250543.10

Threads fairness:
    events (avg/stddev):           6144091.8750/17434.99
    execution time (avg/stddev):   203.1589/0.95

sysbench 1.0.17 (using bundled LuaJIT 2.1.0-beta2)

Running the test with following options:
Number of threads: 32
Initializing random number generator from current time


Extra file open flags: (none)
64 files, 128MiB each
8GiB total file size
Block size 32KiB
Number of IO requests: 0
Read/Write ratio for combined random IO test: 1.50
Calling fsync() after each write operation.
Using synchronous I/O mode
Doing random read test
Initializing worker threads...

Threads started!


File operations:
    reads/s:                      412495.11
    writes/s:                     0.00
    fsyncs/s:                     0.00

Throughput:
    read, MiB/s:                  12890.47
    written, MiB/s:               0.00

General statistics:
    total time:                          240.0007s
    total number of events:              98999914

Latency (ms):
         min:                                    0.00
         avg:                                    0.07
         max:                                  114.52
         95th percentile:                        0.02
         sum:                              6791782.36

Threads fairness:
    events (avg/stddev):           3093747.3125/12286.20
    execution time (avg/stddev):   212.2432/0.94

sysbench 1.0.17 (using bundled LuaJIT 2.1.0-beta2)

Running the test with following options:
Number of threads: 64
Initializing random number generator from current time


Extra file open flags: (none)
64 files, 128MiB each
8GiB total file size
Block size 32KiB
Number of IO requests: 0
Read/Write ratio for combined random IO test: 1.50
Calling fsync() after each write operation.
Using synchronous I/O mode
Doing random read test
Initializing worker threads...

Threads started!


File operations:
    reads/s:                      415227.89
    writes/s:                     0.00
    fsyncs/s:                     0.00

Throughput:
    read, MiB/s:                  12975.87
    written, MiB/s:               0.00

General statistics:
    total time:                          240.0016s
    total number of events:              99656135

Latency (ms):
         min:                                    0.00
         avg:                                    0.14
         max:                                  227.03
         95th percentile:                        0.01
         sum:                             13500232.87

Threads fairness:
    events (avg/stddev):           1557127.1094/6422.54
    execution time (avg/stddev):   210.9411/1.17

