sysbench 1.0.17 (using bundled LuaJIT 2.1.0-beta2)

Running the test with following options:
Number of threads: 1
Initializing random number generator from current time


Extra file open flags: (none)
64 files, 128MiB each
8GiB total file size
Block size 32KiB
Number of IO requests: 0
Read/Write ratio for combined random IO test: 1.50
Calling fsync() after each write operation.
Using synchronous I/O mode
Doing random write test
Initializing worker threads...

Threads started!


File operations:
    reads/s:                      0.00
    writes/s:                     1589.87
    fsyncs/s:                     1589.87

Throughput:
    read, MiB/s:                  0.00
    written, MiB/s:               49.68

General statistics:
    total time:                          240.0002s
    total number of events:              381573

Latency (ms):
         min:                                    0.13
         avg:                                    0.63
         max:                                   66.38
         95th percentile:                        1.76
         sum:                               239567.77

Threads fairness:
    events (avg/stddev):           381573.0000/0.00
    execution time (avg/stddev):   239.5678/0.00

sysbench 1.0.17 (using bundled LuaJIT 2.1.0-beta2)

Running the test with following options:
Number of threads: 4
Initializing random number generator from current time


Extra file open flags: (none)
64 files, 128MiB each
8GiB total file size
Block size 32KiB
Number of IO requests: 0
Read/Write ratio for combined random IO test: 1.50
Calling fsync() after each write operation.
Using synchronous I/O mode
Doing random write test
Initializing worker threads...

Threads started!


File operations:
    reads/s:                      0.00
    writes/s:                     3206.75
    fsyncs/s:                     3206.75

Throughput:
    read, MiB/s:                  0.00
    written, MiB/s:               100.21

General statistics:
    total time:                          240.0006s
    total number of events:              769628

Latency (ms):
         min:                                    0.12
         avg:                                    1.25
         max:                                  130.25
         95th percentile:                        3.19
         sum:                               958880.91

Threads fairness:
    events (avg/stddev):           192407.0000/107.86
    execution time (avg/stddev):   239.7202/0.00

sysbench 1.0.17 (using bundled LuaJIT 2.1.0-beta2)

Running the test with following options:
Number of threads: 8
Initializing random number generator from current time


Extra file open flags: (none)
64 files, 128MiB each
8GiB total file size
Block size 32KiB
Number of IO requests: 0
Read/Write ratio for combined random IO test: 1.50
Calling fsync() after each write operation.
Using synchronous I/O mode
Doing random write test
Initializing worker threads...

Threads started!


File operations:
    reads/s:                      0.00
    writes/s:                     4008.02
    fsyncs/s:                     4008.02

Throughput:
    read, MiB/s:                  0.00
    written, MiB/s:               125.25

General statistics:
    total time:                          240.0005s
    total number of events:              961934

Latency (ms):
         min:                                    0.13
         avg:                                    1.99
         max:                                   18.92
         95th percentile:                        3.68
         sum:                              1918588.89

Threads fairness:
    events (avg/stddev):           120241.7500/96.06
    execution time (avg/stddev):   239.8236/0.00

sysbench 1.0.17 (using bundled LuaJIT 2.1.0-beta2)

Running the test with following options:
Number of threads: 16
Initializing random number generator from current time


Extra file open flags: (none)
64 files, 128MiB each
8GiB total file size
Block size 32KiB
Number of IO requests: 0
Read/Write ratio for combined random IO test: 1.50
Calling fsync() after each write operation.
Using synchronous I/O mode
Doing random write test
Initializing worker threads...

Threads started!


File operations:
    reads/s:                      0.00
    writes/s:                     5255.69
    fsyncs/s:                     5255.69

Throughput:
    read, MiB/s:                  0.00
    written, MiB/s:               164.24

General statistics:
    total time:                          240.0019s
    total number of events:              1261386

Latency (ms):
         min:                                    0.14
         avg:                                    3.04
         max:                                   43.77
         95th percentile:                        5.37
         sum:                              3838170.92

Threads fairness:
    events (avg/stddev):           78836.6250/70.63
    execution time (avg/stddev):   239.8857/0.00

sysbench 1.0.17 (using bundled LuaJIT 2.1.0-beta2)

Running the test with following options:
Number of threads: 32
Initializing random number generator from current time


Extra file open flags: (none)
64 files, 128MiB each
8GiB total file size
Block size 32KiB
Number of IO requests: 0
Read/Write ratio for combined random IO test: 1.50
Calling fsync() after each write operation.
Using synchronous I/O mode
Doing random write test
Initializing worker threads...

Threads started!


File operations:
    reads/s:                      0.00
    writes/s:                     7269.25
    fsyncs/s:                     7269.25

Throughput:
    read, MiB/s:                  0.00
    written, MiB/s:               227.16

General statistics:
    total time:                          240.0027s
    total number of events:              1744654

Latency (ms):
         min:                                    0.14
         avg:                                    4.40
         max:                                  134.65
         95th percentile:                        7.56
         sum:                              7677486.08

Threads fairness:
    events (avg/stddev):           54520.4375/57.84
    execution time (avg/stddev):   239.9214/0.00

sysbench 1.0.17 (using bundled LuaJIT 2.1.0-beta2)

Running the test with following options:
Number of threads: 64
Initializing random number generator from current time


Extra file open flags: (none)
64 files, 128MiB each
8GiB total file size
Block size 32KiB
Number of IO requests: 0
Read/Write ratio for combined random IO test: 1.50
Calling fsync() after each write operation.
Using synchronous I/O mode
Doing random write test
Initializing worker threads...

Threads started!


File operations:
    reads/s:                      0.00
    writes/s:                     9818.36
    fsyncs/s:                     9818.36

Throughput:
    read, MiB/s:                  0.00
    written, MiB/s:               306.82

General statistics:
    total time:                          240.0050s
    total number of events:              2356473

Latency (ms):
         min:                                    0.15
         avg:                                    6.52
         max:                                  110.31
         95th percentile:                       12.52
         sum:                             15357090.63

Threads fairness:
    events (avg/stddev):           36819.8906/73.67
    execution time (avg/stddev):   239.9545/0.00

