sysbench 1.0.17 (using bundled LuaJIT 2.1.0-beta2)

Running the test with following options:
Number of threads: 1
Initializing random number generator from current time


Extra file open flags: (none)
64 files, 128MiB each
8GiB total file size
Block size 32KiB
Number of IO requests: 0
Read/Write ratio for combined random IO test: 1.50
Calling fsync() after each write operation.
Using synchronous I/O mode
Doing random read test
Initializing worker threads...

Threads started!


File operations:
    reads/s:                      165647.36
    writes/s:                     0.00
    fsyncs/s:                     0.00

Throughput:
    read, MiB/s:                  5176.48
    written, MiB/s:               0.00

General statistics:
    total time:                          240.0001s
    total number of events:              39755727

Latency (ms):
         min:                                    0.00
         avg:                                    0.01
         max:                                    0.13
         95th percentile:                        0.01
         sum:                               207153.34

Threads fairness:
    events (avg/stddev):           39755727.0000/0.00
    execution time (avg/stddev):   207.1533/0.00

sysbench 1.0.17 (using bundled LuaJIT 2.1.0-beta2)

Running the test with following options:
Number of threads: 4
Initializing random number generator from current time


Extra file open flags: (none)
64 files, 128MiB each
8GiB total file size
Block size 32KiB
Number of IO requests: 0
Read/Write ratio for combined random IO test: 1.50
Calling fsync() after each write operation.
Using synchronous I/O mode
Doing random read test
Initializing worker threads...

Threads started!


File operations:
    reads/s:                      576482.45
    writes/s:                     0.00
    fsyncs/s:                     0.00

Throughput:
    read, MiB/s:                  18015.08
    written, MiB/s:               0.00

General statistics:
    total time:                          240.0001s
    total number of events:              138357044

Latency (ms):
         min:                                    0.00
         avg:                                    0.01
         max:                                    0.18
         95th percentile:                        0.01
         sum:                               802330.58

Threads fairness:
    events (avg/stddev):           34589261.0000/48279.39
    execution time (avg/stddev):   200.5826/0.23

sysbench 1.0.17 (using bundled LuaJIT 2.1.0-beta2)

Running the test with following options:
Number of threads: 8
Initializing random number generator from current time


Extra file open flags: (none)
64 files, 128MiB each
8GiB total file size
Block size 32KiB
Number of IO requests: 0
Read/Write ratio for combined random IO test: 1.50
Calling fsync() after each write operation.
Using synchronous I/O mode
Doing random read test
Initializing worker threads...

Threads started!


File operations:
    reads/s:                      952658.62
    writes/s:                     0.00
    fsyncs/s:                     0.00

Throughput:
    read, MiB/s:                  29770.58
    written, MiB/s:               0.00

General statistics:
    total time:                          240.0001s
    total number of events:              228640112

Latency (ms):
         min:                                    0.00
         avg:                                    0.01
         max:                                    0.34
         95th percentile:                        0.01
         sum:                              1540878.90

Threads fairness:
    events (avg/stddev):           28580014.0000/257716.84
    execution time (avg/stddev):   192.6099/0.39

sysbench 1.0.17 (using bundled LuaJIT 2.1.0-beta2)

Running the test with following options:
Number of threads: 16
Initializing random number generator from current time


Extra file open flags: (none)
64 files, 128MiB each
8GiB total file size
Block size 32KiB
Number of IO requests: 0
Read/Write ratio for combined random IO test: 1.50
Calling fsync() after each write operation.
Using synchronous I/O mode
Doing random read test
Initializing worker threads...

Threads started!


File operations:
    reads/s:                      1001091.57
    writes/s:                     0.00
    fsyncs/s:                     0.00

Throughput:
    read, MiB/s:                  31284.11
    written, MiB/s:               0.00

General statistics:
    total time:                          240.0001s
    total number of events:              240264205

Latency (ms):
         min:                                    0.00
         avg:                                    0.01
         max:                                    4.09
         95th percentile:                        0.03
         sum:                              2836808.08

Threads fairness:
    events (avg/stddev):           15016512.8125/44261.88
    execution time (avg/stddev):   177.3005/0.32

sysbench 1.0.17 (using bundled LuaJIT 2.1.0-beta2)

Running the test with following options:
Number of threads: 32
Initializing random number generator from current time


Extra file open flags: (none)
64 files, 128MiB each
8GiB total file size
Block size 32KiB
Number of IO requests: 0
Read/Write ratio for combined random IO test: 1.50
Calling fsync() after each write operation.
Using synchronous I/O mode
Doing random read test
Initializing worker threads...

Threads started!


File operations:
    reads/s:                      918092.40
    writes/s:                     0.00
    fsyncs/s:                     0.00

Throughput:
    read, MiB/s:                  28690.39
    written, MiB/s:               0.00

General statistics:
    total time:                          240.0002s
    total number of events:              220344348

Latency (ms):
         min:                                    0.00
         avg:                                    0.02
         max:                                    8.44
         95th percentile:                        0.05
         sum:                              4711904.03

Threads fairness:
    events (avg/stddev):           6885760.8750/15243.44
    execution time (avg/stddev):   147.2470/0.27

sysbench 1.0.17 (using bundled LuaJIT 2.1.0-beta2)

Running the test with following options:
Number of threads: 64
Initializing random number generator from current time


Extra file open flags: (none)
64 files, 128MiB each
8GiB total file size
Block size 32KiB
Number of IO requests: 0
Read/Write ratio for combined random IO test: 1.50
Calling fsync() after each write operation.
Using synchronous I/O mode
Doing random read test
Initializing worker threads...

Threads started!


File operations:
    reads/s:                      907820.84
    writes/s:                     0.00
    fsyncs/s:                     0.00

Throughput:
    read, MiB/s:                  28369.40
    written, MiB/s:               0.00

General statistics:
    total time:                          240.0003s
    total number of events:              217879016

Latency (ms):
         min:                                    0.00
         avg:                                    0.04
         max:                                   37.16
         95th percentile:                        0.10
         sum:                              8685394.65

Threads fairness:
    events (avg/stddev):           3404359.6250/13194.61
    execution time (avg/stddev):   135.7093/0.27

