sysbench 1.0.17 (using bundled LuaJIT 2.1.0-beta2)

Running the test with following options:
Number of threads: 1
Initializing random number generator from current time


Extra file open flags: (none)
64 files, 128MiB each
8GiB total file size
Block size 32KiB
Number of IO requests: 0
Read/Write ratio for combined random IO test: 1.50
Calling fsync() after each write operation.
Using synchronous I/O mode
Doing random write test
Initializing worker threads...

Threads started!


File operations:
    reads/s:                      0.00
    writes/s:                     4934.92
    fsyncs/s:                     4934.92

Throughput:
    read, MiB/s:                  0.00
    written, MiB/s:               154.22

General statistics:
    total time:                          240.0001s
    total number of events:              1184391

Latency (ms):
         min:                                    0.08
         avg:                                    0.20
         max:                                    7.68
         95th percentile:                        0.23
         sum:                               238597.21

Threads fairness:
    events (avg/stddev):           1184391.0000/0.00
    execution time (avg/stddev):   238.5972/0.00

sysbench 1.0.17 (using bundled LuaJIT 2.1.0-beta2)

Running the test with following options:
Number of threads: 4
Initializing random number generator from current time


Extra file open flags: (none)
64 files, 128MiB each
8GiB total file size
Block size 32KiB
Number of IO requests: 0
Read/Write ratio for combined random IO test: 1.50
Calling fsync() after each write operation.
Using synchronous I/O mode
Doing random write test
Initializing worker threads...

Threads started!


File operations:
    reads/s:                      0.00
    writes/s:                     21756.45
    fsyncs/s:                     21756.45

Throughput:
    read, MiB/s:                  0.00
    written, MiB/s:               679.89

General statistics:
    total time:                          240.0001s
    total number of events:              5221595

Latency (ms):
         min:                                    0.07
         avg:                                    0.18
         max:                                    3.91
         95th percentile:                        0.29
         sum:                               952516.09

Threads fairness:
    events (avg/stddev):           1305398.7500/605.32
    execution time (avg/stddev):   238.1290/0.01

sysbench 1.0.17 (using bundled LuaJIT 2.1.0-beta2)

Running the test with following options:
Number of threads: 8
Initializing random number generator from current time


Extra file open flags: (none)
64 files, 128MiB each
8GiB total file size
Block size 32KiB
Number of IO requests: 0
Read/Write ratio for combined random IO test: 1.50
Calling fsync() after each write operation.
Using synchronous I/O mode
Doing random write test
Initializing worker threads...

Threads started!


File operations:
    reads/s:                      0.00
    writes/s:                     41553.83
    fsyncs/s:                     41553.83

Throughput:
    read, MiB/s:                  0.00
    written, MiB/s:               1298.56

General statistics:
    total time:                          240.0002s
    total number of events:              9973018

Latency (ms):
         min:                                    0.07
         avg:                                    0.19
         max:                                    4.38
         95th percentile:                        0.37
         sum:                              1903833.25

Threads fairness:
    events (avg/stddev):           1246627.2500/349.50
    execution time (avg/stddev):   237.9792/0.02

sysbench 1.0.17 (using bundled LuaJIT 2.1.0-beta2)

Running the test with following options:
Number of threads: 16
Initializing random number generator from current time


Extra file open flags: (none)
64 files, 128MiB each
8GiB total file size
Block size 32KiB
Number of IO requests: 0
Read/Write ratio for combined random IO test: 1.50
Calling fsync() after each write operation.
Using synchronous I/O mode
Doing random write test
Initializing worker threads...

Threads started!


File operations:
    reads/s:                      0.00
    writes/s:                     47467.31
    fsyncs/s:                     47467.31

Throughput:
    read, MiB/s:                  0.00
    written, MiB/s:               1483.35

General statistics:
    total time:                          240.0003s
    total number of events:              11392259

Latency (ms):
         min:                                    0.07
         avg:                                    0.33
         max:                                  264.36
         95th percentile:                        0.55
         sum:                              3815445.28

Threads fairness:
    events (avg/stddev):           712016.1875/351.84
    execution time (avg/stddev):   238.4653/0.01

sysbench 1.0.17 (using bundled LuaJIT 2.1.0-beta2)

Running the test with following options:
Number of threads: 32
Initializing random number generator from current time


Extra file open flags: (none)
64 files, 128MiB each
8GiB total file size
Block size 32KiB
Number of IO requests: 0
Read/Write ratio for combined random IO test: 1.50
Calling fsync() after each write operation.
Using synchronous I/O mode
Doing random write test
Initializing worker threads...

Threads started!


File operations:
    reads/s:                      0.00
    writes/s:                     47957.17
    fsyncs/s:                     47957.17

Throughput:
    read, MiB/s:                  0.00
    written, MiB/s:               1498.66

General statistics:
    total time:                          240.1467s
    total number of events:              11516850

Latency (ms):
         min:                                    0.07
         avg:                                    0.66
         max:                                  352.72
         95th percentile:                        0.97
         sum:                              7656070.80

Threads fairness:
    events (avg/stddev):           359901.5625/367.70
    execution time (avg/stddev):   239.2522/0.01

sysbench 1.0.17 (using bundled LuaJIT 2.1.0-beta2)

Running the test with following options:
Number of threads: 64
Initializing random number generator from current time


Extra file open flags: (none)
64 files, 128MiB each
8GiB total file size
Block size 32KiB
Number of IO requests: 0
Read/Write ratio for combined random IO test: 1.50
Calling fsync() after each write operation.
Using synchronous I/O mode
Doing random write test
Initializing worker threads...

Threads started!


File operations:
    reads/s:                      0.00
    writes/s:                     48236.68
    fsyncs/s:                     48236.68

Throughput:
    read, MiB/s:                  0.00
    written, MiB/s:               1507.40

General statistics:
    total time:                          240.1154s
    total number of events:              11582464

Latency (ms):
         min:                                    0.07
         avg:                                    1.32
         max:                                  354.86
         95th percentile:                        2.00
         sum:                             15334490.40

Threads fairness:
    events (avg/stddev):           180976.0000/232.82
    execution time (avg/stddev):   239.6014/0.01

