sysbench 1.0.17 (using bundled LuaJIT 2.1.0-beta2)

Running the test with following options:
Number of threads: 1
Initializing random number generator from current time


Extra file open flags: (none)
64 files, 128MiB each
8GiB total file size
Block size 32KiB
Number of IO requests: 0
Read/Write ratio for combined random IO test: 1.50
Calling fsync() after each write operation.
Using synchronous I/O mode
Doing random read test
Initializing worker threads...

Threads started!


File operations:
    reads/s:                      149521.77
    writes/s:                     0.00
    fsyncs/s:                     0.00

Throughput:
    read, MiB/s:                  4672.56
    written, MiB/s:               0.00

General statistics:
    total time:                          240.0002s
    total number of events:              35885548

Latency (ms):
         min:                                    0.00
         avg:                                    0.01
         max:                                   12.25
         95th percentile:                        0.01
         sum:                               227777.75

Threads fairness:
    events (avg/stddev):           35885548.0000/0.00
    execution time (avg/stddev):   227.7778/0.00

sysbench 1.0.17 (using bundled LuaJIT 2.1.0-beta2)

Running the test with following options:
Number of threads: 4
Initializing random number generator from current time


Extra file open flags: (none)
64 files, 128MiB each
8GiB total file size
Block size 32KiB
Number of IO requests: 0
Read/Write ratio for combined random IO test: 1.50
Calling fsync() after each write operation.
Using synchronous I/O mode
Doing random read test
Initializing worker threads...

Threads started!


File operations:
    reads/s:                      509672.97
    writes/s:                     0.00
    fsyncs/s:                     0.00

Throughput:
    read, MiB/s:                  15927.28
    written, MiB/s:               0.00

General statistics:
    total time:                          240.0009s
    total number of events:              122322985

Latency (ms):
         min:                                    0.00
         avg:                                    0.01
         max:                                   14.40
         95th percentile:                        0.01
         sum:                               894738.58

Threads fairness:
    events (avg/stddev):           30580746.2500/58641.03
    execution time (avg/stddev):   223.6846/0.15

sysbench 1.0.17 (using bundled LuaJIT 2.1.0-beta2)

Running the test with following options:
Number of threads: 8
Initializing random number generator from current time


Extra file open flags: (none)
64 files, 128MiB each
8GiB total file size
Block size 32KiB
Number of IO requests: 0
Read/Write ratio for combined random IO test: 1.50
Calling fsync() after each write operation.
Using synchronous I/O mode
Doing random read test
Initializing worker threads...

Threads started!


File operations:
    reads/s:                      826639.57
    writes/s:                     0.00
    fsyncs/s:                     0.00

Throughput:
    read, MiB/s:                  25832.49
    written, MiB/s:               0.00

General statistics:
    total time:                          240.0002s
    total number of events:              198395449

Latency (ms):
         min:                                    0.00
         avg:                                    0.01
         max:                                   15.14
         95th percentile:                        0.01
         sum:                              1772212.52

Threads fairness:
    events (avg/stddev):           24799431.1250/63098.44
    execution time (avg/stddev):   221.5266/0.28

sysbench 1.0.17 (using bundled LuaJIT 2.1.0-beta2)

Running the test with following options:
Number of threads: 16
Initializing random number generator from current time


Extra file open flags: (none)
64 files, 128MiB each
8GiB total file size
Block size 32KiB
Number of IO requests: 0
Read/Write ratio for combined random IO test: 1.50
Calling fsync() after each write operation.
Using synchronous I/O mode
Doing random read test
Initializing worker threads...

Threads started!


File operations:
    reads/s:                      982682.75
    writes/s:                     0.00
    fsyncs/s:                     0.00

Throughput:
    read, MiB/s:                  30708.84
    written, MiB/s:               0.00

General statistics:
    total time:                          240.0002s
    total number of events:              235846272

Latency (ms):
         min:                                    0.00
         avg:                                    0.01
         max:                                   15.48
         95th percentile:                        0.02
         sum:                              3455098.29

Threads fairness:
    events (avg/stddev):           14740392.0000/26996.74
    execution time (avg/stddev):   215.9436/0.14

sysbench 1.0.17 (using bundled LuaJIT 2.1.0-beta2)

Running the test with following options:
Number of threads: 32
Initializing random number generator from current time


Extra file open flags: (none)
64 files, 128MiB each
8GiB total file size
Block size 32KiB
Number of IO requests: 0
Read/Write ratio for combined random IO test: 1.50
Calling fsync() after each write operation.
Using synchronous I/O mode
Doing random read test
Initializing worker threads...

Threads started!


File operations:
    reads/s:                      972229.73
    writes/s:                     0.00
    fsyncs/s:                     0.00

Throughput:
    read, MiB/s:                  30382.18
    written, MiB/s:               0.00

General statistics:
    total time:                          240.0002s
    total number of events:              233337511

Latency (ms):
         min:                                    0.00
         avg:                                    0.02
         max:                                   29.71
         95th percentile:                        0.02
         sum:                              5492803.36

Threads fairness:
    events (avg/stddev):           7291797.2188/22368.84
    execution time (avg/stddev):   171.6501/0.24

sysbench 1.0.17 (using bundled LuaJIT 2.1.0-beta2)

Running the test with following options:
Number of threads: 64
Initializing random number generator from current time


Extra file open flags: (none)
64 files, 128MiB each
8GiB total file size
Block size 32KiB
Number of IO requests: 0
Read/Write ratio for combined random IO test: 1.50
Calling fsync() after each write operation.
Using synchronous I/O mode
Doing random read test
Initializing worker threads...

Threads started!


File operations:
    reads/s:                      931428.81
    writes/s:                     0.00
    fsyncs/s:                     0.00

Throughput:
    read, MiB/s:                  29107.15
    written, MiB/s:               0.00

General statistics:
    total time:                          240.0005s
    total number of events:              223545386

Latency (ms):
         min:                                    0.00
         avg:                                    0.04
         max:                                   76.72
         95th percentile:                        0.03
         sum:                              9556790.29

Threads fairness:
    events (avg/stddev):           3492896.6562/6757.86
    execution time (avg/stddev):   149.3248/0.25

