sysbench 1.0.17 (using bundled LuaJIT 2.1.0-beta2)

Running the test with following options:
Number of threads: 1
Initializing random number generator from current time


Extra file open flags: (none)
64 files, 128MiB each
8GiB total file size
Block size 32KiB
Number of IO requests: 0
Read/Write ratio for combined random IO test: 1.50
Calling fsync() after each write operation.
Using synchronous I/O mode
Doing random write test
Initializing worker threads...

Threads started!


File operations:
    reads/s:                      0.00
    writes/s:                     2160.35
    fsyncs/s:                     2160.35

Throughput:
    read, MiB/s:                  0.00
    written, MiB/s:               67.51

General statistics:
    total time:                          240.0004s
    total number of events:              518489

Latency (ms):
         min:                                    0.15
         avg:                                    0.46
         max:                                  130.38
         95th percentile:                        0.62
         sum:                               239346.80

Threads fairness:
    events (avg/stddev):           518489.0000/0.00
    execution time (avg/stddev):   239.3468/0.00

sysbench 1.0.17 (using bundled LuaJIT 2.1.0-beta2)

Running the test with following options:
Number of threads: 4
Initializing random number generator from current time


Extra file open flags: (none)
64 files, 128MiB each
8GiB total file size
Block size 32KiB
Number of IO requests: 0
Read/Write ratio for combined random IO test: 1.50
Calling fsync() after each write operation.
Using synchronous I/O mode
Doing random write test
Initializing worker threads...

Threads started!


File operations:
    reads/s:                      0.00
    writes/s:                     9058.87
    fsyncs/s:                     9058.87

Throughput:
    read, MiB/s:                  0.00
    written, MiB/s:               283.09

General statistics:
    total time:                          240.0002s
    total number of events:              2174150

Latency (ms):
         min:                                    0.14
         avg:                                    0.44
         max:                                   20.26
         95th percentile:                        0.64
         sum:                               957393.14

Threads fairness:
    events (avg/stddev):           543537.5000/234.88
    execution time (avg/stddev):   239.3483/0.00

sysbench 1.0.17 (using bundled LuaJIT 2.1.0-beta2)

Running the test with following options:
Number of threads: 8
Initializing random number generator from current time


Extra file open flags: (none)
64 files, 128MiB each
8GiB total file size
Block size 32KiB
Number of IO requests: 0
Read/Write ratio for combined random IO test: 1.50
Calling fsync() after each write operation.
Using synchronous I/O mode
Doing random write test
Initializing worker threads...

Threads started!


File operations:
    reads/s:                      0.00
    writes/s:                     17425.67
    fsyncs/s:                     17425.67

Throughput:
    read, MiB/s:                  0.00
    written, MiB/s:               544.55

General statistics:
    total time:                          240.0004s
    total number of events:              4182205

Latency (ms):
         min:                                    0.14
         avg:                                    0.46
         max:                                   37.06
         95th percentile:                        0.75
         sum:                              1914155.82

Threads fairness:
    events (avg/stddev):           522775.6250/384.13
    execution time (avg/stddev):   239.2695/0.01

sysbench 1.0.17 (using bundled LuaJIT 2.1.0-beta2)

Running the test with following options:
Number of threads: 16
Initializing random number generator from current time


Extra file open flags: (none)
64 files, 128MiB each
8GiB total file size
Block size 32KiB
Number of IO requests: 0
Read/Write ratio for combined random IO test: 1.50
Calling fsync() after each write operation.
Using synchronous I/O mode
Doing random write test
Initializing worker threads...

Threads started!


File operations:
    reads/s:                      0.00
    writes/s:                     23739.99
    fsyncs/s:                     23739.99

Throughput:
    read, MiB/s:                  0.00
    written, MiB/s:               741.87

General statistics:
    total time:                          240.0075s
    total number of events:              5697819

Latency (ms):
         min:                                    0.14
         avg:                                    0.67
         max:                                  161.78
         95th percentile:                        1.12
         sum:                              3828693.30

Threads fairness:
    events (avg/stddev):           356113.6875/264.64
    execution time (avg/stddev):   239.2933/0.01

sysbench 1.0.17 (using bundled LuaJIT 2.1.0-beta2)

Running the test with following options:
Number of threads: 32
Initializing random number generator from current time


Extra file open flags: (none)
64 files, 128MiB each
8GiB total file size
Block size 32KiB
Number of IO requests: 0
Read/Write ratio for combined random IO test: 1.50
Calling fsync() after each write operation.
Using synchronous I/O mode
Doing random write test
Initializing worker threads...

Threads started!


File operations:
    reads/s:                      0.00
    writes/s:                     24298.37
    fsyncs/s:                     24298.37

Throughput:
    read, MiB/s:                  0.00
    written, MiB/s:               759.32

General statistics:
    total time:                          240.0011s
    total number of events:              5831680

Latency (ms):
         min:                                    0.14
         avg:                                    1.31
         max:                                  160.62
         95th percentile:                        1.73
         sum:                              7665940.87

Threads fairness:
    events (avg/stddev):           182240.0000/338.18
    execution time (avg/stddev):   239.5607/0.01

sysbench 1.0.17 (using bundled LuaJIT 2.1.0-beta2)

Running the test with following options:
Number of threads: 64
Initializing random number generator from current time


Extra file open flags: (none)
64 files, 128MiB each
8GiB total file size
Block size 32KiB
Number of IO requests: 0
Read/Write ratio for combined random IO test: 1.50
Calling fsync() after each write operation.
Using synchronous I/O mode
Doing random write test
Initializing worker threads...

Threads started!


File operations:
    reads/s:                      0.00
    writes/s:                     24539.62
    fsyncs/s:                     24539.62

Throughput:
    read, MiB/s:                  0.00
    written, MiB/s:               766.86

General statistics:
    total time:                          240.0245s
    total number of events:              5890148

Latency (ms):
         min:                                    0.15
         avg:                                    2.61
         max:                                  108.86
         95th percentile:                       23.52
         sum:                             15346952.73

Threads fairness:
    events (avg/stddev):           92033.5625/147.72
    execution time (avg/stddev):   239.7961/0.01

