sysbench 1.0.17 (using bundled LuaJIT 2.1.0-beta2)

Running the test with following options:
Number of threads: 1
Initializing random number generator from current time


Extra file open flags: (none)
64 files, 128MiB each
8GiB total file size
Block size 32KiB
Number of IO requests: 0
Read/Write ratio for combined random IO test: 1.50
Calling fsync() after each write operation.
Using synchronous I/O mode
Doing random read test
Initializing worker threads...

Threads started!


File operations:
    reads/s:                      165099.02
    writes/s:                     0.00
    fsyncs/s:                     0.00

Throughput:
    read, MiB/s:                  5159.34
    written, MiB/s:               0.00

General statistics:
    total time:                          240.0001s
    total number of events:              39624118

Latency (ms):
         min:                                    0.00
         avg:                                    0.01
         max:                                    0.06
         95th percentile:                        0.01
         sum:                               207376.21

Threads fairness:
    events (avg/stddev):           39624118.0000/0.00
    execution time (avg/stddev):   207.3762/0.00

sysbench 1.0.17 (using bundled LuaJIT 2.1.0-beta2)

Running the test with following options:
Number of threads: 4
Initializing random number generator from current time


Extra file open flags: (none)
64 files, 128MiB each
8GiB total file size
Block size 32KiB
Number of IO requests: 0
Read/Write ratio for combined random IO test: 1.50
Calling fsync() after each write operation.
Using synchronous I/O mode
Doing random read test
Initializing worker threads...

Threads started!


File operations:
    reads/s:                      575124.95
    writes/s:                     0.00
    fsyncs/s:                     0.00

Throughput:
    read, MiB/s:                  17972.65
    written, MiB/s:               0.00

General statistics:
    total time:                          240.0001s
    total number of events:              138031235

Latency (ms):
         min:                                    0.00
         avg:                                    0.01
         max:                                    0.15
         95th percentile:                        0.01
         sum:                               801547.26

Threads fairness:
    events (avg/stddev):           34507808.7500/35099.76
    execution time (avg/stddev):   200.3868/0.22

sysbench 1.0.17 (using bundled LuaJIT 2.1.0-beta2)

Running the test with following options:
Number of threads: 8
Initializing random number generator from current time


Extra file open flags: (none)
64 files, 128MiB each
8GiB total file size
Block size 32KiB
Number of IO requests: 0
Read/Write ratio for combined random IO test: 1.50
Calling fsync() after each write operation.
Using synchronous I/O mode
Doing random read test
Initializing worker threads...

Threads started!


File operations:
    reads/s:                      969462.33
    writes/s:                     0.00
    fsyncs/s:                     0.00

Throughput:
    read, MiB/s:                  30295.70
    written, MiB/s:               0.00

General statistics:
    total time:                          240.0001s
    total number of events:              232673086

Latency (ms):
         min:                                    0.00
         avg:                                    0.01
         max:                                    0.76
         95th percentile:                        0.01
         sum:                              1554871.40

Threads fairness:
    events (avg/stddev):           29084135.7500/229395.70
    execution time (avg/stddev):   194.3589/0.41

sysbench 1.0.17 (using bundled LuaJIT 2.1.0-beta2)

Running the test with following options:
Number of threads: 16
Initializing random number generator from current time


Extra file open flags: (none)
64 files, 128MiB each
8GiB total file size
Block size 32KiB
Number of IO requests: 0
Read/Write ratio for combined random IO test: 1.50
Calling fsync() after each write operation.
Using synchronous I/O mode
Doing random read test
Initializing worker threads...

Threads started!


File operations:
    reads/s:                      1061480.48
    writes/s:                     0.00
    fsyncs/s:                     0.00

Throughput:
    read, MiB/s:                  33171.26
    written, MiB/s:               0.00

General statistics:
    total time:                          240.0001s
    total number of events:              254757615

Latency (ms):
         min:                                    0.00
         avg:                                    0.01
         max:                                    4.65
         95th percentile:                        0.02
         sum:                              2911001.18

Threads fairness:
    events (avg/stddev):           15922350.9375/52473.88
    execution time (avg/stddev):   181.9376/0.37

sysbench 1.0.17 (using bundled LuaJIT 2.1.0-beta2)

Running the test with following options:
Number of threads: 32
Initializing random number generator from current time


Extra file open flags: (none)
64 files, 128MiB each
8GiB total file size
Block size 32KiB
Number of IO requests: 0
Read/Write ratio for combined random IO test: 1.50
Calling fsync() after each write operation.
Using synchronous I/O mode
Doing random read test
Initializing worker threads...

Threads started!


File operations:
    reads/s:                      1090547.64
    writes/s:                     0.00
    fsyncs/s:                     0.00

Throughput:
    read, MiB/s:                  34079.61
    written, MiB/s:               0.00

General statistics:
    total time:                          240.0002s
    total number of events:              261733903

Latency (ms):
         min:                                    0.00
         avg:                                    0.02
         max:                                    6.26
         95th percentile:                        0.05
         sum:                              4923521.96

Threads fairness:
    events (avg/stddev):           8179184.4688/19326.55
    execution time (avg/stddev):   153.8601/0.22

sysbench 1.0.17 (using bundled LuaJIT 2.1.0-beta2)

Running the test with following options:
Number of threads: 64
Initializing random number generator from current time


Extra file open flags: (none)
64 files, 128MiB each
8GiB total file size
Block size 32KiB
Number of IO requests: 0
Read/Write ratio for combined random IO test: 1.50
Calling fsync() after each write operation.
Using synchronous I/O mode
Doing random read test
Initializing worker threads...

Threads started!


File operations:
    reads/s:                      889537.01
    writes/s:                     0.00
    fsyncs/s:                     0.00

Throughput:
    read, MiB/s:                  27798.03
    written, MiB/s:               0.00

General statistics:
    total time:                          240.0003s
    total number of events:              213490843

Latency (ms):
         min:                                    0.00
         avg:                                    0.04
         max:                                   40.50
         95th percentile:                        0.07
         sum:                              8656845.91

Threads fairness:
    events (avg/stddev):           3335794.4219/12435.41
    execution time (avg/stddev):   135.2632/0.36

