sysbench 1.0.17 (using bundled LuaJIT 2.1.0-beta2)

Running the test with following options:
Number of threads: 1
Initializing random number generator from current time


Extra file open flags: (none)
64 files, 128MiB each
8GiB total file size
Block size 32KiB
Number of IO requests: 0
Read/Write ratio for combined random IO test: 1.50
Calling fsync() after each write operation.
Using synchronous I/O mode
Doing random write test
Initializing worker threads...

Threads started!


File operations:
    reads/s:                      0.00
    writes/s:                     4882.52
    fsyncs/s:                     4882.52

Throughput:
    read, MiB/s:                  0.00
    written, MiB/s:               152.58

General statistics:
    total time:                          240.0002s
    total number of events:              1171815

Latency (ms):
         min:                                    0.08
         avg:                                    0.20
         max:                                    3.48
         95th percentile:                        0.23
         sum:                               238666.83

Threads fairness:
    events (avg/stddev):           1171815.0000/0.00
    execution time (avg/stddev):   238.6668/0.00

sysbench 1.0.17 (using bundled LuaJIT 2.1.0-beta2)

Running the test with following options:
Number of threads: 4
Initializing random number generator from current time


Extra file open flags: (none)
64 files, 128MiB each
8GiB total file size
Block size 32KiB
Number of IO requests: 0
Read/Write ratio for combined random IO test: 1.50
Calling fsync() after each write operation.
Using synchronous I/O mode
Doing random write test
Initializing worker threads...

Threads started!


File operations:
    reads/s:                      0.00
    writes/s:                     21529.10
    fsyncs/s:                     21529.10

Throughput:
    read, MiB/s:                  0.00
    written, MiB/s:               672.78

General statistics:
    total time:                          240.0001s
    total number of events:              5167031

Latency (ms):
         min:                                    0.07
         avg:                                    0.18
         max:                                    2.58
         95th percentile:                        0.29
         sum:                               952803.97

Threads fairness:
    events (avg/stddev):           1291757.7500/513.84
    execution time (avg/stddev):   238.2010/0.01

sysbench 1.0.17 (using bundled LuaJIT 2.1.0-beta2)

Running the test with following options:
Number of threads: 8
Initializing random number generator from current time


Extra file open flags: (none)
64 files, 128MiB each
8GiB total file size
Block size 32KiB
Number of IO requests: 0
Read/Write ratio for combined random IO test: 1.50
Calling fsync() after each write operation.
Using synchronous I/O mode
Doing random write test
Initializing worker threads...

Threads started!


File operations:
    reads/s:                      0.00
    writes/s:                     41434.70
    fsyncs/s:                     41434.70

Throughput:
    read, MiB/s:                  0.00
    written, MiB/s:               1294.83

General statistics:
    total time:                          240.0003s
    total number of events:              9944425

Latency (ms):
         min:                                    0.07
         avg:                                    0.19
         max:                                    3.02
         95th percentile:                        0.37
         sum:                              1903940.18

Threads fairness:
    events (avg/stddev):           1243053.1250/581.85
    execution time (avg/stddev):   237.9925/0.00

sysbench 1.0.17 (using bundled LuaJIT 2.1.0-beta2)

Running the test with following options:
Number of threads: 16
Initializing random number generator from current time


Extra file open flags: (none)
64 files, 128MiB each
8GiB total file size
Block size 32KiB
Number of IO requests: 0
Read/Write ratio for combined random IO test: 1.50
Calling fsync() after each write operation.
Using synchronous I/O mode
Doing random write test
Initializing worker threads...

Threads started!


File operations:
    reads/s:                      0.00
    writes/s:                     46810.07
    fsyncs/s:                     46810.07

Throughput:
    read, MiB/s:                  0.00
    written, MiB/s:               1462.81

General statistics:
    total time:                          240.0004s
    total number of events:              11234521

Latency (ms):
         min:                                    0.07
         avg:                                    0.34
         max:                                  291.19
         95th percentile:                        0.55
         sum:                              3816786.94

Threads fairness:
    events (avg/stddev):           702157.5625/534.91
    execution time (avg/stddev):   238.5492/0.01

sysbench 1.0.17 (using bundled LuaJIT 2.1.0-beta2)

Running the test with following options:
Number of threads: 32
Initializing random number generator from current time


Extra file open flags: (none)
64 files, 128MiB each
8GiB total file size
Block size 32KiB
Number of IO requests: 0
Read/Write ratio for combined random IO test: 1.50
Calling fsync() after each write operation.
Using synchronous I/O mode
Doing random write test
Initializing worker threads...

Threads started!


File operations:
    reads/s:                      0.00
    writes/s:                     47418.16
    fsyncs/s:                     47418.16

Throughput:
    read, MiB/s:                  0.00
    written, MiB/s:               1481.82

General statistics:
    total time:                          240.0006s
    total number of events:              11380474

Latency (ms):
         min:                                    0.07
         avg:                                    0.67
         max:                                  361.70
         95th percentile:                        0.99
         sum:                              7653099.74

Threads fairness:
    events (avg/stddev):           355639.8125/311.41
    execution time (avg/stddev):   239.1594/0.01

sysbench 1.0.17 (using bundled LuaJIT 2.1.0-beta2)

Running the test with following options:
Number of threads: 64
Initializing random number generator from current time


Extra file open flags: (none)
64 files, 128MiB each
8GiB total file size
Block size 32KiB
Number of IO requests: 0
Read/Write ratio for combined random IO test: 1.50
Calling fsync() after each write operation.
Using synchronous I/O mode
Doing random write test
Initializing worker threads...

Threads started!


File operations:
    reads/s:                      0.00
    writes/s:                     47908.05
    fsyncs/s:                     47908.05

Throughput:
    read, MiB/s:                  0.00
    written, MiB/s:               1497.13

General statistics:
    total time:                          240.0009s
    total number of events:              11498065

Latency (ms):
         min:                                    0.07
         avg:                                    1.33
         max:                                  370.29
         95th percentile:                        2.03
         sum:                             15325141.54

Threads fairness:
    events (avg/stddev):           179657.2656/222.27
    execution time (avg/stddev):   239.4553/0.00

