sysbench 1.0.17 (using bundled LuaJIT 2.1.0-beta2)

Running the test with following options:
Number of threads: 1
Initializing random number generator from current time


Extra file open flags: (none)
64 files, 128MiB each
8GiB total file size
Block size 32KiB
Number of IO requests: 0
Read/Write ratio for combined random IO test: 1.50
Calling fsync() after each write operation.
Using synchronous I/O mode
Doing random read test
Initializing worker threads...

Threads started!


File operations:
    reads/s:                      207647.92
    writes/s:                     0.00
    fsyncs/s:                     0.00

Throughput:
    read, MiB/s:                  6489.00
    written, MiB/s:               0.00

General statistics:
    total time:                          240.0000s
    total number of events:              49835842

Latency (ms):
         min:                                    0.00
         avg:                                    0.00
         max:                                    0.05
         95th percentile:                        0.01
         sum:                               227747.25

Threads fairness:
    events (avg/stddev):           49835842.0000/0.00
    execution time (avg/stddev):   227.7473/0.00

sysbench 1.0.17 (using bundled LuaJIT 2.1.0-beta2)

Running the test with following options:
Number of threads: 4
Initializing random number generator from current time


Extra file open flags: (none)
64 files, 128MiB each
8GiB total file size
Block size 32KiB
Number of IO requests: 0
Read/Write ratio for combined random IO test: 1.50
Calling fsync() after each write operation.
Using synchronous I/O mode
Doing random read test
Initializing worker threads...

Threads started!


File operations:
    reads/s:                      700739.06
    writes/s:                     0.00
    fsyncs/s:                     0.00

Throughput:
    read, MiB/s:                  21898.10
    written, MiB/s:               0.00

General statistics:
    total time:                          240.0000s
    total number of events:              168178477

Latency (ms):
         min:                                    0.00
         avg:                                    0.01
         max:                                    0.13
         95th percentile:                        0.01
         sum:                               867400.83

Threads fairness:
    events (avg/stddev):           42044619.2500/1420797.67
    execution time (avg/stddev):   216.8502/0.25

sysbench 1.0.17 (using bundled LuaJIT 2.1.0-beta2)

Running the test with following options:
Number of threads: 8
Initializing random number generator from current time


Extra file open flags: (none)
64 files, 128MiB each
8GiB total file size
Block size 32KiB
Number of IO requests: 0
Read/Write ratio for combined random IO test: 1.50
Calling fsync() after each write operation.
Using synchronous I/O mode
Doing random read test
Initializing worker threads...

Threads started!


File operations:
    reads/s:                      1096801.88
    writes/s:                     0.00
    fsyncs/s:                     0.00

Throughput:
    read, MiB/s:                  34275.06
    written, MiB/s:               0.00

General statistics:
    total time:                          240.0001s
    total number of events:              263234236

Latency (ms):
         min:                                    0.00
         avg:                                    0.01
         max:                                    0.40
         95th percentile:                        0.01
         sum:                              1592367.67

Threads fairness:
    events (avg/stddev):           32904279.5000/864766.04
    execution time (avg/stddev):   199.0460/1.08

sysbench 1.0.17 (using bundled LuaJIT 2.1.0-beta2)

Running the test with following options:
Number of threads: 16
Initializing random number generator from current time


Extra file open flags: (none)
64 files, 128MiB each
8GiB total file size
Block size 32KiB
Number of IO requests: 0
Read/Write ratio for combined random IO test: 1.50
Calling fsync() after each write operation.
Using synchronous I/O mode
Doing random read test
Initializing worker threads...

Threads started!


File operations:
    reads/s:                      1081559.95
    writes/s:                     0.00
    fsyncs/s:                     0.00

Throughput:
    read, MiB/s:                  33798.75
    written, MiB/s:               0.00

General statistics:
    total time:                          240.0000s
    total number of events:              259576174

Latency (ms):
         min:                                    0.00
         avg:                                    0.01
         max:                                    3.39
         95th percentile:                        0.02
         sum:                              2672945.11

Threads fairness:
    events (avg/stddev):           16223510.8750/30831.64
    execution time (avg/stddev):   167.0591/0.13

sysbench 1.0.17 (using bundled LuaJIT 2.1.0-beta2)

Running the test with following options:
Number of threads: 32
Initializing random number generator from current time


Extra file open flags: (none)
64 files, 128MiB each
8GiB total file size
Block size 32KiB
Number of IO requests: 0
Read/Write ratio for combined random IO test: 1.50
Calling fsync() after each write operation.
Using synchronous I/O mode
Doing random read test
Initializing worker threads...

Threads started!


File operations:
    reads/s:                      1045724.82
    writes/s:                     0.00
    fsyncs/s:                     0.00

Throughput:
    read, MiB/s:                  32678.90
    written, MiB/s:               0.00

General statistics:
    total time:                          240.0001s
    total number of events:              250975901

Latency (ms):
         min:                                    0.00
         avg:                                    0.02
         max:                                    4.87
         95th percentile:                        0.07
         sum:                              4626157.09

Threads fairness:
    events (avg/stddev):           7842996.9062/11523.68
    execution time (avg/stddev):   144.5674/0.12

sysbench 1.0.17 (using bundled LuaJIT 2.1.0-beta2)

Running the test with following options:
Number of threads: 64
Initializing random number generator from current time


Extra file open flags: (none)
64 files, 128MiB each
8GiB total file size
Block size 32KiB
Number of IO requests: 0
Read/Write ratio for combined random IO test: 1.50
Calling fsync() after each write operation.
Using synchronous I/O mode
Doing random read test
Initializing worker threads...

Threads started!


File operations:
    reads/s:                      1051583.13
    writes/s:                     0.00
    fsyncs/s:                     0.00

Throughput:
    read, MiB/s:                  32861.97
    written, MiB/s:               0.00

General statistics:
    total time:                          240.0002s
    total number of events:              252381781

Latency (ms):
         min:                                    0.00
         avg:                                    0.03
         max:                                   43.06
         95th percentile:                        0.20
         sum:                              8631105.90

Threads fairness:
    events (avg/stddev):           3943465.3281/27929.01
    execution time (avg/stddev):   134.8610/0.13

