sysbench 1.0.17 (using bundled LuaJIT 2.1.0-beta2)

Running the test with following options:
Number of threads: 1
Initializing random number generator from current time


Extra file open flags: (none)
64 files, 128MiB each
8GiB total file size
Block size 32KiB
Number of IO requests: 0
Read/Write ratio for combined random IO test: 1.50
Calling fsync() after each write operation.
Using synchronous I/O mode
Doing random read test
Initializing worker threads...

Threads started!


File operations:
    reads/s:                      198377.10
    writes/s:                     0.00
    fsyncs/s:                     0.00

Throughput:
    read, MiB/s:                  6199.28
    written, MiB/s:               0.00

General statistics:
    total time:                          240.0001s
    total number of events:              47610862

Latency (ms):
         min:                                    0.00
         avg:                                    0.00
         max:                                    9.53
         95th percentile:                        0.01
         sum:                               229430.60

Threads fairness:
    events (avg/stddev):           47610862.0000/0.00
    execution time (avg/stddev):   229.4306/0.00

sysbench 1.0.17 (using bundled LuaJIT 2.1.0-beta2)

Running the test with following options:
Number of threads: 4
Initializing random number generator from current time


Extra file open flags: (none)
64 files, 128MiB each
8GiB total file size
Block size 32KiB
Number of IO requests: 0
Read/Write ratio for combined random IO test: 1.50
Calling fsync() after each write operation.
Using synchronous I/O mode
Doing random read test
Initializing worker threads...

Threads started!


File operations:
    reads/s:                      580337.69
    writes/s:                     0.00
    fsyncs/s:                     0.00

Throughput:
    read, MiB/s:                  18135.55
    written, MiB/s:               0.00

General statistics:
    total time:                          240.0001s
    total number of events:              139282112

Latency (ms):
         min:                                    0.00
         avg:                                    0.01
         max:                                   14.28
         95th percentile:                        0.01
         sum:                               853346.19

Threads fairness:
    events (avg/stddev):           34820528.0000/2618809.43
    execution time (avg/stddev):   213.3365/1.75

sysbench 1.0.17 (using bundled LuaJIT 2.1.0-beta2)

Running the test with following options:
Number of threads: 8
Initializing random number generator from current time


Extra file open flags: (none)
64 files, 128MiB each
8GiB total file size
Block size 32KiB
Number of IO requests: 0
Read/Write ratio for combined random IO test: 1.50
Calling fsync() after each write operation.
Using synchronous I/O mode
Doing random read test
Initializing worker threads...

Threads started!


File operations:
    reads/s:                      843959.88
    writes/s:                     0.00
    fsyncs/s:                     0.00

Throughput:
    read, MiB/s:                  26373.75
    written, MiB/s:               0.00

General statistics:
    total time:                          240.0001s
    total number of events:              202551883

Latency (ms):
         min:                                    0.00
         avg:                                    0.01
         max:                                   15.63
         95th percentile:                        0.01
         sum:                              1562731.17

Threads fairness:
    events (avg/stddev):           25318985.3750/2088046.88
    execution time (avg/stddev):   195.3414/0.55

sysbench 1.0.17 (using bundled LuaJIT 2.1.0-beta2)

Running the test with following options:
Number of threads: 16
Initializing random number generator from current time


Extra file open flags: (none)
64 files, 128MiB each
8GiB total file size
Block size 32KiB
Number of IO requests: 0
Read/Write ratio for combined random IO test: 1.50
Calling fsync() after each write operation.
Using synchronous I/O mode
Doing random read test
Initializing worker threads...

Threads started!


File operations:
    reads/s:                      846252.92
    writes/s:                     0.00
    fsyncs/s:                     0.00

Throughput:
    read, MiB/s:                  26445.40
    written, MiB/s:               0.00

General statistics:
    total time:                          240.0003s
    total number of events:              203102458

Latency (ms):
         min:                                    0.00
         avg:                                    0.01
         max:                                   16.85
         95th percentile:                        0.03
         sum:                              2583196.01

Threads fairness:
    events (avg/stddev):           12693903.6250/113111.98
    execution time (avg/stddev):   161.4498/0.53

sysbench 1.0.17 (using bundled LuaJIT 2.1.0-beta2)

Running the test with following options:
Number of threads: 32
Initializing random number generator from current time


Extra file open flags: (none)
64 files, 128MiB each
8GiB total file size
Block size 32KiB
Number of IO requests: 0
Read/Write ratio for combined random IO test: 1.50
Calling fsync() after each write operation.
Using synchronous I/O mode
Doing random read test
Initializing worker threads...

Threads started!


File operations:
    reads/s:                      856301.62
    writes/s:                     0.00
    fsyncs/s:                     0.00

Throughput:
    read, MiB/s:                  26759.43
    written, MiB/s:               0.00

General statistics:
    total time:                          240.0004s
    total number of events:              205514123

Latency (ms):
         min:                                    0.00
         avg:                                    0.02
         max:                                   23.71
         95th percentile:                        0.09
         sum:                              4609798.42

Threads fairness:
    events (avg/stddev):           6422316.3438/22341.40
    execution time (avg/stddev):   144.0562/0.40

sysbench 1.0.17 (using bundled LuaJIT 2.1.0-beta2)

Running the test with following options:
Number of threads: 64
Initializing random number generator from current time


Extra file open flags: (none)
64 files, 128MiB each
8GiB total file size
Block size 32KiB
Number of IO requests: 0
Read/Write ratio for combined random IO test: 1.50
Calling fsync() after each write operation.
Using synchronous I/O mode
Doing random read test
Initializing worker threads...

Threads started!


File operations:
    reads/s:                      867970.41
    writes/s:                     0.00
    fsyncs/s:                     0.00

Throughput:
    read, MiB/s:                  27124.08
    written, MiB/s:               0.00

General statistics:
    total time:                          240.0005s
    total number of events:              208314685

Latency (ms):
         min:                                    0.00
         avg:                                    0.04
         max:                                   70.78
         95th percentile:                        0.23
         sum:                              8715669.08

Threads fairness:
    events (avg/stddev):           3254916.9531/11573.25
    execution time (avg/stddev):   136.1823/0.31

