sysbench 1.0.17 (using bundled LuaJIT 2.1.0-beta2)

Running the test with following options:
Number of threads: 1
Initializing random number generator from current time


Extra file open flags: (none)
64 files, 128MiB each
8GiB total file size
Block size 32KiB
Number of IO requests: 0
Read/Write ratio for combined random IO test: 1.50
Calling fsync() after each write operation.
Using synchronous I/O mode
Doing random write test
Initializing worker threads...

Threads started!


File operations:
    reads/s:                      0.00
    writes/s:                     3672.62
    fsyncs/s:                     3672.62

Throughput:
    read, MiB/s:                  0.00
    written, MiB/s:               114.77

General statistics:
    total time:                          240.0002s
    total number of events:              881435

Latency (ms):
         min:                                    0.05
         avg:                                    0.27
         max:                                   23.77
         95th percentile:                        0.31
         sum:                               239264.55

Threads fairness:
    events (avg/stddev):           881435.0000/0.00
    execution time (avg/stddev):   239.2646/0.00

sysbench 1.0.17 (using bundled LuaJIT 2.1.0-beta2)

Running the test with following options:
Number of threads: 4
Initializing random number generator from current time


Extra file open flags: (none)
64 files, 128MiB each
8GiB total file size
Block size 32KiB
Number of IO requests: 0
Read/Write ratio for combined random IO test: 1.50
Calling fsync() after each write operation.
Using synchronous I/O mode
Doing random write test
Initializing worker threads...

Threads started!


File operations:
    reads/s:                      0.00
    writes/s:                     14556.79
    fsyncs/s:                     14556.79

Throughput:
    read, MiB/s:                  0.00
    written, MiB/s:               454.90

General statistics:
    total time:                          240.0004s
    total number of events:              3493660

Latency (ms):
         min:                                    0.04
         avg:                                    0.27
         max:                                   46.19
         95th percentile:                        0.44
         sum:                               957592.92

Threads fairness:
    events (avg/stddev):           873415.0000/700.96
    execution time (avg/stddev):   239.3982/0.01

sysbench 1.0.17 (using bundled LuaJIT 2.1.0-beta2)

Running the test with following options:
Number of threads: 8
Initializing random number generator from current time


Extra file open flags: (none)
64 files, 128MiB each
8GiB total file size
Block size 32KiB
Number of IO requests: 0
Read/Write ratio for combined random IO test: 1.50
Calling fsync() after each write operation.
Using synchronous I/O mode
Doing random write test
Initializing worker threads...

Threads started!


File operations:
    reads/s:                      0.00
    writes/s:                     30745.34
    fsyncs/s:                     30745.34

Throughput:
    read, MiB/s:                  0.00
    written, MiB/s:               960.79

General statistics:
    total time:                          240.0003s
    total number of events:              7378941

Latency (ms):
         min:                                    0.04
         avg:                                    0.26
         max:                                   45.76
         95th percentile:                        0.50
         sum:                              1913313.43

Threads fairness:
    events (avg/stddev):           922367.6250/804.02
    execution time (avg/stddev):   239.1642/0.02

sysbench 1.0.17 (using bundled LuaJIT 2.1.0-beta2)

Running the test with following options:
Number of threads: 16
Initializing random number generator from current time


Extra file open flags: (none)
64 files, 128MiB each
8GiB total file size
Block size 32KiB
Number of IO requests: 0
Read/Write ratio for combined random IO test: 1.50
Calling fsync() after each write operation.
Using synchronous I/O mode
Doing random write test
Initializing worker threads...

Threads started!


File operations:
    reads/s:                      0.00
    writes/s:                     53738.13
    fsyncs/s:                     53738.13

Throughput:
    read, MiB/s:                  0.00
    written, MiB/s:               1679.32

General statistics:
    total time:                          240.0004s
    total number of events:              12897259

Latency (ms):
         min:                                    0.04
         avg:                                    0.30
         max:                                   22.45
         95th percentile:                        0.70
         sum:                              3822914.46

Threads fairness:
    events (avg/stddev):           806078.6875/952.92
    execution time (avg/stddev):   238.9322/0.02

sysbench 1.0.17 (using bundled LuaJIT 2.1.0-beta2)

Running the test with following options:
Number of threads: 32
Initializing random number generator from current time


Extra file open flags: (none)
64 files, 128MiB each
8GiB total file size
Block size 32KiB
Number of IO requests: 0
Read/Write ratio for combined random IO test: 1.50
Calling fsync() after each write operation.
Using synchronous I/O mode
Doing random write test
Initializing worker threads...

Threads started!


File operations:
    reads/s:                      0.00
    writes/s:                     74093.01
    fsyncs/s:                     74093.01

Throughput:
    read, MiB/s:                  0.00
    written, MiB/s:               2315.41

General statistics:
    total time:                          240.0026s
    total number of events:              17782632

Latency (ms):
         min:                                    0.04
         avg:                                    0.43
         max:                                   26.61
         95th percentile:                        1.03
         sum:                              7649178.34

Threads fairness:
    events (avg/stddev):           555707.2500/707.34
    execution time (avg/stddev):   239.0368/0.02

sysbench 1.0.17 (using bundled LuaJIT 2.1.0-beta2)

Running the test with following options:
Number of threads: 64
Initializing random number generator from current time


Extra file open flags: (none)
64 files, 128MiB each
8GiB total file size
Block size 32KiB
Number of IO requests: 0
Read/Write ratio for combined random IO test: 1.50
Calling fsync() after each write operation.
Using synchronous I/O mode
Doing random write test
Initializing worker threads...

Threads started!


File operations:
    reads/s:                      0.00
    writes/s:                     103300.10
    fsyncs/s:                     103300.10

Throughput:
    read, MiB/s:                  0.00
    written, MiB/s:               3228.13

General statistics:
    total time:                          240.0009s
    total number of events:              24792285

Latency (ms):
         min:                                    0.04
         avg:                                    0.62
         max:                                   34.55
         95th percentile:                        1.42
         sum:                             15312556.50

Threads fairness:
    events (avg/stddev):           387379.4531/402.07
    execution time (avg/stddev):   239.2587/0.02

