sysbench 1.0.17 (using bundled LuaJIT 2.1.0-beta2)

Running the test with following options:
Number of threads: 1
Initializing random number generator from current time


Extra file open flags: (none)
64 files, 128MiB each
8GiB total file size
Block size 32KiB
Number of IO requests: 0
Read/Write ratio for combined random IO test: 1.50
Calling fsync() after each write operation.
Using synchronous I/O mode
Doing random read test
Initializing worker threads...

Threads started!


File operations:
    reads/s:                      237927.35
    writes/s:                     0.00
    fsyncs/s:                     0.00

Throughput:
    read, MiB/s:                  7435.23
    written, MiB/s:               0.00

General statistics:
    total time:                          240.0001s
    total number of events:              57102929

Latency (ms):
         min:                                    0.00
         avg:                                    0.00
         max:                                    0.27
         95th percentile:                        0.00
         sum:                               227896.28

Threads fairness:
    events (avg/stddev):           57102929.0000/0.00
    execution time (avg/stddev):   227.8963/0.00

sysbench 1.0.17 (using bundled LuaJIT 2.1.0-beta2)

Running the test with following options:
Number of threads: 4
Initializing random number generator from current time


Extra file open flags: (none)
64 files, 128MiB each
8GiB total file size
Block size 32KiB
Number of IO requests: 0
Read/Write ratio for combined random IO test: 1.50
Calling fsync() after each write operation.
Using synchronous I/O mode
Doing random read test
Initializing worker threads...

Threads started!


File operations:
    reads/s:                      637070.11
    writes/s:                     0.00
    fsyncs/s:                     0.00

Throughput:
    read, MiB/s:                  19908.44
    written, MiB/s:               0.00

General statistics:
    total time:                          240.0001s
    total number of events:              152897989

Latency (ms):
         min:                                    0.00
         avg:                                    0.01
         max:                                    0.35
         95th percentile:                        0.01
         sum:                               852350.79

Threads fairness:
    events (avg/stddev):           38224497.2500/209943.64
    execution time (avg/stddev):   213.0877/0.53

sysbench 1.0.17 (using bundled LuaJIT 2.1.0-beta2)

Running the test with following options:
Number of threads: 8
Initializing random number generator from current time


Extra file open flags: (none)
64 files, 128MiB each
8GiB total file size
Block size 32KiB
Number of IO requests: 0
Read/Write ratio for combined random IO test: 1.50
Calling fsync() after each write operation.
Using synchronous I/O mode
Doing random read test
Initializing worker threads...

Threads started!


File operations:
    reads/s:                      830454.86
    writes/s:                     0.00
    fsyncs/s:                     0.00

Throughput:
    read, MiB/s:                  25951.71
    written, MiB/s:               0.00

General statistics:
    total time:                          240.0001s
    total number of events:              199310584

Latency (ms):
         min:                                    0.00
         avg:                                    0.01
         max:                                   15.07
         95th percentile:                        0.01
         sum:                              1754991.85

Threads fairness:
    events (avg/stddev):           24913823.0000/58038.84
    execution time (avg/stddev):   219.3740/0.38

sysbench 1.0.17 (using bundled LuaJIT 2.1.0-beta2)

Running the test with following options:
Number of threads: 16
Initializing random number generator from current time


Extra file open flags: (none)
64 files, 128MiB each
8GiB total file size
Block size 32KiB
Number of IO requests: 0
Read/Write ratio for combined random IO test: 1.50
Calling fsync() after each write operation.
Using synchronous I/O mode
Doing random read test
Initializing worker threads...

Threads started!


File operations:
    reads/s:                      802905.64
    writes/s:                     0.00
    fsyncs/s:                     0.00

Throughput:
    read, MiB/s:                  25090.80
    written, MiB/s:               0.00

General statistics:
    total time:                          240.0001s
    total number of events:              192698755

Latency (ms):
         min:                                    0.00
         avg:                                    0.01
         max:                                    4.61
         95th percentile:                        0.03
         sum:                              2735567.64

Threads fairness:
    events (avg/stddev):           12043672.1875/88595.93
    execution time (avg/stddev):   170.9730/0.52

sysbench 1.0.17 (using bundled LuaJIT 2.1.0-beta2)

Running the test with following options:
Number of threads: 32
Initializing random number generator from current time


Extra file open flags: (none)
64 files, 128MiB each
8GiB total file size
Block size 32KiB
Number of IO requests: 0
Read/Write ratio for combined random IO test: 1.50
Calling fsync() after each write operation.
Using synchronous I/O mode
Doing random read test
Initializing worker threads...

Threads started!


File operations:
    reads/s:                      777582.96
    writes/s:                     0.00
    fsyncs/s:                     0.00

Throughput:
    read, MiB/s:                  24299.47
    written, MiB/s:               0.00

General statistics:
    total time:                          240.0001s
    total number of events:              186621340

Latency (ms):
         min:                                    0.00
         avg:                                    0.03
         max:                                   16.68
         95th percentile:                        0.10
         sum:                              4736557.30

Threads fairness:
    events (avg/stddev):           5831916.8750/15604.33
    execution time (avg/stddev):   148.0174/0.47

sysbench 1.0.17 (using bundled LuaJIT 2.1.0-beta2)

Running the test with following options:
Number of threads: 64
Initializing random number generator from current time


Extra file open flags: (none)
64 files, 128MiB each
8GiB total file size
Block size 32KiB
Number of IO requests: 0
Read/Write ratio for combined random IO test: 1.50
Calling fsync() after each write operation.
Using synchronous I/O mode
Doing random read test
Initializing worker threads...

Threads started!


File operations:
    reads/s:                      760158.51
    writes/s:                     0.00
    fsyncs/s:                     0.00

Throughput:
    read, MiB/s:                  23754.95
    written, MiB/s:               0.00

General statistics:
    total time:                          240.0003s
    total number of events:              182439512

Latency (ms):
         min:                                    0.00
         avg:                                    0.05
         max:                                   11.34
         95th percentile:                        0.27
         sum:                              8842759.72

Threads fairness:
    events (avg/stddev):           2850617.3750/12551.34
    execution time (avg/stddev):   138.1681/0.28

