sysbench 1.0.17 (using bundled LuaJIT 2.1.0-beta2)

Running the test with following options:
Number of threads: 1
Initializing random number generator from current time


Extra file open flags: (none)
64 files, 128MiB each
8GiB total file size
Block size 32KiB
Number of IO requests: 0
Read/Write ratio for combined random IO test: 1.50
Calling fsync() after each write operation.
Using synchronous I/O mode
Doing random write test
Initializing worker threads...

Threads started!


File operations:
    reads/s:                      0.00
    writes/s:                     574.88
    fsyncs/s:                     574.88

Throughput:
    read, MiB/s:                  0.00
    written, MiB/s:               17.96

General statistics:
    total time:                          240.0020s
    total number of events:              137973

Latency (ms):
         min:                                    0.52
         avg:                                    1.74
         max:                                  140.62
         95th percentile:                        1.96
         sum:                               239895.04

Threads fairness:
    events (avg/stddev):           137973.0000/0.00
    execution time (avg/stddev):   239.8950/0.00

sysbench 1.0.17 (using bundled LuaJIT 2.1.0-beta2)

Running the test with following options:
Number of threads: 4
Initializing random number generator from current time


Extra file open flags: (none)
64 files, 128MiB each
8GiB total file size
Block size 32KiB
Number of IO requests: 0
Read/Write ratio for combined random IO test: 1.50
Calling fsync() after each write operation.
Using synchronous I/O mode
Doing random write test
Initializing worker threads...

Threads started!


File operations:
    reads/s:                      0.00
    writes/s:                     2191.26
    fsyncs/s:                     2191.26

Throughput:
    read, MiB/s:                  0.00
    written, MiB/s:               68.48

General statistics:
    total time:                          240.0017s
    total number of events:              525909

Latency (ms):
         min:                                    0.53
         avg:                                    1.82
         max:                                  145.65
         95th percentile:                        2.30
         sum:                               959510.48

Threads fairness:
    events (avg/stddev):           131477.2500/74.22
    execution time (avg/stddev):   239.8776/0.00

sysbench 1.0.17 (using bundled LuaJIT 2.1.0-beta2)

Running the test with following options:
Number of threads: 8
Initializing random number generator from current time


Extra file open flags: (none)
64 files, 128MiB each
8GiB total file size
Block size 32KiB
Number of IO requests: 0
Read/Write ratio for combined random IO test: 1.50
Calling fsync() after each write operation.
Using synchronous I/O mode
Doing random write test
Initializing worker threads...

Threads started!


File operations:
    reads/s:                      0.00
    writes/s:                     4162.38
    fsyncs/s:                     4162.38

Throughput:
    read, MiB/s:                  0.00
    written, MiB/s:               130.07

General statistics:
    total time:                          240.0018s
    total number of events:              998986

Latency (ms):
         min:                                    0.51
         avg:                                    1.92
         max:                                  123.35
         95th percentile:                        2.61
         sum:                              1918566.40

Threads fairness:
    events (avg/stddev):           124873.2500/88.18
    execution time (avg/stddev):   239.8208/0.00

sysbench 1.0.17 (using bundled LuaJIT 2.1.0-beta2)

Running the test with following options:
Number of threads: 16
Initializing random number generator from current time


Extra file open flags: (none)
64 files, 128MiB each
8GiB total file size
Block size 32KiB
Number of IO requests: 0
Read/Write ratio for combined random IO test: 1.50
Calling fsync() after each write operation.
Using synchronous I/O mode
Doing random write test
Initializing worker threads...

Threads started!


File operations:
    reads/s:                      0.00
    writes/s:                     7377.99
    fsyncs/s:                     7377.99

Throughput:
    read, MiB/s:                  0.00
    written, MiB/s:               230.56

General statistics:
    total time:                          240.0023s
    total number of events:              1770747

Latency (ms):
         min:                                    0.51
         avg:                                    2.17
         max:                                  254.75
         95th percentile:                        3.02
         sum:                              3835302.31

Threads fairness:
    events (avg/stddev):           110671.6875/76.58
    execution time (avg/stddev):   239.7064/0.00

sysbench 1.0.17 (using bundled LuaJIT 2.1.0-beta2)

Running the test with following options:
Number of threads: 32
Initializing random number generator from current time


Extra file open flags: (none)
64 files, 128MiB each
8GiB total file size
Block size 32KiB
Number of IO requests: 0
Read/Write ratio for combined random IO test: 1.50
Calling fsync() after each write operation.
Using synchronous I/O mode
Doing random write test
Initializing worker threads...

Threads started!


File operations:
    reads/s:                      0.00
    writes/s:                     7855.90
    fsyncs/s:                     7855.90

Throughput:
    read, MiB/s:                  0.00
    written, MiB/s:               245.50

General statistics:
    total time:                          240.0021s
    total number of events:              1885444

Latency (ms):
         min:                                    0.51
         avg:                                    4.07
         max:                                  126.86
         95th percentile:                        5.00
         sum:                              7672391.36

Threads fairness:
    events (avg/stddev):           58920.1250/31.24
    execution time (avg/stddev):   239.7622/0.00

sysbench 1.0.17 (using bundled LuaJIT 2.1.0-beta2)

Running the test with following options:
Number of threads: 64
Initializing random number generator from current time


Extra file open flags: (none)
64 files, 128MiB each
8GiB total file size
Block size 32KiB
Number of IO requests: 0
Read/Write ratio for combined random IO test: 1.50
Calling fsync() after each write operation.
Using synchronous I/O mode
Doing random write test
Initializing worker threads...

Threads started!


File operations:
    reads/s:                      0.00
    writes/s:                     7943.55
    fsyncs/s:                     7943.55

Throughput:
    read, MiB/s:                  0.00
    written, MiB/s:               248.24

General statistics:
    total time:                          240.0017s
    total number of events:              1906479

Latency (ms):
         min:                                    0.56
         avg:                                    8.05
         max:                                  156.37
         95th percentile:                        9.73
         sum:                             15351558.80

Threads fairness:
    events (avg/stddev):           29788.7344/22.51
    execution time (avg/stddev):   239.8681/0.00

