sysbench 1.0.17 (using bundled LuaJIT 2.1.0-beta2)

Running the test with following options:
Number of threads: 1
Initializing random number generator from current time


Extra file open flags: (none)
64 files, 128MiB each
8GiB total file size
Block size 32KiB
Number of IO requests: 0
Read/Write ratio for combined random IO test: 1.50
Calling fsync() after each write operation.
Using synchronous I/O mode
Doing random read test
Initializing worker threads...

Threads started!


File operations:
    reads/s:                      164204.60
    writes/s:                     0.00
    fsyncs/s:                     0.00

Throughput:
    read, MiB/s:                  5131.39
    written, MiB/s:               0.00

General statistics:
    total time:                          240.0001s
    total number of events:              39409434

Latency (ms):
         min:                                    0.00
         avg:                                    0.01
         max:                                    2.14
         95th percentile:                        0.01
         sum:                               227586.61

Threads fairness:
    events (avg/stddev):           39409434.0000/0.00
    execution time (avg/stddev):   227.5866/0.00

sysbench 1.0.17 (using bundled LuaJIT 2.1.0-beta2)

Running the test with following options:
Number of threads: 4
Initializing random number generator from current time


Extra file open flags: (none)
64 files, 128MiB each
8GiB total file size
Block size 32KiB
Number of IO requests: 0
Read/Write ratio for combined random IO test: 1.50
Calling fsync() after each write operation.
Using synchronous I/O mode
Doing random read test
Initializing worker threads...

Threads started!


File operations:
    reads/s:                      596085.44
    writes/s:                     0.00
    fsyncs/s:                     0.00

Throughput:
    read, MiB/s:                  18627.67
    written, MiB/s:               0.00

General statistics:
    total time:                          240.0002s
    total number of events:              143061684

Latency (ms):
         min:                                    0.00
         avg:                                    0.01
         max:                                    4.66
         95th percentile:                        0.01
         sum:                               881182.05

Threads fairness:
    events (avg/stddev):           35765421.0000/41259.07
    execution time (avg/stddev):   220.2955/0.12

sysbench 1.0.17 (using bundled LuaJIT 2.1.0-beta2)

Running the test with following options:
Number of threads: 8
Initializing random number generator from current time


Extra file open flags: (none)
64 files, 128MiB each
8GiB total file size
Block size 32KiB
Number of IO requests: 0
Read/Write ratio for combined random IO test: 1.50
Calling fsync() after each write operation.
Using synchronous I/O mode
Doing random read test
Initializing worker threads...

Threads started!


File operations:
    reads/s:                      991495.58
    writes/s:                     0.00
    fsyncs/s:                     0.00

Throughput:
    read, MiB/s:                  30984.24
    written, MiB/s:               0.00

General statistics:
    total time:                          240.0002s
    total number of events:              237961085

Latency (ms):
         min:                                    0.00
         avg:                                    0.01
         max:                                    4.73
         95th percentile:                        0.01
         sum:                              1645363.14

Threads fairness:
    events (avg/stddev):           29745135.6250/70056.69
    execution time (avg/stddev):   205.6704/0.11

sysbench 1.0.17 (using bundled LuaJIT 2.1.0-beta2)

Running the test with following options:
Number of threads: 16
Initializing random number generator from current time


Extra file open flags: (none)
64 files, 128MiB each
8GiB total file size
Block size 32KiB
Number of IO requests: 0
Read/Write ratio for combined random IO test: 1.50
Calling fsync() after each write operation.
Using synchronous I/O mode
Doing random read test
Initializing worker threads...

Threads started!


File operations:
    reads/s:                      1032936.00
    writes/s:                     0.00
    fsyncs/s:                     0.00

Throughput:
    read, MiB/s:                  32279.25
    written, MiB/s:               0.00

General statistics:
    total time:                          240.0002s
    total number of events:              247906847

Latency (ms):
         min:                                    0.00
         avg:                                    0.01
         max:                                   25.10
         95th percentile:                        0.02
         sum:                              2838743.46

Threads fairness:
    events (avg/stddev):           15494177.9375/19519.20
    execution time (avg/stddev):   177.4215/0.28

sysbench 1.0.17 (using bundled LuaJIT 2.1.0-beta2)

Running the test with following options:
Number of threads: 32
Initializing random number generator from current time


Extra file open flags: (none)
64 files, 128MiB each
8GiB total file size
Block size 32KiB
Number of IO requests: 0
Read/Write ratio for combined random IO test: 1.50
Calling fsync() after each write operation.
Using synchronous I/O mode
Doing random read test
Initializing worker threads...

Threads started!


File operations:
    reads/s:                      1014484.03
    writes/s:                     0.00
    fsyncs/s:                     0.00

Throughput:
    read, MiB/s:                  31702.63
    written, MiB/s:               0.00

General statistics:
    total time:                          240.0004s
    total number of events:              243478427

Latency (ms):
         min:                                    0.00
         avg:                                    0.02
         max:                                   25.19
         95th percentile:                        0.08
         sum:                              4796380.56

Threads fairness:
    events (avg/stddev):           7608700.8438/9814.92
    execution time (avg/stddev):   149.8869/0.09

sysbench 1.0.17 (using bundled LuaJIT 2.1.0-beta2)

Running the test with following options:
Number of threads: 64
Initializing random number generator from current time


Extra file open flags: (none)
64 files, 128MiB each
8GiB total file size
Block size 32KiB
Number of IO requests: 0
Read/Write ratio for combined random IO test: 1.50
Calling fsync() after each write operation.
Using synchronous I/O mode
Doing random read test
Initializing worker threads...

Threads started!


File operations:
    reads/s:                      1024300.44
    writes/s:                     0.00
    fsyncs/s:                     0.00

Throughput:
    read, MiB/s:                  32009.39
    written, MiB/s:               0.00

General statistics:
    total time:                          240.0007s
    total number of events:              245834605

Latency (ms):
         min:                                    0.00
         avg:                                    0.04
         max:                                   35.99
         95th percentile:                        0.20
         sum:                              8843110.09

Threads fairness:
    events (avg/stddev):           3841165.7031/6365.91
    execution time (avg/stddev):   138.1736/0.14

