sysbench 1.0.17 (using bundled LuaJIT 2.1.0-beta2)

Running the test with following options:
Number of threads: 1
Initializing random number generator from current time


Extra file open flags: (none)
64 files, 128MiB each
8GiB total file size
Block size 32KiB
Number of IO requests: 0
Read/Write ratio for combined random IO test: 1.50
Calling fsync() after each write operation.
Using synchronous I/O mode
Doing random read test
Initializing worker threads...

Threads started!


File operations:
    reads/s:                      216745.61
    writes/s:                     0.00
    fsyncs/s:                     0.00

Throughput:
    read, MiB/s:                  6773.30
    written, MiB/s:               0.00

General statistics:
    total time:                          240.0001s
    total number of events:              52019283

Latency (ms):
         min:                                    0.00
         avg:                                    0.00
         max:                                    0.51
         95th percentile:                        0.01
         sum:                               228737.43

Threads fairness:
    events (avg/stddev):           52019283.0000/0.00
    execution time (avg/stddev):   228.7374/0.00

sysbench 1.0.17 (using bundled LuaJIT 2.1.0-beta2)

Running the test with following options:
Number of threads: 4
Initializing random number generator from current time


Extra file open flags: (none)
64 files, 128MiB each
8GiB total file size
Block size 32KiB
Number of IO requests: 0
Read/Write ratio for combined random IO test: 1.50
Calling fsync() after each write operation.
Using synchronous I/O mode
Doing random read test
Initializing worker threads...

Threads started!


File operations:
    reads/s:                      733116.56
    writes/s:                     0.00
    fsyncs/s:                     0.00

Throughput:
    read, MiB/s:                  22909.89
    written, MiB/s:               0.00

General statistics:
    total time:                          240.0001s
    total number of events:              175949140

Latency (ms):
         min:                                    0.00
         avg:                                    0.00
         max:                                    1.46
         95th percentile:                        0.01
         sum:                               872540.92

Threads fairness:
    events (avg/stddev):           43987285.0000/40660.76
    execution time (avg/stddev):   218.1352/0.19

sysbench 1.0.17 (using bundled LuaJIT 2.1.0-beta2)

Running the test with following options:
Number of threads: 8
Initializing random number generator from current time


Extra file open flags: (none)
64 files, 128MiB each
8GiB total file size
Block size 32KiB
Number of IO requests: 0
Read/Write ratio for combined random IO test: 1.50
Calling fsync() after each write operation.
Using synchronous I/O mode
Doing random read test
Initializing worker threads...

Threads started!


File operations:
    reads/s:                      1131156.31
    writes/s:                     0.00
    fsyncs/s:                     0.00

Throughput:
    read, MiB/s:                  35348.63
    written, MiB/s:               0.00

General statistics:
    total time:                          240.0002s
    total number of events:              271479436

Latency (ms):
         min:                                    0.00
         avg:                                    0.01
         max:                                    6.55
         95th percentile:                        0.01
         sum:                              1594474.99

Threads fairness:
    events (avg/stddev):           33934929.5000/73153.62
    execution time (avg/stddev):   199.3094/0.14

sysbench 1.0.17 (using bundled LuaJIT 2.1.0-beta2)

Running the test with following options:
Number of threads: 16
Initializing random number generator from current time


Extra file open flags: (none)
64 files, 128MiB each
8GiB total file size
Block size 32KiB
Number of IO requests: 0
Read/Write ratio for combined random IO test: 1.50
Calling fsync() after each write operation.
Using synchronous I/O mode
Doing random read test
Initializing worker threads...

Threads started!


File operations:
    reads/s:                      1111830.61
    writes/s:                     0.00
    fsyncs/s:                     0.00

Throughput:
    read, MiB/s:                  34744.71
    written, MiB/s:               0.00

General statistics:
    total time:                          240.0002s
    total number of events:              266841235

Latency (ms):
         min:                                    0.00
         avg:                                    0.01
         max:                                   16.97
         95th percentile:                        0.02
         sum:                              2667274.55

Threads fairness:
    events (avg/stddev):           16677577.1875/54659.59
    execution time (avg/stddev):   166.7047/0.15

sysbench 1.0.17 (using bundled LuaJIT 2.1.0-beta2)

Running the test with following options:
Number of threads: 32
Initializing random number generator from current time


Extra file open flags: (none)
64 files, 128MiB each
8GiB total file size
Block size 32KiB
Number of IO requests: 0
Read/Write ratio for combined random IO test: 1.50
Calling fsync() after each write operation.
Using synchronous I/O mode
Doing random read test
Initializing worker threads...

Threads started!


File operations:
    reads/s:                      1111670.98
    writes/s:                     0.00
    fsyncs/s:                     0.00

Throughput:
    read, MiB/s:                  34739.72
    written, MiB/s:               0.00

General statistics:
    total time:                          240.0004s
    total number of events:              266803102

Latency (ms):
         min:                                    0.00
         avg:                                    0.02
         max:                                   26.72
         95th percentile:                        0.07
         sum:                              4646932.74

Threads fairness:
    events (avg/stddev):           8337596.9375/29725.11
    execution time (avg/stddev):   145.2166/0.13

sysbench 1.0.17 (using bundled LuaJIT 2.1.0-beta2)

Running the test with following options:
Number of threads: 64
Initializing random number generator from current time


Extra file open flags: (none)
64 files, 128MiB each
8GiB total file size
Block size 32KiB
Number of IO requests: 0
Read/Write ratio for combined random IO test: 1.50
Calling fsync() after each write operation.
Using synchronous I/O mode
Doing random read test
Initializing worker threads...

Threads started!


File operations:
    reads/s:                      1091479.78
    writes/s:                     0.00
    fsyncs/s:                     0.00

Throughput:
    read, MiB/s:                  34108.74
    written, MiB/s:               0.00

General statistics:
    total time:                          240.0006s
    total number of events:              261957434

Latency (ms):
         min:                                    0.00
         avg:                                    0.03
         max:                                   36.68
         95th percentile:                        0.19
         sum:                              8697144.01

Threads fairness:
    events (avg/stddev):           4093084.9062/6067.99
    execution time (avg/stddev):   135.8929/0.13

