sysbench 1.0.17 (using bundled LuaJIT 2.1.0-beta2)

Running the test with following options:
Number of threads: 1
Initializing random number generator from current time


Extra file open flags: (none)
64 files, 128MiB each
8GiB total file size
Block size 32KiB
Number of IO requests: 0
Read/Write ratio for combined random IO test: 1.50
Calling fsync() after each write operation.
Using synchronous I/O mode
Doing random write test
Initializing worker threads...

Threads started!


File operations:
    reads/s:                      0.00
    writes/s:                     3953.29
    fsyncs/s:                     3953.29

Throughput:
    read, MiB/s:                  0.00
    written, MiB/s:               123.54

General statistics:
    total time:                          240.0002s
    total number of events:              948795

Latency (ms):
         min:                                    0.09
         avg:                                    0.25
         max:                                    9.60
         95th percentile:                        0.34
         sum:                               239599.35

Threads fairness:
    events (avg/stddev):           948795.0000/0.00
    execution time (avg/stddev):   239.5994/0.00

sysbench 1.0.17 (using bundled LuaJIT 2.1.0-beta2)

Running the test with following options:
Number of threads: 4
Initializing random number generator from current time


Extra file open flags: (none)
64 files, 128MiB each
8GiB total file size
Block size 32KiB
Number of IO requests: 0
Read/Write ratio for combined random IO test: 1.50
Calling fsync() after each write operation.
Using synchronous I/O mode
Doing random write test
Initializing worker threads...

Threads started!


File operations:
    reads/s:                      0.00
    writes/s:                     10861.19
    fsyncs/s:                     10861.19

Throughput:
    read, MiB/s:                  0.00
    written, MiB/s:               339.41

General statistics:
    total time:                          240.0006s
    total number of events:              2606708

Latency (ms):
         min:                                    0.09
         avg:                                    0.37
         max:                                  317.33
         95th percentile:                        0.97
         sum:                               958475.06

Threads fairness:
    events (avg/stddev):           651677.0000/1598.02
    execution time (avg/stddev):   239.6188/0.00

sysbench 1.0.17 (using bundled LuaJIT 2.1.0-beta2)

Running the test with following options:
Number of threads: 8
Initializing random number generator from current time


Extra file open flags: (none)
64 files, 128MiB each
8GiB total file size
Block size 32KiB
Number of IO requests: 0
Read/Write ratio for combined random IO test: 1.50
Calling fsync() after each write operation.
Using synchronous I/O mode
Doing random write test
Initializing worker threads...

Threads started!


File operations:
    reads/s:                      0.00
    writes/s:                     11270.01
    fsyncs/s:                     11270.01

Throughput:
    read, MiB/s:                  0.00
    written, MiB/s:               352.19

General statistics:
    total time:                          240.0008s
    total number of events:              2704829

Latency (ms):
         min:                                    0.09
         avg:                                    0.71
         max:                                   76.05
         95th percentile:                        1.93
         sum:                              1918100.61

Threads fairness:
    events (avg/stddev):           338103.6250/597.76
    execution time (avg/stddev):   239.7626/0.00

sysbench 1.0.17 (using bundled LuaJIT 2.1.0-beta2)

Running the test with following options:
Number of threads: 16
Initializing random number generator from current time


Extra file open flags: (none)
64 files, 128MiB each
8GiB total file size
Block size 32KiB
Number of IO requests: 0
Read/Write ratio for combined random IO test: 1.50
Calling fsync() after each write operation.
Using synchronous I/O mode
Doing random write test
Initializing worker threads...

Threads started!


File operations:
    reads/s:                      0.00
    writes/s:                     11698.33
    fsyncs/s:                     11698.33

Throughput:
    read, MiB/s:                  0.00
    written, MiB/s:               365.57

General statistics:
    total time:                          240.0044s
    total number of events:              2807667

Latency (ms):
         min:                                    0.10
         avg:                                    1.37
         max:                                  315.05
         95th percentile:                        3.82
         sum:                              3836490.92

Threads fairness:
    events (avg/stddev):           175479.1875/267.86
    execution time (avg/stddev):   239.7807/0.00

sysbench 1.0.17 (using bundled LuaJIT 2.1.0-beta2)

Running the test with following options:
Number of threads: 32
Initializing random number generator from current time


Extra file open flags: (none)
64 files, 128MiB each
8GiB total file size
Block size 32KiB
Number of IO requests: 0
Read/Write ratio for combined random IO test: 1.50
Calling fsync() after each write operation.
Using synchronous I/O mode
Doing random write test
Initializing worker threads...

Threads started!


File operations:
    reads/s:                      0.00
    writes/s:                     12004.91
    fsyncs/s:                     12004.91

Throughput:
    read, MiB/s:                  0.00
    written, MiB/s:               375.15

General statistics:
    total time:                          240.0040s
    total number of events:              2881242

Latency (ms):
         min:                                    0.09
         avg:                                    2.66
         max:                                  282.35
         95th percentile:                        7.30
         sum:                              7674332.57

Threads fairness:
    events (avg/stddev):           90038.8125/213.42
    execution time (avg/stddev):   239.8229/0.00

sysbench 1.0.17 (using bundled LuaJIT 2.1.0-beta2)

Running the test with following options:
Number of threads: 64
Initializing random number generator from current time


Extra file open flags: (none)
64 files, 128MiB each
8GiB total file size
Block size 32KiB
Number of IO requests: 0
Read/Write ratio for combined random IO test: 1.50
Calling fsync() after each write operation.
Using synchronous I/O mode
Doing random write test
Initializing worker threads...

Threads started!


File operations:
    reads/s:                      0.00
    writes/s:                     12214.09
    fsyncs/s:                     12214.09

Throughput:
    read, MiB/s:                  0.00
    written, MiB/s:               381.69

General statistics:
    total time:                          240.0054s
    total number of events:              2931463

Latency (ms):
         min:                                    0.09
         avg:                                    5.24
         max:                                   57.87
         95th percentile:                       13.22
         sum:                             15352150.80

Threads fairness:
    events (avg/stddev):           45804.1094/106.42
    execution time (avg/stddev):   239.8774/0.00

