sysbench 1.0.17 (using bundled LuaJIT 2.1.0-beta2)

Running the test with following options:
Number of threads: 1
Initializing random number generator from current time


Extra file open flags: (none)
64 files, 128MiB each
8GiB total file size
Block size 32KiB
Number of IO requests: 0
Read/Write ratio for combined random IO test: 1.50
Calling fsync() after each write operation.
Using synchronous I/O mode
Doing random read test
Initializing worker threads...

Threads started!


File operations:
    reads/s:                      235073.50
    writes/s:                     0.00
    fsyncs/s:                     0.00

Throughput:
    read, MiB/s:                  7346.05
    written, MiB/s:               0.00

General statistics:
    total time:                          240.0001s
    total number of events:              56418008

Latency (ms):
         min:                                    0.00
         avg:                                    0.00
         max:                                    0.06
         95th percentile:                        0.00
         sum:                               227824.21

Threads fairness:
    events (avg/stddev):           56418008.0000/0.00
    execution time (avg/stddev):   227.8242/0.00

sysbench 1.0.17 (using bundled LuaJIT 2.1.0-beta2)

Running the test with following options:
Number of threads: 4
Initializing random number generator from current time


Extra file open flags: (none)
64 files, 128MiB each
8GiB total file size
Block size 32KiB
Number of IO requests: 0
Read/Write ratio for combined random IO test: 1.50
Calling fsync() after each write operation.
Using synchronous I/O mode
Doing random read test
Initializing worker threads...

Threads started!


File operations:
    reads/s:                      627012.80
    writes/s:                     0.00
    fsyncs/s:                     0.00

Throughput:
    read, MiB/s:                  19594.15
    written, MiB/s:               0.00

General statistics:
    total time:                          240.0001s
    total number of events:              150484219

Latency (ms):
         min:                                    0.00
         avg:                                    0.01
         max:                                    0.39
         95th percentile:                        0.01
         sum:                               837898.57

Threads fairness:
    events (avg/stddev):           37621054.7500/2002498.44
    execution time (avg/stddev):   209.4746/3.70

sysbench 1.0.17 (using bundled LuaJIT 2.1.0-beta2)

Running the test with following options:
Number of threads: 8
Initializing random number generator from current time


Extra file open flags: (none)
64 files, 128MiB each
8GiB total file size
Block size 32KiB
Number of IO requests: 0
Read/Write ratio for combined random IO test: 1.50
Calling fsync() after each write operation.
Using synchronous I/O mode
Doing random read test
Initializing worker threads...

Threads started!


File operations:
    reads/s:                      829589.58
    writes/s:                     0.00
    fsyncs/s:                     0.00

Throughput:
    read, MiB/s:                  25924.67
    written, MiB/s:               0.00

General statistics:
    total time:                          240.0001s
    total number of events:              199102933

Latency (ms):
         min:                                    0.00
         avg:                                    0.01
         max:                                   14.96
         95th percentile:                        0.01
         sum:                              1747981.45

Threads fairness:
    events (avg/stddev):           24887866.6250/118822.27
    execution time (avg/stddev):   218.4977/0.31

sysbench 1.0.17 (using bundled LuaJIT 2.1.0-beta2)

Running the test with following options:
Number of threads: 16
Initializing random number generator from current time


Extra file open flags: (none)
64 files, 128MiB each
8GiB total file size
Block size 32KiB
Number of IO requests: 0
Read/Write ratio for combined random IO test: 1.50
Calling fsync() after each write operation.
Using synchronous I/O mode
Doing random read test
Initializing worker threads...

Threads started!


File operations:
    reads/s:                      791281.59
    writes/s:                     0.00
    fsyncs/s:                     0.00

Throughput:
    read, MiB/s:                  24727.55
    written, MiB/s:               0.00

General statistics:
    total time:                          240.0001s
    total number of events:              189908951

Latency (ms):
         min:                                    0.00
         avg:                                    0.01
         max:                                    4.85
         95th percentile:                        0.03
         sum:                              2706884.67

Threads fairness:
    events (avg/stddev):           11869309.4375/72831.41
    execution time (avg/stddev):   169.1803/0.48

sysbench 1.0.17 (using bundled LuaJIT 2.1.0-beta2)

Running the test with following options:
Number of threads: 32
Initializing random number generator from current time


Extra file open flags: (none)
64 files, 128MiB each
8GiB total file size
Block size 32KiB
Number of IO requests: 0
Read/Write ratio for combined random IO test: 1.50
Calling fsync() after each write operation.
Using synchronous I/O mode
Doing random read test
Initializing worker threads...

Threads started!


File operations:
    reads/s:                      775444.66
    writes/s:                     0.00
    fsyncs/s:                     0.00

Throughput:
    read, MiB/s:                  24232.65
    written, MiB/s:               0.00

General statistics:
    total time:                          240.0002s
    total number of events:              186108179

Latency (ms):
         min:                                    0.00
         avg:                                    0.03
         max:                                    5.93
         95th percentile:                        0.10
         sum:                              4723276.58

Threads fairness:
    events (avg/stddev):           5815880.5938/16856.72
    execution time (avg/stddev):   147.6024/0.43

sysbench 1.0.17 (using bundled LuaJIT 2.1.0-beta2)

Running the test with following options:
Number of threads: 64
Initializing random number generator from current time


Extra file open flags: (none)
64 files, 128MiB each
8GiB total file size
Block size 32KiB
Number of IO requests: 0
Read/Write ratio for combined random IO test: 1.50
Calling fsync() after each write operation.
Using synchronous I/O mode
Doing random read test
Initializing worker threads...

Threads started!


File operations:
    reads/s:                      783611.03
    writes/s:                     0.00
    fsyncs/s:                     0.00

Throughput:
    read, MiB/s:                  24487.84
    written, MiB/s:               0.00

General statistics:
    total time:                          240.0003s
    total number of events:              188068185

Latency (ms):
         min:                                    0.00
         avg:                                    0.05
         max:                                   25.92
         95th percentile:                        0.27
         sum:                              8905713.03

Threads fairness:
    events (avg/stddev):           2938565.3906/13473.11
    execution time (avg/stddev):   139.1518/0.30

