sysbench 1.0.17 (using bundled LuaJIT 2.1.0-beta2)

Running the test with following options:
Number of threads: 1
Initializing random number generator from current time


Extra file open flags: (none)
64 files, 128MiB each
8GiB total file size
Block size 32KiB
Number of IO requests: 0
Read/Write ratio for combined random IO test: 1.50
Calling fsync() after each write operation.
Using synchronous I/O mode
Doing random write test
Initializing worker threads...

Threads started!


File operations:
    reads/s:                      0.00
    writes/s:                     6100.90
    fsyncs/s:                     6100.90

Throughput:
    read, MiB/s:                  0.00
    written, MiB/s:               190.65

General statistics:
    total time:                          240.0001s
    total number of events:              1464226

Latency (ms):
         min:                                    0.06
         avg:                                    0.16
         max:                                    5.09
         95th percentile:                        0.20
         sum:                               239287.59

Threads fairness:
    events (avg/stddev):           1464226.0000/0.00
    execution time (avg/stddev):   239.2876/0.00

sysbench 1.0.17 (using bundled LuaJIT 2.1.0-beta2)

Running the test with following options:
Number of threads: 4
Initializing random number generator from current time


Extra file open flags: (none)
64 files, 128MiB each
8GiB total file size
Block size 32KiB
Number of IO requests: 0
Read/Write ratio for combined random IO test: 1.50
Calling fsync() after each write operation.
Using synchronous I/O mode
Doing random write test
Initializing worker threads...

Threads started!


File operations:
    reads/s:                      0.00
    writes/s:                     14319.71
    fsyncs/s:                     14319.71

Throughput:
    read, MiB/s:                  0.00
    written, MiB/s:               447.49

General statistics:
    total time:                          240.0003s
    total number of events:              3436758

Latency (ms):
         min:                                    0.06
         avg:                                    0.28
         max:                                    6.23
         95th percentile:                        0.56
         sum:                               957682.19

Threads fairness:
    events (avg/stddev):           859189.5000/660.10
    execution time (avg/stddev):   239.4205/0.00

sysbench 1.0.17 (using bundled LuaJIT 2.1.0-beta2)

Running the test with following options:
Number of threads: 8
Initializing random number generator from current time


Extra file open flags: (none)
64 files, 128MiB each
8GiB total file size
Block size 32KiB
Number of IO requests: 0
Read/Write ratio for combined random IO test: 1.50
Calling fsync() after each write operation.
Using synchronous I/O mode
Doing random write test
Initializing worker threads...

Threads started!


File operations:
    reads/s:                      0.00
    writes/s:                     14621.94
    fsyncs/s:                     14621.94

Throughput:
    read, MiB/s:                  0.00
    written, MiB/s:               456.94

General statistics:
    total time:                          240.0008s
    total number of events:              3509303

Latency (ms):
         min:                                    0.06
         avg:                                    0.55
         max:                                    5.93
         95th percentile:                        1.06
         sum:                              1917171.25

Threads fairness:
    events (avg/stddev):           438662.8750/286.78
    execution time (avg/stddev):   239.6464/0.00

sysbench 1.0.17 (using bundled LuaJIT 2.1.0-beta2)

Running the test with following options:
Number of threads: 16
Initializing random number generator from current time


Extra file open flags: (none)
64 files, 128MiB each
8GiB total file size
Block size 32KiB
Number of IO requests: 0
Read/Write ratio for combined random IO test: 1.50
Calling fsync() after each write operation.
Using synchronous I/O mode
Doing random write test
Initializing worker threads...

Threads started!


File operations:
    reads/s:                      0.00
    writes/s:                     15007.76
    fsyncs/s:                     15007.76

Throughput:
    read, MiB/s:                  0.00
    written, MiB/s:               468.99

General statistics:
    total time:                          240.0011s
    total number of events:              3601903

Latency (ms):
         min:                                    0.06
         avg:                                    1.06
         max:                                    6.74
         95th percentile:                        2.03
         sum:                              3835709.80

Threads fairness:
    events (avg/stddev):           225118.9375/275.44
    execution time (avg/stddev):   239.7319/0.00

sysbench 1.0.17 (using bundled LuaJIT 2.1.0-beta2)

Running the test with following options:
Number of threads: 32
Initializing random number generator from current time


Extra file open flags: (none)
64 files, 128MiB each
8GiB total file size
Block size 32KiB
Number of IO requests: 0
Read/Write ratio for combined random IO test: 1.50
Calling fsync() after each write operation.
Using synchronous I/O mode
Doing random write test
Initializing worker threads...

Threads started!


File operations:
    reads/s:                      0.00
    writes/s:                     15360.22
    fsyncs/s:                     15360.22

Throughput:
    read, MiB/s:                  0.00
    written, MiB/s:               480.01

General statistics:
    total time:                          240.0010s
    total number of events:              3686493

Latency (ms):
         min:                                    0.06
         avg:                                    2.08
         max:                                   12.51
         95th percentile:                        3.82
         sum:                              7672498.59

Threads fairness:
    events (avg/stddev):           115202.9062/121.78
    execution time (avg/stddev):   239.7656/0.00

sysbench 1.0.17 (using bundled LuaJIT 2.1.0-beta2)

Running the test with following options:
Number of threads: 64
Initializing random number generator from current time


Extra file open flags: (none)
64 files, 128MiB each
8GiB total file size
Block size 32KiB
Number of IO requests: 0
Read/Write ratio for combined random IO test: 1.50
Calling fsync() after each write operation.
Using synchronous I/O mode
Doing random write test
Initializing worker threads...

Threads started!


File operations:
    reads/s:                      0.00
    writes/s:                     15646.47
    fsyncs/s:                     15646.47

Throughput:
    read, MiB/s:                  0.00
    written, MiB/s:               488.95

General statistics:
    total time:                          240.0032s
    total number of events:              3755227

Latency (ms):
         min:                                    0.06
         avg:                                    4.09
         max:                                   22.20
         95th percentile:                        7.17
         sum:                             15345664.08

Threads fairness:
    events (avg/stddev):           58675.4219/98.97
    execution time (avg/stddev):   239.7760/0.00

