sysbench 1.0.17 (using bundled LuaJIT 2.1.0-beta2)

Running the test with following options:
Number of threads: 1
Initializing random number generator from current time


Extra file open flags: (none)
64 files, 128MiB each
8GiB total file size
Block size 32KiB
Number of IO requests: 0
Read/Write ratio for combined random IO test: 1.50
Calling fsync() after each write operation.
Using synchronous I/O mode
Doing random read test
Initializing worker threads...

Threads started!


File operations:
    reads/s:                      168538.34
    writes/s:                     0.00
    fsyncs/s:                     0.00

Throughput:
    read, MiB/s:                  5266.82
    written, MiB/s:               0.00

General statistics:
    total time:                          240.0001s
    total number of events:              40449508

Latency (ms):
         min:                                    0.00
         avg:                                    0.01
         max:                                    0.62
         95th percentile:                        0.01
         sum:                               229347.01

Threads fairness:
    events (avg/stddev):           40449508.0000/0.00
    execution time (avg/stddev):   229.3470/0.00

sysbench 1.0.17 (using bundled LuaJIT 2.1.0-beta2)

Running the test with following options:
Number of threads: 4
Initializing random number generator from current time


Extra file open flags: (none)
64 files, 128MiB each
8GiB total file size
Block size 32KiB
Number of IO requests: 0
Read/Write ratio for combined random IO test: 1.50
Calling fsync() after each write operation.
Using synchronous I/O mode
Doing random read test
Initializing worker threads...

Threads started!


File operations:
    reads/s:                      602586.04
    writes/s:                     0.00
    fsyncs/s:                     0.00

Throughput:
    read, MiB/s:                  18830.81
    written, MiB/s:               0.00

General statistics:
    total time:                          240.0002s
    total number of events:              144621822

Latency (ms):
         min:                                    0.00
         avg:                                    0.01
         max:                                    0.64
         95th percentile:                        0.01
         sum:                               881568.40

Threads fairness:
    events (avg/stddev):           36155455.5000/47272.36
    execution time (avg/stddev):   220.3921/0.10

sysbench 1.0.17 (using bundled LuaJIT 2.1.0-beta2)

Running the test with following options:
Number of threads: 8
Initializing random number generator from current time


Extra file open flags: (none)
64 files, 128MiB each
8GiB total file size
Block size 32KiB
Number of IO requests: 0
Read/Write ratio for combined random IO test: 1.50
Calling fsync() after each write operation.
Using synchronous I/O mode
Doing random read test
Initializing worker threads...

Threads started!


File operations:
    reads/s:                      996508.35
    writes/s:                     0.00
    fsyncs/s:                     0.00

Throughput:
    read, MiB/s:                  31140.89
    written, MiB/s:               0.00

General statistics:
    total time:                          240.0002s
    total number of events:              239163966

Latency (ms):
         min:                                    0.00
         avg:                                    0.01
         max:                                    0.71
         95th percentile:                        0.01
         sum:                              1648778.24

Threads fairness:
    events (avg/stddev):           29895495.7500/32607.00
    execution time (avg/stddev):   206.0973/0.09

sysbench 1.0.17 (using bundled LuaJIT 2.1.0-beta2)

Running the test with following options:
Number of threads: 16
Initializing random number generator from current time


Extra file open flags: (none)
64 files, 128MiB each
8GiB total file size
Block size 32KiB
Number of IO requests: 0
Read/Write ratio for combined random IO test: 1.50
Calling fsync() after each write operation.
Using synchronous I/O mode
Doing random read test
Initializing worker threads...

Threads started!


File operations:
    reads/s:                      1056213.70
    writes/s:                     0.00
    fsyncs/s:                     0.00

Throughput:
    read, MiB/s:                  33006.68
    written, MiB/s:               0.00

General statistics:
    total time:                          240.0002s
    total number of events:              253493214

Latency (ms):
         min:                                    0.00
         avg:                                    0.01
         max:                                   22.79
         95th percentile:                        0.02
         sum:                              2821219.10

Threads fairness:
    events (avg/stddev):           15843325.8750/26623.18
    execution time (avg/stddev):   176.3262/0.14

sysbench 1.0.17 (using bundled LuaJIT 2.1.0-beta2)

Running the test with following options:
Number of threads: 32
Initializing random number generator from current time


Extra file open flags: (none)
64 files, 128MiB each
8GiB total file size
Block size 32KiB
Number of IO requests: 0
Read/Write ratio for combined random IO test: 1.50
Calling fsync() after each write operation.
Using synchronous I/O mode
Doing random read test
Initializing worker threads...

Threads started!


File operations:
    reads/s:                      1050508.74
    writes/s:                     0.00
    fsyncs/s:                     0.00

Throughput:
    read, MiB/s:                  32828.40
    written, MiB/s:               0.00

General statistics:
    total time:                          240.0004s
    total number of events:              252124406

Latency (ms):
         min:                                    0.00
         avg:                                    0.02
         max:                                   24.90
         95th percentile:                        0.07
         sum:                              4840605.07

Threads fairness:
    events (avg/stddev):           7878887.6875/7658.56
    execution time (avg/stddev):   151.2689/0.09

sysbench 1.0.17 (using bundled LuaJIT 2.1.0-beta2)

Running the test with following options:
Number of threads: 64
Initializing random number generator from current time


Extra file open flags: (none)
64 files, 128MiB each
8GiB total file size
Block size 32KiB
Number of IO requests: 0
Read/Write ratio for combined random IO test: 1.50
Calling fsync() after each write operation.
Using synchronous I/O mode
Doing random read test
Initializing worker threads...

Threads started!


File operations:
    reads/s:                      1052575.20
    writes/s:                     0.00
    fsyncs/s:                     0.00

Throughput:
    read, MiB/s:                  32892.98
    written, MiB/s:               0.00

General statistics:
    total time:                          240.0006s
    total number of events:              252620758

Latency (ms):
         min:                                    0.00
         avg:                                    0.04
         max:                                   28.77
         95th percentile:                        0.20
         sum:                              8886431.20

Threads fairness:
    events (avg/stddev):           3947199.3438/5980.51
    execution time (avg/stddev):   138.8505/0.15

