sysbench 1.0.17 (using bundled LuaJIT 2.1.0-beta2)

Running the test with following options:
Number of threads: 1
Initializing random number generator from current time


Extra file open flags: (none)
64 files, 128MiB each
8GiB total file size
Block size 32KiB
Number of IO requests: 0
Read/Write ratio for combined random IO test: 1.50
Calling fsync() after each write operation.
Using synchronous I/O mode
Doing random read test
Initializing worker threads...

Threads started!


File operations:
    reads/s:                      175355.26
    writes/s:                     0.00
    fsyncs/s:                     0.00

Throughput:
    read, MiB/s:                  5479.85
    written, MiB/s:               0.00

General statistics:
    total time:                          240.0001s
    total number of events:              42085634

Latency (ms):
         min:                                    0.00
         avg:                                    0.01
         max:                                    0.43
         95th percentile:                        0.01
         sum:                               227859.41

Threads fairness:
    events (avg/stddev):           42085634.0000/0.00
    execution time (avg/stddev):   227.8594/0.00

sysbench 1.0.17 (using bundled LuaJIT 2.1.0-beta2)

Running the test with following options:
Number of threads: 4
Initializing random number generator from current time


Extra file open flags: (none)
64 files, 128MiB each
8GiB total file size
Block size 32KiB
Number of IO requests: 0
Read/Write ratio for combined random IO test: 1.50
Calling fsync() after each write operation.
Using synchronous I/O mode
Doing random read test
Initializing worker threads...

Threads started!


File operations:
    reads/s:                      429284.93
    writes/s:                     0.00
    fsyncs/s:                     0.00

Throughput:
    read, MiB/s:                  13415.15
    written, MiB/s:               0.00

General statistics:
    total time:                          240.0001s
    total number of events:              103029301

Latency (ms):
         min:                                    0.00
         avg:                                    0.01
         max:                                   23.87
         95th percentile:                        0.01
         sum:                               894089.91

Threads fairness:
    events (avg/stddev):           25757325.2500/50062.60
    execution time (avg/stddev):   223.5225/0.27

sysbench 1.0.17 (using bundled LuaJIT 2.1.0-beta2)

Running the test with following options:
Number of threads: 8
Initializing random number generator from current time


Extra file open flags: (none)
64 files, 128MiB each
8GiB total file size
Block size 32KiB
Number of IO requests: 0
Read/Write ratio for combined random IO test: 1.50
Calling fsync() after each write operation.
Using synchronous I/O mode
Doing random read test
Initializing worker threads...

Threads started!


File operations:
    reads/s:                      432780.54
    writes/s:                     0.00
    fsyncs/s:                     0.00

Throughput:
    read, MiB/s:                  13524.39
    written, MiB/s:               0.00

General statistics:
    total time:                          240.0002s
    total number of events:              103868130

Latency (ms):
         min:                                    0.00
         avg:                                    0.02
         max:                                   53.93
         95th percentile:                        0.02
         sum:                              1669919.75

Threads fairness:
    events (avg/stddev):           12983516.2500/72156.08
    execution time (avg/stddev):   208.7400/0.57

sysbench 1.0.17 (using bundled LuaJIT 2.1.0-beta2)

Running the test with following options:
Number of threads: 16
Initializing random number generator from current time


Extra file open flags: (none)
64 files, 128MiB each
8GiB total file size
Block size 32KiB
Number of IO requests: 0
Read/Write ratio for combined random IO test: 1.50
Calling fsync() after each write operation.
Using synchronous I/O mode
Doing random read test
Initializing worker threads...

Threads started!


File operations:
    reads/s:                      436461.26
    writes/s:                     0.00
    fsyncs/s:                     0.00

Throughput:
    read, MiB/s:                  13639.41
    written, MiB/s:               0.00

General statistics:
    total time:                          240.0004s
    total number of events:              104751726

Latency (ms):
         min:                                    0.00
         avg:                                    0.03
         max:                                   69.89
         95th percentile:                        0.02
         sum:                              3298784.95

Threads fairness:
    events (avg/stddev):           6546982.8750/20201.87
    execution time (avg/stddev):   206.1741/0.63

sysbench 1.0.17 (using bundled LuaJIT 2.1.0-beta2)

Running the test with following options:
Number of threads: 32
Initializing random number generator from current time


Extra file open flags: (none)
64 files, 128MiB each
8GiB total file size
Block size 32KiB
Number of IO requests: 0
Read/Write ratio for combined random IO test: 1.50
Calling fsync() after each write operation.
Using synchronous I/O mode
Doing random read test
Initializing worker threads...

Threads started!


File operations:
    reads/s:                      436543.15
    writes/s:                     0.00
    fsyncs/s:                     0.00

Throughput:
    read, MiB/s:                  13641.97
    written, MiB/s:               0.00

General statistics:
    total time:                          240.0007s
    total number of events:              104771413

Latency (ms):
         min:                                    0.00
         avg:                                    0.06
         max:                                  100.03
         95th percentile:                        0.02
         sum:                              6807961.22

Threads fairness:
    events (avg/stddev):           3274106.6562/9614.68
    execution time (avg/stddev):   212.7488/1.04

sysbench 1.0.17 (using bundled LuaJIT 2.1.0-beta2)

Running the test with following options:
Number of threads: 64
Initializing random number generator from current time


Extra file open flags: (none)
64 files, 128MiB each
8GiB total file size
Block size 32KiB
Number of IO requests: 0
Read/Write ratio for combined random IO test: 1.50
Calling fsync() after each write operation.
Using synchronous I/O mode
Doing random read test
Initializing worker threads...

Threads started!


File operations:
    reads/s:                      435277.06
    writes/s:                     0.00
    fsyncs/s:                     0.00

Throughput:
    read, MiB/s:                  13602.41
    written, MiB/s:               0.00

General statistics:
    total time:                          240.0014s
    total number of events:              104467926

Latency (ms):
         min:                                    0.00
         avg:                                    0.13
         max:                                  265.94
         95th percentile:                        0.02
         sum:                             13552983.97

Threads fairness:
    events (avg/stddev):           1632311.3438/6985.03
    execution time (avg/stddev):   211.7654/1.12

