sysbench 1.0.17 (using bundled LuaJIT 2.1.0-beta2)

Running the test with following options:
Number of threads: 1
Initializing random number generator from current time


Extra file open flags: (none)
64 files, 128MiB each
8GiB total file size
Block size 32KiB
Number of IO requests: 0
Read/Write ratio for combined random IO test: 1.50
Calling fsync() after each write operation.
Using synchronous I/O mode
Doing random write test
Initializing worker threads...

Threads started!


File operations:
    reads/s:                      0.00
    writes/s:                     1417.51
    fsyncs/s:                     1417.51

Throughput:
    read, MiB/s:                  0.00
    written, MiB/s:               44.30

General statistics:
    total time:                          240.0054s
    total number of events:              340212

Latency (ms):
         min:                                    0.13
         avg:                                    0.70
         max:                                   26.24
         95th percentile:                        1.96
         sum:                               239403.52

Threads fairness:
    events (avg/stddev):           340212.0000/0.00
    execution time (avg/stddev):   239.4035/0.00

sysbench 1.0.17 (using bundled LuaJIT 2.1.0-beta2)

Running the test with following options:
Number of threads: 4
Initializing random number generator from current time


Extra file open flags: (none)
64 files, 128MiB each
8GiB total file size
Block size 32KiB
Number of IO requests: 0
Read/Write ratio for combined random IO test: 1.50
Calling fsync() after each write operation.
Using synchronous I/O mode
Doing random write test
Initializing worker threads...

Threads started!


File operations:
    reads/s:                      0.00
    writes/s:                     1955.20
    fsyncs/s:                     1955.20

Throughput:
    read, MiB/s:                  0.00
    written, MiB/s:               61.10

General statistics:
    total time:                          240.0249s
    total number of events:              469301

Latency (ms):
         min:                                    0.14
         avg:                                    2.04
         max:                                   49.75
         95th percentile:                        4.65
         sum:                               959206.57

Threads fairness:
    events (avg/stddev):           117325.2500/67.74
    execution time (avg/stddev):   239.8016/0.01

sysbench 1.0.17 (using bundled LuaJIT 2.1.0-beta2)

Running the test with following options:
Number of threads: 8
Initializing random number generator from current time


Extra file open flags: (none)
64 files, 128MiB each
8GiB total file size
Block size 32KiB
Number of IO requests: 0
Read/Write ratio for combined random IO test: 1.50
Calling fsync() after each write operation.
Using synchronous I/O mode
Doing random write test
Initializing worker threads...

Threads started!


File operations:
    reads/s:                      0.00
    writes/s:                     1889.73
    fsyncs/s:                     1889.73

Throughput:
    read, MiB/s:                  0.00
    written, MiB/s:               59.05

General statistics:
    total time:                          240.0080s
    total number of events:              453555

Latency (ms):
         min:                                    0.13
         avg:                                    4.23
         max:                                  111.72
         95th percentile:                       14.73
         sum:                              1919187.17

Threads fairness:
    events (avg/stddev):           56694.3750/114.35
    execution time (avg/stddev):   239.8984/0.01

sysbench 1.0.17 (using bundled LuaJIT 2.1.0-beta2)

Running the test with following options:
Number of threads: 16
Initializing random number generator from current time


Extra file open flags: (none)
64 files, 128MiB each
8GiB total file size
Block size 32KiB
Number of IO requests: 0
Read/Write ratio for combined random IO test: 1.50
Calling fsync() after each write operation.
Using synchronous I/O mode
Doing random write test
Initializing worker threads...

Threads started!


File operations:
    reads/s:                      0.00
    writes/s:                     1610.28
    fsyncs/s:                     1610.28

Throughput:
    read, MiB/s:                  0.00
    written, MiB/s:               50.32

General statistics:
    total time:                          240.0094s
    total number of events:              386486

Latency (ms):
         min:                                    0.14
         avg:                                    9.93
         max:                                  228.48
         95th percentile:                       35.59
         sum:                              3839467.46

Threads fairness:
    events (avg/stddev):           24155.3750/63.18
    execution time (avg/stddev):   239.9667/0.00

sysbench 1.0.17 (using bundled LuaJIT 2.1.0-beta2)

Running the test with following options:
Number of threads: 32
Initializing random number generator from current time


Extra file open flags: (none)
64 files, 128MiB each
8GiB total file size
Block size 32KiB
Number of IO requests: 0
Read/Write ratio for combined random IO test: 1.50
Calling fsync() after each write operation.
Using synchronous I/O mode
Doing random write test
Initializing worker threads...

Threads started!


File operations:
    reads/s:                      0.00
    writes/s:                     2430.96
    fsyncs/s:                     2430.96

Throughput:
    read, MiB/s:                  0.00
    written, MiB/s:               75.97

General statistics:
    total time:                          240.0039s
    total number of events:              583443

Latency (ms):
         min:                                    0.17
         avg:                                   13.16
         max:                                  316.34
         95th percentile:                       59.99
         sum:                              7679124.98

Threads fairness:
    events (avg/stddev):           18232.5938/55.46
    execution time (avg/stddev):   239.9727/0.00

sysbench 1.0.17 (using bundled LuaJIT 2.1.0-beta2)

Running the test with following options:
Number of threads: 64
Initializing random number generator from current time


Extra file open flags: (none)
64 files, 128MiB each
8GiB total file size
Block size 32KiB
Number of IO requests: 0
Read/Write ratio for combined random IO test: 1.50
Calling fsync() after each write operation.
Using synchronous I/O mode
Doing random write test
Initializing worker threads...

Threads started!


File operations:
    reads/s:                      0.00
    writes/s:                     10049.53
    fsyncs/s:                     10049.53

Throughput:
    read, MiB/s:                  0.00
    written, MiB/s:               314.05

General statistics:
    total time:                          240.0021s
    total number of events:              2411926

Latency (ms):
         min:                                    0.18
         avg:                                    6.37
         max:                                  106.04
         95th percentile:                       11.04
         sum:                             15357153.21

Threads fairness:
    events (avg/stddev):           37686.3438/76.37
    execution time (avg/stddev):   239.9555/0.00

