------------------------------------------------------------
Client connecting to 10.142.0.25, TCP port 5001
TCP window size: 45.0 KByte (default)
------------------------------------------------------------
[  3] local 10.142.0.75 port 48932 connected with 10.142.0.25 port 5001
[ ID] Interval       Transfer     Bandwidth
[  3]  0.0- 1.0 sec   744 MBytes  6.25 Gbits/sec
[  3]  1.0- 2.0 sec   907 MBytes  7.61 Gbits/sec
[  3]  2.0- 3.0 sec   940 MBytes  7.88 Gbits/sec
[  3]  3.0- 4.0 sec   940 MBytes  7.89 Gbits/sec
[  3]  4.0- 5.0 sec   937 MBytes  7.86 Gbits/sec
[  3]  5.0- 6.0 sec   940 MBytes  7.89 Gbits/sec
[  3]  6.0- 7.0 sec   941 MBytes  7.90 Gbits/sec
[  3]  7.0- 8.0 sec   942 MBytes  7.90 Gbits/sec
[  3]  8.0- 9.0 sec   938 MBytes  7.87 Gbits/sec
[  3]  9.0-10.0 sec   930 MBytes  7.81 Gbits/sec
[  3] 10.0-11.0 sec   933 MBytes  7.83 Gbits/sec
[  3] 11.0-12.0 sec   936 MBytes  7.85 Gbits/sec
[  3] 12.0-13.0 sec   933 MBytes  7.83 Gbits/sec
[  3] 13.0-14.0 sec   941 MBytes  7.89 Gbits/sec
[  3] 14.0-15.0 sec   925 MBytes  7.76 Gbits/sec
[  3] 15.0-16.0 sec   943 MBytes  7.91 Gbits/sec
[  3] 16.0-17.0 sec   942 MBytes  7.90 Gbits/sec
[  3] 17.0-18.0 sec   941 MBytes  7.89 Gbits/sec
[  3] 18.0-19.0 sec   942 MBytes  7.90 Gbits/sec
[  3] 19.0-20.0 sec   942 MBytes  7.90 Gbits/sec
[  3] 20.0-21.0 sec   934 MBytes  7.84 Gbits/sec
[  3] 21.0-22.0 sec   941 MBytes  7.89 Gbits/sec
[  3] 22.0-23.0 sec   931 MBytes  7.81 Gbits/sec
[  3] 23.0-24.0 sec   920 MBytes  7.72 Gbits/sec
[  3] 24.0-25.0 sec   810 MBytes  6.79 Gbits/sec
[  3] 25.0-26.0 sec   859 MBytes  7.20 Gbits/sec
[  3] 26.0-27.0 sec   833 MBytes  6.99 Gbits/sec
[  3] 27.0-28.0 sec   796 MBytes  6.67 Gbits/sec
[  3] 28.0-29.0 sec   835 MBytes  7.00 Gbits/sec
[  3] 29.0-30.0 sec   751 MBytes  6.30 Gbits/sec
[  3] 30.0-31.0 sec   804 MBytes  6.74 Gbits/sec
[  3] 31.0-32.0 sec   893 MBytes  7.49 Gbits/sec
[  3] 32.0-33.0 sec   911 MBytes  7.64 Gbits/sec
[  3] 33.0-34.0 sec   868 MBytes  7.28 Gbits/sec
[  3] 34.0-35.0 sec   904 MBytes  7.58 Gbits/sec
[  3] 35.0-36.0 sec   840 MBytes  7.05 Gbits/sec
[  3] 36.0-37.0 sec   886 MBytes  7.43 Gbits/sec
[  3] 37.0-38.0 sec   910 MBytes  7.63 Gbits/sec
[  3] 38.0-39.0 sec   926 MBytes  7.77 Gbits/sec
[  3] 39.0-40.0 sec   894 MBytes  7.50 Gbits/sec
[  3] 40.0-41.0 sec   910 MBytes  7.63 Gbits/sec
[  3] 41.0-42.0 sec   847 MBytes  7.10 Gbits/sec
[  3] 42.0-43.0 sec   812 MBytes  6.82 Gbits/sec
[  3] 43.0-44.0 sec   840 MBytes  7.05 Gbits/sec
[  3] 44.0-45.0 sec   877 MBytes  7.36 Gbits/sec
[  3] 45.0-46.0 sec   804 MBytes  6.74 Gbits/sec
[  3] 46.0-47.0 sec   777 MBytes  6.52 Gbits/sec
[  3] 47.0-48.0 sec   800 MBytes  6.71 Gbits/sec
[  3] 48.0-49.0 sec   830 MBytes  6.97 Gbits/sec
[  3] 49.0-50.0 sec   793 MBytes  6.65 Gbits/sec
[  3] 50.0-51.0 sec   872 MBytes  7.31 Gbits/sec
[  3] 51.0-52.0 sec   838 MBytes  7.03 Gbits/sec
[  3] 52.0-53.0 sec   810 MBytes  6.79 Gbits/sec
[  3] 53.0-54.0 sec   816 MBytes  6.85 Gbits/sec
[  3] 54.0-55.0 sec   829 MBytes  6.95 Gbits/sec
[  3] 55.0-56.0 sec   808 MBytes  6.78 Gbits/sec
[  3] 56.0-57.0 sec   831 MBytes  6.97 Gbits/sec
[  3] 57.0-58.0 sec   818 MBytes  6.86 Gbits/sec
[  3] 58.0-59.0 sec   806 MBytes  6.76 Gbits/sec
[  3]  0.0-60.0 sec  51.3 GBytes  7.34 Gbits/sec
