sysbench 1.0.17 (using bundled LuaJIT 2.1.0-beta2)

Running the test with following options:
Number of threads: 1
Initializing random number generator from current time


Extra file open flags: (none)
64 files, 128MiB each
8GiB total file size
Block size 32KiB
Number of IO requests: 0
Read/Write ratio for combined random IO test: 1.50
Calling fsync() after each write operation.
Using synchronous I/O mode
Doing random read test
Initializing worker threads...

Threads started!


File operations:
    reads/s:                      232689.47
    writes/s:                     0.00
    fsyncs/s:                     0.00

Throughput:
    read, MiB/s:                  7271.55
    written, MiB/s:               0.00

General statistics:
    total time:                          240.0001s
    total number of events:              55845830

Latency (ms):
         min:                                    0.00
         avg:                                    0.00
         max:                                    0.10
         95th percentile:                        0.00
         sum:                               228161.41

Threads fairness:
    events (avg/stddev):           55845830.0000/0.00
    execution time (avg/stddev):   228.1614/0.00

sysbench 1.0.17 (using bundled LuaJIT 2.1.0-beta2)

Running the test with following options:
Number of threads: 4
Initializing random number generator from current time


Extra file open flags: (none)
64 files, 128MiB each
8GiB total file size
Block size 32KiB
Number of IO requests: 0
Read/Write ratio for combined random IO test: 1.50
Calling fsync() after each write operation.
Using synchronous I/O mode
Doing random read test
Initializing worker threads...

Threads started!


File operations:
    reads/s:                      605824.43
    writes/s:                     0.00
    fsyncs/s:                     0.00

Throughput:
    read, MiB/s:                  18932.01
    written, MiB/s:               0.00

General statistics:
    total time:                          240.0001s
    total number of events:              145398968

Latency (ms):
         min:                                    0.00
         avg:                                    0.01
         max:                                    0.28
         95th percentile:                        0.01
         sum:                               848185.09

Threads fairness:
    events (avg/stddev):           36349742.0000/839585.42
    execution time (avg/stddev):   212.0463/1.74

sysbench 1.0.17 (using bundled LuaJIT 2.1.0-beta2)

Running the test with following options:
Number of threads: 8
Initializing random number generator from current time


Extra file open flags: (none)
64 files, 128MiB each
8GiB total file size
Block size 32KiB
Number of IO requests: 0
Read/Write ratio for combined random IO test: 1.50
Calling fsync() after each write operation.
Using synchronous I/O mode
Doing random read test
Initializing worker threads...

Threads started!


File operations:
    reads/s:                      759052.51
    writes/s:                     0.00
    fsyncs/s:                     0.00

Throughput:
    read, MiB/s:                  23720.39
    written, MiB/s:               0.00

General statistics:
    total time:                          240.0001s
    total number of events:              182173863

Latency (ms):
         min:                                    0.00
         avg:                                    0.01
         max:                                   14.07
         95th percentile:                        0.01
         sum:                              1753554.91

Threads fairness:
    events (avg/stddev):           22771732.8750/97952.09
    execution time (avg/stddev):   219.1944/0.42

sysbench 1.0.17 (using bundled LuaJIT 2.1.0-beta2)

Running the test with following options:
Number of threads: 16
Initializing random number generator from current time


Extra file open flags: (none)
64 files, 128MiB each
8GiB total file size
Block size 32KiB
Number of IO requests: 0
Read/Write ratio for combined random IO test: 1.50
Calling fsync() after each write operation.
Using synchronous I/O mode
Doing random read test
Initializing worker threads...

Threads started!


File operations:
    reads/s:                      737944.02
    writes/s:                     0.00
    fsyncs/s:                     0.00

Throughput:
    read, MiB/s:                  23060.75
    written, MiB/s:               0.00

General statistics:
    total time:                          240.0001s
    total number of events:              177107877

Latency (ms):
         min:                                    0.00
         avg:                                    0.02
         max:                                    9.34
         95th percentile:                        0.04
         sum:                              2761861.81

Threads fairness:
    events (avg/stddev):           11069242.3125/66450.19
    execution time (avg/stddev):   172.6164/0.59

sysbench 1.0.17 (using bundled LuaJIT 2.1.0-beta2)

Running the test with following options:
Number of threads: 32
Initializing random number generator from current time


Extra file open flags: (none)
64 files, 128MiB each
8GiB total file size
Block size 32KiB
Number of IO requests: 0
Read/Write ratio for combined random IO test: 1.50
Calling fsync() after each write operation.
Using synchronous I/O mode
Doing random read test
Initializing worker threads...

Threads started!


File operations:
    reads/s:                      714319.74
    writes/s:                     0.00
    fsyncs/s:                     0.00

Throughput:
    read, MiB/s:                  22322.49
    written, MiB/s:               0.00

General statistics:
    total time:                          240.0002s
    total number of events:              171438048

Latency (ms):
         min:                                    0.00
         avg:                                    0.03
         max:                                    7.60
         95th percentile:                        0.11
         sum:                              4758805.94

Threads fairness:
    events (avg/stddev):           5357439.0000/15756.63
    execution time (avg/stddev):   148.7127/0.49

sysbench 1.0.17 (using bundled LuaJIT 2.1.0-beta2)

Running the test with following options:
Number of threads: 64
Initializing random number generator from current time


Extra file open flags: (none)
64 files, 128MiB each
8GiB total file size
Block size 32KiB
Number of IO requests: 0
Read/Write ratio for combined random IO test: 1.50
Calling fsync() after each write operation.
Using synchronous I/O mode
Doing random read test
Initializing worker threads...

Threads started!


File operations:
    reads/s:                      720697.31
    writes/s:                     0.00
    fsyncs/s:                     0.00

Throughput:
    read, MiB/s:                  22521.79
    written, MiB/s:               0.00

General statistics:
    total time:                          240.0003s
    total number of events:              172968750

Latency (ms):
         min:                                    0.00
         avg:                                    0.05
         max:                                   29.33
         95th percentile:                        0.30
         sum:                              8955099.03

Threads fairness:
    events (avg/stddev):           2702636.7188/12074.70
    execution time (avg/stddev):   139.9234/0.30

