sysbench 1.0.17 (using bundled LuaJIT 2.1.0-beta2)

Running the test with following options:
Number of threads: 1
Initializing random number generator from current time


Extra file open flags: (none)
64 files, 128MiB each
8GiB total file size
Block size 32KiB
Number of IO requests: 0
Read/Write ratio for combined random IO test: 1.50
Calling fsync() after each write operation.
Using synchronous I/O mode
Doing random read test
Initializing worker threads...

Threads started!


File operations:
    reads/s:                      163656.78
    writes/s:                     0.00
    fsyncs/s:                     0.00

Throughput:
    read, MiB/s:                  5114.27
    written, MiB/s:               0.00

General statistics:
    total time:                          240.0001s
    total number of events:              39277945

Latency (ms):
         min:                                    0.00
         avg:                                    0.01
         max:                                    0.58
         95th percentile:                        0.01
         sum:                               228408.77

Threads fairness:
    events (avg/stddev):           39277945.0000/0.00
    execution time (avg/stddev):   228.4088/0.00

sysbench 1.0.17 (using bundled LuaJIT 2.1.0-beta2)

Running the test with following options:
Number of threads: 4
Initializing random number generator from current time


Extra file open flags: (none)
64 files, 128MiB each
8GiB total file size
Block size 32KiB
Number of IO requests: 0
Read/Write ratio for combined random IO test: 1.50
Calling fsync() after each write operation.
Using synchronous I/O mode
Doing random read test
Initializing worker threads...

Threads started!


File operations:
    reads/s:                      573241.16
    writes/s:                     0.00
    fsyncs/s:                     0.00

Throughput:
    read, MiB/s:                  17913.79
    written, MiB/s:               0.00

General statistics:
    total time:                          240.0002s
    total number of events:              137579118

Latency (ms):
         min:                                    0.00
         avg:                                    0.01
         max:                                    1.00
         95th percentile:                        0.01
         sum:                               880118.11

Threads fairness:
    events (avg/stddev):           34394779.5000/122021.49
    execution time (avg/stddev):   220.0295/0.12

sysbench 1.0.17 (using bundled LuaJIT 2.1.0-beta2)

Running the test with following options:
Number of threads: 8
Initializing random number generator from current time


Extra file open flags: (none)
64 files, 128MiB each
8GiB total file size
Block size 32KiB
Number of IO requests: 0
Read/Write ratio for combined random IO test: 1.50
Calling fsync() after each write operation.
Using synchronous I/O mode
Doing random read test
Initializing worker threads...

Threads started!


File operations:
    reads/s:                      743119.94
    writes/s:                     0.00
    fsyncs/s:                     0.00

Throughput:
    read, MiB/s:                  23222.50
    written, MiB/s:               0.00

General statistics:
    total time:                          240.0002s
    total number of events:              178350304

Latency (ms):
         min:                                    0.00
         avg:                                    0.01
         max:                                   10.35
         95th percentile:                        0.02
         sum:                              1582680.41

Threads fairness:
    events (avg/stddev):           22293788.0000/106489.23
    execution time (avg/stddev):   197.8351/0.28

sysbench 1.0.17 (using bundled LuaJIT 2.1.0-beta2)

Running the test with following options:
Number of threads: 16
Initializing random number generator from current time


Extra file open flags: (none)
64 files, 128MiB each
8GiB total file size
Block size 32KiB
Number of IO requests: 0
Read/Write ratio for combined random IO test: 1.50
Calling fsync() after each write operation.
Using synchronous I/O mode
Doing random read test
Initializing worker threads...

Threads started!


File operations:
    reads/s:                      767228.64
    writes/s:                     0.00
    fsyncs/s:                     0.00

Throughput:
    read, MiB/s:                  23975.90
    written, MiB/s:               0.00

General statistics:
    total time:                          240.0002s
    total number of events:              184136614

Latency (ms):
         min:                                    0.00
         avg:                                    0.01
         max:                                   14.57
         95th percentile:                        0.03
         sum:                              2760662.88

Threads fairness:
    events (avg/stddev):           11508538.3750/23534.63
    execution time (avg/stddev):   172.5414/0.20

sysbench 1.0.17 (using bundled LuaJIT 2.1.0-beta2)

Running the test with following options:
Number of threads: 32
Initializing random number generator from current time


Extra file open flags: (none)
64 files, 128MiB each
8GiB total file size
Block size 32KiB
Number of IO requests: 0
Read/Write ratio for combined random IO test: 1.50
Calling fsync() after each write operation.
Using synchronous I/O mode
Doing random read test
Initializing worker threads...

Threads started!


File operations:
    reads/s:                      784446.94
    writes/s:                     0.00
    fsyncs/s:                     0.00

Throughput:
    read, MiB/s:                  24513.97
    written, MiB/s:               0.00

General statistics:
    total time:                          240.0004s
    total number of events:              188269140

Latency (ms):
         min:                                    0.00
         avg:                                    0.03
         max:                                   12.96
         95th percentile:                        0.10
         sum:                              4716847.82

Threads fairness:
    events (avg/stddev):           5883410.6250/7297.77
    execution time (avg/stddev):   147.4015/0.12

sysbench 1.0.17 (using bundled LuaJIT 2.1.0-beta2)

Running the test with following options:
Number of threads: 64
Initializing random number generator from current time


Extra file open flags: (none)
64 files, 128MiB each
8GiB total file size
Block size 32KiB
Number of IO requests: 0
Read/Write ratio for combined random IO test: 1.50
Calling fsync() after each write operation.
Using synchronous I/O mode
Doing random read test
Initializing worker threads...

Threads started!


File operations:
    reads/s:                      777522.62
    writes/s:                     0.00
    fsyncs/s:                     0.00

Throughput:
    read, MiB/s:                  24297.58
    written, MiB/s:               0.00

General statistics:
    total time:                          240.0007s
    total number of events:              186607594

Latency (ms):
         min:                                    0.00
         avg:                                    0.05
         max:                                   25.11
         95th percentile:                        0.27
         sum:                              8745254.54

Threads fairness:
    events (avg/stddev):           2915743.6562/5394.84
    execution time (avg/stddev):   136.6446/0.14

