sysbench 1.0.17 (using bundled LuaJIT 2.1.0-beta2)

Running the test with following options:
Number of threads: 1
Initializing random number generator from current time


Extra file open flags: (none)
64 files, 128MiB each
8GiB total file size
Block size 32KiB
Number of IO requests: 0
Read/Write ratio for combined random IO test: 1.50
Calling fsync() after each write operation.
Using synchronous I/O mode
Doing random write test
Initializing worker threads...

Threads started!


File operations:
    reads/s:                      0.00
    writes/s:                     2592.12
    fsyncs/s:                     2592.12

Throughput:
    read, MiB/s:                  0.00
    written, MiB/s:               81.00

General statistics:
    total time:                          240.0004s
    total number of events:              622113

Latency (ms):
         min:                                    0.10
         avg:                                    0.38
         max:                                   25.92
         95th percentile:                        0.59
         sum:                               239506.97

Threads fairness:
    events (avg/stddev):           622113.0000/0.00
    execution time (avg/stddev):   239.5070/0.00

sysbench 1.0.17 (using bundled LuaJIT 2.1.0-beta2)

Running the test with following options:
Number of threads: 4
Initializing random number generator from current time


Extra file open flags: (none)
64 files, 128MiB each
8GiB total file size
Block size 32KiB
Number of IO requests: 0
Read/Write ratio for combined random IO test: 1.50
Calling fsync() after each write operation.
Using synchronous I/O mode
Doing random write test
Initializing worker threads...

Threads started!


File operations:
    reads/s:                      0.00
    writes/s:                     9679.38
    fsyncs/s:                     9679.38

Throughput:
    read, MiB/s:                  0.00
    written, MiB/s:               302.48

General statistics:
    total time:                          240.0004s
    total number of events:              2323073

Latency (ms):
         min:                                    0.11
         avg:                                    0.41
         max:                                  181.30
         95th percentile:                        0.68
         sum:                               958072.96

Threads fairness:
    events (avg/stddev):           580768.2500/141.46
    execution time (avg/stddev):   239.5182/0.00

sysbench 1.0.17 (using bundled LuaJIT 2.1.0-beta2)

Running the test with following options:
Number of threads: 8
Initializing random number generator from current time


Extra file open flags: (none)
64 files, 128MiB each
8GiB total file size
Block size 32KiB
Number of IO requests: 0
Read/Write ratio for combined random IO test: 1.50
Calling fsync() after each write operation.
Using synchronous I/O mode
Doing random write test
Initializing worker threads...

Threads started!


File operations:
    reads/s:                      0.00
    writes/s:                     11272.08
    fsyncs/s:                     11272.08

Throughput:
    read, MiB/s:                  0.00
    written, MiB/s:               352.25

General statistics:
    total time:                          240.0003s
    total number of events:              2705323

Latency (ms):
         min:                                    0.10
         avg:                                    0.71
         max:                                  498.13
         95th percentile:                        1.16
         sum:                              1917228.52

Threads fairness:
    events (avg/stddev):           338165.3750/540.11
    execution time (avg/stddev):   239.6536/0.00

sysbench 1.0.17 (using bundled LuaJIT 2.1.0-beta2)

Running the test with following options:
Number of threads: 16
Initializing random number generator from current time


Extra file open flags: (none)
64 files, 128MiB each
8GiB total file size
Block size 32KiB
Number of IO requests: 0
Read/Write ratio for combined random IO test: 1.50
Calling fsync() after each write operation.
Using synchronous I/O mode
Doing random write test
Initializing worker threads...

Threads started!


File operations:
    reads/s:                      0.00
    writes/s:                     11617.94
    fsyncs/s:                     11617.94

Throughput:
    read, MiB/s:                  0.00
    written, MiB/s:               363.06

General statistics:
    total time:                          240.0007s
    total number of events:              2788334

Latency (ms):
         min:                                    0.11
         avg:                                    1.38
         max:                                   77.84
         95th percentile:                        3.75
         sum:                              3835326.75

Threads fairness:
    events (avg/stddev):           174270.8750/189.53
    execution time (avg/stddev):   239.7079/0.00

sysbench 1.0.17 (using bundled LuaJIT 2.1.0-beta2)

Running the test with following options:
Number of threads: 32
Initializing random number generator from current time


Extra file open flags: (none)
64 files, 128MiB each
8GiB total file size
Block size 32KiB
Number of IO requests: 0
Read/Write ratio for combined random IO test: 1.50
Calling fsync() after each write operation.
Using synchronous I/O mode
Doing random write test
Initializing worker threads...

Threads started!


File operations:
    reads/s:                      0.00
    writes/s:                     12017.21
    fsyncs/s:                     12017.21

Throughput:
    read, MiB/s:                  0.00
    written, MiB/s:               375.54

General statistics:
    total time:                          240.0071s
    total number of events:              2884235

Latency (ms):
         min:                                    0.11
         avg:                                    2.66
         max:                                   54.68
         95th percentile:                        7.98
         sum:                              7672198.77

Threads fairness:
    events (avg/stddev):           90132.3438/231.51
    execution time (avg/stddev):   239.7562/0.00

sysbench 1.0.17 (using bundled LuaJIT 2.1.0-beta2)

Running the test with following options:
Number of threads: 64
Initializing random number generator from current time


Extra file open flags: (none)
64 files, 128MiB each
8GiB total file size
Block size 32KiB
Number of IO requests: 0
Read/Write ratio for combined random IO test: 1.50
Calling fsync() after each write operation.
Using synchronous I/O mode
Doing random write test
Initializing worker threads...

Threads started!


File operations:
    reads/s:                      0.00
    writes/s:                     12210.92
    fsyncs/s:                     12210.92

Throughput:
    read, MiB/s:                  0.00
    written, MiB/s:               381.59

General statistics:
    total time:                          240.0086s
    total number of events:              2930745

Latency (ms):
         min:                                    0.10
         avg:                                    5.24
         max:                                   83.43
         95th percentile:                       13.95
         sum:                             15351165.78

Threads fairness:
    events (avg/stddev):           45792.8906/112.04
    execution time (avg/stddev):   239.8620/0.00

