sysbench 1.0.17 (using bundled LuaJIT 2.1.0-beta2)

Running the test with following options:
Number of threads: 1
Initializing random number generator from current time


Extra file open flags: (none)
64 files, 128MiB each
8GiB total file size
Block size 32KiB
Number of IO requests: 0
Read/Write ratio for combined random IO test: 1.50
Calling fsync() after each write operation.
Using synchronous I/O mode
Doing random read test
Initializing worker threads...

Threads started!


File operations:
    reads/s:                      217031.52
    writes/s:                     0.00
    fsyncs/s:                     0.00

Throughput:
    read, MiB/s:                  6782.23
    written, MiB/s:               0.00

General statistics:
    total time:                          240.0001s
    total number of events:              52087896

Latency (ms):
         min:                                    0.00
         avg:                                    0.00
         max:                                    0.58
         95th percentile:                        0.01
         sum:                               228806.10

Threads fairness:
    events (avg/stddev):           52087896.0000/0.00
    execution time (avg/stddev):   228.8061/0.00

sysbench 1.0.17 (using bundled LuaJIT 2.1.0-beta2)

Running the test with following options:
Number of threads: 4
Initializing random number generator from current time


Extra file open flags: (none)
64 files, 128MiB each
8GiB total file size
Block size 32KiB
Number of IO requests: 0
Read/Write ratio for combined random IO test: 1.50
Calling fsync() after each write operation.
Using synchronous I/O mode
Doing random read test
Initializing worker threads...

Threads started!


File operations:
    reads/s:                      731352.81
    writes/s:                     0.00
    fsyncs/s:                     0.00

Throughput:
    read, MiB/s:                  22854.78
    written, MiB/s:               0.00

General statistics:
    total time:                          240.0001s
    total number of events:              175525816

Latency (ms):
         min:                                    0.00
         avg:                                    0.00
         max:                                    0.83
         95th percentile:                        0.01
         sum:                               871207.73

Threads fairness:
    events (avg/stddev):           43881454.0000/80321.63
    execution time (avg/stddev):   217.8019/0.59

sysbench 1.0.17 (using bundled LuaJIT 2.1.0-beta2)

Running the test with following options:
Number of threads: 8
Initializing random number generator from current time


Extra file open flags: (none)
64 files, 128MiB each
8GiB total file size
Block size 32KiB
Number of IO requests: 0
Read/Write ratio for combined random IO test: 1.50
Calling fsync() after each write operation.
Using synchronous I/O mode
Doing random read test
Initializing worker threads...

Threads started!


File operations:
    reads/s:                      1141984.43
    writes/s:                     0.00
    fsyncs/s:                     0.00

Throughput:
    read, MiB/s:                  35687.01
    written, MiB/s:               0.00

General statistics:
    total time:                          240.0002s
    total number of events:              274078178

Latency (ms):
         min:                                    0.00
         avg:                                    0.01
         max:                                    1.73
         95th percentile:                        0.01
         sum:                              1595148.36

Threads fairness:
    events (avg/stddev):           34259772.2500/51967.58
    execution time (avg/stddev):   199.3935/0.22

sysbench 1.0.17 (using bundled LuaJIT 2.1.0-beta2)

Running the test with following options:
Number of threads: 16
Initializing random number generator from current time


Extra file open flags: (none)
64 files, 128MiB each
8GiB total file size
Block size 32KiB
Number of IO requests: 0
Read/Write ratio for combined random IO test: 1.50
Calling fsync() after each write operation.
Using synchronous I/O mode
Doing random read test
Initializing worker threads...

Threads started!


File operations:
    reads/s:                      1120272.17
    writes/s:                     0.00
    fsyncs/s:                     0.00

Throughput:
    read, MiB/s:                  35008.51
    written, MiB/s:               0.00

General statistics:
    total time:                          240.0002s
    total number of events:              268867223

Latency (ms):
         min:                                    0.00
         avg:                                    0.01
         max:                                   26.30
         95th percentile:                        0.02
         sum:                              2676348.39

Threads fairness:
    events (avg/stddev):           16804201.4375/44972.09
    execution time (avg/stddev):   167.2718/0.12

sysbench 1.0.17 (using bundled LuaJIT 2.1.0-beta2)

Running the test with following options:
Number of threads: 32
Initializing random number generator from current time


Extra file open flags: (none)
64 files, 128MiB each
8GiB total file size
Block size 32KiB
Number of IO requests: 0
Read/Write ratio for combined random IO test: 1.50
Calling fsync() after each write operation.
Using synchronous I/O mode
Doing random read test
Initializing worker threads...

Threads started!


File operations:
    reads/s:                      1114291.97
    writes/s:                     0.00
    fsyncs/s:                     0.00

Throughput:
    read, MiB/s:                  34821.62
    written, MiB/s:               0.00

General statistics:
    total time:                          240.0004s
    total number of events:              267432259

Latency (ms):
         min:                                    0.00
         avg:                                    0.02
         max:                                   26.84
         95th percentile:                        0.07
         sum:                              4645924.57

Threads fairness:
    events (avg/stddev):           8357258.0938/29326.28
    execution time (avg/stddev):   145.1851/0.15

sysbench 1.0.17 (using bundled LuaJIT 2.1.0-beta2)

Running the test with following options:
Number of threads: 64
Initializing random number generator from current time


Extra file open flags: (none)
64 files, 128MiB each
8GiB total file size
Block size 32KiB
Number of IO requests: 0
Read/Write ratio for combined random IO test: 1.50
Calling fsync() after each write operation.
Using synchronous I/O mode
Doing random read test
Initializing worker threads...

Threads started!


File operations:
    reads/s:                      1100879.03
    writes/s:                     0.00
    fsyncs/s:                     0.00

Throughput:
    read, MiB/s:                  34402.47
    written, MiB/s:               0.00

General statistics:
    total time:                          240.0006s
    total number of events:              264213327

Latency (ms):
         min:                                    0.00
         avg:                                    0.03
         max:                                   25.55
         95th percentile:                        0.19
         sum:                              8687250.35

Threads fairness:
    events (avg/stddev):           4128333.2344/5460.61
    execution time (avg/stddev):   135.7383/0.12

