sysbench 1.0.17 (using bundled LuaJIT 2.1.0-beta2)

Running the test with following options:
Number of threads: 1
Initializing random number generator from current time


Extra file open flags: (none)
64 files, 128MiB each
8GiB total file size
Block size 32KiB
Number of IO requests: 0
Read/Write ratio for combined random IO test: 1.50
Calling fsync() after each write operation.
Using synchronous I/O mode
Doing random write test
Initializing worker threads...

Threads started!


File operations:
    reads/s:                      0.00
    writes/s:                     3973.61
    fsyncs/s:                     3973.61

Throughput:
    read, MiB/s:                  0.00
    written, MiB/s:               124.18

General statistics:
    total time:                          240.0002s
    total number of events:              953674

Latency (ms):
         min:                                    0.09
         avg:                                    0.25
         max:                                   45.86
         95th percentile:                        0.34
         sum:                               239623.40

Threads fairness:
    events (avg/stddev):           953674.0000/0.00
    execution time (avg/stddev):   239.6234/0.00

sysbench 1.0.17 (using bundled LuaJIT 2.1.0-beta2)

Running the test with following options:
Number of threads: 4
Initializing random number generator from current time


Extra file open flags: (none)
64 files, 128MiB each
8GiB total file size
Block size 32KiB
Number of IO requests: 0
Read/Write ratio for combined random IO test: 1.50
Calling fsync() after each write operation.
Using synchronous I/O mode
Doing random write test
Initializing worker threads...

Threads started!


File operations:
    reads/s:                      0.00
    writes/s:                     10884.16
    fsyncs/s:                     10884.16

Throughput:
    read, MiB/s:                  0.00
    written, MiB/s:               340.13

General statistics:
    total time:                          240.0002s
    total number of events:              2612216

Latency (ms):
         min:                                    0.09
         avg:                                    0.37
         max:                                  101.32
         95th percentile:                        0.97
         sum:                               958489.12

Threads fairness:
    events (avg/stddev):           653054.0000/971.95
    execution time (avg/stddev):   239.6223/0.00

sysbench 1.0.17 (using bundled LuaJIT 2.1.0-beta2)

Running the test with following options:
Number of threads: 8
Initializing random number generator from current time


Extra file open flags: (none)
64 files, 128MiB each
8GiB total file size
Block size 32KiB
Number of IO requests: 0
Read/Write ratio for combined random IO test: 1.50
Calling fsync() after each write operation.
Using synchronous I/O mode
Doing random write test
Initializing worker threads...

Threads started!


File operations:
    reads/s:                      0.00
    writes/s:                     11234.82
    fsyncs/s:                     11234.82

Throughput:
    read, MiB/s:                  0.00
    written, MiB/s:               351.09

General statistics:
    total time:                          240.0012s
    total number of events:              2696386

Latency (ms):
         min:                                    0.09
         avg:                                    0.71
         max:                                  216.20
         95th percentile:                        2.00
         sum:                              1918120.31

Threads fairness:
    events (avg/stddev):           337048.2500/1031.33
    execution time (avg/stddev):   239.7650/0.00

sysbench 1.0.17 (using bundled LuaJIT 2.1.0-beta2)

Running the test with following options:
Number of threads: 16
Initializing random number generator from current time


Extra file open flags: (none)
64 files, 128MiB each
8GiB total file size
Block size 32KiB
Number of IO requests: 0
Read/Write ratio for combined random IO test: 1.50
Calling fsync() after each write operation.
Using synchronous I/O mode
Doing random write test
Initializing worker threads...

Threads started!


File operations:
    reads/s:                      0.00
    writes/s:                     11702.77
    fsyncs/s:                     11702.77

Throughput:
    read, MiB/s:                  0.00
    written, MiB/s:               365.71

General statistics:
    total time:                          240.0010s
    total number of events:              2808692

Latency (ms):
         min:                                    0.09
         avg:                                    1.37
         max:                                  172.25
         95th percentile:                        3.75
         sum:                              3836430.81

Threads fairness:
    events (avg/stddev):           175543.2500/204.63
    execution time (avg/stddev):   239.7769/0.00

sysbench 1.0.17 (using bundled LuaJIT 2.1.0-beta2)

Running the test with following options:
Number of threads: 32
Initializing random number generator from current time


Extra file open flags: (none)
64 files, 128MiB each
8GiB total file size
Block size 32KiB
Number of IO requests: 0
Read/Write ratio for combined random IO test: 1.50
Calling fsync() after each write operation.
Using synchronous I/O mode
Doing random write test
Initializing worker threads...

Threads started!


File operations:
    reads/s:                      0.00
    writes/s:                     12009.07
    fsyncs/s:                     12009.07

Throughput:
    read, MiB/s:                  0.00
    written, MiB/s:               375.28

General statistics:
    total time:                          240.0070s
    total number of events:              2882277

Latency (ms):
         min:                                    0.09
         avg:                                    2.66
         max:                                  121.54
         95th percentile:                        7.30
         sum:                              7674385.04

Threads fairness:
    events (avg/stddev):           90071.1562/187.20
    execution time (avg/stddev):   239.8245/0.00

sysbench 1.0.17 (using bundled LuaJIT 2.1.0-beta2)

Running the test with following options:
Number of threads: 64
Initializing random number generator from current time


Extra file open flags: (none)
64 files, 128MiB each
8GiB total file size
Block size 32KiB
Number of IO requests: 0
Read/Write ratio for combined random IO test: 1.50
Calling fsync() after each write operation.
Using synchronous I/O mode
Doing random write test
Initializing worker threads...

Threads started!


File operations:
    reads/s:                      0.00
    writes/s:                     12210.27
    fsyncs/s:                     12210.27

Throughput:
    read, MiB/s:                  0.00
    written, MiB/s:               381.57

General statistics:
    total time:                          240.0043s
    total number of events:              2930533

Latency (ms):
         min:                                    0.10
         avg:                                    5.24
         max:                                  136.81
         95th percentile:                       13.22
         sum:                             15351758.85

Threads fairness:
    events (avg/stddev):           45789.5781/105.69
    execution time (avg/stddev):   239.8712/0.00

