sysbench 1.0.17 (using bundled LuaJIT 2.1.0-beta2)

Running the test with following options:
Number of threads: 1
Initializing random number generator from current time


Extra file open flags: (none)
64 files, 128MiB each
8GiB total file size
Block size 32KiB
Number of IO requests: 0
Read/Write ratio for combined random IO test: 1.50
Calling fsync() after each write operation.
Using synchronous I/O mode
Doing random read test
Initializing worker threads...

Threads started!


File operations:
    reads/s:                      165016.08
    writes/s:                     0.00
    fsyncs/s:                     0.00

Throughput:
    read, MiB/s:                  5156.75
    written, MiB/s:               0.00

General statistics:
    total time:                          240.0001s
    total number of events:              39604213

Latency (ms):
         min:                                    0.00
         avg:                                    0.01
         max:                                    8.69
         95th percentile:                        0.01
         sum:                               229384.84

Threads fairness:
    events (avg/stddev):           39604213.0000/0.00
    execution time (avg/stddev):   229.3848/0.00

sysbench 1.0.17 (using bundled LuaJIT 2.1.0-beta2)

Running the test with following options:
Number of threads: 4
Initializing random number generator from current time


Extra file open flags: (none)
64 files, 128MiB each
8GiB total file size
Block size 32KiB
Number of IO requests: 0
Read/Write ratio for combined random IO test: 1.50
Calling fsync() after each write operation.
Using synchronous I/O mode
Doing random read test
Initializing worker threads...

Threads started!


File operations:
    reads/s:                      568055.01
    writes/s:                     0.00
    fsyncs/s:                     0.00

Throughput:
    read, MiB/s:                  17751.72
    written, MiB/s:               0.00

General statistics:
    total time:                          240.0002s
    total number of events:              136334481

Latency (ms):
         min:                                    0.00
         avg:                                    0.01
         max:                                   12.43
         95th percentile:                        0.01
         sum:                               898335.60

Threads fairness:
    events (avg/stddev):           34083620.2500/163598.74
    execution time (avg/stddev):   224.5839/0.52

sysbench 1.0.17 (using bundled LuaJIT 2.1.0-beta2)

Running the test with following options:
Number of threads: 8
Initializing random number generator from current time


Extra file open flags: (none)
64 files, 128MiB each
8GiB total file size
Block size 32KiB
Number of IO requests: 0
Read/Write ratio for combined random IO test: 1.50
Calling fsync() after each write operation.
Using synchronous I/O mode
Doing random read test
Initializing worker threads...

Threads started!


File operations:
    reads/s:                      921984.94
    writes/s:                     0.00
    fsyncs/s:                     0.00

Throughput:
    read, MiB/s:                  28812.03
    written, MiB/s:               0.00

General statistics:
    total time:                          240.0002s
    total number of events:              221278535

Latency (ms):
         min:                                    0.00
         avg:                                    0.01
         max:                                    9.67
         95th percentile:                        0.01
         sum:                              1714520.73

Threads fairness:
    events (avg/stddev):           27659816.8750/83330.72
    execution time (avg/stddev):   214.3151/0.21

sysbench 1.0.17 (using bundled LuaJIT 2.1.0-beta2)

Running the test with following options:
Number of threads: 16
Initializing random number generator from current time


Extra file open flags: (none)
64 files, 128MiB each
8GiB total file size
Block size 32KiB
Number of IO requests: 0
Read/Write ratio for combined random IO test: 1.50
Calling fsync() after each write operation.
Using synchronous I/O mode
Doing random read test
Initializing worker threads...

Threads started!


File operations:
    reads/s:                      1140415.93
    writes/s:                     0.00
    fsyncs/s:                     0.00

Throughput:
    read, MiB/s:                  35638.00
    written, MiB/s:               0.00

General statistics:
    total time:                          240.0002s
    total number of events:              273702528

Latency (ms):
         min:                                    0.00
         avg:                                    0.01
         max:                                   13.48
         95th percentile:                        0.02
         sum:                              2933266.46

Threads fairness:
    events (avg/stddev):           17106408.0000/45386.04
    execution time (avg/stddev):   183.3292/0.25

sysbench 1.0.17 (using bundled LuaJIT 2.1.0-beta2)

Running the test with following options:
Number of threads: 32
Initializing random number generator from current time


Extra file open flags: (none)
64 files, 128MiB each
8GiB total file size
Block size 32KiB
Number of IO requests: 0
Read/Write ratio for combined random IO test: 1.50
Calling fsync() after each write operation.
Using synchronous I/O mode
Doing random read test
Initializing worker threads...

Threads started!


File operations:
    reads/s:                      1139069.71
    writes/s:                     0.00
    fsyncs/s:                     0.00

Throughput:
    read, MiB/s:                  35595.93
    written, MiB/s:               0.00

General statistics:
    total time:                          240.0003s
    total number of events:              273379367

Latency (ms):
         min:                                    0.00
         avg:                                    0.02
         max:                                   42.87
         95th percentile:                        0.06
         sum:                              4957866.45

Threads fairness:
    events (avg/stddev):           8543105.2188/23814.91
    execution time (avg/stddev):   154.9333/0.17

sysbench 1.0.17 (using bundled LuaJIT 2.1.0-beta2)

Running the test with following options:
Number of threads: 64
Initializing random number generator from current time


Extra file open flags: (none)
64 files, 128MiB each
8GiB total file size
Block size 32KiB
Number of IO requests: 0
Read/Write ratio for combined random IO test: 1.50
Calling fsync() after each write operation.
Using synchronous I/O mode
Doing random read test
Initializing worker threads...

Threads started!


File operations:
    reads/s:                      1140533.73
    writes/s:                     0.00
    fsyncs/s:                     0.00

Throughput:
    read, MiB/s:                  35641.68
    written, MiB/s:               0.00

General statistics:
    total time:                          240.0004s
    total number of events:              273730780

Latency (ms):
         min:                                    0.00
         avg:                                    0.03
         max:                                   68.78
         95th percentile:                        0.12
         sum:                              9029488.38

Threads fairness:
    events (avg/stddev):           4277043.4375/9603.12
    execution time (avg/stddev):   141.0858/0.26

