sysbench 1.0.17 (using bundled LuaJIT 2.1.0-beta2)

Running the test with following options:
Number of threads: 1
Initializing random number generator from current time


Extra file open flags: (none)
64 files, 128MiB each
8GiB total file size
Block size 32KiB
Number of IO requests: 0
Read/Write ratio for combined random IO test: 1.50
Calling fsync() after each write operation.
Using synchronous I/O mode
Doing random write test
Initializing worker threads...

Threads started!


File operations:
    reads/s:                      0.00
    writes/s:                     2046.76
    fsyncs/s:                     2046.76

Throughput:
    read, MiB/s:                  0.00
    written, MiB/s:               63.96

General statistics:
    total time:                          240.0005s
    total number of events:              491228

Latency (ms):
         min:                                    0.10
         avg:                                    0.49
         max:                                   60.54
         95th percentile:                        0.69
         sum:                               239434.06

Threads fairness:
    events (avg/stddev):           491228.0000/0.00
    execution time (avg/stddev):   239.4341/0.00

sysbench 1.0.17 (using bundled LuaJIT 2.1.0-beta2)

Running the test with following options:
Number of threads: 4
Initializing random number generator from current time


Extra file open flags: (none)
64 files, 128MiB each
8GiB total file size
Block size 32KiB
Number of IO requests: 0
Read/Write ratio for combined random IO test: 1.50
Calling fsync() after each write operation.
Using synchronous I/O mode
Doing random write test
Initializing worker threads...

Threads started!


File operations:
    reads/s:                      0.00
    writes/s:                     8909.69
    fsyncs/s:                     8909.69

Throughput:
    read, MiB/s:                  0.00
    written, MiB/s:               278.43

General statistics:
    total time:                          240.0002s
    total number of events:              2138346

Latency (ms):
         min:                                    0.09
         avg:                                    0.45
         max:                                   62.84
         95th percentile:                        0.69
         sum:                               957714.84

Threads fairness:
    events (avg/stddev):           534586.5000/501.38
    execution time (avg/stddev):   239.4287/0.01

sysbench 1.0.17 (using bundled LuaJIT 2.1.0-beta2)

Running the test with following options:
Number of threads: 8
Initializing random number generator from current time


Extra file open flags: (none)
64 files, 128MiB each
8GiB total file size
Block size 32KiB
Number of IO requests: 0
Read/Write ratio for combined random IO test: 1.50
Calling fsync() after each write operation.
Using synchronous I/O mode
Doing random write test
Initializing worker threads...

Threads started!


File operations:
    reads/s:                      0.00
    writes/s:                     14861.13
    fsyncs/s:                     14861.13

Throughput:
    read, MiB/s:                  0.00
    written, MiB/s:               464.41

General statistics:
    total time:                          240.0017s
    total number of events:              3566721

Latency (ms):
         min:                                    0.09
         avg:                                    0.54
         max:                                   67.84
         95th percentile:                        0.83
         sum:                              1914990.86

Threads fairness:
    events (avg/stddev):           445840.1250/467.57
    execution time (avg/stddev):   239.3739/0.00

sysbench 1.0.17 (using bundled LuaJIT 2.1.0-beta2)

Running the test with following options:
Number of threads: 16
Initializing random number generator from current time


Extra file open flags: (none)
64 files, 128MiB each
8GiB total file size
Block size 32KiB
Number of IO requests: 0
Read/Write ratio for combined random IO test: 1.50
Calling fsync() after each write operation.
Using synchronous I/O mode
Doing random write test
Initializing worker threads...

Threads started!


File operations:
    reads/s:                      0.00
    writes/s:                     15600.35
    fsyncs/s:                     15600.35

Throughput:
    read, MiB/s:                  0.00
    written, MiB/s:               487.51

General statistics:
    total time:                          240.0011s
    total number of events:              3744129

Latency (ms):
         min:                                    0.09
         avg:                                    1.02
         max:                                   81.47
         95th percentile:                        1.08
         sum:                              3833964.30

Threads fairness:
    events (avg/stddev):           234008.0625/357.72
    execution time (avg/stddev):   239.6228/0.01

sysbench 1.0.17 (using bundled LuaJIT 2.1.0-beta2)

Running the test with following options:
Number of threads: 32
Initializing random number generator from current time


Extra file open flags: (none)
64 files, 128MiB each
8GiB total file size
Block size 32KiB
Number of IO requests: 0
Read/Write ratio for combined random IO test: 1.50
Calling fsync() after each write operation.
Using synchronous I/O mode
Doing random write test
Initializing worker threads...

Threads started!


File operations:
    reads/s:                      0.00
    writes/s:                     15884.15
    fsyncs/s:                     15884.15

Throughput:
    read, MiB/s:                  0.00
    written, MiB/s:               496.38

General statistics:
    total time:                          240.0239s
    total number of events:              3812602

Latency (ms):
         min:                                    0.09
         avg:                                    2.01
         max:                                  115.44
         95th percentile:                        1.93
         sum:                              7672597.05

Threads fairness:
    events (avg/stddev):           119143.8125/196.95
    execution time (avg/stddev):   239.7687/0.01

sysbench 1.0.17 (using bundled LuaJIT 2.1.0-beta2)

Running the test with following options:
Number of threads: 64
Initializing random number generator from current time


Extra file open flags: (none)
64 files, 128MiB each
8GiB total file size
Block size 32KiB
Number of IO requests: 0
Read/Write ratio for combined random IO test: 1.50
Calling fsync() after each write operation.
Using synchronous I/O mode
Doing random write test
Initializing worker threads...

Threads started!


File operations:
    reads/s:                      0.00
    writes/s:                     16081.93
    fsyncs/s:                     16081.93

Throughput:
    read, MiB/s:                  0.00
    written, MiB/s:               502.56

General statistics:
    total time:                          240.0349s
    total number of events:              3860251

Latency (ms):
         min:                                    0.09
         avg:                                    3.98
         max:                                   96.48
         95th percentile:                       36.89
         sum:                             15352892.88

Threads fairness:
    events (avg/stddev):           60316.4219/120.82
    execution time (avg/stddev):   239.8890/0.01

