sysbench 1.0.17 (using bundled LuaJIT 2.1.0-beta2)

Running the test with following options:
Number of threads: 1
Initializing random number generator from current time


Extra file open flags: (none)
64 files, 128MiB each
8GiB total file size
Block size 32KiB
Number of IO requests: 0
Read/Write ratio for combined random IO test: 1.50
Calling fsync() after each write operation.
Using synchronous I/O mode
Doing random read test
Initializing worker threads...

Threads started!


File operations:
    reads/s:                      169837.46
    writes/s:                     0.00
    fsyncs/s:                     0.00

Throughput:
    read, MiB/s:                  5307.42
    written, MiB/s:               0.00

General statistics:
    total time:                          240.0002s
    total number of events:              40761354

Latency (ms):
         min:                                    0.00
         avg:                                    0.01
         max:                                    9.15
         95th percentile:                        0.01
         sum:                               227928.51

Threads fairness:
    events (avg/stddev):           40761354.0000/0.00
    execution time (avg/stddev):   227.9285/0.00

sysbench 1.0.17 (using bundled LuaJIT 2.1.0-beta2)

Running the test with following options:
Number of threads: 4
Initializing random number generator from current time


Extra file open flags: (none)
64 files, 128MiB each
8GiB total file size
Block size 32KiB
Number of IO requests: 0
Read/Write ratio for combined random IO test: 1.50
Calling fsync() after each write operation.
Using synchronous I/O mode
Doing random read test
Initializing worker threads...

Threads started!


File operations:
    reads/s:                      583547.93
    writes/s:                     0.00
    fsyncs/s:                     0.00

Throughput:
    read, MiB/s:                  18235.87
    written, MiB/s:               0.00

General statistics:
    total time:                          240.0001s
    total number of events:              140053109

Latency (ms):
         min:                                    0.00
         avg:                                    0.01
         max:                                    8.81
         95th percentile:                        0.01
         sum:                               892820.30

Threads fairness:
    events (avg/stddev):           35013277.2500/142655.31
    execution time (avg/stddev):   223.2051/0.18

sysbench 1.0.17 (using bundled LuaJIT 2.1.0-beta2)

Running the test with following options:
Number of threads: 8
Initializing random number generator from current time


Extra file open flags: (none)
64 files, 128MiB each
8GiB total file size
Block size 32KiB
Number of IO requests: 0
Read/Write ratio for combined random IO test: 1.50
Calling fsync() after each write operation.
Using synchronous I/O mode
Doing random read test
Initializing worker threads...

Threads started!


File operations:
    reads/s:                      955540.37
    writes/s:                     0.00
    fsyncs/s:                     0.00

Throughput:
    read, MiB/s:                  29860.64
    written, MiB/s:               0.00

General statistics:
    total time:                          240.0002s
    total number of events:              229331877

Latency (ms):
         min:                                    0.00
         avg:                                    0.01
         max:                                   12.94
         95th percentile:                        0.01
         sum:                              1714813.58

Threads fairness:
    events (avg/stddev):           28666484.6250/69670.96
    execution time (avg/stddev):   214.3517/0.24

sysbench 1.0.17 (using bundled LuaJIT 2.1.0-beta2)

Running the test with following options:
Number of threads: 16
Initializing random number generator from current time


Extra file open flags: (none)
64 files, 128MiB each
8GiB total file size
Block size 32KiB
Number of IO requests: 0
Read/Write ratio for combined random IO test: 1.50
Calling fsync() after each write operation.
Using synchronous I/O mode
Doing random read test
Initializing worker threads...

Threads started!


File operations:
    reads/s:                      1119423.36
    writes/s:                     0.00
    fsyncs/s:                     0.00

Throughput:
    read, MiB/s:                  34981.98
    written, MiB/s:               0.00

General statistics:
    total time:                          240.0002s
    total number of events:              268664614

Latency (ms):
         min:                                    0.00
         avg:                                    0.01
         max:                                   13.22
         95th percentile:                        0.02
         sum:                              2892869.82

Threads fairness:
    events (avg/stddev):           16791538.3750/33026.05
    execution time (avg/stddev):   180.8044/0.21

sysbench 1.0.17 (using bundled LuaJIT 2.1.0-beta2)

Running the test with following options:
Number of threads: 32
Initializing random number generator from current time


Extra file open flags: (none)
64 files, 128MiB each
8GiB total file size
Block size 32KiB
Number of IO requests: 0
Read/Write ratio for combined random IO test: 1.50
Calling fsync() after each write operation.
Using synchronous I/O mode
Doing random read test
Initializing worker threads...

Threads started!


File operations:
    reads/s:                      1121256.52
    writes/s:                     0.00
    fsyncs/s:                     0.00

Throughput:
    read, MiB/s:                  35039.27
    written, MiB/s:               0.00

General statistics:
    total time:                          240.0003s
    total number of events:              269104108

Latency (ms):
         min:                                    0.00
         avg:                                    0.02
         max:                                   32.05
         95th percentile:                        0.06
         sum:                              4928584.88

Threads fairness:
    events (avg/stddev):           8409503.3750/13664.67
    execution time (avg/stddev):   154.0183/0.14

sysbench 1.0.17 (using bundled LuaJIT 2.1.0-beta2)

Running the test with following options:
Number of threads: 64
Initializing random number generator from current time


Extra file open flags: (none)
64 files, 128MiB each
8GiB total file size
Block size 32KiB
Number of IO requests: 0
Read/Write ratio for combined random IO test: 1.50
Calling fsync() after each write operation.
Using synchronous I/O mode
Doing random read test
Initializing worker threads...

Threads started!


File operations:
    reads/s:                      1121799.21
    writes/s:                     0.00
    fsyncs/s:                     0.00

Throughput:
    read, MiB/s:                  35056.23
    written, MiB/s:               0.00

General statistics:
    total time:                          240.0004s
    total number of events:              269234578

Latency (ms):
         min:                                    0.00
         avg:                                    0.03
         max:                                   75.21
         95th percentile:                        0.16
         sum:                              9051022.96

Threads fairness:
    events (avg/stddev):           4206790.2812/8911.16
    execution time (avg/stddev):   141.4222/0.22

