sysbench 1.0.17 (using bundled LuaJIT 2.1.0-beta2)

Running the test with following options:
Number of threads: 1
Initializing random number generator from current time


Extra file open flags: (none)
64 files, 128MiB each
8GiB total file size
Block size 32KiB
Number of IO requests: 0
Read/Write ratio for combined random IO test: 1.50
Calling fsync() after each write operation.
Using synchronous I/O mode
Doing random write test
Initializing worker threads...

Threads started!


File operations:
    reads/s:                      0.00
    writes/s:                     1900.51
    fsyncs/s:                     1900.51

Throughput:
    read, MiB/s:                  0.00
    written, MiB/s:               59.39

General statistics:
    total time:                          240.0001s
    total number of events:              456127

Latency (ms):
         min:                                    0.11
         avg:                                    0.52
         max:                                   20.04
         95th percentile:                        0.74
         sum:                               239390.67

Threads fairness:
    events (avg/stddev):           456127.0000/0.00
    execution time (avg/stddev):   239.3907/0.00

sysbench 1.0.17 (using bundled LuaJIT 2.1.0-beta2)

Running the test with following options:
Number of threads: 4
Initializing random number generator from current time


Extra file open flags: (none)
64 files, 128MiB each
8GiB total file size
Block size 32KiB
Number of IO requests: 0
Read/Write ratio for combined random IO test: 1.50
Calling fsync() after each write operation.
Using synchronous I/O mode
Doing random write test
Initializing worker threads...

Threads started!


File operations:
    reads/s:                      0.00
    writes/s:                     8601.60
    fsyncs/s:                     8601.60

Throughput:
    read, MiB/s:                  0.00
    written, MiB/s:               268.80

General statistics:
    total time:                          240.0006s
    total number of events:              2064407

Latency (ms):
         min:                                    0.09
         avg:                                    0.46
         max:                                   28.20
         95th percentile:                        0.72
         sum:                               957600.55

Threads fairness:
    events (avg/stddev):           516101.7500/246.42
    execution time (avg/stddev):   239.4001/0.01

sysbench 1.0.17 (using bundled LuaJIT 2.1.0-beta2)

Running the test with following options:
Number of threads: 8
Initializing random number generator from current time


Extra file open flags: (none)
64 files, 128MiB each
8GiB total file size
Block size 32KiB
Number of IO requests: 0
Read/Write ratio for combined random IO test: 1.50
Calling fsync() after each write operation.
Using synchronous I/O mode
Doing random write test
Initializing worker threads...

Threads started!


File operations:
    reads/s:                      0.00
    writes/s:                     14943.98
    fsyncs/s:                     14943.98

Throughput:
    read, MiB/s:                  0.00
    written, MiB/s:               467.00

General statistics:
    total time:                          240.0005s
    total number of events:              3586590

Latency (ms):
         min:                                    0.09
         avg:                                    0.53
         max:                                   21.39
         95th percentile:                        0.84
         sum:                              1914924.78

Threads fairness:
    events (avg/stddev):           448323.7500/291.42
    execution time (avg/stddev):   239.3656/0.01

sysbench 1.0.17 (using bundled LuaJIT 2.1.0-beta2)

Running the test with following options:
Number of threads: 16
Initializing random number generator from current time


Extra file open flags: (none)
64 files, 128MiB each
8GiB total file size
Block size 32KiB
Number of IO requests: 0
Read/Write ratio for combined random IO test: 1.50
Calling fsync() after each write operation.
Using synchronous I/O mode
Doing random write test
Initializing worker threads...

Threads started!


File operations:
    reads/s:                      0.00
    writes/s:                     15633.31
    fsyncs/s:                     15633.31

Throughput:
    read, MiB/s:                  0.00
    written, MiB/s:               488.54

General statistics:
    total time:                          240.0093s
    total number of events:              3752165

Latency (ms):
         min:                                    0.09
         avg:                                    1.02
         max:                                   52.13
         95th percentile:                        1.10
         sum:                              3833563.28

Threads fairness:
    events (avg/stddev):           234510.3125/282.86
    execution time (avg/stddev):   239.5977/0.01

sysbench 1.0.17 (using bundled LuaJIT 2.1.0-beta2)

Running the test with following options:
Number of threads: 32
Initializing random number generator from current time


Extra file open flags: (none)
64 files, 128MiB each
8GiB total file size
Block size 32KiB
Number of IO requests: 0
Read/Write ratio for combined random IO test: 1.50
Calling fsync() after each write operation.
Using synchronous I/O mode
Doing random write test
Initializing worker threads...

Threads started!


File operations:
    reads/s:                      0.00
    writes/s:                     15939.29
    fsyncs/s:                     15939.29

Throughput:
    read, MiB/s:                  0.00
    written, MiB/s:               498.10

General statistics:
    total time:                          240.0006s
    total number of events:              3825471

Latency (ms):
         min:                                    0.09
         avg:                                    2.01
         max:                                   40.49
         95th percentile:                        1.89
         sum:                              7670734.67

Threads fairness:
    events (avg/stddev):           119545.9688/208.85
    execution time (avg/stddev):   239.7105/0.01

sysbench 1.0.17 (using bundled LuaJIT 2.1.0-beta2)

Running the test with following options:
Number of threads: 64
Initializing random number generator from current time


Extra file open flags: (none)
64 files, 128MiB each
8GiB total file size
Block size 32KiB
Number of IO requests: 0
Read/Write ratio for combined random IO test: 1.50
Calling fsync() after each write operation.
Using synchronous I/O mode
Doing random write test
Initializing worker threads...

Threads started!


File operations:
    reads/s:                      0.00
    writes/s:                     16111.35
    fsyncs/s:                     16111.35

Throughput:
    read, MiB/s:                  0.00
    written, MiB/s:               503.48

General statistics:
    total time:                          240.0208s
    total number of events:              3867088

Latency (ms):
         min:                                    0.10
         avg:                                    3.97
         max:                                   59.80
         95th percentile:                       37.56
         sum:                             15352330.43

Threads fairness:
    events (avg/stddev):           60423.2500/113.73
    execution time (avg/stddev):   239.8802/0.01

