sysbench 1.0.17 (using bundled LuaJIT 2.1.0-beta2)

Running the test with following options:
Number of threads: 1
Initializing random number generator from current time


Extra file open flags: (none)
64 files, 128MiB each
8GiB total file size
Block size 32KiB
Number of IO requests: 0
Read/Write ratio for combined random IO test: 1.50
Calling fsync() after each write operation.
Using synchronous I/O mode
Doing random read test
Initializing worker threads...

Threads started!


File operations:
    reads/s:                      183621.69
    writes/s:                     0.00
    fsyncs/s:                     0.00

Throughput:
    read, MiB/s:                  5738.18
    written, MiB/s:               0.00

General statistics:
    total time:                          240.0002s
    total number of events:              44069531

Latency (ms):
         min:                                    0.00
         avg:                                    0.01
         max:                                    0.57
         95th percentile:                        0.01
         sum:                               229059.46

Threads fairness:
    events (avg/stddev):           44069531.0000/0.00
    execution time (avg/stddev):   229.0595/0.00

sysbench 1.0.17 (using bundled LuaJIT 2.1.0-beta2)

Running the test with following options:
Number of threads: 4
Initializing random number generator from current time


Extra file open flags: (none)
64 files, 128MiB each
8GiB total file size
Block size 32KiB
Number of IO requests: 0
Read/Write ratio for combined random IO test: 1.50
Calling fsync() after each write operation.
Using synchronous I/O mode
Doing random read test
Initializing worker threads...

Threads started!


File operations:
    reads/s:                      640297.23
    writes/s:                     0.00
    fsyncs/s:                     0.00

Throughput:
    read, MiB/s:                  20009.29
    written, MiB/s:               0.00

General statistics:
    total time:                          240.0002s
    total number of events:              153672472

Latency (ms):
         min:                                    0.00
         avg:                                    0.01
         max:                                    0.66
         95th percentile:                        0.01
         sum:                               878773.87

Threads fairness:
    events (avg/stddev):           38418118.0000/36071.57
    execution time (avg/stddev):   219.6935/0.08

sysbench 1.0.17 (using bundled LuaJIT 2.1.0-beta2)

Running the test with following options:
Number of threads: 8
Initializing random number generator from current time


Extra file open flags: (none)
64 files, 128MiB each
8GiB total file size
Block size 32KiB
Number of IO requests: 0
Read/Write ratio for combined random IO test: 1.50
Calling fsync() after each write operation.
Using synchronous I/O mode
Doing random read test
Initializing worker threads...

Threads started!


File operations:
    reads/s:                      1031331.74
    writes/s:                     0.00
    fsyncs/s:                     0.00

Throughput:
    read, MiB/s:                  32229.12
    written, MiB/s:               0.00

General statistics:
    total time:                          240.0002s
    total number of events:              247521562

Latency (ms):
         min:                                    0.00
         avg:                                    0.01
         max:                                    0.71
         95th percentile:                        0.01
         sum:                              1640014.17

Threads fairness:
    events (avg/stddev):           30940195.2500/90642.28
    execution time (avg/stddev):   205.0018/0.08

sysbench 1.0.17 (using bundled LuaJIT 2.1.0-beta2)

Running the test with following options:
Number of threads: 16
Initializing random number generator from current time


Extra file open flags: (none)
64 files, 128MiB each
8GiB total file size
Block size 32KiB
Number of IO requests: 0
Read/Write ratio for combined random IO test: 1.50
Calling fsync() after each write operation.
Using synchronous I/O mode
Doing random read test
Initializing worker threads...

Threads started!


File operations:
    reads/s:                      1086784.17
    writes/s:                     0.00
    fsyncs/s:                     0.00

Throughput:
    read, MiB/s:                  33962.01
    written, MiB/s:               0.00

General statistics:
    total time:                          240.0002s
    total number of events:              260830375

Latency (ms):
         min:                                    0.00
         avg:                                    0.01
         max:                                   26.25
         95th percentile:                        0.02
         sum:                              2839938.59

Threads fairness:
    events (avg/stddev):           16301898.4375/27196.41
    execution time (avg/stddev):   177.4962/0.09

sysbench 1.0.17 (using bundled LuaJIT 2.1.0-beta2)

Running the test with following options:
Number of threads: 32
Initializing random number generator from current time


Extra file open flags: (none)
64 files, 128MiB each
8GiB total file size
Block size 32KiB
Number of IO requests: 0
Read/Write ratio for combined random IO test: 1.50
Calling fsync() after each write operation.
Using synchronous I/O mode
Doing random read test
Initializing worker threads...

Threads started!


File operations:
    reads/s:                      1074752.55
    writes/s:                     0.00
    fsyncs/s:                     0.00

Throughput:
    read, MiB/s:                  33586.02
    written, MiB/s:               0.00

General statistics:
    total time:                          240.0004s
    total number of events:              257942725

Latency (ms):
         min:                                    0.00
         avg:                                    0.02
         max:                                   25.95
         95th percentile:                        0.07
         sum:                              4827968.17

Threads fairness:
    events (avg/stddev):           8060710.1562/13632.56
    execution time (avg/stddev):   150.8740/0.21

sysbench 1.0.17 (using bundled LuaJIT 2.1.0-beta2)

Running the test with following options:
Number of threads: 64
Initializing random number generator from current time


Extra file open flags: (none)
64 files, 128MiB each
8GiB total file size
Block size 32KiB
Number of IO requests: 0
Read/Write ratio for combined random IO test: 1.50
Calling fsync() after each write operation.
Using synchronous I/O mode
Doing random read test
Initializing worker threads...

Threads started!


File operations:
    reads/s:                      1070199.98
    writes/s:                     0.00
    fsyncs/s:                     0.00

Throughput:
    read, MiB/s:                  33443.75
    written, MiB/s:               0.00

General statistics:
    total time:                          240.0007s
    total number of events:              256850487

Latency (ms):
         min:                                    0.00
         avg:                                    0.03
         max:                                   32.38
         95th percentile:                        0.20
         sum:                              8926022.31

Threads fairness:
    events (avg/stddev):           4013288.8594/6080.08
    execution time (avg/stddev):   139.4691/0.13

