sysbench 1.0.17 (using bundled LuaJIT 2.1.0-beta2)

Running the test with following options:
Number of threads: 1
Initializing random number generator from current time


Extra file open flags: (none)
64 files, 128MiB each
8GiB total file size
Block size 32KiB
Number of IO requests: 0
Read/Write ratio for combined random IO test: 1.50
Calling fsync() after each write operation.
Using synchronous I/O mode
Doing random write test
Initializing worker threads...

Threads started!


File operations:
    reads/s:                      0.00
    writes/s:                     3567.30
    fsyncs/s:                     3567.30

Throughput:
    read, MiB/s:                  0.00
    written, MiB/s:               111.48

General statistics:
    total time:                          240.0001s
    total number of events:              856159

Latency (ms):
         min:                                    0.09
         avg:                                    0.28
         max:                                   10.47
         95th percentile:                        0.39
         sum:                               239604.24

Threads fairness:
    events (avg/stddev):           856159.0000/0.00
    execution time (avg/stddev):   239.6042/0.00

sysbench 1.0.17 (using bundled LuaJIT 2.1.0-beta2)

Running the test with following options:
Number of threads: 4
Initializing random number generator from current time


Extra file open flags: (none)
64 files, 128MiB each
8GiB total file size
Block size 32KiB
Number of IO requests: 0
Read/Write ratio for combined random IO test: 1.50
Calling fsync() after each write operation.
Using synchronous I/O mode
Doing random write test
Initializing worker threads...

Threads started!


File operations:
    reads/s:                      0.00
    writes/s:                     10820.16
    fsyncs/s:                     10820.16

Throughput:
    read, MiB/s:                  0.00
    written, MiB/s:               338.13

General statistics:
    total time:                          240.0004s
    total number of events:              2596861

Latency (ms):
         min:                                    0.10
         avg:                                    0.37
         max:                                  316.24
         95th percentile:                        0.77
         sum:                               958282.32

Threads fairness:
    events (avg/stddev):           649215.2500/799.16
    execution time (avg/stddev):   239.5706/0.00

sysbench 1.0.17 (using bundled LuaJIT 2.1.0-beta2)

Running the test with following options:
Number of threads: 8
Initializing random number generator from current time


Extra file open flags: (none)
64 files, 128MiB each
8GiB total file size
Block size 32KiB
Number of IO requests: 0
Read/Write ratio for combined random IO test: 1.50
Calling fsync() after each write operation.
Using synchronous I/O mode
Doing random write test
Initializing worker threads...

Threads started!


File operations:
    reads/s:                      0.00
    writes/s:                     11347.95
    fsyncs/s:                     11347.95

Throughput:
    read, MiB/s:                  0.00
    written, MiB/s:               354.62

General statistics:
    total time:                          240.0006s
    total number of events:              2723535

Latency (ms):
         min:                                    0.10
         avg:                                    0.70
         max:                                   94.02
         95th percentile:                        1.12
         sum:                              1917953.53

Threads fairness:
    events (avg/stddev):           340441.8750/519.07
    execution time (avg/stddev):   239.7442/0.00

sysbench 1.0.17 (using bundled LuaJIT 2.1.0-beta2)

Running the test with following options:
Number of threads: 16
Initializing random number generator from current time


Extra file open flags: (none)
64 files, 128MiB each
8GiB total file size
Block size 32KiB
Number of IO requests: 0
Read/Write ratio for combined random IO test: 1.50
Calling fsync() after each write operation.
Using synchronous I/O mode
Doing random write test
Initializing worker threads...

Threads started!


File operations:
    reads/s:                      0.00
    writes/s:                     11643.76
    fsyncs/s:                     11643.76

Throughput:
    read, MiB/s:                  0.00
    written, MiB/s:               363.87

General statistics:
    total time:                          240.0020s
    total number of events:              2794545

Latency (ms):
         min:                                    0.10
         avg:                                    1.37
         max:                                  419.99
         95th percentile:                        3.68
         sum:                              3836000.30

Threads fairness:
    events (avg/stddev):           174659.0625/269.39
    execution time (avg/stddev):   239.7500/0.00

sysbench 1.0.17 (using bundled LuaJIT 2.1.0-beta2)

Running the test with following options:
Number of threads: 32
Initializing random number generator from current time


Extra file open flags: (none)
64 files, 128MiB each
8GiB total file size
Block size 32KiB
Number of IO requests: 0
Read/Write ratio for combined random IO test: 1.50
Calling fsync() after each write operation.
Using synchronous I/O mode
Doing random write test
Initializing worker threads...

Threads started!


File operations:
    reads/s:                      0.00
    writes/s:                     11972.72
    fsyncs/s:                     11972.72

Throughput:
    read, MiB/s:                  0.00
    written, MiB/s:               374.15

General statistics:
    total time:                          240.0045s
    total number of events:              2873524

Latency (ms):
         min:                                    0.10
         avg:                                    2.67
         max:                                  396.71
         95th percentile:                        7.30
         sum:                              7673777.74

Threads fairness:
    events (avg/stddev):           89797.6250/217.38
    execution time (avg/stddev):   239.8056/0.00

sysbench 1.0.17 (using bundled LuaJIT 2.1.0-beta2)

Running the test with following options:
Number of threads: 64
Initializing random number generator from current time


Extra file open flags: (none)
64 files, 128MiB each
8GiB total file size
Block size 32KiB
Number of IO requests: 0
Read/Write ratio for combined random IO test: 1.50
Calling fsync() after each write operation.
Using synchronous I/O mode
Doing random write test
Initializing worker threads...

Threads started!


File operations:
    reads/s:                      0.00
    writes/s:                     12179.84
    fsyncs/s:                     12179.84

Throughput:
    read, MiB/s:                  0.00
    written, MiB/s:               380.62

General statistics:
    total time:                          240.0091s
    total number of events:              2923290

Latency (ms):
         min:                                    0.10
         avg:                                    5.25
         max:                                  314.98
         95th percentile:                       13.46
         sum:                             15351584.20

Threads fairness:
    events (avg/stddev):           45676.4062/125.91
    execution time (avg/stddev):   239.8685/0.00

