sysbench 1.0.17 (using bundled LuaJIT 2.1.0-beta2)

Running the test with following options:
Number of threads: 1
Initializing random number generator from current time


Extra file open flags: (none)
64 files, 128MiB each
8GiB total file size
Block size 32KiB
Number of IO requests: 0
Read/Write ratio for combined random IO test: 1.50
Calling fsync() after each write operation.
Using synchronous I/O mode
Doing random read test
Initializing worker threads...

Threads started!


File operations:
    reads/s:                      161768.59
    writes/s:                     0.00
    fsyncs/s:                     0.00

Throughput:
    read, MiB/s:                  5055.27
    written, MiB/s:               0.00

General statistics:
    total time:                          240.0001s
    total number of events:              38824802

Latency (ms):
         min:                                    0.00
         avg:                                    0.01
         max:                                    9.16
         95th percentile:                        0.01
         sum:                               228674.29

Threads fairness:
    events (avg/stddev):           38824802.0000/0.00
    execution time (avg/stddev):   228.6743/0.00

sysbench 1.0.17 (using bundled LuaJIT 2.1.0-beta2)

Running the test with following options:
Number of threads: 4
Initializing random number generator from current time


Extra file open flags: (none)
64 files, 128MiB each
8GiB total file size
Block size 32KiB
Number of IO requests: 0
Read/Write ratio for combined random IO test: 1.50
Calling fsync() after each write operation.
Using synchronous I/O mode
Doing random read test
Initializing worker threads...

Threads started!


File operations:
    reads/s:                      557572.54
    writes/s:                     0.00
    fsyncs/s:                     0.00

Throughput:
    read, MiB/s:                  17424.14
    written, MiB/s:               0.00

General statistics:
    total time:                          240.0002s
    total number of events:              133818679

Latency (ms):
         min:                                    0.00
         avg:                                    0.01
         max:                                    9.87
         95th percentile:                        0.01
         sum:                               894161.48

Threads fairness:
    events (avg/stddev):           33454669.7500/154089.24
    execution time (avg/stddev):   223.5404/0.09

sysbench 1.0.17 (using bundled LuaJIT 2.1.0-beta2)

Running the test with following options:
Number of threads: 8
Initializing random number generator from current time


Extra file open flags: (none)
64 files, 128MiB each
8GiB total file size
Block size 32KiB
Number of IO requests: 0
Read/Write ratio for combined random IO test: 1.50
Calling fsync() after each write operation.
Using synchronous I/O mode
Doing random read test
Initializing worker threads...

Threads started!


File operations:
    reads/s:                      946108.63
    writes/s:                     0.00
    fsyncs/s:                     0.00

Throughput:
    read, MiB/s:                  29565.89
    written, MiB/s:               0.00

General statistics:
    total time:                          240.0002s
    total number of events:              227068447

Latency (ms):
         min:                                    0.00
         avg:                                    0.01
         max:                                   14.46
         95th percentile:                        0.01
         sum:                              1723319.95

Threads fairness:
    events (avg/stddev):           28383555.8750/174477.32
    execution time (avg/stddev):   215.4150/0.19

sysbench 1.0.17 (using bundled LuaJIT 2.1.0-beta2)

Running the test with following options:
Number of threads: 16
Initializing random number generator from current time


Extra file open flags: (none)
64 files, 128MiB each
8GiB total file size
Block size 32KiB
Number of IO requests: 0
Read/Write ratio for combined random IO test: 1.50
Calling fsync() after each write operation.
Using synchronous I/O mode
Doing random read test
Initializing worker threads...

Threads started!


File operations:
    reads/s:                      1109641.01
    writes/s:                     0.00
    fsyncs/s:                     0.00

Throughput:
    read, MiB/s:                  34676.28
    written, MiB/s:               0.00

General statistics:
    total time:                          240.0002s
    total number of events:              266316413

Latency (ms):
         min:                                    0.00
         avg:                                    0.01
         max:                                   12.70
         95th percentile:                        0.02
         sum:                              2902277.09

Threads fairness:
    events (avg/stddev):           16644775.8125/40953.73
    execution time (avg/stddev):   181.3923/0.21

sysbench 1.0.17 (using bundled LuaJIT 2.1.0-beta2)

Running the test with following options:
Number of threads: 32
Initializing random number generator from current time


Extra file open flags: (none)
64 files, 128MiB each
8GiB total file size
Block size 32KiB
Number of IO requests: 0
Read/Write ratio for combined random IO test: 1.50
Calling fsync() after each write operation.
Using synchronous I/O mode
Doing random read test
Initializing worker threads...

Threads started!


File operations:
    reads/s:                      1117699.23
    writes/s:                     0.00
    fsyncs/s:                     0.00

Throughput:
    read, MiB/s:                  34928.10
    written, MiB/s:               0.00

General statistics:
    total time:                          240.0003s
    total number of events:              268250377

Latency (ms):
         min:                                    0.00
         avg:                                    0.02
         max:                                   33.67
         95th percentile:                        0.06
         sum:                              4922508.31

Threads fairness:
    events (avg/stddev):           8382824.2812/15266.82
    execution time (avg/stddev):   153.8284/0.13

sysbench 1.0.17 (using bundled LuaJIT 2.1.0-beta2)

Running the test with following options:
Number of threads: 64
Initializing random number generator from current time


Extra file open flags: (none)
64 files, 128MiB each
8GiB total file size
Block size 32KiB
Number of IO requests: 0
Read/Write ratio for combined random IO test: 1.50
Calling fsync() after each write operation.
Using synchronous I/O mode
Doing random read test
Initializing worker threads...

Threads started!


File operations:
    reads/s:                      1113558.31
    writes/s:                     0.00
    fsyncs/s:                     0.00

Throughput:
    read, MiB/s:                  34798.70
    written, MiB/s:               0.00

General statistics:
    total time:                          240.0005s
    total number of events:              267256775

Latency (ms):
         min:                                    0.00
         avg:                                    0.03
         max:                                   59.03
         95th percentile:                        0.16
         sum:                              9006992.92

Threads fairness:
    events (avg/stddev):           4175887.1094/6390.94
    execution time (avg/stddev):   140.7343/0.21

