sysbench 1.0.17 (using bundled LuaJIT 2.1.0-beta2)

Running the test with following options:
Number of threads: 1
Initializing random number generator from current time


Extra file open flags: (none)
64 files, 128MiB each
8GiB total file size
Block size 32KiB
Number of IO requests: 0
Read/Write ratio for combined random IO test: 1.50
Calling fsync() after each write operation.
Using synchronous I/O mode
Doing random write test
Initializing worker threads...

Threads started!


File operations:
    reads/s:                      0.00
    writes/s:                     1905.91
    fsyncs/s:                     1905.91

Throughput:
    read, MiB/s:                  0.00
    written, MiB/s:               59.56

General statistics:
    total time:                          240.0002s
    total number of events:              457422

Latency (ms):
         min:                                    0.10
         avg:                                    0.52
         max:                                   23.60
         95th percentile:                        0.74
         sum:                               239411.08

Threads fairness:
    events (avg/stddev):           457422.0000/0.00
    execution time (avg/stddev):   239.4111/0.00

sysbench 1.0.17 (using bundled LuaJIT 2.1.0-beta2)

Running the test with following options:
Number of threads: 4
Initializing random number generator from current time


Extra file open flags: (none)
64 files, 128MiB each
8GiB total file size
Block size 32KiB
Number of IO requests: 0
Read/Write ratio for combined random IO test: 1.50
Calling fsync() after each write operation.
Using synchronous I/O mode
Doing random write test
Initializing worker threads...

Threads started!


File operations:
    reads/s:                      0.00
    writes/s:                     8498.80
    fsyncs/s:                     8498.80

Throughput:
    read, MiB/s:                  0.00
    written, MiB/s:               265.59

General statistics:
    total time:                          240.0006s
    total number of events:              2039735

Latency (ms):
         min:                                    0.09
         avg:                                    0.47
         max:                                   57.52
         95th percentile:                        0.72
         sum:                               957524.03

Threads fairness:
    events (avg/stddev):           509933.7500/127.61
    execution time (avg/stddev):   239.3810/0.01

sysbench 1.0.17 (using bundled LuaJIT 2.1.0-beta2)

Running the test with following options:
Number of threads: 8
Initializing random number generator from current time


Extra file open flags: (none)
64 files, 128MiB each
8GiB total file size
Block size 32KiB
Number of IO requests: 0
Read/Write ratio for combined random IO test: 1.50
Calling fsync() after each write operation.
Using synchronous I/O mode
Doing random write test
Initializing worker threads...

Threads started!


File operations:
    reads/s:                      0.00
    writes/s:                     14944.76
    fsyncs/s:                     14944.76

Throughput:
    read, MiB/s:                  0.00
    written, MiB/s:               467.02

General statistics:
    total time:                          240.0006s
    total number of events:              3586781

Latency (ms):
         min:                                    0.09
         avg:                                    0.53
         max:                                   21.35
         95th percentile:                        0.84
         sum:                              1914753.89

Threads fairness:
    events (avg/stddev):           448347.6250/302.68
    execution time (avg/stddev):   239.3442/0.01

sysbench 1.0.17 (using bundled LuaJIT 2.1.0-beta2)

Running the test with following options:
Number of threads: 16
Initializing random number generator from current time


Extra file open flags: (none)
64 files, 128MiB each
8GiB total file size
Block size 32KiB
Number of IO requests: 0
Read/Write ratio for combined random IO test: 1.50
Calling fsync() after each write operation.
Using synchronous I/O mode
Doing random write test
Initializing worker threads...

Threads started!


File operations:
    reads/s:                      0.00
    writes/s:                     15623.97
    fsyncs/s:                     15623.97

Throughput:
    read, MiB/s:                  0.00
    written, MiB/s:               488.25

General statistics:
    total time:                          240.0004s
    total number of events:              3749788

Latency (ms):
         min:                                    0.09
         avg:                                    1.02
         max:                                   37.07
         95th percentile:                        1.08
         sum:                              3833257.71

Threads fairness:
    events (avg/stddev):           234361.7500/225.66
    execution time (avg/stddev):   239.5786/0.01

sysbench 1.0.17 (using bundled LuaJIT 2.1.0-beta2)

Running the test with following options:
Number of threads: 32
Initializing random number generator from current time


Extra file open flags: (none)
64 files, 128MiB each
8GiB total file size
Block size 32KiB
Number of IO requests: 0
Read/Write ratio for combined random IO test: 1.50
Calling fsync() after each write operation.
Using synchronous I/O mode
Doing random write test
Initializing worker threads...

Threads started!


File operations:
    reads/s:                      0.00
    writes/s:                     15944.56
    fsyncs/s:                     15944.56

Throughput:
    read, MiB/s:                  0.00
    written, MiB/s:               498.27

General statistics:
    total time:                          240.0167s
    total number of events:              3826989

Latency (ms):
         min:                                    0.09
         avg:                                    2.00
         max:                                   49.11
         95th percentile:                        1.89
         sum:                              7671772.66

Threads fairness:
    events (avg/stddev):           119593.4062/196.50
    execution time (avg/stddev):   239.7429/0.01

sysbench 1.0.17 (using bundled LuaJIT 2.1.0-beta2)

Running the test with following options:
Number of threads: 64
Initializing random number generator from current time


Extra file open flags: (none)
64 files, 128MiB each
8GiB total file size
Block size 32KiB
Number of IO requests: 0
Read/Write ratio for combined random IO test: 1.50
Calling fsync() after each write operation.
Using synchronous I/O mode
Doing random write test
Initializing worker threads...

Threads started!


File operations:
    reads/s:                      0.00
    writes/s:                     16097.75
    fsyncs/s:                     16097.75

Throughput:
    read, MiB/s:                  0.00
    written, MiB/s:               503.05

General statistics:
    total time:                          240.0355s
    total number of events:              3864062

Latency (ms):
         min:                                    0.10
         avg:                                    3.97
         max:                                   44.96
         95th percentile:                       37.56
         sum:                             15352598.12

Threads fairness:
    events (avg/stddev):           60375.9688/138.39
    execution time (avg/stddev):   239.8843/0.01

