sysbench 1.0.17 (using bundled LuaJIT 2.1.0-beta2)

Running the test with following options:
Number of threads: 1
Initializing random number generator from current time


Extra file open flags: (none)
64 files, 128MiB each
8GiB total file size
Block size 32KiB
Number of IO requests: 0
Read/Write ratio for combined random IO test: 1.50
Calling fsync() after each write operation.
Using synchronous I/O mode
Doing random read test
Initializing worker threads...

Threads started!


File operations:
    reads/s:                      203213.07
    writes/s:                     0.00
    fsyncs/s:                     0.00

Throughput:
    read, MiB/s:                  6350.41
    written, MiB/s:               0.00

General statistics:
    total time:                          240.0001s
    total number of events:              48771445

Latency (ms):
         min:                                    0.00
         avg:                                    0.00
         max:                                    0.18
         95th percentile:                        0.01
         sum:                               228513.15

Threads fairness:
    events (avg/stddev):           48771445.0000/0.00
    execution time (avg/stddev):   228.5132/0.00

sysbench 1.0.17 (using bundled LuaJIT 2.1.0-beta2)

Running the test with following options:
Number of threads: 4
Initializing random number generator from current time


Extra file open flags: (none)
64 files, 128MiB each
8GiB total file size
Block size 32KiB
Number of IO requests: 0
Read/Write ratio for combined random IO test: 1.50
Calling fsync() after each write operation.
Using synchronous I/O mode
Doing random read test
Initializing worker threads...

Threads started!


File operations:
    reads/s:                      676022.21
    writes/s:                     0.00
    fsyncs/s:                     0.00

Throughput:
    read, MiB/s:                  21125.69
    written, MiB/s:               0.00

General statistics:
    total time:                          240.0000s
    total number of events:              162246321

Latency (ms):
         min:                                    0.00
         avg:                                    0.01
         max:                                    0.20
         95th percentile:                        0.01
         sum:                               865271.96

Threads fairness:
    events (avg/stddev):           40561580.2500/538518.15
    execution time (avg/stddev):   216.3180/0.30

sysbench 1.0.17 (using bundled LuaJIT 2.1.0-beta2)

Running the test with following options:
Number of threads: 8
Initializing random number generator from current time


Extra file open flags: (none)
64 files, 128MiB each
8GiB total file size
Block size 32KiB
Number of IO requests: 0
Read/Write ratio for combined random IO test: 1.50
Calling fsync() after each write operation.
Using synchronous I/O mode
Doing random read test
Initializing worker threads...

Threads started!


File operations:
    reads/s:                      1030902.15
    writes/s:                     0.00
    fsyncs/s:                     0.00

Throughput:
    read, MiB/s:                  32215.69
    written, MiB/s:               0.00

General statistics:
    total time:                          240.0000s
    total number of events:              247418069

Latency (ms):
         min:                                    0.00
         avg:                                    0.01
         max:                                    0.31
         95th percentile:                        0.01
         sum:                              1582140.93

Threads fairness:
    events (avg/stddev):           30927258.6250/890142.86
    execution time (avg/stddev):   197.7676/1.36

sysbench 1.0.17 (using bundled LuaJIT 2.1.0-beta2)

Running the test with following options:
Number of threads: 16
Initializing random number generator from current time


Extra file open flags: (none)
64 files, 128MiB each
8GiB total file size
Block size 32KiB
Number of IO requests: 0
Read/Write ratio for combined random IO test: 1.50
Calling fsync() after each write operation.
Using synchronous I/O mode
Doing random read test
Initializing worker threads...

Threads started!


File operations:
    reads/s:                      940676.90
    writes/s:                     0.00
    fsyncs/s:                     0.00

Throughput:
    read, MiB/s:                  29396.15
    written, MiB/s:               0.00

General statistics:
    total time:                          240.0001s
    total number of events:              225763876

Latency (ms):
         min:                                    0.00
         avg:                                    0.01
         max:                                    3.93
         95th percentile:                        0.03
         sum:                              2599514.29

Threads fairness:
    events (avg/stddev):           14110242.2500/26412.00
    execution time (avg/stddev):   162.4696/0.13

sysbench 1.0.17 (using bundled LuaJIT 2.1.0-beta2)

Running the test with following options:
Number of threads: 32
Initializing random number generator from current time


Extra file open flags: (none)
64 files, 128MiB each
8GiB total file size
Block size 32KiB
Number of IO requests: 0
Read/Write ratio for combined random IO test: 1.50
Calling fsync() after each write operation.
Using synchronous I/O mode
Doing random read test
Initializing worker threads...

Threads started!


File operations:
    reads/s:                      983172.22
    writes/s:                     0.00
    fsyncs/s:                     0.00

Throughput:
    read, MiB/s:                  30724.13
    written, MiB/s:               0.00

General statistics:
    total time:                          240.0001s
    total number of events:              235962881

Latency (ms):
         min:                                    0.00
         avg:                                    0.02
         max:                                    4.35
         95th percentile:                        0.08
         sum:                              4610895.34

Threads fairness:
    events (avg/stddev):           7373840.0312/7846.67
    execution time (avg/stddev):   144.0905/0.10

sysbench 1.0.17 (using bundled LuaJIT 2.1.0-beta2)

Running the test with following options:
Number of threads: 64
Initializing random number generator from current time


Extra file open flags: (none)
64 files, 128MiB each
8GiB total file size
Block size 32KiB
Number of IO requests: 0
Read/Write ratio for combined random IO test: 1.50
Calling fsync() after each write operation.
Using synchronous I/O mode
Doing random read test
Initializing worker threads...

Threads started!


File operations:
    reads/s:                      976899.71
    writes/s:                     0.00
    fsyncs/s:                     0.00

Throughput:
    read, MiB/s:                  30528.12
    written, MiB/s:               0.00

General statistics:
    total time:                          240.0002s
    total number of events:              234457563

Latency (ms):
         min:                                    0.00
         avg:                                    0.04
         max:                                   43.88
         95th percentile:                        0.21
         sum:                              8653919.59

Threads fairness:
    events (avg/stddev):           3663399.4219/16435.18
    execution time (avg/stddev):   135.2175/0.14

