sysbench 1.0.17 (using bundled LuaJIT 2.1.0-beta2)

Running the test with following options:
Number of threads: 1
Initializing random number generator from current time


Extra file open flags: (none)
64 files, 128MiB each
8GiB total file size
Block size 32KiB
Number of IO requests: 0
Read/Write ratio for combined random IO test: 1.50
Calling fsync() after each write operation.
Using synchronous I/O mode
Doing random read test
Initializing worker threads...

Threads started!


File operations:
    reads/s:                      216746.27
    writes/s:                     0.00
    fsyncs/s:                     0.00

Throughput:
    read, MiB/s:                  6773.32
    written, MiB/s:               0.00

General statistics:
    total time:                          240.0001s
    total number of events:              52019439

Latency (ms):
         min:                                    0.00
         avg:                                    0.00
         max:                                    0.82
         95th percentile:                        0.01
         sum:                               229040.67

Threads fairness:
    events (avg/stddev):           52019439.0000/0.00
    execution time (avg/stddev):   229.0407/0.00

sysbench 1.0.17 (using bundled LuaJIT 2.1.0-beta2)

Running the test with following options:
Number of threads: 4
Initializing random number generator from current time


Extra file open flags: (none)
64 files, 128MiB each
8GiB total file size
Block size 32KiB
Number of IO requests: 0
Read/Write ratio for combined random IO test: 1.50
Calling fsync() after each write operation.
Using synchronous I/O mode
Doing random read test
Initializing worker threads...

Threads started!


File operations:
    reads/s:                      730712.33
    writes/s:                     0.00
    fsyncs/s:                     0.00

Throughput:
    read, MiB/s:                  22834.76
    written, MiB/s:               0.00

General statistics:
    total time:                          240.0001s
    total number of events:              175372187

Latency (ms):
         min:                                    0.00
         avg:                                    0.00
         max:                                    4.50
         95th percentile:                        0.01
         sum:                               872062.75

Threads fairness:
    events (avg/stddev):           43843046.7500/34014.05
    execution time (avg/stddev):   218.0157/0.17

sysbench 1.0.17 (using bundled LuaJIT 2.1.0-beta2)

Running the test with following options:
Number of threads: 8
Initializing random number generator from current time


Extra file open flags: (none)
64 files, 128MiB each
8GiB total file size
Block size 32KiB
Number of IO requests: 0
Read/Write ratio for combined random IO test: 1.50
Calling fsync() after each write operation.
Using synchronous I/O mode
Doing random read test
Initializing worker threads...

Threads started!


File operations:
    reads/s:                      1126626.40
    writes/s:                     0.00
    fsyncs/s:                     0.00

Throughput:
    read, MiB/s:                  35207.07
    written, MiB/s:               0.00

General statistics:
    total time:                          240.0002s
    total number of events:              270392177

Latency (ms):
         min:                                    0.00
         avg:                                    0.01
         max:                                    0.83
         95th percentile:                        0.01
         sum:                              1586482.47

Threads fairness:
    events (avg/stddev):           33799022.1250/56803.18
    execution time (avg/stddev):   198.3103/0.22

sysbench 1.0.17 (using bundled LuaJIT 2.1.0-beta2)

Running the test with following options:
Number of threads: 16
Initializing random number generator from current time


Extra file open flags: (none)
64 files, 128MiB each
8GiB total file size
Block size 32KiB
Number of IO requests: 0
Read/Write ratio for combined random IO test: 1.50
Calling fsync() after each write operation.
Using synchronous I/O mode
Doing random read test
Initializing worker threads...

Threads started!


File operations:
    reads/s:                      1122395.05
    writes/s:                     0.00
    fsyncs/s:                     0.00

Throughput:
    read, MiB/s:                  35074.85
    written, MiB/s:               0.00

General statistics:
    total time:                          240.0002s
    total number of events:              269376696

Latency (ms):
         min:                                    0.00
         avg:                                    0.01
         max:                                   14.36
         95th percentile:                        0.02
         sum:                              2680172.29

Threads fairness:
    events (avg/stddev):           16836043.5000/36603.02
    execution time (avg/stddev):   167.5108/0.17

sysbench 1.0.17 (using bundled LuaJIT 2.1.0-beta2)

Running the test with following options:
Number of threads: 32
Initializing random number generator from current time


Extra file open flags: (none)
64 files, 128MiB each
8GiB total file size
Block size 32KiB
Number of IO requests: 0
Read/Write ratio for combined random IO test: 1.50
Calling fsync() after each write operation.
Using synchronous I/O mode
Doing random read test
Initializing worker threads...

Threads started!


File operations:
    reads/s:                      1104711.29
    writes/s:                     0.00
    fsyncs/s:                     0.00

Throughput:
    read, MiB/s:                  34522.23
    written, MiB/s:               0.00

General statistics:
    total time:                          240.0004s
    total number of events:              265132722

Latency (ms):
         min:                                    0.00
         avg:                                    0.02
         max:                                   25.70
         95th percentile:                        0.07
         sum:                              4645541.61

Threads fairness:
    events (avg/stddev):           8285397.5625/28213.58
    execution time (avg/stddev):   145.1732/0.11

sysbench 1.0.17 (using bundled LuaJIT 2.1.0-beta2)

Running the test with following options:
Number of threads: 64
Initializing random number generator from current time


Extra file open flags: (none)
64 files, 128MiB each
8GiB total file size
Block size 32KiB
Number of IO requests: 0
Read/Write ratio for combined random IO test: 1.50
Calling fsync() after each write operation.
Using synchronous I/O mode
Doing random read test
Initializing worker threads...

Threads started!


File operations:
    reads/s:                      1121392.26
    writes/s:                     0.00
    fsyncs/s:                     0.00

Throughput:
    read, MiB/s:                  35043.51
    written, MiB/s:               0.00

General statistics:
    total time:                          240.0006s
    total number of events:              269136488

Latency (ms):
         min:                                    0.00
         avg:                                    0.03
         max:                                   27.74
         95th percentile:                        0.19
         sum:                              8776611.62

Threads fairness:
    events (avg/stddev):           4205257.6250/6789.94
    execution time (avg/stddev):   137.1346/0.12

