sysbench 1.0.17 (using bundled LuaJIT 2.1.0-beta2)

Running the test with following options:
Number of threads: 1
Initializing random number generator from current time


Extra file open flags: (none)
64 files, 128MiB each
8GiB total file size
Block size 32KiB
Number of IO requests: 0
Read/Write ratio for combined random IO test: 1.50
Calling fsync() after each write operation.
Using synchronous I/O mode
Doing random write test
Initializing worker threads...

Threads started!


File operations:
    reads/s:                      0.00
    writes/s:                     3990.11
    fsyncs/s:                     3990.11

Throughput:
    read, MiB/s:                  0.00
    written, MiB/s:               124.69

General statistics:
    total time:                          240.0002s
    total number of events:              957633

Latency (ms):
         min:                                    0.09
         avg:                                    0.25
         max:                                   10.16
         95th percentile:                        0.34
         sum:                               239608.24

Threads fairness:
    events (avg/stddev):           957633.0000/0.00
    execution time (avg/stddev):   239.6082/0.00

sysbench 1.0.17 (using bundled LuaJIT 2.1.0-beta2)

Running the test with following options:
Number of threads: 4
Initializing random number generator from current time


Extra file open flags: (none)
64 files, 128MiB each
8GiB total file size
Block size 32KiB
Number of IO requests: 0
Read/Write ratio for combined random IO test: 1.50
Calling fsync() after each write operation.
Using synchronous I/O mode
Doing random write test
Initializing worker threads...

Threads started!


File operations:
    reads/s:                      0.00
    writes/s:                     10871.55
    fsyncs/s:                     10871.55

Throughput:
    read, MiB/s:                  0.00
    written, MiB/s:               339.74

General statistics:
    total time:                          240.0003s
    total number of events:              2609191

Latency (ms):
         min:                                    0.09
         avg:                                    0.37
         max:                                  170.63
         95th percentile:                        0.97
         sum:                               958483.96

Threads fairness:
    events (avg/stddev):           652297.7500/1310.51
    execution time (avg/stddev):   239.6210/0.01

sysbench 1.0.17 (using bundled LuaJIT 2.1.0-beta2)

Running the test with following options:
Number of threads: 8
Initializing random number generator from current time


Extra file open flags: (none)
64 files, 128MiB each
8GiB total file size
Block size 32KiB
Number of IO requests: 0
Read/Write ratio for combined random IO test: 1.50
Calling fsync() after each write operation.
Using synchronous I/O mode
Doing random write test
Initializing worker threads...

Threads started!


File operations:
    reads/s:                      0.00
    writes/s:                     11307.90
    fsyncs/s:                     11307.90

Throughput:
    read, MiB/s:                  0.00
    written, MiB/s:               353.37

General statistics:
    total time:                          240.0004s
    total number of events:              2713916

Latency (ms):
         min:                                    0.09
         avg:                                    0.71
         max:                                  169.18
         95th percentile:                        1.16
         sum:                              1918020.37

Threads fairness:
    events (avg/stddev):           339239.5000/635.74
    execution time (avg/stddev):   239.7525/0.00

sysbench 1.0.17 (using bundled LuaJIT 2.1.0-beta2)

Running the test with following options:
Number of threads: 16
Initializing random number generator from current time


Extra file open flags: (none)
64 files, 128MiB each
8GiB total file size
Block size 32KiB
Number of IO requests: 0
Read/Write ratio for combined random IO test: 1.50
Calling fsync() after each write operation.
Using synchronous I/O mode
Doing random write test
Initializing worker threads...

Threads started!


File operations:
    reads/s:                      0.00
    writes/s:                     11709.34
    fsyncs/s:                     11709.34

Throughput:
    read, MiB/s:                  0.00
    written, MiB/s:               365.92

General statistics:
    total time:                          240.0013s
    total number of events:              2810273

Latency (ms):
         min:                                    0.09
         avg:                                    1.37
         max:                                  191.66
         95th percentile:                        3.75
         sum:                              3836473.47

Threads fairness:
    events (avg/stddev):           175642.0625/159.45
    execution time (avg/stddev):   239.7796/0.00

sysbench 1.0.17 (using bundled LuaJIT 2.1.0-beta2)

Running the test with following options:
Number of threads: 32
Initializing random number generator from current time


Extra file open flags: (none)
64 files, 128MiB each
8GiB total file size
Block size 32KiB
Number of IO requests: 0
Read/Write ratio for combined random IO test: 1.50
Calling fsync() after each write operation.
Using synchronous I/O mode
Doing random write test
Initializing worker threads...

Threads started!


File operations:
    reads/s:                      0.00
    writes/s:                     11994.50
    fsyncs/s:                     11994.50

Throughput:
    read, MiB/s:                  0.00
    written, MiB/s:               374.83

General statistics:
    total time:                          240.0037s
    total number of events:              2878741

Latency (ms):
         min:                                    0.10
         avg:                                    2.67
         max:                                  221.16
         95th percentile:                        7.17
         sum:                              7674241.99

Threads fairness:
    events (avg/stddev):           89960.6562/214.86
    execution time (avg/stddev):   239.8201/0.00

sysbench 1.0.17 (using bundled LuaJIT 2.1.0-beta2)

Running the test with following options:
Number of threads: 64
Initializing random number generator from current time


Extra file open flags: (none)
64 files, 128MiB each
8GiB total file size
Block size 32KiB
Number of IO requests: 0
Read/Write ratio for combined random IO test: 1.50
Calling fsync() after each write operation.
Using synchronous I/O mode
Doing random write test
Initializing worker threads...

Threads started!


File operations:
    reads/s:                      0.00
    writes/s:                     12194.55
    fsyncs/s:                     12194.55

Throughput:
    read, MiB/s:                  0.00
    written, MiB/s:               381.08

General statistics:
    total time:                          240.0046s
    total number of events:              2926764

Latency (ms):
         min:                                    0.09
         avg:                                    5.25
         max:                                  236.11
         95th percentile:                       13.22
         sum:                             15352159.81

Threads fairness:
    events (avg/stddev):           45730.6875/118.67
    execution time (avg/stddev):   239.8775/0.00

