sysbench 1.0.17 (using bundled LuaJIT 2.1.0-beta2)

Running the test with following options:
Number of threads: 1
Initializing random number generator from current time


Extra file open flags: (none)
64 files, 128MiB each
8GiB total file size
Block size 32KiB
Number of IO requests: 0
Read/Write ratio for combined random IO test: 1.50
Calling fsync() after each write operation.
Using synchronous I/O mode
Doing random write test
Initializing worker threads...

Threads started!


File operations:
    reads/s:                      0.00
    writes/s:                     1748.87
    fsyncs/s:                     1748.87

Throughput:
    read, MiB/s:                  0.00
    written, MiB/s:               54.65

General statistics:
    total time:                          240.0005s
    total number of events:              419733

Latency (ms):
         min:                                    0.11
         avg:                                    0.57
         max:                                   55.46
         95th percentile:                        1.58
         sum:                               239589.14

Threads fairness:
    events (avg/stddev):           419733.0000/0.00
    execution time (avg/stddev):   239.5891/0.00

sysbench 1.0.17 (using bundled LuaJIT 2.1.0-beta2)

Running the test with following options:
Number of threads: 4
Initializing random number generator from current time


Extra file open flags: (none)
64 files, 128MiB each
8GiB total file size
Block size 32KiB
Number of IO requests: 0
Read/Write ratio for combined random IO test: 1.50
Calling fsync() after each write operation.
Using synchronous I/O mode
Doing random write test
Initializing worker threads...

Threads started!


File operations:
    reads/s:                      0.00
    writes/s:                     3442.24
    fsyncs/s:                     3442.24

Throughput:
    read, MiB/s:                  0.00
    written, MiB/s:               107.57

General statistics:
    total time:                          240.0020s
    total number of events:              826151

Latency (ms):
         min:                                    0.12
         avg:                                    1.16
         max:                                  493.94
         95th percentile:                        3.02
         sum:                               959034.04

Threads fairness:
    events (avg/stddev):           206537.7500/156.95
    execution time (avg/stddev):   239.7585/0.00

sysbench 1.0.17 (using bundled LuaJIT 2.1.0-beta2)

Running the test with following options:
Number of threads: 8
Initializing random number generator from current time


Extra file open flags: (none)
64 files, 128MiB each
8GiB total file size
Block size 32KiB
Number of IO requests: 0
Read/Write ratio for combined random IO test: 1.50
Calling fsync() after each write operation.
Using synchronous I/O mode
Doing random write test
Initializing worker threads...

Threads started!


File operations:
    reads/s:                      0.00
    writes/s:                     4179.59
    fsyncs/s:                     4179.59

Throughput:
    read, MiB/s:                  0.00
    written, MiB/s:               130.61

General statistics:
    total time:                          240.0006s
    total number of events:              1003112

Latency (ms):
         min:                                    0.12
         avg:                                    1.91
         max:                                  408.55
         95th percentile:                        3.49
         sum:                              1918732.97

Threads fairness:
    events (avg/stddev):           125389.0000/88.70
    execution time (avg/stddev):   239.8416/0.00

sysbench 1.0.17 (using bundled LuaJIT 2.1.0-beta2)

Running the test with following options:
Number of threads: 16
Initializing random number generator from current time


Extra file open flags: (none)
64 files, 128MiB each
8GiB total file size
Block size 32KiB
Number of IO requests: 0
Read/Write ratio for combined random IO test: 1.50
Calling fsync() after each write operation.
Using synchronous I/O mode
Doing random write test
Initializing worker threads...

Threads started!


File operations:
    reads/s:                      0.00
    writes/s:                     5333.42
    fsyncs/s:                     5333.42

Throughput:
    read, MiB/s:                  0.00
    written, MiB/s:               166.67

General statistics:
    total time:                          240.0045s
    total number of events:              1280055

Latency (ms):
         min:                                    0.13
         avg:                                    3.00
         max:                                  124.16
         95th percentile:                        5.28
         sum:                              3838466.40

Threads fairness:
    events (avg/stddev):           80003.4375/45.33
    execution time (avg/stddev):   239.9042/0.00

sysbench 1.0.17 (using bundled LuaJIT 2.1.0-beta2)

Running the test with following options:
Number of threads: 32
Initializing random number generator from current time


Extra file open flags: (none)
64 files, 128MiB each
8GiB total file size
Block size 32KiB
Number of IO requests: 0
Read/Write ratio for combined random IO test: 1.50
Calling fsync() after each write operation.
Using synchronous I/O mode
Doing random write test
Initializing worker threads...

Threads started!


File operations:
    reads/s:                      0.00
    writes/s:                     7441.46
    fsyncs/s:                     7441.46

Throughput:
    read, MiB/s:                  0.00
    written, MiB/s:               232.55

General statistics:
    total time:                          240.0027s
    total number of events:              1785984

Latency (ms):
         min:                                    0.15
         avg:                                    4.30
         max:                                   31.02
         95th percentile:                        7.56
         sum:                              7677990.33

Threads fairness:
    events (avg/stddev):           55812.0000/57.00
    execution time (avg/stddev):   239.9372/0.00

sysbench 1.0.17 (using bundled LuaJIT 2.1.0-beta2)

Running the test with following options:
Number of threads: 64
Initializing random number generator from current time


Extra file open flags: (none)
64 files, 128MiB each
8GiB total file size
Block size 32KiB
Number of IO requests: 0
Read/Write ratio for combined random IO test: 1.50
Calling fsync() after each write operation.
Using synchronous I/O mode
Doing random write test
Initializing worker threads...

Threads started!


File operations:
    reads/s:                      0.00
    writes/s:                     9729.00
    fsyncs/s:                     9729.00

Throughput:
    read, MiB/s:                  0.00
    written, MiB/s:               304.03

General statistics:
    total time:                          240.0047s
    total number of events:              2335023

Latency (ms):
         min:                                    0.23
         avg:                                    6.58
         max:                                  137.83
         95th percentile:                       12.75
         sum:                             15357736.59

Threads fairness:
    events (avg/stddev):           36484.7344/73.94
    execution time (avg/stddev):   239.9646/0.00

