sysbench 1.0.17 (using bundled LuaJIT 2.1.0-beta2)

Running the test with following options:
Number of threads: 1
Initializing random number generator from current time


Extra file open flags: (none)
64 files, 128MiB each
8GiB total file size
Block size 32KiB
Number of IO requests: 0
Read/Write ratio for combined random IO test: 1.50
Calling fsync() after each write operation.
Using synchronous I/O mode
Doing random read test
Initializing worker threads...

Threads started!


File operations:
    reads/s:                      216479.36
    writes/s:                     0.00
    fsyncs/s:                     0.00

Throughput:
    read, MiB/s:                  6764.98
    written, MiB/s:               0.00

General statistics:
    total time:                          240.0001s
    total number of events:              51955391

Latency (ms):
         min:                                    0.00
         avg:                                    0.00
         max:                                    1.43
         95th percentile:                        0.01
         sum:                               228410.50

Threads fairness:
    events (avg/stddev):           51955391.0000/0.00
    execution time (avg/stddev):   228.4105/0.00

sysbench 1.0.17 (using bundled LuaJIT 2.1.0-beta2)

Running the test with following options:
Number of threads: 4
Initializing random number generator from current time


Extra file open flags: (none)
64 files, 128MiB each
8GiB total file size
Block size 32KiB
Number of IO requests: 0
Read/Write ratio for combined random IO test: 1.50
Calling fsync() after each write operation.
Using synchronous I/O mode
Doing random read test
Initializing worker threads...

Threads started!


File operations:
    reads/s:                      729676.59
    writes/s:                     0.00
    fsyncs/s:                     0.00

Throughput:
    read, MiB/s:                  22802.39
    written, MiB/s:               0.00

General statistics:
    total time:                          240.0001s
    total number of events:              175123519

Latency (ms):
         min:                                    0.00
         avg:                                    0.00
         max:                                    2.14
         95th percentile:                        0.01
         sum:                               872548.22

Threads fairness:
    events (avg/stddev):           43780879.7500/97071.22
    execution time (avg/stddev):   218.1371/0.10

sysbench 1.0.17 (using bundled LuaJIT 2.1.0-beta2)

Running the test with following options:
Number of threads: 8
Initializing random number generator from current time


Extra file open flags: (none)
64 files, 128MiB each
8GiB total file size
Block size 32KiB
Number of IO requests: 0
Read/Write ratio for combined random IO test: 1.50
Calling fsync() after each write operation.
Using synchronous I/O mode
Doing random read test
Initializing worker threads...

Threads started!


File operations:
    reads/s:                      1144702.87
    writes/s:                     0.00
    fsyncs/s:                     0.00

Throughput:
    read, MiB/s:                  35771.96
    written, MiB/s:               0.00

General statistics:
    total time:                          240.0002s
    total number of events:              274730694

Latency (ms):
         min:                                    0.00
         avg:                                    0.01
         max:                                    4.88
         95th percentile:                        0.01
         sum:                              1603718.59

Threads fairness:
    events (avg/stddev):           34341336.7500/39904.46
    execution time (avg/stddev):   200.4648/0.12

sysbench 1.0.17 (using bundled LuaJIT 2.1.0-beta2)

Running the test with following options:
Number of threads: 16
Initializing random number generator from current time


Extra file open flags: (none)
64 files, 128MiB each
8GiB total file size
Block size 32KiB
Number of IO requests: 0
Read/Write ratio for combined random IO test: 1.50
Calling fsync() after each write operation.
Using synchronous I/O mode
Doing random read test
Initializing worker threads...

Threads started!


File operations:
    reads/s:                      1105092.50
    writes/s:                     0.00
    fsyncs/s:                     0.00

Throughput:
    read, MiB/s:                  34534.14
    written, MiB/s:               0.00

General statistics:
    total time:                          240.0002s
    total number of events:              265224145

Latency (ms):
         min:                                    0.00
         avg:                                    0.01
         max:                                   20.19
         95th percentile:                        0.02
         sum:                              2681041.38

Threads fairness:
    events (avg/stddev):           16576509.0625/45044.74
    execution time (avg/stddev):   167.5651/0.19

sysbench 1.0.17 (using bundled LuaJIT 2.1.0-beta2)

Running the test with following options:
Number of threads: 32
Initializing random number generator from current time


Extra file open flags: (none)
64 files, 128MiB each
8GiB total file size
Block size 32KiB
Number of IO requests: 0
Read/Write ratio for combined random IO test: 1.50
Calling fsync() after each write operation.
Using synchronous I/O mode
Doing random read test
Initializing worker threads...

Threads started!


File operations:
    reads/s:                      1111351.99
    writes/s:                     0.00
    fsyncs/s:                     0.00

Throughput:
    read, MiB/s:                  34729.75
    written, MiB/s:               0.00

General statistics:
    total time:                          240.0003s
    total number of events:              266726595

Latency (ms):
         min:                                    0.00
         avg:                                    0.02
         max:                                   23.41
         95th percentile:                        0.07
         sum:                              4667361.41

Threads fairness:
    events (avg/stddev):           8335206.0938/30069.07
    execution time (avg/stddev):   145.8550/0.11

sysbench 1.0.17 (using bundled LuaJIT 2.1.0-beta2)

Running the test with following options:
Number of threads: 64
Initializing random number generator from current time


Extra file open flags: (none)
64 files, 128MiB each
8GiB total file size
Block size 32KiB
Number of IO requests: 0
Read/Write ratio for combined random IO test: 1.50
Calling fsync() after each write operation.
Using synchronous I/O mode
Doing random read test
Initializing worker threads...

Threads started!


File operations:
    reads/s:                      1080936.13
    writes/s:                     0.00
    fsyncs/s:                     0.00

Throughput:
    read, MiB/s:                  33779.25
    written, MiB/s:               0.00

General statistics:
    total time:                          240.0006s
    total number of events:              259426961

Latency (ms):
         min:                                    0.00
         avg:                                    0.03
         max:                                   26.61
         95th percentile:                        0.20
         sum:                              8737823.12

Threads fairness:
    events (avg/stddev):           4053546.2656/7055.21
    execution time (avg/stddev):   136.5285/0.14

