sysbench 1.0.17 (using bundled LuaJIT 2.1.0-beta2)

Running the test with following options:
Number of threads: 1
Initializing random number generator from current time


Extra file open flags: (none)
64 files, 128MiB each
8GiB total file size
Block size 32KiB
Number of IO requests: 0
Read/Write ratio for combined random IO test: 1.50
Calling fsync() after each write operation.
Using synchronous I/O mode
Doing random write test
Initializing worker threads...

Threads started!


File operations:
    reads/s:                      0.00
    writes/s:                     3875.68
    fsyncs/s:                     3875.68

Throughput:
    read, MiB/s:                  0.00
    written, MiB/s:               121.12

General statistics:
    total time:                          240.0002s
    total number of events:              930170

Latency (ms):
         min:                                    0.09
         avg:                                    0.26
         max:                                   10.41
         95th percentile:                        0.35
         sum:                               239591.49

Threads fairness:
    events (avg/stddev):           930170.0000/0.00
    execution time (avg/stddev):   239.5915/0.00

sysbench 1.0.17 (using bundled LuaJIT 2.1.0-beta2)

Running the test with following options:
Number of threads: 4
Initializing random number generator from current time


Extra file open flags: (none)
64 files, 128MiB each
8GiB total file size
Block size 32KiB
Number of IO requests: 0
Read/Write ratio for combined random IO test: 1.50
Calling fsync() after each write operation.
Using synchronous I/O mode
Doing random write test
Initializing worker threads...

Threads started!


File operations:
    reads/s:                      0.00
    writes/s:                     10852.52
    fsyncs/s:                     10852.52

Throughput:
    read, MiB/s:                  0.00
    written, MiB/s:               339.14

General statistics:
    total time:                          240.0004s
    total number of events:              2604626

Latency (ms):
         min:                                    0.09
         avg:                                    0.37
         max:                                    9.14
         95th percentile:                        0.97
         sum:                               958350.11

Threads fairness:
    events (avg/stddev):           651156.5000/399.67
    execution time (avg/stddev):   239.5875/0.00

sysbench 1.0.17 (using bundled LuaJIT 2.1.0-beta2)

Running the test with following options:
Number of threads: 8
Initializing random number generator from current time


Extra file open flags: (none)
64 files, 128MiB each
8GiB total file size
Block size 32KiB
Number of IO requests: 0
Read/Write ratio for combined random IO test: 1.50
Calling fsync() after each write operation.
Using synchronous I/O mode
Doing random write test
Initializing worker threads...

Threads started!


File operations:
    reads/s:                      0.00
    writes/s:                     11288.95
    fsyncs/s:                     11288.95

Throughput:
    read, MiB/s:                  0.00
    written, MiB/s:               352.78

General statistics:
    total time:                          240.0017s
    total number of events:              2709385

Latency (ms):
         min:                                    0.09
         avg:                                    0.71
         max:                                   11.83
         95th percentile:                        1.67
         sum:                              1917773.99

Threads fairness:
    events (avg/stddev):           338673.1250/916.78
    execution time (avg/stddev):   239.7217/0.00

sysbench 1.0.17 (using bundled LuaJIT 2.1.0-beta2)

Running the test with following options:
Number of threads: 16
Initializing random number generator from current time


Extra file open flags: (none)
64 files, 128MiB each
8GiB total file size
Block size 32KiB
Number of IO requests: 0
Read/Write ratio for combined random IO test: 1.50
Calling fsync() after each write operation.
Using synchronous I/O mode
Doing random write test
Initializing worker threads...

Threads started!


File operations:
    reads/s:                      0.00
    writes/s:                     11726.61
    fsyncs/s:                     11726.61

Throughput:
    read, MiB/s:                  0.00
    written, MiB/s:               366.46

General statistics:
    total time:                          240.0014s
    total number of events:              2814419

Latency (ms):
         min:                                    0.09
         avg:                                    1.36
         max:                                   13.11
         95th percentile:                        3.82
         sum:                              3835981.75

Threads fairness:
    events (avg/stddev):           175901.1875/296.25
    execution time (avg/stddev):   239.7489/0.00

sysbench 1.0.17 (using bundled LuaJIT 2.1.0-beta2)

Running the test with following options:
Number of threads: 32
Initializing random number generator from current time


Extra file open flags: (none)
64 files, 128MiB each
8GiB total file size
Block size 32KiB
Number of IO requests: 0
Read/Write ratio for combined random IO test: 1.50
Calling fsync() after each write operation.
Using synchronous I/O mode
Doing random write test
Initializing worker threads...

Threads started!


File operations:
    reads/s:                      0.00
    writes/s:                     12019.14
    fsyncs/s:                     12019.14

Throughput:
    read, MiB/s:                  0.00
    written, MiB/s:               375.60

General statistics:
    total time:                          240.0070s
    total number of events:              2884693

Latency (ms):
         min:                                    0.09
         avg:                                    2.66
         max:                                   21.15
         95th percentile:                        7.30
         sum:                              7673504.16

Threads fairness:
    events (avg/stddev):           90146.6562/175.57
    execution time (avg/stddev):   239.7970/0.00

sysbench 1.0.17 (using bundled LuaJIT 2.1.0-beta2)

Running the test with following options:
Number of threads: 64
Initializing random number generator from current time


Extra file open flags: (none)
64 files, 128MiB each
8GiB total file size
Block size 32KiB
Number of IO requests: 0
Read/Write ratio for combined random IO test: 1.50
Calling fsync() after each write operation.
Using synchronous I/O mode
Doing random write test
Initializing worker threads...

Threads started!


File operations:
    reads/s:                      0.00
    writes/s:                     12213.76
    fsyncs/s:                     12213.76

Throughput:
    read, MiB/s:                  0.00
    written, MiB/s:               381.68

General statistics:
    total time:                          240.0096s
    total number of events:              2931435

Latency (ms):
         min:                                    0.09
         avg:                                    5.24
         max:                                   39.82
         95th percentile:                       13.22
         sum:                             15351624.60

Threads fairness:
    events (avg/stddev):           45803.6719/124.59
    execution time (avg/stddev):   239.8691/0.00

