sysbench 1.0.17 (using bundled LuaJIT 2.1.0-beta2)

Running the test with following options:
Number of threads: 1
Initializing random number generator from current time


Extra file open flags: (none)
64 files, 128MiB each
8GiB total file size
Block size 32KiB
Number of IO requests: 0
Read/Write ratio for combined random IO test: 1.50
Calling fsync() after each write operation.
Using synchronous I/O mode
Doing random read test
Initializing worker threads...

Threads started!


File operations:
    reads/s:                      931201.02
    writes/s:                     0.00
    fsyncs/s:                     0.00

Throughput:
    read, MiB/s:                  29100.03
    written, MiB/s:               0.00

General statistics:
    total time:                          240.0002s
    total number of events:              223490237

Latency (ms):
         min:                                    0.00
         avg:                                    0.01
         max:                                   38.87
         95th percentile:                        0.02
         sum:                              3100503.77

Threads fairness:
    events (avg/stddev):           13968139.8125/25865.72
    execution time (avg/stddev):   193.7815/0.17

sysbench 1.0.17 (using bundled LuaJIT 2.1.0-beta2)

Running the test with following options:
Number of threads: 32
Initializing random number generator from current time


Extra file open flags: (none)
64 files, 128MiB each
8GiB total file size
Block size 32KiB
Number of IO requests: 0
Read/Write ratio for combined random IO test: 1.50
Calling fsync() after each write operation.
Using synchronous I/O mode
Doing random read test
Initializing worker threads...

Threads started!


File operations:
    reads/s:                      137585.56
    writes/s:                     0.00
    fsyncs/s:                     0.00

Throughput:
    read, MiB/s:                  4299.55
    written, MiB/s:               0.00

General statistics:
    total time:                          240.0001s
    total number of events:              33020850

Latency (ms):
         min:                                    0.00
         avg:                                    0.01
         max:                                   14.06
         95th percentile:                        0.01
         sum:                               228521.72

Threads fairness:
    events (avg/stddev):           33020850.0000/0.00
    execution time (avg/stddev):   228.5217/0.00

sysbench 1.0.17 (using bundled LuaJIT 2.1.0-beta2)

Running the test with following options:
Number of threads: 4
Initializing random number generator from current time


Extra file open flags: (none)
64 files, 128MiB each
8GiB total file size
Block size 32KiB
Number of IO requests: 0
Read/Write ratio for combined random IO test: 1.50
Calling fsync() after each write operation.
Using synchronous I/O mode
Doing random read test
Initializing worker threads...

Threads started!


File operations:
    reads/s:                      1117715.79
    writes/s:                     0.00
    fsyncs/s:                     0.00

Throughput:
    read, MiB/s:                  34928.62
    written, MiB/s:               0.00

General statistics:
    total time:                          240.0016s
    total number of events:              268255756

Latency (ms):
         min:                                    0.00
         avg:                                    0.02
         max:                                   38.34
         95th percentile:                        0.05
         sum:                              4980071.72

Threads fairness:
    events (avg/stddev):           8382992.3750/30717.73
    execution time (avg/stddev):   155.6272/0.20

sysbench 1.0.17 (using bundled LuaJIT 2.1.0-beta2)

Running the test with following options:
Number of threads: 64
Initializing random number generator from current time


Extra file open flags: (none)
64 files, 128MiB each
8GiB total file size
Block size 32KiB
Number of IO requests: 0
Read/Write ratio for combined random IO test: 1.50
Calling fsync() after each write operation.
Using synchronous I/O mode
Doing random read test
Initializing worker threads...

Threads started!


File operations:
    reads/s:                      240229.19
    writes/s:                     0.00
    fsyncs/s:                     0.00

Throughput:
    read, MiB/s:                  7507.16
    written, MiB/s:               0.00

General statistics:
    total time:                          240.0074s
    total number of events:              57657248

Latency (ms):
         min:                                    0.00
         avg:                                    0.02
         max:                                   83.56
         95th percentile:                        0.01
         sum:                               904842.88

Threads fairness:
    events (avg/stddev):           14414312.0000/98186.48
    execution time (avg/stddev):   226.2107/0.18

sysbench 1.0.17 (using bundled LuaJIT 2.1.0-beta2)

Running the test with following options:
Number of threads: 8
Initializing random number generator from current time


Extra file open flags: (none)
64 files, 128MiB each
8GiB total file size
Block size 32KiB
Number of IO requests: 0
Read/Write ratio for combined random IO test: 1.50
Calling fsync() after each write operation.
Using synchronous I/O mode
Doing random read test
Initializing worker threads...

Threads started!


File operations:
    reads/s:                      1099338.14
    writes/s:                     0.00
    fsyncs/s:                     0.00

Throughput:
    read, MiB/s:                  34354.32
    written, MiB/s:               0.00

General statistics:
    total time:                          240.0045s
    total number of events:              263848261

Latency (ms):
         min:                                    0.00
         avg:                                    0.03
         max:                                  101.54
         95th percentile:                        0.11
         sum:                              9076573.15

Threads fairness:
    events (avg/stddev):           4122629.0781/11855.09
    execution time (avg/stddev):   141.8215/0.26

