sysbench 1.0.17 (using bundled LuaJIT 2.1.0-beta2)

Running the test with following options:
Number of threads: 1
Initializing random number generator from current time


Extra file open flags: (none)
64 files, 128MiB each
8GiB total file size
Block size 32KiB
Number of IO requests: 0
Read/Write ratio for combined random IO test: 1.50
Calling fsync() after each write operation.
Using synchronous I/O mode
Doing random write test
Initializing worker threads...

Threads started!


File operations:
    reads/s:                      0.00
    writes/s:                     8278.39
    fsyncs/s:                     8278.39

Throughput:
    read, MiB/s:                  0.00
    written, MiB/s:               258.70

General statistics:
    total time:                          240.0001s
    total number of events:              1986827

Latency (ms):
         min:                                    0.05
         avg:                                    0.12
         max:                                    7.37
         95th percentile:                        0.14
         sum:                               239276.68

Threads fairness:
    events (avg/stddev):           1986827.0000/0.00
    execution time (avg/stddev):   239.2767/0.00

sysbench 1.0.17 (using bundled LuaJIT 2.1.0-beta2)

Running the test with following options:
Number of threads: 4
Initializing random number generator from current time


Extra file open flags: (none)
64 files, 128MiB each
8GiB total file size
Block size 32KiB
Number of IO requests: 0
Read/Write ratio for combined random IO test: 1.50
Calling fsync() after each write operation.
Using synchronous I/O mode
Doing random write test
Initializing worker threads...

Threads started!


File operations:
    reads/s:                      0.00
    writes/s:                     14222.17
    fsyncs/s:                     14222.17

Throughput:
    read, MiB/s:                  0.00
    written, MiB/s:               444.44

General statistics:
    total time:                          240.0002s
    total number of events:              3413347

Latency (ms):
         min:                                    0.05
         avg:                                    0.28
         max:                                    7.63
         95th percentile:                        0.57
         sum:                               958390.47

Threads fairness:
    events (avg/stddev):           853336.7500/316.09
    execution time (avg/stddev):   239.5976/0.01

sysbench 1.0.17 (using bundled LuaJIT 2.1.0-beta2)

Running the test with following options:
Number of threads: 8
Initializing random number generator from current time


Extra file open flags: (none)
64 files, 128MiB each
8GiB total file size
Block size 32KiB
Number of IO requests: 0
Read/Write ratio for combined random IO test: 1.50
Calling fsync() after each write operation.
Using synchronous I/O mode
Doing random write test
Initializing worker threads...

Threads started!


File operations:
    reads/s:                      0.00
    writes/s:                     14571.63
    fsyncs/s:                     14571.63

Throughput:
    read, MiB/s:                  0.00
    written, MiB/s:               455.36

General statistics:
    total time:                          240.0009s
    total number of events:              3497228

Latency (ms):
         min:                                    0.05
         avg:                                    0.55
         max:                                    8.31
         95th percentile:                        1.08
         sum:                              1917524.63

Threads fairness:
    events (avg/stddev):           437153.5000/583.29
    execution time (avg/stddev):   239.6906/0.00

sysbench 1.0.17 (using bundled LuaJIT 2.1.0-beta2)

Running the test with following options:
Number of threads: 16
Initializing random number generator from current time


Extra file open flags: (none)
64 files, 128MiB each
8GiB total file size
Block size 32KiB
Number of IO requests: 0
Read/Write ratio for combined random IO test: 1.50
Calling fsync() after each write operation.
Using synchronous I/O mode
Doing random write test
Initializing worker threads...

Threads started!


File operations:
    reads/s:                      0.00
    writes/s:                     14952.08
    fsyncs/s:                     14952.08

Throughput:
    read, MiB/s:                  0.00
    written, MiB/s:               467.25

General statistics:
    total time:                          240.0008s
    total number of events:              3588533

Latency (ms):
         min:                                    0.05
         avg:                                    1.07
         max:                                    9.35
         95th percentile:                        2.03
         sum:                              3836385.06

Threads fairness:
    events (avg/stddev):           224283.3125/251.53
    execution time (avg/stddev):   239.7741/0.00

sysbench 1.0.17 (using bundled LuaJIT 2.1.0-beta2)

Running the test with following options:
Number of threads: 32
Initializing random number generator from current time


Extra file open flags: (none)
64 files, 128MiB each
8GiB total file size
Block size 32KiB
Number of IO requests: 0
Read/Write ratio for combined random IO test: 1.50
Calling fsync() after each write operation.
Using synchronous I/O mode
Doing random write test
Initializing worker threads...

Threads started!


File operations:
    reads/s:                      0.00
    writes/s:                     15358.25
    fsyncs/s:                     15358.25

Throughput:
    read, MiB/s:                  0.00
    written, MiB/s:               479.95

General statistics:
    total time:                          240.0028s
    total number of events:              3686045

Latency (ms):
         min:                                    0.05
         avg:                                    2.08
         max:                                   12.71
         95th percentile:                        3.75
         sum:                              7674523.47

Threads fairness:
    events (avg/stddev):           115188.9062/156.68
    execution time (avg/stddev):   239.8289/0.00

sysbench 1.0.17 (using bundled LuaJIT 2.1.0-beta2)

Running the test with following options:
Number of threads: 64
Initializing random number generator from current time


Extra file open flags: (none)
64 files, 128MiB each
8GiB total file size
Block size 32KiB
Number of IO requests: 0
Read/Write ratio for combined random IO test: 1.50
Calling fsync() after each write operation.
Using synchronous I/O mode
Doing random write test
Initializing worker threads...

Threads started!


File operations:
    reads/s:                      0.00
    writes/s:                     15642.23
    fsyncs/s:                     15642.23

Throughput:
    read, MiB/s:                  0.00
    written, MiB/s:               488.82

General statistics:
    total time:                          240.0022s
    total number of events:              3754191

Latency (ms):
         min:                                    0.05
         avg:                                    4.09
         max:                                   20.71
         95th percentile:                        7.04
         sum:                             15349591.14

Threads fairness:
    events (avg/stddev):           58659.2344/100.61
    execution time (avg/stddev):   239.8374/0.00

