sysbench 1.0.17 (using bundled LuaJIT 2.1.0-beta2)

Running the test with following options:
Number of threads: 1
Initializing random number generator from current time


Extra file open flags: (none)
64 files, 128MiB each
8GiB total file size
Block size 32KiB
Number of IO requests: 0
Read/Write ratio for combined random IO test: 1.50
Calling fsync() after each write operation.
Using synchronous I/O mode
Doing random read test
Initializing worker threads...

Threads started!


File operations:
    reads/s:                      145463.11
    writes/s:                     0.00
    fsyncs/s:                     0.00

Throughput:
    read, MiB/s:                  4545.72
    written, MiB/s:               0.00

General statistics:
    total time:                          240.0001s
    total number of events:              34911483

Latency (ms):
         min:                                    0.00
         avg:                                    0.01
         max:                                    8.76
         95th percentile:                        0.01
         sum:                               229604.99

Threads fairness:
    events (avg/stddev):           34911483.0000/0.00
    execution time (avg/stddev):   229.6050/0.00

sysbench 1.0.17 (using bundled LuaJIT 2.1.0-beta2)

Running the test with following options:
Number of threads: 4
Initializing random number generator from current time


Extra file open flags: (none)
64 files, 128MiB each
8GiB total file size
Block size 32KiB
Number of IO requests: 0
Read/Write ratio for combined random IO test: 1.50
Calling fsync() after each write operation.
Using synchronous I/O mode
Doing random read test
Initializing worker threads...

Threads started!


File operations:
    reads/s:                      522670.41
    writes/s:                     0.00
    fsyncs/s:                     0.00

Throughput:
    read, MiB/s:                  16333.45
    written, MiB/s:               0.00

General statistics:
    total time:                          240.0002s
    total number of events:              125442160

Latency (ms):
         min:                                    0.00
         avg:                                    0.01
         max:                                   14.99
         95th percentile:                        0.01
         sum:                               893926.67

Threads fairness:
    events (avg/stddev):           31360540.0000/228242.54
    execution time (avg/stddev):   223.4817/0.10

sysbench 1.0.17 (using bundled LuaJIT 2.1.0-beta2)

Running the test with following options:
Number of threads: 8
Initializing random number generator from current time


Extra file open flags: (none)
64 files, 128MiB each
8GiB total file size
Block size 32KiB
Number of IO requests: 0
Read/Write ratio for combined random IO test: 1.50
Calling fsync() after each write operation.
Using synchronous I/O mode
Doing random read test
Initializing worker threads...

Threads started!


File operations:
    reads/s:                      904765.77
    writes/s:                     0.00
    fsyncs/s:                     0.00

Throughput:
    read, MiB/s:                  28273.93
    written, MiB/s:               0.00

General statistics:
    total time:                          240.0002s
    total number of events:              217145983

Latency (ms):
         min:                                    0.00
         avg:                                    0.01
         max:                                   15.46
         95th percentile:                        0.01
         sum:                              1707419.33

Threads fairness:
    events (avg/stddev):           27143247.8750/253809.98
    execution time (avg/stddev):   213.4274/0.28

sysbench 1.0.17 (using bundled LuaJIT 2.1.0-beta2)

Running the test with following options:
Number of threads: 16
Initializing random number generator from current time


Extra file open flags: (none)
64 files, 128MiB each
8GiB total file size
Block size 32KiB
Number of IO requests: 0
Read/Write ratio for combined random IO test: 1.50
Calling fsync() after each write operation.
Using synchronous I/O mode
Doing random read test
Initializing worker threads...

Threads started!


File operations:
    reads/s:                      896057.82
    writes/s:                     0.00
    fsyncs/s:                     0.00

Throughput:
    read, MiB/s:                  28001.81
    written, MiB/s:               0.00

General statistics:
    total time:                          240.0002s
    total number of events:              215056088

Latency (ms):
         min:                                    0.00
         avg:                                    0.01
         max:                                   19.61
         95th percentile:                        0.03
         sum:                              3072880.23

Threads fairness:
    events (avg/stddev):           13441005.5000/17880.95
    execution time (avg/stddev):   192.0550/0.22

sysbench 1.0.17 (using bundled LuaJIT 2.1.0-beta2)

Running the test with following options:
Number of threads: 32
Initializing random number generator from current time


Extra file open flags: (none)
64 files, 128MiB each
8GiB total file size
Block size 32KiB
Number of IO requests: 0
Read/Write ratio for combined random IO test: 1.50
Calling fsync() after each write operation.
Using synchronous I/O mode
Doing random read test
Initializing worker threads...

Threads started!


File operations:
    reads/s:                      936332.32
    writes/s:                     0.00
    fsyncs/s:                     0.00

Throughput:
    read, MiB/s:                  29260.38
    written, MiB/s:               0.00

General statistics:
    total time:                          240.0002s
    total number of events:              224722006

Latency (ms):
         min:                                    0.00
         avg:                                    0.02
         max:                                   25.57
         95th percentile:                        0.05
         sum:                              5098139.04

Threads fairness:
    events (avg/stddev):           7022562.6875/15278.15
    execution time (avg/stddev):   159.3168/0.17

sysbench 1.0.17 (using bundled LuaJIT 2.1.0-beta2)

Running the test with following options:
Number of threads: 64
Initializing random number generator from current time


Extra file open flags: (none)
64 files, 128MiB each
8GiB total file size
Block size 32KiB
Number of IO requests: 0
Read/Write ratio for combined random IO test: 1.50
Calling fsync() after each write operation.
Using synchronous I/O mode
Doing random read test
Initializing worker threads...

Threads started!


File operations:
    reads/s:                      927601.42
    writes/s:                     0.00
    fsyncs/s:                     0.00

Throughput:
    read, MiB/s:                  28987.54
    written, MiB/s:               0.00

General statistics:
    total time:                          240.0006s
    total number of events:              222626752

Latency (ms):
         min:                                    0.00
         avg:                                    0.04
         max:                                   46.01
         95th percentile:                        0.08
         sum:                              9038422.32

Threads fairness:
    events (avg/stddev):           3478543.0000/7053.49
    execution time (avg/stddev):   141.2253/0.23

