sysbench 1.0.17 (using bundled LuaJIT 2.1.0-beta2)

Running the test with following options:
Number of threads: 1
Initializing random number generator from current time


Extra file open flags: (none)
64 files, 128MiB each
8GiB total file size
Block size 32KiB
Number of IO requests: 0
Read/Write ratio for combined random IO test: 1.50
Calling fsync() after each write operation.
Using synchronous I/O mode
Doing random write test
Initializing worker threads...

Threads started!


File operations:
    reads/s:                      0.00
    writes/s:                     1765.00
    fsyncs/s:                     1765.00

Throughput:
    read, MiB/s:                  0.00
    written, MiB/s:               55.16

General statistics:
    total time:                          240.0018s
    total number of events:              423607

Latency (ms):
         min:                                    0.10
         avg:                                    0.57
         max:                                  188.25
         95th percentile:                        1.03
         sum:                               239456.51

Threads fairness:
    events (avg/stddev):           423607.0000/0.00
    execution time (avg/stddev):   239.4565/0.00

sysbench 1.0.17 (using bundled LuaJIT 2.1.0-beta2)

Running the test with following options:
Number of threads: 4
Initializing random number generator from current time


Extra file open flags: (none)
64 files, 128MiB each
8GiB total file size
Block size 32KiB
Number of IO requests: 0
Read/Write ratio for combined random IO test: 1.50
Calling fsync() after each write operation.
Using synchronous I/O mode
Doing random write test
Initializing worker threads...

Threads started!


File operations:
    reads/s:                      0.00
    writes/s:                     7015.49
    fsyncs/s:                     7015.49

Throughput:
    read, MiB/s:                  0.00
    written, MiB/s:               219.23

General statistics:
    total time:                          240.0006s
    total number of events:              1683736

Latency (ms):
         min:                                    0.09
         avg:                                    0.57
         max:                                   49.37
         95th percentile:                        0.89
         sum:                               957805.40

Threads fairness:
    events (avg/stddev):           420934.0000/259.48
    execution time (avg/stddev):   239.4514/0.00

sysbench 1.0.17 (using bundled LuaJIT 2.1.0-beta2)

Running the test with following options:
Number of threads: 8
Initializing random number generator from current time


Extra file open flags: (none)
64 files, 128MiB each
8GiB total file size
Block size 32KiB
Number of IO requests: 0
Read/Write ratio for combined random IO test: 1.50
Calling fsync() after each write operation.
Using synchronous I/O mode
Doing random write test
Initializing worker threads...

Threads started!


File operations:
    reads/s:                      0.00
    writes/s:                     7443.73
    fsyncs/s:                     7443.73

Throughput:
    read, MiB/s:                  0.00
    written, MiB/s:               232.62

General statistics:
    total time:                          240.0009s
    total number of events:              1786517

Latency (ms):
         min:                                    0.09
         avg:                                    1.07
         max:                                  112.94
         95th percentile:                        1.06
         sum:                              1916832.77

Threads fairness:
    events (avg/stddev):           223314.6250/206.94
    execution time (avg/stddev):   239.6041/0.01

sysbench 1.0.17 (using bundled LuaJIT 2.1.0-beta2)

Running the test with following options:
Number of threads: 16
Initializing random number generator from current time


Extra file open flags: (none)
64 files, 128MiB each
8GiB total file size
Block size 32KiB
Number of IO requests: 0
Read/Write ratio for combined random IO test: 1.50
Calling fsync() after each write operation.
Using synchronous I/O mode
Doing random write test
Initializing worker threads...

Threads started!


File operations:
    reads/s:                      0.00
    writes/s:                     7776.64
    fsyncs/s:                     7776.64

Throughput:
    read, MiB/s:                  0.00
    written, MiB/s:               243.02

General statistics:
    total time:                          240.0209s
    total number of events:              1866573

Latency (ms):
         min:                                    0.09
         avg:                                    2.06
         max:                                   94.79
         95th percentile:                        1.61
         sum:                              3835814.18

Threads fairness:
    events (avg/stddev):           116660.8125/263.56
    execution time (avg/stddev):   239.7384/0.00

sysbench 1.0.17 (using bundled LuaJIT 2.1.0-beta2)

Running the test with following options:
Number of threads: 32
Initializing random number generator from current time


Extra file open flags: (none)
64 files, 128MiB each
8GiB total file size
Block size 32KiB
Number of IO requests: 0
Read/Write ratio for combined random IO test: 1.50
Calling fsync() after each write operation.
Using synchronous I/O mode
Doing random write test
Initializing worker threads...

Threads started!


File operations:
    reads/s:                      0.00
    writes/s:                     7949.12
    fsyncs/s:                     7949.12

Throughput:
    read, MiB/s:                  0.00
    written, MiB/s:               248.41

General statistics:
    total time:                          240.0367s
    total number of events:              1908098

Latency (ms):
         min:                                    0.10
         avg:                                    4.02
         max:                                   68.10
         95th percentile:                       40.37
         sum:                              7676373.34

Threads fairness:
    events (avg/stddev):           59628.0625/112.18
    execution time (avg/stddev):   239.8867/0.00

sysbench 1.0.17 (using bundled LuaJIT 2.1.0-beta2)

Running the test with following options:
Number of threads: 64
Initializing random number generator from current time


Extra file open flags: (none)
64 files, 128MiB each
8GiB total file size
Block size 32KiB
Number of IO requests: 0
Read/Write ratio for combined random IO test: 1.50
Calling fsync() after each write operation.
Using synchronous I/O mode
Doing random write test
Initializing worker threads...

Threads started!


File operations:
    reads/s:                      0.00
    writes/s:                     8037.57
    fsyncs/s:                     8037.57

Throughput:
    read, MiB/s:                  0.00
    written, MiB/s:               251.17

General statistics:
    total time:                          240.0332s
    total number of events:              1929300

Latency (ms):
         min:                                    0.10
         avg:                                    7.96
         max:                                   93.99
         95th percentile:                       43.39
         sum:                             15356385.42

Threads fairness:
    events (avg/stddev):           30145.3125/85.19
    execution time (avg/stddev):   239.9435/0.00

