sysbench 1.0.17 (using bundled LuaJIT 2.1.0-beta2)

Running the test with following options:
Number of threads: 1
Initializing random number generator from current time


Extra file open flags: (none)
64 files, 128MiB each
8GiB total file size
Block size 32KiB
Number of IO requests: 0
Read/Write ratio for combined random IO test: 1.50
Calling fsync() after each write operation.
Using synchronous I/O mode
Doing random write test
Initializing worker threads...

Threads started!


File operations:
    reads/s:                      0.00
    writes/s:                     594.53
    fsyncs/s:                     594.53

Throughput:
    read, MiB/s:                  0.00
    written, MiB/s:               18.58

General statistics:
    total time:                          240.0004s
    total number of events:              142689

Latency (ms):
         min:                                    0.52
         avg:                                    1.68
         max:                                  145.63
         95th percentile:                        1.86
         sum:                               239962.46

Threads fairness:
    events (avg/stddev):           142689.0000/0.00
    execution time (avg/stddev):   239.9625/0.00

sysbench 1.0.17 (using bundled LuaJIT 2.1.0-beta2)

Running the test with following options:
Number of threads: 4
Initializing random number generator from current time


Extra file open flags: (none)
64 files, 128MiB each
8GiB total file size
Block size 32KiB
Number of IO requests: 0
Read/Write ratio for combined random IO test: 1.50
Calling fsync() after each write operation.
Using synchronous I/O mode
Doing random write test
Initializing worker threads...

Threads started!


File operations:
    reads/s:                      0.00
    writes/s:                     2297.81
    fsyncs/s:                     2297.81

Throughput:
    read, MiB/s:                  0.00
    written, MiB/s:               71.81

General statistics:
    total time:                          240.0012s
    total number of events:              551480

Latency (ms):
         min:                                    0.52
         avg:                                    1.74
         max:                                  133.08
         95th percentile:                        2.14
         sum:                               959672.72

Threads fairness:
    events (avg/stddev):           137870.0000/44.68
    execution time (avg/stddev):   239.9182/0.00

sysbench 1.0.17 (using bundled LuaJIT 2.1.0-beta2)

Running the test with following options:
Number of threads: 8
Initializing random number generator from current time


Extra file open flags: (none)
64 files, 128MiB each
8GiB total file size
Block size 32KiB
Number of IO requests: 0
Read/Write ratio for combined random IO test: 1.50
Calling fsync() after each write operation.
Using synchronous I/O mode
Doing random write test
Initializing worker threads...

Threads started!


File operations:
    reads/s:                      0.00
    writes/s:                     4325.61
    fsyncs/s:                     4325.61

Throughput:
    read, MiB/s:                  0.00
    written, MiB/s:               135.18

General statistics:
    total time:                          240.0009s
    total number of events:              1038157

Latency (ms):
         min:                                    0.52
         avg:                                    1.85
         max:                                  150.19
         95th percentile:                        2.52
         sum:                              1918672.88

Threads fairness:
    events (avg/stddev):           129769.6250/65.24
    execution time (avg/stddev):   239.8341/0.00

sysbench 1.0.17 (using bundled LuaJIT 2.1.0-beta2)

Running the test with following options:
Number of threads: 16
Initializing random number generator from current time


Extra file open flags: (none)
64 files, 128MiB each
8GiB total file size
Block size 32KiB
Number of IO requests: 0
Read/Write ratio for combined random IO test: 1.50
Calling fsync() after each write operation.
Using synchronous I/O mode
Doing random write test
Initializing worker threads...

Threads started!


File operations:
    reads/s:                      0.00
    writes/s:                     8002.40
    fsyncs/s:                     8002.40

Throughput:
    read, MiB/s:                  0.00
    written, MiB/s:               250.08

General statistics:
    total time:                          240.0023s
    total number of events:              1920605

Latency (ms):
         min:                                    0.51
         avg:                                    2.00
         max:                                  203.58
         95th percentile:                        2.81
         sum:                              3836829.86

Threads fairness:
    events (avg/stddev):           120037.8125/98.77
    execution time (avg/stddev):   239.8019/0.00

sysbench 1.0.17 (using bundled LuaJIT 2.1.0-beta2)

Running the test with following options:
Number of threads: 32
Initializing random number generator from current time


Extra file open flags: (none)
64 files, 128MiB each
8GiB total file size
Block size 32KiB
Number of IO requests: 0
Read/Write ratio for combined random IO test: 1.50
Calling fsync() after each write operation.
Using synchronous I/O mode
Doing random write test
Initializing worker threads...

Threads started!


File operations:
    reads/s:                      0.00
    writes/s:                     12918.12
    fsyncs/s:                     12918.12

Throughput:
    read, MiB/s:                  0.00
    written, MiB/s:               403.69

General statistics:
    total time:                          240.0014s
    total number of events:              3100382

Latency (ms):
         min:                                    0.53
         avg:                                    2.48
         max:                                  152.49
         95th percentile:                        3.49
         sum:                              7674185.02

Threads fairness:
    events (avg/stddev):           96886.9375/108.45
    execution time (avg/stddev):   239.8183/0.00

sysbench 1.0.17 (using bundled LuaJIT 2.1.0-beta2)

Running the test with following options:
Number of threads: 64
Initializing random number generator from current time


Extra file open flags: (none)
64 files, 128MiB each
8GiB total file size
Block size 32KiB
Number of IO requests: 0
Read/Write ratio for combined random IO test: 1.50
Calling fsync() after each write operation.
Using synchronous I/O mode
Doing random write test
Initializing worker threads...

Threads started!


File operations:
    reads/s:                      0.00
    writes/s:                     13113.68
    fsyncs/s:                     13113.68

Throughput:
    read, MiB/s:                  0.00
    written, MiB/s:               409.80

General statistics:
    total time:                          240.0044s
    total number of events:              3147357

Latency (ms):
         min:                                    0.55
         avg:                                    4.88
         max:                                  152.52
         95th percentile:                        6.32
         sum:                             15351836.69

Threads fairness:
    events (avg/stddev):           49177.4531/46.22
    execution time (avg/stddev):   239.8724/0.00

