sysbench 1.0.17 (using bundled LuaJIT 2.1.0-beta2)

Running the test with following options:
Number of threads: 1
Initializing random number generator from current time


Extra file open flags: (none)
64 files, 128MiB each
8GiB total file size
Block size 32KiB
Number of IO requests: 0
Read/Write ratio for combined random IO test: 1.50
Calling fsync() after each write operation.
Using synchronous I/O mode
Doing random read test
Initializing worker threads...

Threads started!

./scripts/gen/io-rd.sh: line 25: 42511 Killed                  sysbench fileio --file-total-size=8G --file-test-mode=rndrd --time=240 --max-requests=0 --file-block-size=32K --file-num=64 --file-fsync-all --threads=$each run
sysbench 1.0.17 (using bundled LuaJIT 2.1.0-beta2)

Running the test with following options:
Number of threads: 4
Initializing random number generator from current time


Extra file open flags: (none)
64 files, 128MiB each
8GiB total file size
Block size 32KiB
Number of IO requests: 0
Read/Write ratio for combined random IO test: 1.50
Calling fsync() after each write operation.
Using synchronous I/O mode
Doing random read test
Initializing worker threads...

Threads started!


File operations:
    reads/s:                      491525.77
    writes/s:                     0.00
    fsyncs/s:                     0.00

Throughput:
    read, MiB/s:                  15360.18
    written, MiB/s:               0.00

General statistics:
    total time:                          240.0001s
    total number of events:              117967367

Latency (ms):
         min:                                    0.00
         avg:                                    0.01
         max:                                   10.82
         95th percentile:                        0.01
         sum:                               896832.22

Threads fairness:
    events (avg/stddev):           29491841.7500/64838.27
    execution time (avg/stddev):   224.2081/0.11

sysbench 1.0.17 (using bundled LuaJIT 2.1.0-beta2)

Running the test with following options:
Number of threads: 8
Initializing random number generator from current time


Extra file open flags: (none)
64 files, 128MiB each
8GiB total file size
Block size 32KiB
Number of IO requests: 0
Read/Write ratio for combined random IO test: 1.50
Calling fsync() after each write operation.
Using synchronous I/O mode
Doing random read test
Initializing worker threads...

Threads started!


File operations:
    reads/s:                      812663.61
    writes/s:                     0.00
    fsyncs/s:                     0.00

Throughput:
    read, MiB/s:                  25395.74
    written, MiB/s:               0.00

General statistics:
    total time:                          240.0002s
    total number of events:              195041122

Latency (ms):
         min:                                    0.00
         avg:                                    0.01
         max:                                   22.33
         95th percentile:                        0.01
         sum:                              1723622.11

Threads fairness:
    events (avg/stddev):           24380140.2500/96826.52
    execution time (avg/stddev):   215.4528/0.14

sysbench 1.0.17 (using bundled LuaJIT 2.1.0-beta2)

Running the test with following options:
Number of threads: 16
Initializing random number generator from current time


Extra file open flags: (none)
64 files, 128MiB each
8GiB total file size
Block size 32KiB
Number of IO requests: 0
Read/Write ratio for combined random IO test: 1.50
Calling fsync() after each write operation.
Using synchronous I/O mode
Doing random read test
Initializing worker threads...

Threads started!


File operations:
    reads/s:                      871060.99
    writes/s:                     0.00
    fsyncs/s:                     0.00

Throughput:
    read, MiB/s:                  27220.66
    written, MiB/s:               0.00

General statistics:
    total time:                          240.0002s
    total number of events:              209056625

Latency (ms):
         min:                                    0.00
         avg:                                    0.02
         max:                                   60.09
         95th percentile:                        0.02
         sum:                              3180620.94

Threads fairness:
    events (avg/stddev):           13066039.0625/34702.13
    execution time (avg/stddev):   198.7888/0.16

sysbench 1.0.17 (using bundled LuaJIT 2.1.0-beta2)

Running the test with following options:
Number of threads: 32
Initializing random number generator from current time


Extra file open flags: (none)
64 files, 128MiB each
8GiB total file size
Block size 32KiB
Number of IO requests: 0
Read/Write ratio for combined random IO test: 1.50
Calling fsync() after each write operation.
Using synchronous I/O mode
Doing random read test
Initializing worker threads...

Threads started!


File operations:
    reads/s:                      776038.27
    writes/s:                     0.00
    fsyncs/s:                     0.00

Throughput:
    read, MiB/s:                  24251.20
    written, MiB/s:               0.00

General statistics:
    total time:                          240.0010s
    total number of events:              186254181

Latency (ms):
         min:                                    0.00
         avg:                                    0.03
         max:                                  188.76
         95th percentile:                        0.07
         sum:                              5822479.33

Threads fairness:
    events (avg/stddev):           5820443.1562/21499.02
    execution time (avg/stddev):   181.9525/0.18

sysbench 1.0.17 (using bundled LuaJIT 2.1.0-beta2)

Running the test with following options:
Number of threads: 64
Initializing random number generator from current time


Extra file open flags: (none)
64 files, 128MiB each
8GiB total file size
Block size 32KiB
Number of IO requests: 0
Read/Write ratio for combined random IO test: 1.50
Calling fsync() after each write operation.
Using synchronous I/O mode
Doing random read test
Initializing worker threads...

Threads started!


File operations:
    reads/s:                      787774.82
    writes/s:                     0.00
    fsyncs/s:                     0.00

Throughput:
    read, MiB/s:                  24617.96
    written, MiB/s:               0.00

General statistics:
    total time:                          240.0015s
    total number of events:              189068742

Latency (ms):
         min:                                    0.00
         avg:                                    0.06
         max:                                  190.24
         95th percentile:                        0.14
         sum:                             11135521.78

Threads fairness:
    events (avg/stddev):           2954199.0938/12452.64
    execution time (avg/stddev):   173.9925/0.26

