sysbench 1.0.17 (using bundled LuaJIT 2.1.0-beta2)

Running the test with following options:
Number of threads: 1
Initializing random number generator from current time


Extra file open flags: (none)
64 files, 128MiB each
8GiB total file size
Block size 32KiB
Number of IO requests: 0
Read/Write ratio for combined random IO test: 1.50
Calling fsync() after each write operation.
Using synchronous I/O mode
Doing random write test
Initializing worker threads...

Threads started!


File operations:
    reads/s:                      0.00
    writes/s:                     16029.99
    fsyncs/s:                     16029.99

Throughput:
    read, MiB/s:                  0.00
    written, MiB/s:               500.94

General statistics:
    total time:                          240.0355s
    total number of events:              3847797

Latency (ms):
         min:                                    0.09
         avg:                                    3.99
         max:                                   50.15
         95th percentile:                       35.59
         sum:                             15352710.54

Threads fairness:
    events (avg/stddev):           60121.8281/350.53
    execution time (avg/stddev):   239.8861/0.01


File operations:
    reads/s:                      0.00
    writes/s:                     1592.99
    fsyncs/s:                     1592.99

Throughput:
    read, MiB/s:                  0.00
    written, MiB/s:               49.78

General statistics:
    total time:                          240.0003s
    total number of events:              382321

Latency (ms):
         min:                                    0.10
         avg:                                    0.63
         max:                                   42.23
         95th percentile:                        0.78
         sum:                               239473.53

Threads fairness:
    events (avg/stddev):           382321.0000/0.00
    execution time (avg/stddev):   239.4735/0.00

sysbench 1.0.17 (using bundled LuaJIT 2.1.0-beta2)

Running the test with following options:
Number of threads: 4
Initializing random number generator from current time


Extra file open flags: (none)
64 files, 128MiB each
8GiB total file size
Block size 32KiB
Number of IO requests: 0
Read/Write ratio for combined random IO test: 1.50
Calling fsync() after each write operation.
Using synchronous I/O mode
Doing random write test
Initializing worker threads...

Threads started!


File operations:
    reads/s:                      0.00
    writes/s:                     7890.91
    fsyncs/s:                     7890.91

Throughput:
    read, MiB/s:                  0.00
    written, MiB/s:               246.59

General statistics:
    total time:                          240.0005s
    total number of events:              1893839

Latency (ms):
         min:                                    0.09
         avg:                                    0.51
         max:                                   29.07
         95th percentile:                        0.75
         sum:                               957707.27

Threads fairness:
    events (avg/stddev):           473459.7500/337.02
    execution time (avg/stddev):   239.4268/0.01

sysbench 1.0.17 (using bundled LuaJIT 2.1.0-beta2)

Running the test with following options:
Number of threads: 8
Initializing random number generator from current time


Extra file open flags: (none)
64 files, 128MiB each
8GiB total file size
Block size 32KiB
Number of IO requests: 0
Read/Write ratio for combined random IO test: 1.50
Calling fsync() after each write operation.
Using synchronous I/O mode
Doing random write test
Initializing worker threads...

Threads started!


File operations:
    reads/s:                      0.00
    writes/s:                     14402.67
    fsyncs/s:                     14402.67

Throughput:
    read, MiB/s:                  0.00
    written, MiB/s:               450.08

General statistics:
    total time:                          240.0037s
    total number of events:              3456723

Latency (ms):
         min:                                    0.09
         avg:                                    0.55
         max:                                   65.73
         95th percentile:                        0.87
         sum:                              1915525.53

Threads fairness:
    events (avg/stddev):           432090.3750/304.87
    execution time (avg/stddev):   239.4407/0.00

sysbench 1.0.17 (using bundled LuaJIT 2.1.0-beta2)

Running the test with following options:
Number of threads: 16
Initializing random number generator from current time


Extra file open flags: (none)
64 files, 128MiB each
8GiB total file size
Block size 32KiB
Number of IO requests: 0
Read/Write ratio for combined random IO test: 1.50
Calling fsync() after each write operation.
Using synchronous I/O mode
Doing random write test
Initializing worker threads...

Threads started!


File operations:
    reads/s:                      0.00
    writes/s:                     15427.31
    fsyncs/s:                     15427.31

Throughput:
    read, MiB/s:                  0.00
    written, MiB/s:               482.10

General statistics:
    total time:                          240.0007s
    total number of events:              3702598

Latency (ms):
         min:                                    0.09
         avg:                                    1.04
         max:                                   63.48
         95th percentile:                        1.52
         sum:                              3834614.54

Threads fairness:
    events (avg/stddev):           231412.3750/338.66
    execution time (avg/stddev):   239.6634/0.00

sysbench 1.0.17 (using bundled LuaJIT 2.1.0-beta2)

Running the test with following options:
Number of threads: 32
Initializing random number generator from current time


Extra file open flags: (none)
64 files, 128MiB each
8GiB total file size
Block size 32KiB
Number of IO requests: 0
Read/Write ratio for combined random IO test: 1.50
Calling fsync() after each write operation.
Using synchronous I/O mode
Doing random write test
Initializing worker threads...

Threads started!


File operations:
    reads/s:                      0.00
    writes/s:                     15409.62
    fsyncs/s:                     15409.62

Throughput:
    read, MiB/s:                  0.00
    written, MiB/s:               481.55

General statistics:
    total time:                          240.0010s
    total number of events:              3698356

Latency (ms):
         min:                                    0.09
         avg:                                    2.07
         max:                                  190.48
         95th percentile:                        6.55
         sum:                              7670719.03

Threads fairness:
    events (avg/stddev):           115573.6250/232.43
    execution time (avg/stddev):   239.7100/0.01

sysbench 1.0.17 (using bundled LuaJIT 2.1.0-beta2)

Running the test with following options:
Number of threads: 64
Initializing random number generator from current time


Extra file open flags: (none)
64 files, 128MiB each
8GiB total file size
Block size 32KiB
Number of IO requests: 0
Read/Write ratio for combined random IO test: 1.50
Calling fsync() after each write operation.
Using synchronous I/O mode
Doing random write test
Initializing worker threads...

Threads started!

