sysbench 1.0.17 (using bundled LuaJIT 2.1.0-beta2)

Running the test with following options:
Number of threads: 1
Initializing random number generator from current time


Extra file open flags: (none)
64 files, 128MiB each
8GiB total file size
Block size 32KiB
Number of IO requests: 0
Read/Write ratio for combined random IO test: 1.50
Calling fsync() after each write operation.
Using synchronous I/O mode
Doing random read test
Initializing worker threads...

Threads started!


File operations:
    reads/s:                      198053.70
    writes/s:                     0.00
    fsyncs/s:                     0.00

Throughput:
    read, MiB/s:                  6189.18
    written, MiB/s:               0.00

General statistics:
    total time:                          240.0001s
    total number of events:              47533253

Latency (ms):
         min:                                    0.00
         avg:                                    0.00
         max:                                    8.37
         95th percentile:                        0.01
         sum:                               229422.59

Threads fairness:
    events (avg/stddev):           47533253.0000/0.00
    execution time (avg/stddev):   229.4226/0.00

sysbench 1.0.17 (using bundled LuaJIT 2.1.0-beta2)

Running the test with following options:
Number of threads: 4
Initializing random number generator from current time


Extra file open flags: (none)
64 files, 128MiB each
8GiB total file size
Block size 32KiB
Number of IO requests: 0
Read/Write ratio for combined random IO test: 1.50
Calling fsync() after each write operation.
Using synchronous I/O mode
Doing random read test
Initializing worker threads...

Threads started!


File operations:
    reads/s:                      580056.29
    writes/s:                     0.00
    fsyncs/s:                     0.00

Throughput:
    read, MiB/s:                  18126.76
    written, MiB/s:               0.00

General statistics:
    total time:                          240.0001s
    total number of events:              139214559

Latency (ms):
         min:                                    0.00
         avg:                                    0.01
         max:                                   14.00
         95th percentile:                        0.01
         sum:                               853273.86

Threads fairness:
    events (avg/stddev):           34803639.7500/2319910.63
    execution time (avg/stddev):   213.3185/1.58

sysbench 1.0.17 (using bundled LuaJIT 2.1.0-beta2)

Running the test with following options:
Number of threads: 8
Initializing random number generator from current time


Extra file open flags: (none)
64 files, 128MiB each
8GiB total file size
Block size 32KiB
Number of IO requests: 0
Read/Write ratio for combined random IO test: 1.50
Calling fsync() after each write operation.
Using synchronous I/O mode
Doing random read test
Initializing worker threads...

Threads started!


File operations:
    reads/s:                      859780.37
    writes/s:                     0.00
    fsyncs/s:                     0.00

Throughput:
    read, MiB/s:                  26868.14
    written, MiB/s:               0.00

General statistics:
    total time:                          240.0002s
    total number of events:              206348911

Latency (ms):
         min:                                    0.00
         avg:                                    0.01
         max:                                   14.62
         95th percentile:                        0.01
         sum:                              1577764.37

Threads fairness:
    events (avg/stddev):           25793613.8750/1171244.84
    execution time (avg/stddev):   197.2205/1.10

sysbench 1.0.17 (using bundled LuaJIT 2.1.0-beta2)

Running the test with following options:
Number of threads: 16
Initializing random number generator from current time


Extra file open flags: (none)
64 files, 128MiB each
8GiB total file size
Block size 32KiB
Number of IO requests: 0
Read/Write ratio for combined random IO test: 1.50
Calling fsync() after each write operation.
Using synchronous I/O mode
Doing random read test
Initializing worker threads...

Threads started!


File operations:
    reads/s:                      827806.19
    writes/s:                     0.00
    fsyncs/s:                     0.00

Throughput:
    read, MiB/s:                  25868.94
    written, MiB/s:               0.00

General statistics:
    total time:                          240.0005s
    total number of events:              198675382

Latency (ms):
         min:                                    0.00
         avg:                                    0.01
         max:                                   17.42
         95th percentile:                        0.03
         sum:                              2579658.31

Threads fairness:
    events (avg/stddev):           12417211.3750/98379.29
    execution time (avg/stddev):   161.2286/0.49

sysbench 1.0.17 (using bundled LuaJIT 2.1.0-beta2)

Running the test with following options:
Number of threads: 32
Initializing random number generator from current time


Extra file open flags: (none)
64 files, 128MiB each
8GiB total file size
Block size 32KiB
Number of IO requests: 0
Read/Write ratio for combined random IO test: 1.50
Calling fsync() after each write operation.
Using synchronous I/O mode
Doing random read test
Initializing worker threads...

Threads started!


File operations:
    reads/s:                      855504.27
    writes/s:                     0.00
    fsyncs/s:                     0.00

Throughput:
    read, MiB/s:                  26734.51
    written, MiB/s:               0.00

General statistics:
    total time:                          240.0003s
    total number of events:              205322618

Latency (ms):
         min:                                    0.00
         avg:                                    0.02
         max:                                   29.32
         95th percentile:                        0.09
         sum:                              4613100.67

Threads fairness:
    events (avg/stddev):           6416331.8125/28267.12
    execution time (avg/stddev):   144.1594/0.44

sysbench 1.0.17 (using bundled LuaJIT 2.1.0-beta2)

Running the test with following options:
Number of threads: 64
Initializing random number generator from current time


Extra file open flags: (none)
64 files, 128MiB each
8GiB total file size
Block size 32KiB
Number of IO requests: 0
Read/Write ratio for combined random IO test: 1.50
Calling fsync() after each write operation.
Using synchronous I/O mode
Doing random read test
Initializing worker threads...

Threads started!


File operations:
    reads/s:                      867575.27
    writes/s:                     0.00
    fsyncs/s:                     0.00

Throughput:
    read, MiB/s:                  27111.73
    written, MiB/s:               0.00

General statistics:
    total time:                          240.0005s
    total number of events:              208219835

Latency (ms):
         min:                                    0.00
         avg:                                    0.04
         max:                                   61.31
         95th percentile:                        0.23
         sum:                              8710663.23

Threads fairness:
    events (avg/stddev):           3253434.9219/13059.10
    execution time (avg/stddev):   136.1041/0.29

