sysbench 1.0.17 (using bundled LuaJIT 2.1.0-beta2)

Running the test with following options:
Number of threads: 1
Initializing random number generator from current time


Extra file open flags: (none)
64 files, 128MiB each
8GiB total file size
Block size 32KiB
Number of IO requests: 0
Read/Write ratio for combined random IO test: 1.50
Calling fsync() after each write operation.
Using synchronous I/O mode
Doing random read test
Initializing worker threads...

Threads started!


File operations:
    reads/s:                      200002.52
    writes/s:                     0.00
    fsyncs/s:                     0.00

Throughput:
    read, MiB/s:                  6250.08
    written, MiB/s:               0.00

General statistics:
    total time:                          240.0001s
    total number of events:              48000937

Latency (ms):
         min:                                    0.00
         avg:                                    0.00
         max:                                    0.25
         95th percentile:                        0.01
         sum:                               227970.39

Threads fairness:
    events (avg/stddev):           48000937.0000/0.00
    execution time (avg/stddev):   227.9704/0.00

sysbench 1.0.17 (using bundled LuaJIT 2.1.0-beta2)

Running the test with following options:
Number of threads: 4
Initializing random number generator from current time


Extra file open flags: (none)
64 files, 128MiB each
8GiB total file size
Block size 32KiB
Number of IO requests: 0
Read/Write ratio for combined random IO test: 1.50
Calling fsync() after each write operation.
Using synchronous I/O mode
Doing random read test
Initializing worker threads...

Threads started!


File operations:
    reads/s:                      684966.48
    writes/s:                     0.00
    fsyncs/s:                     0.00

Throughput:
    read, MiB/s:                  21405.20
    written, MiB/s:               0.00

General statistics:
    total time:                          240.0001s
    total number of events:              164393061

Latency (ms):
         min:                                    0.00
         avg:                                    0.01
         max:                                    0.21
         95th percentile:                        0.01
         sum:                               874255.21

Threads fairness:
    events (avg/stddev):           41098265.2500/411935.13
    execution time (avg/stddev):   218.5638/0.14

sysbench 1.0.17 (using bundled LuaJIT 2.1.0-beta2)

Running the test with following options:
Number of threads: 8
Initializing random number generator from current time


Extra file open flags: (none)
64 files, 128MiB each
8GiB total file size
Block size 32KiB
Number of IO requests: 0
Read/Write ratio for combined random IO test: 1.50
Calling fsync() after each write operation.
Using synchronous I/O mode
Doing random read test
Initializing worker threads...

Threads started!


File operations:
    reads/s:                      1055601.13
    writes/s:                     0.00
    fsyncs/s:                     0.00

Throughput:
    read, MiB/s:                  32987.54
    written, MiB/s:               0.00

General statistics:
    total time:                          240.0001s
    total number of events:              253346031

Latency (ms):
         min:                                    0.00
         avg:                                    0.01
         max:                                    6.73
         95th percentile:                        0.01
         sum:                              1604666.98

Threads fairness:
    events (avg/stddev):           31668253.8750/1042508.93
    execution time (avg/stddev):   200.5834/1.52

sysbench 1.0.17 (using bundled LuaJIT 2.1.0-beta2)

Running the test with following options:
Number of threads: 16
Initializing random number generator from current time


Extra file open flags: (none)
64 files, 128MiB each
8GiB total file size
Block size 32KiB
Number of IO requests: 0
Read/Write ratio for combined random IO test: 1.50
Calling fsync() after each write operation.
Using synchronous I/O mode
Doing random read test
Initializing worker threads...

Threads started!


File operations:
    reads/s:                      1083831.89
    writes/s:                     0.00
    fsyncs/s:                     0.00

Throughput:
    read, MiB/s:                  33869.75
    written, MiB/s:               0.00

General statistics:
    total time:                          240.0001s
    total number of events:              260121390

Latency (ms):
         min:                                    0.00
         avg:                                    0.01
         max:                                    9.91
         95th percentile:                        0.02
         sum:                              2735071.13

Threads fairness:
    events (avg/stddev):           16257586.8750/45509.48
    execution time (avg/stddev):   170.9419/0.13

sysbench 1.0.17 (using bundled LuaJIT 2.1.0-beta2)

Running the test with following options:
Number of threads: 32
Initializing random number generator from current time


Extra file open flags: (none)
64 files, 128MiB each
8GiB total file size
Block size 32KiB
Number of IO requests: 0
Read/Write ratio for combined random IO test: 1.50
Calling fsync() after each write operation.
Using synchronous I/O mode
Doing random read test
Initializing worker threads...

Threads started!


File operations:
    reads/s:                      1037061.41
    writes/s:                     0.00
    fsyncs/s:                     0.00

Throughput:
    read, MiB/s:                  32408.17
    written, MiB/s:               0.00

General statistics:
    total time:                          240.0001s
    total number of events:              248896531

Latency (ms):
         min:                                    0.00
         avg:                                    0.02
         max:                                    9.38
         95th percentile:                        0.07
         sum:                              4678542.20

Threads fairness:
    events (avg/stddev):           7778016.5938/7762.66
    execution time (avg/stddev):   146.2044/0.09

sysbench 1.0.17 (using bundled LuaJIT 2.1.0-beta2)

Running the test with following options:
Number of threads: 64
Initializing random number generator from current time


Extra file open flags: (none)
64 files, 128MiB each
8GiB total file size
Block size 32KiB
Number of IO requests: 0
Read/Write ratio for combined random IO test: 1.50
Calling fsync() after each write operation.
Using synchronous I/O mode
Doing random read test
Initializing worker threads...

Threads started!


File operations:
    reads/s:                      1066170.66
    writes/s:                     0.00
    fsyncs/s:                     0.00

Throughput:
    read, MiB/s:                  33317.83
    written, MiB/s:               0.00

General statistics:
    total time:                          240.0002s
    total number of events:              255882783

Latency (ms):
         min:                                    0.00
         avg:                                    0.03
         max:                                   38.83
         95th percentile:                        0.20
         sum:                              8697370.61

Threads fairness:
    events (avg/stddev):           3998168.4844/24117.68
    execution time (avg/stddev):   135.8964/0.14

