sysbench 1.0.17 (using bundled LuaJIT 2.1.0-beta2)

Running the test with following options:
Number of threads: 1
Initializing random number generator from current time


Extra file open flags: (none)
64 files, 128MiB each
8GiB total file size
Block size 32KiB
Number of IO requests: 0
Read/Write ratio for combined random IO test: 1.50
Calling fsync() after each write operation.
Using synchronous I/O mode
Doing random write test
Initializing worker threads...

Threads started!


File operations:
    reads/s:                      0.00
    writes/s:                     602.22
    fsyncs/s:                     602.22

Throughput:
    read, MiB/s:                  0.00
    written, MiB/s:               18.82

General statistics:
    total time:                          240.0013s
    total number of events:              144534

Latency (ms):
         min:                                    0.52
         avg:                                    1.66
         max:                                  159.44
         95th percentile:                        1.86
         sum:                               239948.12

Threads fairness:
    events (avg/stddev):           144534.0000/0.00
    execution time (avg/stddev):   239.9481/0.00

sysbench 1.0.17 (using bundled LuaJIT 2.1.0-beta2)

Running the test with following options:
Number of threads: 4
Initializing random number generator from current time


Extra file open flags: (none)
64 files, 128MiB each
8GiB total file size
Block size 32KiB
Number of IO requests: 0
Read/Write ratio for combined random IO test: 1.50
Calling fsync() after each write operation.
Using synchronous I/O mode
Doing random write test
Initializing worker threads...

Threads started!


File operations:
    reads/s:                      0.00
    writes/s:                     2319.30
    fsyncs/s:                     2319.30

Throughput:
    read, MiB/s:                  0.00
    written, MiB/s:               72.48

General statistics:
    total time:                          240.0004s
    total number of events:              556637

Latency (ms):
         min:                                    0.51
         avg:                                    1.72
         max:                                  160.81
         95th percentile:                        2.14
         sum:                               959521.31

Threads fairness:
    events (avg/stddev):           139159.2500/61.13
    execution time (avg/stddev):   239.8803/0.00

sysbench 1.0.17 (using bundled LuaJIT 2.1.0-beta2)

Running the test with following options:
Number of threads: 8
Initializing random number generator from current time


Extra file open flags: (none)
64 files, 128MiB each
8GiB total file size
Block size 32KiB
Number of IO requests: 0
Read/Write ratio for combined random IO test: 1.50
Calling fsync() after each write operation.
Using synchronous I/O mode
Doing random write test
Initializing worker threads...

Threads started!


File operations:
    reads/s:                      0.00
    writes/s:                     4405.04
    fsyncs/s:                     4405.04

Throughput:
    read, MiB/s:                  0.00
    written, MiB/s:               137.66

General statistics:
    total time:                          240.0011s
    total number of events:              1057219

Latency (ms):
         min:                                    0.52
         avg:                                    1.81
         max:                                  410.14
         95th percentile:                        2.48
         sum:                              1918227.76

Threads fairness:
    events (avg/stddev):           132152.3750/66.45
    execution time (avg/stddev):   239.7785/0.00

sysbench 1.0.17 (using bundled LuaJIT 2.1.0-beta2)

Running the test with following options:
Number of threads: 16
Initializing random number generator from current time


Extra file open flags: (none)
64 files, 128MiB each
8GiB total file size
Block size 32KiB
Number of IO requests: 0
Read/Write ratio for combined random IO test: 1.50
Calling fsync() after each write operation.
Using synchronous I/O mode
Doing random write test
Initializing worker threads...

Threads started!


File operations:
    reads/s:                      0.00
    writes/s:                     8266.86
    fsyncs/s:                     8266.86

Throughput:
    read, MiB/s:                  0.00
    written, MiB/s:               258.34

General statistics:
    total time:                          240.0009s
    total number of events:              1984066

Latency (ms):
         min:                                    0.49
         avg:                                    1.93
         max:                                  149.16
         95th percentile:                        2.81
         sum:                              3835876.44

Threads fairness:
    events (avg/stddev):           124004.1250/100.46
    execution time (avg/stddev):   239.7423/0.00

sysbench 1.0.17 (using bundled LuaJIT 2.1.0-beta2)

Running the test with following options:
Number of threads: 32
Initializing random number generator from current time


Extra file open flags: (none)
64 files, 128MiB each
8GiB total file size
Block size 32KiB
Number of IO requests: 0
Read/Write ratio for combined random IO test: 1.50
Calling fsync() after each write operation.
Using synchronous I/O mode
Doing random write test
Initializing worker threads...

Threads started!


File operations:
    reads/s:                      0.00
    writes/s:                     12920.58
    fsyncs/s:                     12920.58

Throughput:
    read, MiB/s:                  0.00
    written, MiB/s:               403.77

General statistics:
    total time:                          240.0027s
    total number of events:              3100993

Latency (ms):
         min:                                    0.51
         avg:                                    2.47
         max:                                  431.05
         95th percentile:                        3.49
         sum:                              7673076.22

Threads fairness:
    events (avg/stddev):           96906.0312/120.71
    execution time (avg/stddev):   239.7836/0.00

sysbench 1.0.17 (using bundled LuaJIT 2.1.0-beta2)

Running the test with following options:
Number of threads: 64
Initializing random number generator from current time


Extra file open flags: (none)
64 files, 128MiB each
8GiB total file size
Block size 32KiB
Number of IO requests: 0
Read/Write ratio for combined random IO test: 1.50
Calling fsync() after each write operation.
Using synchronous I/O mode
Doing random write test
Initializing worker threads...

Threads started!


File operations:
    reads/s:                      0.00
    writes/s:                     13116.78
    fsyncs/s:                     13116.78

Throughput:
    read, MiB/s:                  0.00
    written, MiB/s:               409.90

General statistics:
    total time:                          240.0030s
    total number of events:              3148084

Latency (ms):
         min:                                    0.52
         avg:                                    4.88
         max:                                  175.61
         95th percentile:                        6.21
         sum:                             15349967.20

Threads fairness:
    events (avg/stddev):           49188.8125/44.12
    execution time (avg/stddev):   239.8432/0.00

