sysbench 1.0.17 (using bundled LuaJIT 2.1.0-beta2)

Running the test with following options:
Number of threads: 1
Initializing random number generator from current time


Extra file open flags: (none)
64 files, 128MiB each
8GiB total file size
Block size 32KiB
Number of IO requests: 0
Read/Write ratio for combined random IO test: 1.50
Calling fsync() after each write operation.
Using synchronous I/O mode
Doing random read test
Initializing worker threads...

Threads started!


File operations:
    reads/s:                      236575.36
    writes/s:                     0.00
    fsyncs/s:                     0.00

Throughput:
    read, MiB/s:                  7392.98
    written, MiB/s:               0.00

General statistics:
    total time:                          240.0001s
    total number of events:              56778474

Latency (ms):
         min:                                    0.00
         avg:                                    0.00
         max:                                    0.06
         95th percentile:                        0.00
         sum:                               227860.93

Threads fairness:
    events (avg/stddev):           56778474.0000/0.00
    execution time (avg/stddev):   227.8609/0.00

sysbench 1.0.17 (using bundled LuaJIT 2.1.0-beta2)

Running the test with following options:
Number of threads: 4
Initializing random number generator from current time


Extra file open flags: (none)
64 files, 128MiB each
8GiB total file size
Block size 32KiB
Number of IO requests: 0
Read/Write ratio for combined random IO test: 1.50
Calling fsync() after each write operation.
Using synchronous I/O mode
Doing random read test
Initializing worker threads...

Threads started!


File operations:
    reads/s:                      640520.97
    writes/s:                     0.00
    fsyncs/s:                     0.00

Throughput:
    read, MiB/s:                  20016.28
    written, MiB/s:               0.00

General statistics:
    total time:                          240.0001s
    total number of events:              153726117

Latency (ms):
         min:                                    0.00
         avg:                                    0.01
         max:                                    0.34
         95th percentile:                        0.01
         sum:                               845306.30

Threads fairness:
    events (avg/stddev):           38431529.2500/658605.99
    execution time (avg/stddev):   211.3266/2.68

sysbench 1.0.17 (using bundled LuaJIT 2.1.0-beta2)

Running the test with following options:
Number of threads: 8
Initializing random number generator from current time


Extra file open flags: (none)
64 files, 128MiB each
8GiB total file size
Block size 32KiB
Number of IO requests: 0
Read/Write ratio for combined random IO test: 1.50
Calling fsync() after each write operation.
Using synchronous I/O mode
Doing random read test
Initializing worker threads...

Threads started!


File operations:
    reads/s:                      829502.31
    writes/s:                     0.00
    fsyncs/s:                     0.00

Throughput:
    read, MiB/s:                  25921.95
    written, MiB/s:               0.00

General statistics:
    total time:                          240.0001s
    total number of events:              199081988

Latency (ms):
         min:                                    0.00
         avg:                                    0.01
         max:                                   12.82
         95th percentile:                        0.01
         sum:                              1748995.32

Threads fairness:
    events (avg/stddev):           24885248.5000/77437.39
    execution time (avg/stddev):   218.6244/0.51

sysbench 1.0.17 (using bundled LuaJIT 2.1.0-beta2)

Running the test with following options:
Number of threads: 16
Initializing random number generator from current time


Extra file open flags: (none)
64 files, 128MiB each
8GiB total file size
Block size 32KiB
Number of IO requests: 0
Read/Write ratio for combined random IO test: 1.50
Calling fsync() after each write operation.
Using synchronous I/O mode
Doing random read test
Initializing worker threads...

Threads started!


File operations:
    reads/s:                      804864.82
    writes/s:                     0.00
    fsyncs/s:                     0.00

Throughput:
    read, MiB/s:                  25152.03
    written, MiB/s:               0.00

General statistics:
    total time:                          240.0001s
    total number of events:              193168979

Latency (ms):
         min:                                    0.00
         avg:                                    0.01
         max:                                    9.22
         95th percentile:                        0.03
         sum:                              2741506.59

Threads fairness:
    events (avg/stddev):           12073061.1875/57932.08
    execution time (avg/stddev):   171.3442/0.62

sysbench 1.0.17 (using bundled LuaJIT 2.1.0-beta2)

Running the test with following options:
Number of threads: 32
Initializing random number generator from current time


Extra file open flags: (none)
64 files, 128MiB each
8GiB total file size
Block size 32KiB
Number of IO requests: 0
Read/Write ratio for combined random IO test: 1.50
Calling fsync() after each write operation.
Using synchronous I/O mode
Doing random read test
Initializing worker threads...

Threads started!


File operations:
    reads/s:                      778228.35
    writes/s:                     0.00
    fsyncs/s:                     0.00

Throughput:
    read, MiB/s:                  24319.64
    written, MiB/s:               0.00

General statistics:
    total time:                          240.0002s
    total number of events:              186776249

Latency (ms):
         min:                                    0.00
         avg:                                    0.03
         max:                                    6.09
         95th percentile:                        0.10
         sum:                              4737029.89

Threads fairness:
    events (avg/stddev):           5836757.7812/17073.50
    execution time (avg/stddev):   148.0322/0.44

sysbench 1.0.17 (using bundled LuaJIT 2.1.0-beta2)

Running the test with following options:
Number of threads: 64
Initializing random number generator from current time


Extra file open flags: (none)
64 files, 128MiB each
8GiB total file size
Block size 32KiB
Number of IO requests: 0
Read/Write ratio for combined random IO test: 1.50
Calling fsync() after each write operation.
Using synchronous I/O mode
Doing random read test
Initializing worker threads...

Threads started!


File operations:
    reads/s:                      766783.07
    writes/s:                     0.00
    fsyncs/s:                     0.00

Throughput:
    read, MiB/s:                  23961.97
    written, MiB/s:               0.00

General statistics:
    total time:                          240.0003s
    total number of events:              184029447

Latency (ms):
         min:                                    0.00
         avg:                                    0.05
         max:                                    8.10
         95th percentile:                        0.27
         sum:                              8848698.80

Threads fairness:
    events (avg/stddev):           2875460.1094/12437.52
    execution time (avg/stddev):   138.2609/0.29

