sysbench 1.0.17 (using bundled LuaJIT 2.1.0-beta2)

Running the test with following options:
Number of threads: 1
Initializing random number generator from current time


Extra file open flags: (none)
64 files, 128MiB each
8GiB total file size
Block size 32KiB
Number of IO requests: 0
Read/Write ratio for combined random IO test: 1.50
Calling fsync() after each write operation.
Using synchronous I/O mode
Doing random write test
Initializing worker threads...

Threads started!


File operations:
    reads/s:                      0.00
    writes/s:                     6306.20
    fsyncs/s:                     6306.20

Throughput:
    read, MiB/s:                  0.00
    written, MiB/s:               197.07

General statistics:
    total time:                          240.0003s
    total number of events:              1513500

Latency (ms):
         min:                                    0.06
         avg:                                    0.16
         max:                                    2.74
         95th percentile:                        0.20
         sum:                               239344.89

Threads fairness:
    events (avg/stddev):           1513500.0000/0.00
    execution time (avg/stddev):   239.3449/0.00

sysbench 1.0.17 (using bundled LuaJIT 2.1.0-beta2)

Running the test with following options:
Number of threads: 4
Initializing random number generator from current time


Extra file open flags: (none)
64 files, 128MiB each
8GiB total file size
Block size 32KiB
Number of IO requests: 0
Read/Write ratio for combined random IO test: 1.50
Calling fsync() after each write operation.
Using synchronous I/O mode
Doing random write test
Initializing worker threads...

Threads started!


File operations:
    reads/s:                      0.00
    writes/s:                     14318.36
    fsyncs/s:                     14318.36

Throughput:
    read, MiB/s:                  0.00
    written, MiB/s:               447.45

General statistics:
    total time:                          240.0005s
    total number of events:              3436437

Latency (ms):
         min:                                    0.06
         avg:                                    0.28
         max:                                    3.37
         95th percentile:                        0.55
         sum:                               957808.75

Threads fairness:
    events (avg/stddev):           859109.2500/357.82
    execution time (avg/stddev):   239.4522/0.01

sysbench 1.0.17 (using bundled LuaJIT 2.1.0-beta2)

Running the test with following options:
Number of threads: 8
Initializing random number generator from current time


Extra file open flags: (none)
64 files, 128MiB each
8GiB total file size
Block size 32KiB
Number of IO requests: 0
Read/Write ratio for combined random IO test: 1.50
Calling fsync() after each write operation.
Using synchronous I/O mode
Doing random write test
Initializing worker threads...

Threads started!


File operations:
    reads/s:                      0.00
    writes/s:                     14628.58
    fsyncs/s:                     14628.58

Throughput:
    read, MiB/s:                  0.00
    written, MiB/s:               457.14

General statistics:
    total time:                          240.0007s
    total number of events:              3510893

Latency (ms):
         min:                                    0.06
         avg:                                    0.55
         max:                                    5.64
         95th percentile:                        1.06
         sum:                              1917307.96

Threads fairness:
    events (avg/stddev):           438861.6250/309.39
    execution time (avg/stddev):   239.6635/0.00

sysbench 1.0.17 (using bundled LuaJIT 2.1.0-beta2)

Running the test with following options:
Number of threads: 16
Initializing random number generator from current time


Extra file open flags: (none)
64 files, 128MiB each
8GiB total file size
Block size 32KiB
Number of IO requests: 0
Read/Write ratio for combined random IO test: 1.50
Calling fsync() after each write operation.
Using synchronous I/O mode
Doing random write test
Initializing worker threads...

Threads started!


File operations:
    reads/s:                      0.00
    writes/s:                     15011.92
    fsyncs/s:                     15011.92

Throughput:
    read, MiB/s:                  0.00
    written, MiB/s:               469.12

General statistics:
    total time:                          240.0017s
    total number of events:              3602912

Latency (ms):
         min:                                    0.06
         avg:                                    1.06
         max:                                    5.69
         95th percentile:                        2.03
         sum:                              3835361.53

Threads fairness:
    events (avg/stddev):           225182.0000/237.72
    execution time (avg/stddev):   239.7101/0.00

sysbench 1.0.17 (using bundled LuaJIT 2.1.0-beta2)

Running the test with following options:
Number of threads: 32
Initializing random number generator from current time


Extra file open flags: (none)
64 files, 128MiB each
8GiB total file size
Block size 32KiB
Number of IO requests: 0
Read/Write ratio for combined random IO test: 1.50
Calling fsync() after each write operation.
Using synchronous I/O mode
Doing random write test
Initializing worker threads...

Threads started!


File operations:
    reads/s:                      0.00
    writes/s:                     15372.39
    fsyncs/s:                     15372.39

Throughput:
    read, MiB/s:                  0.00
    written, MiB/s:               480.39

General statistics:
    total time:                          240.0004s
    total number of events:              3689403

Latency (ms):
         min:                                    0.06
         avg:                                    2.08
         max:                                   13.31
         95th percentile:                        3.82
         sum:                              7672303.44

Threads fairness:
    events (avg/stddev):           115293.8438/154.68
    execution time (avg/stddev):   239.7595/0.00

sysbench 1.0.17 (using bundled LuaJIT 2.1.0-beta2)

Running the test with following options:
Number of threads: 64
Initializing random number generator from current time


Extra file open flags: (none)
64 files, 128MiB each
8GiB total file size
Block size 32KiB
Number of IO requests: 0
Read/Write ratio for combined random IO test: 1.50
Calling fsync() after each write operation.
Using synchronous I/O mode
Doing random write test
Initializing worker threads...

Threads started!


File operations:
    reads/s:                      0.00
    writes/s:                     15626.75
    fsyncs/s:                     15626.75

Throughput:
    read, MiB/s:                  0.00
    written, MiB/s:               488.34

General statistics:
    total time:                          240.0012s
    total number of events:              3750461

Latency (ms):
         min:                                    0.06
         avg:                                    4.09
         max:                                   22.85
         95th percentile:                        7.17
         sum:                             15344647.09

Threads fairness:
    events (avg/stddev):           58600.9531/95.51
    execution time (avg/stddev):   239.7601/0.01

