sysbench 1.0.17 (using bundled LuaJIT 2.1.0-beta2)

Running the test with following options:
Number of threads: 1
Initializing random number generator from current time


Extra file open flags: (none)
64 files, 128MiB each
8GiB total file size
Block size 32KiB
Number of IO requests: 0
Read/Write ratio for combined random IO test: 1.50
Calling fsync() after each write operation.
Using synchronous I/O mode
Doing random read test
Initializing worker threads...

Threads started!


File operations:
    reads/s:                      219288.75
    writes/s:                     0.00
    fsyncs/s:                     0.00

Throughput:
    read, MiB/s:                  6852.77
    written, MiB/s:               0.00

General statistics:
    total time:                          240.0001s
    total number of events:              52629628

Latency (ms):
         min:                                    0.00
         avg:                                    0.00
         max:                                    0.05
         95th percentile:                        0.01
         sum:                               228022.52

Threads fairness:
    events (avg/stddev):           52629628.0000/0.00
    execution time (avg/stddev):   228.0225/0.00

sysbench 1.0.17 (using bundled LuaJIT 2.1.0-beta2)

Running the test with following options:
Number of threads: 4
Initializing random number generator from current time


Extra file open flags: (none)
64 files, 128MiB each
8GiB total file size
Block size 32KiB
Number of IO requests: 0
Read/Write ratio for combined random IO test: 1.50
Calling fsync() after each write operation.
Using synchronous I/O mode
Doing random read test
Initializing worker threads...

Threads started!


File operations:
    reads/s:                      724632.01
    writes/s:                     0.00
    fsyncs/s:                     0.00

Throughput:
    read, MiB/s:                  22644.75
    written, MiB/s:               0.00

General statistics:
    total time:                          240.0000s
    total number of events:              173912770

Latency (ms):
         min:                                    0.00
         avg:                                    0.01
         max:                                    0.21
         95th percentile:                        0.01
         sum:                               871633.57

Threads fairness:
    events (avg/stddev):           43478192.5000/824904.21
    execution time (avg/stddev):   217.9084/0.25

sysbench 1.0.17 (using bundled LuaJIT 2.1.0-beta2)

Running the test with following options:
Number of threads: 8
Initializing random number generator from current time


Extra file open flags: (none)
64 files, 128MiB each
8GiB total file size
Block size 32KiB
Number of IO requests: 0
Read/Write ratio for combined random IO test: 1.50
Calling fsync() after each write operation.
Using synchronous I/O mode
Doing random read test
Initializing worker threads...

Threads started!


File operations:
    reads/s:                      1134029.69
    writes/s:                     0.00
    fsyncs/s:                     0.00

Throughput:
    read, MiB/s:                  35438.43
    written, MiB/s:               0.00

General statistics:
    total time:                          240.0000s
    total number of events:              272168854

Latency (ms):
         min:                                    0.00
         avg:                                    0.01
         max:                                    0.23
         95th percentile:                        0.01
         sum:                              1607557.94

Threads fairness:
    events (avg/stddev):           34021106.7500/947247.41
    execution time (avg/stddev):   200.9447/1.45

sysbench 1.0.17 (using bundled LuaJIT 2.1.0-beta2)

Running the test with following options:
Number of threads: 16
Initializing random number generator from current time


Extra file open flags: (none)
64 files, 128MiB each
8GiB total file size
Block size 32KiB
Number of IO requests: 0
Read/Write ratio for combined random IO test: 1.50
Calling fsync() after each write operation.
Using synchronous I/O mode
Doing random read test
Initializing worker threads...

Threads started!


File operations:
    reads/s:                      1098619.56
    writes/s:                     0.00
    fsyncs/s:                     0.00

Throughput:
    read, MiB/s:                  34331.86
    written, MiB/s:               0.00

General statistics:
    total time:                          240.0000s
    total number of events:              263670388

Latency (ms):
         min:                                    0.00
         avg:                                    0.01
         max:                                    4.44
         95th percentile:                        0.02
         sum:                              2672156.96

Threads fairness:
    events (avg/stddev):           16479399.2500/26917.28
    execution time (avg/stddev):   167.0098/0.14

sysbench 1.0.17 (using bundled LuaJIT 2.1.0-beta2)

Running the test with following options:
Number of threads: 32
Initializing random number generator from current time


Extra file open flags: (none)
64 files, 128MiB each
8GiB total file size
Block size 32KiB
Number of IO requests: 0
Read/Write ratio for combined random IO test: 1.50
Calling fsync() after each write operation.
Using synchronous I/O mode
Doing random read test
Initializing worker threads...

Threads started!


File operations:
    reads/s:                      1129265.64
    writes/s:                     0.00
    fsyncs/s:                     0.00

Throughput:
    read, MiB/s:                  35289.55
    written, MiB/s:               0.00

General statistics:
    total time:                          240.0001s
    total number of events:              271025566

Latency (ms):
         min:                                    0.00
         avg:                                    0.02
         max:                                   13.67
         95th percentile:                        0.07
         sum:                              4674293.11

Threads fairness:
    events (avg/stddev):           8469548.9375/6428.43
    execution time (avg/stddev):   146.0717/0.09

sysbench 1.0.17 (using bundled LuaJIT 2.1.0-beta2)

Running the test with following options:
Number of threads: 64
Initializing random number generator from current time


Extra file open flags: (none)
64 files, 128MiB each
8GiB total file size
Block size 32KiB
Number of IO requests: 0
Read/Write ratio for combined random IO test: 1.50
Calling fsync() after each write operation.
Using synchronous I/O mode
Doing random read test
Initializing worker threads...

Threads started!


File operations:
    reads/s:                      1116530.26
    writes/s:                     0.00
    fsyncs/s:                     0.00

Throughput:
    read, MiB/s:                  34891.57
    written, MiB/s:               0.00

General statistics:
    total time:                          240.0002s
    total number of events:              267969058

Latency (ms):
         min:                                    0.00
         avg:                                    0.03
         max:                                   41.93
         95th percentile:                        0.19
         sum:                              8687579.35

Threads fairness:
    events (avg/stddev):           4187016.5312/9984.48
    execution time (avg/stddev):   135.7434/0.14

