sysbench 1.0.17 (using bundled LuaJIT 2.1.0-beta2)

Running the test with following options:
Number of threads: 1
Initializing random number generator from current time


Extra file open flags: (none)
64 files, 128MiB each
8GiB total file size
Block size 32KiB
Number of IO requests: 0
Read/Write ratio for combined random IO test: 1.50
Calling fsync() after each write operation.
Using synchronous I/O mode
Doing random read test
Initializing worker threads...

Threads started!


File operations:
    reads/s:                      234282.84
    writes/s:                     0.00
    fsyncs/s:                     0.00

Throughput:
    read, MiB/s:                  7321.34
    written, MiB/s:               0.00

General statistics:
    total time:                          240.0002s
    total number of events:              56228324

Latency (ms):
         min:                                    0.00
         avg:                                    0.00
         max:                                    0.15
         95th percentile:                        0.00
         sum:                               228108.75

Threads fairness:
    events (avg/stddev):           56228324.0000/0.00
    execution time (avg/stddev):   228.1088/0.00

sysbench 1.0.17 (using bundled LuaJIT 2.1.0-beta2)

Running the test with following options:
Number of threads: 4
Initializing random number generator from current time


Extra file open flags: (none)
64 files, 128MiB each
8GiB total file size
Block size 32KiB
Number of IO requests: 0
Read/Write ratio for combined random IO test: 1.50
Calling fsync() after each write operation.
Using synchronous I/O mode
Doing random read test
Initializing worker threads...

Threads started!


File operations:
    reads/s:                      605720.02
    writes/s:                     0.00
    fsyncs/s:                     0.00

Throughput:
    read, MiB/s:                  18928.75
    written, MiB/s:               0.00

General statistics:
    total time:                          240.0001s
    total number of events:              145373908

Latency (ms):
         min:                                    0.00
         avg:                                    0.01
         max:                                    0.26
         95th percentile:                        0.01
         sum:                               840610.03

Threads fairness:
    events (avg/stddev):           36343477.0000/548896.39
    execution time (avg/stddev):   210.1525/1.97

sysbench 1.0.17 (using bundled LuaJIT 2.1.0-beta2)

Running the test with following options:
Number of threads: 8
Initializing random number generator from current time


Extra file open flags: (none)
64 files, 128MiB each
8GiB total file size
Block size 32KiB
Number of IO requests: 0
Read/Write ratio for combined random IO test: 1.50
Calling fsync() after each write operation.
Using synchronous I/O mode
Doing random read test
Initializing worker threads...

Threads started!


File operations:
    reads/s:                      758187.07
    writes/s:                     0.00
    fsyncs/s:                     0.00

Throughput:
    read, MiB/s:                  23693.35
    written, MiB/s:               0.00

General statistics:
    total time:                          240.0001s
    total number of events:              181966204

Latency (ms):
         min:                                    0.00
         avg:                                    0.01
         max:                                   15.36
         95th percentile:                        0.01
         sum:                              1743982.66

Threads fairness:
    events (avg/stddev):           22745775.5000/102240.78
    execution time (avg/stddev):   217.9978/0.46

sysbench 1.0.17 (using bundled LuaJIT 2.1.0-beta2)

Running the test with following options:
Number of threads: 16
Initializing random number generator from current time


Extra file open flags: (none)
64 files, 128MiB each
8GiB total file size
Block size 32KiB
Number of IO requests: 0
Read/Write ratio for combined random IO test: 1.50
Calling fsync() after each write operation.
Using synchronous I/O mode
Doing random read test
Initializing worker threads...

Threads started!


File operations:
    reads/s:                      735441.84
    writes/s:                     0.00
    fsyncs/s:                     0.00

Throughput:
    read, MiB/s:                  22982.56
    written, MiB/s:               0.00

General statistics:
    total time:                          240.0001s
    total number of events:              176507327

Latency (ms):
         min:                                    0.00
         avg:                                    0.02
         max:                                   12.90
         95th percentile:                        0.04
         sum:                              2760321.93

Threads fairness:
    events (avg/stddev):           11031707.9375/61017.49
    execution time (avg/stddev):   172.5201/0.53

sysbench 1.0.17 (using bundled LuaJIT 2.1.0-beta2)

Running the test with following options:
Number of threads: 32
Initializing random number generator from current time


Extra file open flags: (none)
64 files, 128MiB each
8GiB total file size
Block size 32KiB
Number of IO requests: 0
Read/Write ratio for combined random IO test: 1.50
Calling fsync() after each write operation.
Using synchronous I/O mode
Doing random read test
Initializing worker threads...

Threads started!


File operations:
    reads/s:                      714301.13
    writes/s:                     0.00
    fsyncs/s:                     0.00

Throughput:
    read, MiB/s:                  22321.91
    written, MiB/s:               0.00

General statistics:
    total time:                          240.0002s
    total number of events:              171433608

Latency (ms):
         min:                                    0.00
         avg:                                    0.03
         max:                                   13.87
         95th percentile:                        0.11
         sum:                              4765775.93

Threads fairness:
    events (avg/stddev):           5357300.2500/16051.43
    execution time (avg/stddev):   148.9305/0.48

sysbench 1.0.17 (using bundled LuaJIT 2.1.0-beta2)

Running the test with following options:
Number of threads: 64
Initializing random number generator from current time


Extra file open flags: (none)
64 files, 128MiB each
8GiB total file size
Block size 32KiB
Number of IO requests: 0
Read/Write ratio for combined random IO test: 1.50
Calling fsync() after each write operation.
Using synchronous I/O mode
Doing random read test
Initializing worker threads...

Threads started!


File operations:
    reads/s:                      721737.91
    writes/s:                     0.00
    fsyncs/s:                     0.00

Throughput:
    read, MiB/s:                  22554.31
    written, MiB/s:               0.00

General statistics:
    total time:                          240.0003s
    total number of events:              173218525

Latency (ms):
         min:                                    0.00
         avg:                                    0.05
         max:                                   13.22
         95th percentile:                        0.30
         sum:                              8965827.46

Threads fairness:
    events (avg/stddev):           2706539.4531/11064.81
    execution time (avg/stddev):   140.0911/0.34

