sysbench 1.0.17 (using bundled LuaJIT 2.1.0-beta2)

Running the test with following options:
Number of threads: 1
Initializing random number generator from current time


Extra file open flags: (none)
64 files, 128MiB each
8GiB total file size
Block size 32KiB
Number of IO requests: 0
Read/Write ratio for combined random IO test: 1.50
Calling fsync() after each write operation.
Using synchronous I/O mode
Doing random write test
Initializing worker threads...

Threads started!


File operations:
    reads/s:                      0.00
    writes/s:                     583.61
    fsyncs/s:                     583.61

Throughput:
    read, MiB/s:                  0.00
    written, MiB/s:               18.24

General statistics:
    total time:                          240.0015s
    total number of events:              140068

Latency (ms):
         min:                                    0.53
         avg:                                    1.71
         max:                                   70.53
         95th percentile:                        1.93
         sum:                               239898.47

Threads fairness:
    events (avg/stddev):           140068.0000/0.00
    execution time (avg/stddev):   239.8985/0.00

sysbench 1.0.17 (using bundled LuaJIT 2.1.0-beta2)

Running the test with following options:
Number of threads: 4
Initializing random number generator from current time


Extra file open flags: (none)
64 files, 128MiB each
8GiB total file size
Block size 32KiB
Number of IO requests: 0
Read/Write ratio for combined random IO test: 1.50
Calling fsync() after each write operation.
Using synchronous I/O mode
Doing random write test
Initializing worker threads...

Threads started!


File operations:
    reads/s:                      0.00
    writes/s:                     2213.73
    fsyncs/s:                     2213.73

Throughput:
    read, MiB/s:                  0.00
    written, MiB/s:               69.18

General statistics:
    total time:                          240.0007s
    total number of events:              531301

Latency (ms):
         min:                                    0.53
         avg:                                    1.81
         max:                                  221.03
         95th percentile:                        2.22
         sum:                               959534.69

Threads fairness:
    events (avg/stddev):           132825.2500/52.40
    execution time (avg/stddev):   239.8837/0.00

sysbench 1.0.17 (using bundled LuaJIT 2.1.0-beta2)

Running the test with following options:
Number of threads: 8
Initializing random number generator from current time


Extra file open flags: (none)
64 files, 128MiB each
8GiB total file size
Block size 32KiB
Number of IO requests: 0
Read/Write ratio for combined random IO test: 1.50
Calling fsync() after each write operation.
Using synchronous I/O mode
Doing random write test
Initializing worker threads...

Threads started!


File operations:
    reads/s:                      0.00
    writes/s:                     4161.04
    fsyncs/s:                     4161.04

Throughput:
    read, MiB/s:                  0.00
    written, MiB/s:               130.03

General statistics:
    total time:                          240.0007s
    total number of events:              998659

Latency (ms):
         min:                                    0.53
         avg:                                    1.92
         max:                                  161.98
         95th percentile:                        2.57
         sum:                              1918586.94

Threads fairness:
    events (avg/stddev):           124832.3750/77.70
    execution time (avg/stddev):   239.8234/0.00

sysbench 1.0.17 (using bundled LuaJIT 2.1.0-beta2)

Running the test with following options:
Number of threads: 16
Initializing random number generator from current time


Extra file open flags: (none)
64 files, 128MiB each
8GiB total file size
Block size 32KiB
Number of IO requests: 0
Read/Write ratio for combined random IO test: 1.50
Calling fsync() after each write operation.
Using synchronous I/O mode
Doing random write test
Initializing worker threads...

Threads started!


File operations:
    reads/s:                      0.00
    writes/s:                     7432.76
    fsyncs/s:                     7432.76

Throughput:
    read, MiB/s:                  0.00
    written, MiB/s:               232.27

General statistics:
    total time:                          240.0019s
    total number of events:              1783887

Latency (ms):
         min:                                    0.53
         avg:                                    2.15
         max:                                  146.27
         95th percentile:                        3.02
         sum:                              3834919.76

Threads fairness:
    events (avg/stddev):           111492.9375/94.74
    execution time (avg/stddev):   239.6825/0.00

sysbench 1.0.17 (using bundled LuaJIT 2.1.0-beta2)

Running the test with following options:
Number of threads: 32
Initializing random number generator from current time


Extra file open flags: (none)
64 files, 128MiB each
8GiB total file size
Block size 32KiB
Number of IO requests: 0
Read/Write ratio for combined random IO test: 1.50
Calling fsync() after each write operation.
Using synchronous I/O mode
Doing random write test
Initializing worker threads...

Threads started!


File operations:
    reads/s:                      0.00
    writes/s:                     7855.22
    fsyncs/s:                     7855.22

Throughput:
    read, MiB/s:                  0.00
    written, MiB/s:               245.48

General statistics:
    total time:                          240.0033s
    total number of events:              1885291

Latency (ms):
         min:                                    0.54
         avg:                                    4.07
         max:                                  151.05
         95th percentile:                        5.00
         sum:                              7672089.28

Threads fairness:
    events (avg/stddev):           58915.3438/44.09
    execution time (avg/stddev):   239.7528/0.00

sysbench 1.0.17 (using bundled LuaJIT 2.1.0-beta2)

Running the test with following options:
Number of threads: 64
Initializing random number generator from current time


Extra file open flags: (none)
64 files, 128MiB each
8GiB total file size
Block size 32KiB
Number of IO requests: 0
Read/Write ratio for combined random IO test: 1.50
Calling fsync() after each write operation.
Using synchronous I/O mode
Doing random write test
Initializing worker threads...

Threads started!


File operations:
    reads/s:                      0.00
    writes/s:                     7940.16
    fsyncs/s:                     7940.16

Throughput:
    read, MiB/s:                  0.00
    written, MiB/s:               248.13

General statistics:
    total time:                          240.0039s
    total number of events:              1905680

Latency (ms):
         min:                                    0.59
         avg:                                    8.06
         max:                                  159.14
         95th percentile:                        9.73
         sum:                             15351282.89

Threads fairness:
    events (avg/stddev):           29776.2500/23.82
    execution time (avg/stddev):   239.8638/0.00

