sysbench 1.0.17 (using bundled LuaJIT 2.1.0-beta2)

Running the test with following options:
Number of threads: 1
Initializing random number generator from current time


Extra file open flags: (none)
64 files, 128MiB each
8GiB total file size
Block size 32KiB
Number of IO requests: 0
Read/Write ratio for combined random IO test: 1.50
Calling fsync() after each write operation.
Using synchronous I/O mode
Doing random write test
Initializing worker threads...

Threads started!


File operations:
    reads/s:                      0.00
    writes/s:                     3294.20
    fsyncs/s:                     3294.20

Throughput:
    read, MiB/s:                  0.00
    written, MiB/s:               102.94

General statistics:
    total time:                          240.0003s
    total number of events:              790614

Latency (ms):
         min:                                    0.10
         avg:                                    0.30
         max:                                   10.47
         95th percentile:                        0.43
         sum:                               239633.22

Threads fairness:
    events (avg/stddev):           790614.0000/0.00
    execution time (avg/stddev):   239.6332/0.00

sysbench 1.0.17 (using bundled LuaJIT 2.1.0-beta2)

Running the test with following options:
Number of threads: 4
Initializing random number generator from current time


Extra file open flags: (none)
64 files, 128MiB each
8GiB total file size
Block size 32KiB
Number of IO requests: 0
Read/Write ratio for combined random IO test: 1.50
Calling fsync() after each write operation.
Using synchronous I/O mode
Doing random write test
Initializing worker threads...

Threads started!


File operations:
    reads/s:                      0.00
    writes/s:                     10910.61
    fsyncs/s:                     10910.61

Throughput:
    read, MiB/s:                  0.00
    written, MiB/s:               340.96

General statistics:
    total time:                          240.0008s
    total number of events:              2618576

Latency (ms):
         min:                                    0.10
         avg:                                    0.37
         max:                                   10.47
         95th percentile:                        0.78
         sum:                               958242.67

Threads fairness:
    events (avg/stddev):           654644.0000/1766.51
    execution time (avg/stddev):   239.5607/0.00

sysbench 1.0.17 (using bundled LuaJIT 2.1.0-beta2)

Running the test with following options:
Number of threads: 8
Initializing random number generator from current time


Extra file open flags: (none)
64 files, 128MiB each
8GiB total file size
Block size 32KiB
Number of IO requests: 0
Read/Write ratio for combined random IO test: 1.50
Calling fsync() after each write operation.
Using synchronous I/O mode
Doing random write test
Initializing worker threads...

Threads started!


File operations:
    reads/s:                      0.00
    writes/s:                     11339.63
    fsyncs/s:                     11339.63

Throughput:
    read, MiB/s:                  0.00
    written, MiB/s:               354.36

General statistics:
    total time:                          240.0004s
    total number of events:              2721537

Latency (ms):
         min:                                    0.10
         avg:                                    0.70
         max:                                   12.93
         95th percentile:                        1.14
         sum:                              1917866.00

Threads fairness:
    events (avg/stddev):           340192.1250/633.11
    execution time (avg/stddev):   239.7333/0.00

sysbench 1.0.17 (using bundled LuaJIT 2.1.0-beta2)

Running the test with following options:
Number of threads: 16
Initializing random number generator from current time


Extra file open flags: (none)
64 files, 128MiB each
8GiB total file size
Block size 32KiB
Number of IO requests: 0
Read/Write ratio for combined random IO test: 1.50
Calling fsync() after each write operation.
Using synchronous I/O mode
Doing random write test
Initializing worker threads...

Threads started!


File operations:
    reads/s:                      0.00
    writes/s:                     11735.03
    fsyncs/s:                     11735.03

Throughput:
    read, MiB/s:                  0.00
    written, MiB/s:               366.72

General statistics:
    total time:                          240.0010s
    total number of events:              2816439

Latency (ms):
         min:                                    0.10
         avg:                                    1.36
         max:                                   11.86
         95th percentile:                        3.62
         sum:                              3835948.40

Threads fairness:
    events (avg/stddev):           176027.4375/281.29
    execution time (avg/stddev):   239.7468/0.00

sysbench 1.0.17 (using bundled LuaJIT 2.1.0-beta2)

Running the test with following options:
Number of threads: 32
Initializing random number generator from current time


Extra file open flags: (none)
64 files, 128MiB each
8GiB total file size
Block size 32KiB
Number of IO requests: 0
Read/Write ratio for combined random IO test: 1.50
Calling fsync() after each write operation.
Using synchronous I/O mode
Doing random write test
Initializing worker threads...

Threads started!


File operations:
    reads/s:                      0.00
    writes/s:                     12018.51
    fsyncs/s:                     12018.51

Throughput:
    read, MiB/s:                  0.00
    written, MiB/s:               375.58

General statistics:
    total time:                          240.0047s
    total number of events:              2884521

Latency (ms):
         min:                                    0.10
         avg:                                    2.66
         max:                                   23.26
         95th percentile:                        7.30
         sum:                              7673651.96

Threads fairness:
    events (avg/stddev):           90141.2812/199.58
    execution time (avg/stddev):   239.8016/0.00

sysbench 1.0.17 (using bundled LuaJIT 2.1.0-beta2)

Running the test with following options:
Number of threads: 64
Initializing random number generator from current time


Extra file open flags: (none)
64 files, 128MiB each
8GiB total file size
Block size 32KiB
Number of IO requests: 0
Read/Write ratio for combined random IO test: 1.50
Calling fsync() after each write operation.
Using synchronous I/O mode
Doing random write test
Initializing worker threads...

Threads started!


File operations:
    reads/s:                      0.00
    writes/s:                     12210.03
    fsyncs/s:                     12210.03

Throughput:
    read, MiB/s:                  0.00
    written, MiB/s:               381.56

General statistics:
    total time:                          240.0068s
    total number of events:              2930512

Latency (ms):
         min:                                    0.10
         avg:                                    5.24
         max:                                   47.69
         95th percentile:                       13.46
         sum:                             15351632.46

Threads fairness:
    events (avg/stddev):           45789.2500/99.98
    execution time (avg/stddev):   239.8693/0.00

