sysbench 1.0.17 (using bundled LuaJIT 2.1.0-beta2)

Running the test with following options:
Number of threads: 1
Initializing random number generator from current time


Extra file open flags: (none)
64 files, 128MiB each
8GiB total file size
Block size 32KiB
Number of IO requests: 0
Read/Write ratio for combined random IO test: 1.50
Calling fsync() after each write operation.
Using synchronous I/O mode
Doing random write test
Initializing worker threads...

Threads started!


File operations:
    reads/s:                      0.00
    writes/s:                     1591.54
    fsyncs/s:                     1591.54

Throughput:
    read, MiB/s:                  0.00
    written, MiB/s:               49.74

General statistics:
    total time:                          240.0005s
    total number of events:              381974

Latency (ms):
         min:                                    0.12
         avg:                                    0.63
         max:                                   10.53
         95th percentile:                        1.70
         sum:                               239462.01

Threads fairness:
    events (avg/stddev):           381974.0000/0.00
    execution time (avg/stddev):   239.4620/0.00

sysbench 1.0.17 (using bundled LuaJIT 2.1.0-beta2)

Running the test with following options:
Number of threads: 4
Initializing random number generator from current time


Extra file open flags: (none)
64 files, 128MiB each
8GiB total file size
Block size 32KiB
Number of IO requests: 0
Read/Write ratio for combined random IO test: 1.50
Calling fsync() after each write operation.
Using synchronous I/O mode
Doing random write test
Initializing worker threads...

Threads started!


File operations:
    reads/s:                      0.00
    writes/s:                     3353.66
    fsyncs/s:                     3353.66

Throughput:
    read, MiB/s:                  0.00
    written, MiB/s:               104.80

General statistics:
    total time:                          240.0005s
    total number of events:              804886

Latency (ms):
         min:                                    0.12
         avg:                                    1.19
         max:                                   13.50
         95th percentile:                        3.19
         sum:                               958754.55

Threads fairness:
    events (avg/stddev):           201221.5000/162.87
    execution time (avg/stddev):   239.6886/0.00

sysbench 1.0.17 (using bundled LuaJIT 2.1.0-beta2)

Running the test with following options:
Number of threads: 8
Initializing random number generator from current time


Extra file open flags: (none)
64 files, 128MiB each
8GiB total file size
Block size 32KiB
Number of IO requests: 0
Read/Write ratio for combined random IO test: 1.50
Calling fsync() after each write operation.
Using synchronous I/O mode
Doing random write test
Initializing worker threads...

Threads started!


File operations:
    reads/s:                      0.00
    writes/s:                     4007.06
    fsyncs/s:                     4007.06

Throughput:
    read, MiB/s:                  0.00
    written, MiB/s:               125.22

General statistics:
    total time:                          240.0020s
    total number of events:              961711

Latency (ms):
         min:                                    0.14
         avg:                                    1.99
         max:                                   18.67
         95th percentile:                        3.68
         sum:                              1918544.73

Threads fairness:
    events (avg/stddev):           120213.8750/90.50
    execution time (avg/stddev):   239.8181/0.00

sysbench 1.0.17 (using bundled LuaJIT 2.1.0-beta2)

Running the test with following options:
Number of threads: 16
Initializing random number generator from current time


Extra file open flags: (none)
64 files, 128MiB each
8GiB total file size
Block size 32KiB
Number of IO requests: 0
Read/Write ratio for combined random IO test: 1.50
Calling fsync() after each write operation.
Using synchronous I/O mode
Doing random write test
Initializing worker threads...

Threads started!


File operations:
    reads/s:                      0.00
    writes/s:                     5377.95
    fsyncs/s:                     5377.95

Throughput:
    read, MiB/s:                  0.00
    written, MiB/s:               168.06

General statistics:
    total time:                          240.0019s
    total number of events:              1290728

Latency (ms):
         min:                                    0.14
         avg:                                    2.97
         max:                                   19.80
         95th percentile:                        5.37
         sum:                              3838025.90

Threads fairness:
    events (avg/stddev):           80670.5000/59.54
    execution time (avg/stddev):   239.8766/0.00

sysbench 1.0.17 (using bundled LuaJIT 2.1.0-beta2)

Running the test with following options:
Number of threads: 32
Initializing random number generator from current time


Extra file open flags: (none)
64 files, 128MiB each
8GiB total file size
Block size 32KiB
Number of IO requests: 0
Read/Write ratio for combined random IO test: 1.50
Calling fsync() after each write operation.
Using synchronous I/O mode
Doing random write test
Initializing worker threads...

Threads started!


File operations:
    reads/s:                      0.00
    writes/s:                     7358.52
    fsyncs/s:                     7358.52

Throughput:
    read, MiB/s:                  0.00
    written, MiB/s:               229.95

General statistics:
    total time:                          240.0059s
    total number of events:              1766102

Latency (ms):
         min:                                    0.15
         avg:                                    4.35
         max:                                   30.11
         95th percentile:                        7.43
         sum:                              7677593.52

Threads fairness:
    events (avg/stddev):           55190.6875/64.74
    execution time (avg/stddev):   239.9248/0.00

sysbench 1.0.17 (using bundled LuaJIT 2.1.0-beta2)

Running the test with following options:
Number of threads: 64
Initializing random number generator from current time


Extra file open flags: (none)
64 files, 128MiB each
8GiB total file size
Block size 32KiB
Number of IO requests: 0
Read/Write ratio for combined random IO test: 1.50
Calling fsync() after each write operation.
Using synchronous I/O mode
Doing random write test
Initializing worker threads...

Threads started!


File operations:
    reads/s:                      0.00
    writes/s:                     9742.96
    fsyncs/s:                     9742.96

Throughput:
    read, MiB/s:                  0.00
    written, MiB/s:               304.47

General statistics:
    total time:                          240.0114s
    total number of events:              2338438

Latency (ms):
         min:                                    0.22
         avg:                                    6.57
         max:                                  120.19
         95th percentile:                       12.52
         sum:                             15357668.65

Threads fairness:
    events (avg/stddev):           36538.0938/74.22
    execution time (avg/stddev):   239.9636/0.00

