------------------------------------------------------------
Client connecting to 10.142.0.29, TCP port 5001
TCP window size: 45.0 KByte (default)
------------------------------------------------------------
[  3] local 10.142.0.30 port 45494 connected with 10.142.0.29 port 5001
[ ID] Interval       Transfer     Bandwidth
[  3]  0.0- 1.0 sec   751 MBytes  6.30 Gbits/sec
[  3]  1.0- 2.0 sec   935 MBytes  7.85 Gbits/sec
[  3]  2.0- 3.0 sec   890 MBytes  7.46 Gbits/sec
[  3]  3.0- 4.0 sec   862 MBytes  7.23 Gbits/sec
[  3]  4.0- 5.0 sec   885 MBytes  7.42 Gbits/sec
[  3]  5.0- 6.0 sec   884 MBytes  7.42 Gbits/sec
[  3]  6.0- 7.0 sec   907 MBytes  7.61 Gbits/sec
[  3]  7.0- 8.0 sec   926 MBytes  7.77 Gbits/sec
[  3]  8.0- 9.0 sec   891 MBytes  7.48 Gbits/sec
[  3]  9.0-10.0 sec   920 MBytes  7.72 Gbits/sec
[  3] 10.0-11.0 sec   917 MBytes  7.69 Gbits/sec
[  3] 11.0-12.0 sec   841 MBytes  7.05 Gbits/sec
[  3] 12.0-13.0 sec   890 MBytes  7.47 Gbits/sec
[  3] 13.0-14.0 sec   924 MBytes  7.75 Gbits/sec
[  3] 14.0-15.0 sec   876 MBytes  7.34 Gbits/sec
[  3] 15.0-16.0 sec   870 MBytes  7.29 Gbits/sec
[  3] 16.0-17.0 sec   905 MBytes  7.59 Gbits/sec
[  3] 17.0-18.0 sec   919 MBytes  7.71 Gbits/sec
[  3] 18.0-19.0 sec   899 MBytes  7.54 Gbits/sec
[  3] 19.0-20.0 sec   886 MBytes  7.43 Gbits/sec
[  3] 20.0-21.0 sec   937 MBytes  7.86 Gbits/sec
[  3] 21.0-22.0 sec   862 MBytes  7.24 Gbits/sec
[  3] 22.0-23.0 sec   927 MBytes  7.77 Gbits/sec
[  3] 23.0-24.0 sec   820 MBytes  6.88 Gbits/sec
[  3] 24.0-25.0 sec   888 MBytes  7.45 Gbits/sec
[  3] 25.0-26.0 sec   890 MBytes  7.47 Gbits/sec
[  3] 26.0-27.0 sec   876 MBytes  7.35 Gbits/sec
[  3] 27.0-28.0 sec   885 MBytes  7.42 Gbits/sec
[  3] 28.0-29.0 sec   906 MBytes  7.60 Gbits/sec
[  3] 29.0-30.0 sec   812 MBytes  6.81 Gbits/sec
[  3] 30.0-31.0 sec   807 MBytes  6.77 Gbits/sec
[  3] 31.0-32.0 sec   913 MBytes  7.66 Gbits/sec
[  3] 32.0-33.0 sec   936 MBytes  7.85 Gbits/sec
[  3] 33.0-34.0 sec   898 MBytes  7.54 Gbits/sec
[  3] 34.0-35.0 sec   924 MBytes  7.75 Gbits/sec
[  3] 35.0-36.0 sec   853 MBytes  7.15 Gbits/sec
[  3] 36.0-37.0 sec   906 MBytes  7.60 Gbits/sec
[  3] 37.0-38.0 sec   862 MBytes  7.23 Gbits/sec
[  3] 38.0-39.0 sec   826 MBytes  6.93 Gbits/sec
[  3] 39.0-40.0 sec   892 MBytes  7.48 Gbits/sec
[  3] 40.0-41.0 sec   920 MBytes  7.71 Gbits/sec
[  3] 41.0-42.0 sec   887 MBytes  7.44 Gbits/sec
[  3] 42.0-43.0 sec   928 MBytes  7.78 Gbits/sec
[  3] 43.0-44.0 sec   917 MBytes  7.69 Gbits/sec
[  3] 44.0-45.0 sec   906 MBytes  7.60 Gbits/sec
[  3] 45.0-46.0 sec   878 MBytes  7.37 Gbits/sec
[  3] 46.0-47.0 sec   918 MBytes  7.70 Gbits/sec
[  3] 47.0-48.0 sec   920 MBytes  7.72 Gbits/sec
[  3] 48.0-49.0 sec   910 MBytes  7.64 Gbits/sec
[  3] 49.0-50.0 sec   868 MBytes  7.29 Gbits/sec
[  3] 50.0-51.0 sec   862 MBytes  7.23 Gbits/sec
[  3] 51.0-52.0 sec   905 MBytes  7.59 Gbits/sec
[  3] 52.0-53.0 sec   877 MBytes  7.36 Gbits/sec
[  3] 53.0-54.0 sec   906 MBytes  7.60 Gbits/sec
[  3] 54.0-55.0 sec   896 MBytes  7.52 Gbits/sec
[  3] 55.0-56.0 sec   900 MBytes  7.55 Gbits/sec
[  3] 56.0-57.0 sec   862 MBytes  7.23 Gbits/sec
[  3] 57.0-58.0 sec   821 MBytes  6.88 Gbits/sec
[  3] 58.0-59.0 sec   891 MBytes  7.47 Gbits/sec
[  3] 59.0-60.0 sec   888 MBytes  7.45 Gbits/sec
[  3]  0.0-60.0 sec  52.0 GBytes  7.45 Gbits/sec
