sysbench 1.0.17 (using bundled LuaJIT 2.1.0-beta2)

Running the test with following options:
Number of threads: 1
Initializing random number generator from current time


Extra file open flags: (none)
64 files, 128MiB each
8GiB total file size
Block size 32KiB
Number of IO requests: 0
Read/Write ratio for combined random IO test: 1.50
Calling fsync() after each write operation.
Using synchronous I/O mode
Doing random read test
Initializing worker threads...

Threads started!


File operations:
    reads/s:                      216066.80
    writes/s:                     0.00
    fsyncs/s:                     0.00

Throughput:
    read, MiB/s:                  6752.09
    written, MiB/s:               0.00

General statistics:
    total time:                          240.0001s
    total number of events:              51856371

Latency (ms):
         min:                                    0.00
         avg:                                    0.00
         max:                                    0.54
         95th percentile:                        0.01
         sum:                               228039.02

Threads fairness:
    events (avg/stddev):           51856371.0000/0.00
    execution time (avg/stddev):   228.0390/0.00

sysbench 1.0.17 (using bundled LuaJIT 2.1.0-beta2)

Running the test with following options:
Number of threads: 4
Initializing random number generator from current time


Extra file open flags: (none)
64 files, 128MiB each
8GiB total file size
Block size 32KiB
Number of IO requests: 0
Read/Write ratio for combined random IO test: 1.50
Calling fsync() after each write operation.
Using synchronous I/O mode
Doing random read test
Initializing worker threads...

Threads started!


File operations:
    reads/s:                      736854.20
    writes/s:                     0.00
    fsyncs/s:                     0.00

Throughput:
    read, MiB/s:                  23026.69
    written, MiB/s:               0.00

General statistics:
    total time:                          240.0001s
    total number of events:              176846259

Latency (ms):
         min:                                    0.00
         avg:                                    0.00
         max:                                    0.57
         95th percentile:                        0.01
         sum:                               871191.10

Threads fairness:
    events (avg/stddev):           44211564.7500/83251.64
    execution time (avg/stddev):   217.7978/0.21

sysbench 1.0.17 (using bundled LuaJIT 2.1.0-beta2)

Running the test with following options:
Number of threads: 8
Initializing random number generator from current time


Extra file open flags: (none)
64 files, 128MiB each
8GiB total file size
Block size 32KiB
Number of IO requests: 0
Read/Write ratio for combined random IO test: 1.50
Calling fsync() after each write operation.
Using synchronous I/O mode
Doing random read test
Initializing worker threads...

Threads started!


File operations:
    reads/s:                      1135378.63
    writes/s:                     0.00
    fsyncs/s:                     0.00

Throughput:
    read, MiB/s:                  35480.58
    written, MiB/s:               0.00

General statistics:
    total time:                          240.0001s
    total number of events:              272492762

Latency (ms):
         min:                                    0.00
         avg:                                    0.01
         max:                                    0.58
         95th percentile:                        0.01
         sum:                              1592657.62

Threads fairness:
    events (avg/stddev):           34061595.2500/66089.69
    execution time (avg/stddev):   199.0822/0.17

sysbench 1.0.17 (using bundled LuaJIT 2.1.0-beta2)

Running the test with following options:
Number of threads: 16
Initializing random number generator from current time


Extra file open flags: (none)
64 files, 128MiB each
8GiB total file size
Block size 32KiB
Number of IO requests: 0
Read/Write ratio for combined random IO test: 1.50
Calling fsync() after each write operation.
Using synchronous I/O mode
Doing random read test
Initializing worker threads...

Threads started!


File operations:
    reads/s:                      1115176.44
    writes/s:                     0.00
    fsyncs/s:                     0.00

Throughput:
    read, MiB/s:                  34849.26
    written, MiB/s:               0.00

General statistics:
    total time:                          240.0002s
    total number of events:              267644318

Latency (ms):
         min:                                    0.00
         avg:                                    0.01
         max:                                   23.42
         95th percentile:                        0.02
         sum:                              2659259.04

Threads fairness:
    events (avg/stddev):           16727769.8750/39504.46
    execution time (avg/stddev):   166.2037/0.26

sysbench 1.0.17 (using bundled LuaJIT 2.1.0-beta2)

Running the test with following options:
Number of threads: 32
Initializing random number generator from current time


Extra file open flags: (none)
64 files, 128MiB each
8GiB total file size
Block size 32KiB
Number of IO requests: 0
Read/Write ratio for combined random IO test: 1.50
Calling fsync() after each write operation.
Using synchronous I/O mode
Doing random read test
Initializing worker threads...

Threads started!


File operations:
    reads/s:                      1105552.33
    writes/s:                     0.00
    fsyncs/s:                     0.00

Throughput:
    read, MiB/s:                  34548.51
    written, MiB/s:               0.00

General statistics:
    total time:                          240.0004s
    total number of events:              265334677

Latency (ms):
         min:                                    0.00
         avg:                                    0.02
         max:                                   23.53
         95th percentile:                        0.07
         sum:                              4625820.32

Threads fairness:
    events (avg/stddev):           8291708.6562/28901.97
    execution time (avg/stddev):   144.5569/0.29

sysbench 1.0.17 (using bundled LuaJIT 2.1.0-beta2)

Running the test with following options:
Number of threads: 64
Initializing random number generator from current time


Extra file open flags: (none)
64 files, 128MiB each
8GiB total file size
Block size 32KiB
Number of IO requests: 0
Read/Write ratio for combined random IO test: 1.50
Calling fsync() after each write operation.
Using synchronous I/O mode
Doing random read test
Initializing worker threads...

Threads started!


File operations:
    reads/s:                      1118299.08
    writes/s:                     0.00
    fsyncs/s:                     0.00

Throughput:
    read, MiB/s:                  34946.85
    written, MiB/s:               0.00

General statistics:
    total time:                          240.0006s
    total number of events:              268394155

Latency (ms):
         min:                                    0.00
         avg:                                    0.03
         max:                                   28.18
         95th percentile:                        0.19
         sum:                              8714025.56

Threads fairness:
    events (avg/stddev):           4193658.6719/5634.06
    execution time (avg/stddev):   136.1566/0.14

