sysbench 1.0.17 (using bundled LuaJIT 2.1.0-beta2)

Running the test with following options:
Number of threads: 1
Initializing random number generator from current time


Extra file open flags: (none)
64 files, 128MiB each
8GiB total file size
Block size 32KiB
Number of IO requests: 0
Read/Write ratio for combined random IO test: 1.50
Calling fsync() after each write operation.
Using synchronous I/O mode
Doing random write test
Initializing worker threads...

Threads started!


File operations:
    reads/s:                      0.00
    writes/s:                     3933.54
    fsyncs/s:                     3933.54

Throughput:
    read, MiB/s:                  0.00
    written, MiB/s:               122.92

General statistics:
    total time:                          240.0002s
    total number of events:              944056

Latency (ms):
         min:                                    0.09
         avg:                                    0.25
         max:                                    6.77
         95th percentile:                        0.34
         sum:                               239632.96

Threads fairness:
    events (avg/stddev):           944056.0000/0.00
    execution time (avg/stddev):   239.6330/0.00

sysbench 1.0.17 (using bundled LuaJIT 2.1.0-beta2)

Running the test with following options:
Number of threads: 4
Initializing random number generator from current time


Extra file open flags: (none)
64 files, 128MiB each
8GiB total file size
Block size 32KiB
Number of IO requests: 0
Read/Write ratio for combined random IO test: 1.50
Calling fsync() after each write operation.
Using synchronous I/O mode
Doing random write test
Initializing worker threads...

Threads started!


File operations:
    reads/s:                      0.00
    writes/s:                     10901.16
    fsyncs/s:                     10901.16

Throughput:
    read, MiB/s:                  0.00
    written, MiB/s:               340.66

General statistics:
    total time:                          240.0009s
    total number of events:              2616304

Latency (ms):
         min:                                    0.10
         avg:                                    0.37
         max:                                   82.31
         95th percentile:                        0.95
         sum:                               958548.45

Threads fairness:
    events (avg/stddev):           654076.0000/951.40
    execution time (avg/stddev):   239.6371/0.00

sysbench 1.0.17 (using bundled LuaJIT 2.1.0-beta2)

Running the test with following options:
Number of threads: 8
Initializing random number generator from current time


Extra file open flags: (none)
64 files, 128MiB each
8GiB total file size
Block size 32KiB
Number of IO requests: 0
Read/Write ratio for combined random IO test: 1.50
Calling fsync() after each write operation.
Using synchronous I/O mode
Doing random write test
Initializing worker threads...

Threads started!


File operations:
    reads/s:                      0.00
    writes/s:                     11317.08
    fsyncs/s:                     11317.08

Throughput:
    read, MiB/s:                  0.00
    written, MiB/s:               353.66

General statistics:
    total time:                          240.0010s
    total number of events:              2716128

Latency (ms):
         min:                                    0.09
         avg:                                    0.71
         max:                                  217.09
         95th percentile:                        1.14
         sum:                              1918157.41

Threads fairness:
    events (avg/stddev):           339516.0000/630.66
    execution time (avg/stddev):   239.7697/0.00

sysbench 1.0.17 (using bundled LuaJIT 2.1.0-beta2)

Running the test with following options:
Number of threads: 16
Initializing random number generator from current time


Extra file open flags: (none)
64 files, 128MiB each
8GiB total file size
Block size 32KiB
Number of IO requests: 0
Read/Write ratio for combined random IO test: 1.50
Calling fsync() after each write operation.
Using synchronous I/O mode
Doing random write test
Initializing worker threads...

Threads started!


File operations:
    reads/s:                      0.00
    writes/s:                     11694.75
    fsyncs/s:                     11694.75

Throughput:
    read, MiB/s:                  0.00
    written, MiB/s:               365.46

General statistics:
    total time:                          240.0008s
    total number of events:              2806764

Latency (ms):
         min:                                    0.10
         avg:                                    1.37
         max:                                  240.86
         95th percentile:                        3.68
         sum:                              3836435.49

Threads fairness:
    events (avg/stddev):           175422.7500/294.86
    execution time (avg/stddev):   239.7772/0.00

sysbench 1.0.17 (using bundled LuaJIT 2.1.0-beta2)

Running the test with following options:
Number of threads: 32
Initializing random number generator from current time


Extra file open flags: (none)
64 files, 128MiB each
8GiB total file size
Block size 32KiB
Number of IO requests: 0
Read/Write ratio for combined random IO test: 1.50
Calling fsync() after each write operation.
Using synchronous I/O mode
Doing random write test
Initializing worker threads...

Threads started!


File operations:
    reads/s:                      0.00
    writes/s:                     12018.73
    fsyncs/s:                     12018.73

Throughput:
    read, MiB/s:                  0.00
    written, MiB/s:               375.59

General statistics:
    total time:                          240.0015s
    total number of events:              2884529

Latency (ms):
         min:                                    0.09
         avg:                                    2.66
         max:                                   78.29
         95th percentile:                        7.30
         sum:                              7674494.51

Threads fairness:
    events (avg/stddev):           90141.5312/216.74
    execution time (avg/stddev):   239.8280/0.00

sysbench 1.0.17 (using bundled LuaJIT 2.1.0-beta2)

Running the test with following options:
Number of threads: 64
Initializing random number generator from current time


Extra file open flags: (none)
64 files, 128MiB each
8GiB total file size
Block size 32KiB
Number of IO requests: 0
Read/Write ratio for combined random IO test: 1.50
Calling fsync() after each write operation.
Using synchronous I/O mode
Doing random write test
Initializing worker threads...

Threads started!


File operations:
    reads/s:                      0.00
    writes/s:                     12212.90
    fsyncs/s:                     12212.90

Throughput:
    read, MiB/s:                  0.00
    written, MiB/s:               381.65

General statistics:
    total time:                          240.0100s
    total number of events:              2931235

Latency (ms):
         min:                                    0.10
         avg:                                    5.24
         max:                                   76.93
         95th percentile:                       13.22
         sum:                             15351890.11

Threads fairness:
    events (avg/stddev):           45800.5469/117.87
    execution time (avg/stddev):   239.8733/0.00

