sysbench 1.0.17 (using bundled LuaJIT 2.1.0-beta2)

Running the test with following options:
Number of threads: 1
Initializing random number generator from current time


Extra file open flags: (none)
64 files, 128MiB each
8GiB total file size
Block size 32KiB
Number of IO requests: 0
Read/Write ratio for combined random IO test: 1.50
Calling fsync() after each write operation.
Using synchronous I/O mode
Doing random read test
Initializing worker threads...

Threads started!


File operations:
    reads/s:                      240307.91
    writes/s:                     0.00
    fsyncs/s:                     0.00

Throughput:
    read, MiB/s:                  7509.62
    written, MiB/s:               0.00

General statistics:
    total time:                          240.0001s
    total number of events:              57674263

Latency (ms):
         min:                                    0.00
         avg:                                    0.00
         max:                                    0.14
         95th percentile:                        0.00
         sum:                               227765.49

Threads fairness:
    events (avg/stddev):           57674263.0000/0.00
    execution time (avg/stddev):   227.7655/0.00

sysbench 1.0.17 (using bundled LuaJIT 2.1.0-beta2)

Running the test with following options:
Number of threads: 4
Initializing random number generator from current time


Extra file open flags: (none)
64 files, 128MiB each
8GiB total file size
Block size 32KiB
Number of IO requests: 0
Read/Write ratio for combined random IO test: 1.50
Calling fsync() after each write operation.
Using synchronous I/O mode
Doing random read test
Initializing worker threads...

Threads started!


File operations:
    reads/s:                      658550.76
    writes/s:                     0.00
    fsyncs/s:                     0.00

Throughput:
    read, MiB/s:                  20579.71
    written, MiB/s:               0.00

General statistics:
    total time:                          240.0001s
    total number of events:              158053283

Latency (ms):
         min:                                    0.00
         avg:                                    0.01
         max:                                    0.27
         95th percentile:                        0.01
         sum:                               850473.58

Threads fairness:
    events (avg/stddev):           39513320.7500/489649.34
    execution time (avg/stddev):   212.6184/1.39

sysbench 1.0.17 (using bundled LuaJIT 2.1.0-beta2)

Running the test with following options:
Number of threads: 8
Initializing random number generator from current time


Extra file open flags: (none)
64 files, 128MiB each
8GiB total file size
Block size 32KiB
Number of IO requests: 0
Read/Write ratio for combined random IO test: 1.50
Calling fsync() after each write operation.
Using synchronous I/O mode
Doing random read test
Initializing worker threads...

Threads started!


File operations:
    reads/s:                      831970.92
    writes/s:                     0.00
    fsyncs/s:                     0.00

Throughput:
    read, MiB/s:                  25999.09
    written, MiB/s:               0.00

General statistics:
    total time:                          240.0001s
    total number of events:              199674521

Latency (ms):
         min:                                    0.00
         avg:                                    0.01
         max:                                   12.34
         95th percentile:                        0.01
         sum:                              1743826.48

Threads fairness:
    events (avg/stddev):           24959315.1250/72453.04
    execution time (avg/stddev):   217.9783/0.57

sysbench 1.0.17 (using bundled LuaJIT 2.1.0-beta2)

Running the test with following options:
Number of threads: 16
Initializing random number generator from current time


Extra file open flags: (none)
64 files, 128MiB each
8GiB total file size
Block size 32KiB
Number of IO requests: 0
Read/Write ratio for combined random IO test: 1.50
Calling fsync() after each write operation.
Using synchronous I/O mode
Doing random read test
Initializing worker threads...

Threads started!


File operations:
    reads/s:                      802101.15
    writes/s:                     0.00
    fsyncs/s:                     0.00

Throughput:
    read, MiB/s:                  25065.66
    written, MiB/s:               0.00

General statistics:
    total time:                          240.0001s
    total number of events:              192505692

Latency (ms):
         min:                                    0.00
         avg:                                    0.01
         max:                                    4.69
         95th percentile:                        0.03
         sum:                              2728078.47

Threads fairness:
    events (avg/stddev):           12031605.7500/88207.37
    execution time (avg/stddev):   170.5049/0.63

sysbench 1.0.17 (using bundled LuaJIT 2.1.0-beta2)

Running the test with following options:
Number of threads: 32
Initializing random number generator from current time


Extra file open flags: (none)
64 files, 128MiB each
8GiB total file size
Block size 32KiB
Number of IO requests: 0
Read/Write ratio for combined random IO test: 1.50
Calling fsync() after each write operation.
Using synchronous I/O mode
Doing random read test
Initializing worker threads...

Threads started!


File operations:
    reads/s:                      777670.34
    writes/s:                     0.00
    fsyncs/s:                     0.00

Throughput:
    read, MiB/s:                  24302.20
    written, MiB/s:               0.00

General statistics:
    total time:                          240.0002s
    total number of events:              186642314

Latency (ms):
         min:                                    0.00
         avg:                                    0.03
         max:                                   18.35
         95th percentile:                        0.10
         sum:                              4723006.70

Threads fairness:
    events (avg/stddev):           5832572.3125/16220.71
    execution time (avg/stddev):   147.5940/0.47

sysbench 1.0.17 (using bundled LuaJIT 2.1.0-beta2)

Running the test with following options:
Number of threads: 64
Initializing random number generator from current time


Extra file open flags: (none)
64 files, 128MiB each
8GiB total file size
Block size 32KiB
Number of IO requests: 0
Read/Write ratio for combined random IO test: 1.50
Calling fsync() after each write operation.
Using synchronous I/O mode
Doing random read test
Initializing worker threads...

Threads started!


File operations:
    reads/s:                      769756.40
    writes/s:                     0.00
    fsyncs/s:                     0.00

Throughput:
    read, MiB/s:                  24054.89
    written, MiB/s:               0.00

General statistics:
    total time:                          240.0003s
    total number of events:              184743048

Latency (ms):
         min:                                    0.00
         avg:                                    0.05
         max:                                   10.20
         95th percentile:                        0.27
         sum:                              8856120.50

Threads fairness:
    events (avg/stddev):           2886610.1250/12476.48
    execution time (avg/stddev):   138.3769/0.30

