sysbench 1.0.17 (using bundled LuaJIT 2.1.0-beta2)

Running the test with following options:
Number of threads: 1
Initializing random number generator from current time


Extra file open flags: (none)
64 files, 128MiB each
8GiB total file size
Block size 32KiB
Number of IO requests: 0
Read/Write ratio for combined random IO test: 1.50
Calling fsync() after each write operation.
Using synchronous I/O mode
Doing random read test
Initializing worker threads...

Threads started!


File operations:
    reads/s:                      231900.67
    writes/s:                     0.00
    fsyncs/s:                     0.00

Throughput:
    read, MiB/s:                  7246.90
    written, MiB/s:               0.00

General statistics:
    total time:                          240.0001s
    total number of events:              55656548

Latency (ms):
         min:                                    0.00
         avg:                                    0.00
         max:                                    0.09
         95th percentile:                        0.00
         sum:                               228177.74

Threads fairness:
    events (avg/stddev):           55656548.0000/0.00
    execution time (avg/stddev):   228.1777/0.00

sysbench 1.0.17 (using bundled LuaJIT 2.1.0-beta2)

Running the test with following options:
Number of threads: 4
Initializing random number generator from current time


Extra file open flags: (none)
64 files, 128MiB each
8GiB total file size
Block size 32KiB
Number of IO requests: 0
Read/Write ratio for combined random IO test: 1.50
Calling fsync() after each write operation.
Using synchronous I/O mode
Doing random read test
Initializing worker threads...

Threads started!


File operations:
    reads/s:                      616130.44
    writes/s:                     0.00
    fsyncs/s:                     0.00

Throughput:
    read, MiB/s:                  19254.08
    written, MiB/s:               0.00

General statistics:
    total time:                          240.0001s
    total number of events:              147872356

Latency (ms):
         min:                                    0.00
         avg:                                    0.01
         max:                                    0.26
         95th percentile:                        0.01
         sum:                               850557.52

Threads fairness:
    events (avg/stddev):           36968089.0000/567599.99
    execution time (avg/stddev):   212.6394/1.79

sysbench 1.0.17 (using bundled LuaJIT 2.1.0-beta2)

Running the test with following options:
Number of threads: 8
Initializing random number generator from current time


Extra file open flags: (none)
64 files, 128MiB each
8GiB total file size
Block size 32KiB
Number of IO requests: 0
Read/Write ratio for combined random IO test: 1.50
Calling fsync() after each write operation.
Using synchronous I/O mode
Doing random read test
Initializing worker threads...

Threads started!


File operations:
    reads/s:                      758125.11
    writes/s:                     0.00
    fsyncs/s:                     0.00

Throughput:
    read, MiB/s:                  23691.41
    written, MiB/s:               0.00

General statistics:
    total time:                          240.0001s
    total number of events:              181951411

Latency (ms):
         min:                                    0.00
         avg:                                    0.01
         max:                                   13.73
         95th percentile:                        0.01
         sum:                              1748447.76

Threads fairness:
    events (avg/stddev):           22743926.3750/84477.17
    execution time (avg/stddev):   218.5560/0.40

sysbench 1.0.17 (using bundled LuaJIT 2.1.0-beta2)

Running the test with following options:
Number of threads: 16
Initializing random number generator from current time


Extra file open flags: (none)
64 files, 128MiB each
8GiB total file size
Block size 32KiB
Number of IO requests: 0
Read/Write ratio for combined random IO test: 1.50
Calling fsync() after each write operation.
Using synchronous I/O mode
Doing random read test
Initializing worker threads...

Threads started!


File operations:
    reads/s:                      738748.79
    writes/s:                     0.00
    fsyncs/s:                     0.00

Throughput:
    read, MiB/s:                  23085.90
    written, MiB/s:               0.00

General statistics:
    total time:                          240.0001s
    total number of events:              177301017

Latency (ms):
         min:                                    0.00
         avg:                                    0.02
         max:                                   12.18
         95th percentile:                        0.04
         sum:                              2765525.64

Threads fairness:
    events (avg/stddev):           11081313.5625/76067.00
    execution time (avg/stddev):   172.8454/0.49

sysbench 1.0.17 (using bundled LuaJIT 2.1.0-beta2)

Running the test with following options:
Number of threads: 32
Initializing random number generator from current time


Extra file open flags: (none)
64 files, 128MiB each
8GiB total file size
Block size 32KiB
Number of IO requests: 0
Read/Write ratio for combined random IO test: 1.50
Calling fsync() after each write operation.
Using synchronous I/O mode
Doing random read test
Initializing worker threads...

Threads started!


File operations:
    reads/s:                      714186.56
    writes/s:                     0.00
    fsyncs/s:                     0.00

Throughput:
    read, MiB/s:                  22318.33
    written, MiB/s:               0.00

General statistics:
    total time:                          240.0002s
    total number of events:              171406108

Latency (ms):
         min:                                    0.00
         avg:                                    0.03
         max:                                    6.22
         95th percentile:                        0.11
         sum:                              4759392.21

Threads fairness:
    events (avg/stddev):           5356440.8750/16857.53
    execution time (avg/stddev):   148.7310/0.48

sysbench 1.0.17 (using bundled LuaJIT 2.1.0-beta2)

Running the test with following options:
Number of threads: 64
Initializing random number generator from current time


Extra file open flags: (none)
64 files, 128MiB each
8GiB total file size
Block size 32KiB
Number of IO requests: 0
Read/Write ratio for combined random IO test: 1.50
Calling fsync() after each write operation.
Using synchronous I/O mode
Doing random read test
Initializing worker threads...

Threads started!


File operations:
    reads/s:                      718356.85
    writes/s:                     0.00
    fsyncs/s:                     0.00

Throughput:
    read, MiB/s:                  22448.65
    written, MiB/s:               0.00

General statistics:
    total time:                          240.0003s
    total number of events:              172407075

Latency (ms):
         min:                                    0.00
         avg:                                    0.05
         max:                                   14.60
         95th percentile:                        0.30
         sum:                              8941059.35

Threads fairness:
    events (avg/stddev):           2693860.5469/11530.81
    execution time (avg/stddev):   139.7041/0.28

