sysbench 1.0.17 (using bundled LuaJIT 2.1.0-beta2)

Running the test with following options:
Number of threads: 1
Initializing random number generator from current time


Extra file open flags: (none)
64 files, 128MiB each
8GiB total file size
Block size 32KiB
Number of IO requests: 0
Read/Write ratio for combined random IO test: 1.50
Calling fsync() after each write operation.
Using synchronous I/O mode
Doing random read test
Initializing worker threads...

Threads started!


File operations:
    reads/s:                      760869.20
    writes/s:                     0.00
    fsyncs/s:                     0.00

Throughput:
    read, MiB/s:                  23777.16
    written, MiB/s:               0.00

General statistics:
    total time:                          240.0010s
    total number of events:              182610706

Latency (ms):
         min:                                    0.00
         avg:                                    0.01
         max:                                   46.44
         95th percentile:                        0.03
         sum:                              2725419.43

Threads fairness:
    events (avg/stddev):           11413169.1250/47914.11
    execution time (avg/stddev):   170.3387/0.42

sysbench 1.0.17 (using bundled LuaJIT 2.1.0-beta2)

Running the test with following options:
Number of threads: 32
Initializing random number generator from current time


Extra file open flags: (none)
64 files, 128MiB each
8GiB total file size
Block size 32KiB
Number of IO requests: 0
Read/Write ratio for combined random IO test: 1.50
Calling fsync() after each write operation.
Using synchronous I/O mode
Doing random read test
Initializing worker threads...

Threads started!


File operations:
    reads/s:                      136193.10
    writes/s:                     0.00
    fsyncs/s:                     0.00

Throughput:
    read, MiB/s:                  4256.03
    written, MiB/s:               0.00

General statistics:
    total time:                          240.0001s
    total number of events:              32686600

Latency (ms):
         min:                                    0.00
         avg:                                    0.01
         max:                                   13.53
         95th percentile:                        0.01
         sum:                               231092.59

Threads fairness:
    events (avg/stddev):           32686600.0000/0.00
    execution time (avg/stddev):   231.0926/0.00

sysbench 1.0.17 (using bundled LuaJIT 2.1.0-beta2)

Running the test with following options:
Number of threads: 4
Initializing random number generator from current time


Extra file open flags: (none)
64 files, 128MiB each
8GiB total file size
Block size 32KiB
Number of IO requests: 0
Read/Write ratio for combined random IO test: 1.50
Calling fsync() after each write operation.
Using synchronous I/O mode
Doing random read test
Initializing worker threads...

Threads started!


File operations:
    reads/s:                      830832.26
    writes/s:                     0.00
    fsyncs/s:                     0.00

Throughput:
    read, MiB/s:                  25963.51
    written, MiB/s:               0.00

General statistics:
    total time:                          240.0018s
    total number of events:              199402587

Latency (ms):
         min:                                    0.00
         avg:                                    0.02
         max:                                   36.56
         95th percentile:                        0.09
         sum:                              4677118.71

Threads fairness:
    events (avg/stddev):           6231330.8438/45610.82
    execution time (avg/stddev):   146.1600/0.44

sysbench 1.0.17 (using bundled LuaJIT 2.1.0-beta2)

Running the test with following options:
Number of threads: 64
Initializing random number generator from current time


Extra file open flags: (none)
64 files, 128MiB each
8GiB total file size
Block size 32KiB
Number of IO requests: 0
Read/Write ratio for combined random IO test: 1.50
Calling fsync() after each write operation.
Using synchronous I/O mode
Doing random read test
Initializing worker threads...

Threads started!


File operations:
    reads/s:                      248389.46
    writes/s:                     0.00
    fsyncs/s:                     0.00

Throughput:
    read, MiB/s:                  7762.17
    written, MiB/s:               0.00

General statistics:
    total time:                          240.0199s
    total number of events:              59618780

Latency (ms):
         min:                                    0.00
         avg:                                    0.02
         max:                                   62.57
         95th percentile:                        0.01
         sum:                               912674.68

Threads fairness:
    events (avg/stddev):           14904695.0000/163901.71
    execution time (avg/stddev):   228.1687/0.27

sysbench 1.0.17 (using bundled LuaJIT 2.1.0-beta2)

Running the test with following options:
Number of threads: 8
Initializing random number generator from current time


Extra file open flags: (none)
64 files, 128MiB each
8GiB total file size
Block size 32KiB
Number of IO requests: 0
Read/Write ratio for combined random IO test: 1.50
Calling fsync() after each write operation.
Using synchronous I/O mode
Doing random read test
Initializing worker threads...

Threads started!


File operations:
    reads/s:                      833810.07
    writes/s:                     0.00
    fsyncs/s:                     0.00

Throughput:
    read, MiB/s:                  26056.56
    written, MiB/s:               0.00

General statistics:
    total time:                          240.0007s
    total number of events:              200116355

Latency (ms):
         min:                                    0.00
         avg:                                    0.04
         max:                                   71.93
         95th percentile:                        0.22
         sum:                              8834555.48

Threads fairness:
    events (avg/stddev):           3126818.0469/19346.24
    execution time (avg/stddev):   138.0399/0.26


File operations:
    reads/s:                      470618.32
    writes/s:                     0.00
    fsyncs/s:                     0.00

Throughput:
    read, MiB/s:                  14706.82
    written, MiB/s:               0.00

General statistics:
    total time:                          240.0046s
    total number of events:              112951263

Latency (ms):
         min:                                    0.00
         avg:                                    0.01
         max:                                  104.02
         95th percentile:                        0.01
         sum:                              1652657.88

Threads fairness:
    events (avg/stddev):           14118907.8750/594441.31
    execution time (avg/stddev):   206.5822/1.16

sysbench 1.0.17 (using bundled LuaJIT 2.1.0-beta2)

Running the test with following options:
Number of threads: 16
Initializing random number generator from current time


Extra file open flags: (none)
64 files, 128MiB each
8GiB total file size
Block size 32KiB
Number of IO requests: 0
Read/Write ratio for combined random IO test: 1.50
Calling fsync() after each write operation.
Using synchronous I/O mode
Doing random read test
Initializing worker threads...

Threads started!


File operations:
    reads/s:                      809861.85
    writes/s:                     0.00
    fsyncs/s:                     0.00

Throughput:
    read, MiB/s:                  25308.18
    written, MiB/s:               0.00

General statistics:
    total time:                          240.0002s
    total number of events:              194368276

Latency (ms):
         min:                                    0.00
         avg:                                    0.01
         max:                                   49.98
         95th percentile:                        0.03
         sum:                              2591726.77

Threads fairness:
    events (avg/stddev):           12148017.2500/45217.52
    execution time (avg/stddev):   161.9829/0.59

sysbench 1.0.17 (using bundled LuaJIT 2.1.0-beta2)

Running the test with following options:
Number of threads: 32
Initializing random number generator from current time


Extra file open flags: (none)
64 files, 128MiB each
8GiB total file size
Block size 32KiB
Number of IO requests: 0
Read/Write ratio for combined random IO test: 1.50
Calling fsync() after each write operation.
Using synchronous I/O mode
Doing random read test
Initializing worker threads...

Threads started!


File operations:
    reads/s:                      827340.63
    writes/s:                     0.00
    fsyncs/s:                     0.00

Throughput:
    read, MiB/s:                  25854.39
    written, MiB/s:               0.00

General statistics:
    total time:                          240.0004s
    total number of events:              198563375

Latency (ms):
         min:                                    0.00
         avg:                                    0.02
         max:                                   64.82
         95th percentile:                        0.10
         sum:                              4664252.93

Threads fairness:
    events (avg/stddev):           6205105.4688/20785.77
    execution time (avg/stddev):   145.7579/0.39

sysbench 1.0.17 (using bundled LuaJIT 2.1.0-beta2)

Running the test with following options:
Number of threads: 64
Initializing random number generator from current time


Extra file open flags: (none)
64 files, 128MiB each
8GiB total file size
Block size 32KiB
Number of IO requests: 0
Read/Write ratio for combined random IO test: 1.50
Calling fsync() after each write operation.
Using synchronous I/O mode
Doing random read test
Initializing worker threads...

Threads started!


File operations:
    reads/s:                      834553.16
    writes/s:                     0.00
    fsyncs/s:                     0.00

Throughput:
    read, MiB/s:                  26079.79
    written, MiB/s:               0.00

General statistics:
    total time:                          240.0005s
    total number of events:              200294513

Latency (ms):
         min:                                    0.00
         avg:                                    0.04
         max:                                  187.72
         95th percentile:                        0.25
         sum:                              8997478.21

Threads fairness:
    events (avg/stddev):           3129601.7656/9819.28
    execution time (avg/stddev):   140.5856/0.19

