sysbench 1.0.17 (using bundled LuaJIT 2.1.0-beta2)

Running the test with following options:
Number of threads: 1
Initializing random number generator from current time


Extra file open flags: (none)
64 files, 128MiB each
8GiB total file size
Block size 32KiB
Number of IO requests: 0
Read/Write ratio for combined random IO test: 1.50
Calling fsync() after each write operation.
Using synchronous I/O mode
Doing random write test
Initializing worker threads...

Threads started!


File operations:
    reads/s:                      0.00
    writes/s:                     2061.82
    fsyncs/s:                     2061.82

Throughput:
    read, MiB/s:                  0.00
    written, MiB/s:               64.43

General statistics:
    total time:                          240.0003s
    total number of events:              494842

Latency (ms):
         min:                                    0.06
         avg:                                    0.48
         max:                                  157.88
         95th percentile:                        0.97
         sum:                               239446.23

Threads fairness:
    events (avg/stddev):           494842.0000/0.00
    execution time (avg/stddev):   239.4462/0.00

sysbench 1.0.17 (using bundled LuaJIT 2.1.0-beta2)

Running the test with following options:
Number of threads: 4
Initializing random number generator from current time


Extra file open flags: (none)
64 files, 128MiB each
8GiB total file size
Block size 32KiB
Number of IO requests: 0
Read/Write ratio for combined random IO test: 1.50
Calling fsync() after each write operation.
Using synchronous I/O mode
Doing random write test
Initializing worker threads...

Threads started!


File operations:
    reads/s:                      0.00
    writes/s:                     4058.56
    fsyncs/s:                     4058.56

Throughput:
    read, MiB/s:                  0.00
    written, MiB/s:               126.83

General statistics:
    total time:                          240.0161s
    total number of events:              974127

Latency (ms):
         min:                                    0.04
         avg:                                    0.98
         max:                                  213.30
         95th percentile:                        1.55
         sum:                               958892.50

Threads fairness:
    events (avg/stddev):           243531.7500/164.12
    execution time (avg/stddev):   239.7231/0.01

sysbench 1.0.17 (using bundled LuaJIT 2.1.0-beta2)

Running the test with following options:
Number of threads: 8
Initializing random number generator from current time


Extra file open flags: (none)
64 files, 128MiB each
8GiB total file size
Block size 32KiB
Number of IO requests: 0
Read/Write ratio for combined random IO test: 1.50
Calling fsync() after each write operation.
Using synchronous I/O mode
Doing random write test
Initializing worker threads...

Threads started!

