sysbench 1.0.17 (using bundled LuaJIT 2.1.0-beta2)

Running the test with following options:
Number of threads: 1
Initializing random number generator from current time


Extra file open flags: (none)
64 files, 128MiB each
8GiB total file size
Block size 32KiB
Number of IO requests: 0
Read/Write ratio for combined random IO test: 1.50
Calling fsync() after each write operation.
Using synchronous I/O mode
Doing random read test
Initializing worker threads...

Threads started!


File operations:
    reads/s:                      199491.71
    writes/s:                     0.00
    fsyncs/s:                     0.00

Throughput:
    read, MiB/s:                  6234.12
    written, MiB/s:               0.00

General statistics:
    total time:                          240.0001s
    total number of events:              47878307

Latency (ms):
         min:                                    0.00
         avg:                                    0.00
         max:                                    0.05
         95th percentile:                        0.01
         sum:                               228695.33

Threads fairness:
    events (avg/stddev):           47878307.0000/0.00
    execution time (avg/stddev):   228.6953/0.00

sysbench 1.0.17 (using bundled LuaJIT 2.1.0-beta2)

Running the test with following options:
Number of threads: 4
Initializing random number generator from current time


Extra file open flags: (none)
64 files, 128MiB each
8GiB total file size
Block size 32KiB
Number of IO requests: 0
Read/Write ratio for combined random IO test: 1.50
Calling fsync() after each write operation.
Using synchronous I/O mode
Doing random read test
Initializing worker threads...

Threads started!


File operations:
    reads/s:                      640985.79
    writes/s:                     0.00
    fsyncs/s:                     0.00

Throughput:
    read, MiB/s:                  20030.81
    written, MiB/s:               0.00

General statistics:
    total time:                          240.0001s
    total number of events:              153837541

Latency (ms):
         min:                                    0.00
         avg:                                    0.01
         max:                                    0.14
         95th percentile:                        0.01
         sum:                               866203.10

Threads fairness:
    events (avg/stddev):           38459385.2500/1261685.84
    execution time (avg/stddev):   216.5508/0.18

sysbench 1.0.17 (using bundled LuaJIT 2.1.0-beta2)

Running the test with following options:
Number of threads: 8
Initializing random number generator from current time


Extra file open flags: (none)
64 files, 128MiB each
8GiB total file size
Block size 32KiB
Number of IO requests: 0
Read/Write ratio for combined random IO test: 1.50
Calling fsync() after each write operation.
Using synchronous I/O mode
Doing random read test
Initializing worker threads...

Threads started!


File operations:
    reads/s:                      946130.88
    writes/s:                     0.00
    fsyncs/s:                     0.00

Throughput:
    read, MiB/s:                  29566.59
    written, MiB/s:               0.00

General statistics:
    total time:                          240.0000s
    total number of events:              227072916

Latency (ms):
         min:                                    0.00
         avg:                                    0.01
         max:                                    0.32
         95th percentile:                        0.01
         sum:                              1580732.55

Threads fairness:
    events (avg/stddev):           28384114.5000/523129.95
    execution time (avg/stddev):   197.5916/1.59

sysbench 1.0.17 (using bundled LuaJIT 2.1.0-beta2)

Running the test with following options:
Number of threads: 16
Initializing random number generator from current time


Extra file open flags: (none)
64 files, 128MiB each
8GiB total file size
Block size 32KiB
Number of IO requests: 0
Read/Write ratio for combined random IO test: 1.50
Calling fsync() after each write operation.
Using synchronous I/O mode
Doing random read test
Initializing worker threads...

Threads started!


File operations:
    reads/s:                      933611.96
    writes/s:                     0.00
    fsyncs/s:                     0.00

Throughput:
    read, MiB/s:                  29175.37
    written, MiB/s:               0.00

General statistics:
    total time:                          240.0001s
    total number of events:              224068317

Latency (ms):
         min:                                    0.00
         avg:                                    0.01
         max:                                    3.93
         95th percentile:                        0.03
         sum:                              2630458.16

Threads fairness:
    events (avg/stddev):           14004269.8125/18597.78
    execution time (avg/stddev):   164.4036/0.12

sysbench 1.0.17 (using bundled LuaJIT 2.1.0-beta2)

Running the test with following options:
Number of threads: 32
Initializing random number generator from current time


Extra file open flags: (none)
64 files, 128MiB each
8GiB total file size
Block size 32KiB
Number of IO requests: 0
Read/Write ratio for combined random IO test: 1.50
Calling fsync() after each write operation.
Using synchronous I/O mode
Doing random read test
Initializing worker threads...

Threads started!


File operations:
    reads/s:                      876732.37
    writes/s:                     0.00
    fsyncs/s:                     0.00

Throughput:
    read, MiB/s:                  27397.89
    written, MiB/s:               0.00

General statistics:
    total time:                          240.0001s
    total number of events:              210417145

Latency (ms):
         min:                                    0.00
         avg:                                    0.02
         max:                                    1.42
         95th percentile:                        0.09
         sum:                              4567071.50

Threads fairness:
    events (avg/stddev):           6575535.7812/6856.76
    execution time (avg/stddev):   142.7210/0.10

sysbench 1.0.17 (using bundled LuaJIT 2.1.0-beta2)

Running the test with following options:
Number of threads: 64
Initializing random number generator from current time


Extra file open flags: (none)
64 files, 128MiB each
8GiB total file size
Block size 32KiB
Number of IO requests: 0
Read/Write ratio for combined random IO test: 1.50
Calling fsync() after each write operation.
Using synchronous I/O mode
Doing random read test
Initializing worker threads...

Threads started!


File operations:
    reads/s:                      944153.09
    writes/s:                     0.00
    fsyncs/s:                     0.00

Throughput:
    read, MiB/s:                  29504.78
    written, MiB/s:               0.00

General statistics:
    total time:                          240.0002s
    total number of events:              226598335

Latency (ms):
         min:                                    0.00
         avg:                                    0.04
         max:                                   42.06
         95th percentile:                        0.22
         sum:                              8622251.57

Threads fairness:
    events (avg/stddev):           3540598.9844/9425.36
    execution time (avg/stddev):   134.7227/0.17

