sysbench 1.0.17 (using bundled LuaJIT 2.1.0-beta2)

Running the test with following options:
Number of threads: 1
Initializing random number generator from current time


Extra file open flags: (none)
64 files, 128MiB each
8GiB total file size
Block size 32KiB
Number of IO requests: 0
Read/Write ratio for combined random IO test: 1.50
Calling fsync() after each write operation.
Using synchronous I/O mode
Doing random write test
Initializing worker threads...

Threads started!


File operations:
    reads/s:                      0.00
    writes/s:                     6559.28
    fsyncs/s:                     6559.28

Throughput:
    read, MiB/s:                  0.00
    written, MiB/s:               204.98

General statistics:
    total time:                          240.0001s
    total number of events:              1574236

Latency (ms):
         min:                                    0.07
         avg:                                    0.15
         max:                                    0.88
         95th percentile:                        0.18
         sum:                               239350.01

Threads fairness:
    events (avg/stddev):           1574236.0000/0.00
    execution time (avg/stddev):   239.3500/0.00

sysbench 1.0.17 (using bundled LuaJIT 2.1.0-beta2)

Running the test with following options:
Number of threads: 4
Initializing random number generator from current time


Extra file open flags: (none)
64 files, 128MiB each
8GiB total file size
Block size 32KiB
Number of IO requests: 0
Read/Write ratio for combined random IO test: 1.50
Calling fsync() after each write operation.
Using synchronous I/O mode
Doing random write test
Initializing worker threads...

Threads started!


File operations:
    reads/s:                      0.00
    writes/s:                     9352.69
    fsyncs/s:                     9352.69

Throughput:
    read, MiB/s:                  0.00
    written, MiB/s:               292.27

General statistics:
    total time:                          240.0005s
    total number of events:              2244664

Latency (ms):
         min:                                    0.07
         avg:                                    0.43
         max:                                    1.04
         95th percentile:                        0.63
         sum:                               958527.55

Threads fairness:
    events (avg/stddev):           561166.0000/209.65
    execution time (avg/stddev):   239.6319/0.00

sysbench 1.0.17 (using bundled LuaJIT 2.1.0-beta2)

Running the test with following options:
Number of threads: 8
Initializing random number generator from current time


Extra file open flags: (none)
64 files, 128MiB each
8GiB total file size
Block size 32KiB
Number of IO requests: 0
Read/Write ratio for combined random IO test: 1.50
Calling fsync() after each write operation.
Using synchronous I/O mode
Doing random write test
Initializing worker threads...

Threads started!


File operations:
    reads/s:                      0.00
    writes/s:                     9710.48
    fsyncs/s:                     9710.48

Throughput:
    read, MiB/s:                  0.00
    written, MiB/s:               303.45

General statistics:
    total time:                          240.0006s
    total number of events:              2330534

Latency (ms):
         min:                                    0.07
         avg:                                    0.82
         max:                                    3.46
         95th percentile:                        1.25
         sum:                              1916873.85

Threads fairness:
    events (avg/stddev):           291316.7500/114.04
    execution time (avg/stddev):   239.6092/0.00

sysbench 1.0.17 (using bundled LuaJIT 2.1.0-beta2)

Running the test with following options:
Number of threads: 16
Initializing random number generator from current time


Extra file open flags: (none)
64 files, 128MiB each
8GiB total file size
Block size 32KiB
Number of IO requests: 0
Read/Write ratio for combined random IO test: 1.50
Calling fsync() after each write operation.
Using synchronous I/O mode
Doing random write test
Initializing worker threads...

Threads started!


File operations:
    reads/s:                      0.00
    writes/s:                     9996.01
    fsyncs/s:                     9996.01

Throughput:
    read, MiB/s:                  0.00
    written, MiB/s:               312.38

General statistics:
    total time:                          240.0011s
    total number of events:              2399068

Latency (ms):
         min:                                    0.07
         avg:                                    1.60
         max:                                    3.96
         95th percentile:                        2.30
         sum:                              3835085.59

Threads fairness:
    events (avg/stddev):           149941.7500/96.10
    execution time (avg/stddev):   239.6928/0.00

sysbench 1.0.17 (using bundled LuaJIT 2.1.0-beta2)

Running the test with following options:
Number of threads: 32
Initializing random number generator from current time


Extra file open flags: (none)
64 files, 128MiB each
8GiB total file size
Block size 32KiB
Number of IO requests: 0
Read/Write ratio for combined random IO test: 1.50
Calling fsync() after each write operation.
Using synchronous I/O mode
Doing random write test
Initializing worker threads...

Threads started!


File operations:
    reads/s:                      0.00
    writes/s:                     10217.07
    fsyncs/s:                     10217.07

Throughput:
    read, MiB/s:                  0.00
    written, MiB/s:               319.28

General statistics:
    total time:                          240.0013s
    total number of events:              2452123

Latency (ms):
         min:                                    0.08
         avg:                                    3.13
         max:                                   25.96
         95th percentile:                        4.25
         sum:                              7673086.81

Threads fairness:
    events (avg/stddev):           76628.8438/71.70
    execution time (avg/stddev):   239.7840/0.00

sysbench 1.0.17 (using bundled LuaJIT 2.1.0-beta2)

Running the test with following options:
Number of threads: 64
Initializing random number generator from current time


Extra file open flags: (none)
64 files, 128MiB each
8GiB total file size
Block size 32KiB
Number of IO requests: 0
Read/Write ratio for combined random IO test: 1.50
Calling fsync() after each write operation.
Using synchronous I/O mode
Doing random write test
Initializing worker threads...

Threads started!


File operations:
    reads/s:                      0.00
    writes/s:                     10402.66
    fsyncs/s:                     10402.66

Throughput:
    read, MiB/s:                  0.00
    written, MiB/s:               325.08

General statistics:
    total time:                          240.0039s
    total number of events:              2496693

Latency (ms):
         min:                                    0.10
         avg:                                    6.15
         max:                                   35.76
         95th percentile:                        7.30
         sum:                             15348313.11

Threads fairness:
    events (avg/stddev):           39010.8281/25.42
    execution time (avg/stddev):   239.8174/0.00

