sysbench 1.0.17 (using bundled LuaJIT 2.1.0-beta2)

Running the test with following options:
Number of threads: 1
Initializing random number generator from current time


Extra file open flags: (none)
64 files, 128MiB each
8GiB total file size
Block size 32KiB
Number of IO requests: 0
Read/Write ratio for combined random IO test: 1.50
Calling fsync() after each write operation.
Using synchronous I/O mode
Doing random read test
Initializing worker threads...

Threads started!


File operations:
    reads/s:                      147880.47
    writes/s:                     0.00
    fsyncs/s:                     0.00

Throughput:
    read, MiB/s:                  4621.26
    written, MiB/s:               0.00

General statistics:
    total time:                          240.0002s
    total number of events:              35491666

Latency (ms):
         min:                                    0.00
         avg:                                    0.01
         max:                                    9.10
         95th percentile:                        0.01
         sum:                               229578.88

Threads fairness:
    events (avg/stddev):           35491666.0000/0.00
    execution time (avg/stddev):   229.5789/0.00

sysbench 1.0.17 (using bundled LuaJIT 2.1.0-beta2)

Running the test with following options:
Number of threads: 4
Initializing random number generator from current time


Extra file open flags: (none)
64 files, 128MiB each
8GiB total file size
Block size 32KiB
Number of IO requests: 0
Read/Write ratio for combined random IO test: 1.50
Calling fsync() after each write operation.
Using synchronous I/O mode
Doing random read test
Initializing worker threads...

Threads started!


File operations:
    reads/s:                      532653.99
    writes/s:                     0.00
    fsyncs/s:                     0.00

Throughput:
    read, MiB/s:                  16645.44
    written, MiB/s:               0.00

General statistics:
    total time:                          240.0001s
    total number of events:              127838271

Latency (ms):
         min:                                    0.00
         avg:                                    0.01
         max:                                    9.08
         95th percentile:                        0.01
         sum:                               895444.06

Threads fairness:
    events (avg/stddev):           31959567.7500/81090.90
    execution time (avg/stddev):   223.8610/0.26

sysbench 1.0.17 (using bundled LuaJIT 2.1.0-beta2)

Running the test with following options:
Number of threads: 8
Initializing random number generator from current time


Extra file open flags: (none)
64 files, 128MiB each
8GiB total file size
Block size 32KiB
Number of IO requests: 0
Read/Write ratio for combined random IO test: 1.50
Calling fsync() after each write operation.
Using synchronous I/O mode
Doing random read test
Initializing worker threads...

Threads started!


File operations:
    reads/s:                      910581.61
    writes/s:                     0.00
    fsyncs/s:                     0.00

Throughput:
    read, MiB/s:                  28455.68
    written, MiB/s:               0.00

General statistics:
    total time:                          240.0005s
    total number of events:              218542572

Latency (ms):
         min:                                    0.00
         avg:                                    0.01
         max:                                    9.47
         95th percentile:                        0.01
         sum:                              1707416.46

Threads fairness:
    events (avg/stddev):           27317821.5000/91185.89
    execution time (avg/stddev):   213.4271/0.18

sysbench 1.0.17 (using bundled LuaJIT 2.1.0-beta2)

Running the test with following options:
Number of threads: 16
Initializing random number generator from current time


Extra file open flags: (none)
64 files, 128MiB each
8GiB total file size
Block size 32KiB
Number of IO requests: 0
Read/Write ratio for combined random IO test: 1.50
Calling fsync() after each write operation.
Using synchronous I/O mode
Doing random read test
Initializing worker threads...

Threads started!


File operations:
    reads/s:                      940733.98
    writes/s:                     0.00
    fsyncs/s:                     0.00

Throughput:
    read, MiB/s:                  29397.94
    written, MiB/s:               0.00

General statistics:
    total time:                          240.0002s
    total number of events:              225778430

Latency (ms):
         min:                                    0.00
         avg:                                    0.01
         max:                                   42.52
         95th percentile:                        0.03
         sum:                              3095436.51

Threads fairness:
    events (avg/stddev):           14111151.8750/40129.38
    execution time (avg/stddev):   193.4648/0.21

sysbench 1.0.17 (using bundled LuaJIT 2.1.0-beta2)

Running the test with following options:
Number of threads: 32
Initializing random number generator from current time


Extra file open flags: (none)
64 files, 128MiB each
8GiB total file size
Block size 32KiB
Number of IO requests: 0
Read/Write ratio for combined random IO test: 1.50
Calling fsync() after each write operation.
Using synchronous I/O mode
Doing random read test
Initializing worker threads...

Threads started!


File operations:
    reads/s:                      939407.18
    writes/s:                     0.00
    fsyncs/s:                     0.00

Throughput:
    read, MiB/s:                  29356.47
    written, MiB/s:               0.00

General statistics:
    total time:                          240.0003s
    total number of events:              225459941

Latency (ms):
         min:                                    0.00
         avg:                                    0.02
         max:                                   24.35
         95th percentile:                        0.05
         sum:                              5084494.56

Threads fairness:
    events (avg/stddev):           7045623.1562/11804.87
    execution time (avg/stddev):   158.8905/0.14

sysbench 1.0.17 (using bundled LuaJIT 2.1.0-beta2)

Running the test with following options:
Number of threads: 64
Initializing random number generator from current time


Extra file open flags: (none)
64 files, 128MiB each
8GiB total file size
Block size 32KiB
Number of IO requests: 0
Read/Write ratio for combined random IO test: 1.50
Calling fsync() after each write operation.
Using synchronous I/O mode
Doing random read test
Initializing worker threads...

Threads started!


File operations:
    reads/s:                      916235.90
    writes/s:                     0.00
    fsyncs/s:                     0.00

Throughput:
    read, MiB/s:                  28632.37
    written, MiB/s:               0.00

General statistics:
    total time:                          240.0005s
    total number of events:              219898851

Latency (ms):
         min:                                    0.00
         avg:                                    0.04
         max:                                   46.62
         95th percentile:                        0.13
         sum:                              8995650.11

Threads fairness:
    events (avg/stddev):           3435919.5469/8333.28
    execution time (avg/stddev):   140.5570/0.23

