sysbench 1.0.17 (using bundled LuaJIT 2.1.0-beta2)

Running the test with following options:
Number of threads: 1
Initializing random number generator from current time


Extra file open flags: (none)
64 files, 128MiB each
8GiB total file size
Block size 32KiB
Number of IO requests: 0
Read/Write ratio for combined random IO test: 1.50
Calling fsync() after each write operation.
Using synchronous I/O mode
Doing random read test
Initializing worker threads...

Threads started!


File operations:
    reads/s:                      215251.27
    writes/s:                     0.00
    fsyncs/s:                     0.00

Throughput:
    read, MiB/s:                  6726.60
    written, MiB/s:               0.00

General statistics:
    total time:                          240.0000s
    total number of events:              51660618

Latency (ms):
         min:                                    0.00
         avg:                                    0.00
         max:                                    0.04
         95th percentile:                        0.01
         sum:                               228300.98

Threads fairness:
    events (avg/stddev):           51660618.0000/0.00
    execution time (avg/stddev):   228.3010/0.00

sysbench 1.0.17 (using bundled LuaJIT 2.1.0-beta2)

Running the test with following options:
Number of threads: 4
Initializing random number generator from current time


Extra file open flags: (none)
64 files, 128MiB each
8GiB total file size
Block size 32KiB
Number of IO requests: 0
Read/Write ratio for combined random IO test: 1.50
Calling fsync() after each write operation.
Using synchronous I/O mode
Doing random read test
Initializing worker threads...

Threads started!


File operations:
    reads/s:                      729574.32
    writes/s:                     0.00
    fsyncs/s:                     0.00

Throughput:
    read, MiB/s:                  22799.20
    written, MiB/s:               0.00

General statistics:
    total time:                          240.0000s
    total number of events:              175098897

Latency (ms):
         min:                                    0.00
         avg:                                    0.00
         max:                                    0.07
         95th percentile:                        0.01
         sum:                               871952.97

Threads fairness:
    events (avg/stddev):           43774724.2500/480440.03
    execution time (avg/stddev):   217.9882/0.09

sysbench 1.0.17 (using bundled LuaJIT 2.1.0-beta2)

Running the test with following options:
Number of threads: 8
Initializing random number generator from current time


Extra file open flags: (none)
64 files, 128MiB each
8GiB total file size
Block size 32KiB
Number of IO requests: 0
Read/Write ratio for combined random IO test: 1.50
Calling fsync() after each write operation.
Using synchronous I/O mode
Doing random read test
Initializing worker threads...

Threads started!


File operations:
    reads/s:                      1153644.72
    writes/s:                     0.00
    fsyncs/s:                     0.00

Throughput:
    read, MiB/s:                  36051.40
    written, MiB/s:               0.00

General statistics:
    total time:                          240.0000s
    total number of events:              276876505

Latency (ms):
         min:                                    0.00
         avg:                                    0.01
         max:                                    0.23
         95th percentile:                        0.01
         sum:                              1613026.38

Threads fairness:
    events (avg/stddev):           34609563.1250/1080902.60
    execution time (avg/stddev):   201.6283/0.92

sysbench 1.0.17 (using bundled LuaJIT 2.1.0-beta2)

Running the test with following options:
Number of threads: 16
Initializing random number generator from current time


Extra file open flags: (none)
64 files, 128MiB each
8GiB total file size
Block size 32KiB
Number of IO requests: 0
Read/Write ratio for combined random IO test: 1.50
Calling fsync() after each write operation.
Using synchronous I/O mode
Doing random read test
Initializing worker threads...

Threads started!


File operations:
    reads/s:                      1140873.04
    writes/s:                     0.00
    fsyncs/s:                     0.00

Throughput:
    read, MiB/s:                  35652.28
    written, MiB/s:               0.00

General statistics:
    total time:                          240.0001s
    total number of events:              273811331

Latency (ms):
         min:                                    0.00
         avg:                                    0.01
         max:                                    3.60
         95th percentile:                        0.02
         sum:                              2705756.58

Threads fairness:
    events (avg/stddev):           17113208.1875/27032.04
    execution time (avg/stddev):   169.1098/0.19

sysbench 1.0.17 (using bundled LuaJIT 2.1.0-beta2)

Running the test with following options:
Number of threads: 32
Initializing random number generator from current time


Extra file open flags: (none)
64 files, 128MiB each
8GiB total file size
Block size 32KiB
Number of IO requests: 0
Read/Write ratio for combined random IO test: 1.50
Calling fsync() after each write operation.
Using synchronous I/O mode
Doing random read test
Initializing worker threads...

Threads started!


File operations:
    reads/s:                      1139937.04
    writes/s:                     0.00
    fsyncs/s:                     0.00

Throughput:
    read, MiB/s:                  35623.03
    written, MiB/s:               0.00

General statistics:
    total time:                          240.0001s
    total number of events:              273586724

Latency (ms):
         min:                                    0.00
         avg:                                    0.02
         max:                                   12.83
         95th percentile:                        0.07
         sum:                              4709082.20

Threads fairness:
    events (avg/stddev):           8549585.1250/8809.48
    execution time (avg/stddev):   147.1588/0.10

sysbench 1.0.17 (using bundled LuaJIT 2.1.0-beta2)

Running the test with following options:
Number of threads: 64
Initializing random number generator from current time


Extra file open flags: (none)
64 files, 128MiB each
8GiB total file size
Block size 32KiB
Number of IO requests: 0
Read/Write ratio for combined random IO test: 1.50
Calling fsync() after each write operation.
Using synchronous I/O mode
Doing random read test
Initializing worker threads...

Threads started!


File operations:
    reads/s:                      1134085.92
    writes/s:                     0.00
    fsyncs/s:                     0.00

Throughput:
    read, MiB/s:                  35440.19
    written, MiB/s:               0.00

General statistics:
    total time:                          240.0002s
    total number of events:              272182507

Latency (ms):
         min:                                    0.00
         avg:                                    0.03
         max:                                   10.44
         95th percentile:                        0.19
         sum:                              8716120.68

Threads fairness:
    events (avg/stddev):           4252851.6719/14969.91
    execution time (avg/stddev):   136.1894/0.12

