sysbench 1.0.17 (using bundled LuaJIT 2.1.0-beta2)

Running the test with following options:
Number of threads: 1
Initializing random number generator from current time


Extra file open flags: (none)
64 files, 128MiB each
8GiB total file size
Block size 32KiB
Number of IO requests: 0
Read/Write ratio for combined random IO test: 1.50
Calling fsync() after each write operation.
Using synchronous I/O mode
Doing random read test
Initializing worker threads...

Threads started!


File operations:
    reads/s:                      237005.71
    writes/s:                     0.00
    fsyncs/s:                     0.00

Throughput:
    read, MiB/s:                  7406.43
    written, MiB/s:               0.00

General statistics:
    total time:                          240.0001s
    total number of events:              56881739

Latency (ms):
         min:                                    0.00
         avg:                                    0.00
         max:                                    0.12
         95th percentile:                        0.00
         sum:                               227781.45

Threads fairness:
    events (avg/stddev):           56881739.0000/0.00
    execution time (avg/stddev):   227.7815/0.00

sysbench 1.0.17 (using bundled LuaJIT 2.1.0-beta2)

Running the test with following options:
Number of threads: 4
Initializing random number generator from current time


Extra file open flags: (none)
64 files, 128MiB each
8GiB total file size
Block size 32KiB
Number of IO requests: 0
Read/Write ratio for combined random IO test: 1.50
Calling fsync() after each write operation.
Using synchronous I/O mode
Doing random read test
Initializing worker threads...

Threads started!


File operations:
    reads/s:                      658095.44
    writes/s:                     0.00
    fsyncs/s:                     0.00

Throughput:
    read, MiB/s:                  20565.48
    written, MiB/s:               0.00

General statistics:
    total time:                          240.0001s
    total number of events:              157944074

Latency (ms):
         min:                                    0.00
         avg:                                    0.01
         max:                                    0.27
         95th percentile:                        0.01
         sum:                               851193.12

Threads fairness:
    events (avg/stddev):           39486018.5000/620477.93
    execution time (avg/stddev):   212.7983/0.73

sysbench 1.0.17 (using bundled LuaJIT 2.1.0-beta2)

Running the test with following options:
Number of threads: 8
Initializing random number generator from current time


Extra file open flags: (none)
64 files, 128MiB each
8GiB total file size
Block size 32KiB
Number of IO requests: 0
Read/Write ratio for combined random IO test: 1.50
Calling fsync() after each write operation.
Using synchronous I/O mode
Doing random read test
Initializing worker threads...

Threads started!


File operations:
    reads/s:                      833589.30
    writes/s:                     0.00
    fsyncs/s:                     0.00

Throughput:
    read, MiB/s:                  26049.67
    written, MiB/s:               0.00

General statistics:
    total time:                          240.0001s
    total number of events:              200062872

Latency (ms):
         min:                                    0.00
         avg:                                    0.01
         max:                                   13.64
         95th percentile:                        0.01
         sum:                              1748632.17

Threads fairness:
    events (avg/stddev):           25007859.0000/70144.29
    execution time (avg/stddev):   218.5790/0.39

sysbench 1.0.17 (using bundled LuaJIT 2.1.0-beta2)

Running the test with following options:
Number of threads: 16
Initializing random number generator from current time


Extra file open flags: (none)
64 files, 128MiB each
8GiB total file size
Block size 32KiB
Number of IO requests: 0
Read/Write ratio for combined random IO test: 1.50
Calling fsync() after each write operation.
Using synchronous I/O mode
Doing random read test
Initializing worker threads...

Threads started!


File operations:
    reads/s:                      801093.78
    writes/s:                     0.00
    fsyncs/s:                     0.00

Throughput:
    read, MiB/s:                  25034.18
    written, MiB/s:               0.00

General statistics:
    total time:                          240.0001s
    total number of events:              192263882

Latency (ms):
         min:                                    0.00
         avg:                                    0.01
         max:                                   11.71
         95th percentile:                        0.03
         sum:                              2719308.19

Threads fairness:
    events (avg/stddev):           12016492.6250/114591.06
    execution time (avg/stddev):   169.9568/0.87

sysbench 1.0.17 (using bundled LuaJIT 2.1.0-beta2)

Running the test with following options:
Number of threads: 32
Initializing random number generator from current time


Extra file open flags: (none)
64 files, 128MiB each
8GiB total file size
Block size 32KiB
Number of IO requests: 0
Read/Write ratio for combined random IO test: 1.50
Calling fsync() after each write operation.
Using synchronous I/O mode
Doing random read test
Initializing worker threads...

Threads started!


File operations:
    reads/s:                      779475.01
    writes/s:                     0.00
    fsyncs/s:                     0.00

Throughput:
    read, MiB/s:                  24358.59
    written, MiB/s:               0.00

General statistics:
    total time:                          240.0002s
    total number of events:              187075452

Latency (ms):
         min:                                    0.00
         avg:                                    0.03
         max:                                   14.14
         95th percentile:                        0.10
         sum:                              4727631.21

Threads fairness:
    events (avg/stddev):           5846107.8750/17082.64
    execution time (avg/stddev):   147.7385/0.47

sysbench 1.0.17 (using bundled LuaJIT 2.1.0-beta2)

Running the test with following options:
Number of threads: 64
Initializing random number generator from current time


Extra file open flags: (none)
64 files, 128MiB each
8GiB total file size
Block size 32KiB
Number of IO requests: 0
Read/Write ratio for combined random IO test: 1.50
Calling fsync() after each write operation.
Using synchronous I/O mode
Doing random read test
Initializing worker threads...

Threads started!


File operations:
    reads/s:                      770314.88
    writes/s:                     0.00
    fsyncs/s:                     0.00

Throughput:
    read, MiB/s:                  24072.34
    written, MiB/s:               0.00

General statistics:
    total time:                          240.0003s
    total number of events:              184877103

Latency (ms):
         min:                                    0.00
         avg:                                    0.05
         max:                                   17.42
         95th percentile:                        0.27
         sum:                              8865248.81

Threads fairness:
    events (avg/stddev):           2888704.7344/11688.53
    execution time (avg/stddev):   138.5195/0.29

