sysbench 1.0.17 (using bundled LuaJIT 2.1.0-beta2)

Running the test with following options:
Number of threads: 1
Initializing random number generator from current time


Extra file open flags: (none)
64 files, 128MiB each
8GiB total file size
Block size 32KiB
Number of IO requests: 0
Read/Write ratio for combined random IO test: 1.50
Calling fsync() after each write operation.
Using synchronous I/O mode
Doing random read test
Initializing worker threads...

Threads started!


File operations:
    reads/s:                      177128.43
    writes/s:                     0.00
    fsyncs/s:                     0.00

Throughput:
    read, MiB/s:                  5535.26
    written, MiB/s:               0.00

General statistics:
    total time:                          240.0001s
    total number of events:              42511176

Latency (ms):
         min:                                    0.00
         avg:                                    0.01
         max:                                    1.30
         95th percentile:                        0.01
         sum:                               228578.93

Threads fairness:
    events (avg/stddev):           42511176.0000/0.00
    execution time (avg/stddev):   228.5789/0.00

sysbench 1.0.17 (using bundled LuaJIT 2.1.0-beta2)

Running the test with following options:
Number of threads: 4
Initializing random number generator from current time


Extra file open flags: (none)
64 files, 128MiB each
8GiB total file size
Block size 32KiB
Number of IO requests: 0
Read/Write ratio for combined random IO test: 1.50
Calling fsync() after each write operation.
Using synchronous I/O mode
Doing random read test
Initializing worker threads...

Threads started!


File operations:
    reads/s:                      610905.20
    writes/s:                     0.00
    fsyncs/s:                     0.00

Throughput:
    read, MiB/s:                  19090.79
    written, MiB/s:               0.00

General statistics:
    total time:                          240.0001s
    total number of events:              146618497

Latency (ms):
         min:                                    0.00
         avg:                                    0.01
         max:                                    1.59
         95th percentile:                        0.01
         sum:                               879424.57

Threads fairness:
    events (avg/stddev):           36654624.2500/28894.58
    execution time (avg/stddev):   219.8561/0.11

sysbench 1.0.17 (using bundled LuaJIT 2.1.0-beta2)

Running the test with following options:
Number of threads: 8
Initializing random number generator from current time


Extra file open flags: (none)
64 files, 128MiB each
8GiB total file size
Block size 32KiB
Number of IO requests: 0
Read/Write ratio for combined random IO test: 1.50
Calling fsync() after each write operation.
Using synchronous I/O mode
Doing random read test
Initializing worker threads...

Threads started!


File operations:
    reads/s:                      991291.71
    writes/s:                     0.00
    fsyncs/s:                     0.00

Throughput:
    read, MiB/s:                  30977.87
    written, MiB/s:               0.00

General statistics:
    total time:                          240.0002s
    total number of events:              237912004

Latency (ms):
         min:                                    0.00
         avg:                                    0.01
         max:                                    1.60
         95th percentile:                        0.01
         sum:                              1636585.08

Threads fairness:
    events (avg/stddev):           29739000.5000/113470.61
    execution time (avg/stddev):   204.5731/0.09

sysbench 1.0.17 (using bundled LuaJIT 2.1.0-beta2)

Running the test with following options:
Number of threads: 16
Initializing random number generator from current time


Extra file open flags: (none)
64 files, 128MiB each
8GiB total file size
Block size 32KiB
Number of IO requests: 0
Read/Write ratio for combined random IO test: 1.50
Calling fsync() after each write operation.
Using synchronous I/O mode
Doing random read test
Initializing worker threads...

Threads started!


File operations:
    reads/s:                      968784.44
    writes/s:                     0.00
    fsyncs/s:                     0.00

Throughput:
    read, MiB/s:                  30274.51
    written, MiB/s:               0.00

General statistics:
    total time:                          240.0002s
    total number of events:              232510371

Latency (ms):
         min:                                    0.00
         avg:                                    0.01
         max:                                   15.16
         95th percentile:                        0.03
         sum:                              2759211.07

Threads fairness:
    events (avg/stddev):           14531898.1875/29349.56
    execution time (avg/stddev):   172.4507/0.16

sysbench 1.0.17 (using bundled LuaJIT 2.1.0-beta2)

Running the test with following options:
Number of threads: 32
Initializing random number generator from current time


Extra file open flags: (none)
64 files, 128MiB each
8GiB total file size
Block size 32KiB
Number of IO requests: 0
Read/Write ratio for combined random IO test: 1.50
Calling fsync() after each write operation.
Using synchronous I/O mode
Doing random read test
Initializing worker threads...

Threads started!


File operations:
    reads/s:                      1031527.84
    writes/s:                     0.00
    fsyncs/s:                     0.00

Throughput:
    read, MiB/s:                  32235.25
    written, MiB/s:               0.00

General statistics:
    total time:                          240.0004s
    total number of events:              247569042

Latency (ms):
         min:                                    0.00
         avg:                                    0.02
         max:                                   24.95
         95th percentile:                        0.08
         sum:                              4810221.96

Threads fairness:
    events (avg/stddev):           7736532.5625/8737.05
    execution time (avg/stddev):   150.3194/0.10

sysbench 1.0.17 (using bundled LuaJIT 2.1.0-beta2)

Running the test with following options:
Number of threads: 64
Initializing random number generator from current time


Extra file open flags: (none)
64 files, 128MiB each
8GiB total file size
Block size 32KiB
Number of IO requests: 0
Read/Write ratio for combined random IO test: 1.50
Calling fsync() after each write operation.
Using synchronous I/O mode
Doing random read test
Initializing worker threads...

Threads started!


File operations:
    reads/s:                      1019460.11
    writes/s:                     0.00
    fsyncs/s:                     0.00

Throughput:
    read, MiB/s:                  31858.13
    written, MiB/s:               0.00

General statistics:
    total time:                          240.0007s
    total number of events:              244673080

Latency (ms):
         min:                                    0.00
         avg:                                    0.04
         max:                                   25.79
         95th percentile:                        0.21
         sum:                              8869277.79

Threads fairness:
    events (avg/stddev):           3823016.8750/5651.59
    execution time (avg/stddev):   138.5825/0.14

