sysbench 1.0.17 (using bundled LuaJIT 2.1.0-beta2)

Running the test with following options:
Number of threads: 1
Initializing random number generator from current time


Extra file open flags: (none)
64 files, 128MiB each
8GiB total file size
Block size 32KiB
Number of IO requests: 0
Read/Write ratio for combined random IO test: 1.50
Calling fsync() after each write operation.
Using synchronous I/O mode
Doing random read test
Initializing worker threads...

Threads started!


File operations:
    reads/s:                      206719.33
    writes/s:                     0.00
    fsyncs/s:                     0.00

Throughput:
    read, MiB/s:                  6459.98
    written, MiB/s:               0.00

General statistics:
    total time:                          240.0000s
    total number of events:              49612978

Latency (ms):
         min:                                    0.00
         avg:                                    0.00
         max:                                    0.04
         95th percentile:                        0.01
         sum:                               227792.01

Threads fairness:
    events (avg/stddev):           49612978.0000/0.00
    execution time (avg/stddev):   227.7920/0.00

sysbench 1.0.17 (using bundled LuaJIT 2.1.0-beta2)

Running the test with following options:
Number of threads: 4
Initializing random number generator from current time


Extra file open flags: (none)
64 files, 128MiB each
8GiB total file size
Block size 32KiB
Number of IO requests: 0
Read/Write ratio for combined random IO test: 1.50
Calling fsync() after each write operation.
Using synchronous I/O mode
Doing random read test
Initializing worker threads...

Threads started!


File operations:
    reads/s:                      704343.82
    writes/s:                     0.00
    fsyncs/s:                     0.00

Throughput:
    read, MiB/s:                  22010.74
    written, MiB/s:               0.00

General statistics:
    total time:                          240.0000s
    total number of events:              169043664

Latency (ms):
         min:                                    0.00
         avg:                                    0.01
         max:                                    6.61
         95th percentile:                        0.01
         sum:                               870432.90

Threads fairness:
    events (avg/stddev):           42260916.0000/138664.86
    execution time (avg/stddev):   217.6082/0.22

sysbench 1.0.17 (using bundled LuaJIT 2.1.0-beta2)

Running the test with following options:
Number of threads: 8
Initializing random number generator from current time


Extra file open flags: (none)
64 files, 128MiB each
8GiB total file size
Block size 32KiB
Number of IO requests: 0
Read/Write ratio for combined random IO test: 1.50
Calling fsync() after each write operation.
Using synchronous I/O mode
Doing random read test
Initializing worker threads...

Threads started!


File operations:
    reads/s:                      1090129.93
    writes/s:                     0.00
    fsyncs/s:                     0.00

Throughput:
    read, MiB/s:                  34066.56
    written, MiB/s:               0.00

General statistics:
    total time:                          240.0000s
    total number of events:              261633159

Latency (ms):
         min:                                    0.00
         avg:                                    0.01
         max:                                    6.62
         95th percentile:                        0.01
         sum:                              1591621.74

Threads fairness:
    events (avg/stddev):           32704144.8750/971699.20
    execution time (avg/stddev):   198.9527/1.37

sysbench 1.0.17 (using bundled LuaJIT 2.1.0-beta2)

Running the test with following options:
Number of threads: 16
Initializing random number generator from current time


Extra file open flags: (none)
64 files, 128MiB each
8GiB total file size
Block size 32KiB
Number of IO requests: 0
Read/Write ratio for combined random IO test: 1.50
Calling fsync() after each write operation.
Using synchronous I/O mode
Doing random read test
Initializing worker threads...

Threads started!


File operations:
    reads/s:                      1043108.37
    writes/s:                     0.00
    fsyncs/s:                     0.00

Throughput:
    read, MiB/s:                  32597.14
    written, MiB/s:               0.00

General statistics:
    total time:                          240.0001s
    total number of events:              250347961

Latency (ms):
         min:                                    0.00
         avg:                                    0.01
         max:                                   10.41
         95th percentile:                        0.02
         sum:                              2660115.28

Threads fairness:
    events (avg/stddev):           15646747.5625/29950.54
    execution time (avg/stddev):   166.2572/0.17

sysbench 1.0.17 (using bundled LuaJIT 2.1.0-beta2)

Running the test with following options:
Number of threads: 32
Initializing random number generator from current time


Extra file open flags: (none)
64 files, 128MiB each
8GiB total file size
Block size 32KiB
Number of IO requests: 0
Read/Write ratio for combined random IO test: 1.50
Calling fsync() after each write operation.
Using synchronous I/O mode
Doing random read test
Initializing worker threads...

Threads started!


File operations:
    reads/s:                      1061396.04
    writes/s:                     0.00
    fsyncs/s:                     0.00

Throughput:
    read, MiB/s:                  33168.63
    written, MiB/s:               0.00

General statistics:
    total time:                          240.0001s
    total number of events:              254737017

Latency (ms):
         min:                                    0.00
         avg:                                    0.02
         max:                                   10.09
         95th percentile:                        0.07
         sum:                              4662077.27

Threads fairness:
    events (avg/stddev):           7960531.7812/8827.95
    execution time (avg/stddev):   145.6899/0.10

sysbench 1.0.17 (using bundled LuaJIT 2.1.0-beta2)

Running the test with following options:
Number of threads: 64
Initializing random number generator from current time


Extra file open flags: (none)
64 files, 128MiB each
8GiB total file size
Block size 32KiB
Number of IO requests: 0
Read/Write ratio for combined random IO test: 1.50
Calling fsync() after each write operation.
Using synchronous I/O mode
Doing random read test
Initializing worker threads...

Threads started!


File operations:
    reads/s:                      1047053.64
    writes/s:                     0.00
    fsyncs/s:                     0.00

Throughput:
    read, MiB/s:                  32720.43
    written, MiB/s:               0.00

General statistics:
    total time:                          240.0002s
    total number of events:              251294720

Latency (ms):
         min:                                    0.00
         avg:                                    0.03
         max:                                   43.32
         95th percentile:                        0.20
         sum:                              8656148.43

Threads fairness:
    events (avg/stddev):           3926480.0000/19631.61
    execution time (avg/stddev):   135.2523/0.13

