sysbench 1.0.17 (using bundled LuaJIT 2.1.0-beta2)

Running the test with following options:
Number of threads: 1
Initializing random number generator from current time


Extra file open flags: (none)
64 files, 128MiB each
8GiB total file size
Block size 32KiB
Number of IO requests: 0
Read/Write ratio for combined random IO test: 1.50
Calling fsync() after each write operation.
Using synchronous I/O mode
Doing random write test
Initializing worker threads...

Threads started!


File operations:
    reads/s:                      0.00
    writes/s:                     628.80
    fsyncs/s:                     628.80

Throughput:
    read, MiB/s:                  0.00
    written, MiB/s:               19.65

General statistics:
    total time:                          240.0007s
    total number of events:              150914

Latency (ms):
         min:                                    0.52
         avg:                                    1.59
         max:                                  118.70
         95th percentile:                        1.79
         sum:                               239952.01

Threads fairness:
    events (avg/stddev):           150914.0000/0.00
    execution time (avg/stddev):   239.9520/0.00

sysbench 1.0.17 (using bundled LuaJIT 2.1.0-beta2)

Running the test with following options:
Number of threads: 4
Initializing random number generator from current time


Extra file open flags: (none)
64 files, 128MiB each
8GiB total file size
Block size 32KiB
Number of IO requests: 0
Read/Write ratio for combined random IO test: 1.50
Calling fsync() after each write operation.
Using synchronous I/O mode
Doing random write test
Initializing worker threads...

Threads started!


File operations:
    reads/s:                      0.00
    writes/s:                     2385.12
    fsyncs/s:                     2385.12

Throughput:
    read, MiB/s:                  0.00
    written, MiB/s:               74.54

General statistics:
    total time:                          240.0016s
    total number of events:              572437

Latency (ms):
         min:                                    0.50
         avg:                                    1.68
         max:                                   47.74
         95th percentile:                        2.07
         sum:                               959657.05

Threads fairness:
    events (avg/stddev):           143109.2500/50.56
    execution time (avg/stddev):   239.9143/0.00

sysbench 1.0.17 (using bundled LuaJIT 2.1.0-beta2)

Running the test with following options:
Number of threads: 8
Initializing random number generator from current time


Extra file open flags: (none)
64 files, 128MiB each
8GiB total file size
Block size 32KiB
Number of IO requests: 0
Read/Write ratio for combined random IO test: 1.50
Calling fsync() after each write operation.
Using synchronous I/O mode
Doing random write test
Initializing worker threads...

Threads started!


File operations:
    reads/s:                      0.00
    writes/s:                     4548.53
    fsyncs/s:                     4548.53

Throughput:
    read, MiB/s:                  0.00
    written, MiB/s:               142.14

General statistics:
    total time:                          240.0021s
    total number of events:              1091663

Latency (ms):
         min:                                    0.49
         avg:                                    1.76
         max:                                  147.64
         95th percentile:                        2.39
         sum:                              1918513.70

Threads fairness:
    events (avg/stddev):           136457.8750/83.17
    execution time (avg/stddev):   239.8142/0.00

sysbench 1.0.17 (using bundled LuaJIT 2.1.0-beta2)

Running the test with following options:
Number of threads: 16
Initializing random number generator from current time


Extra file open flags: (none)
64 files, 128MiB each
8GiB total file size
Block size 32KiB
Number of IO requests: 0
Read/Write ratio for combined random IO test: 1.50
Calling fsync() after each write operation.
Using synchronous I/O mode
Doing random write test
Initializing worker threads...

Threads started!


File operations:
    reads/s:                      0.00
    writes/s:                     8430.95
    fsyncs/s:                     8430.95

Throughput:
    read, MiB/s:                  0.00
    written, MiB/s:               263.47

General statistics:
    total time:                          240.0021s
    total number of events:              2023458

Latency (ms):
         min:                                    0.50
         avg:                                    1.90
         max:                                  152.46
         95th percentile:                        2.71
         sum:                              3836387.26

Threads fairness:
    events (avg/stddev):           126466.1250/104.19
    execution time (avg/stddev):   239.7742/0.00

sysbench 1.0.17 (using bundled LuaJIT 2.1.0-beta2)

Running the test with following options:
Number of threads: 32
Initializing random number generator from current time


Extra file open flags: (none)
64 files, 128MiB each
8GiB total file size
Block size 32KiB
Number of IO requests: 0
Read/Write ratio for combined random IO test: 1.50
Calling fsync() after each write operation.
Using synchronous I/O mode
Doing random write test
Initializing worker threads...

Threads started!


File operations:
    reads/s:                      0.00
    writes/s:                     12920.42
    fsyncs/s:                     12920.42

Throughput:
    read, MiB/s:                  0.00
    written, MiB/s:               403.76

General statistics:
    total time:                          240.0019s
    total number of events:              3100942

Latency (ms):
         min:                                    0.51
         avg:                                    2.47
         max:                                  401.75
         95th percentile:                        3.49
         sum:                              7673889.17

Threads fairness:
    events (avg/stddev):           96904.4375/90.42
    execution time (avg/stddev):   239.8090/0.00

sysbench 1.0.17 (using bundled LuaJIT 2.1.0-beta2)

Running the test with following options:
Number of threads: 64
Initializing random number generator from current time


Extra file open flags: (none)
64 files, 128MiB each
8GiB total file size
Block size 32KiB
Number of IO requests: 0
Read/Write ratio for combined random IO test: 1.50
Calling fsync() after each write operation.
Using synchronous I/O mode
Doing random write test
Initializing worker threads...

Threads started!


File operations:
    reads/s:                      0.00
    writes/s:                     13114.75
    fsyncs/s:                     13114.75

Throughput:
    read, MiB/s:                  0.00
    written, MiB/s:               409.84

General statistics:
    total time:                          240.0021s
    total number of events:              3147585

Latency (ms):
         min:                                    0.54
         avg:                                    4.88
         max:                                  152.86
         95th percentile:                        6.43
         sum:                             15351321.88

Threads fairness:
    events (avg/stddev):           49181.0156/54.94
    execution time (avg/stddev):   239.8644/0.00

