sysbench 1.0.17 (using bundled LuaJIT 2.1.0-beta2)

Running the test with following options:
Number of threads: 1
Initializing random number generator from current time


Extra file open flags: (none)
64 files, 128MiB each
8GiB total file size
Block size 32KiB
Number of IO requests: 0
Read/Write ratio for combined random IO test: 1.50
Calling fsync() after each write operation.
Using synchronous I/O mode
Doing random write test
Initializing worker threads...

Threads started!


File operations:
    reads/s:                      0.00
    writes/s:                     5506.80
    fsyncs/s:                     5506.80

Throughput:
    read, MiB/s:                  0.00
    written, MiB/s:               172.09

General statistics:
    total time:                          240.0003s
    total number of events:              1321643

Latency (ms):
         min:                                    0.07
         avg:                                    0.18
         max:                                    0.80
         95th percentile:                        0.22
         sum:                               239400.26

Threads fairness:
    events (avg/stddev):           1321643.0000/0.00
    execution time (avg/stddev):   239.4003/0.00

sysbench 1.0.17 (using bundled LuaJIT 2.1.0-beta2)

Running the test with following options:
Number of threads: 4
Initializing random number generator from current time


Extra file open flags: (none)
64 files, 128MiB each
8GiB total file size
Block size 32KiB
Number of IO requests: 0
Read/Write ratio for combined random IO test: 1.50
Calling fsync() after each write operation.
Using synchronous I/O mode
Doing random write test
Initializing worker threads...

Threads started!


File operations:
    reads/s:                      0.00
    writes/s:                     14372.31
    fsyncs/s:                     14372.31

Throughput:
    read, MiB/s:                  0.00
    written, MiB/s:               449.13

General statistics:
    total time:                          240.0001s
    total number of events:              3449381

Latency (ms):
         min:                                    0.07
         avg:                                    0.28
         max:                                    1.26
         95th percentile:                        0.54
         sum:                               957624.17

Threads fairness:
    events (avg/stddev):           862345.2500/380.19
    execution time (avg/stddev):   239.4060/0.00

sysbench 1.0.17 (using bundled LuaJIT 2.1.0-beta2)

Running the test with following options:
Number of threads: 8
Initializing random number generator from current time


Extra file open flags: (none)
64 files, 128MiB each
8GiB total file size
Block size 32KiB
Number of IO requests: 0
Read/Write ratio for combined random IO test: 1.50
Calling fsync() after each write operation.
Using synchronous I/O mode
Doing random write test
Initializing worker threads...

Threads started!


File operations:
    reads/s:                      0.00
    writes/s:                     14661.35
    fsyncs/s:                     14661.35

Throughput:
    read, MiB/s:                  0.00
    written, MiB/s:               458.17

General statistics:
    total time:                          240.0008s
    total number of events:              3518761

Latency (ms):
         min:                                    0.08
         avg:                                    0.54
         max:                                    3.67
         95th percentile:                        1.04
         sum:                              1917159.09

Threads fairness:
    events (avg/stddev):           439845.1250/375.51
    execution time (avg/stddev):   239.6449/0.00

sysbench 1.0.17 (using bundled LuaJIT 2.1.0-beta2)

Running the test with following options:
Number of threads: 16
Initializing random number generator from current time


Extra file open flags: (none)
64 files, 128MiB each
8GiB total file size
Block size 32KiB
Number of IO requests: 0
Read/Write ratio for combined random IO test: 1.50
Calling fsync() after each write operation.
Using synchronous I/O mode
Doing random write test
Initializing worker threads...

Threads started!


File operations:
    reads/s:                      0.00
    writes/s:                     15015.63
    fsyncs/s:                     15015.63

Throughput:
    read, MiB/s:                  0.00
    written, MiB/s:               469.24

General statistics:
    total time:                          240.0015s
    total number of events:              3603801

Latency (ms):
         min:                                    0.08
         avg:                                    1.06
         max:                                    6.04
         95th percentile:                        2.03
         sum:                              3836062.07

Threads fairness:
    events (avg/stddev):           225237.5625/256.44
    execution time (avg/stddev):   239.7539/0.00

sysbench 1.0.17 (using bundled LuaJIT 2.1.0-beta2)

Running the test with following options:
Number of threads: 32
Initializing random number generator from current time


Extra file open flags: (none)
64 files, 128MiB each
8GiB total file size
Block size 32KiB
Number of IO requests: 0
Read/Write ratio for combined random IO test: 1.50
Calling fsync() after each write operation.
Using synchronous I/O mode
Doing random write test
Initializing worker threads...

Threads started!


File operations:
    reads/s:                      0.00
    writes/s:                     15369.30
    fsyncs/s:                     15369.30

Throughput:
    read, MiB/s:                  0.00
    written, MiB/s:               480.29

General statistics:
    total time:                          240.0022s
    total number of events:              3688688

Latency (ms):
         min:                                    0.07
         avg:                                    2.08
         max:                                   12.63
         95th percentile:                        3.82
         sum:                              7671826.32

Threads fairness:
    events (avg/stddev):           115271.5000/159.61
    execution time (avg/stddev):   239.7446/0.00

sysbench 1.0.17 (using bundled LuaJIT 2.1.0-beta2)

Running the test with following options:
Number of threads: 64
Initializing random number generator from current time


Extra file open flags: (none)
64 files, 128MiB each
8GiB total file size
Block size 32KiB
Number of IO requests: 0
Read/Write ratio for combined random IO test: 1.50
Calling fsync() after each write operation.
Using synchronous I/O mode
Doing random write test
Initializing worker threads...

Threads started!


File operations:
    reads/s:                      0.00
    writes/s:                     15649.29
    fsyncs/s:                     15649.29

Throughput:
    read, MiB/s:                  0.00
    written, MiB/s:               489.04

General statistics:
    total time:                          240.0031s
    total number of events:              3755902

Latency (ms):
         min:                                    0.07
         avg:                                    4.09
         max:                                   23.82
         95th percentile:                        7.17
         sum:                             15345418.97

Threads fairness:
    events (avg/stddev):           58685.9688/83.02
    execution time (avg/stddev):   239.7722/0.01

