sysbench 1.0.17 (using bundled LuaJIT 2.1.0-beta2)

Running the test with following options:
Number of threads: 1
Initializing random number generator from current time


Extra file open flags: (none)
64 files, 128MiB each
8GiB total file size
Block size 32KiB
Number of IO requests: 0
Read/Write ratio for combined random IO test: 1.50
Calling fsync() after each write operation.
Using synchronous I/O mode
Doing random read test
Initializing worker threads...

Threads started!


File operations:
    reads/s:                      166683.34
    writes/s:                     0.00
    fsyncs/s:                     0.00

Throughput:
    read, MiB/s:                  5208.85
    written, MiB/s:               0.00

General statistics:
    total time:                          240.0001s
    total number of events:              40004320

Latency (ms):
         min:                                    0.00
         avg:                                    0.01
         max:                                    2.61
         95th percentile:                        0.01
         sum:                               228529.35

Threads fairness:
    events (avg/stddev):           40004320.0000/0.00
    execution time (avg/stddev):   228.5294/0.00

sysbench 1.0.17 (using bundled LuaJIT 2.1.0-beta2)

Running the test with following options:
Number of threads: 4
Initializing random number generator from current time


Extra file open flags: (none)
64 files, 128MiB each
8GiB total file size
Block size 32KiB
Number of IO requests: 0
Read/Write ratio for combined random IO test: 1.50
Calling fsync() after each write operation.
Using synchronous I/O mode
Doing random read test
Initializing worker threads...

Threads started!


File operations:
    reads/s:                      596235.02
    writes/s:                     0.00
    fsyncs/s:                     0.00

Throughput:
    read, MiB/s:                  18632.34
    written, MiB/s:               0.00

General statistics:
    total time:                          240.0002s
    total number of events:              143097611

Latency (ms):
         min:                                    0.00
         avg:                                    0.01
         max:                                    2.60
         95th percentile:                        0.01
         sum:                               880501.83

Threads fairness:
    events (avg/stddev):           35774402.7500/58422.95
    execution time (avg/stddev):   220.1255/0.10

sysbench 1.0.17 (using bundled LuaJIT 2.1.0-beta2)

Running the test with following options:
Number of threads: 8
Initializing random number generator from current time


Extra file open flags: (none)
64 files, 128MiB each
8GiB total file size
Block size 32KiB
Number of IO requests: 0
Read/Write ratio for combined random IO test: 1.50
Calling fsync() after each write operation.
Using synchronous I/O mode
Doing random read test
Initializing worker threads...

Threads started!


File operations:
    reads/s:                      991099.84
    writes/s:                     0.00
    fsyncs/s:                     0.00

Throughput:
    read, MiB/s:                  30971.87
    written, MiB/s:               0.00

General statistics:
    total time:                          240.0002s
    total number of events:              237865975

Latency (ms):
         min:                                    0.00
         avg:                                    0.01
         max:                                    4.60
         95th percentile:                        0.01
         sum:                              1644108.61

Threads fairness:
    events (avg/stddev):           29733246.8750/58256.34
    execution time (avg/stddev):   205.5136/0.09

sysbench 1.0.17 (using bundled LuaJIT 2.1.0-beta2)

Running the test with following options:
Number of threads: 16
Initializing random number generator from current time


Extra file open flags: (none)
64 files, 128MiB each
8GiB total file size
Block size 32KiB
Number of IO requests: 0
Read/Write ratio for combined random IO test: 1.50
Calling fsync() after each write operation.
Using synchronous I/O mode
Doing random read test
Initializing worker threads...

Threads started!


File operations:
    reads/s:                      1024123.49
    writes/s:                     0.00
    fsyncs/s:                     0.00

Throughput:
    read, MiB/s:                  32003.86
    written, MiB/s:               0.00

General statistics:
    total time:                          240.0002s
    total number of events:              245791861

Latency (ms):
         min:                                    0.00
         avg:                                    0.01
         max:                                   25.39
         95th percentile:                        0.02
         sum:                              2835544.18

Threads fairness:
    events (avg/stddev):           15361991.3125/33364.82
    execution time (avg/stddev):   177.2215/0.17

sysbench 1.0.17 (using bundled LuaJIT 2.1.0-beta2)

Running the test with following options:
Number of threads: 32
Initializing random number generator from current time


Extra file open flags: (none)
64 files, 128MiB each
8GiB total file size
Block size 32KiB
Number of IO requests: 0
Read/Write ratio for combined random IO test: 1.50
Calling fsync() after each write operation.
Using synchronous I/O mode
Doing random read test
Initializing worker threads...

Threads started!


File operations:
    reads/s:                      1012976.99
    writes/s:                     0.00
    fsyncs/s:                     0.00

Throughput:
    read, MiB/s:                  31655.53
    written, MiB/s:               0.00

General statistics:
    total time:                          240.0004s
    total number of events:              243116737

Latency (ms):
         min:                                    0.00
         avg:                                    0.02
         max:                                   23.93
         95th percentile:                        0.08
         sum:                              4797451.12

Threads fairness:
    events (avg/stddev):           7597398.0312/9320.10
    execution time (avg/stddev):   149.9203/0.10

sysbench 1.0.17 (using bundled LuaJIT 2.1.0-beta2)

Running the test with following options:
Number of threads: 64
Initializing random number generator from current time


Extra file open flags: (none)
64 files, 128MiB each
8GiB total file size
Block size 32KiB
Number of IO requests: 0
Read/Write ratio for combined random IO test: 1.50
Calling fsync() after each write operation.
Using synchronous I/O mode
Doing random read test
Initializing worker threads...

Threads started!


File operations:
    reads/s:                      1015776.69
    writes/s:                     0.00
    fsyncs/s:                     0.00

Throughput:
    read, MiB/s:                  31743.02
    written, MiB/s:               0.00

General statistics:
    total time:                          240.0006s
    total number of events:              243788931

Latency (ms):
         min:                                    0.00
         avg:                                    0.04
         max:                                   25.07
         95th percentile:                        0.21
         sum:                              8864163.34

Threads fairness:
    events (avg/stddev):           3809202.0469/5242.58
    execution time (avg/stddev):   138.5026/0.13

