sysbench 1.0.17 (using bundled LuaJIT 2.1.0-beta2)

Running the test with following options:
Number of threads: 1
Initializing random number generator from current time


Extra file open flags: (none)
64 files, 128MiB each
8GiB total file size
Block size 32KiB
Number of IO requests: 0
Read/Write ratio for combined random IO test: 1.50
Calling fsync() after each write operation.
Using synchronous I/O mode
Doing random write test
Initializing worker threads...

Threads started!


File operations:
    reads/s:                      0.00
    writes/s:                     3353.42
    fsyncs/s:                     3353.42

Throughput:
    read, MiB/s:                  0.00
    written, MiB/s:               104.79

General statistics:
    total time:                          240.0003s
    total number of events:              804828

Latency (ms):
         min:                                    0.10
         avg:                                    0.30
         max:                                    9.76
         95th percentile:                        0.43
         sum:                               239595.00

Threads fairness:
    events (avg/stddev):           804828.0000/0.00
    execution time (avg/stddev):   239.5950/0.00

sysbench 1.0.17 (using bundled LuaJIT 2.1.0-beta2)

Running the test with following options:
Number of threads: 4
Initializing random number generator from current time


Extra file open flags: (none)
64 files, 128MiB each
8GiB total file size
Block size 32KiB
Number of IO requests: 0
Read/Write ratio for combined random IO test: 1.50
Calling fsync() after each write operation.
Using synchronous I/O mode
Doing random write test
Initializing worker threads...

Threads started!


File operations:
    reads/s:                      0.00
    writes/s:                     10742.21
    fsyncs/s:                     10742.21

Throughput:
    read, MiB/s:                  0.00
    written, MiB/s:               335.69

General statistics:
    total time:                          240.0003s
    total number of events:              2578153

Latency (ms):
         min:                                    0.10
         avg:                                    0.37
         max:                                   11.11
         95th percentile:                        0.78
         sum:                               958255.55

Threads fairness:
    events (avg/stddev):           644538.2500/1051.71
    execution time (avg/stddev):   239.5639/0.00

sysbench 1.0.17 (using bundled LuaJIT 2.1.0-beta2)

Running the test with following options:
Number of threads: 8
Initializing random number generator from current time


Extra file open flags: (none)
64 files, 128MiB each
8GiB total file size
Block size 32KiB
Number of IO requests: 0
Read/Write ratio for combined random IO test: 1.50
Calling fsync() after each write operation.
Using synchronous I/O mode
Doing random write test
Initializing worker threads...

Threads started!


File operations:
    reads/s:                      0.00
    writes/s:                     11348.30
    fsyncs/s:                     11348.30

Throughput:
    read, MiB/s:                  0.00
    written, MiB/s:               354.63

General statistics:
    total time:                          240.0009s
    total number of events:              2723625

Latency (ms):
         min:                                    0.10
         avg:                                    0.70
         max:                                   10.74
         95th percentile:                        1.10
         sum:                              1917882.35

Threads fairness:
    events (avg/stddev):           340453.1250/556.22
    execution time (avg/stddev):   239.7353/0.00

sysbench 1.0.17 (using bundled LuaJIT 2.1.0-beta2)

Running the test with following options:
Number of threads: 16
Initializing random number generator from current time


Extra file open flags: (none)
64 files, 128MiB each
8GiB total file size
Block size 32KiB
Number of IO requests: 0
Read/Write ratio for combined random IO test: 1.50
Calling fsync() after each write operation.
Using synchronous I/O mode
Doing random write test
Initializing worker threads...

Threads started!


File operations:
    reads/s:                      0.00
    writes/s:                     11734.28
    fsyncs/s:                     11734.28

Throughput:
    read, MiB/s:                  0.00
    written, MiB/s:               366.70

General statistics:
    total time:                          240.0026s
    total number of events:              2816279

Latency (ms):
         min:                                    0.11
         avg:                                    1.36
         max:                                   11.32
         95th percentile:                        3.62
         sum:                              3835959.31

Threads fairness:
    events (avg/stddev):           176017.4375/274.05
    execution time (avg/stddev):   239.7475/0.00

sysbench 1.0.17 (using bundled LuaJIT 2.1.0-beta2)

Running the test with following options:
Number of threads: 32
Initializing random number generator from current time


Extra file open flags: (none)
64 files, 128MiB each
8GiB total file size
Block size 32KiB
Number of IO requests: 0
Read/Write ratio for combined random IO test: 1.50
Calling fsync() after each write operation.
Using synchronous I/O mode
Doing random write test
Initializing worker threads...

Threads started!


File operations:
    reads/s:                      0.00
    writes/s:                     12018.22
    fsyncs/s:                     12018.22

Throughput:
    read, MiB/s:                  0.00
    written, MiB/s:               375.57

General statistics:
    total time:                          240.0042s
    total number of events:              2884442

Latency (ms):
         min:                                    0.10
         avg:                                    2.66
         max:                                   23.43
         95th percentile:                        7.30
         sum:                              7673730.51

Threads fairness:
    events (avg/stddev):           90138.8125/189.92
    execution time (avg/stddev):   239.8041/0.00

sysbench 1.0.17 (using bundled LuaJIT 2.1.0-beta2)

Running the test with following options:
Number of threads: 64
Initializing random number generator from current time


Extra file open flags: (none)
64 files, 128MiB each
8GiB total file size
Block size 32KiB
Number of IO requests: 0
Read/Write ratio for combined random IO test: 1.50
Calling fsync() after each write operation.
Using synchronous I/O mode
Doing random write test
Initializing worker threads...

Threads started!


File operations:
    reads/s:                      0.00
    writes/s:                     12208.59
    fsyncs/s:                     12208.59

Throughput:
    read, MiB/s:                  0.00
    written, MiB/s:               381.52

General statistics:
    total time:                          240.0011s
    total number of events:              2930095

Latency (ms):
         min:                                    0.11
         avg:                                    5.24
         max:                                   49.56
         95th percentile:                       13.22
         sum:                             15351310.01

Threads fairness:
    events (avg/stddev):           45782.7344/117.13
    execution time (avg/stddev):   239.8642/0.00

