sysbench 1.0.17 (using bundled LuaJIT 2.1.0-beta2)

Running the test with following options:
Number of threads: 1
Initializing random number generator from current time


Extra file open flags: (none)
64 files, 128MiB each
8GiB total file size
Block size 32KiB
Number of IO requests: 0
Read/Write ratio for combined random IO test: 1.50
Calling fsync() after each write operation.
Using synchronous I/O mode
Doing random read test
Initializing worker threads...

Threads started!


File operations:
    reads/s:                      232448.58
    writes/s:                     0.00
    fsyncs/s:                     0.00

Throughput:
    read, MiB/s:                  7264.02
    written, MiB/s:               0.00

General statistics:
    total time:                          240.0001s
    total number of events:              55788012

Latency (ms):
         min:                                    0.00
         avg:                                    0.00
         max:                                    0.08
         95th percentile:                        0.00
         sum:                               228104.11

Threads fairness:
    events (avg/stddev):           55788012.0000/0.00
    execution time (avg/stddev):   228.1041/0.00

sysbench 1.0.17 (using bundled LuaJIT 2.1.0-beta2)

Running the test with following options:
Number of threads: 4
Initializing random number generator from current time


Extra file open flags: (none)
64 files, 128MiB each
8GiB total file size
Block size 32KiB
Number of IO requests: 0
Read/Write ratio for combined random IO test: 1.50
Calling fsync() after each write operation.
Using synchronous I/O mode
Doing random read test
Initializing worker threads...

Threads started!


File operations:
    reads/s:                      607289.98
    writes/s:                     0.00
    fsyncs/s:                     0.00

Throughput:
    read, MiB/s:                  18977.81
    written, MiB/s:               0.00

General statistics:
    total time:                          240.0001s
    total number of events:              145750698

Latency (ms):
         min:                                    0.00
         avg:                                    0.01
         max:                                    0.28
         95th percentile:                        0.01
         sum:                               846900.88

Threads fairness:
    events (avg/stddev):           36437674.5000/386734.33
    execution time (avg/stddev):   211.7252/1.92

sysbench 1.0.17 (using bundled LuaJIT 2.1.0-beta2)

Running the test with following options:
Number of threads: 8
Initializing random number generator from current time


Extra file open flags: (none)
64 files, 128MiB each
8GiB total file size
Block size 32KiB
Number of IO requests: 0
Read/Write ratio for combined random IO test: 1.50
Calling fsync() after each write operation.
Using synchronous I/O mode
Doing random read test
Initializing worker threads...

Threads started!


File operations:
    reads/s:                      758359.39
    writes/s:                     0.00
    fsyncs/s:                     0.00

Throughput:
    read, MiB/s:                  23698.73
    written, MiB/s:               0.00

General statistics:
    total time:                          240.0001s
    total number of events:              182007540

Latency (ms):
         min:                                    0.00
         avg:                                    0.01
         max:                                   15.50
         95th percentile:                        0.01
         sum:                              1743041.11

Threads fairness:
    events (avg/stddev):           22750942.5000/124373.26
    execution time (avg/stddev):   217.8801/0.44

sysbench 1.0.17 (using bundled LuaJIT 2.1.0-beta2)

Running the test with following options:
Number of threads: 16
Initializing random number generator from current time


Extra file open flags: (none)
64 files, 128MiB each
8GiB total file size
Block size 32KiB
Number of IO requests: 0
Read/Write ratio for combined random IO test: 1.50
Calling fsync() after each write operation.
Using synchronous I/O mode
Doing random read test
Initializing worker threads...

Threads started!


File operations:
    reads/s:                      734464.31
    writes/s:                     0.00
    fsyncs/s:                     0.00

Throughput:
    read, MiB/s:                  22952.01
    written, MiB/s:               0.00

General statistics:
    total time:                          240.0001s
    total number of events:              176272727

Latency (ms):
         min:                                    0.00
         avg:                                    0.02
         max:                                    9.27
         95th percentile:                        0.04
         sum:                              2750008.81

Threads fairness:
    events (avg/stddev):           11017045.4375/52327.24
    execution time (avg/stddev):   171.8756/0.48

sysbench 1.0.17 (using bundled LuaJIT 2.1.0-beta2)

Running the test with following options:
Number of threads: 32
Initializing random number generator from current time


Extra file open flags: (none)
64 files, 128MiB each
8GiB total file size
Block size 32KiB
Number of IO requests: 0
Read/Write ratio for combined random IO test: 1.50
Calling fsync() after each write operation.
Using synchronous I/O mode
Doing random read test
Initializing worker threads...

Threads started!


File operations:
    reads/s:                      712976.08
    writes/s:                     0.00
    fsyncs/s:                     0.00

Throughput:
    read, MiB/s:                  22280.50
    written, MiB/s:               0.00

General statistics:
    total time:                          240.0002s
    total number of events:              171115559

Latency (ms):
         min:                                    0.00
         avg:                                    0.03
         max:                                    5.44
         95th percentile:                        0.11
         sum:                              4752286.91

Threads fairness:
    events (avg/stddev):           5347361.2188/14958.51
    execution time (avg/stddev):   148.5090/0.47

sysbench 1.0.17 (using bundled LuaJIT 2.1.0-beta2)

Running the test with following options:
Number of threads: 64
Initializing random number generator from current time


Extra file open flags: (none)
64 files, 128MiB each
8GiB total file size
Block size 32KiB
Number of IO requests: 0
Read/Write ratio for combined random IO test: 1.50
Calling fsync() after each write operation.
Using synchronous I/O mode
Doing random read test
Initializing worker threads...

Threads started!


File operations:
    reads/s:                      724015.98
    writes/s:                     0.00
    fsyncs/s:                     0.00

Throughput:
    read, MiB/s:                  22625.50
    written, MiB/s:               0.00

General statistics:
    total time:                          240.0003s
    total number of events:              173765264

Latency (ms):
         min:                                    0.00
         avg:                                    0.05
         max:                                   13.32
         95th percentile:                        0.30
         sum:                              8958916.11

Threads fairness:
    events (avg/stddev):           2715082.2500/11352.45
    execution time (avg/stddev):   139.9831/0.32

