sysbench 1.0.17 (using bundled LuaJIT 2.1.0-beta2)

Running the test with following options:
Number of threads: 1
Initializing random number generator from current time


Extra file open flags: (none)
64 files, 128MiB each
8GiB total file size
Block size 32KiB
Number of IO requests: 0
Read/Write ratio for combined random IO test: 1.50
Calling fsync() after each write operation.
Using synchronous I/O mode
Doing random read test
Initializing worker threads...

Threads started!


File operations:
    reads/s:                      129959.41
    writes/s:                     0.00
    fsyncs/s:                     0.00

Throughput:
    read, MiB/s:                  4061.23
    written, MiB/s:               0.00

General statistics:
    total time:                          240.0001s
    total number of events:              31190621

Latency (ms):
         min:                                    0.00
         avg:                                    0.01
         max:                                   24.38
         95th percentile:                        0.02
         sum:                               229194.39

Threads fairness:
    events (avg/stddev):           31190621.0000/0.00
    execution time (avg/stddev):   229.1944/0.00

sysbench 1.0.17 (using bundled LuaJIT 2.1.0-beta2)

Running the test with following options:
Number of threads: 4
Initializing random number generator from current time


Extra file open flags: (none)
64 files, 128MiB each
8GiB total file size
Block size 32KiB
Number of IO requests: 0
Read/Write ratio for combined random IO test: 1.50
Calling fsync() after each write operation.
Using synchronous I/O mode
Doing random read test
Initializing worker threads...

Threads started!


File operations:
    reads/s:                      489389.69
    writes/s:                     0.00
    fsyncs/s:                     0.00

Throughput:
    read, MiB/s:                  15293.43
    written, MiB/s:               0.00

General statistics:
    total time:                          240.0001s
    total number of events:              117454682

Latency (ms):
         min:                                    0.00
         avg:                                    0.01
         max:                                   11.69
         95th percentile:                        0.01
         sum:                               896802.74

Threads fairness:
    events (avg/stddev):           29363670.5000/230509.10
    execution time (avg/stddev):   224.2007/0.08

sysbench 1.0.17 (using bundled LuaJIT 2.1.0-beta2)

Running the test with following options:
Number of threads: 8
Initializing random number generator from current time


Extra file open flags: (none)
64 files, 128MiB each
8GiB total file size
Block size 32KiB
Number of IO requests: 0
Read/Write ratio for combined random IO test: 1.50
Calling fsync() after each write operation.
Using synchronous I/O mode
Doing random read test
Initializing worker threads...

Threads started!


File operations:
    reads/s:                      812873.42
    writes/s:                     0.00
    fsyncs/s:                     0.00

Throughput:
    read, MiB/s:                  25402.29
    written, MiB/s:               0.00

General statistics:
    total time:                          240.0001s
    total number of events:              195091399

Latency (ms):
         min:                                    0.00
         avg:                                    0.01
         max:                                   15.30
         95th percentile:                        0.01
         sum:                              1724445.06

Threads fairness:
    events (avg/stddev):           24386424.8750/139600.85
    execution time (avg/stddev):   215.5556/0.11

sysbench 1.0.17 (using bundled LuaJIT 2.1.0-beta2)

Running the test with following options:
Number of threads: 16
Initializing random number generator from current time


Extra file open flags: (none)
64 files, 128MiB each
8GiB total file size
Block size 32KiB
Number of IO requests: 0
Read/Write ratio for combined random IO test: 1.50
Calling fsync() after each write operation.
Using synchronous I/O mode
Doing random read test
Initializing worker threads...

Threads started!


File operations:
    reads/s:                      878097.80
    writes/s:                     0.00
    fsyncs/s:                     0.00

Throughput:
    read, MiB/s:                  27440.56
    written, MiB/s:               0.00

General statistics:
    total time:                          240.0071s
    total number of events:              210751794

Latency (ms):
         min:                                    0.00
         avg:                                    0.02
         max:                                   83.57
         95th percentile:                        0.02
         sum:                              3169936.91

Threads fairness:
    events (avg/stddev):           13171987.1250/30471.79
    execution time (avg/stddev):   198.1211/0.15

sysbench 1.0.17 (using bundled LuaJIT 2.1.0-beta2)

Running the test with following options:
Number of threads: 32
Initializing random number generator from current time


Extra file open flags: (none)
64 files, 128MiB each
8GiB total file size
Block size 32KiB
Number of IO requests: 0
Read/Write ratio for combined random IO test: 1.50
Calling fsync() after each write operation.
Using synchronous I/O mode
Doing random read test
Initializing worker threads...

Threads started!


File operations:
    reads/s:                      900907.79
    writes/s:                     0.00
    fsyncs/s:                     0.00

Throughput:
    read, MiB/s:                  28153.37
    written, MiB/s:               0.00

General statistics:
    total time:                          240.0005s
    total number of events:              216220110

Latency (ms):
         min:                                    0.00
         avg:                                    0.03
         max:                                   75.00
         95th percentile:                        0.06
         sum:                              5690722.46

Threads fairness:
    events (avg/stddev):           6756878.4375/27812.19
    execution time (avg/stddev):   177.8351/0.15

sysbench 1.0.17 (using bundled LuaJIT 2.1.0-beta2)

Running the test with following options:
Number of threads: 64
Initializing random number generator from current time


Extra file open flags: (none)
64 files, 128MiB each
8GiB total file size
Block size 32KiB
Number of IO requests: 0
Read/Write ratio for combined random IO test: 1.50
Calling fsync() after each write operation.
Using synchronous I/O mode
Doing random read test
Initializing worker threads...

Threads started!


File operations:
    reads/s:                      988031.49
    writes/s:                     0.00
    fsyncs/s:                     0.00

Throughput:
    read, MiB/s:                  30875.98
    written, MiB/s:               0.00

General statistics:
    total time:                          240.0017s
    total number of events:              237131236

Latency (ms):
         min:                                    0.00
         avg:                                    0.04
         max:                                  113.57
         95th percentile:                        0.14
         sum:                             10632121.21

Threads fairness:
    events (avg/stddev):           3705175.5625/17985.28
    execution time (avg/stddev):   166.1269/0.25

