sysbench 1.0.17 (using bundled LuaJIT 2.1.0-beta2)

Running the test with following options:
Number of threads: 1
Initializing random number generator from current time


Extra file open flags: (none)
64 files, 128MiB each
8GiB total file size
Block size 32KiB
Number of IO requests: 0
Read/Write ratio for combined random IO test: 1.50
Calling fsync() after each write operation.
Using synchronous I/O mode
Doing random write test
Initializing worker threads...

Threads started!


File operations:
    reads/s:                      0.00
    writes/s:                     1913.64
    fsyncs/s:                     1913.64

Throughput:
    read, MiB/s:                  0.00
    written, MiB/s:               59.80

General statistics:
    total time:                          240.0003s
    total number of events:              459278

Latency (ms):
         min:                                    0.10
         avg:                                    0.52
         max:                                   25.05
         95th percentile:                        0.74
         sum:                               239410.47

Threads fairness:
    events (avg/stddev):           459278.0000/0.00
    execution time (avg/stddev):   239.4105/0.00

sysbench 1.0.17 (using bundled LuaJIT 2.1.0-beta2)

Running the test with following options:
Number of threads: 4
Initializing random number generator from current time


Extra file open flags: (none)
64 files, 128MiB each
8GiB total file size
Block size 32KiB
Number of IO requests: 0
Read/Write ratio for combined random IO test: 1.50
Calling fsync() after each write operation.
Using synchronous I/O mode
Doing random write test
Initializing worker threads...

Threads started!


File operations:
    reads/s:                      0.00
    writes/s:                     7925.01
    fsyncs/s:                     7925.01

Throughput:
    read, MiB/s:                  0.00
    written, MiB/s:               247.66

General statistics:
    total time:                          240.0006s
    total number of events:              1902024

Latency (ms):
         min:                                    0.09
         avg:                                    0.50
         max:                                   16.74
         95th percentile:                        0.75
         sum:                               957515.89

Threads fairness:
    events (avg/stddev):           475506.0000/274.50
    execution time (avg/stddev):   239.3790/0.00

sysbench 1.0.17 (using bundled LuaJIT 2.1.0-beta2)

Running the test with following options:
Number of threads: 8
Initializing random number generator from current time


Extra file open flags: (none)
64 files, 128MiB each
8GiB total file size
Block size 32KiB
Number of IO requests: 0
Read/Write ratio for combined random IO test: 1.50
Calling fsync() after each write operation.
Using synchronous I/O mode
Doing random write test
Initializing worker threads...

Threads started!


File operations:
    reads/s:                      0.00
    writes/s:                     14382.46
    fsyncs/s:                     14382.46

Throughput:
    read, MiB/s:                  0.00
    written, MiB/s:               449.45

General statistics:
    total time:                          240.0006s
    total number of events:              3451829

Latency (ms):
         min:                                    0.09
         avg:                                    0.55
         max:                                   84.38
         95th percentile:                        0.87
         sum:                              1915464.11

Threads fairness:
    events (avg/stddev):           431478.6250/306.09
    execution time (avg/stddev):   239.4330/0.01

sysbench 1.0.17 (using bundled LuaJIT 2.1.0-beta2)

Running the test with following options:
Number of threads: 16
Initializing random number generator from current time


Extra file open flags: (none)
64 files, 128MiB each
8GiB total file size
Block size 32KiB
Number of IO requests: 0
Read/Write ratio for combined random IO test: 1.50
Calling fsync() after each write operation.
Using synchronous I/O mode
Doing random write test
Initializing worker threads...

Threads started!


File operations:
    reads/s:                      0.00
    writes/s:                     15426.72
    fsyncs/s:                     15426.72

Throughput:
    read, MiB/s:                  0.00
    written, MiB/s:               482.09

General statistics:
    total time:                          240.0161s
    total number of events:              3702692

Latency (ms):
         min:                                    0.09
         avg:                                    1.04
         max:                                   36.04
         95th percentile:                        1.50
         sum:                              3834709.33

Threads fairness:
    events (avg/stddev):           231418.2500/350.92
    execution time (avg/stddev):   239.6693/0.01

sysbench 1.0.17 (using bundled LuaJIT 2.1.0-beta2)

Running the test with following options:
Number of threads: 32
Initializing random number generator from current time


Extra file open flags: (none)
64 files, 128MiB each
8GiB total file size
Block size 32KiB
Number of IO requests: 0
Read/Write ratio for combined random IO test: 1.50
Calling fsync() after each write operation.
Using synchronous I/O mode
Doing random write test
Initializing worker threads...

Threads started!


File operations:
    reads/s:                      0.00
    writes/s:                     15743.63
    fsyncs/s:                     15743.63

Throughput:
    read, MiB/s:                  0.00
    written, MiB/s:               491.99

General statistics:
    total time:                          240.0094s
    total number of events:              3778650

Latency (ms):
         min:                                    0.09
         avg:                                    2.03
         max:                                   78.29
         95th percentile:                        5.09
         sum:                              7673202.96

Threads fairness:
    events (avg/stddev):           118082.8125/258.59
    execution time (avg/stddev):   239.7876/0.01

sysbench 1.0.17 (using bundled LuaJIT 2.1.0-beta2)

Running the test with following options:
Number of threads: 64
Initializing random number generator from current time


Extra file open flags: (none)
64 files, 128MiB each
8GiB total file size
Block size 32KiB
Number of IO requests: 0
Read/Write ratio for combined random IO test: 1.50
Calling fsync() after each write operation.
Using synchronous I/O mode
Doing random write test
Initializing worker threads...

Threads started!

