sysbench 1.0.17 (using bundled LuaJIT 2.1.0-beta2)

Running the test with following options:
Number of threads: 1
Initializing random number generator from current time


Extra file open flags: (none)
64 files, 128MiB each
8GiB total file size
Block size 32KiB
Number of IO requests: 0
Read/Write ratio for combined random IO test: 1.50
Calling fsync() after each write operation.
Using synchronous I/O mode
Doing random write test
Initializing worker threads...

Threads started!


File operations:
    reads/s:                      0.00
    writes/s:                     3294.58
    fsyncs/s:                     3294.58

Throughput:
    read, MiB/s:                  0.00
    written, MiB/s:               102.96

General statistics:
    total time:                          240.0001s
    total number of events:              790705

Latency (ms):
         min:                                    0.10
         avg:                                    0.30
         max:                                    9.86
         95th percentile:                        0.42
         sum:                               239529.45

Threads fairness:
    events (avg/stddev):           790705.0000/0.00
    execution time (avg/stddev):   239.5294/0.00

sysbench 1.0.17 (using bundled LuaJIT 2.1.0-beta2)

Running the test with following options:
Number of threads: 4
Initializing random number generator from current time


Extra file open flags: (none)
64 files, 128MiB each
8GiB total file size
Block size 32KiB
Number of IO requests: 0
Read/Write ratio for combined random IO test: 1.50
Calling fsync() after each write operation.
Using synchronous I/O mode
Doing random write test
Initializing worker threads...

Threads started!


File operations:
    reads/s:                      0.00
    writes/s:                     10498.74
    fsyncs/s:                     10498.74

Throughput:
    read, MiB/s:                  0.00
    written, MiB/s:               328.09

General statistics:
    total time:                          240.0003s
    total number of events:              2519717

Latency (ms):
         min:                                    0.10
         avg:                                    0.38
         max:                                   75.88
         95th percentile:                        0.77
         sum:                               958136.90

Threads fairness:
    events (avg/stddev):           629929.2500/786.82
    execution time (avg/stddev):   239.5342/0.00

sysbench 1.0.17 (using bundled LuaJIT 2.1.0-beta2)

Running the test with following options:
Number of threads: 8
Initializing random number generator from current time


Extra file open flags: (none)
64 files, 128MiB each
8GiB total file size
Block size 32KiB
Number of IO requests: 0
Read/Write ratio for combined random IO test: 1.50
Calling fsync() after each write operation.
Using synchronous I/O mode
Doing random write test
Initializing worker threads...

Threads started!


File operations:
    reads/s:                      0.00
    writes/s:                     11338.20
    fsyncs/s:                     11338.20

Throughput:
    read, MiB/s:                  0.00
    written, MiB/s:               354.32

General statistics:
    total time:                          240.0018s
    total number of events:              2721211

Latency (ms):
         min:                                    0.10
         avg:                                    0.70
         max:                                   25.31
         95th percentile:                        1.14
         sum:                              1917731.70

Threads fairness:
    events (avg/stddev):           340151.3750/447.51
    execution time (avg/stddev):   239.7165/0.00

sysbench 1.0.17 (using bundled LuaJIT 2.1.0-beta2)

Running the test with following options:
Number of threads: 16
Initializing random number generator from current time


Extra file open flags: (none)
64 files, 128MiB each
8GiB total file size
Block size 32KiB
Number of IO requests: 0
Read/Write ratio for combined random IO test: 1.50
Calling fsync() after each write operation.
Using synchronous I/O mode
Doing random write test
Initializing worker threads...

Threads started!


File operations:
    reads/s:                      0.00
    writes/s:                     11735.57
    fsyncs/s:                     11735.57

Throughput:
    read, MiB/s:                  0.00
    written, MiB/s:               366.74

General statistics:
    total time:                          240.0028s
    total number of events:              2816591

Latency (ms):
         min:                                    0.10
         avg:                                    1.36
         max:                                   15.77
         95th percentile:                        3.75
         sum:                              3835864.31

Threads fairness:
    events (avg/stddev):           176036.9375/124.41
    execution time (avg/stddev):   239.7415/0.00

sysbench 1.0.17 (using bundled LuaJIT 2.1.0-beta2)

Running the test with following options:
Number of threads: 32
Initializing random number generator from current time


Extra file open flags: (none)
64 files, 128MiB each
8GiB total file size
Block size 32KiB
Number of IO requests: 0
Read/Write ratio for combined random IO test: 1.50
Calling fsync() after each write operation.
Using synchronous I/O mode
Doing random write test
Initializing worker threads...

Threads started!


File operations:
    reads/s:                      0.00
    writes/s:                     12019.81
    fsyncs/s:                     12019.81

Throughput:
    read, MiB/s:                  0.00
    written, MiB/s:               375.62

General statistics:
    total time:                          240.0061s
    total number of events:              2884846

Latency (ms):
         min:                                    0.10
         avg:                                    2.66
         max:                                   21.46
         95th percentile:                        7.30
         sum:                              7673470.84

Threads fairness:
    events (avg/stddev):           90151.4375/175.94
    execution time (avg/stddev):   239.7960/0.00

sysbench 1.0.17 (using bundled LuaJIT 2.1.0-beta2)

Running the test with following options:
Number of threads: 64
Initializing random number generator from current time


Extra file open flags: (none)
64 files, 128MiB each
8GiB total file size
Block size 32KiB
Number of IO requests: 0
Read/Write ratio for combined random IO test: 1.50
Calling fsync() after each write operation.
Using synchronous I/O mode
Doing random write test
Initializing worker threads...

Threads started!


File operations:
    reads/s:                      0.00
    writes/s:                     11981.83
    fsyncs/s:                     11981.83

Throughput:
    read, MiB/s:                  0.00
    written, MiB/s:               374.43

General statistics:
    total time:                          240.0032s
    total number of events:              2875697

Latency (ms):
         min:                                    0.10
         avg:                                    5.34
         max:                                  185.91
         95th percentile:                       13.46
         sum:                             15351415.43

Threads fairness:
    events (avg/stddev):           44932.7656/109.65
    execution time (avg/stddev):   239.8659/0.00

