sysbench 1.0.17 (using bundled LuaJIT 2.1.0-beta2)

Running the test with following options:
Number of threads: 1
Initializing random number generator from current time


Extra file open flags: (none)
64 files, 128MiB each
8GiB total file size
Block size 32KiB
Number of IO requests: 0
Read/Write ratio for combined random IO test: 1.50
Calling fsync() after each write operation.
Using synchronous I/O mode
Doing random read test
Initializing worker threads...

Threads started!


File operations:
    reads/s:                      119044.69
    writes/s:                     0.00
    fsyncs/s:                     0.00

Throughput:
    read, MiB/s:                  3720.15
    written, MiB/s:               0.00

General statistics:
    total time:                          240.0003s
    total number of events:              28571178

Latency (ms):
         min:                                    0.00
         avg:                                    0.01
         max:                                   12.68
         95th percentile:                        0.01
         sum:                               228791.56

Threads fairness:
    events (avg/stddev):           28571178.0000/0.00
    execution time (avg/stddev):   228.7916/0.00

sysbench 1.0.17 (using bundled LuaJIT 2.1.0-beta2)

Running the test with following options:
Number of threads: 4
Initializing random number generator from current time


Extra file open flags: (none)
64 files, 128MiB each
8GiB total file size
Block size 32KiB
Number of IO requests: 0
Read/Write ratio for combined random IO test: 1.50
Calling fsync() after each write operation.
Using synchronous I/O mode
Doing random read test
Initializing worker threads...

Threads started!


File operations:
    reads/s:                      374567.35
    writes/s:                     0.00
    fsyncs/s:                     0.00

Throughput:
    read, MiB/s:                  11705.23
    written, MiB/s:               0.00

General statistics:
    total time:                          240.0004s
    total number of events:              89897517

Latency (ms):
         min:                                    0.00
         avg:                                    0.01
         max:                                   13.58
         95th percentile:                        0.01
         sum:                               843628.92

Threads fairness:
    events (avg/stddev):           22474379.2500/1592712.95
    execution time (avg/stddev):   210.9072/0.79

sysbench 1.0.17 (using bundled LuaJIT 2.1.0-beta2)

Running the test with following options:
Number of threads: 8
Initializing random number generator from current time


Extra file open flags: (none)
64 files, 128MiB each
8GiB total file size
Block size 32KiB
Number of IO requests: 0
Read/Write ratio for combined random IO test: 1.50
Calling fsync() after each write operation.
Using synchronous I/O mode
Doing random read test
Initializing worker threads...

Threads started!


File operations:
    reads/s:                      524831.32
    writes/s:                     0.00
    fsyncs/s:                     0.00

Throughput:
    read, MiB/s:                  16400.98
    written, MiB/s:               0.00

General statistics:
    total time:                          240.0004s
    total number of events:              125961612

Latency (ms):
         min:                                    0.00
         avg:                                    0.01
         max:                                   18.89
         95th percentile:                        0.03
         sum:                              1535135.45

Threads fairness:
    events (avg/stddev):           15745201.5000/1157233.48
    execution time (avg/stddev):   191.8919/0.67

sysbench 1.0.17 (using bundled LuaJIT 2.1.0-beta2)

Running the test with following options:
Number of threads: 16
Initializing random number generator from current time


Extra file open flags: (none)
64 files, 128MiB each
8GiB total file size
Block size 32KiB
Number of IO requests: 0
Read/Write ratio for combined random IO test: 1.50
Calling fsync() after each write operation.
Using synchronous I/O mode
Doing random read test
Initializing worker threads...

Threads started!


File operations:
    reads/s:                      500108.64
    writes/s:                     0.00
    fsyncs/s:                     0.00

Throughput:
    read, MiB/s:                  15628.39
    written, MiB/s:               0.00

General statistics:
    total time:                          240.0003s
    total number of events:              120027909

Latency (ms):
         min:                                    0.00
         avg:                                    0.02
         max:                                   19.11
         95th percentile:                        0.05
         sum:                              2545392.45

Threads fairness:
    events (avg/stddev):           7501744.3125/70954.39
    execution time (avg/stddev):   159.0870/0.35

sysbench 1.0.17 (using bundled LuaJIT 2.1.0-beta2)

Running the test with following options:
Number of threads: 32
Initializing random number generator from current time


Extra file open flags: (none)
64 files, 128MiB each
8GiB total file size
Block size 32KiB
Number of IO requests: 0
Read/Write ratio for combined random IO test: 1.50
Calling fsync() after each write operation.
Using synchronous I/O mode
Doing random read test
Initializing worker threads...

Threads started!


File operations:
    reads/s:                      496047.97
    writes/s:                     0.00
    fsyncs/s:                     0.00

Throughput:
    read, MiB/s:                  15501.50
    written, MiB/s:               0.00

General statistics:
    total time:                          240.0006s
    total number of events:              119053416

Latency (ms):
         min:                                    0.00
         avg:                                    0.04
         max:                                   30.20
         95th percentile:                        0.14
         sum:                              4628340.61

Threads fairness:
    events (avg/stddev):           3720419.2500/16537.14
    execution time (avg/stddev):   144.6356/0.32

sysbench 1.0.17 (using bundled LuaJIT 2.1.0-beta2)

Running the test with following options:
Number of threads: 64
Initializing random number generator from current time


Extra file open flags: (none)
64 files, 128MiB each
8GiB total file size
Block size 32KiB
Number of IO requests: 0
Read/Write ratio for combined random IO test: 1.50
Calling fsync() after each write operation.
Using synchronous I/O mode
Doing random read test
Initializing worker threads...

Threads started!


File operations:
    reads/s:                      537996.04
    writes/s:                     0.00
    fsyncs/s:                     0.00

Throughput:
    read, MiB/s:                  16812.38
    written, MiB/s:               0.00

General statistics:
    total time:                          240.0011s
    total number of events:              129121495

Latency (ms):
         min:                                    0.00
         avg:                                    0.07
         max:                                   58.10
         95th percentile:                        0.30
         sum:                              8611909.63

Threads fairness:
    events (avg/stddev):           2017523.3594/12213.59
    execution time (avg/stddev):   134.5611/0.38

