sysbench 1.0.17 (using bundled LuaJIT 2.1.0-beta2)

Running the test with following options:
Number of threads: 1
Initializing random number generator from current time


Extra file open flags: (none)
64 files, 128MiB each
8GiB total file size
Block size 32KiB
Number of IO requests: 0
Read/Write ratio for combined random IO test: 1.50
Calling fsync() after each write operation.
Using synchronous I/O mode
Doing random write test
Initializing worker threads...

Threads started!


File operations:
    reads/s:                      0.00
    writes/s:                     1113.50
    fsyncs/s:                     1113.50

Throughput:
    read, MiB/s:                  0.00
    written, MiB/s:               34.80

General statistics:
    total time:                          240.0003s
    total number of events:              267244

Latency (ms):
         min:                                    0.22
         avg:                                    0.90
         max:                                  167.36
         95th percentile:                        1.21
         sum:                               239503.89

Threads fairness:
    events (avg/stddev):           267244.0000/0.00
    execution time (avg/stddev):   239.5039/0.00

sysbench 1.0.17 (using bundled LuaJIT 2.1.0-beta2)

Running the test with following options:
Number of threads: 4
Initializing random number generator from current time


Extra file open flags: (none)
64 files, 128MiB each
8GiB total file size
Block size 32KiB
Number of IO requests: 0
Read/Write ratio for combined random IO test: 1.50
Calling fsync() after each write operation.
Using synchronous I/O mode
Doing random write test
Initializing worker threads...

Threads started!


File operations:
    reads/s:                      0.00
    writes/s:                     4532.47
    fsyncs/s:                     4532.47

Throughput:
    read, MiB/s:                  0.00
    written, MiB/s:               141.64

General statistics:
    total time:                          240.0010s
    total number of events:              1087811

Latency (ms):
         min:                                    0.20
         avg:                                    0.88
         max:                                  140.57
         95th percentile:                        1.27
         sum:                               957777.88

Threads fairness:
    events (avg/stddev):           271952.7500/235.35
    execution time (avg/stddev):   239.4445/0.00

sysbench 1.0.17 (using bundled LuaJIT 2.1.0-beta2)

Running the test with following options:
Number of threads: 8
Initializing random number generator from current time


Extra file open flags: (none)
64 files, 128MiB each
8GiB total file size
Block size 32KiB
Number of IO requests: 0
Read/Write ratio for combined random IO test: 1.50
Calling fsync() after each write operation.
Using synchronous I/O mode
Doing random write test
Initializing worker threads...

Threads started!


File operations:
    reads/s:                      0.00
    writes/s:                     9094.74
    fsyncs/s:                     9094.74

Throughput:
    read, MiB/s:                  0.00
    written, MiB/s:               284.21

General statistics:
    total time:                          240.0008s
    total number of events:              2182773

Latency (ms):
         min:                                    0.19
         avg:                                    0.88
         max:                                  189.68
         95th percentile:                        1.37
         sum:                              1913357.23

Threads fairness:
    events (avg/stddev):           272846.6250/587.74
    execution time (avg/stddev):   239.1697/0.01

sysbench 1.0.17 (using bundled LuaJIT 2.1.0-beta2)

Running the test with following options:
Number of threads: 16
Initializing random number generator from current time


Extra file open flags: (none)
64 files, 128MiB each
8GiB total file size
Block size 32KiB
Number of IO requests: 0
Read/Write ratio for combined random IO test: 1.50
Calling fsync() after each write operation.
Using synchronous I/O mode
Doing random write test
Initializing worker threads...

Threads started!


File operations:
    reads/s:                      0.00
    writes/s:                     14308.55
    fsyncs/s:                     14308.55

Throughput:
    read, MiB/s:                  0.00
    written, MiB/s:               447.14

General statistics:
    total time:                          240.0012s
    total number of events:              3434112

Latency (ms):
         min:                                    0.20
         avg:                                    1.11
         max:                                  189.18
         95th percentile:                        1.82
         sum:                              3824570.21

Threads fairness:
    events (avg/stddev):           214632.0000/375.65
    execution time (avg/stddev):   239.0356/0.02

sysbench 1.0.17 (using bundled LuaJIT 2.1.0-beta2)

Running the test with following options:
Number of threads: 32
Initializing random number generator from current time


Extra file open flags: (none)
64 files, 128MiB each
8GiB total file size
Block size 32KiB
Number of IO requests: 0
Read/Write ratio for combined random IO test: 1.50
Calling fsync() after each write operation.
Using synchronous I/O mode
Doing random write test
Initializing worker threads...

Threads started!


File operations:
    reads/s:                      0.00
    writes/s:                     15364.16
    fsyncs/s:                     15364.16

Throughput:
    read, MiB/s:                  0.00
    written, MiB/s:               480.13

General statistics:
    total time:                          240.0142s
    total number of events:              3687660

Latency (ms):
         min:                                    0.20
         avg:                                    2.08
         max:                                  300.30
         95th percentile:                        5.67
         sum:                              7660657.97

Threads fairness:
    events (avg/stddev):           115239.3750/211.69
    execution time (avg/stddev):   239.3956/0.02

sysbench 1.0.17 (using bundled LuaJIT 2.1.0-beta2)

Running the test with following options:
Number of threads: 64
Initializing random number generator from current time


Extra file open flags: (none)
64 files, 128MiB each
8GiB total file size
Block size 32KiB
Number of IO requests: 0
Read/Write ratio for combined random IO test: 1.50
Calling fsync() after each write operation.
Using synchronous I/O mode
Doing random write test
Initializing worker threads...

Threads started!


File operations:
    reads/s:                      0.00
    writes/s:                     15744.97
    fsyncs/s:                     15744.97

Throughput:
    read, MiB/s:                  0.00
    written, MiB/s:               492.03

General statistics:
    total time:                          240.0026s
    total number of events:              3778876

Latency (ms):
         min:                                    0.21
         avg:                                    4.06
         max:                                  211.11
         95th percentile:                       19.65
         sum:                             15334984.97

Threads fairness:
    events (avg/stddev):           59044.9375/111.11
    execution time (avg/stddev):   239.6091/0.02

