sysbench 1.0.17 (using bundled LuaJIT 2.1.0-beta2)

Running the test with following options:
Number of threads: 1
Initializing random number generator from current time


Extra file open flags: (none)
64 files, 128MiB each
8GiB total file size
Block size 32KiB
Number of IO requests: 0
Read/Write ratio for combined random IO test: 1.50
Calling fsync() after each write operation.
Using synchronous I/O mode
Doing random read test
Initializing worker threads...

Threads started!


File operations:
    reads/s:                      201164.78
    writes/s:                     0.00
    fsyncs/s:                     0.00

Throughput:
    read, MiB/s:                  6286.40
    written, MiB/s:               0.00

General statistics:
    total time:                          240.0000s
    total number of events:              48279875

Latency (ms):
         min:                                    0.00
         avg:                                    0.00
         max:                                    0.05
         95th percentile:                        0.01
         sum:                               228114.89

Threads fairness:
    events (avg/stddev):           48279875.0000/0.00
    execution time (avg/stddev):   228.1149/0.00

sysbench 1.0.17 (using bundled LuaJIT 2.1.0-beta2)

Running the test with following options:
Number of threads: 4
Initializing random number generator from current time


Extra file open flags: (none)
64 files, 128MiB each
8GiB total file size
Block size 32KiB
Number of IO requests: 0
Read/Write ratio for combined random IO test: 1.50
Calling fsync() after each write operation.
Using synchronous I/O mode
Doing random read test
Initializing worker threads...

Threads started!


File operations:
    reads/s:                      710251.35
    writes/s:                     0.00
    fsyncs/s:                     0.00

Throughput:
    read, MiB/s:                  22195.35
    written, MiB/s:               0.00

General statistics:
    total time:                          240.0000s
    total number of events:              170461474

Latency (ms):
         min:                                    0.00
         avg:                                    0.01
         max:                                    3.32
         95th percentile:                        0.01
         sum:                               872358.10

Threads fairness:
    events (avg/stddev):           42615368.5000/169398.04
    execution time (avg/stddev):   218.0895/0.16

sysbench 1.0.17 (using bundled LuaJIT 2.1.0-beta2)

Running the test with following options:
Number of threads: 8
Initializing random number generator from current time


Extra file open flags: (none)
64 files, 128MiB each
8GiB total file size
Block size 32KiB
Number of IO requests: 0
Read/Write ratio for combined random IO test: 1.50
Calling fsync() after each write operation.
Using synchronous I/O mode
Doing random read test
Initializing worker threads...

Threads started!


File operations:
    reads/s:                      1065015.96
    writes/s:                     0.00
    fsyncs/s:                     0.00

Throughput:
    read, MiB/s:                  33281.75
    written, MiB/s:               0.00

General statistics:
    total time:                          240.0001s
    total number of events:              255605838

Latency (ms):
         min:                                    0.00
         avg:                                    0.01
         max:                                    0.93
         95th percentile:                        0.01
         sum:                              1603718.42

Threads fairness:
    events (avg/stddev):           31950729.7500/1175034.97
    execution time (avg/stddev):   200.4648/1.51

sysbench 1.0.17 (using bundled LuaJIT 2.1.0-beta2)

Running the test with following options:
Number of threads: 16
Initializing random number generator from current time


Extra file open flags: (none)
64 files, 128MiB each
8GiB total file size
Block size 32KiB
Number of IO requests: 0
Read/Write ratio for combined random IO test: 1.50
Calling fsync() after each write operation.
Using synchronous I/O mode
Doing random read test
Initializing worker threads...

Threads started!


File operations:
    reads/s:                      1090760.33
    writes/s:                     0.00
    fsyncs/s:                     0.00

Throughput:
    read, MiB/s:                  34086.26
    written, MiB/s:               0.00

General statistics:
    total time:                          240.0000s
    total number of events:              261784276

Latency (ms):
         min:                                    0.00
         avg:                                    0.01
         max:                                    2.21
         95th percentile:                        0.02
         sum:                              2700639.72

Threads fairness:
    events (avg/stddev):           16361517.2500/37794.97
    execution time (avg/stddev):   168.7900/0.13

sysbench 1.0.17 (using bundled LuaJIT 2.1.0-beta2)

Running the test with following options:
Number of threads: 32
Initializing random number generator from current time


Extra file open flags: (none)
64 files, 128MiB each
8GiB total file size
Block size 32KiB
Number of IO requests: 0
Read/Write ratio for combined random IO test: 1.50
Calling fsync() after each write operation.
Using synchronous I/O mode
Doing random read test
Initializing worker threads...

Threads started!


File operations:
    reads/s:                      1059062.41
    writes/s:                     0.00
    fsyncs/s:                     0.00

Throughput:
    read, MiB/s:                  33095.70
    written, MiB/s:               0.00

General statistics:
    total time:                          240.0001s
    total number of events:              254176727

Latency (ms):
         min:                                    0.00
         avg:                                    0.02
         max:                                   10.56
         95th percentile:                        0.07
         sum:                              4661849.56

Threads fairness:
    events (avg/stddev):           7943022.7188/9895.94
    execution time (avg/stddev):   145.6828/0.11

sysbench 1.0.17 (using bundled LuaJIT 2.1.0-beta2)

Running the test with following options:
Number of threads: 64
Initializing random number generator from current time


Extra file open flags: (none)
64 files, 128MiB each
8GiB total file size
Block size 32KiB
Number of IO requests: 0
Read/Write ratio for combined random IO test: 1.50
Calling fsync() after each write operation.
Using synchronous I/O mode
Doing random read test
Initializing worker threads...

Threads started!


File operations:
    reads/s:                      1067089.20
    writes/s:                     0.00
    fsyncs/s:                     0.00

Throughput:
    read, MiB/s:                  33346.54
    written, MiB/s:               0.00

General statistics:
    total time:                          240.0002s
    total number of events:              256103260

Latency (ms):
         min:                                    0.00
         avg:                                    0.03
         max:                                   13.62
         95th percentile:                        0.20
         sum:                              8669744.95

Threads fairness:
    events (avg/stddev):           4001613.4375/28423.51
    execution time (avg/stddev):   135.4648/0.13

