sysbench 1.0.17 (using bundled LuaJIT 2.1.0-beta2)

Running the test with following options:
Number of threads: 1
Initializing random number generator from current time


Extra file open flags: (none)
64 files, 128MiB each
8GiB total file size
Block size 32KiB
Number of IO requests: 0
Read/Write ratio for combined random IO test: 1.50
Calling fsync() after each write operation.
Using synchronous I/O mode
Doing random write test
Initializing worker threads...

Threads started!


File operations:
    reads/s:                      0.00
    writes/s:                     7693.62
    fsyncs/s:                     7693.62

Throughput:
    read, MiB/s:                  0.00
    written, MiB/s:               240.43

General statistics:
    total time:                          240.0002s
    total number of events:              1846481

Latency (ms):
         min:                                    0.05
         avg:                                    0.13
         max:                                    8.20
         95th percentile:                        0.15
         sum:                               239381.96

Threads fairness:
    events (avg/stddev):           1846481.0000/0.00
    execution time (avg/stddev):   239.3820/0.00

sysbench 1.0.17 (using bundled LuaJIT 2.1.0-beta2)

Running the test with following options:
Number of threads: 4
Initializing random number generator from current time


Extra file open flags: (none)
64 files, 128MiB each
8GiB total file size
Block size 32KiB
Number of IO requests: 0
Read/Write ratio for combined random IO test: 1.50
Calling fsync() after each write operation.
Using synchronous I/O mode
Doing random write test
Initializing worker threads...

Threads started!


File operations:
    reads/s:                      0.00
    writes/s:                     14235.64
    fsyncs/s:                     14235.64

Throughput:
    read, MiB/s:                  0.00
    written, MiB/s:               444.86

General statistics:
    total time:                          240.0003s
    total number of events:              3416579

Latency (ms):
         min:                                    0.06
         avg:                                    0.28
         max:                                    4.20
         95th percentile:                        0.57
         sum:                               958476.03

Threads fairness:
    events (avg/stddev):           854144.7500/628.59
    execution time (avg/stddev):   239.6190/0.00

sysbench 1.0.17 (using bundled LuaJIT 2.1.0-beta2)

Running the test with following options:
Number of threads: 8
Initializing random number generator from current time


Extra file open flags: (none)
64 files, 128MiB each
8GiB total file size
Block size 32KiB
Number of IO requests: 0
Read/Write ratio for combined random IO test: 1.50
Calling fsync() after each write operation.
Using synchronous I/O mode
Doing random write test
Initializing worker threads...

Threads started!


File operations:
    reads/s:                      0.00
    writes/s:                     14603.50
    fsyncs/s:                     14603.50

Throughput:
    read, MiB/s:                  0.00
    written, MiB/s:               456.36

General statistics:
    total time:                          240.0002s
    total number of events:              3504866

Latency (ms):
         min:                                    0.06
         avg:                                    0.55
         max:                                    6.38
         95th percentile:                        1.08
         sum:                              1917582.30

Threads fairness:
    events (avg/stddev):           438108.2500/266.76
    execution time (avg/stddev):   239.6978/0.00

sysbench 1.0.17 (using bundled LuaJIT 2.1.0-beta2)

Running the test with following options:
Number of threads: 16
Initializing random number generator from current time


Extra file open flags: (none)
64 files, 128MiB each
8GiB total file size
Block size 32KiB
Number of IO requests: 0
Read/Write ratio for combined random IO test: 1.50
Calling fsync() after each write operation.
Using synchronous I/O mode
Doing random write test
Initializing worker threads...

Threads started!


File operations:
    reads/s:                      0.00
    writes/s:                     14964.82
    fsyncs/s:                     14964.82

Throughput:
    read, MiB/s:                  0.00
    written, MiB/s:               467.65

General statistics:
    total time:                          240.0006s
    total number of events:              3591589

Latency (ms):
         min:                                    0.06
         avg:                                    1.07
         max:                                    7.99
         95th percentile:                        2.03
         sum:                              3836505.57

Threads fairness:
    events (avg/stddev):           224474.3125/197.08
    execution time (avg/stddev):   239.7816/0.00

sysbench 1.0.17 (using bundled LuaJIT 2.1.0-beta2)

Running the test with following options:
Number of threads: 32
Initializing random number generator from current time


Extra file open flags: (none)
64 files, 128MiB each
8GiB total file size
Block size 32KiB
Number of IO requests: 0
Read/Write ratio for combined random IO test: 1.50
Calling fsync() after each write operation.
Using synchronous I/O mode
Doing random write test
Initializing worker threads...

Threads started!


File operations:
    reads/s:                      0.00
    writes/s:                     15344.12
    fsyncs/s:                     15344.12

Throughput:
    read, MiB/s:                  0.00
    written, MiB/s:               479.50

General statistics:
    total time:                          240.0014s
    total number of events:              3682632

Latency (ms):
         min:                                    0.06
         avg:                                    2.08
         max:                                   13.01
         95th percentile:                        3.82
         sum:                              7674821.78

Threads fairness:
    events (avg/stddev):           115082.2500/196.27
    execution time (avg/stddev):   239.8382/0.00

sysbench 1.0.17 (using bundled LuaJIT 2.1.0-beta2)

Running the test with following options:
Number of threads: 64
Initializing random number generator from current time


Extra file open flags: (none)
64 files, 128MiB each
8GiB total file size
Block size 32KiB
Number of IO requests: 0
Read/Write ratio for combined random IO test: 1.50
Calling fsync() after each write operation.
Using synchronous I/O mode
Doing random write test
Initializing worker threads...

Threads started!


File operations:
    reads/s:                      0.00
    writes/s:                     15654.43
    fsyncs/s:                     15654.43

Throughput:
    read, MiB/s:                  0.00
    written, MiB/s:               489.20

General statistics:
    total time:                          240.0025s
    total number of events:              3757123

Latency (ms):
         min:                                    0.06
         avg:                                    4.09
         max:                                   22.17
         95th percentile:                        7.04
         sum:                             15349803.04

Threads fairness:
    events (avg/stddev):           58705.0469/100.60
    execution time (avg/stddev):   239.8407/0.00

