sysbench 1.0.17 (using bundled LuaJIT 2.1.0-beta2)

Running the test with following options:
Number of threads: 1
Initializing random number generator from current time


Extra file open flags: (none)
64 files, 128MiB each
8GiB total file size
Block size 32KiB
Number of IO requests: 0
Read/Write ratio for combined random IO test: 1.50
Calling fsync() after each write operation.
Using synchronous I/O mode
Doing random read test
Initializing worker threads...

Threads started!


File operations:
    reads/s:                      200767.77
    writes/s:                     0.00
    fsyncs/s:                     0.00

Throughput:
    read, MiB/s:                  6273.99
    written, MiB/s:               0.00

General statistics:
    total time:                          240.0001s
    total number of events:              48184588

Latency (ms):
         min:                                    0.00
         avg:                                    0.00
         max:                                    0.08
         95th percentile:                        0.01
         sum:                               227439.38

Threads fairness:
    events (avg/stddev):           48184588.0000/0.00
    execution time (avg/stddev):   227.4394/0.00

sysbench 1.0.17 (using bundled LuaJIT 2.1.0-beta2)

Running the test with following options:
Number of threads: 4
Initializing random number generator from current time


Extra file open flags: (none)
64 files, 128MiB each
8GiB total file size
Block size 32KiB
Number of IO requests: 0
Read/Write ratio for combined random IO test: 1.50
Calling fsync() after each write operation.
Using synchronous I/O mode
Doing random read test
Initializing worker threads...

Threads started!


File operations:
    reads/s:                      702986.54
    writes/s:                     0.00
    fsyncs/s:                     0.00

Throughput:
    read, MiB/s:                  21968.33
    written, MiB/s:               0.00

General statistics:
    total time:                          240.0000s
    total number of events:              168717909

Latency (ms):
         min:                                    0.00
         avg:                                    0.01
         max:                                    0.20
         95th percentile:                        0.01
         sum:                               870648.79

Threads fairness:
    events (avg/stddev):           42179477.2500/316254.00
    execution time (avg/stddev):   217.6622/0.14

sysbench 1.0.17 (using bundled LuaJIT 2.1.0-beta2)

Running the test with following options:
Number of threads: 8
Initializing random number generator from current time


Extra file open flags: (none)
64 files, 128MiB each
8GiB total file size
Block size 32KiB
Number of IO requests: 0
Read/Write ratio for combined random IO test: 1.50
Calling fsync() after each write operation.
Using synchronous I/O mode
Doing random read test
Initializing worker threads...

Threads started!


File operations:
    reads/s:                      1081442.66
    writes/s:                     0.00
    fsyncs/s:                     0.00

Throughput:
    read, MiB/s:                  33795.08
    written, MiB/s:               0.00

General statistics:
    total time:                          240.0000s
    total number of events:              259548186

Latency (ms):
         min:                                    0.00
         avg:                                    0.01
         max:                                    7.10
         95th percentile:                        0.01
         sum:                              1591289.34

Threads fairness:
    events (avg/stddev):           32443523.2500/644312.42
    execution time (avg/stddev):   198.9112/1.07

sysbench 1.0.17 (using bundled LuaJIT 2.1.0-beta2)

Running the test with following options:
Number of threads: 16
Initializing random number generator from current time


Extra file open flags: (none)
64 files, 128MiB each
8GiB total file size
Block size 32KiB
Number of IO requests: 0
Read/Write ratio for combined random IO test: 1.50
Calling fsync() after each write operation.
Using synchronous I/O mode
Doing random read test
Initializing worker threads...

Threads started!


File operations:
    reads/s:                      1102254.29
    writes/s:                     0.00
    fsyncs/s:                     0.00

Throughput:
    read, MiB/s:                  34445.45
    written, MiB/s:               0.00

General statistics:
    total time:                          240.0001s
    total number of events:              264542870

Latency (ms):
         min:                                    0.00
         avg:                                    0.01
         max:                                    9.73
         95th percentile:                        0.02
         sum:                              2708309.31

Threads fairness:
    events (avg/stddev):           16533929.3750/26044.62
    execution time (avg/stddev):   169.2693/0.25

sysbench 1.0.17 (using bundled LuaJIT 2.1.0-beta2)

Running the test with following options:
Number of threads: 32
Initializing random number generator from current time


Extra file open flags: (none)
64 files, 128MiB each
8GiB total file size
Block size 32KiB
Number of IO requests: 0
Read/Write ratio for combined random IO test: 1.50
Calling fsync() after each write operation.
Using synchronous I/O mode
Doing random read test
Initializing worker threads...

Threads started!


File operations:
    reads/s:                      1084573.23
    writes/s:                     0.00
    fsyncs/s:                     0.00

Throughput:
    read, MiB/s:                  33892.91
    written, MiB/s:               0.00

General statistics:
    total time:                          240.0001s
    total number of events:              260299648

Latency (ms):
         min:                                    0.00
         avg:                                    0.02
         max:                                   10.15
         95th percentile:                        0.07
         sum:                              4673560.27

Threads fairness:
    events (avg/stddev):           8134364.0000/9530.21
    execution time (avg/stddev):   146.0488/0.11

sysbench 1.0.17 (using bundled LuaJIT 2.1.0-beta2)

Running the test with following options:
Number of threads: 64
Initializing random number generator from current time


Extra file open flags: (none)
64 files, 128MiB each
8GiB total file size
Block size 32KiB
Number of IO requests: 0
Read/Write ratio for combined random IO test: 1.50
Calling fsync() after each write operation.
Using synchronous I/O mode
Doing random read test
Initializing worker threads...

Threads started!


File operations:
    reads/s:                      1086744.40
    writes/s:                     0.00
    fsyncs/s:                     0.00

Throughput:
    read, MiB/s:                  33960.76
    written, MiB/s:               0.00

General statistics:
    total time:                          240.0002s
    total number of events:              260820795

Latency (ms):
         min:                                    0.00
         avg:                                    0.03
         max:                                   31.69
         95th percentile:                        0.19
         sum:                              8673793.46

Threads fairness:
    events (avg/stddev):           4075324.9219/26034.36
    execution time (avg/stddev):   135.5280/0.14

