sysbench 1.0.17 (using bundled LuaJIT 2.1.0-beta2)

Running the test with following options:
Number of threads: 1
Initializing random number generator from current time


Extra file open flags: (none)
64 files, 128MiB each
8GiB total file size
Block size 32KiB
Number of IO requests: 0
Read/Write ratio for combined random IO test: 1.50
Calling fsync() after each write operation.
Using synchronous I/O mode
Doing random read test
Initializing worker threads...

Threads started!


File operations:
    reads/s:                      165114.38
    writes/s:                     0.00
    fsyncs/s:                     0.00

Throughput:
    read, MiB/s:                  5159.82
    written, MiB/s:               0.00

General statistics:
    total time:                          240.0001s
    total number of events:              39627772

Latency (ms):
         min:                                    0.00
         avg:                                    0.01
         max:                                    0.22
         95th percentile:                        0.01
         sum:                               227972.17

Threads fairness:
    events (avg/stddev):           39627772.0000/0.00
    execution time (avg/stddev):   227.9722/0.00

sysbench 1.0.17 (using bundled LuaJIT 2.1.0-beta2)

Running the test with following options:
Number of threads: 4
Initializing random number generator from current time


Extra file open flags: (none)
64 files, 128MiB each
8GiB total file size
Block size 32KiB
Number of IO requests: 0
Read/Write ratio for combined random IO test: 1.50
Calling fsync() after each write operation.
Using synchronous I/O mode
Doing random read test
Initializing worker threads...

Threads started!


File operations:
    reads/s:                      598458.50
    writes/s:                     0.00
    fsyncs/s:                     0.00

Throughput:
    read, MiB/s:                  18701.83
    written, MiB/s:               0.00

General statistics:
    total time:                          240.0001s
    total number of events:              143631266

Latency (ms):
         min:                                    0.00
         avg:                                    0.01
         max:                                    0.62
         95th percentile:                        0.01
         sum:                               882770.16

Threads fairness:
    events (avg/stddev):           35907816.5000/136647.03
    execution time (avg/stddev):   220.6925/0.13

sysbench 1.0.17 (using bundled LuaJIT 2.1.0-beta2)

Running the test with following options:
Number of threads: 8
Initializing random number generator from current time


Extra file open flags: (none)
64 files, 128MiB each
8GiB total file size
Block size 32KiB
Number of IO requests: 0
Read/Write ratio for combined random IO test: 1.50
Calling fsync() after each write operation.
Using synchronous I/O mode
Doing random read test
Initializing worker threads...

Threads started!


File operations:
    reads/s:                      994830.26
    writes/s:                     0.00
    fsyncs/s:                     0.00

Throughput:
    read, MiB/s:                  31088.45
    written, MiB/s:               0.00

General statistics:
    total time:                          240.0002s
    total number of events:              238761285

Latency (ms):
         min:                                    0.00
         avg:                                    0.01
         max:                                    1.84
         95th percentile:                        0.01
         sum:                              1648328.68

Threads fairness:
    events (avg/stddev):           29845160.6250/57060.50
    execution time (avg/stddev):   206.0411/0.07

sysbench 1.0.17 (using bundled LuaJIT 2.1.0-beta2)

Running the test with following options:
Number of threads: 16
Initializing random number generator from current time


Extra file open flags: (none)
64 files, 128MiB each
8GiB total file size
Block size 32KiB
Number of IO requests: 0
Read/Write ratio for combined random IO test: 1.50
Calling fsync() after each write operation.
Using synchronous I/O mode
Doing random read test
Initializing worker threads...

Threads started!


File operations:
    reads/s:                      1015154.43
    writes/s:                     0.00
    fsyncs/s:                     0.00

Throughput:
    read, MiB/s:                  31723.58
    written, MiB/s:               0.00

General statistics:
    total time:                          240.0003s
    total number of events:              243639301

Latency (ms):
         min:                                    0.00
         avg:                                    0.01
         max:                                    4.48
         95th percentile:                        0.02
         sum:                              2842262.35

Threads fairness:
    events (avg/stddev):           15227456.3125/31214.81
    execution time (avg/stddev):   177.6414/0.11

sysbench 1.0.17 (using bundled LuaJIT 2.1.0-beta2)

Running the test with following options:
Number of threads: 32
Initializing random number generator from current time


Extra file open flags: (none)
64 files, 128MiB each
8GiB total file size
Block size 32KiB
Number of IO requests: 0
Read/Write ratio for combined random IO test: 1.50
Calling fsync() after each write operation.
Using synchronous I/O mode
Doing random read test
Initializing worker threads...

Threads started!


File operations:
    reads/s:                      1028515.70
    writes/s:                     0.00
    fsyncs/s:                     0.00

Throughput:
    read, MiB/s:                  32141.12
    written, MiB/s:               0.00

General statistics:
    total time:                          240.0004s
    total number of events:              246846037

Latency (ms):
         min:                                    0.00
         avg:                                    0.02
         max:                                   17.08
         95th percentile:                        0.07
         sum:                              4824545.12

Threads fairness:
    events (avg/stddev):           7713938.6562/8886.38
    execution time (avg/stddev):   150.7670/0.12

sysbench 1.0.17 (using bundled LuaJIT 2.1.0-beta2)

Running the test with following options:
Number of threads: 64
Initializing random number generator from current time


Extra file open flags: (none)
64 files, 128MiB each
8GiB total file size
Block size 32KiB
Number of IO requests: 0
Read/Write ratio for combined random IO test: 1.50
Calling fsync() after each write operation.
Using synchronous I/O mode
Doing random read test
Initializing worker threads...

Threads started!


File operations:
    reads/s:                      1028374.26
    writes/s:                     0.00
    fsyncs/s:                     0.00

Throughput:
    read, MiB/s:                  32136.70
    written, MiB/s:               0.00

General statistics:
    total time:                          240.0006s
    total number of events:              246812411

Latency (ms):
         min:                                    0.00
         avg:                                    0.04
         max:                                   39.67
         95th percentile:                        0.20
         sum:                              8838339.97

Threads fairness:
    events (avg/stddev):           3856443.9219/5210.37
    execution time (avg/stddev):   138.0991/0.15

