sysbench 1.0.17 (using bundled LuaJIT 2.1.0-beta2)

Running the test with following options:
Number of threads: 1
Initializing random number generator from current time


Extra file open flags: (none)
64 files, 128MiB each
8GiB total file size
Block size 32KiB
Number of IO requests: 0
Read/Write ratio for combined random IO test: 1.50
Calling fsync() after each write operation.
Using synchronous I/O mode
Doing random write test
Initializing worker threads...

Threads started!


File operations:
    reads/s:                      0.00
    writes/s:                     3084.85
    fsyncs/s:                     3084.85

Throughput:
    read, MiB/s:                  0.00
    written, MiB/s:               96.40

General statistics:
    total time:                          240.0007s
    total number of events:              740371

Latency (ms):
         min:                                    0.10
         avg:                                    0.32
         max:                                   25.99
         95th percentile:                        0.46
         sum:                               239535.65

Threads fairness:
    events (avg/stddev):           740371.0000/0.00
    execution time (avg/stddev):   239.5356/0.00

sysbench 1.0.17 (using bundled LuaJIT 2.1.0-beta2)

Running the test with following options:
Number of threads: 4
Initializing random number generator from current time


Extra file open flags: (none)
64 files, 128MiB each
8GiB total file size
Block size 32KiB
Number of IO requests: 0
Read/Write ratio for combined random IO test: 1.50
Calling fsync() after each write operation.
Using synchronous I/O mode
Doing random write test
Initializing worker threads...

Threads started!


File operations:
    reads/s:                      0.00
    writes/s:                     10251.81
    fsyncs/s:                     10251.81

Throughput:
    read, MiB/s:                  0.00
    written, MiB/s:               320.37

General statistics:
    total time:                          240.0003s
    total number of events:              2460455

Latency (ms):
         min:                                    0.10
         avg:                                    0.39
         max:                                   25.63
         95th percentile:                        0.86
         sum:                               958245.50

Threads fairness:
    events (avg/stddev):           615113.7500/736.65
    execution time (avg/stddev):   239.5614/0.01

sysbench 1.0.17 (using bundled LuaJIT 2.1.0-beta2)

Running the test with following options:
Number of threads: 8
Initializing random number generator from current time


Extra file open flags: (none)
64 files, 128MiB each
8GiB total file size
Block size 32KiB
Number of IO requests: 0
Read/Write ratio for combined random IO test: 1.50
Calling fsync() after each write operation.
Using synchronous I/O mode
Doing random write test
Initializing worker threads...

Threads started!


File operations:
    reads/s:                      0.00
    writes/s:                     11169.69
    fsyncs/s:                     11169.69

Throughput:
    read, MiB/s:                  0.00
    written, MiB/s:               349.05

General statistics:
    total time:                          240.0005s
    total number of events:              2680749

Latency (ms):
         min:                                    0.10
         avg:                                    0.72
         max:                                  165.22
         95th percentile:                        1.21
         sum:                              1917764.29

Threads fairness:
    events (avg/stddev):           335093.6250/766.83
    execution time (avg/stddev):   239.7205/0.00

sysbench 1.0.17 (using bundled LuaJIT 2.1.0-beta2)

Running the test with following options:
Number of threads: 16
Initializing random number generator from current time


Extra file open flags: (none)
64 files, 128MiB each
8GiB total file size
Block size 32KiB
Number of IO requests: 0
Read/Write ratio for combined random IO test: 1.50
Calling fsync() after each write operation.
Using synchronous I/O mode
Doing random write test
Initializing worker threads...

Threads started!


File operations:
    reads/s:                      0.00
    writes/s:                     11712.80
    fsyncs/s:                     11712.80

Throughput:
    read, MiB/s:                  0.00
    written, MiB/s:               366.03

General statistics:
    total time:                          240.0014s
    total number of events:              2811108

Latency (ms):
         min:                                    0.10
         avg:                                    1.36
         max:                                  393.46
         95th percentile:                        3.49
         sum:                              3835978.78

Threads fairness:
    events (avg/stddev):           175694.2500/193.12
    execution time (avg/stddev):   239.7487/0.00

sysbench 1.0.17 (using bundled LuaJIT 2.1.0-beta2)

Running the test with following options:
Number of threads: 32
Initializing random number generator from current time


Extra file open flags: (none)
64 files, 128MiB each
8GiB total file size
Block size 32KiB
Number of IO requests: 0
Read/Write ratio for combined random IO test: 1.50
Calling fsync() after each write operation.
Using synchronous I/O mode
Doing random write test
Initializing worker threads...

Threads started!


File operations:
    reads/s:                      0.00
    writes/s:                     11985.66
    fsyncs/s:                     11985.66

Throughput:
    read, MiB/s:                  0.00
    written, MiB/s:               374.55

General statistics:
    total time:                          240.0057s
    total number of events:              2876645

Latency (ms):
         min:                                    0.10
         avg:                                    2.67
         max:                                  285.20
         95th percentile:                        7.30
         sum:                              7673065.43

Threads fairness:
    events (avg/stddev):           89895.1562/187.98
    execution time (avg/stddev):   239.7833/0.00

sysbench 1.0.17 (using bundled LuaJIT 2.1.0-beta2)

Running the test with following options:
Number of threads: 64
Initializing random number generator from current time


Extra file open flags: (none)
64 files, 128MiB each
8GiB total file size
Block size 32KiB
Number of IO requests: 0
Read/Write ratio for combined random IO test: 1.50
Calling fsync() after each write operation.
Using synchronous I/O mode
Doing random write test
Initializing worker threads...

Threads started!


File operations:
    reads/s:                      0.00
    writes/s:                     12194.60
    fsyncs/s:                     12194.60

Throughput:
    read, MiB/s:                  0.00
    written, MiB/s:               381.08

General statistics:
    total time:                          240.0051s
    total number of events:              2926786

Latency (ms):
         min:                                    0.11
         avg:                                    5.24
         max:                                  237.80
         95th percentile:                       13.22
         sum:                             15349683.99

Threads fairness:
    events (avg/stddev):           45731.0312/113.75
    execution time (avg/stddev):   239.8388/0.00

