sysbench 1.0.17 (using bundled LuaJIT 2.1.0-beta2)

Running the test with following options:
Number of threads: 1
Initializing random number generator from current time


Extra file open flags: (none)
64 files, 128MiB each
8GiB total file size
Block size 32KiB
Number of IO requests: 0
Read/Write ratio for combined random IO test: 1.50
Calling fsync() after each write operation.
Using synchronous I/O mode
Doing random read test
Initializing worker threads...

Threads started!


File operations:
    reads/s:                      190309.18
    writes/s:                     0.00
    fsyncs/s:                     0.00

Throughput:
    read, MiB/s:                  5947.16
    written, MiB/s:               0.00

General statistics:
    total time:                          240.0001s
    total number of events:              45674516

Latency (ms):
         min:                                    0.00
         avg:                                    0.01
         max:                                    0.20
         95th percentile:                        0.01
         sum:                               229288.25

Threads fairness:
    events (avg/stddev):           45674516.0000/0.00
    execution time (avg/stddev):   229.2882/0.00

sysbench 1.0.17 (using bundled LuaJIT 2.1.0-beta2)

Running the test with following options:
Number of threads: 4
Initializing random number generator from current time


Extra file open flags: (none)
64 files, 128MiB each
8GiB total file size
Block size 32KiB
Number of IO requests: 0
Read/Write ratio for combined random IO test: 1.50
Calling fsync() after each write operation.
Using synchronous I/O mode
Doing random read test
Initializing worker threads...

Threads started!


File operations:
    reads/s:                      660474.01
    writes/s:                     0.00
    fsyncs/s:                     0.00

Throughput:
    read, MiB/s:                  20639.81
    written, MiB/s:               0.00

General statistics:
    total time:                          240.0000s
    total number of events:              158514784

Latency (ms):
         min:                                    0.00
         avg:                                    0.01
         max:                                    0.21
         95th percentile:                        0.01
         sum:                               869935.02

Threads fairness:
    events (avg/stddev):           39628696.0000/548320.72
    execution time (avg/stddev):   217.4838/0.27

sysbench 1.0.17 (using bundled LuaJIT 2.1.0-beta2)

Running the test with following options:
Number of threads: 8
Initializing random number generator from current time


Extra file open flags: (none)
64 files, 128MiB each
8GiB total file size
Block size 32KiB
Number of IO requests: 0
Read/Write ratio for combined random IO test: 1.50
Calling fsync() after each write operation.
Using synchronous I/O mode
Doing random read test
Initializing worker threads...

Threads started!


File operations:
    reads/s:                      1030288.78
    writes/s:                     0.00
    fsyncs/s:                     0.00

Throughput:
    read, MiB/s:                  32196.52
    written, MiB/s:               0.00

General statistics:
    total time:                          240.0001s
    total number of events:              247270876

Latency (ms):
         min:                                    0.00
         avg:                                    0.01
         max:                                    0.43
         95th percentile:                        0.01
         sum:                              1607998.26

Threads fairness:
    events (avg/stddev):           30908859.5000/745225.01
    execution time (avg/stddev):   200.9998/1.09

sysbench 1.0.17 (using bundled LuaJIT 2.1.0-beta2)

Running the test with following options:
Number of threads: 16
Initializing random number generator from current time


Extra file open flags: (none)
64 files, 128MiB each
8GiB total file size
Block size 32KiB
Number of IO requests: 0
Read/Write ratio for combined random IO test: 1.50
Calling fsync() after each write operation.
Using synchronous I/O mode
Doing random read test
Initializing worker threads...

Threads started!


File operations:
    reads/s:                      917644.32
    writes/s:                     0.00
    fsyncs/s:                     0.00

Throughput:
    read, MiB/s:                  28676.38
    written, MiB/s:               0.00

General statistics:
    total time:                          240.0000s
    total number of events:              220236016

Latency (ms):
         min:                                    0.00
         avg:                                    0.01
         max:                                    7.26
         95th percentile:                        0.03
         sum:                              2599980.24

Threads fairness:
    events (avg/stddev):           13764751.0000/16438.41
    execution time (avg/stddev):   162.4988/0.19

sysbench 1.0.17 (using bundled LuaJIT 2.1.0-beta2)

Running the test with following options:
Number of threads: 32
Initializing random number generator from current time


Extra file open flags: (none)
64 files, 128MiB each
8GiB total file size
Block size 32KiB
Number of IO requests: 0
Read/Write ratio for combined random IO test: 1.50
Calling fsync() after each write operation.
Using synchronous I/O mode
Doing random read test
Initializing worker threads...

Threads started!


File operations:
    reads/s:                      957951.70
    writes/s:                     0.00
    fsyncs/s:                     0.00

Throughput:
    read, MiB/s:                  29935.99
    written, MiB/s:               0.00

General statistics:
    total time:                          240.0001s
    total number of events:              229909915

Latency (ms):
         min:                                    0.00
         avg:                                    0.02
         max:                                   10.99
         95th percentile:                        0.08
         sum:                              4624084.41

Threads fairness:
    events (avg/stddev):           7184684.8438/8142.91
    execution time (avg/stddev):   144.5026/0.10

sysbench 1.0.17 (using bundled LuaJIT 2.1.0-beta2)

Running the test with following options:
Number of threads: 64
Initializing random number generator from current time


Extra file open flags: (none)
64 files, 128MiB each
8GiB total file size
Block size 32KiB
Number of IO requests: 0
Read/Write ratio for combined random IO test: 1.50
Calling fsync() after each write operation.
Using synchronous I/O mode
Doing random read test
Initializing worker threads...

Threads started!


File operations:
    reads/s:                      976191.42
    writes/s:                     0.00
    fsyncs/s:                     0.00

Throughput:
    read, MiB/s:                  30505.98
    written, MiB/s:               0.00

General statistics:
    total time:                          240.0002s
    total number of events:              234287543

Latency (ms):
         min:                                    0.00
         avg:                                    0.04
         max:                                   39.85
         95th percentile:                        0.21
         sum:                              8626026.42

Threads fairness:
    events (avg/stddev):           3660742.8594/16241.72
    execution time (avg/stddev):   134.7817/0.16

