sysbench 1.0.17 (using bundled LuaJIT 2.1.0-beta2)

Running the test with following options:
Number of threads: 1
Initializing random number generator from current time


Extra file open flags: (none)
64 files, 128MiB each
8GiB total file size
Block size 32KiB
Number of IO requests: 0
Read/Write ratio for combined random IO test: 1.50
Calling fsync() after each write operation.
Using synchronous I/O mode
Doing random read test
Initializing worker threads...

Threads started!


File operations:
    reads/s:                      215720.48
    writes/s:                     0.00
    fsyncs/s:                     0.00

Throughput:
    read, MiB/s:                  6741.27
    written, MiB/s:               0.00

General statistics:
    total time:                          240.0001s
    total number of events:              51773246

Latency (ms):
         min:                                    0.00
         avg:                                    0.00
         max:                                    1.77
         95th percentile:                        0.01
         sum:                               228745.76

Threads fairness:
    events (avg/stddev):           51773246.0000/0.00
    execution time (avg/stddev):   228.7458/0.00

sysbench 1.0.17 (using bundled LuaJIT 2.1.0-beta2)

Running the test with following options:
Number of threads: 4
Initializing random number generator from current time


Extra file open flags: (none)
64 files, 128MiB each
8GiB total file size
Block size 32KiB
Number of IO requests: 0
Read/Write ratio for combined random IO test: 1.50
Calling fsync() after each write operation.
Using synchronous I/O mode
Doing random read test
Initializing worker threads...

Threads started!


File operations:
    reads/s:                      728130.49
    writes/s:                     0.00
    fsyncs/s:                     0.00

Throughput:
    read, MiB/s:                  22754.08
    written, MiB/s:               0.00

General statistics:
    total time:                          240.0001s
    total number of events:              174752497

Latency (ms):
         min:                                    0.00
         avg:                                    0.00
         max:                                    1.82
         95th percentile:                        0.01
         sum:                               872890.88

Threads fairness:
    events (avg/stddev):           43688124.2500/55724.84
    execution time (avg/stddev):   218.2227/0.05

sysbench 1.0.17 (using bundled LuaJIT 2.1.0-beta2)

Running the test with following options:
Number of threads: 8
Initializing random number generator from current time


Extra file open flags: (none)
64 files, 128MiB each
8GiB total file size
Block size 32KiB
Number of IO requests: 0
Read/Write ratio for combined random IO test: 1.50
Calling fsync() after each write operation.
Using synchronous I/O mode
Doing random read test
Initializing worker threads...

Threads started!


File operations:
    reads/s:                      1140578.57
    writes/s:                     0.00
    fsyncs/s:                     0.00

Throughput:
    read, MiB/s:                  35643.08
    written, MiB/s:               0.00

General statistics:
    total time:                          240.0002s
    total number of events:              273740788

Latency (ms):
         min:                                    0.00
         avg:                                    0.01
         max:                                    3.06
         95th percentile:                        0.01
         sum:                              1601992.06

Threads fairness:
    events (avg/stddev):           34217598.5000/81818.53
    execution time (avg/stddev):   200.2490/0.15

sysbench 1.0.17 (using bundled LuaJIT 2.1.0-beta2)

Running the test with following options:
Number of threads: 16
Initializing random number generator from current time


Extra file open flags: (none)
64 files, 128MiB each
8GiB total file size
Block size 32KiB
Number of IO requests: 0
Read/Write ratio for combined random IO test: 1.50
Calling fsync() after each write operation.
Using synchronous I/O mode
Doing random read test
Initializing worker threads...

Threads started!


File operations:
    reads/s:                      1104180.63
    writes/s:                     0.00
    fsyncs/s:                     0.00

Throughput:
    read, MiB/s:                  34505.64
    written, MiB/s:               0.00

General statistics:
    total time:                          240.0005s
    total number of events:              265005571

Latency (ms):
         min:                                    0.00
         avg:                                    0.01
         max:                                   23.78
         95th percentile:                        0.02
         sum:                              2672613.91

Threads fairness:
    events (avg/stddev):           16562848.1875/47890.81
    execution time (avg/stddev):   167.0384/0.37

sysbench 1.0.17 (using bundled LuaJIT 2.1.0-beta2)

Running the test with following options:
Number of threads: 32
Initializing random number generator from current time


Extra file open flags: (none)
64 files, 128MiB each
8GiB total file size
Block size 32KiB
Number of IO requests: 0
Read/Write ratio for combined random IO test: 1.50
Calling fsync() after each write operation.
Using synchronous I/O mode
Doing random read test
Initializing worker threads...

Threads started!


File operations:
    reads/s:                      1099254.37
    writes/s:                     0.00
    fsyncs/s:                     0.00

Throughput:
    read, MiB/s:                  34351.70
    written, MiB/s:               0.00

General statistics:
    total time:                          240.0004s
    total number of events:              263823080

Latency (ms):
         min:                                    0.00
         avg:                                    0.02
         max:                                   25.96
         95th percentile:                        0.07
         sum:                              4643708.48

Threads fairness:
    events (avg/stddev):           8244471.2500/29770.17
    execution time (avg/stddev):   145.1159/0.11

sysbench 1.0.17 (using bundled LuaJIT 2.1.0-beta2)

Running the test with following options:
Number of threads: 64
Initializing random number generator from current time


Extra file open flags: (none)
64 files, 128MiB each
8GiB total file size
Block size 32KiB
Number of IO requests: 0
Read/Write ratio for combined random IO test: 1.50
Calling fsync() after each write operation.
Using synchronous I/O mode
Doing random read test
Initializing worker threads...

Threads started!


File operations:
    reads/s:                      1101624.15
    writes/s:                     0.00
    fsyncs/s:                     0.00

Throughput:
    read, MiB/s:                  34425.75
    written, MiB/s:               0.00

General statistics:
    total time:                          240.0006s
    total number of events:              264392163

Latency (ms):
         min:                                    0.00
         avg:                                    0.03
         max:                                   25.17
         95th percentile:                        0.19
         sum:                              8721662.42

Threads fairness:
    events (avg/stddev):           4131127.5469/4791.00
    execution time (avg/stddev):   136.2760/0.13

