sysbench 1.0.17 (using bundled LuaJIT 2.1.0-beta2)

Running the test with following options:
Number of threads: 1
Initializing random number generator from current time


Extra file open flags: (none)
64 files, 128MiB each
8GiB total file size
Block size 32KiB
Number of IO requests: 0
Read/Write ratio for combined random IO test: 1.50
Calling fsync() after each write operation.
Using synchronous I/O mode
Doing random write test
Initializing worker threads...

Threads started!


File operations:
    reads/s:                      0.00
    writes/s:                     3948.73
    fsyncs/s:                     3948.73

Throughput:
    read, MiB/s:                  0.00
    written, MiB/s:               123.40

General statistics:
    total time:                          240.0004s
    total number of events:              947702

Latency (ms):
         min:                                    0.09
         avg:                                    0.25
         max:                                    9.34
         95th percentile:                        0.34
         sum:                               239582.94

Threads fairness:
    events (avg/stddev):           947702.0000/0.00
    execution time (avg/stddev):   239.5829/0.00

sysbench 1.0.17 (using bundled LuaJIT 2.1.0-beta2)

Running the test with following options:
Number of threads: 4
Initializing random number generator from current time


Extra file open flags: (none)
64 files, 128MiB each
8GiB total file size
Block size 32KiB
Number of IO requests: 0
Read/Write ratio for combined random IO test: 1.50
Calling fsync() after each write operation.
Using synchronous I/O mode
Doing random write test
Initializing worker threads...

Threads started!


File operations:
    reads/s:                      0.00
    writes/s:                     10853.62
    fsyncs/s:                     10853.62

Throughput:
    read, MiB/s:                  0.00
    written, MiB/s:               339.18

General statistics:
    total time:                          240.0010s
    total number of events:              2604895

Latency (ms):
         min:                                    0.09
         avg:                                    0.37
         max:                                   10.62
         95th percentile:                        0.97
         sum:                               958319.93

Threads fairness:
    events (avg/stddev):           651223.7500/387.50
    execution time (avg/stddev):   239.5800/0.00

sysbench 1.0.17 (using bundled LuaJIT 2.1.0-beta2)

Running the test with following options:
Number of threads: 8
Initializing random number generator from current time


Extra file open flags: (none)
64 files, 128MiB each
8GiB total file size
Block size 32KiB
Number of IO requests: 0
Read/Write ratio for combined random IO test: 1.50
Calling fsync() after each write operation.
Using synchronous I/O mode
Doing random write test
Initializing worker threads...

Threads started!


File operations:
    reads/s:                      0.00
    writes/s:                     11335.41
    fsyncs/s:                     11335.41

Throughput:
    read, MiB/s:                  0.00
    written, MiB/s:               354.23

General statistics:
    total time:                          240.0004s
    total number of events:              2720519

Latency (ms):
         min:                                    0.09
         avg:                                    0.70
         max:                                   17.68
         95th percentile:                        1.12
         sum:                              1917653.10

Threads fairness:
    events (avg/stddev):           340064.8750/880.95
    execution time (avg/stddev):   239.7066/0.00

sysbench 1.0.17 (using bundled LuaJIT 2.1.0-beta2)

Running the test with following options:
Number of threads: 16
Initializing random number generator from current time


Extra file open flags: (none)
64 files, 128MiB each
8GiB total file size
Block size 32KiB
Number of IO requests: 0
Read/Write ratio for combined random IO test: 1.50
Calling fsync() after each write operation.
Using synchronous I/O mode
Doing random write test
Initializing worker threads...

Threads started!


File operations:
    reads/s:                      0.00
    writes/s:                     11726.74
    fsyncs/s:                     11726.74

Throughput:
    read, MiB/s:                  0.00
    written, MiB/s:               366.46

General statistics:
    total time:                          240.0027s
    total number of events:              2814464

Latency (ms):
         min:                                    0.09
         avg:                                    1.36
         max:                                   13.60
         95th percentile:                        3.82
         sum:                              3835962.21

Threads fairness:
    events (avg/stddev):           175904.0000/260.14
    execution time (avg/stddev):   239.7476/0.00

sysbench 1.0.17 (using bundled LuaJIT 2.1.0-beta2)

Running the test with following options:
Number of threads: 32
Initializing random number generator from current time


Extra file open flags: (none)
64 files, 128MiB each
8GiB total file size
Block size 32KiB
Number of IO requests: 0
Read/Write ratio for combined random IO test: 1.50
Calling fsync() after each write operation.
Using synchronous I/O mode
Doing random write test
Initializing worker threads...

Threads started!


File operations:
    reads/s:                      0.00
    writes/s:                     12018.43
    fsyncs/s:                     12018.43

Throughput:
    read, MiB/s:                  0.00
    written, MiB/s:               375.58

General statistics:
    total time:                          240.0040s
    total number of events:              2884486

Latency (ms):
         min:                                    0.09
         avg:                                    2.66
         max:                                   25.27
         95th percentile:                        7.30
         sum:                              7673607.11

Threads fairness:
    events (avg/stddev):           90140.1875/218.74
    execution time (avg/stddev):   239.8002/0.00

sysbench 1.0.17 (using bundled LuaJIT 2.1.0-beta2)

Running the test with following options:
Number of threads: 64
Initializing random number generator from current time


Extra file open flags: (none)
64 files, 128MiB each
8GiB total file size
Block size 32KiB
Number of IO requests: 0
Read/Write ratio for combined random IO test: 1.50
Calling fsync() after each write operation.
Using synchronous I/O mode
Doing random write test
Initializing worker threads...

Threads started!


File operations:
    reads/s:                      0.00
    writes/s:                     12213.96
    fsyncs/s:                     12213.96

Throughput:
    read, MiB/s:                  0.00
    written, MiB/s:               381.69

General statistics:
    total time:                          240.0117s
    total number of events:              2931511

Latency (ms):
         min:                                    0.09
         avg:                                    5.24
         max:                                   48.52
         95th percentile:                       13.22
         sum:                             15351054.71

Threads fairness:
    events (avg/stddev):           45804.8594/98.78
    execution time (avg/stddev):   239.8602/0.00

