sysbench 1.0.17 (using bundled LuaJIT 2.1.0-beta2)

Running the test with following options:
Number of threads: 1
Initializing random number generator from current time


Extra file open flags: (none)
64 files, 128MiB each
8GiB total file size
Block size 32KiB
Number of IO requests: 0
Read/Write ratio for combined random IO test: 1.50
Calling fsync() after each write operation.
Using synchronous I/O mode
Doing random read test
Initializing worker threads...

Threads started!


File operations:
    reads/s:                      216788.66
    writes/s:                     0.00
    fsyncs/s:                     0.00

Throughput:
    read, MiB/s:                  6774.65
    written, MiB/s:               0.00

General statistics:
    total time:                          240.0001s
    total number of events:              52029613

Latency (ms):
         min:                                    0.00
         avg:                                    0.00
         max:                                    2.91
         95th percentile:                        0.01
         sum:                               228993.91

Threads fairness:
    events (avg/stddev):           52029613.0000/0.00
    execution time (avg/stddev):   228.9939/0.00

sysbench 1.0.17 (using bundled LuaJIT 2.1.0-beta2)

Running the test with following options:
Number of threads: 4
Initializing random number generator from current time


Extra file open flags: (none)
64 files, 128MiB each
8GiB total file size
Block size 32KiB
Number of IO requests: 0
Read/Write ratio for combined random IO test: 1.50
Calling fsync() after each write operation.
Using synchronous I/O mode
Doing random read test
Initializing worker threads...

Threads started!


File operations:
    reads/s:                      729852.80
    writes/s:                     0.00
    fsyncs/s:                     0.00

Throughput:
    read, MiB/s:                  22807.90
    written, MiB/s:               0.00

General statistics:
    total time:                          240.0001s
    total number of events:              175165870

Latency (ms):
         min:                                    0.00
         avg:                                    0.00
         max:                                    2.41
         95th percentile:                        0.01
         sum:                               872667.18

Threads fairness:
    events (avg/stddev):           43791467.5000/83963.89
    execution time (avg/stddev):   218.1668/0.17

sysbench 1.0.17 (using bundled LuaJIT 2.1.0-beta2)

Running the test with following options:
Number of threads: 8
Initializing random number generator from current time


Extra file open flags: (none)
64 files, 128MiB each
8GiB total file size
Block size 32KiB
Number of IO requests: 0
Read/Write ratio for combined random IO test: 1.50
Calling fsync() after each write operation.
Using synchronous I/O mode
Doing random read test
Initializing worker threads...

Threads started!


File operations:
    reads/s:                      1128318.63
    writes/s:                     0.00
    fsyncs/s:                     0.00

Throughput:
    read, MiB/s:                  35259.96
    written, MiB/s:               0.00

General statistics:
    total time:                          240.0002s
    total number of events:              270798294

Latency (ms):
         min:                                    0.00
         avg:                                    0.01
         max:                                    2.46
         95th percentile:                        0.01
         sum:                              1594787.40

Threads fairness:
    events (avg/stddev):           33849786.7500/92370.91
    execution time (avg/stddev):   199.3484/0.15

sysbench 1.0.17 (using bundled LuaJIT 2.1.0-beta2)

Running the test with following options:
Number of threads: 16
Initializing random number generator from current time


Extra file open flags: (none)
64 files, 128MiB each
8GiB total file size
Block size 32KiB
Number of IO requests: 0
Read/Write ratio for combined random IO test: 1.50
Calling fsync() after each write operation.
Using synchronous I/O mode
Doing random read test
Initializing worker threads...

Threads started!


File operations:
    reads/s:                      1049452.92
    writes/s:                     0.00
    fsyncs/s:                     0.00

Throughput:
    read, MiB/s:                  32795.40
    written, MiB/s:               0.00

General statistics:
    total time:                          240.0002s
    total number of events:              251870479

Latency (ms):
         min:                                    0.00
         avg:                                    0.01
         max:                                   11.40
         95th percentile:                        0.02
         sum:                              2622402.03

Threads fairness:
    events (avg/stddev):           15741904.9375/53330.62
    execution time (avg/stddev):   163.9001/0.16

sysbench 1.0.17 (using bundled LuaJIT 2.1.0-beta2)

Running the test with following options:
Number of threads: 32
Initializing random number generator from current time


Extra file open flags: (none)
64 files, 128MiB each
8GiB total file size
Block size 32KiB
Number of IO requests: 0
Read/Write ratio for combined random IO test: 1.50
Calling fsync() after each write operation.
Using synchronous I/O mode
Doing random read test
Initializing worker threads...

Threads started!


File operations:
    reads/s:                      1110745.42
    writes/s:                     0.00
    fsyncs/s:                     0.00

Throughput:
    read, MiB/s:                  34710.79
    written, MiB/s:               0.00

General statistics:
    total time:                          240.0004s
    total number of events:              266580931

Latency (ms):
         min:                                    0.00
         avg:                                    0.02
         max:                                   24.31
         95th percentile:                        0.07
         sum:                              4647610.84

Threads fairness:
    events (avg/stddev):           8330654.0938/30417.65
    execution time (avg/stddev):   145.2378/0.13

sysbench 1.0.17 (using bundled LuaJIT 2.1.0-beta2)

Running the test with following options:
Number of threads: 64
Initializing random number generator from current time


Extra file open flags: (none)
64 files, 128MiB each
8GiB total file size
Block size 32KiB
Number of IO requests: 0
Read/Write ratio for combined random IO test: 1.50
Calling fsync() after each write operation.
Using synchronous I/O mode
Doing random read test
Initializing worker threads...

Threads started!


File operations:
    reads/s:                      1107492.71
    writes/s:                     0.00
    fsyncs/s:                     0.00

Throughput:
    read, MiB/s:                  34609.15
    written, MiB/s:               0.00

General statistics:
    total time:                          240.0006s
    total number of events:              265800620

Latency (ms):
         min:                                    0.00
         avg:                                    0.03
         max:                                   26.04
         95th percentile:                        0.19
         sum:                              8711333.05

Threads fairness:
    events (avg/stddev):           4153134.6875/5856.19
    execution time (avg/stddev):   136.1146/0.16

