sysbench 1.0.17 (using bundled LuaJIT 2.1.0-beta2)

Running the test with following options:
Number of threads: 1
Initializing random number generator from current time


Extra file open flags: (none)
64 files, 128MiB each
8GiB total file size
Block size 32KiB
Number of IO requests: 0
Read/Write ratio for combined random IO test: 1.50
Calling fsync() after each write operation.
Using synchronous I/O mode
Doing random write test
Initializing worker threads...

Threads started!


File operations:
    reads/s:                      0.00
    writes/s:                     3884.57
    fsyncs/s:                     3884.57

Throughput:
    read, MiB/s:                  0.00
    written, MiB/s:               121.39

General statistics:
    total time:                          240.0002s
    total number of events:              932304

Latency (ms):
         min:                                    0.09
         avg:                                    0.26
         max:                                    9.99
         95th percentile:                        0.35
         sum:                               239580.55

Threads fairness:
    events (avg/stddev):           932304.0000/0.00
    execution time (avg/stddev):   239.5805/0.00

sysbench 1.0.17 (using bundled LuaJIT 2.1.0-beta2)

Running the test with following options:
Number of threads: 4
Initializing random number generator from current time


Extra file open flags: (none)
64 files, 128MiB each
8GiB total file size
Block size 32KiB
Number of IO requests: 0
Read/Write ratio for combined random IO test: 1.50
Calling fsync() after each write operation.
Using synchronous I/O mode
Doing random write test
Initializing worker threads...

Threads started!


File operations:
    reads/s:                      0.00
    writes/s:                     10850.66
    fsyncs/s:                     10850.66

Throughput:
    read, MiB/s:                  0.00
    written, MiB/s:               339.08

General statistics:
    total time:                          240.0006s
    total number of events:              2604183

Latency (ms):
         min:                                    0.09
         avg:                                    0.37
         max:                                   10.33
         95th percentile:                        0.97
         sum:                               958297.95

Threads fairness:
    events (avg/stddev):           651045.7500/1534.12
    execution time (avg/stddev):   239.5745/0.00

sysbench 1.0.17 (using bundled LuaJIT 2.1.0-beta2)

Running the test with following options:
Number of threads: 8
Initializing random number generator from current time


Extra file open flags: (none)
64 files, 128MiB each
8GiB total file size
Block size 32KiB
Number of IO requests: 0
Read/Write ratio for combined random IO test: 1.50
Calling fsync() after each write operation.
Using synchronous I/O mode
Doing random write test
Initializing worker threads...

Threads started!


File operations:
    reads/s:                      0.00
    writes/s:                     11328.63
    fsyncs/s:                     11328.63

Throughput:
    read, MiB/s:                  0.00
    written, MiB/s:               354.02

General statistics:
    total time:                          240.0012s
    total number of events:              2718901

Latency (ms):
         min:                                    0.09
         avg:                                    0.71
         max:                                   13.85
         95th percentile:                        1.12
         sum:                              1917751.32

Threads fairness:
    events (avg/stddev):           339862.6250/456.70
    execution time (avg/stddev):   239.7189/0.00

sysbench 1.0.17 (using bundled LuaJIT 2.1.0-beta2)

Running the test with following options:
Number of threads: 16
Initializing random number generator from current time


Extra file open flags: (none)
64 files, 128MiB each
8GiB total file size
Block size 32KiB
Number of IO requests: 0
Read/Write ratio for combined random IO test: 1.50
Calling fsync() after each write operation.
Using synchronous I/O mode
Doing random write test
Initializing worker threads...

Threads started!


File operations:
    reads/s:                      0.00
    writes/s:                     11729.00
    fsyncs/s:                     11729.00

Throughput:
    read, MiB/s:                  0.00
    written, MiB/s:               366.53

General statistics:
    total time:                          240.0022s
    total number of events:              2815002

Latency (ms):
         min:                                    0.09
         avg:                                    1.36
         max:                                   12.60
         95th percentile:                        3.89
         sum:                              3836052.80

Threads fairness:
    events (avg/stddev):           175937.6250/324.45
    execution time (avg/stddev):   239.7533/0.00

sysbench 1.0.17 (using bundled LuaJIT 2.1.0-beta2)

Running the test with following options:
Number of threads: 32
Initializing random number generator from current time


Extra file open flags: (none)
64 files, 128MiB each
8GiB total file size
Block size 32KiB
Number of IO requests: 0
Read/Write ratio for combined random IO test: 1.50
Calling fsync() after each write operation.
Using synchronous I/O mode
Doing random write test
Initializing worker threads...

Threads started!


File operations:
    reads/s:                      0.00
    writes/s:                     12018.10
    fsyncs/s:                     12018.10

Throughput:
    read, MiB/s:                  0.00
    written, MiB/s:               375.57

General statistics:
    total time:                          240.0058s
    total number of events:              2884428

Latency (ms):
         min:                                    0.09
         avg:                                    2.66
         max:                                   23.20
         95th percentile:                        7.30
         sum:                              7673965.15

Threads fairness:
    events (avg/stddev):           90138.3750/222.70
    execution time (avg/stddev):   239.8114/0.00

sysbench 1.0.17 (using bundled LuaJIT 2.1.0-beta2)

Running the test with following options:
Number of threads: 64
Initializing random number generator from current time


Extra file open flags: (none)
64 files, 128MiB each
8GiB total file size
Block size 32KiB
Number of IO requests: 0
Read/Write ratio for combined random IO test: 1.50
Calling fsync() after each write operation.
Using synchronous I/O mode
Doing random write test
Initializing worker threads...

Threads started!


File operations:
    reads/s:                      0.00
    writes/s:                     12215.26
    fsyncs/s:                     12215.26

Throughput:
    read, MiB/s:                  0.00
    written, MiB/s:               381.73

General statistics:
    total time:                          240.0107s
    total number of events:              2931807

Latency (ms):
         min:                                    0.09
         avg:                                    5.24
         max:                                   42.43
         95th percentile:                       13.22
         sum:                             15351845.54

Threads fairness:
    events (avg/stddev):           45809.4844/122.44
    execution time (avg/stddev):   239.8726/0.00

