sysbench 1.0.17 (using bundled LuaJIT 2.1.0-beta2)

Running the test with following options:
Number of threads: 1
Initializing random number generator from current time


Extra file open flags: (none)
64 files, 128MiB each
8GiB total file size
Block size 32KiB
Number of IO requests: 0
Read/Write ratio for combined random IO test: 1.50
Calling fsync() after each write operation.
Using synchronous I/O mode
Doing random read test
Initializing worker threads...

Threads started!


File operations:
    reads/s:                      157713.42
    writes/s:                     0.00
    fsyncs/s:                     0.00

Throughput:
    read, MiB/s:                  4928.54
    written, MiB/s:               0.00

General statistics:
    total time:                          240.0002s
    total number of events:              37851584

Latency (ms):
         min:                                    0.00
         avg:                                    0.01
         max:                                    8.08
         95th percentile:                        0.01
         sum:                               229561.60

Threads fairness:
    events (avg/stddev):           37851584.0000/0.00
    execution time (avg/stddev):   229.5616/0.00

sysbench 1.0.17 (using bundled LuaJIT 2.1.0-beta2)

Running the test with following options:
Number of threads: 4
Initializing random number generator from current time


Extra file open flags: (none)
64 files, 128MiB each
8GiB total file size
Block size 32KiB
Number of IO requests: 0
Read/Write ratio for combined random IO test: 1.50
Calling fsync() after each write operation.
Using synchronous I/O mode
Doing random read test
Initializing worker threads...

Threads started!


File operations:
    reads/s:                      554380.14
    writes/s:                     0.00
    fsyncs/s:                     0.00

Throughput:
    read, MiB/s:                  17324.38
    written, MiB/s:               0.00

General statistics:
    total time:                          240.0001s
    total number of events:              133052520

Latency (ms):
         min:                                    0.00
         avg:                                    0.01
         max:                                   11.50
         95th percentile:                        0.01
         sum:                               895055.24

Threads fairness:
    events (avg/stddev):           33263130.0000/190963.00
    execution time (avg/stddev):   223.7638/0.07

sysbench 1.0.17 (using bundled LuaJIT 2.1.0-beta2)

Running the test with following options:
Number of threads: 8
Initializing random number generator from current time


Extra file open flags: (none)
64 files, 128MiB each
8GiB total file size
Block size 32KiB
Number of IO requests: 0
Read/Write ratio for combined random IO test: 1.50
Calling fsync() after each write operation.
Using synchronous I/O mode
Doing random read test
Initializing worker threads...

Threads started!


File operations:
    reads/s:                      897321.66
    writes/s:                     0.00
    fsyncs/s:                     0.00

Throughput:
    read, MiB/s:                  28041.30
    written, MiB/s:               0.00

General statistics:
    total time:                          240.0001s
    total number of events:              215359481

Latency (ms):
         min:                                    0.00
         avg:                                    0.01
         max:                                   11.39
         95th percentile:                        0.01
         sum:                              1703854.39

Threads fairness:
    events (avg/stddev):           26919935.1250/49159.82
    execution time (avg/stddev):   212.9818/0.13

sysbench 1.0.17 (using bundled LuaJIT 2.1.0-beta2)

Running the test with following options:
Number of threads: 16
Initializing random number generator from current time


Extra file open flags: (none)
64 files, 128MiB each
8GiB total file size
Block size 32KiB
Number of IO requests: 0
Read/Write ratio for combined random IO test: 1.50
Calling fsync() after each write operation.
Using synchronous I/O mode
Doing random read test
Initializing worker threads...

Threads started!


File operations:
    reads/s:                      1096955.90
    writes/s:                     0.00
    fsyncs/s:                     0.00

Throughput:
    read, MiB/s:                  34279.87
    written, MiB/s:               0.00

General statistics:
    total time:                          240.0002s
    total number of events:              263272075

Latency (ms):
         min:                                    0.00
         avg:                                    0.01
         max:                                   14.51
         95th percentile:                        0.02
         sum:                              2922543.62

Threads fairness:
    events (avg/stddev):           16454504.6875/28973.93
    execution time (avg/stddev):   182.6590/0.15

sysbench 1.0.17 (using bundled LuaJIT 2.1.0-beta2)

Running the test with following options:
Number of threads: 32
Initializing random number generator from current time


Extra file open flags: (none)
64 files, 128MiB each
8GiB total file size
Block size 32KiB
Number of IO requests: 0
Read/Write ratio for combined random IO test: 1.50
Calling fsync() after each write operation.
Using synchronous I/O mode
Doing random read test
Initializing worker threads...

Threads started!


File operations:
    reads/s:                      989653.00
    writes/s:                     0.00
    fsyncs/s:                     0.00

Throughput:
    read, MiB/s:                  30926.66
    written, MiB/s:               0.00

General statistics:
    total time:                          240.0004s
    total number of events:              237519138

Latency (ms):
         min:                                    0.00
         avg:                                    0.02
         max:                                   41.20
         95th percentile:                        0.06
         sum:                              5017978.63

Threads fairness:
    events (avg/stddev):           7422473.0625/13548.76
    execution time (avg/stddev):   156.8118/0.18

sysbench 1.0.17 (using bundled LuaJIT 2.1.0-beta2)

Running the test with following options:
Number of threads: 64
Initializing random number generator from current time


Extra file open flags: (none)
64 files, 128MiB each
8GiB total file size
Block size 32KiB
Number of IO requests: 0
Read/Write ratio for combined random IO test: 1.50
Calling fsync() after each write operation.
Using synchronous I/O mode
Doing random read test
Initializing worker threads...

Threads started!


File operations:
    reads/s:                      935165.75
    writes/s:                     0.00
    fsyncs/s:                     0.00

Throughput:
    read, MiB/s:                  29223.93
    written, MiB/s:               0.00

General statistics:
    total time:                          240.0044s
    total number of events:              224445838

Latency (ms):
         min:                                    0.00
         avg:                                    0.04
         max:                                   60.62
         95th percentile:                        0.12
         sum:                              9111503.62

Threads fairness:
    events (avg/stddev):           3506966.2188/10113.20
    execution time (avg/stddev):   142.3672/0.25

