sysbench 1.0.17 (using bundled LuaJIT 2.1.0-beta2)

Running the test with following options:
Number of threads: 1
Initializing random number generator from current time


Extra file open flags: (none)
64 files, 128MiB each
8GiB total file size
Block size 32KiB
Number of IO requests: 0
Read/Write ratio for combined random IO test: 1.50
Calling fsync() after each write operation.
Using synchronous I/O mode
Doing random write test
Initializing worker threads...

Threads started!


File operations:
    reads/s:                      0.00
    writes/s:                     1775.56
    fsyncs/s:                     1775.56

Throughput:
    read, MiB/s:                  0.00
    written, MiB/s:               55.49

General statistics:
    total time:                          240.0005s
    total number of events:              426140

Latency (ms):
         min:                                    0.10
         avg:                                    0.56
         max:                                   15.60
         95th percentile:                        0.80
         sum:                               239394.07

Threads fairness:
    events (avg/stddev):           426140.0000/0.00
    execution time (avg/stddev):   239.3941/0.00

sysbench 1.0.17 (using bundled LuaJIT 2.1.0-beta2)

Running the test with following options:
Number of threads: 4
Initializing random number generator from current time


Extra file open flags: (none)
64 files, 128MiB each
8GiB total file size
Block size 32KiB
Number of IO requests: 0
Read/Write ratio for combined random IO test: 1.50
Calling fsync() after each write operation.
Using synchronous I/O mode
Doing random write test
Initializing worker threads...

Threads started!


File operations:
    reads/s:                      0.00
    writes/s:                     8044.48
    fsyncs/s:                     8044.48

Throughput:
    read, MiB/s:                  0.00
    written, MiB/s:               251.39

General statistics:
    total time:                          240.0006s
    total number of events:              1930697

Latency (ms):
         min:                                    0.09
         avg:                                    0.50
         max:                                  183.66
         95th percentile:                        0.77
         sum:                               957739.33

Threads fairness:
    events (avg/stddev):           482674.2500/116.57
    execution time (avg/stddev):   239.4348/0.00

sysbench 1.0.17 (using bundled LuaJIT 2.1.0-beta2)

Running the test with following options:
Number of threads: 8
Initializing random number generator from current time


Extra file open flags: (none)
64 files, 128MiB each
8GiB total file size
Block size 32KiB
Number of IO requests: 0
Read/Write ratio for combined random IO test: 1.50
Calling fsync() after each write operation.
Using synchronous I/O mode
Doing random write test
Initializing worker threads...

Threads started!


File operations:
    reads/s:                      0.00
    writes/s:                     14897.80
    fsyncs/s:                     14897.80

Throughput:
    read, MiB/s:                  0.00
    written, MiB/s:               465.56

General statistics:
    total time:                          240.0003s
    total number of events:              3575503

Latency (ms):
         min:                                    0.09
         avg:                                    0.54
         max:                                   23.58
         95th percentile:                        0.84
         sum:                              1915015.23

Threads fairness:
    events (avg/stddev):           446937.8750/527.24
    execution time (avg/stddev):   239.3769/0.01

sysbench 1.0.17 (using bundled LuaJIT 2.1.0-beta2)

Running the test with following options:
Number of threads: 16
Initializing random number generator from current time


Extra file open flags: (none)
64 files, 128MiB each
8GiB total file size
Block size 32KiB
Number of IO requests: 0
Read/Write ratio for combined random IO test: 1.50
Calling fsync() after each write operation.
Using synchronous I/O mode
Doing random write test
Initializing worker threads...

Threads started!


File operations:
    reads/s:                      0.00
    writes/s:                     15578.95
    fsyncs/s:                     15578.95

Throughput:
    read, MiB/s:                  0.00
    written, MiB/s:               486.84

General statistics:
    total time:                          240.0006s
    total number of events:              3738990

Latency (ms):
         min:                                    0.09
         avg:                                    1.03
         max:                                   34.79
         95th percentile:                        1.12
         sum:                              3833455.50

Threads fairness:
    events (avg/stddev):           233686.8750/339.78
    execution time (avg/stddev):   239.5910/0.01

sysbench 1.0.17 (using bundled LuaJIT 2.1.0-beta2)

Running the test with following options:
Number of threads: 32
Initializing random number generator from current time


Extra file open flags: (none)
64 files, 128MiB each
8GiB total file size
Block size 32KiB
Number of IO requests: 0
Read/Write ratio for combined random IO test: 1.50
Calling fsync() after each write operation.
Using synchronous I/O mode
Doing random write test
Initializing worker threads...

Threads started!


File operations:
    reads/s:                      0.00
    writes/s:                     15937.87
    fsyncs/s:                     15937.87

Throughput:
    read, MiB/s:                  0.00
    written, MiB/s:               498.06

General statistics:
    total time:                          240.0320s
    total number of events:              3825627

Latency (ms):
         min:                                    0.10
         avg:                                    2.01
         max:                                   40.34
         95th percentile:                        1.96
         sum:                              7673032.45

Threads fairness:
    events (avg/stddev):           119550.8438/195.12
    execution time (avg/stddev):   239.7823/0.01

sysbench 1.0.17 (using bundled LuaJIT 2.1.0-beta2)

Running the test with following options:
Number of threads: 64
Initializing random number generator from current time


Extra file open flags: (none)
64 files, 128MiB each
8GiB total file size
Block size 32KiB
Number of IO requests: 0
Read/Write ratio for combined random IO test: 1.50
Calling fsync() after each write operation.
Using synchronous I/O mode
Doing random write test
Initializing worker threads...

Threads started!


File operations:
    reads/s:                      0.00
    writes/s:                     16101.99
    fsyncs/s:                     16101.99

Throughput:
    read, MiB/s:                  0.00
    written, MiB/s:               503.19

General statistics:
    total time:                          240.0340s
    total number of events:              3865056

Latency (ms):
         min:                                    0.10
         avg:                                    3.97
         max:                                   46.57
         95th percentile:                       36.24
         sum:                             15353275.36

Threads fairness:
    events (avg/stddev):           60391.5000/129.59
    execution time (avg/stddev):   239.8949/0.01

