sysbench 1.0.17 (using bundled LuaJIT 2.1.0-beta2)

Running the test with following options:
Number of threads: 1
Initializing random number generator from current time


Extra file open flags: (none)
64 files, 128MiB each
8GiB total file size
Block size 32KiB
Number of IO requests: 0
Read/Write ratio for combined random IO test: 1.50
Calling fsync() after each write operation.
Using synchronous I/O mode
Doing random write test
Initializing worker threads...

Threads started!


File operations:
    reads/s:                      0.00
    writes/s:                     7679.29
    fsyncs/s:                     7679.29

Throughput:
    read, MiB/s:                  0.00
    written, MiB/s:               239.98

General statistics:
    total time:                          240.0377s
    total number of events:              1843329

Latency (ms):
         min:                                    0.08
         avg:                                    2.08
         max:                                   50.68
         95th percentile:                        1.16
         sum:                              3838477.27

Threads fairness:
    events (avg/stddev):           115208.0625/270.44
    execution time (avg/stddev):   239.9048/0.00

sysbench 1.0.17 (using bundled LuaJIT 2.1.0-beta2)

Running the test with following options:
Number of threads: 32
Initializing random number generator from current time


Extra file open flags: (none)
64 files, 128MiB each
8GiB total file size
Block size 32KiB
Number of IO requests: 0
Read/Write ratio for combined random IO test: 1.50
Calling fsync() after each write operation.
Using synchronous I/O mode
Doing random write test
Initializing worker threads...

Threads started!


File operations:
    reads/s:                      0.00
    writes/s:                     484.10
    fsyncs/s:                     484.10

Throughput:
    read, MiB/s:                  0.00
    written, MiB/s:               15.13

General statistics:
    total time:                          240.0015s
    total number of events:              116186

Latency (ms):
         min:                                    0.08
         avg:                                    2.06
         max:                                   51.57
         95th percentile:                        1.04
         sum:                               239920.00

Threads fairness:
    events (avg/stddev):           116186.0000/0.00
    execution time (avg/stddev):   239.9200/0.00

sysbench 1.0.17 (using bundled LuaJIT 2.1.0-beta2)

Running the test with following options:
Number of threads: 4
Initializing random number generator from current time


Extra file open flags: (none)
64 files, 128MiB each
8GiB total file size
Block size 32KiB
Number of IO requests: 0
Read/Write ratio for combined random IO test: 1.50
Calling fsync() after each write operation.
Using synchronous I/O mode
Doing random write test
Initializing worker threads...

Threads started!


File operations:
    reads/s:                      0.00
    writes/s:                     7532.99
    fsyncs/s:                     7532.99

Throughput:
    read, MiB/s:                  0.00
    written, MiB/s:               235.41

General statistics:
    total time:                          240.0386s
    total number of events:              1808219

Latency (ms):
         min:                                    0.08
         avg:                                    4.25
         max:                                   52.58
         95th percentile:                       44.17
         sum:                              7678827.28

Threads fairness:
    events (avg/stddev):           56506.8438/130.09
    execution time (avg/stddev):   239.9634/0.00

sysbench 1.0.17 (using bundled LuaJIT 2.1.0-beta2)

Running the test with following options:
Number of threads: 64
Initializing random number generator from current time


Extra file open flags: (none)
64 files, 128MiB each
8GiB total file size
Block size 32KiB
Number of IO requests: 0
Read/Write ratio for combined random IO test: 1.50
Calling fsync() after each write operation.
Using synchronous I/O mode
Doing random write test
Initializing worker threads...

Threads started!


File operations:
    reads/s:                      0.00
    writes/s:                     914.76
    fsyncs/s:                     914.76

Throughput:
    read, MiB/s:                  0.00
    written, MiB/s:               28.59

General statistics:
    total time:                          240.0401s
    total number of events:              219581

Latency (ms):
         min:                                    0.08
         avg:                                    4.37
         max:                                   95.83
         95th percentile:                       44.98
         sum:                               959985.10

Threads fairness:
    events (avg/stddev):           54895.2500/153.28
    execution time (avg/stddev):   239.9963/0.00

sysbench 1.0.17 (using bundled LuaJIT 2.1.0-beta2)

Running the test with following options:
Number of threads: 8
Initializing random number generator from current time


Extra file open flags: (none)
64 files, 128MiB each
8GiB total file size
Block size 32KiB
Number of IO requests: 0
Read/Write ratio for combined random IO test: 1.50
Calling fsync() after each write operation.
Using synchronous I/O mode
Doing random write test
Initializing worker threads...

Threads started!


File operations:
    reads/s:                      0.00
    writes/s:                     7442.52
    fsyncs/s:                     7442.52

Throughput:
    read, MiB/s:                  0.00
    written, MiB/s:               232.58

General statistics:
    total time:                          240.0379s
    total number of events:              1786496

Latency (ms):
         min:                                    0.08
         avg:                                    8.60
         max:                                   96.09
         95th percentile:                       45.79
         sum:                             15359035.20

Threads fairness:
    events (avg/stddev):           27914.0000/90.01
    execution time (avg/stddev):   239.9849/0.00


File operations:
    reads/s:                      0.00
    writes/s:                     5046.25
    fsyncs/s:                     5046.25

Throughput:
    read, MiB/s:                  0.00
    written, MiB/s:               157.70

General statistics:
    total time:                          240.0003s
    total number of events:              1211108

Latency (ms):
         min:                                    0.07
         avg:                                    1.58
         max:                                   95.26
         95th percentile:                        1.30
         sum:                              1919043.18

Threads fairness:
    events (avg/stddev):           151388.5000/223.48
    execution time (avg/stddev):   239.8804/0.00

sysbench 1.0.17 (using bundled LuaJIT 2.1.0-beta2)

Running the test with following options:
Number of threads: 16
Initializing random number generator from current time


Extra file open flags: (none)
64 files, 128MiB each
8GiB total file size
Block size 32KiB
Number of IO requests: 0
Read/Write ratio for combined random IO test: 1.50
Calling fsync() after each write operation.
Using synchronous I/O mode
Doing random write test
Initializing worker threads...

Threads started!


File operations:
    reads/s:                      0.00
    writes/s:                     7812.12
    fsyncs/s:                     7812.12

Throughput:
    read, MiB/s:                  0.00
    written, MiB/s:               244.13

General statistics:
    total time:                          240.0308s
    total number of events:              1875159

Latency (ms):
         min:                                    0.08
         avg:                                    2.05
         max:                                   49.24
         95th percentile:                        0.90
         sum:                              3837904.73

Threads fairness:
    events (avg/stddev):           117197.4375/218.21
    execution time (avg/stddev):   239.8690/0.00

sysbench 1.0.17 (using bundled LuaJIT 2.1.0-beta2)

Running the test with following options:
Number of threads: 32
Initializing random number generator from current time


Extra file open flags: (none)
64 files, 128MiB each
8GiB total file size
Block size 32KiB
Number of IO requests: 0
Read/Write ratio for combined random IO test: 1.50
Calling fsync() after each write operation.
Using synchronous I/O mode
Doing random write test
Initializing worker threads...

Threads started!


File operations:
    reads/s:                      0.00
    writes/s:                     7946.33
    fsyncs/s:                     7946.33

Throughput:
    read, MiB/s:                  0.00
    written, MiB/s:               248.32

General statistics:
    total time:                          240.0397s
    total number of events:              1907447

Latency (ms):
         min:                                    0.08
         avg:                                    4.03
         max:                                   93.56
         95th percentile:                       43.39
         sum:                              7678363.76

Threads fairness:
    events (avg/stddev):           59607.7188/176.33
    execution time (avg/stddev):   239.9489/0.00

sysbench 1.0.17 (using bundled LuaJIT 2.1.0-beta2)

Running the test with following options:
Number of threads: 64
Initializing random number generator from current time


Extra file open flags: (none)
64 files, 128MiB each
8GiB total file size
Block size 32KiB
Number of IO requests: 0
Read/Write ratio for combined random IO test: 1.50
Calling fsync() after each write operation.
Using synchronous I/O mode
Doing random write test
Initializing worker threads...

Threads started!


File operations:
    reads/s:                      0.00
    writes/s:                     8012.12
    fsyncs/s:                     8012.12

Throughput:
    read, MiB/s:                  0.00
    written, MiB/s:               250.38

General statistics:
    total time:                          240.0349s
    total number of events:              1923202

Latency (ms):
         min:                                    0.08
         avg:                                    7.99
         max:                                   95.03
         95th percentile:                       44.17
         sum:                             15357583.08

Threads fairness:
    events (avg/stddev):           30050.0312/102.05
    execution time (avg/stddev):   239.9622/0.00

