sysbench 1.0.17 (using bundled LuaJIT 2.1.0-beta2)

Running the test with following options:
Number of threads: 1
Initializing random number generator from current time


Extra file open flags: (none)
64 files, 128MiB each
8GiB total file size
Block size 32KiB
Number of IO requests: 0
Read/Write ratio for combined random IO test: 1.50
Calling fsync() after each write operation.
Using synchronous I/O mode
Doing random read test
Initializing worker threads...

Threads started!


File operations:
    reads/s:                      126022.01
    writes/s:                     0.00
    fsyncs/s:                     0.00

Throughput:
    read, MiB/s:                  3938.19
    written, MiB/s:               0.00

General statistics:
    total time:                          240.0001s
    total number of events:              30245564

Latency (ms):
         min:                                    0.00
         avg:                                    0.01
         max:                                   20.03
         95th percentile:                        0.01
         sum:                               230084.57

Threads fairness:
    events (avg/stddev):           30245564.0000/0.00
    execution time (avg/stddev):   230.0846/0.00

sysbench 1.0.17 (using bundled LuaJIT 2.1.0-beta2)

Running the test with following options:
Number of threads: 4
Initializing random number generator from current time


Extra file open flags: (none)
64 files, 128MiB each
8GiB total file size
Block size 32KiB
Number of IO requests: 0
Read/Write ratio for combined random IO test: 1.50
Calling fsync() after each write operation.
Using synchronous I/O mode
Doing random read test
Initializing worker threads...

Threads started!


File operations:
    reads/s:                      492649.58
    writes/s:                     0.00
    fsyncs/s:                     0.00

Throughput:
    read, MiB/s:                  15395.30
    written, MiB/s:               0.00

General statistics:
    total time:                          240.0001s
    total number of events:              118237104

Latency (ms):
         min:                                    0.00
         avg:                                    0.01
         max:                                   13.35
         95th percentile:                        0.01
         sum:                               902026.28

Threads fairness:
    events (avg/stddev):           29559276.0000/66041.54
    execution time (avg/stddev):   225.5066/0.09

sysbench 1.0.17 (using bundled LuaJIT 2.1.0-beta2)

Running the test with following options:
Number of threads: 8
Initializing random number generator from current time


Extra file open flags: (none)
64 files, 128MiB each
8GiB total file size
Block size 32KiB
Number of IO requests: 0
Read/Write ratio for combined random IO test: 1.50
Calling fsync() after each write operation.
Using synchronous I/O mode
Doing random read test
Initializing worker threads...

Threads started!


File operations:
    reads/s:                      838931.41
    writes/s:                     0.00
    fsyncs/s:                     0.00

Throughput:
    read, MiB/s:                  26216.61
    written, MiB/s:               0.00

General statistics:
    total time:                          240.0010s
    total number of events:              201346184

Latency (ms):
         min:                                    0.00
         avg:                                    0.01
         max:                                   37.15
         95th percentile:                        0.01
         sum:                              1731393.48

Threads fairness:
    events (avg/stddev):           25168273.0000/263362.49
    execution time (avg/stddev):   216.4242/0.12

sysbench 1.0.17 (using bundled LuaJIT 2.1.0-beta2)

Running the test with following options:
Number of threads: 16
Initializing random number generator from current time


Extra file open flags: (none)
64 files, 128MiB each
8GiB total file size
Block size 32KiB
Number of IO requests: 0
Read/Write ratio for combined random IO test: 1.50
Calling fsync() after each write operation.
Using synchronous I/O mode
Doing random read test
Initializing worker threads...

Threads started!


File operations:
    reads/s:                      960787.59
    writes/s:                     0.00
    fsyncs/s:                     0.00

Throughput:
    read, MiB/s:                  30024.61
    written, MiB/s:               0.00

General statistics:
    total time:                          240.0003s
    total number of events:              230592385

Latency (ms):
         min:                                    0.00
         avg:                                    0.01
         max:                                   28.42
         95th percentile:                        0.02
         sum:                              3098479.94

Threads fairness:
    events (avg/stddev):           14412024.0625/32710.93
    execution time (avg/stddev):   193.6550/0.18

sysbench 1.0.17 (using bundled LuaJIT 2.1.0-beta2)

Running the test with following options:
Number of threads: 32
Initializing random number generator from current time


Extra file open flags: (none)
64 files, 128MiB each
8GiB total file size
Block size 32KiB
Number of IO requests: 0
Read/Write ratio for combined random IO test: 1.50
Calling fsync() after each write operation.
Using synchronous I/O mode
Doing random read test
Initializing worker threads...

Threads started!


File operations:
    reads/s:                      992014.15
    writes/s:                     0.00
    fsyncs/s:                     0.00

Throughput:
    read, MiB/s:                  31000.44
    written, MiB/s:               0.00

General statistics:
    total time:                          240.0005s
    total number of events:              238085912

Latency (ms):
         min:                                    0.00
         avg:                                    0.02
         max:                                  106.97
         95th percentile:                        0.06
         sum:                              5593188.58

Threads fairness:
    events (avg/stddev):           7440184.7500/25748.09
    execution time (avg/stddev):   174.7871/0.17

sysbench 1.0.17 (using bundled LuaJIT 2.1.0-beta2)

Running the test with following options:
Number of threads: 64
Initializing random number generator from current time


Extra file open flags: (none)
64 files, 128MiB each
8GiB total file size
Block size 32KiB
Number of IO requests: 0
Read/Write ratio for combined random IO test: 1.50
Calling fsync() after each write operation.
Using synchronous I/O mode
Doing random read test
Initializing worker threads...

Threads started!


File operations:
    reads/s:                      1027441.34
    writes/s:                     0.00
    fsyncs/s:                     0.00

Throughput:
    read, MiB/s:                  32107.54
    written, MiB/s:               0.00

General statistics:
    total time:                          240.0008s
    total number of events:              246588778

Latency (ms):
         min:                                    0.00
         avg:                                    0.04
         max:                                  138.16
         95th percentile:                        0.14
         sum:                             10402016.93

Threads fairness:
    events (avg/stddev):           3852949.6562/13299.31
    execution time (avg/stddev):   162.5315/0.21

