sysbench 1.0.17 (using bundled LuaJIT 2.1.0-beta2)

Running the test with following options:
Number of threads: 1
Initializing random number generator from current time


Extra file open flags: (none)
64 files, 128MiB each
8GiB total file size
Block size 32KiB
Number of IO requests: 0
Read/Write ratio for combined random IO test: 1.50
Calling fsync() after each write operation.
Using synchronous I/O mode
Doing random write test
Initializing worker threads...

Threads started!


File operations:
    reads/s:                      0.00
    writes/s:                     1846.06
    fsyncs/s:                     1846.06

Throughput:
    read, MiB/s:                  0.00
    written, MiB/s:               57.69

General statistics:
    total time:                          240.0013s
    total number of events:              443061

Latency (ms):
         min:                                    0.11
         avg:                                    0.54
         max:                                   31.26
         95th percentile:                        0.74
         sum:                               239426.08

Threads fairness:
    events (avg/stddev):           443061.0000/0.00
    execution time (avg/stddev):   239.4261/0.00

sysbench 1.0.17 (using bundled LuaJIT 2.1.0-beta2)

Running the test with following options:
Number of threads: 4
Initializing random number generator from current time


Extra file open flags: (none)
64 files, 128MiB each
8GiB total file size
Block size 32KiB
Number of IO requests: 0
Read/Write ratio for combined random IO test: 1.50
Calling fsync() after each write operation.
Using synchronous I/O mode
Doing random write test
Initializing worker threads...

Threads started!


File operations:
    reads/s:                      0.00
    writes/s:                     7749.74
    fsyncs/s:                     7749.74

Throughput:
    read, MiB/s:                  0.00
    written, MiB/s:               242.18

General statistics:
    total time:                          240.0006s
    total number of events:              1859958

Latency (ms):
         min:                                    0.09
         avg:                                    0.51
         max:                                   31.50
         95th percentile:                        0.78
         sum:                               957668.20

Threads fairness:
    events (avg/stddev):           464989.5000/296.07
    execution time (avg/stddev):   239.4171/0.00

sysbench 1.0.17 (using bundled LuaJIT 2.1.0-beta2)

Running the test with following options:
Number of threads: 8
Initializing random number generator from current time


Extra file open flags: (none)
64 files, 128MiB each
8GiB total file size
Block size 32KiB
Number of IO requests: 0
Read/Write ratio for combined random IO test: 1.50
Calling fsync() after each write operation.
Using synchronous I/O mode
Doing random write test
Initializing worker threads...

Threads started!


File operations:
    reads/s:                      0.00
    writes/s:                     14325.96
    fsyncs/s:                     14325.96

Throughput:
    read, MiB/s:                  0.00
    written, MiB/s:               447.69

General statistics:
    total time:                          240.0005s
    total number of events:              3438268

Latency (ms):
         min:                                    0.09
         avg:                                    0.56
         max:                                   39.94
         95th percentile:                        0.94
         sum:                              1915424.99

Threads fairness:
    events (avg/stddev):           429783.5000/705.74
    execution time (avg/stddev):   239.4281/0.00

sysbench 1.0.17 (using bundled LuaJIT 2.1.0-beta2)

Running the test with following options:
Number of threads: 16
Initializing random number generator from current time


Extra file open flags: (none)
64 files, 128MiB each
8GiB total file size
Block size 32KiB
Number of IO requests: 0
Read/Write ratio for combined random IO test: 1.50
Calling fsync() after each write operation.
Using synchronous I/O mode
Doing random write test
Initializing worker threads...

Threads started!


File operations:
    reads/s:                      0.00
    writes/s:                     15338.66
    fsyncs/s:                     15338.66

Throughput:
    read, MiB/s:                  0.00
    written, MiB/s:               479.33

General statistics:
    total time:                          240.0154s
    total number of events:              3681544

Latency (ms):
         min:                                    0.09
         avg:                                    1.04
         max:                                  111.69
         95th percentile:                        1.96
         sum:                              3834729.11

Threads fairness:
    events (avg/stddev):           230096.5000/295.47
    execution time (avg/stddev):   239.6706/0.00

sysbench 1.0.17 (using bundled LuaJIT 2.1.0-beta2)

Running the test with following options:
Number of threads: 32
Initializing random number generator from current time


Extra file open flags: (none)
64 files, 128MiB each
8GiB total file size
Block size 32KiB
Number of IO requests: 0
Read/Write ratio for combined random IO test: 1.50
Calling fsync() after each write operation.
Using synchronous I/O mode
Doing random write test
Initializing worker threads...

Threads started!


File operations:
    reads/s:                      0.00
    writes/s:                     15463.69
    fsyncs/s:                     15463.69

Throughput:
    read, MiB/s:                  0.00
    written, MiB/s:               483.24

General statistics:
    total time:                          240.0019s
    total number of events:              3711346

Latency (ms):
         min:                                    0.09
         avg:                                    2.07
         max:                                  155.25
         95th percentile:                        6.09
         sum:                              7673494.54

Threads fairness:
    events (avg/stddev):           115979.5625/278.01
    execution time (avg/stddev):   239.7967/0.00

sysbench 1.0.17 (using bundled LuaJIT 2.1.0-beta2)

Running the test with following options:
Number of threads: 64
Initializing random number generator from current time


Extra file open flags: (none)
64 files, 128MiB each
8GiB total file size
Block size 32KiB
Number of IO requests: 0
Read/Write ratio for combined random IO test: 1.50
Calling fsync() after each write operation.
Using synchronous I/O mode
Doing random write test
Initializing worker threads...

Threads started!

