sysbench 1.0.17 (using bundled LuaJIT 2.1.0-beta2)

Running the test with following options:
Number of threads: 1
Initializing random number generator from current time


Extra file open flags: (none)
64 files, 128MiB each
8GiB total file size
Block size 32KiB
Number of IO requests: 0
Read/Write ratio for combined random IO test: 1.50
Calling fsync() after each write operation.
Using synchronous I/O mode
Doing random read test
Initializing worker threads...

Threads started!


File operations:
    reads/s:                      202535.72
    writes/s:                     0.00
    fsyncs/s:                     0.00

Throughput:
    read, MiB/s:                  6329.24
    written, MiB/s:               0.00

General statistics:
    total time:                          240.0001s
    total number of events:              48608870

Latency (ms):
         min:                                    0.00
         avg:                                    0.00
         max:                                    0.05
         95th percentile:                        0.01
         sum:                               228677.68

Threads fairness:
    events (avg/stddev):           48608870.0000/0.00
    execution time (avg/stddev):   228.6777/0.00

sysbench 1.0.17 (using bundled LuaJIT 2.1.0-beta2)

Running the test with following options:
Number of threads: 4
Initializing random number generator from current time


Extra file open flags: (none)
64 files, 128MiB each
8GiB total file size
Block size 32KiB
Number of IO requests: 0
Read/Write ratio for combined random IO test: 1.50
Calling fsync() after each write operation.
Using synchronous I/O mode
Doing random read test
Initializing worker threads...

Threads started!


File operations:
    reads/s:                      669268.20
    writes/s:                     0.00
    fsyncs/s:                     0.00

Throughput:
    read, MiB/s:                  20914.63
    written, MiB/s:               0.00

General statistics:
    total time:                          240.0000s
    total number of events:              160625362

Latency (ms):
         min:                                    0.00
         avg:                                    0.01
         max:                                    4.03
         95th percentile:                        0.01
         sum:                               862806.26

Threads fairness:
    events (avg/stddev):           40156340.5000/217502.80
    execution time (avg/stddev):   215.7016/0.21

sysbench 1.0.17 (using bundled LuaJIT 2.1.0-beta2)

Running the test with following options:
Number of threads: 8
Initializing random number generator from current time


Extra file open flags: (none)
64 files, 128MiB each
8GiB total file size
Block size 32KiB
Number of IO requests: 0
Read/Write ratio for combined random IO test: 1.50
Calling fsync() after each write operation.
Using synchronous I/O mode
Doing random read test
Initializing worker threads...

Threads started!


File operations:
    reads/s:                      1023694.17
    writes/s:                     0.00
    fsyncs/s:                     0.00

Throughput:
    read, MiB/s:                  31990.44
    written, MiB/s:               0.00

General statistics:
    total time:                          240.0001s
    total number of events:              245688180

Latency (ms):
         min:                                    0.00
         avg:                                    0.01
         max:                                    1.13
         95th percentile:                        0.01
         sum:                              1578992.96

Threads fairness:
    events (avg/stddev):           30711022.5000/647910.91
    execution time (avg/stddev):   197.3741/1.64

sysbench 1.0.17 (using bundled LuaJIT 2.1.0-beta2)

Running the test with following options:
Number of threads: 16
Initializing random number generator from current time


Extra file open flags: (none)
64 files, 128MiB each
8GiB total file size
Block size 32KiB
Number of IO requests: 0
Read/Write ratio for combined random IO test: 1.50
Calling fsync() after each write operation.
Using synchronous I/O mode
Doing random read test
Initializing worker threads...

Threads started!


File operations:
    reads/s:                      941531.80
    writes/s:                     0.00
    fsyncs/s:                     0.00

Throughput:
    read, MiB/s:                  29422.87
    written, MiB/s:               0.00

General statistics:
    total time:                          240.0001s
    total number of events:              225969138

Latency (ms):
         min:                                    0.00
         avg:                                    0.01
         max:                                    5.50
         95th percentile:                        0.03
         sum:                              2599360.21

Threads fairness:
    events (avg/stddev):           14123071.1250/26577.57
    execution time (avg/stddev):   162.4600/0.20

sysbench 1.0.17 (using bundled LuaJIT 2.1.0-beta2)

Running the test with following options:
Number of threads: 32
Initializing random number generator from current time


Extra file open flags: (none)
64 files, 128MiB each
8GiB total file size
Block size 32KiB
Number of IO requests: 0
Read/Write ratio for combined random IO test: 1.50
Calling fsync() after each write operation.
Using synchronous I/O mode
Doing random read test
Initializing worker threads...

Threads started!


File operations:
    reads/s:                      968847.20
    writes/s:                     0.00
    fsyncs/s:                     0.00

Throughput:
    read, MiB/s:                  30276.48
    written, MiB/s:               0.00

General statistics:
    total time:                          240.0001s
    total number of events:              232524865

Latency (ms):
         min:                                    0.00
         avg:                                    0.02
         max:                                    9.62
         95th percentile:                        0.08
         sum:                              4605100.91

Threads fairness:
    events (avg/stddev):           7266402.0312/7205.47
    execution time (avg/stddev):   143.9094/0.13

sysbench 1.0.17 (using bundled LuaJIT 2.1.0-beta2)

Running the test with following options:
Number of threads: 64
Initializing random number generator from current time


Extra file open flags: (none)
64 files, 128MiB each
8GiB total file size
Block size 32KiB
Number of IO requests: 0
Read/Write ratio for combined random IO test: 1.50
Calling fsync() after each write operation.
Using synchronous I/O mode
Doing random read test
Initializing worker threads...

Threads started!


File operations:
    reads/s:                      986287.76
    writes/s:                     0.00
    fsyncs/s:                     0.00

Throughput:
    read, MiB/s:                  30821.49
    written, MiB/s:               0.00

General statistics:
    total time:                          240.0002s
    total number of events:              236710650

Latency (ms):
         min:                                    0.00
         avg:                                    0.04
         max:                                   33.59
         95th percentile:                        0.21
         sum:                              8632374.41

Threads fairness:
    events (avg/stddev):           3698603.9062/7858.19
    execution time (avg/stddev):   134.8809/0.12

