sysbench 1.0.17 (using bundled LuaJIT 2.1.0-beta2)

Running the test with following options:
Number of threads: 1
Initializing random number generator from current time


Extra file open flags: (none)
64 files, 128MiB each
8GiB total file size
Block size 32KiB
Number of IO requests: 0
Read/Write ratio for combined random IO test: 1.50
Calling fsync() after each write operation.
Using synchronous I/O mode
Doing random write test
Initializing worker threads...

Threads started!


File operations:
    reads/s:                      0.00
    writes/s:                     8195.17
    fsyncs/s:                     8195.17

Throughput:
    read, MiB/s:                  0.00
    written, MiB/s:               256.10

General statistics:
    total time:                          240.0001s
    total number of events:              1966854

Latency (ms):
         min:                                    0.05
         avg:                                    0.12
         max:                                    2.36
         95th percentile:                        0.16
         sum:                               239337.10

Threads fairness:
    events (avg/stddev):           1966854.0000/0.00
    execution time (avg/stddev):   239.3371/0.00

sysbench 1.0.17 (using bundled LuaJIT 2.1.0-beta2)

Running the test with following options:
Number of threads: 4
Initializing random number generator from current time


Extra file open flags: (none)
64 files, 128MiB each
8GiB total file size
Block size 32KiB
Number of IO requests: 0
Read/Write ratio for combined random IO test: 1.50
Calling fsync() after each write operation.
Using synchronous I/O mode
Doing random write test
Initializing worker threads...

Threads started!


File operations:
    reads/s:                      0.00
    writes/s:                     9314.34
    fsyncs/s:                     9314.34

Throughput:
    read, MiB/s:                  0.00
    written, MiB/s:               291.07

General statistics:
    total time:                          240.0002s
    total number of events:              2235458

Latency (ms):
         min:                                    0.05
         avg:                                    0.43
         max:                                    2.22
         95th percentile:                        0.65
         sum:                               958844.02

Threads fairness:
    events (avg/stddev):           558864.5000/337.00
    execution time (avg/stddev):   239.7110/0.00

sysbench 1.0.17 (using bundled LuaJIT 2.1.0-beta2)

Running the test with following options:
Number of threads: 8
Initializing random number generator from current time


Extra file open flags: (none)
64 files, 128MiB each
8GiB total file size
Block size 32KiB
Number of IO requests: 0
Read/Write ratio for combined random IO test: 1.50
Calling fsync() after each write operation.
Using synchronous I/O mode
Doing random write test
Initializing worker threads...

Threads started!


File operations:
    reads/s:                      0.00
    writes/s:                     9640.30
    fsyncs/s:                     9640.30

Throughput:
    read, MiB/s:                  0.00
    written, MiB/s:               301.26

General statistics:
    total time:                          240.0007s
    total number of events:              2313694

Latency (ms):
         min:                                    0.05
         avg:                                    0.83
         max:                                    2.71
         95th percentile:                        1.25
         sum:                              1917441.72

Threads fairness:
    events (avg/stddev):           289211.7500/205.41
    execution time (avg/stddev):   239.6802/0.00

sysbench 1.0.17 (using bundled LuaJIT 2.1.0-beta2)

Running the test with following options:
Number of threads: 16
Initializing random number generator from current time


Extra file open flags: (none)
64 files, 128MiB each
8GiB total file size
Block size 32KiB
Number of IO requests: 0
Read/Write ratio for combined random IO test: 1.50
Calling fsync() after each write operation.
Using synchronous I/O mode
Doing random write test
Initializing worker threads...

Threads started!


File operations:
    reads/s:                      0.00
    writes/s:                     9960.11
    fsyncs/s:                     9960.11

Throughput:
    read, MiB/s:                  0.00
    written, MiB/s:               311.25

General statistics:
    total time:                          240.0011s
    total number of events:              2390451

Latency (ms):
         min:                                    0.05
         avg:                                    1.60
         max:                                    4.12
         95th percentile:                        2.30
         sum:                              3836080.74

Threads fairness:
    events (avg/stddev):           149403.1875/121.23
    execution time (avg/stddev):   239.7550/0.00

sysbench 1.0.17 (using bundled LuaJIT 2.1.0-beta2)

Running the test with following options:
Number of threads: 32
Initializing random number generator from current time


Extra file open flags: (none)
64 files, 128MiB each
8GiB total file size
Block size 32KiB
Number of IO requests: 0
Read/Write ratio for combined random IO test: 1.50
Calling fsync() after each write operation.
Using synchronous I/O mode
Doing random write test
Initializing worker threads...

Threads started!


File operations:
    reads/s:                      0.00
    writes/s:                     10208.05
    fsyncs/s:                     10208.05

Throughput:
    read, MiB/s:                  0.00
    written, MiB/s:               319.00

General statistics:
    total time:                          240.0020s
    total number of events:              2449968

Latency (ms):
         min:                                    0.05
         avg:                                    3.13
         max:                                    7.54
         95th percentile:                        4.25
         sum:                              7673951.18

Threads fairness:
    events (avg/stddev):           76561.5000/90.44
    execution time (avg/stddev):   239.8110/0.00

sysbench 1.0.17 (using bundled LuaJIT 2.1.0-beta2)

Running the test with following options:
Number of threads: 64
Initializing random number generator from current time


Extra file open flags: (none)
64 files, 128MiB each
8GiB total file size
Block size 32KiB
Number of IO requests: 0
Read/Write ratio for combined random IO test: 1.50
Calling fsync() after each write operation.
Using synchronous I/O mode
Doing random write test
Initializing worker threads...

Threads started!


File operations:
    reads/s:                      0.00
    writes/s:                     10399.65
    fsyncs/s:                     10399.65

Throughput:
    read, MiB/s:                  0.00
    written, MiB/s:               324.99

General statistics:
    total time:                          240.0013s
    total number of events:              2495943

Latency (ms):
         min:                                    0.05
         avg:                                    6.15
         max:                                   15.05
         95th percentile:                        7.43
         sum:                             15349987.37

Threads fairness:
    events (avg/stddev):           38999.1094/28.85
    execution time (avg/stddev):   239.8436/0.00

