------------------------------------------------------------
Client connecting to 10.142.15.234, TCP port 5001
TCP window size: 45.0 KByte (default)
------------------------------------------------------------
[  3] local 10.142.15.233 port 42422 connected with 10.142.15.234 port 5001
[ ID] Interval       Transfer     Bandwidth
[  3]  0.0- 1.0 sec   788 MBytes  6.61 Gbits/sec
[  3]  1.0- 2.0 sec   944 MBytes  7.92 Gbits/sec
[  3]  2.0- 3.0 sec   940 MBytes  7.89 Gbits/sec
[  3]  3.0- 4.0 sec   917 MBytes  7.69 Gbits/sec
[  3]  4.0- 5.0 sec   900 MBytes  7.55 Gbits/sec
[  3]  5.0- 6.0 sec   921 MBytes  7.72 Gbits/sec
[  3]  6.0- 7.0 sec   935 MBytes  7.84 Gbits/sec
[  3]  7.0- 8.0 sec   938 MBytes  7.87 Gbits/sec
[  3]  8.0- 9.0 sec   924 MBytes  7.75 Gbits/sec
[  3]  9.0-10.0 sec   904 MBytes  7.58 Gbits/sec
[  3] 10.0-11.0 sec   941 MBytes  7.90 Gbits/sec
[  3] 11.0-12.0 sec   938 MBytes  7.87 Gbits/sec
[  3] 12.0-13.0 sec   911 MBytes  7.65 Gbits/sec
[  3] 13.0-14.0 sec   902 MBytes  7.57 Gbits/sec
[  3] 14.0-15.0 sec   940 MBytes  7.89 Gbits/sec
[  3] 15.0-16.0 sec   932 MBytes  7.82 Gbits/sec
[  3] 16.0-17.0 sec   911 MBytes  7.64 Gbits/sec
[  3] 17.0-18.0 sec   896 MBytes  7.51 Gbits/sec
[  3] 18.0-19.0 sec   929 MBytes  7.79 Gbits/sec
[  3] 19.0-20.0 sec   940 MBytes  7.88 Gbits/sec
[  3] 20.0-21.0 sec   924 MBytes  7.76 Gbits/sec
[  3] 21.0-22.0 sec   903 MBytes  7.58 Gbits/sec
[  3] 22.0-23.0 sec   940 MBytes  7.89 Gbits/sec
[  3] 23.0-24.0 sec   921 MBytes  7.72 Gbits/sec
[  3] 24.0-25.0 sec   889 MBytes  7.46 Gbits/sec
[  3] 25.0-26.0 sec   925 MBytes  7.76 Gbits/sec
[  3] 26.0-27.0 sec   935 MBytes  7.84 Gbits/sec
[  3] 27.0-28.0 sec   942 MBytes  7.90 Gbits/sec
[  3] 28.0-29.0 sec   916 MBytes  7.68 Gbits/sec
[  3] 29.0-30.0 sec   802 MBytes  6.73 Gbits/sec
[  3] 30.0-31.0 sec   833 MBytes  6.99 Gbits/sec
[  3] 31.0-32.0 sec   942 MBytes  7.90 Gbits/sec
[  3] 32.0-33.0 sec   923 MBytes  7.74 Gbits/sec
[  3] 33.0-34.0 sec   933 MBytes  7.83 Gbits/sec
[  3] 34.0-35.0 sec   941 MBytes  7.90 Gbits/sec
[  3] 35.0-36.0 sec   940 MBytes  7.89 Gbits/sec
[  3] 36.0-37.0 sec   923 MBytes  7.74 Gbits/sec
[  3] 37.0-38.0 sec   938 MBytes  7.86 Gbits/sec
[  3] 38.0-39.0 sec   943 MBytes  7.91 Gbits/sec
[  3] 39.0-40.0 sec   939 MBytes  7.88 Gbits/sec
[  3] 40.0-41.0 sec   928 MBytes  7.79 Gbits/sec
[  3] 41.0-42.0 sec   944 MBytes  7.92 Gbits/sec
[  3] 42.0-43.0 sec   942 MBytes  7.90 Gbits/sec
[  3] 43.0-44.0 sec   934 MBytes  7.83 Gbits/sec
[  3] 44.0-45.0 sec   927 MBytes  7.78 Gbits/sec
[  3] 45.0-46.0 sec   939 MBytes  7.87 Gbits/sec
[  3] 46.0-47.0 sec   935 MBytes  7.84 Gbits/sec
[  3] 47.0-48.0 sec   942 MBytes  7.90 Gbits/sec
[  3] 48.0-49.0 sec   940 MBytes  7.88 Gbits/sec
[  3] 49.0-50.0 sec   935 MBytes  7.85 Gbits/sec
[  3] 50.0-51.0 sec   939 MBytes  7.88 Gbits/sec
[  3] 51.0-52.0 sec   919 MBytes  7.71 Gbits/sec
[  3] 52.0-53.0 sec   929 MBytes  7.79 Gbits/sec
[  3] 53.0-54.0 sec   942 MBytes  7.90 Gbits/sec
[  3] 54.0-55.0 sec   937 MBytes  7.86 Gbits/sec
[  3] 55.0-56.0 sec   932 MBytes  7.82 Gbits/sec
[  3] 56.0-57.0 sec   945 MBytes  7.93 Gbits/sec
[  3] 57.0-58.0 sec   940 MBytes  7.89 Gbits/sec
[  3] 58.0-59.0 sec   928 MBytes  7.79 Gbits/sec
[  3] 59.0-60.0 sec   931 MBytes  7.81 Gbits/sec
[  3]  0.0-60.0 sec  54.1 GBytes  7.75 Gbits/sec
