sysbench 1.0.17 (using bundled LuaJIT 2.1.0-beta2)

Running the test with following options:
Number of threads: 1
Initializing random number generator from current time


Extra file open flags: (none)
64 files, 128MiB each
8GiB total file size
Block size 32KiB
Number of IO requests: 0
Read/Write ratio for combined random IO test: 1.50
Calling fsync() after each write operation.
Using synchronous I/O mode
Doing random read test
Initializing worker threads...

Threads started!


File operations:
    reads/s:                      236829.07
    writes/s:                     0.00
    fsyncs/s:                     0.00

Throughput:
    read, MiB/s:                  7400.91
    written, MiB/s:               0.00

General statistics:
    total time:                          240.0001s
    total number of events:              56839394

Latency (ms):
         min:                                    0.00
         avg:                                    0.00
         max:                                    0.07
         95th percentile:                        0.00
         sum:                               227884.95

Threads fairness:
    events (avg/stddev):           56839394.0000/0.00
    execution time (avg/stddev):   227.8850/0.00

sysbench 1.0.17 (using bundled LuaJIT 2.1.0-beta2)

Running the test with following options:
Number of threads: 4
Initializing random number generator from current time


Extra file open flags: (none)
64 files, 128MiB each
8GiB total file size
Block size 32KiB
Number of IO requests: 0
Read/Write ratio for combined random IO test: 1.50
Calling fsync() after each write operation.
Using synchronous I/O mode
Doing random read test
Initializing worker threads...

Threads started!


File operations:
    reads/s:                      626157.42
    writes/s:                     0.00
    fsyncs/s:                     0.00

Throughput:
    read, MiB/s:                  19567.42
    written, MiB/s:               0.00

General statistics:
    total time:                          240.0001s
    total number of events:              150278925

Latency (ms):
         min:                                    0.00
         avg:                                    0.01
         max:                                    0.23
         95th percentile:                        0.01
         sum:                               856976.71

Threads fairness:
    events (avg/stddev):           37569731.2500/961088.15
    execution time (avg/stddev):   214.2442/0.87

sysbench 1.0.17 (using bundled LuaJIT 2.1.0-beta2)

Running the test with following options:
Number of threads: 8
Initializing random number generator from current time


Extra file open flags: (none)
64 files, 128MiB each
8GiB total file size
Block size 32KiB
Number of IO requests: 0
Read/Write ratio for combined random IO test: 1.50
Calling fsync() after each write operation.
Using synchronous I/O mode
Doing random read test
Initializing worker threads...

Threads started!


File operations:
    reads/s:                      830470.20
    writes/s:                     0.00
    fsyncs/s:                     0.00

Throughput:
    read, MiB/s:                  25952.19
    written, MiB/s:               0.00

General statistics:
    total time:                          240.0001s
    total number of events:              199314235

Latency (ms):
         min:                                    0.00
         avg:                                    0.01
         max:                                   13.71
         95th percentile:                        0.01
         sum:                              1758531.78

Threads fairness:
    events (avg/stddev):           24914279.3750/82162.46
    execution time (avg/stddev):   219.8165/0.25

sysbench 1.0.17 (using bundled LuaJIT 2.1.0-beta2)

Running the test with following options:
Number of threads: 16
Initializing random number generator from current time


Extra file open flags: (none)
64 files, 128MiB each
8GiB total file size
Block size 32KiB
Number of IO requests: 0
Read/Write ratio for combined random IO test: 1.50
Calling fsync() after each write operation.
Using synchronous I/O mode
Doing random read test
Initializing worker threads...

Threads started!


File operations:
    reads/s:                      801059.58
    writes/s:                     0.00
    fsyncs/s:                     0.00

Throughput:
    read, MiB/s:                  25033.11
    written, MiB/s:               0.00

General statistics:
    total time:                          240.0001s
    total number of events:              192255719

Latency (ms):
         min:                                    0.00
         avg:                                    0.01
         max:                                    2.74
         95th percentile:                        0.03
         sum:                              2734469.89

Threads fairness:
    events (avg/stddev):           12015982.4375/68834.62
    execution time (avg/stddev):   170.9044/0.59

sysbench 1.0.17 (using bundled LuaJIT 2.1.0-beta2)

Running the test with following options:
Number of threads: 32
Initializing random number generator from current time


Extra file open flags: (none)
64 files, 128MiB each
8GiB total file size
Block size 32KiB
Number of IO requests: 0
Read/Write ratio for combined random IO test: 1.50
Calling fsync() after each write operation.
Using synchronous I/O mode
Doing random read test
Initializing worker threads...

Threads started!


File operations:
    reads/s:                      774312.58
    writes/s:                     0.00
    fsyncs/s:                     0.00

Throughput:
    read, MiB/s:                  24197.27
    written, MiB/s:               0.00

General statistics:
    total time:                          240.0002s
    total number of events:              185836451

Latency (ms):
         min:                                    0.00
         avg:                                    0.03
         max:                                    5.61
         95th percentile:                        0.10
         sum:                              4719677.24

Threads fairness:
    events (avg/stddev):           5807389.0938/15508.90
    execution time (avg/stddev):   147.4899/0.44

sysbench 1.0.17 (using bundled LuaJIT 2.1.0-beta2)

Running the test with following options:
Number of threads: 64
Initializing random number generator from current time


Extra file open flags: (none)
64 files, 128MiB each
8GiB total file size
Block size 32KiB
Number of IO requests: 0
Read/Write ratio for combined random IO test: 1.50
Calling fsync() after each write operation.
Using synchronous I/O mode
Doing random read test
Initializing worker threads...

Threads started!


File operations:
    reads/s:                      767261.29
    writes/s:                     0.00
    fsyncs/s:                     0.00

Throughput:
    read, MiB/s:                  23976.92
    written, MiB/s:               0.00

General statistics:
    total time:                          240.0003s
    total number of events:              184144227

Latency (ms):
         min:                                    0.00
         avg:                                    0.05
         max:                                   11.58
         95th percentile:                        0.27
         sum:                              8838161.31

Threads fairness:
    events (avg/stddev):           2877253.5469/11889.05
    execution time (avg/stddev):   138.0963/0.30

