sysbench 1.0.17 (using bundled LuaJIT 2.1.0-beta2)

Running the test with following options:
Number of threads: 1
Initializing random number generator from current time


Extra file open flags: (none)
64 files, 128MiB each
8GiB total file size
Block size 32KiB
Number of IO requests: 0
Read/Write ratio for combined random IO test: 1.50
Calling fsync() after each write operation.
Using synchronous I/O mode
Doing random write test
Initializing worker threads...

Threads started!


File operations:
    reads/s:                      0.00
    writes/s:                     1844.57
    fsyncs/s:                     1844.57

Throughput:
    read, MiB/s:                  0.00
    written, MiB/s:               57.64

General statistics:
    total time:                          240.0004s
    total number of events:              442701

Latency (ms):
         min:                                    0.10
         avg:                                    0.54
         max:                                   54.82
         95th percentile:                        1.03
         sum:                               239447.81

Threads fairness:
    events (avg/stddev):           442701.0000/0.00
    execution time (avg/stddev):   239.4478/0.00

sysbench 1.0.17 (using bundled LuaJIT 2.1.0-beta2)

Running the test with following options:
Number of threads: 4
Initializing random number generator from current time


Extra file open flags: (none)
64 files, 128MiB each
8GiB total file size
Block size 32KiB
Number of IO requests: 0
Read/Write ratio for combined random IO test: 1.50
Calling fsync() after each write operation.
Using synchronous I/O mode
Doing random write test
Initializing worker threads...

Threads started!


File operations:
    reads/s:                      0.00
    writes/s:                     4548.27
    fsyncs/s:                     4548.27

Throughput:
    read, MiB/s:                  0.00
    written, MiB/s:               142.13

General statistics:
    total time:                          240.0008s
    total number of events:              1091598

Latency (ms):
         min:                                    0.09
         avg:                                    0.88
         max:                                  112.57
         95th percentile:                        2.03
         sum:                               958588.16

Threads fairness:
    events (avg/stddev):           272899.5000/112.53
    execution time (avg/stddev):   239.6470/0.00

sysbench 1.0.17 (using bundled LuaJIT 2.1.0-beta2)

Running the test with following options:
Number of threads: 8
Initializing random number generator from current time


Extra file open flags: (none)
64 files, 128MiB each
8GiB total file size
Block size 32KiB
Number of IO requests: 0
Read/Write ratio for combined random IO test: 1.50
Calling fsync() after each write operation.
Using synchronous I/O mode
Doing random write test
Initializing worker threads...

Threads started!

