sysbench 1.0.17 (using bundled LuaJIT 2.1.0-beta2)

Running the test with following options:
Number of threads: 1
Initializing random number generator from current time


Extra file open flags: (none)
64 files, 128MiB each
8GiB total file size
Block size 32KiB
Number of IO requests: 0
Read/Write ratio for combined random IO test: 1.50
Calling fsync() after each write operation.
Using synchronous I/O mode
Doing random read test
Initializing worker threads...

Threads started!


File operations:
    reads/s:                      717970.68
    writes/s:                     0.00
    fsyncs/s:                     0.00

Throughput:
    read, MiB/s:                  22436.58
    written, MiB/s:               0.00

General statistics:
    total time:                          240.0002s
    total number of events:              172314502

Latency (ms):
         min:                                    0.00
         avg:                                    0.02
         max:                                   47.09
         95th percentile:                        0.03
         sum:                              3240103.83

Threads fairness:
    events (avg/stddev):           10769656.3750/30145.97
    execution time (avg/stddev):   202.5065/0.13

sysbench 1.0.17 (using bundled LuaJIT 2.1.0-beta2)

Running the test with following options:
Number of threads: 32
Initializing random number generator from current time


Extra file open flags: (none)
64 files, 128MiB each
8GiB total file size
Block size 32KiB
Number of IO requests: 0
Read/Write ratio for combined random IO test: 1.50
Calling fsync() after each write operation.
Using synchronous I/O mode
Doing random read test
Initializing worker threads...

Threads started!


File operations:
    reads/s:                      88902.64
    writes/s:                     0.00
    fsyncs/s:                     0.00

Throughput:
    read, MiB/s:                  2778.21
    written, MiB/s:               0.00

General statistics:
    total time:                          240.0001s
    total number of events:              21336885

Latency (ms):
         min:                                    0.00
         avg:                                    0.01
         max:                                   19.49
         95th percentile:                        0.01
         sum:                               227221.83

Threads fairness:
    events (avg/stddev):           21336885.0000/0.00
    execution time (avg/stddev):   227.2218/0.00

sysbench 1.0.17 (using bundled LuaJIT 2.1.0-beta2)

Running the test with following options:
Number of threads: 4
Initializing random number generator from current time


Extra file open flags: (none)
64 files, 128MiB each
8GiB total file size
Block size 32KiB
Number of IO requests: 0
Read/Write ratio for combined random IO test: 1.50
Calling fsync() after each write operation.
Using synchronous I/O mode
Doing random read test
Initializing worker threads...

Threads started!


File operations:
    reads/s:                      899290.48
    writes/s:                     0.00
    fsyncs/s:                     0.00

Throughput:
    read, MiB/s:                  28102.83
    written, MiB/s:               0.00

General statistics:
    total time:                          240.0037s
    total number of events:              215834830

Latency (ms):
         min:                                    0.00
         avg:                                    0.02
         max:                                   28.81
         95th percentile:                        0.04
         sum:                              5053192.35

Threads fairness:
    events (avg/stddev):           6744838.4375/16690.30
    execution time (avg/stddev):   157.9123/0.20

sysbench 1.0.17 (using bundled LuaJIT 2.1.0-beta2)

Running the test with following options:
Number of threads: 64
Initializing random number generator from current time


Extra file open flags: (none)
64 files, 128MiB each
8GiB total file size
Block size 32KiB
Number of IO requests: 0
Read/Write ratio for combined random IO test: 1.50
Calling fsync() after each write operation.
Using synchronous I/O mode
Doing random read test
Initializing worker threads...

Threads started!


File operations:
    reads/s:                      162007.08
    writes/s:                     0.00
    fsyncs/s:                     0.00

Throughput:
    read, MiB/s:                  5062.72
    written, MiB/s:               0.00

General statistics:
    total time:                          240.0014s
    total number of events:              38882287

Latency (ms):
         min:                                    0.00
         avg:                                    0.02
         max:                                   57.86
         95th percentile:                        0.01
         sum:                               904004.95

Threads fairness:
    events (avg/stddev):           9720571.7500/55088.58
    execution time (avg/stddev):   226.0012/0.28

sysbench 1.0.17 (using bundled LuaJIT 2.1.0-beta2)

Running the test with following options:
Number of threads: 8
Initializing random number generator from current time


Extra file open flags: (none)
64 files, 128MiB each
8GiB total file size
Block size 32KiB
Number of IO requests: 0
Read/Write ratio for combined random IO test: 1.50
Calling fsync() after each write operation.
Using synchronous I/O mode
Doing random read test
Initializing worker threads...

Threads started!


File operations:
    reads/s:                      893163.16
    writes/s:                     0.00
    fsyncs/s:                     0.00

Throughput:
    read, MiB/s:                  27911.35
    written, MiB/s:               0.00

General statistics:
    total time:                          240.0021s
    total number of events:              214363052

Latency (ms):
         min:                                    0.00
         avg:                                    0.04
         max:                                   67.38
         95th percentile:                        0.06
         sum:                              8985666.02

Threads fairness:
    events (avg/stddev):           3349422.6875/8409.05
    execution time (avg/stddev):   140.4010/0.32


File operations:
    reads/s:                      581294.66
    writes/s:                     0.00
    fsyncs/s:                     0.00

Throughput:
    read, MiB/s:                  18165.46
    written, MiB/s:               0.00

General statistics:
    total time:                          240.0002s
    total number of events:              139512043

Latency (ms):
         min:                                    0.00
         avg:                                    0.01
         max:                                   75.22
         95th percentile:                        0.01
         sum:                              1693732.78

Threads fairness:
    events (avg/stddev):           17439005.3750/219814.01
    execution time (avg/stddev):   211.7166/0.43

sysbench 1.0.17 (using bundled LuaJIT 2.1.0-beta2)

Running the test with following options:
Number of threads: 16
Initializing random number generator from current time


Extra file open flags: (none)
64 files, 128MiB each
8GiB total file size
Block size 32KiB
Number of IO requests: 0
Read/Write ratio for combined random IO test: 1.50
Calling fsync() after each write operation.
Using synchronous I/O mode
Doing random read test
Initializing worker threads...

Threads started!


File operations:
    reads/s:                      894659.67
    writes/s:                     0.00
    fsyncs/s:                     0.00

Throughput:
    read, MiB/s:                  27958.11
    written, MiB/s:               0.00

General statistics:
    total time:                          240.0002s
    total number of events:              214720569

Latency (ms):
         min:                                    0.00
         avg:                                    0.01
         max:                                   11.60
         95th percentile:                        0.03
         sum:                              3076352.41

Threads fairness:
    events (avg/stddev):           13420035.5625/15584.77
    execution time (avg/stddev):   192.2720/0.18

sysbench 1.0.17 (using bundled LuaJIT 2.1.0-beta2)

Running the test with following options:
Number of threads: 32
Initializing random number generator from current time


Extra file open flags: (none)
64 files, 128MiB each
8GiB total file size
Block size 32KiB
Number of IO requests: 0
Read/Write ratio for combined random IO test: 1.50
Calling fsync() after each write operation.
Using synchronous I/O mode
Doing random read test
Initializing worker threads...

Threads started!


File operations:
    reads/s:                      894667.49
    writes/s:                     0.00
    fsyncs/s:                     0.00

Throughput:
    read, MiB/s:                  27958.36
    written, MiB/s:               0.00

General statistics:
    total time:                          240.0003s
    total number of events:              214722426

Latency (ms):
         min:                                    0.00
         avg:                                    0.02
         max:                                  146.26
         95th percentile:                        0.06
         sum:                              5280844.38

Threads fairness:
    events (avg/stddev):           6710075.8125/17181.57
    execution time (avg/stddev):   165.0264/0.16

sysbench 1.0.17 (using bundled LuaJIT 2.1.0-beta2)

Running the test with following options:
Number of threads: 64
Initializing random number generator from current time


Extra file open flags: (none)
64 files, 128MiB each
8GiB total file size
Block size 32KiB
Number of IO requests: 0
Read/Write ratio for combined random IO test: 1.50
Calling fsync() after each write operation.
Using synchronous I/O mode
Doing random read test
Initializing worker threads...

Threads started!


File operations:
    reads/s:                      899732.85
    writes/s:                     0.00
    fsyncs/s:                     0.00

Throughput:
    read, MiB/s:                  28116.65
    written, MiB/s:               0.00

General statistics:
    total time:                          240.0008s
    total number of events:              215938467

Latency (ms):
         min:                                    0.00
         avg:                                    0.04
         max:                                  188.94
         95th percentile:                        0.15
         sum:                              9701161.71

Threads fairness:
    events (avg/stddev):           3374038.5469/10899.89
    execution time (avg/stddev):   151.5807/0.28

