sysbench 1.0.17 (using bundled LuaJIT 2.1.0-beta2)

Running the test with following options:
Number of threads: 1
Initializing random number generator from current time


Extra file open flags: (none)
64 files, 128MiB each
8GiB total file size
Block size 32KiB
Number of IO requests: 0
Read/Write ratio for combined random IO test: 1.50
Calling fsync() after each write operation.
Using synchronous I/O mode
Doing random write test
Initializing worker threads...

Threads started!


File operations:
    reads/s:                      0.00
    writes/s:                     1855.27
    fsyncs/s:                     1855.27

Throughput:
    read, MiB/s:                  0.00
    written, MiB/s:               57.98

General statistics:
    total time:                          240.0001s
    total number of events:              445269

Latency (ms):
         min:                                    0.11
         avg:                                    0.54
         max:                                  125.33
         95th percentile:                        0.70
         sum:                               239385.15

Threads fairness:
    events (avg/stddev):           445269.0000/0.00
    execution time (avg/stddev):   239.3851/0.00

sysbench 1.0.17 (using bundled LuaJIT 2.1.0-beta2)

Running the test with following options:
Number of threads: 4
Initializing random number generator from current time


Extra file open flags: (none)
64 files, 128MiB each
8GiB total file size
Block size 32KiB
Number of IO requests: 0
Read/Write ratio for combined random IO test: 1.50
Calling fsync() after each write operation.
Using synchronous I/O mode
Doing random write test
Initializing worker threads...

Threads started!


File operations:
    reads/s:                      0.00
    writes/s:                     6207.86
    fsyncs/s:                     6207.86

Throughput:
    read, MiB/s:                  0.00
    written, MiB/s:               194.00

General statistics:
    total time:                          240.0005s
    total number of events:              1489904

Latency (ms):
         min:                                    0.09
         avg:                                    0.64
         max:                                  255.36
         95th percentile:                        1.12
         sum:                               957870.45

Threads fairness:
    events (avg/stddev):           372476.0000/108.32
    execution time (avg/stddev):   239.4676/0.00

sysbench 1.0.17 (using bundled LuaJIT 2.1.0-beta2)

Running the test with following options:
Number of threads: 8
Initializing random number generator from current time


Extra file open flags: (none)
64 files, 128MiB each
8GiB total file size
Block size 32KiB
Number of IO requests: 0
Read/Write ratio for combined random IO test: 1.50
Calling fsync() after each write operation.
Using synchronous I/O mode
Doing random write test
Initializing worker threads...

Threads started!

