sysbench 1.0.17 (using bundled LuaJIT 2.1.0-beta2)

Running the test with following options:
Number of threads: 1
Initializing random number generator from current time


Extra file open flags: (none)
64 files, 128MiB each
8GiB total file size
Block size 32KiB
Number of IO requests: 0
Read/Write ratio for combined random IO test: 1.50
Calling fsync() after each write operation.
Using synchronous I/O mode
Doing random read test
Initializing worker threads...

Threads started!


File operations:
    reads/s:                      164631.18
    writes/s:                     0.00
    fsyncs/s:                     0.00

Throughput:
    read, MiB/s:                  5144.72
    written, MiB/s:               0.00

General statistics:
    total time:                          240.0001s
    total number of events:              39511814

Latency (ms):
         min:                                    0.00
         avg:                                    0.01
         max:                                    7.71
         95th percentile:                        0.01
         sum:                               229482.47

Threads fairness:
    events (avg/stddev):           39511814.0000/0.00
    execution time (avg/stddev):   229.4825/0.00

sysbench 1.0.17 (using bundled LuaJIT 2.1.0-beta2)

Running the test with following options:
Number of threads: 4
Initializing random number generator from current time


Extra file open flags: (none)
64 files, 128MiB each
8GiB total file size
Block size 32KiB
Number of IO requests: 0
Read/Write ratio for combined random IO test: 1.50
Calling fsync() after each write operation.
Using synchronous I/O mode
Doing random read test
Initializing worker threads...

Threads started!


File operations:
    reads/s:                      570325.66
    writes/s:                     0.00
    fsyncs/s:                     0.00

Throughput:
    read, MiB/s:                  17822.68
    written, MiB/s:               0.00

General statistics:
    total time:                          240.0002s
    total number of events:              136879383

Latency (ms):
         min:                                    0.00
         avg:                                    0.01
         max:                                    9.26
         95th percentile:                        0.01
         sum:                               899120.97

Threads fairness:
    events (avg/stddev):           34219845.7500/111205.24
    execution time (avg/stddev):   224.7802/0.16

sysbench 1.0.17 (using bundled LuaJIT 2.1.0-beta2)

Running the test with following options:
Number of threads: 8
Initializing random number generator from current time


Extra file open flags: (none)
64 files, 128MiB each
8GiB total file size
Block size 32KiB
Number of IO requests: 0
Read/Write ratio for combined random IO test: 1.50
Calling fsync() after each write operation.
Using synchronous I/O mode
Doing random read test
Initializing worker threads...

Threads started!


File operations:
    reads/s:                      919448.91
    writes/s:                     0.00
    fsyncs/s:                     0.00

Throughput:
    read, MiB/s:                  28732.78
    written, MiB/s:               0.00

General statistics:
    total time:                          240.0001s
    total number of events:              220669861

Latency (ms):
         min:                                    0.00
         avg:                                    0.01
         max:                                   17.41
         95th percentile:                        0.01
         sum:                              1708778.01

Threads fairness:
    events (avg/stddev):           27583732.6250/90738.00
    execution time (avg/stddev):   213.5973/0.17

sysbench 1.0.17 (using bundled LuaJIT 2.1.0-beta2)

Running the test with following options:
Number of threads: 16
Initializing random number generator from current time


Extra file open flags: (none)
64 files, 128MiB each
8GiB total file size
Block size 32KiB
Number of IO requests: 0
Read/Write ratio for combined random IO test: 1.50
Calling fsync() after each write operation.
Using synchronous I/O mode
Doing random read test
Initializing worker threads...

Threads started!


File operations:
    reads/s:                      1146034.16
    writes/s:                     0.00
    fsyncs/s:                     0.00

Throughput:
    read, MiB/s:                  35813.57
    written, MiB/s:               0.00

General statistics:
    total time:                          240.0002s
    total number of events:              275051017

Latency (ms):
         min:                                    0.00
         avg:                                    0.01
         max:                                   17.29
         95th percentile:                        0.02
         sum:                              2946182.11

Threads fairness:
    events (avg/stddev):           17190688.5625/35046.10
    execution time (avg/stddev):   184.1364/0.26

sysbench 1.0.17 (using bundled LuaJIT 2.1.0-beta2)

Running the test with following options:
Number of threads: 32
Initializing random number generator from current time


Extra file open flags: (none)
64 files, 128MiB each
8GiB total file size
Block size 32KiB
Number of IO requests: 0
Read/Write ratio for combined random IO test: 1.50
Calling fsync() after each write operation.
Using synchronous I/O mode
Doing random read test
Initializing worker threads...

Threads started!


File operations:
    reads/s:                      1129318.92
    writes/s:                     0.00
    fsyncs/s:                     0.00

Throughput:
    read, MiB/s:                  35291.22
    written, MiB/s:               0.00

General statistics:
    total time:                          240.0003s
    total number of events:              271039155

Latency (ms):
         min:                                    0.00
         avg:                                    0.02
         max:                                   35.97
         95th percentile:                        0.06
         sum:                              4957234.39

Threads fairness:
    events (avg/stddev):           8469973.5938/21140.49
    execution time (avg/stddev):   154.9136/0.13

sysbench 1.0.17 (using bundled LuaJIT 2.1.0-beta2)

Running the test with following options:
Number of threads: 64
Initializing random number generator from current time


Extra file open flags: (none)
64 files, 128MiB each
8GiB total file size
Block size 32KiB
Number of IO requests: 0
Read/Write ratio for combined random IO test: 1.50
Calling fsync() after each write operation.
Using synchronous I/O mode
Doing random read test
Initializing worker threads...

Threads started!


File operations:
    reads/s:                      1154000.31
    writes/s:                     0.00
    fsyncs/s:                     0.00

Throughput:
    read, MiB/s:                  36062.51
    written, MiB/s:               0.00

General statistics:
    total time:                          240.0004s
    total number of events:              276962859

Latency (ms):
         min:                                    0.00
         avg:                                    0.03
         max:                                   70.09
         95th percentile:                        0.12
         sum:                              9020596.83

Threads fairness:
    events (avg/stddev):           4327544.6719/8079.84
    execution time (avg/stddev):   140.9468/0.21

