sysbench 1.0.17 (using bundled LuaJIT 2.1.0-beta2)

Running the test with following options:
Number of threads: 1
Initializing random number generator from current time


Extra file open flags: (none)
64 files, 128MiB each
8GiB total file size
Block size 32KiB
Number of IO requests: 0
Read/Write ratio for combined random IO test: 1.50
Calling fsync() after each write operation.
Using synchronous I/O mode
Doing random write test
Initializing worker threads...

Threads started!


File operations:
    reads/s:                      0.00
    writes/s:                     2002.04
    fsyncs/s:                     2002.04

Throughput:
    read, MiB/s:                  0.00
    written, MiB/s:               62.56

General statistics:
    total time:                          240.0005s
    total number of events:              480496

Latency (ms):
         min:                                    0.10
         avg:                                    0.50
         max:                                   20.32
         95th percentile:                        0.72
         sum:                               239405.96

Threads fairness:
    events (avg/stddev):           480496.0000/0.00
    execution time (avg/stddev):   239.4060/0.00

sysbench 1.0.17 (using bundled LuaJIT 2.1.0-beta2)

Running the test with following options:
Number of threads: 4
Initializing random number generator from current time


Extra file open flags: (none)
64 files, 128MiB each
8GiB total file size
Block size 32KiB
Number of IO requests: 0
Read/Write ratio for combined random IO test: 1.50
Calling fsync() after each write operation.
Using synchronous I/O mode
Doing random write test
Initializing worker threads...

Threads started!


File operations:
    reads/s:                      0.00
    writes/s:                     8902.56
    fsyncs/s:                     8902.56

Throughput:
    read, MiB/s:                  0.00
    written, MiB/s:               278.21

General statistics:
    total time:                          240.0005s
    total number of events:              2136638

Latency (ms):
         min:                                    0.09
         avg:                                    0.45
         max:                                   80.63
         95th percentile:                        0.69
         sum:                               957468.94

Threads fairness:
    events (avg/stddev):           534159.5000/369.41
    execution time (avg/stddev):   239.3672/0.00

sysbench 1.0.17 (using bundled LuaJIT 2.1.0-beta2)

Running the test with following options:
Number of threads: 8
Initializing random number generator from current time


Extra file open flags: (none)
64 files, 128MiB each
8GiB total file size
Block size 32KiB
Number of IO requests: 0
Read/Write ratio for combined random IO test: 1.50
Calling fsync() after each write operation.
Using synchronous I/O mode
Doing random write test
Initializing worker threads...

Threads started!


File operations:
    reads/s:                      0.00
    writes/s:                     14894.40
    fsyncs/s:                     14894.40

Throughput:
    read, MiB/s:                  0.00
    written, MiB/s:               465.45

General statistics:
    total time:                          240.0006s
    total number of events:              3574695

Latency (ms):
         min:                                    0.08
         avg:                                    0.54
         max:                                   79.96
         95th percentile:                        0.84
         sum:                              1914658.64

Threads fairness:
    events (avg/stddev):           446836.8750/339.38
    execution time (avg/stddev):   239.3323/0.01

sysbench 1.0.17 (using bundled LuaJIT 2.1.0-beta2)

Running the test with following options:
Number of threads: 16
Initializing random number generator from current time


Extra file open flags: (none)
64 files, 128MiB each
8GiB total file size
Block size 32KiB
Number of IO requests: 0
Read/Write ratio for combined random IO test: 1.50
Calling fsync() after each write operation.
Using synchronous I/O mode
Doing random write test
Initializing worker threads...

Threads started!


File operations:
    reads/s:                      0.00
    writes/s:                     15621.47
    fsyncs/s:                     15621.47

Throughput:
    read, MiB/s:                  0.00
    written, MiB/s:               488.17

General statistics:
    total time:                          240.0006s
    total number of events:              3749191

Latency (ms):
         min:                                    0.09
         avg:                                    1.02
         max:                                   89.79
         95th percentile:                        1.08
         sum:                              3833722.53

Threads fairness:
    events (avg/stddev):           234324.4375/379.97
    execution time (avg/stddev):   239.6077/0.01

sysbench 1.0.17 (using bundled LuaJIT 2.1.0-beta2)

Running the test with following options:
Number of threads: 32
Initializing random number generator from current time


Extra file open flags: (none)
64 files, 128MiB each
8GiB total file size
Block size 32KiB
Number of IO requests: 0
Read/Write ratio for combined random IO test: 1.50
Calling fsync() after each write operation.
Using synchronous I/O mode
Doing random write test
Initializing worker threads...

Threads started!


File operations:
    reads/s:                      0.00
    writes/s:                     15954.12
    fsyncs/s:                     15954.12

Throughput:
    read, MiB/s:                  0.00
    written, MiB/s:               498.57

General statistics:
    total time:                          240.0134s
    total number of events:              3829231

Latency (ms):
         min:                                    0.09
         avg:                                    2.00
         max:                                   95.75
         95th percentile:                        1.89
         sum:                              7672587.76

Threads fairness:
    events (avg/stddev):           119663.4688/183.16
    execution time (avg/stddev):   239.7684/0.01

sysbench 1.0.17 (using bundled LuaJIT 2.1.0-beta2)

Running the test with following options:
Number of threads: 64
Initializing random number generator from current time


Extra file open flags: (none)
64 files, 128MiB each
8GiB total file size
Block size 32KiB
Number of IO requests: 0
Read/Write ratio for combined random IO test: 1.50
Calling fsync() after each write operation.
Using synchronous I/O mode
Doing random write test
Initializing worker threads...

Threads started!


File operations:
    reads/s:                      0.00
    writes/s:                     16103.39
    fsyncs/s:                     16103.39

Throughput:
    read, MiB/s:                  0.00
    written, MiB/s:               503.23

General statistics:
    total time:                          240.0337s
    total number of events:              3865390

Latency (ms):
         min:                                    0.10
         avg:                                    3.97
         max:                                  100.30
         95th percentile:                       37.56
         sum:                             15353536.14

Threads fairness:
    events (avg/stddev):           60396.7188/136.35
    execution time (avg/stddev):   239.8990/0.00

