sysbench 1.0.17 (using bundled LuaJIT 2.1.0-beta2)

Running the test with following options:
Number of threads: 1
Initializing random number generator from current time


Extra file open flags: (none)
64 files, 128MiB each
8GiB total file size
Block size 32KiB
Number of IO requests: 0
Read/Write ratio for combined random IO test: 1.50
Calling fsync() after each write operation.
Using synchronous I/O mode
Doing random read test
Initializing worker threads...

Threads started!


File operations:
    reads/s:                      202283.54
    writes/s:                     0.00
    fsyncs/s:                     0.00

Throughput:
    read, MiB/s:                  6321.36
    written, MiB/s:               0.00

General statistics:
    total time:                          240.0001s
    total number of events:              48548347

Latency (ms):
         min:                                    0.00
         avg:                                    0.00
         max:                                    0.04
         95th percentile:                        0.01
         sum:                               228687.60

Threads fairness:
    events (avg/stddev):           48548347.0000/0.00
    execution time (avg/stddev):   228.6876/0.00

sysbench 1.0.17 (using bundled LuaJIT 2.1.0-beta2)

Running the test with following options:
Number of threads: 4
Initializing random number generator from current time


Extra file open flags: (none)
64 files, 128MiB each
8GiB total file size
Block size 32KiB
Number of IO requests: 0
Read/Write ratio for combined random IO test: 1.50
Calling fsync() after each write operation.
Using synchronous I/O mode
Doing random read test
Initializing worker threads...

Threads started!


File operations:
    reads/s:                      657127.74
    writes/s:                     0.00
    fsyncs/s:                     0.00

Throughput:
    read, MiB/s:                  20535.24
    written, MiB/s:               0.00

General statistics:
    total time:                          240.0000s
    total number of events:              157711636

Latency (ms):
         min:                                    0.00
         avg:                                    0.01
         max:                                    3.00
         95th percentile:                        0.01
         sum:                               864375.76

Threads fairness:
    events (avg/stddev):           39427909.0000/247267.37
    execution time (avg/stddev):   216.0939/0.09

sysbench 1.0.17 (using bundled LuaJIT 2.1.0-beta2)

Running the test with following options:
Number of threads: 8
Initializing random number generator from current time


Extra file open flags: (none)
64 files, 128MiB each
8GiB total file size
Block size 32KiB
Number of IO requests: 0
Read/Write ratio for combined random IO test: 1.50
Calling fsync() after each write operation.
Using synchronous I/O mode
Doing random read test
Initializing worker threads...

Threads started!


File operations:
    reads/s:                      993710.77
    writes/s:                     0.00
    fsyncs/s:                     0.00

Throughput:
    read, MiB/s:                  31053.46
    written, MiB/s:               0.00

General statistics:
    total time:                          240.0001s
    total number of events:              238492156

Latency (ms):
         min:                                    0.00
         avg:                                    0.01
         max:                                    0.23
         95th percentile:                        0.01
         sum:                              1581354.12

Threads fairness:
    events (avg/stddev):           29811519.5000/646130.39
    execution time (avg/stddev):   197.6693/1.32

sysbench 1.0.17 (using bundled LuaJIT 2.1.0-beta2)

Running the test with following options:
Number of threads: 16
Initializing random number generator from current time


Extra file open flags: (none)
64 files, 128MiB each
8GiB total file size
Block size 32KiB
Number of IO requests: 0
Read/Write ratio for combined random IO test: 1.50
Calling fsync() after each write operation.
Using synchronous I/O mode
Doing random read test
Initializing worker threads...

Threads started!


File operations:
    reads/s:                      925876.84
    writes/s:                     0.00
    fsyncs/s:                     0.00

Throughput:
    read, MiB/s:                  28933.65
    written, MiB/s:               0.00

General statistics:
    total time:                          240.0000s
    total number of events:              222211847

Latency (ms):
         min:                                    0.00
         avg:                                    0.01
         max:                                    1.15
         95th percentile:                        0.03
         sum:                              2604670.49

Threads fairness:
    events (avg/stddev):           13888240.4375/22623.84
    execution time (avg/stddev):   162.7919/0.12

sysbench 1.0.17 (using bundled LuaJIT 2.1.0-beta2)

Running the test with following options:
Number of threads: 32
Initializing random number generator from current time


Extra file open flags: (none)
64 files, 128MiB each
8GiB total file size
Block size 32KiB
Number of IO requests: 0
Read/Write ratio for combined random IO test: 1.50
Calling fsync() after each write operation.
Using synchronous I/O mode
Doing random read test
Initializing worker threads...

Threads started!


File operations:
    reads/s:                      935298.08
    writes/s:                     0.00
    fsyncs/s:                     0.00

Throughput:
    read, MiB/s:                  29228.06
    written, MiB/s:               0.00

General statistics:
    total time:                          240.0001s
    total number of events:              224473019

Latency (ms):
         min:                                    0.00
         avg:                                    0.02
         max:                                    6.20
         95th percentile:                        0.08
         sum:                              4591422.44

Threads fairness:
    events (avg/stddev):           7014781.8438/8564.47
    execution time (avg/stddev):   143.4820/0.14

sysbench 1.0.17 (using bundled LuaJIT 2.1.0-beta2)

Running the test with following options:
Number of threads: 64
Initializing random number generator from current time


Extra file open flags: (none)
64 files, 128MiB each
8GiB total file size
Block size 32KiB
Number of IO requests: 0
Read/Write ratio for combined random IO test: 1.50
Calling fsync() after each write operation.
Using synchronous I/O mode
Doing random read test
Initializing worker threads...

Threads started!


File operations:
    reads/s:                      971244.64
    writes/s:                     0.00
    fsyncs/s:                     0.00

Throughput:
    read, MiB/s:                  30351.40
    written, MiB/s:               0.00

General statistics:
    total time:                          240.0002s
    total number of events:              233100281

Latency (ms):
         min:                                    0.00
         avg:                                    0.04
         max:                                   40.84
         95th percentile:                        0.21
         sum:                              8613856.86

Threads fairness:
    events (avg/stddev):           3642191.8906/14018.30
    execution time (avg/stddev):   134.5915/0.14

