sysbench 1.0.17 (using bundled LuaJIT 2.1.0-beta2)

Running the test with following options:
Number of threads: 1
Initializing random number generator from current time


Extra file open flags: (none)
64 files, 128MiB each
8GiB total file size
Block size 32KiB
Number of IO requests: 0
Read/Write ratio for combined random IO test: 1.50
Calling fsync() after each write operation.
Using synchronous I/O mode
Doing random write test
Initializing worker threads...

Threads started!


File operations:
    reads/s:                      0.00
    writes/s:                     607.86
    fsyncs/s:                     607.86

Throughput:
    read, MiB/s:                  0.00
    written, MiB/s:               19.00

General statistics:
    total time:                          240.0009s
    total number of events:              145888

Latency (ms):
         min:                                    0.52
         avg:                                    1.64
         max:                                  189.13
         95th percentile:                        1.86
         sum:                               239954.28

Threads fairness:
    events (avg/stddev):           145888.0000/0.00
    execution time (avg/stddev):   239.9543/0.00

sysbench 1.0.17 (using bundled LuaJIT 2.1.0-beta2)

Running the test with following options:
Number of threads: 4
Initializing random number generator from current time


Extra file open flags: (none)
64 files, 128MiB each
8GiB total file size
Block size 32KiB
Number of IO requests: 0
Read/Write ratio for combined random IO test: 1.50
Calling fsync() after each write operation.
Using synchronous I/O mode
Doing random write test
Initializing worker threads...

Threads started!


File operations:
    reads/s:                      0.00
    writes/s:                     2364.89
    fsyncs/s:                     2364.89

Throughput:
    read, MiB/s:                  0.00
    written, MiB/s:               73.90

General statistics:
    total time:                          240.0004s
    total number of events:              567577

Latency (ms):
         min:                                    0.49
         avg:                                    1.69
         max:                                  147.25
         95th percentile:                        2.11
         sum:                               959608.42

Threads fairness:
    events (avg/stddev):           141894.2500/71.26
    execution time (avg/stddev):   239.9021/0.00

sysbench 1.0.17 (using bundled LuaJIT 2.1.0-beta2)

Running the test with following options:
Number of threads: 8
Initializing random number generator from current time


Extra file open flags: (none)
64 files, 128MiB each
8GiB total file size
Block size 32KiB
Number of IO requests: 0
Read/Write ratio for combined random IO test: 1.50
Calling fsync() after each write operation.
Using synchronous I/O mode
Doing random write test
Initializing worker threads...

Threads started!


File operations:
    reads/s:                      0.00
    writes/s:                     4492.47
    fsyncs/s:                     4492.47

Throughput:
    read, MiB/s:                  0.00
    written, MiB/s:               140.39

General statistics:
    total time:                          240.0021s
    total number of events:              1078207

Latency (ms):
         min:                                    0.46
         avg:                                    1.78
         max:                                  153.42
         95th percentile:                        2.43
         sum:                              1918424.12

Threads fairness:
    events (avg/stddev):           134775.8750/92.24
    execution time (avg/stddev):   239.8030/0.00

sysbench 1.0.17 (using bundled LuaJIT 2.1.0-beta2)

Running the test with following options:
Number of threads: 16
Initializing random number generator from current time


Extra file open flags: (none)
64 files, 128MiB each
8GiB total file size
Block size 32KiB
Number of IO requests: 0
Read/Write ratio for combined random IO test: 1.50
Calling fsync() after each write operation.
Using synchronous I/O mode
Doing random write test
Initializing worker threads...

Threads started!


File operations:
    reads/s:                      0.00
    writes/s:                     8252.91
    fsyncs/s:                     8252.91

Throughput:
    read, MiB/s:                  0.00
    written, MiB/s:               257.90

General statistics:
    total time:                          240.0017s
    total number of events:              1980723

Latency (ms):
         min:                                    0.48
         avg:                                    1.94
         max:                                  153.56
         95th percentile:                        2.71
         sum:                              3836293.49

Threads fairness:
    events (avg/stddev):           123795.1875/124.67
    execution time (avg/stddev):   239.7683/0.00

sysbench 1.0.17 (using bundled LuaJIT 2.1.0-beta2)

Running the test with following options:
Number of threads: 32
Initializing random number generator from current time


Extra file open flags: (none)
64 files, 128MiB each
8GiB total file size
Block size 32KiB
Number of IO requests: 0
Read/Write ratio for combined random IO test: 1.50
Calling fsync() after each write operation.
Using synchronous I/O mode
Doing random write test
Initializing worker threads...

Threads started!


File operations:
    reads/s:                      0.00
    writes/s:                     12916.58
    fsyncs/s:                     12916.58

Throughput:
    read, MiB/s:                  0.00
    written, MiB/s:               403.64

General statistics:
    total time:                          240.0023s
    total number of events:              3100026

Latency (ms):
         min:                                    0.49
         avg:                                    2.48
         max:                                  200.34
         95th percentile:                        3.49
         sum:                              7673036.28

Threads fairness:
    events (avg/stddev):           96875.8125/107.07
    execution time (avg/stddev):   239.7824/0.00

sysbench 1.0.17 (using bundled LuaJIT 2.1.0-beta2)

Running the test with following options:
Number of threads: 64
Initializing random number generator from current time


Extra file open flags: (none)
64 files, 128MiB each
8GiB total file size
Block size 32KiB
Number of IO requests: 0
Read/Write ratio for combined random IO test: 1.50
Calling fsync() after each write operation.
Using synchronous I/O mode
Doing random write test
Initializing worker threads...

Threads started!


File operations:
    reads/s:                      0.00
    writes/s:                     13112.46
    fsyncs/s:                     13112.46

Throughput:
    read, MiB/s:                  0.00
    written, MiB/s:               409.76

General statistics:
    total time:                          240.0031s
    total number of events:              3147049

Latency (ms):
         min:                                    0.51
         avg:                                    4.88
         max:                                  149.93
         95th percentile:                        6.32
         sum:                             15350166.19

Threads fairness:
    events (avg/stddev):           49172.6406/56.37
    execution time (avg/stddev):   239.8463/0.00

