sysbench 1.0.17 (using bundled LuaJIT 2.1.0-beta2)

Running the test with following options:
Number of threads: 1
Initializing random number generator from current time


Extra file open flags: (none)
64 files, 128MiB each
8GiB total file size
Block size 32KiB
Number of IO requests: 0
Read/Write ratio for combined random IO test: 1.50
Calling fsync() after each write operation.
Using synchronous I/O mode
Doing random read test
Initializing worker threads...

Threads started!


File operations:
    reads/s:                      180045.86
    writes/s:                     0.00
    fsyncs/s:                     0.00

Throughput:
    read, MiB/s:                  5626.43
    written, MiB/s:               0.00

General statistics:
    total time:                          240.0001s
    total number of events:              43211337

Latency (ms):
         min:                                    0.00
         avg:                                    0.01
         max:                                    0.54
         95th percentile:                        0.01
         sum:                               228695.99

Threads fairness:
    events (avg/stddev):           43211337.0000/0.00
    execution time (avg/stddev):   228.6960/0.00

sysbench 1.0.17 (using bundled LuaJIT 2.1.0-beta2)

Running the test with following options:
Number of threads: 4
Initializing random number generator from current time


Extra file open flags: (none)
64 files, 128MiB each
8GiB total file size
Block size 32KiB
Number of IO requests: 0
Read/Write ratio for combined random IO test: 1.50
Calling fsync() after each write operation.
Using synchronous I/O mode
Doing random read test
Initializing worker threads...

Threads started!


File operations:
    reads/s:                      621050.04
    writes/s:                     0.00
    fsyncs/s:                     0.00

Throughput:
    read, MiB/s:                  19407.81
    written, MiB/s:               0.00

General statistics:
    total time:                          240.0001s
    total number of events:              149053222

Latency (ms):
         min:                                    0.00
         avg:                                    0.01
         max:                                    0.64
         95th percentile:                        0.01
         sum:                               879042.84

Threads fairness:
    events (avg/stddev):           37263305.5000/68642.11
    execution time (avg/stddev):   219.7607/0.12

sysbench 1.0.17 (using bundled LuaJIT 2.1.0-beta2)

Running the test with following options:
Number of threads: 8
Initializing random number generator from current time


Extra file open flags: (none)
64 files, 128MiB each
8GiB total file size
Block size 32KiB
Number of IO requests: 0
Read/Write ratio for combined random IO test: 1.50
Calling fsync() after each write operation.
Using synchronous I/O mode
Doing random read test
Initializing worker threads...

Threads started!


File operations:
    reads/s:                      997516.12
    writes/s:                     0.00
    fsyncs/s:                     0.00

Throughput:
    read, MiB/s:                  31172.38
    written, MiB/s:               0.00

General statistics:
    total time:                          240.0002s
    total number of events:              239405839

Latency (ms):
         min:                                    0.00
         avg:                                    0.01
         max:                                    0.69
         95th percentile:                        0.01
         sum:                              1634923.47

Threads fairness:
    events (avg/stddev):           29925729.8750/32810.63
    execution time (avg/stddev):   204.3654/0.10

sysbench 1.0.17 (using bundled LuaJIT 2.1.0-beta2)

Running the test with following options:
Number of threads: 16
Initializing random number generator from current time


Extra file open flags: (none)
64 files, 128MiB each
8GiB total file size
Block size 32KiB
Number of IO requests: 0
Read/Write ratio for combined random IO test: 1.50
Calling fsync() after each write operation.
Using synchronous I/O mode
Doing random read test
Initializing worker threads...

Threads started!


File operations:
    reads/s:                      1040066.81
    writes/s:                     0.00
    fsyncs/s:                     0.00

Throughput:
    read, MiB/s:                  32502.09
    written, MiB/s:               0.00

General statistics:
    total time:                          240.0003s
    total number of events:              249618187

Latency (ms):
         min:                                    0.00
         avg:                                    0.01
         max:                                   15.65
         95th percentile:                        0.02
         sum:                              2822917.98

Threads fairness:
    events (avg/stddev):           15601136.6875/33148.28
    execution time (avg/stddev):   176.4324/0.13

sysbench 1.0.17 (using bundled LuaJIT 2.1.0-beta2)

Running the test with following options:
Number of threads: 32
Initializing random number generator from current time


Extra file open flags: (none)
64 files, 128MiB each
8GiB total file size
Block size 32KiB
Number of IO requests: 0
Read/Write ratio for combined random IO test: 1.50
Calling fsync() after each write operation.
Using synchronous I/O mode
Doing random read test
Initializing worker threads...

Threads started!


File operations:
    reads/s:                      1009546.13
    writes/s:                     0.00
    fsyncs/s:                     0.00

Throughput:
    read, MiB/s:                  31548.32
    written, MiB/s:               0.00

General statistics:
    total time:                          240.0004s
    total number of events:              242293269

Latency (ms):
         min:                                    0.00
         avg:                                    0.02
         max:                                   25.71
         95th percentile:                        0.08
         sum:                              4781447.79

Threads fairness:
    events (avg/stddev):           7571664.6562/12369.96
    execution time (avg/stddev):   149.4202/0.10

sysbench 1.0.17 (using bundled LuaJIT 2.1.0-beta2)

Running the test with following options:
Number of threads: 64
Initializing random number generator from current time


Extra file open flags: (none)
64 files, 128MiB each
8GiB total file size
Block size 32KiB
Number of IO requests: 0
Read/Write ratio for combined random IO test: 1.50
Calling fsync() after each write operation.
Using synchronous I/O mode
Doing random read test
Initializing worker threads...

Threads started!


File operations:
    reads/s:                      1016708.35
    writes/s:                     0.00
    fsyncs/s:                     0.00

Throughput:
    read, MiB/s:                  31772.14
    written, MiB/s:               0.00

General statistics:
    total time:                          240.0006s
    total number of events:              244012458

Latency (ms):
         min:                                    0.00
         avg:                                    0.04
         max:                                   27.31
         95th percentile:                        0.21
         sum:                              8876071.78

Threads fairness:
    events (avg/stddev):           3812694.6562/6152.70
    execution time (avg/stddev):   138.6886/0.16

