sysbench 1.0.17 (using bundled LuaJIT 2.1.0-beta2)

Running the test with following options:
Number of threads: 1
Initializing random number generator from current time


Extra file open flags: (none)
64 files, 128MiB each
8GiB total file size
Block size 32KiB
Number of IO requests: 0
Read/Write ratio for combined random IO test: 1.50
Calling fsync() after each write operation.
Using synchronous I/O mode
Doing random write test
Initializing worker threads...

Threads started!


File operations:
    reads/s:                      0.00
    writes/s:                     3040.79
    fsyncs/s:                     3040.79

Throughput:
    read, MiB/s:                  0.00
    written, MiB/s:               95.02

General statistics:
    total time:                          240.0002s
    total number of events:              729796

Latency (ms):
         min:                                    0.10
         avg:                                    0.33
         max:                                   10.39
         95th percentile:                        0.45
         sum:                               239340.61

Threads fairness:
    events (avg/stddev):           729796.0000/0.00
    execution time (avg/stddev):   239.3406/0.00

sysbench 1.0.17 (using bundled LuaJIT 2.1.0-beta2)

Running the test with following options:
Number of threads: 4
Initializing random number generator from current time


Extra file open flags: (none)
64 files, 128MiB each
8GiB total file size
Block size 32KiB
Number of IO requests: 0
Read/Write ratio for combined random IO test: 1.50
Calling fsync() after each write operation.
Using synchronous I/O mode
Doing random write test
Initializing worker threads...

Threads started!


File operations:
    reads/s:                      0.00
    writes/s:                     10793.30
    fsyncs/s:                     10793.30

Throughput:
    read, MiB/s:                  0.00
    written, MiB/s:               337.29

General statistics:
    total time:                          240.0008s
    total number of events:              2590419

Latency (ms):
         min:                                    0.10
         avg:                                    0.37
         max:                                   10.35
         95th percentile:                        0.72
         sum:                               957813.75

Threads fairness:
    events (avg/stddev):           647604.7500/1118.53
    execution time (avg/stddev):   239.4534/0.00

sysbench 1.0.17 (using bundled LuaJIT 2.1.0-beta2)

Running the test with following options:
Number of threads: 8
Initializing random number generator from current time


Extra file open flags: (none)
64 files, 128MiB each
8GiB total file size
Block size 32KiB
Number of IO requests: 0
Read/Write ratio for combined random IO test: 1.50
Calling fsync() after each write operation.
Using synchronous I/O mode
Doing random write test
Initializing worker threads...

Threads started!


File operations:
    reads/s:                      0.00
    writes/s:                     11061.93
    fsyncs/s:                     11061.93

Throughput:
    read, MiB/s:                  0.00
    written, MiB/s:               345.69

General statistics:
    total time:                          240.0010s
    total number of events:              2654892

Latency (ms):
         min:                                    0.10
         avg:                                    0.72
         max:                                   88.69
         95th percentile:                        1.14
         sum:                              1918036.09

Threads fairness:
    events (avg/stddev):           331861.5000/772.23
    execution time (avg/stddev):   239.7545/0.00

sysbench 1.0.17 (using bundled LuaJIT 2.1.0-beta2)

Running the test with following options:
Number of threads: 16
Initializing random number generator from current time


Extra file open flags: (none)
64 files, 128MiB each
8GiB total file size
Block size 32KiB
Number of IO requests: 0
Read/Write ratio for combined random IO test: 1.50
Calling fsync() after each write operation.
Using synchronous I/O mode
Doing random write test
Initializing worker threads...

Threads started!


File operations:
    reads/s:                      0.00
    writes/s:                     11737.64
    fsyncs/s:                     11737.64

Throughput:
    read, MiB/s:                  0.00
    written, MiB/s:               366.80

General statistics:
    total time:                          240.0013s
    total number of events:              2817068

Latency (ms):
         min:                                    0.10
         avg:                                    1.36
         max:                                   38.71
         95th percentile:                        3.75
         sum:                              3836140.28

Threads fairness:
    events (avg/stddev):           176066.7500/184.48
    execution time (avg/stddev):   239.7588/0.00

sysbench 1.0.17 (using bundled LuaJIT 2.1.0-beta2)

Running the test with following options:
Number of threads: 32
Initializing random number generator from current time


Extra file open flags: (none)
64 files, 128MiB each
8GiB total file size
Block size 32KiB
Number of IO requests: 0
Read/Write ratio for combined random IO test: 1.50
Calling fsync() after each write operation.
Using synchronous I/O mode
Doing random write test
Initializing worker threads...

Threads started!


File operations:
    reads/s:                      0.00
    writes/s:                     12016.77
    fsyncs/s:                     12016.77

Throughput:
    read, MiB/s:                  0.00
    written, MiB/s:               375.52

General statistics:
    total time:                          240.0026s
    total number of events:              2884076

Latency (ms):
         min:                                    0.10
         avg:                                    2.66
         max:                                   32.26
         95th percentile:                        7.30
         sum:                              7673688.84

Threads fairness:
    events (avg/stddev):           90127.3750/196.27
    execution time (avg/stddev):   239.8028/0.00

sysbench 1.0.17 (using bundled LuaJIT 2.1.0-beta2)

Running the test with following options:
Number of threads: 64
Initializing random number generator from current time


Extra file open flags: (none)
64 files, 128MiB each
8GiB total file size
Block size 32KiB
Number of IO requests: 0
Read/Write ratio for combined random IO test: 1.50
Calling fsync() after each write operation.
Using synchronous I/O mode
Doing random write test
Initializing worker threads...

Threads started!


File operations:
    reads/s:                      0.00
    writes/s:                     12209.04
    fsyncs/s:                     12209.04

Throughput:
    read, MiB/s:                  0.00
    written, MiB/s:               381.53

General statistics:
    total time:                          240.0024s
    total number of events:              2930221

Latency (ms):
         min:                                    0.10
         avg:                                    5.24
         max:                                   42.57
         95th percentile:                       13.22
         sum:                             15351746.47

Threads fairness:
    events (avg/stddev):           45784.7031/92.33
    execution time (avg/stddev):   239.8710/0.00

