sysbench 1.0.17 (using bundled LuaJIT 2.1.0-beta2)

Running the test with following options:
Number of threads: 1
Initializing random number generator from current time


Extra file open flags: (none)
64 files, 128MiB each
8GiB total file size
Block size 32KiB
Number of IO requests: 0
Read/Write ratio for combined random IO test: 1.50
Calling fsync() after each write operation.
Using synchronous I/O mode
Doing random read test
Initializing worker threads...

Threads started!


File operations:
    reads/s:                      168256.43
    writes/s:                     0.00
    fsyncs/s:                     0.00

Throughput:
    read, MiB/s:                  5258.01
    written, MiB/s:               0.00

General statistics:
    total time:                          240.0001s
    total number of events:              40381904

Latency (ms):
         min:                                    0.00
         avg:                                    0.01
         max:                                    0.06
         95th percentile:                        0.01
         sum:                               206638.16

Threads fairness:
    events (avg/stddev):           40381904.0000/0.00
    execution time (avg/stddev):   206.6382/0.00

sysbench 1.0.17 (using bundled LuaJIT 2.1.0-beta2)

Running the test with following options:
Number of threads: 4
Initializing random number generator from current time


Extra file open flags: (none)
64 files, 128MiB each
8GiB total file size
Block size 32KiB
Number of IO requests: 0
Read/Write ratio for combined random IO test: 1.50
Calling fsync() after each write operation.
Using synchronous I/O mode
Doing random read test
Initializing worker threads...

Threads started!


File operations:
    reads/s:                      574852.45
    writes/s:                     0.00
    fsyncs/s:                     0.00

Throughput:
    read, MiB/s:                  17964.14
    written, MiB/s:               0.00

General statistics:
    total time:                          240.0001s
    total number of events:              137965840

Latency (ms):
         min:                                    0.00
         avg:                                    0.01
         max:                                    0.09
         95th percentile:                        0.01
         sum:                               804301.27

Threads fairness:
    events (avg/stddev):           34491460.0000/255523.71
    execution time (avg/stddev):   201.0753/0.24

sysbench 1.0.17 (using bundled LuaJIT 2.1.0-beta2)

Running the test with following options:
Number of threads: 8
Initializing random number generator from current time


Extra file open flags: (none)
64 files, 128MiB each
8GiB total file size
Block size 32KiB
Number of IO requests: 0
Read/Write ratio for combined random IO test: 1.50
Calling fsync() after each write operation.
Using synchronous I/O mode
Doing random read test
Initializing worker threads...

Threads started!


File operations:
    reads/s:                      983353.45
    writes/s:                     0.00
    fsyncs/s:                     0.00

Throughput:
    read, MiB/s:                  30729.80
    written, MiB/s:               0.00

General statistics:
    total time:                          240.0001s
    total number of events:              236006946

Latency (ms):
         min:                                    0.00
         avg:                                    0.01
         max:                                    0.48
         95th percentile:                        0.01
         sum:                              1555202.14

Threads fairness:
    events (avg/stddev):           29500868.2500/122863.66
    execution time (avg/stddev):   194.4003/0.41

sysbench 1.0.17 (using bundled LuaJIT 2.1.0-beta2)

Running the test with following options:
Number of threads: 16
Initializing random number generator from current time


Extra file open flags: (none)
64 files, 128MiB each
8GiB total file size
Block size 32KiB
Number of IO requests: 0
Read/Write ratio for combined random IO test: 1.50
Calling fsync() after each write operation.
Using synchronous I/O mode
Doing random read test
Initializing worker threads...

Threads started!


File operations:
    reads/s:                      1082613.47
    writes/s:                     0.00
    fsyncs/s:                     0.00

Throughput:
    read, MiB/s:                  33831.67
    written, MiB/s:               0.00

General statistics:
    total time:                          240.0001s
    total number of events:              259829561

Latency (ms):
         min:                                    0.00
         avg:                                    0.01
         max:                                    5.15
         95th percentile:                        0.02
         sum:                              2921195.06

Threads fairness:
    events (avg/stddev):           16239347.5625/41818.51
    execution time (avg/stddev):   182.5747/0.28

sysbench 1.0.17 (using bundled LuaJIT 2.1.0-beta2)

Running the test with following options:
Number of threads: 32
Initializing random number generator from current time


Extra file open flags: (none)
64 files, 128MiB each
8GiB total file size
Block size 32KiB
Number of IO requests: 0
Read/Write ratio for combined random IO test: 1.50
Calling fsync() after each write operation.
Using synchronous I/O mode
Doing random read test
Initializing worker threads...

Threads started!


File operations:
    reads/s:                      1033127.92
    writes/s:                     0.00
    fsyncs/s:                     0.00

Throughput:
    read, MiB/s:                  32285.25
    written, MiB/s:               0.00

General statistics:
    total time:                          240.0002s
    total number of events:              247953031

Latency (ms):
         min:                                    0.00
         avg:                                    0.02
         max:                                    6.79
         95th percentile:                        0.06
         sum:                              4839876.96

Threads fairness:
    events (avg/stddev):           7748532.2188/14859.58
    execution time (avg/stddev):   151.2462/0.22

sysbench 1.0.17 (using bundled LuaJIT 2.1.0-beta2)

Running the test with following options:
Number of threads: 64
Initializing random number generator from current time


Extra file open flags: (none)
64 files, 128MiB each
8GiB total file size
Block size 32KiB
Number of IO requests: 0
Read/Write ratio for combined random IO test: 1.50
Calling fsync() after each write operation.
Using synchronous I/O mode
Doing random read test
Initializing worker threads...

Threads started!


File operations:
    reads/s:                      1116341.91
    writes/s:                     0.00
    fsyncs/s:                     0.00

Throughput:
    read, MiB/s:                  34885.68
    written, MiB/s:               0.00

General statistics:
    total time:                          240.0003s
    total number of events:              267924662

Latency (ms):
         min:                                    0.00
         avg:                                    0.03
         max:                                   36.64
         95th percentile:                        0.08
         sum:                              8924087.47

Threads fairness:
    events (avg/stddev):           4186322.8438/10777.07
    execution time (avg/stddev):   139.4389/0.23

