sysbench 1.0.17 (using bundled LuaJIT 2.1.0-beta2)

Running the test with following options:
Number of threads: 1
Initializing random number generator from current time


Extra file open flags: (none)
64 files, 128MiB each
8GiB total file size
Block size 32KiB
Number of IO requests: 0
Read/Write ratio for combined random IO test: 1.50
Calling fsync() after each write operation.
Using synchronous I/O mode
Doing random write test
Initializing worker threads...

Threads started!


File operations:
    reads/s:                      0.00
    writes/s:                     5010.51
    fsyncs/s:                     5010.51

Throughput:
    read, MiB/s:                  0.00
    written, MiB/s:               156.58

General statistics:
    total time:                          240.0001s
    total number of events:              1202533

Latency (ms):
         min:                                    0.07
         avg:                                    0.20
         max:                                    1.36
         95th percentile:                        0.22
         sum:                               238676.35

Threads fairness:
    events (avg/stddev):           1202533.0000/0.00
    execution time (avg/stddev):   238.6764/0.00

sysbench 1.0.17 (using bundled LuaJIT 2.1.0-beta2)

Running the test with following options:
Number of threads: 4
Initializing random number generator from current time


Extra file open flags: (none)
64 files, 128MiB each
8GiB total file size
Block size 32KiB
Number of IO requests: 0
Read/Write ratio for combined random IO test: 1.50
Calling fsync() after each write operation.
Using synchronous I/O mode
Doing random write test
Initializing worker threads...

Threads started!


File operations:
    reads/s:                      0.00
    writes/s:                     22020.58
    fsyncs/s:                     22020.58

Throughput:
    read, MiB/s:                  0.00
    written, MiB/s:               688.14

General statistics:
    total time:                          240.0001s
    total number of events:              5284989

Latency (ms):
         min:                                    0.07
         avg:                                    0.18
         max:                                    2.59
         95th percentile:                        0.29
         sum:                               952821.67

Threads fairness:
    events (avg/stddev):           1321247.2500/288.93
    execution time (avg/stddev):   238.2054/0.01

sysbench 1.0.17 (using bundled LuaJIT 2.1.0-beta2)

Running the test with following options:
Number of threads: 8
Initializing random number generator from current time


Extra file open flags: (none)
64 files, 128MiB each
8GiB total file size
Block size 32KiB
Number of IO requests: 0
Read/Write ratio for combined random IO test: 1.50
Calling fsync() after each write operation.
Using synchronous I/O mode
Doing random write test
Initializing worker threads...

Threads started!


File operations:
    reads/s:                      0.00
    writes/s:                     41897.17
    fsyncs/s:                     41897.17

Throughput:
    read, MiB/s:                  0.00
    written, MiB/s:               1309.29

General statistics:
    total time:                          240.0002s
    total number of events:              10055417

Latency (ms):
         min:                                    0.07
         avg:                                    0.19
         max:                                    5.92
         95th percentile:                        0.36
         sum:                              1904052.11

Threads fairness:
    events (avg/stddev):           1256927.1250/584.38
    execution time (avg/stddev):   238.0065/0.00

sysbench 1.0.17 (using bundled LuaJIT 2.1.0-beta2)

Running the test with following options:
Number of threads: 16
Initializing random number generator from current time


Extra file open flags: (none)
64 files, 128MiB each
8GiB total file size
Block size 32KiB
Number of IO requests: 0
Read/Write ratio for combined random IO test: 1.50
Calling fsync() after each write operation.
Using synchronous I/O mode
Doing random write test
Initializing worker threads...

Threads started!


File operations:
    reads/s:                      0.00
    writes/s:                     47486.37
    fsyncs/s:                     47486.37

Throughput:
    read, MiB/s:                  0.00
    written, MiB/s:               1483.95

General statistics:
    total time:                          240.0003s
    total number of events:              11396832

Latency (ms):
         min:                                    0.07
         avg:                                    0.33
         max:                                  276.75
         95th percentile:                        0.54
         sum:                              3815695.56

Threads fairness:
    events (avg/stddev):           712302.0000/354.69
    execution time (avg/stddev):   238.4810/0.01

sysbench 1.0.17 (using bundled LuaJIT 2.1.0-beta2)

Running the test with following options:
Number of threads: 32
Initializing random number generator from current time


Extra file open flags: (none)
64 files, 128MiB each
8GiB total file size
Block size 32KiB
Number of IO requests: 0
Read/Write ratio for combined random IO test: 1.50
Calling fsync() after each write operation.
Using synchronous I/O mode
Doing random write test
Initializing worker threads...

Threads started!


File operations:
    reads/s:                      0.00
    writes/s:                     47935.57
    fsyncs/s:                     47935.57

Throughput:
    read, MiB/s:                  0.00
    written, MiB/s:               1497.99

General statistics:
    total time:                          240.1715s
    total number of events:              11512849

Latency (ms):
         min:                                    0.07
         avg:                                    0.67
         max:                                  356.94
         95th percentile:                        0.99
         sum:                              7657104.79

Threads fairness:
    events (avg/stddev):           359776.5312/362.23
    execution time (avg/stddev):   239.2845/0.01

sysbench 1.0.17 (using bundled LuaJIT 2.1.0-beta2)

Running the test with following options:
Number of threads: 64
Initializing random number generator from current time


Extra file open flags: (none)
64 files, 128MiB each
8GiB total file size
Block size 32KiB
Number of IO requests: 0
Read/Write ratio for combined random IO test: 1.50
Calling fsync() after each write operation.
Using synchronous I/O mode
Doing random write test
Initializing worker threads...

Threads started!


File operations:
    reads/s:                      0.00
    writes/s:                     48211.75
    fsyncs/s:                     48211.75

Throughput:
    read, MiB/s:                  0.00
    written, MiB/s:               1506.62

General statistics:
    total time:                          240.2155s
    total number of events:              11581303

Latency (ms):
         min:                                    0.07
         avg:                                    1.32
         max:                                  356.33
         95th percentile:                        2.03
         sum:                             15340345.30

Threads fairness:
    events (avg/stddev):           180957.8594/221.81
    execution time (avg/stddev):   239.6929/0.00

