sysbench 1.0.17 (using bundled LuaJIT 2.1.0-beta2)

Running the test with following options:
Number of threads: 1
Initializing random number generator from current time


Extra file open flags: (none)
64 files, 128MiB each
8GiB total file size
Block size 32KiB
Number of IO requests: 0
Read/Write ratio for combined random IO test: 1.50
Calling fsync() after each write operation.
Using synchronous I/O mode
Doing random write test
Initializing worker threads...

Threads started!


File operations:
    reads/s:                      0.00
    writes/s:                     560.14
    fsyncs/s:                     560.14

Throughput:
    read, MiB/s:                  0.00
    written, MiB/s:               17.50

General statistics:
    total time:                          240.0012s
    total number of events:              134436

Latency (ms):
         min:                                    0.57
         avg:                                    1.78
         max:                                   88.53
         95th percentile:                        2.86
         sum:                               239798.09

Threads fairness:
    events (avg/stddev):           134436.0000/0.00
    execution time (avg/stddev):   239.7981/0.00

