sysbench 1.0.17 (using bundled LuaJIT 2.1.0-beta2)

Running the test with following options:
Number of threads: 1
Initializing random number generator from current time


Extra file open flags: (none)
64 files, 128MiB each
8GiB total file size
Block size 32KiB
Number of IO requests: 0
Read/Write ratio for combined random IO test: 1.50
Calling fsync() after each write operation.
Using synchronous I/O mode
Doing random read test
Initializing worker threads...

Threads started!


File operations:
    reads/s:                      208180.07
    writes/s:                     0.00
    fsyncs/s:                     0.00

Throughput:
    read, MiB/s:                  6505.63
    written, MiB/s:               0.00

General statistics:
    total time:                          240.0001s
    total number of events:              49963553

Latency (ms):
         min:                                    0.00
         avg:                                    0.00
         max:                                    0.04
         95th percentile:                        0.01
         sum:                               227829.60

Threads fairness:
    events (avg/stddev):           49963553.0000/0.00
    execution time (avg/stddev):   227.8296/0.00

sysbench 1.0.17 (using bundled LuaJIT 2.1.0-beta2)

Running the test with following options:
Number of threads: 4
Initializing random number generator from current time


Extra file open flags: (none)
64 files, 128MiB each
8GiB total file size
Block size 32KiB
Number of IO requests: 0
Read/Write ratio for combined random IO test: 1.50
Calling fsync() after each write operation.
Using synchronous I/O mode
Doing random read test
Initializing worker threads...

Threads started!


File operations:
    reads/s:                      700600.63
    writes/s:                     0.00
    fsyncs/s:                     0.00

Throughput:
    read, MiB/s:                  21893.77
    written, MiB/s:               0.00

General statistics:
    total time:                          240.0000s
    total number of events:              168145257

Latency (ms):
         min:                                    0.00
         avg:                                    0.01
         max:                                    0.08
         95th percentile:                        0.01
         sum:                               870060.33

Threads fairness:
    events (avg/stddev):           42036314.2500/756791.13
    execution time (avg/stddev):   217.5151/0.16

sysbench 1.0.17 (using bundled LuaJIT 2.1.0-beta2)

Running the test with following options:
Number of threads: 8
Initializing random number generator from current time


Extra file open flags: (none)
64 files, 128MiB each
8GiB total file size
Block size 32KiB
Number of IO requests: 0
Read/Write ratio for combined random IO test: 1.50
Calling fsync() after each write operation.
Using synchronous I/O mode
Doing random read test
Initializing worker threads...

Threads started!


File operations:
    reads/s:                      1080469.19
    writes/s:                     0.00
    fsyncs/s:                     0.00

Throughput:
    read, MiB/s:                  33764.66
    written, MiB/s:               0.00

General statistics:
    total time:                          240.0001s
    total number of events:              259314598

Latency (ms):
         min:                                    0.00
         avg:                                    0.01
         max:                                    7.18
         95th percentile:                        0.01
         sum:                              1595160.94

Threads fairness:
    events (avg/stddev):           32414324.7500/1132829.09
    execution time (avg/stddev):   199.3951/1.20

sysbench 1.0.17 (using bundled LuaJIT 2.1.0-beta2)

Running the test with following options:
Number of threads: 16
Initializing random number generator from current time


Extra file open flags: (none)
64 files, 128MiB each
8GiB total file size
Block size 32KiB
Number of IO requests: 0
Read/Write ratio for combined random IO test: 1.50
Calling fsync() after each write operation.
Using synchronous I/O mode
Doing random read test
Initializing worker threads...

Threads started!


File operations:
    reads/s:                      1062830.65
    writes/s:                     0.00
    fsyncs/s:                     0.00

Throughput:
    read, MiB/s:                  33213.46
    written, MiB/s:               0.00

General statistics:
    total time:                          240.0001s
    total number of events:              255081359

Latency (ms):
         min:                                    0.00
         avg:                                    0.01
         max:                                    9.00
         95th percentile:                        0.02
         sum:                              2683425.47

Threads fairness:
    events (avg/stddev):           15942584.9375/39331.16
    execution time (avg/stddev):   167.7141/0.15

sysbench 1.0.17 (using bundled LuaJIT 2.1.0-beta2)

Running the test with following options:
Number of threads: 32
Initializing random number generator from current time


Extra file open flags: (none)
64 files, 128MiB each
8GiB total file size
Block size 32KiB
Number of IO requests: 0
Read/Write ratio for combined random IO test: 1.50
Calling fsync() after each write operation.
Using synchronous I/O mode
Doing random read test
Initializing worker threads...

Threads started!


File operations:
    reads/s:                      1078138.18
    writes/s:                     0.00
    fsyncs/s:                     0.00

Throughput:
    read, MiB/s:                  33691.82
    written, MiB/s:               0.00

General statistics:
    total time:                          240.0001s
    total number of events:              258754927

Latency (ms):
         min:                                    0.00
         avg:                                    0.02
         max:                                    9.25
         95th percentile:                        0.07
         sum:                              4657613.04

Threads fairness:
    events (avg/stddev):           8086091.4688/10158.86
    execution time (avg/stddev):   145.5504/0.11

sysbench 1.0.17 (using bundled LuaJIT 2.1.0-beta2)

Running the test with following options:
Number of threads: 64
Initializing random number generator from current time


Extra file open flags: (none)
64 files, 128MiB each
8GiB total file size
Block size 32KiB
Number of IO requests: 0
Read/Write ratio for combined random IO test: 1.50
Calling fsync() after each write operation.
Using synchronous I/O mode
Doing random read test
Initializing worker threads...

Threads started!


File operations:
    reads/s:                      1074296.67
    writes/s:                     0.00
    fsyncs/s:                     0.00

Throughput:
    read, MiB/s:                  33571.77
    written, MiB/s:               0.00

General statistics:
    total time:                          240.0002s
    total number of events:              257833307

Latency (ms):
         min:                                    0.00
         avg:                                    0.03
         max:                                   43.83
         95th percentile:                        0.20
         sum:                              8674791.82

Threads fairness:
    events (avg/stddev):           4028645.4219/29504.46
    execution time (avg/stddev):   135.5436/0.15

