sysbench 1.0.17 (using bundled LuaJIT 2.1.0-beta2)

Running the test with following options:
Number of threads: 1
Initializing random number generator from current time


Extra file open flags: (none)
64 files, 128MiB each
8GiB total file size
Block size 32KiB
Number of IO requests: 0
Read/Write ratio for combined random IO test: 1.50
Calling fsync() after each write operation.
Using synchronous I/O mode
Doing random read test
Initializing worker threads...

Threads started!


File operations:
    reads/s:                      158009.79
    writes/s:                     0.00
    fsyncs/s:                     0.00

Throughput:
    read, MiB/s:                  4937.81
    written, MiB/s:               0.00

General statistics:
    total time:                          240.0001s
    total number of events:              37922800

Latency (ms):
         min:                                    0.00
         avg:                                    0.01
         max:                                    8.27
         95th percentile:                        0.01
         sum:                               229535.79

Threads fairness:
    events (avg/stddev):           37922800.0000/0.00
    execution time (avg/stddev):   229.5358/0.00

sysbench 1.0.17 (using bundled LuaJIT 2.1.0-beta2)

Running the test with following options:
Number of threads: 4
Initializing random number generator from current time


Extra file open flags: (none)
64 files, 128MiB each
8GiB total file size
Block size 32KiB
Number of IO requests: 0
Read/Write ratio for combined random IO test: 1.50
Calling fsync() after each write operation.
Using synchronous I/O mode
Doing random read test
Initializing worker threads...

Threads started!


File operations:
    reads/s:                      546868.30
    writes/s:                     0.00
    fsyncs/s:                     0.00

Throughput:
    read, MiB/s:                  17089.63
    written, MiB/s:               0.00

General statistics:
    total time:                          240.0001s
    total number of events:              131249651

Latency (ms):
         min:                                    0.00
         avg:                                    0.01
         max:                                   10.85
         95th percentile:                        0.01
         sum:                               899316.97

Threads fairness:
    events (avg/stddev):           32812412.7500/28095.87
    execution time (avg/stddev):   224.8292/0.35

sysbench 1.0.17 (using bundled LuaJIT 2.1.0-beta2)

Running the test with following options:
Number of threads: 8
Initializing random number generator from current time


Extra file open flags: (none)
64 files, 128MiB each
8GiB total file size
Block size 32KiB
Number of IO requests: 0
Read/Write ratio for combined random IO test: 1.50
Calling fsync() after each write operation.
Using synchronous I/O mode
Doing random read test
Initializing worker threads...

Threads started!


File operations:
    reads/s:                      920738.44
    writes/s:                     0.00
    fsyncs/s:                     0.00

Throughput:
    read, MiB/s:                  28773.08
    written, MiB/s:               0.00

General statistics:
    total time:                          240.0001s
    total number of events:              220979439

Latency (ms):
         min:                                    0.00
         avg:                                    0.01
         max:                                   13.19
         95th percentile:                        0.01
         sum:                              1716247.74

Threads fairness:
    events (avg/stddev):           27622429.8750/77718.24
    execution time (avg/stddev):   214.5310/0.30

sysbench 1.0.17 (using bundled LuaJIT 2.1.0-beta2)

Running the test with following options:
Number of threads: 16
Initializing random number generator from current time


Extra file open flags: (none)
64 files, 128MiB each
8GiB total file size
Block size 32KiB
Number of IO requests: 0
Read/Write ratio for combined random IO test: 1.50
Calling fsync() after each write operation.
Using synchronous I/O mode
Doing random read test
Initializing worker threads...

Threads started!


File operations:
    reads/s:                      897608.44
    writes/s:                     0.00
    fsyncs/s:                     0.00

Throughput:
    read, MiB/s:                  28050.26
    written, MiB/s:               0.00

General statistics:
    total time:                          240.0002s
    total number of events:              215428239

Latency (ms):
         min:                                    0.00
         avg:                                    0.01
         max:                                   10.79
         95th percentile:                        0.03
         sum:                              3041044.57

Threads fairness:
    events (avg/stddev):           13464264.9375/28646.85
    execution time (avg/stddev):   190.0653/0.20

sysbench 1.0.17 (using bundled LuaJIT 2.1.0-beta2)

Running the test with following options:
Number of threads: 32
Initializing random number generator from current time


Extra file open flags: (none)
64 files, 128MiB each
8GiB total file size
Block size 32KiB
Number of IO requests: 0
Read/Write ratio for combined random IO test: 1.50
Calling fsync() after each write operation.
Using synchronous I/O mode
Doing random read test
Initializing worker threads...

Threads started!


File operations:
    reads/s:                      931178.09
    writes/s:                     0.00
    fsyncs/s:                     0.00

Throughput:
    read, MiB/s:                  29099.32
    written, MiB/s:               0.00

General statistics:
    total time:                          240.0003s
    total number of events:              223484987

Latency (ms):
         min:                                    0.00
         avg:                                    0.02
         max:                                   26.49
         95th percentile:                        0.05
         sum:                              5116245.76

Threads fairness:
    events (avg/stddev):           6983905.8438/16857.30
    execution time (avg/stddev):   159.8827/0.15

sysbench 1.0.17 (using bundled LuaJIT 2.1.0-beta2)

Running the test with following options:
Number of threads: 64
Initializing random number generator from current time


Extra file open flags: (none)
64 files, 128MiB each
8GiB total file size
Block size 32KiB
Number of IO requests: 0
Read/Write ratio for combined random IO test: 1.50
Calling fsync() after each write operation.
Using synchronous I/O mode
Doing random read test
Initializing worker threads...

Threads started!


File operations:
    reads/s:                      942562.11
    writes/s:                     0.00
    fsyncs/s:                     0.00

Throughput:
    read, MiB/s:                  29455.07
    written, MiB/s:               0.00

General statistics:
    total time:                          240.0006s
    total number of events:              226217412

Latency (ms):
         min:                                    0.00
         avg:                                    0.04
         max:                                  159.26
         95th percentile:                        0.08
         sum:                              9020586.48

Threads fairness:
    events (avg/stddev):           3534647.0625/8101.39
    execution time (avg/stddev):   140.9467/0.22

