sysbench 1.0.17 (using bundled LuaJIT 2.1.0-beta2)

Running the test with following options:
Number of threads: 1
Initializing random number generator from current time


Extra file open flags: (none)
64 files, 128MiB each
8GiB total file size
Block size 32KiB
Number of IO requests: 0
Read/Write ratio for combined random IO test: 1.50
Calling fsync() after each write operation.
Using synchronous I/O mode
Doing random read test
Initializing worker threads...

Threads started!


File operations:
    reads/s:                      191890.22
    writes/s:                     0.00
    fsyncs/s:                     0.00

Throughput:
    read, MiB/s:                  5996.57
    written, MiB/s:               0.00

General statistics:
    total time:                          240.0001s
    total number of events:              46053982

Latency (ms):
         min:                                    0.00
         avg:                                    0.00
         max:                                    0.16
         95th percentile:                        0.01
         sum:                               227990.96

Threads fairness:
    events (avg/stddev):           46053982.0000/0.00
    execution time (avg/stddev):   227.9910/0.00

sysbench 1.0.17 (using bundled LuaJIT 2.1.0-beta2)

Running the test with following options:
Number of threads: 4
Initializing random number generator from current time


Extra file open flags: (none)
64 files, 128MiB each
8GiB total file size
Block size 32KiB
Number of IO requests: 0
Read/Write ratio for combined random IO test: 1.50
Calling fsync() after each write operation.
Using synchronous I/O mode
Doing random read test
Initializing worker threads...

Threads started!


File operations:
    reads/s:                      654065.04
    writes/s:                     0.00
    fsyncs/s:                     0.00

Throughput:
    read, MiB/s:                  20439.53
    written, MiB/s:               0.00

General statistics:
    total time:                          240.0001s
    total number of events:              156976717

Latency (ms):
         min:                                    0.00
         avg:                                    0.01
         max:                                    3.79
         95th percentile:                        0.01
         sum:                               872753.73

Threads fairness:
    events (avg/stddev):           39244179.2500/503353.96
    execution time (avg/stddev):   218.1884/0.13

sysbench 1.0.17 (using bundled LuaJIT 2.1.0-beta2)

Running the test with following options:
Number of threads: 8
Initializing random number generator from current time


Extra file open flags: (none)
64 files, 128MiB each
8GiB total file size
Block size 32KiB
Number of IO requests: 0
Read/Write ratio for combined random IO test: 1.50
Calling fsync() after each write operation.
Using synchronous I/O mode
Doing random read test
Initializing worker threads...

Threads started!


File operations:
    reads/s:                      1053383.78
    writes/s:                     0.00
    fsyncs/s:                     0.00

Throughput:
    read, MiB/s:                  32918.24
    written, MiB/s:               0.00

General statistics:
    total time:                          240.0001s
    total number of events:              252813853

Latency (ms):
         min:                                    0.00
         avg:                                    0.01
         max:                                    4.80
         95th percentile:                        0.01
         sum:                              1639575.90

Threads fairness:
    events (avg/stddev):           31601731.6250/263805.38
    execution time (avg/stddev):   204.9470/0.15

sysbench 1.0.17 (using bundled LuaJIT 2.1.0-beta2)

Running the test with following options:
Number of threads: 16
Initializing random number generator from current time


Extra file open flags: (none)
64 files, 128MiB each
8GiB total file size
Block size 32KiB
Number of IO requests: 0
Read/Write ratio for combined random IO test: 1.50
Calling fsync() after each write operation.
Using synchronous I/O mode
Doing random read test
Initializing worker threads...

Threads started!


File operations:
    reads/s:                      1049970.17
    writes/s:                     0.00
    fsyncs/s:                     0.00

Throughput:
    read, MiB/s:                  32811.57
    written, MiB/s:               0.00

General statistics:
    total time:                          240.0002s
    total number of events:              251994625

Latency (ms):
         min:                                    0.00
         avg:                                    0.01
         max:                                    6.31
         95th percentile:                        0.02
         sum:                              2762594.38

Threads fairness:
    events (avg/stddev):           15749664.0625/34845.41
    execution time (avg/stddev):   172.6621/0.26

sysbench 1.0.17 (using bundled LuaJIT 2.1.0-beta2)

Running the test with following options:
Number of threads: 32
Initializing random number generator from current time


Extra file open flags: (none)
64 files, 128MiB each
8GiB total file size
Block size 32KiB
Number of IO requests: 0
Read/Write ratio for combined random IO test: 1.50
Calling fsync() after each write operation.
Using synchronous I/O mode
Doing random read test
Initializing worker threads...

Threads started!


File operations:
    reads/s:                      1045219.64
    writes/s:                     0.00
    fsyncs/s:                     0.00

Throughput:
    read, MiB/s:                  32663.11
    written, MiB/s:               0.00

General statistics:
    total time:                          240.0002s
    total number of events:              250854543

Latency (ms):
         min:                                    0.00
         avg:                                    0.02
         max:                                    7.65
         95th percentile:                        0.07
         sum:                              4796755.89

Threads fairness:
    events (avg/stddev):           7839204.4688/12291.96
    execution time (avg/stddev):   149.8986/0.17

sysbench 1.0.17 (using bundled LuaJIT 2.1.0-beta2)

Running the test with following options:
Number of threads: 64
Initializing random number generator from current time


Extra file open flags: (none)
64 files, 128MiB each
8GiB total file size
Block size 32KiB
Number of IO requests: 0
Read/Write ratio for combined random IO test: 1.50
Calling fsync() after each write operation.
Using synchronous I/O mode
Doing random read test
Initializing worker threads...

Threads started!


File operations:
    reads/s:                      1044484.95
    writes/s:                     0.00
    fsyncs/s:                     0.00

Throughput:
    read, MiB/s:                  32640.15
    written, MiB/s:               0.00

General statistics:
    total time:                          240.0004s
    total number of events:              250678419

Latency (ms):
         min:                                    0.00
         avg:                                    0.03
         max:                                   33.55
         95th percentile:                        0.19
         sum:                              8743481.16

Threads fairness:
    events (avg/stddev):           3916850.2969/10495.18
    execution time (avg/stddev):   136.6169/0.16

