sysbench 1.0.17 (using bundled LuaJIT 2.1.0-beta2)

Running the test with following options:
Number of threads: 1
Initializing random number generator from current time


Extra file open flags: (none)
64 files, 128MiB each
8GiB total file size
Block size 32KiB
Number of IO requests: 0
Read/Write ratio for combined random IO test: 1.50
Calling fsync() after each write operation.
Using synchronous I/O mode
Doing random read test
Initializing worker threads...

Threads started!


File operations:
    reads/s:                      119344.31
    writes/s:                     0.00
    fsyncs/s:                     0.00

Throughput:
    read, MiB/s:                  3729.51
    written, MiB/s:               0.00

General statistics:
    total time:                          240.0003s
    total number of events:              28643030

Latency (ms):
         min:                                    0.00
         avg:                                    0.01
         max:                                   12.97
         95th percentile:                        0.01
         sum:                               227697.16

Threads fairness:
    events (avg/stddev):           28643030.0000/0.00
    execution time (avg/stddev):   227.6972/0.00

sysbench 1.0.17 (using bundled LuaJIT 2.1.0-beta2)

Running the test with following options:
Number of threads: 4
Initializing random number generator from current time


Extra file open flags: (none)
64 files, 128MiB each
8GiB total file size
Block size 32KiB
Number of IO requests: 0
Read/Write ratio for combined random IO test: 1.50
Calling fsync() after each write operation.
Using synchronous I/O mode
Doing random read test
Initializing worker threads...

Threads started!


File operations:
    reads/s:                      374325.72
    writes/s:                     0.00
    fsyncs/s:                     0.00

Throughput:
    read, MiB/s:                  11697.68
    written, MiB/s:               0.00

General statistics:
    total time:                          240.0003s
    total number of events:              89839463

Latency (ms):
         min:                                    0.00
         avg:                                    0.01
         max:                                   14.14
         95th percentile:                        0.01
         sum:                               850171.98

Threads fairness:
    events (avg/stddev):           22459865.7500/1634131.21
    execution time (avg/stddev):   212.5430/0.76

sysbench 1.0.17 (using bundled LuaJIT 2.1.0-beta2)

Running the test with following options:
Number of threads: 8
Initializing random number generator from current time


Extra file open flags: (none)
64 files, 128MiB each
8GiB total file size
Block size 32KiB
Number of IO requests: 0
Read/Write ratio for combined random IO test: 1.50
Calling fsync() after each write operation.
Using synchronous I/O mode
Doing random read test
Initializing worker threads...

Threads started!


File operations:
    reads/s:                      503501.62
    writes/s:                     0.00
    fsyncs/s:                     0.00

Throughput:
    read, MiB/s:                  15734.43
    written, MiB/s:               0.00

General statistics:
    total time:                          240.0003s
    total number of events:              120842244

Latency (ms):
         min:                                    0.00
         avg:                                    0.01
         max:                                   18.97
         95th percentile:                        0.03
         sum:                              1516280.73

Threads fairness:
    events (avg/stddev):           15105280.5000/1125781.41
    execution time (avg/stddev):   189.5351/0.55

sysbench 1.0.17 (using bundled LuaJIT 2.1.0-beta2)

Running the test with following options:
Number of threads: 16
Initializing random number generator from current time


Extra file open flags: (none)
64 files, 128MiB each
8GiB total file size
Block size 32KiB
Number of IO requests: 0
Read/Write ratio for combined random IO test: 1.50
Calling fsync() after each write operation.
Using synchronous I/O mode
Doing random read test
Initializing worker threads...

Threads started!


File operations:
    reads/s:                      521746.78
    writes/s:                     0.00
    fsyncs/s:                     0.00

Throughput:
    read, MiB/s:                  16304.59
    written, MiB/s:               0.00

General statistics:
    total time:                          240.0005s
    total number of events:              125221198

Latency (ms):
         min:                                    0.00
         avg:                                    0.02
         max:                                   19.29
         95th percentile:                        0.04
         sum:                              2557414.15

Threads fairness:
    events (avg/stddev):           7826324.8750/70478.50
    execution time (avg/stddev):   159.8384/0.44

sysbench 1.0.17 (using bundled LuaJIT 2.1.0-beta2)

Running the test with following options:
Number of threads: 32
Initializing random number generator from current time


Extra file open flags: (none)
64 files, 128MiB each
8GiB total file size
Block size 32KiB
Number of IO requests: 0
Read/Write ratio for combined random IO test: 1.50
Calling fsync() after each write operation.
Using synchronous I/O mode
Doing random read test
Initializing worker threads...

Threads started!


File operations:
    reads/s:                      523271.94
    writes/s:                     0.00
    fsyncs/s:                     0.00

Throughput:
    read, MiB/s:                  16352.25
    written, MiB/s:               0.00

General statistics:
    total time:                          240.0005s
    total number of events:              125587065

Latency (ms):
         min:                                    0.00
         avg:                                    0.04
         max:                                   27.85
         95th percentile:                        0.14
         sum:                              4557543.49

Threads fairness:
    events (avg/stddev):           3924595.7812/17177.06
    execution time (avg/stddev):   142.4232/0.27

sysbench 1.0.17 (using bundled LuaJIT 2.1.0-beta2)

Running the test with following options:
Number of threads: 64
Initializing random number generator from current time


Extra file open flags: (none)
64 files, 128MiB each
8GiB total file size
Block size 32KiB
Number of IO requests: 0
Read/Write ratio for combined random IO test: 1.50
Calling fsync() after each write operation.
Using synchronous I/O mode
Doing random read test
Initializing worker threads...

Threads started!


File operations:
    reads/s:                      522396.76
    writes/s:                     0.00
    fsyncs/s:                     0.00

Throughput:
    read, MiB/s:                  16324.90
    written, MiB/s:               0.00

General statistics:
    total time:                          240.0041s
    total number of events:              125378794

Latency (ms):
         min:                                    0.00
         avg:                                    0.07
         max:                                   63.73
         95th percentile:                        0.34
         sum:                              8596823.55

Threads fairness:
    events (avg/stddev):           1959043.6562/15842.87
    execution time (avg/stddev):   134.3254/0.45

