sysbench 1.0.17 (using bundled LuaJIT 2.1.0-beta2)

Running the test with following options:
Number of threads: 1
Initializing random number generator from current time


Extra file open flags: (none)
64 files, 128MiB each
8GiB total file size
Block size 32KiB
Number of IO requests: 0
Read/Write ratio for combined random IO test: 1.50
Calling fsync() after each write operation.
Using synchronous I/O mode
Doing random write test
Initializing worker threads...

Threads started!


File operations:
    reads/s:                      0.00
    writes/s:                     1114.61
    fsyncs/s:                     1114.61

Throughput:
    read, MiB/s:                  0.00
    written, MiB/s:               34.83

General statistics:
    total time:                          240.0014s
    total number of events:              267512

Latency (ms):
         min:                                    0.22
         avg:                                    0.90
         max:                                  188.15
         95th percentile:                        1.21
         sum:                               239519.97

Threads fairness:
    events (avg/stddev):           267512.0000/0.00
    execution time (avg/stddev):   239.5200/0.00

sysbench 1.0.17 (using bundled LuaJIT 2.1.0-beta2)

Running the test with following options:
Number of threads: 4
Initializing random number generator from current time


Extra file open flags: (none)
64 files, 128MiB each
8GiB total file size
Block size 32KiB
Number of IO requests: 0
Read/Write ratio for combined random IO test: 1.50
Calling fsync() after each write operation.
Using synchronous I/O mode
Doing random write test
Initializing worker threads...

Threads started!


File operations:
    reads/s:                      0.00
    writes/s:                     4421.39
    fsyncs/s:                     4421.39

Throughput:
    read, MiB/s:                  0.00
    written, MiB/s:               138.17

General statistics:
    total time:                          240.0002s
    total number of events:              1061148

Latency (ms):
         min:                                    0.20
         avg:                                    0.90
         max:                                  123.81
         95th percentile:                        1.25
         sum:                               957387.85

Threads fairness:
    events (avg/stddev):           265287.0000/159.65
    execution time (avg/stddev):   239.3470/0.01

sysbench 1.0.17 (using bundled LuaJIT 2.1.0-beta2)

Running the test with following options:
Number of threads: 8
Initializing random number generator from current time


Extra file open flags: (none)
64 files, 128MiB each
8GiB total file size
Block size 32KiB
Number of IO requests: 0
Read/Write ratio for combined random IO test: 1.50
Calling fsync() after each write operation.
Using synchronous I/O mode
Doing random write test
Initializing worker threads...

Threads started!


File operations:
    reads/s:                      0.00
    writes/s:                     8898.64
    fsyncs/s:                     8898.64

Throughput:
    read, MiB/s:                  0.00
    written, MiB/s:               278.08

General statistics:
    total time:                          240.0008s
    total number of events:              2135707

Latency (ms):
         min:                                    0.19
         avg:                                    0.90
         max:                                   37.72
         95th percentile:                        1.39
         sum:                              1913378.08

Threads fairness:
    events (avg/stddev):           266963.3750/358.99
    execution time (avg/stddev):   239.1723/0.02

sysbench 1.0.17 (using bundled LuaJIT 2.1.0-beta2)

Running the test with following options:
Number of threads: 16
Initializing random number generator from current time


Extra file open flags: (none)
64 files, 128MiB each
8GiB total file size
Block size 32KiB
Number of IO requests: 0
Read/Write ratio for combined random IO test: 1.50
Calling fsync() after each write operation.
Using synchronous I/O mode
Doing random write test
Initializing worker threads...

Threads started!


File operations:
    reads/s:                      0.00
    writes/s:                     14377.12
    fsyncs/s:                     14377.12

Throughput:
    read, MiB/s:                  0.00
    written, MiB/s:               449.28

General statistics:
    total time:                          240.0029s
    total number of events:              3450594

Latency (ms):
         min:                                    0.20
         avg:                                    1.11
         max:                                  222.36
         95th percentile:                        1.82
         sum:                              3825079.52

Threads fairness:
    events (avg/stddev):           215662.1250/699.31
    execution time (avg/stddev):   239.0675/0.02

sysbench 1.0.17 (using bundled LuaJIT 2.1.0-beta2)

Running the test with following options:
Number of threads: 32
Initializing random number generator from current time


Extra file open flags: (none)
64 files, 128MiB each
8GiB total file size
Block size 32KiB
Number of IO requests: 0
Read/Write ratio for combined random IO test: 1.50
Calling fsync() after each write operation.
Using synchronous I/O mode
Doing random write test
Initializing worker threads...

Threads started!


File operations:
    reads/s:                      0.00
    writes/s:                     15503.06
    fsyncs/s:                     15503.06

Throughput:
    read, MiB/s:                  0.00
    written, MiB/s:               484.47

General statistics:
    total time:                          240.0039s
    total number of events:              3720836

Latency (ms):
         min:                                    0.21
         avg:                                    2.06
         max:                                  287.08
         95th percentile:                        5.57
         sum:                              7660405.70

Threads fairness:
    events (avg/stddev):           116276.1250/243.12
    execution time (avg/stddev):   239.3877/0.01

sysbench 1.0.17 (using bundled LuaJIT 2.1.0-beta2)

Running the test with following options:
Number of threads: 64
Initializing random number generator from current time


Extra file open flags: (none)
64 files, 128MiB each
8GiB total file size
Block size 32KiB
Number of IO requests: 0
Read/Write ratio for combined random IO test: 1.50
Calling fsync() after each write operation.
Using synchronous I/O mode
Doing random write test
Initializing worker threads...

Threads started!


File operations:
    reads/s:                      0.00
    writes/s:                     15618.22
    fsyncs/s:                     15618.22

Throughput:
    read, MiB/s:                  0.00
    written, MiB/s:               488.07

General statistics:
    total time:                          240.0020s
    total number of events:              3748447

Latency (ms):
         min:                                    0.21
         avg:                                    4.09
         max:                                  355.90
         95th percentile:                       18.95
         sum:                             15335196.71

Threads fairness:
    events (avg/stddev):           58569.4844/151.72
    execution time (avg/stddev):   239.6124/0.02

