sysbench 1.0.17 (using bundled LuaJIT 2.1.0-beta2)

Running the test with following options:
Number of threads: 1
Initializing random number generator from current time


Extra file open flags: (none)
64 files, 128MiB each
8GiB total file size
Block size 32KiB
Number of IO requests: 0
Read/Write ratio for combined random IO test: 1.50
Calling fsync() after each write operation.
Using synchronous I/O mode
Doing random read test
Initializing worker threads...

Threads started!


File operations:
    reads/s:                      201589.21
    writes/s:                     0.00
    fsyncs/s:                     0.00

Throughput:
    read, MiB/s:                  6299.66
    written, MiB/s:               0.00

General statistics:
    total time:                          240.0001s
    total number of events:              48381752

Latency (ms):
         min:                                    0.00
         avg:                                    0.00
         max:                                    0.05
         95th percentile:                        0.01
         sum:                               227956.55

Threads fairness:
    events (avg/stddev):           48381752.0000/0.00
    execution time (avg/stddev):   227.9566/0.00

sysbench 1.0.17 (using bundled LuaJIT 2.1.0-beta2)

Running the test with following options:
Number of threads: 4
Initializing random number generator from current time


Extra file open flags: (none)
64 files, 128MiB each
8GiB total file size
Block size 32KiB
Number of IO requests: 0
Read/Write ratio for combined random IO test: 1.50
Calling fsync() after each write operation.
Using synchronous I/O mode
Doing random read test
Initializing worker threads...

Threads started!


File operations:
    reads/s:                      696943.12
    writes/s:                     0.00
    fsyncs/s:                     0.00

Throughput:
    read, MiB/s:                  21779.47
    written, MiB/s:               0.00

General statistics:
    total time:                          240.0000s
    total number of events:              167267493

Latency (ms):
         min:                                    0.00
         avg:                                    0.01
         max:                                    0.20
         95th percentile:                        0.01
         sum:                               868955.47

Threads fairness:
    events (avg/stddev):           41816873.2500/151400.56
    execution time (avg/stddev):   217.2389/0.09

sysbench 1.0.17 (using bundled LuaJIT 2.1.0-beta2)

Running the test with following options:
Number of threads: 8
Initializing random number generator from current time


Extra file open flags: (none)
64 files, 128MiB each
8GiB total file size
Block size 32KiB
Number of IO requests: 0
Read/Write ratio for combined random IO test: 1.50
Calling fsync() after each write operation.
Using synchronous I/O mode
Doing random read test
Initializing worker threads...

Threads started!


File operations:
    reads/s:                      1088892.66
    writes/s:                     0.00
    fsyncs/s:                     0.00

Throughput:
    read, MiB/s:                  34027.90
    written, MiB/s:               0.00

General statistics:
    total time:                          240.0001s
    total number of events:              261336021

Latency (ms):
         min:                                    0.00
         avg:                                    0.01
         max:                                    0.21
         95th percentile:                        0.01
         sum:                              1608627.02

Threads fairness:
    events (avg/stddev):           32667002.6250/1518077.35
    execution time (avg/stddev):   201.0784/0.75

sysbench 1.0.17 (using bundled LuaJIT 2.1.0-beta2)

Running the test with following options:
Number of threads: 16
Initializing random number generator from current time


Extra file open flags: (none)
64 files, 128MiB each
8GiB total file size
Block size 32KiB
Number of IO requests: 0
Read/Write ratio for combined random IO test: 1.50
Calling fsync() after each write operation.
Using synchronous I/O mode
Doing random read test
Initializing worker threads...

Threads started!


File operations:
    reads/s:                      1096073.77
    writes/s:                     0.00
    fsyncs/s:                     0.00

Throughput:
    read, MiB/s:                  34252.31
    written, MiB/s:               0.00

General statistics:
    total time:                          240.0001s
    total number of events:              263059711

Latency (ms):
         min:                                    0.00
         avg:                                    0.01
         max:                                   10.55
         95th percentile:                        0.02
         sum:                              2713079.17

Threads fairness:
    events (avg/stddev):           16441231.9375/38589.98
    execution time (avg/stddev):   169.5674/0.19

sysbench 1.0.17 (using bundled LuaJIT 2.1.0-beta2)

Running the test with following options:
Number of threads: 32
Initializing random number generator from current time


Extra file open flags: (none)
64 files, 128MiB each
8GiB total file size
Block size 32KiB
Number of IO requests: 0
Read/Write ratio for combined random IO test: 1.50
Calling fsync() after each write operation.
Using synchronous I/O mode
Doing random read test
Initializing worker threads...

Threads started!


File operations:
    reads/s:                      1052830.89
    writes/s:                     0.00
    fsyncs/s:                     0.00

Throughput:
    read, MiB/s:                  32900.97
    written, MiB/s:               0.00

General statistics:
    total time:                          240.0001s
    total number of events:              252681168

Latency (ms):
         min:                                    0.00
         avg:                                    0.02
         max:                                   10.37
         95th percentile:                        0.07
         sum:                              4677827.53

Threads fairness:
    events (avg/stddev):           7896286.5000/8330.92
    execution time (avg/stddev):   146.1821/0.09

sysbench 1.0.17 (using bundled LuaJIT 2.1.0-beta2)

Running the test with following options:
Number of threads: 64
Initializing random number generator from current time


Extra file open flags: (none)
64 files, 128MiB each
8GiB total file size
Block size 32KiB
Number of IO requests: 0
Read/Write ratio for combined random IO test: 1.50
Calling fsync() after each write operation.
Using synchronous I/O mode
Doing random read test
Initializing worker threads...

Threads started!


File operations:
    reads/s:                      1080474.11
    writes/s:                     0.00
    fsyncs/s:                     0.00

Throughput:
    read, MiB/s:                  33764.82
    written, MiB/s:               0.00

General statistics:
    total time:                          240.0002s
    total number of events:              259315692

Latency (ms):
         min:                                    0.00
         avg:                                    0.03
         max:                                   42.19
         95th percentile:                        0.20
         sum:                              8702307.38

Threads fairness:
    events (avg/stddev):           4051807.6875/23739.01
    execution time (avg/stddev):   135.9736/0.15

