sysbench 1.0.17 (using bundled LuaJIT 2.1.0-beta2)

Running the test with following options:
Number of threads: 1
Initializing random number generator from current time


Extra file open flags: (none)
64 files, 128MiB each
8GiB total file size
Block size 32KiB
Number of IO requests: 0
Read/Write ratio for combined random IO test: 1.50
Calling fsync() after each write operation.
Using synchronous I/O mode
Doing random write test
Initializing worker threads...

Threads started!


File operations:
    reads/s:                      0.00
    writes/s:                     8330.63
    fsyncs/s:                     8330.63

Throughput:
    read, MiB/s:                  0.00
    written, MiB/s:               260.33

General statistics:
    total time:                          240.0001s
    total number of events:              1999367

Latency (ms):
         min:                                    0.05
         avg:                                    0.12
         max:                                    7.87
         95th percentile:                        0.14
         sum:                               239312.41

Threads fairness:
    events (avg/stddev):           1999367.0000/0.00
    execution time (avg/stddev):   239.3124/0.00

sysbench 1.0.17 (using bundled LuaJIT 2.1.0-beta2)

Running the test with following options:
Number of threads: 4
Initializing random number generator from current time


Extra file open flags: (none)
64 files, 128MiB each
8GiB total file size
Block size 32KiB
Number of IO requests: 0
Read/Write ratio for combined random IO test: 1.50
Calling fsync() after each write operation.
Using synchronous I/O mode
Doing random write test
Initializing worker threads...

Threads started!


File operations:
    reads/s:                      0.00
    writes/s:                     14234.33
    fsyncs/s:                     14234.33

Throughput:
    read, MiB/s:                  0.00
    written, MiB/s:               444.82

General statistics:
    total time:                          240.0001s
    total number of events:              3416264

Latency (ms):
         min:                                    0.05
         avg:                                    0.28
         max:                                    7.67
         95th percentile:                        0.57
         sum:                               958408.39

Threads fairness:
    events (avg/stddev):           854066.0000/185.00
    execution time (avg/stddev):   239.6021/0.00

sysbench 1.0.17 (using bundled LuaJIT 2.1.0-beta2)

Running the test with following options:
Number of threads: 8
Initializing random number generator from current time


Extra file open flags: (none)
64 files, 128MiB each
8GiB total file size
Block size 32KiB
Number of IO requests: 0
Read/Write ratio for combined random IO test: 1.50
Calling fsync() after each write operation.
Using synchronous I/O mode
Doing random write test
Initializing worker threads...

Threads started!


File operations:
    reads/s:                      0.00
    writes/s:                     14582.07
    fsyncs/s:                     14582.07

Throughput:
    read, MiB/s:                  0.00
    written, MiB/s:               455.69

General statistics:
    total time:                          240.0003s
    total number of events:              3499723

Latency (ms):
         min:                                    0.05
         avg:                                    0.55
         max:                                    8.12
         95th percentile:                        1.08
         sum:                              1917496.29

Threads fairness:
    events (avg/stddev):           437465.3750/402.73
    execution time (avg/stddev):   239.6870/0.00

sysbench 1.0.17 (using bundled LuaJIT 2.1.0-beta2)

Running the test with following options:
Number of threads: 16
Initializing random number generator from current time


Extra file open flags: (none)
64 files, 128MiB each
8GiB total file size
Block size 32KiB
Number of IO requests: 0
Read/Write ratio for combined random IO test: 1.50
Calling fsync() after each write operation.
Using synchronous I/O mode
Doing random write test
Initializing worker threads...

Threads started!


File operations:
    reads/s:                      0.00
    writes/s:                     14945.45
    fsyncs/s:                     14945.45

Throughput:
    read, MiB/s:                  0.00
    written, MiB/s:               467.05

General statistics:
    total time:                          240.0016s
    total number of events:              3586955

Latency (ms):
         min:                                    0.05
         avg:                                    1.07
         max:                                    9.27
         95th percentile:                        2.03
         sum:                              3836407.64

Threads fairness:
    events (avg/stddev):           224184.6875/212.53
    execution time (avg/stddev):   239.7755/0.00

sysbench 1.0.17 (using bundled LuaJIT 2.1.0-beta2)

Running the test with following options:
Number of threads: 32
Initializing random number generator from current time


Extra file open flags: (none)
64 files, 128MiB each
8GiB total file size
Block size 32KiB
Number of IO requests: 0
Read/Write ratio for combined random IO test: 1.50
Calling fsync() after each write operation.
Using synchronous I/O mode
Doing random write test
Initializing worker threads...

Threads started!


File operations:
    reads/s:                      0.00
    writes/s:                     15342.04
    fsyncs/s:                     15342.04

Throughput:
    read, MiB/s:                  0.00
    written, MiB/s:               479.44

General statistics:
    total time:                          240.0014s
    total number of events:              3682133

Latency (ms):
         min:                                    0.05
         avg:                                    2.08
         max:                                   13.47
         95th percentile:                        3.82
         sum:                              7674523.96

Threads fairness:
    events (avg/stddev):           115066.6562/218.51
    execution time (avg/stddev):   239.8289/0.00

sysbench 1.0.17 (using bundled LuaJIT 2.1.0-beta2)

Running the test with following options:
Number of threads: 64
Initializing random number generator from current time


Extra file open flags: (none)
64 files, 128MiB each
8GiB total file size
Block size 32KiB
Number of IO requests: 0
Read/Write ratio for combined random IO test: 1.50
Calling fsync() after each write operation.
Using synchronous I/O mode
Doing random write test
Initializing worker threads...

Threads started!


File operations:
    reads/s:                      0.00
    writes/s:                     15642.37
    fsyncs/s:                     15642.37

Throughput:
    read, MiB/s:                  0.00
    written, MiB/s:               488.82

General statistics:
    total time:                          240.0008s
    total number of events:              3754202

Latency (ms):
         min:                                    0.05
         avg:                                    4.09
         max:                                   21.78
         95th percentile:                        7.04
         sum:                             15349293.28

Threads fairness:
    events (avg/stddev):           58659.4062/96.03
    execution time (avg/stddev):   239.8327/0.00

